<?xml version="1.0" encoding="UTF-8"?>
<testsuite xmlns:xsi="http://www.w3.org/2001/XMLSchema-instance" xsi:noNamespaceSchemaLocation="https://maven.apache.org/surefire/maven-surefire-plugin/xsd/surefire-test-report-3.0.xsd" version="3.0" name="com.example.hexagonalapp.HexagonalArchitectureTest" time="0.415" tests="11" errors="0" skipped="0" failures="0">
  <properties>
    <property name="java.specification.version" value="25"/>
    <property name="sun.jnu.encoding" value="UTF-8"/>
    <property name="java.class.path" value="/Users/elturcofarid/Desarrollo/Servicio Base/target/test-classes:/Users/elturcofarid/Desarrollo/Servicio Base/target/classes:/Users/elturcofarid/.m2/repository/org/springframework/boot/spring-boot-starter-web/3.2.0/spring-boot-starter-web-3.2.0.jar:/Users/elturcofarid/.m2/repository/org/springframework/boot/spring-boot-starter/3.2.0/spring-boot-starter-3.2.0.jar:/Users/elturcofarid/.m2/repository/org/springframework/boot/spring-boot/3.2.0/spring-boot-3.2.0.jar:/Users/elturcofarid/.m2/repository/org/springframework/boot/spring-boot-autoconfigure/3.2.0/spring-boot-autoconfigure-3.2.0.jar:/Users/elturcofarid/.m2/repository/org/springframework/boot/spring-boot-starter-logging/3.2.0/spring-boot-starter-logging-3.2.0.jar:/Users/elturcofarid/.m2/repository/ch/qos/logback/logback-classic/1.4.11/logback-classic-1.4.11.jar:/Users/elturcofarid/.m2/repository/ch/qos/logback/logback-core/1.4.11/logback-core-1.4.11.jar:/Users/elturcofarid/.m2/repository/org/apache/logging/log4j/log4j-to-slf4j/2.21.1/log4j-to-slf4j-2.21.1.jar:/Users/elturcofarid/.m2/repository/org/apache/logging/log4j/log4j-api/2.21.1/log4j-api-2.21.1.jar:/Users/elturcofarid/.m2/repository/org/slf4j/jul-to-slf4j/2.0.9/jul-to-slf4j-2.0.9.jar:/Users/elturcofarid/.m2/repository/jakarta/annotation/jakarta.annotation-api/2.1.1/jakarta.annotation-api-2.1.1.jar:/Users/elturcofarid/.m2/repository/org/yaml/snakeyaml/2.2/snakeyaml-2.2.jar:/Users/elturcofarid/.m2/repository/org/springframework/boot/spring-boot-starter-json/3.2.0/spring-boot-starter-json-3.2.0.jar:/Users/elturcofarid/.m2/repository/com/fasterxml/jackson/core/jackson-databind/2.15.3/jackson-databind-2.15.3.jar:/Users/elturcofarid/.m2/repository/com/fasterxml/jackson/core/jackson-annotations/2.15.3/jackson-annotations-2.15.3.jar:/Users/elturcofarid/.m2/repository/com/fasterxml/jackson/core/jackson-core/2.15.3/jackson-core-2.15.3.jar:/Users/elturcofarid/.m2/repository/com/fasterxml/jackson/datatype/jackson-datatype-jdk8/2.15.3/jackson-datatype-jdk8-2.15.3.jar:/Users/elturcofarid/.m2/repository/com/fasterxml/jackson/datatype/jackson-datatype-jsr310/2.15.3/jackson-datatype-jsr310-2.15.3.jar:/Users/elturcofarid/.m2/repository/com/fasterxml/jackson/module/jackson-module-parameter-names/2.15.3/jackson-module-parameter-names-2.15.3.jar:/Users/elturcofarid/.m2/repository/org/springframework/boot/spring-boot-starter-tomcat/3.2.0/spring-boot-starter-tomcat-3.2.0.jar:/Users/elturcofarid/.m2/repository/org/apache/tomcat/embed/tomcat-embed-core/10.1.16/tomcat-embed-core-10.1.16.jar:/Users/elturcofarid/.m2/repository/org/apache/tomcat/embed/tomcat-embed-websocket/10.1.16/tomcat-embed-websocket-10.1.16.jar:/Users/elturcofarid/.m2/repository/org/springframework/spring-web/6.1.1/spring-web-6.1.1.jar:/Users/elturcofarid/.m2/repository/org/springframework/spring-beans/6.1.1/spring-beans-6.1.1.jar:/Users/elturcofarid/.m2/repository/io/micrometer/micrometer-observation/1.12.0/micrometer-observation-1.12.0.jar:/Users/elturcofarid/.m2/repository/io/micrometer/micrometer-commons/1.12.0/micrometer-commons-1.12.0.jar:/Users/elturcofarid/.m2/repository/org/springframework/spring-webmvc/6.1.1/spring-webmvc-6.1.1.jar:/Users/elturcofarid/.m2/repository/org/springframework/spring-aop/6.1.1/spring-aop-6.1.1.jar:/Users/elturcofarid/.m2/repository/org/springframework/spring-context/6.1.1/spring-context-6.1.1.jar:/Users/elturcofarid/.m2/repository/org/springframework/spring-expression/6.1.1/spring-expression-6.1.1.jar:/Users/elturcofarid/.m2/repository/org/springframework/boot/spring-boot-starter-data-jpa/3.2.0/spring-boot-starter-data-jpa-3.2.0.jar:/Users/elturcofarid/.m2/repository/org/springframework/boot/spring-boot-starter-aop/3.2.0/spring-boot-starter-aop-3.2.0.jar:/Users/elturcofarid/.m2/repository/org/aspectj/aspectjweaver/1.9.20.1/aspectjweaver-1.9.20.1.jar:/Users/elturcofarid/.m2/repository/org/springframework/boot/spring-boot-starter-jdbc/3.2.0/spring-boot-starter-jdbc-3.2.0.jar:/Users/elturcofarid/.m2/repository/com/zaxxer/HikariCP/5.0.1/HikariCP-5.0.1.jar:/Users/elturcofarid/.m2/repository/org/springframework/spring-jdbc/6.1.1/spring-jdbc-6.1.1.jar:/Users/elturcofarid/.m2/repository/org/hibernate/orm/hibernate-core/6.3.1.Final/hibernate-core-6.3.1.Final.jar:/Users/elturcofarid/.m2/repository/jakarta/persistence/jakarta.persistence-api/3.1.0/jakarta.persistence-api-3.1.0.jar:/Users/elturcofarid/.m2/repository/jakarta/transaction/jakarta.transaction-api/2.0.1/jakarta.transaction-api-2.0.1.jar:/Users/elturcofarid/.m2/repository/org/jboss/logging/jboss-logging/3.5.3.Final/jboss-logging-3.5.3.Final.jar:/Users/elturcofarid/.m2/repository/org/hibernate/common/hibernate-commons-annotations/6.0.6.Final/hibernate-commons-annotations-6.0.6.Final.jar:/Users/elturcofarid/.m2/repository/io/smallrye/jandex/3.1.2/jandex-3.1.2.jar:/Users/elturcofarid/.m2/repository/com/fasterxml/classmate/1.6.0/classmate-1.6.0.jar:/Users/elturcofarid/.m2/repository/org/glassfish/jaxb/jaxb-runtime/4.0.4/jaxb-runtime-4.0.4.jar:/Users/elturcofarid/.m2/repository/org/glassfish/jaxb/jaxb-core/4.0.4/jaxb-core-4.0.4.jar:/Users/elturcofarid/.m2/repository/org/eclipse/angus/angus-activation/2.0.1/angus-activation-2.0.1.jar:/Users/elturcofarid/.m2/repository/org/glassfish/jaxb/txw2/4.0.4/txw2-4.0.4.jar:/Users/elturcofarid/.m2/repository/com/sun/istack/istack-commons-runtime/4.1.2/istack-commons-runtime-4.1.2.jar:/Users/elturcofarid/.m2/repository/jakarta/inject/jakarta.inject-api/2.0.1/jakarta.inject-api-2.0.1.jar:/Users/elturcofarid/.m2/repository/org/antlr/antlr4-runtime/4.10.1/antlr4-runtime-4.10.1.jar:/Users/elturcofarid/.m2/repository/org/springframework/data/spring-data-jpa/3.2.0/spring-data-jpa-3.2.0.jar:/Users/elturcofarid/.m2/repository/org/springframework/data/spring-data-commons/3.2.0/spring-data-commons-3.2.0.jar:/Users/elturcofarid/.m2/repository/org/springframework/spring-orm/6.1.1/spring-orm-6.1.1.jar:/Users/elturcofarid/.m2/repository/org/springframework/spring-tx/6.1.1/spring-tx-6.1.1.jar:/Users/elturcofarid/.m2/repository/org/slf4j/slf4j-api/2.0.9/slf4j-api-2.0.9.jar:/Users/elturcofarid/.m2/repository/org/springframework/spring-aspects/6.1.1/spring-aspects-6.1.1.jar:/Users/elturcofarid/.m2/repository/org/springframework/boot/spring-boot-starter-validation/3.2.0/spring-boot-starter-validation-3.2.0.jar:/Users/elturcofarid/.m2/repository/org/apache/tomcat/embed/tomcat-embed-el/10.1.16/tomcat-embed-el-10.1.16.jar:/Users/elturcofarid/.m2/repository/org/hibernate/validator/hibernate-validator/8.0.1.Final/hibernate-validator-8.0.1.Final.jar:/Users/elturcofarid/.m2/repository/jakarta/validation/jakarta.validation-api/3.0.2/jakarta.validation-api-3.0.2.jar:/Users/elturcofarid/.m2/repository/org/springdoc/springdoc-openapi-starter-webmvc-ui/2.2.0/springdoc-openapi-starter-webmvc-ui-2.2.0.jar:/Users/elturcofarid/.m2/repository/org/springdoc/springdoc-openapi-starter-webmvc-api/2.2.0/springdoc-openapi-starter-webmvc-api-2.2.0.jar:/Users/elturcofarid/.m2/repository/org/springdoc/springdoc-openapi-starter-common/2.2.0/springdoc-openapi-starter-common-2.2.0.jar:/Users/elturcofarid/.m2/repository/io/swagger/core/v3/swagger-core-jakarta/2.2.15/swagger-core-jakarta-2.2.15.jar:/Users/elturcofarid/.m2/repository/org/apache/commons/commons-lang3/3.13.0/commons-lang3-3.13.0.jar:/Users/elturcofarid/.m2/repository/io/swagger/core/v3/swagger-annotations-jakarta/2.2.15/swagger-annotations-jakarta-2.2.15.jar:/Users/elturcofarid/.m2/repository/io/swagger/core/v3/swagger-models-jakarta/2.2.15/swagger-models-jakarta-2.2.15.jar:/Users/elturcofarid/.m2/repository/com/fasterxml/jackson/dataformat/jackson-dataformat-yaml/2.15.3/jackson-dataformat-yaml-2.15.3.jar:/Users/elturcofarid/.m2/repository/org/webjars/swagger-ui/5.2.0/swagger-ui-5.2.0.jar:/Users/elturcofarid/.m2/repository/com/h2database/h2/2.2.224/h2-2.2.224.jar:/Users/elturcofarid/.m2/repository/org/springframework/boot/spring-boot-starter-test/3.2.0/spring-boot-starter-test-3.2.0.jar:/Users/elturcofarid/.m2/repository/org/springframework/boot/spring-boot-test/3.2.0/spring-boot-test-3.2.0.jar:/Users/elturcofarid/.m2/repository/org/springframework/boot/spring-boot-test-autoconfigure/3.2.0/spring-boot-test-autoconfigure-3.2.0.jar:/Users/elturcofarid/.m2/repository/com/jayway/jsonpath/json-path/2.8.0/json-path-2.8.0.jar:/Users/elturcofarid/.m2/repository/jakarta/xml/bind/jakarta.xml.bind-api/4.0.1/jakarta.xml.bind-api-4.0.1.jar:/Users/elturcofarid/.m2/repository/jakarta/activation/jakarta.activation-api/2.1.2/jakarta.activation-api-2.1.2.jar:/Users/elturcofarid/.m2/repository/net/minidev/json-smart/2.5.0/json-smart-2.5.0.jar:/Users/elturcofarid/.m2/repository/net/minidev/accessors-smart/2.5.0/accessors-smart-2.5.0.jar:/Users/elturcofarid/.m2/repository/org/ow2/asm/asm/9.3/asm-9.3.jar:/Users/elturcofarid/.m2/repository/org/assertj/assertj-core/3.24.2/assertj-core-3.24.2.jar:/Users/elturcofarid/.m2/repository/org/awaitility/awaitility/4.2.0/awaitility-4.2.0.jar:/Users/elturcofarid/.m2/repository/org/hamcrest/hamcrest/2.2/hamcrest-2.2.jar:/Users/elturcofarid/.m2/repository/org/junit/jupiter/junit-jupiter/5.10.1/junit-jupiter-5.10.1.jar:/Users/elturcofarid/.m2/repository/org/junit/jupiter/junit-jupiter-api/5.10.1/junit-jupiter-api-5.10.1.jar:/Users/elturcofarid/.m2/repository/org/opentest4j/opentest4j/1.3.0/opentest4j-1.3.0.jar:/Users/elturcofarid/.m2/repository/org/junit/platform/junit-platform-commons/1.10.1/junit-platform-commons-1.10.1.jar:/Users/elturcofarid/.m2/repository/org/apiguardian/apiguardian-api/1.1.2/apiguardian-api-1.1.2.jar:/Users/elturcofarid/.m2/repository/org/junit/jupiter/junit-jupiter-params/5.10.1/junit-jupiter-params-5.10.1.jar:/Users/elturcofarid/.m2/repository/org/junit/jupiter/junit-jupiter-engine/5.10.1/junit-jupiter-engine-5.10.1.jar:/Users/elturcofarid/.m2/repository/org/junit/platform/junit-platform-engine/1.10.1/junit-platform-engine-1.10.1.jar:/Users/elturcofarid/.m2/repository/org/mockito/mockito-junit-jupiter/5.7.0/mockito-junit-jupiter-5.7.0.jar:/Users/elturcofarid/.m2/repository/org/skyscreamer/jsonassert/1.5.1/jsonassert-1.5.1.jar:/Users/elturcofarid/.m2/repository/com/vaadin/external/google/android-json/0.0.20131108.vaadin1/android-json-0.0.20131108.vaadin1.jar:/Users/elturcofarid/.m2/repository/org/springframework/spring-core/6.1.1/spring-core-6.1.1.jar:/Users/elturcofarid/.m2/repository/org/springframework/spring-jcl/6.1.1/spring-jcl-6.1.1.jar:/Users/elturcofarid/.m2/repository/org/springframework/spring-test/6.1.1/spring-test-6.1.1.jar:/Users/elturcofarid/.m2/repository/org/xmlunit/xmlunit-core/2.9.1/xmlunit-core-2.9.1.jar:/Users/elturcofarid/.m2/repository/org/mockito/mockito-core/5.7.0/mockito-core-5.7.0.jar:/Users/elturcofarid/.m2/repository/net/bytebuddy/byte-buddy/1.14.10/byte-buddy-1.14.10.jar:/Users/elturcofarid/.m2/repository/net/bytebuddy/byte-buddy-agent/1.14.10/byte-buddy-agent-1.14.10.jar:/Users/elturcofarid/.m2/repository/org/objenesis/objenesis/3.3/objenesis-3.3.jar:/Users/elturcofarid/.m2/repository/com/tngtech/archunit/archunit-junit5/1.2.1/archunit-junit5-1.2.1.jar:/Users/elturcofarid/.m2/repository/com/tngtech/archunit/archunit-junit5-api/1.2.1/archunit-junit5-api-1.2.1.jar:/Users/elturcofarid/.m2/repository/com/tngtech/archunit/archunit/1.2.1/archunit-1.2.1.jar:/Users/elturcofarid/.m2/repository/com/tngtech/archunit/archunit-junit5-engine/1.2.1/archunit-junit5-engine-1.2.1.jar:/Users/elturcofarid/.m2/repository/com/tngtech/archunit/archunit-junit5-engine-api/1.2.1/archunit-junit5-engine-api-1.2.1.jar:"/>
    <property name="java.vm.vendor" value="Homebrew"/>
    <property name="sun.arch.data.model" value="64"/>
    <property name="java.vendor.url" value="https://github.com/Homebrew/homebrew-core/issues"/>
    <property name="user.timezone" value="Europe/Madrid"/>
    <property name="os.name" value="Mac OS X"/>
    <property name="java.vm.specification.version" value="25"/>
    <property name="sun.java.launcher" value="SUN_STANDARD"/>
    <property name="user.country" value="ES"/>
    <property name="sun.boot.library.path" value="/opt/homebrew/Cellar/openjdk/25/libexec/openjdk.jdk/Contents/Home/lib"/>
    <property name="sun.java.command" value="/Users/elturcofarid/Desarrollo/Servicio Base/target/surefire/surefirebooter-20251010152237825_3.jar /Users/elturcofarid/Desarrollo/Servicio Base/target/surefire 2025-10-10T15-22-37_795-jvmRun1 surefire-20251010152237825_1tmp surefire_0-20251010152237825_2tmp"/>
    <property name="http.nonProxyHosts" value="local|*.local|169.254/16|*.169.254/16"/>
    <property name="jdk.debug" value="release"/>
    <property name="test" value="HexagonalArchitectureTest"/>
    <property name="surefire.test.class.path" value="/Users/elturcofarid/Desarrollo/Servicio Base/target/test-classes:/Users/elturcofarid/Desarrollo/Servicio Base/target/classes:/Users/elturcofarid/.m2/repository/org/springframework/boot/spring-boot-starter-web/3.2.0/spring-boot-starter-web-3.2.0.jar:/Users/elturcofarid/.m2/repository/org/springframework/boot/spring-boot-starter/3.2.0/spring-boot-starter-3.2.0.jar:/Users/elturcofarid/.m2/repository/org/springframework/boot/spring-boot/3.2.0/spring-boot-3.2.0.jar:/Users/elturcofarid/.m2/repository/org/springframework/boot/spring-boot-autoconfigure/3.2.0/spring-boot-autoconfigure-3.2.0.jar:/Users/elturcofarid/.m2/repository/org/springframework/boot/spring-boot-starter-logging/3.2.0/spring-boot-starter-logging-3.2.0.jar:/Users/elturcofarid/.m2/repository/ch/qos/logback/logback-classic/1.4.11/logback-classic-1.4.11.jar:/Users/elturcofarid/.m2/repository/ch/qos/logback/logback-core/1.4.11/logback-core-1.4.11.jar:/Users/elturcofarid/.m2/repository/org/apache/logging/log4j/log4j-to-slf4j/2.21.1/log4j-to-slf4j-2.21.1.jar:/Users/elturcofarid/.m2/repository/org/apache/logging/log4j/log4j-api/2.21.1/log4j-api-2.21.1.jar:/Users/elturcofarid/.m2/repository/org/slf4j/jul-to-slf4j/2.0.9/jul-to-slf4j-2.0.9.jar:/Users/elturcofarid/.m2/repository/jakarta/annotation/jakarta.annotation-api/2.1.1/jakarta.annotation-api-2.1.1.jar:/Users/elturcofarid/.m2/repository/org/yaml/snakeyaml/2.2/snakeyaml-2.2.jar:/Users/elturcofarid/.m2/repository/org/springframework/boot/spring-boot-starter-json/3.2.0/spring-boot-starter-json-3.2.0.jar:/Users/elturcofarid/.m2/repository/com/fasterxml/jackson/core/jackson-databind/2.15.3/jackson-databind-2.15.3.jar:/Users/elturcofarid/.m2/repository/com/fasterxml/jackson/core/jackson-annotations/2.15.3/jackson-annotations-2.15.3.jar:/Users/elturcofarid/.m2/repository/com/fasterxml/jackson/core/jackson-core/2.15.3/jackson-core-2.15.3.jar:/Users/elturcofarid/.m2/repository/com/fasterxml/jackson/datatype/jackson-datatype-jdk8/2.15.3/jackson-datatype-jdk8-2.15.3.jar:/Users/elturcofarid/.m2/repository/com/fasterxml/jackson/datatype/jackson-datatype-jsr310/2.15.3/jackson-datatype-jsr310-2.15.3.jar:/Users/elturcofarid/.m2/repository/com/fasterxml/jackson/module/jackson-module-parameter-names/2.15.3/jackson-module-parameter-names-2.15.3.jar:/Users/elturcofarid/.m2/repository/org/springframework/boot/spring-boot-starter-tomcat/3.2.0/spring-boot-starter-tomcat-3.2.0.jar:/Users/elturcofarid/.m2/repository/org/apache/tomcat/embed/tomcat-embed-core/10.1.16/tomcat-embed-core-10.1.16.jar:/Users/elturcofarid/.m2/repository/org/apache/tomcat/embed/tomcat-embed-websocket/10.1.16/tomcat-embed-websocket-10.1.16.jar:/Users/elturcofarid/.m2/repository/org/springframework/spring-web/6.1.1/spring-web-6.1.1.jar:/Users/elturcofarid/.m2/repository/org/springframework/spring-beans/6.1.1/spring-beans-6.1.1.jar:/Users/elturcofarid/.m2/repository/io/micrometer/micrometer-observation/1.12.0/micrometer-observation-1.12.0.jar:/Users/elturcofarid/.m2/repository/io/micrometer/micrometer-commons/1.12.0/micrometer-commons-1.12.0.jar:/Users/elturcofarid/.m2/repository/org/springframework/spring-webmvc/6.1.1/spring-webmvc-6.1.1.jar:/Users/elturcofarid/.m2/repository/org/springframework/spring-aop/6.1.1/spring-aop-6.1.1.jar:/Users/elturcofarid/.m2/repository/org/springframework/spring-context/6.1.1/spring-context-6.1.1.jar:/Users/elturcofarid/.m2/repository/org/springframework/spring-expression/6.1.1/spring-expression-6.1.1.jar:/Users/elturcofarid/.m2/repository/org/springframework/boot/spring-boot-starter-data-jpa/3.2.0/spring-boot-starter-data-jpa-3.2.0.jar:/Users/elturcofarid/.m2/repository/org/springframework/boot/spring-boot-starter-aop/3.2.0/spring-boot-starter-aop-3.2.0.jar:/Users/elturcofarid/.m2/repository/org/aspectj/aspectjweaver/1.9.20.1/aspectjweaver-1.9.20.1.jar:/Users/elturcofarid/.m2/repository/org/springframework/boot/spring-boot-starter-jdbc/3.2.0/spring-boot-starter-jdbc-3.2.0.jar:/Users/elturcofarid/.m2/repository/com/zaxxer/HikariCP/5.0.1/HikariCP-5.0.1.jar:/Users/elturcofarid/.m2/repository/org/springframework/spring-jdbc/6.1.1/spring-jdbc-6.1.1.jar:/Users/elturcofarid/.m2/repository/org/hibernate/orm/hibernate-core/6.3.1.Final/hibernate-core-6.3.1.Final.jar:/Users/elturcofarid/.m2/repository/jakarta/persistence/jakarta.persistence-api/3.1.0/jakarta.persistence-api-3.1.0.jar:/Users/elturcofarid/.m2/repository/jakarta/transaction/jakarta.transaction-api/2.0.1/jakarta.transaction-api-2.0.1.jar:/Users/elturcofarid/.m2/repository/org/jboss/logging/jboss-logging/3.5.3.Final/jboss-logging-3.5.3.Final.jar:/Users/elturcofarid/.m2/repository/org/hibernate/common/hibernate-commons-annotations/6.0.6.Final/hibernate-commons-annotations-6.0.6.Final.jar:/Users/elturcofarid/.m2/repository/io/smallrye/jandex/3.1.2/jandex-3.1.2.jar:/Users/elturcofarid/.m2/repository/com/fasterxml/classmate/1.6.0/classmate-1.6.0.jar:/Users/elturcofarid/.m2/repository/org/glassfish/jaxb/jaxb-runtime/4.0.4/jaxb-runtime-4.0.4.jar:/Users/elturcofarid/.m2/repository/org/glassfish/jaxb/jaxb-core/4.0.4/jaxb-core-4.0.4.jar:/Users/elturcofarid/.m2/repository/org/eclipse/angus/angus-activation/2.0.1/angus-activation-2.0.1.jar:/Users/elturcofarid/.m2/repository/org/glassfish/jaxb/txw2/4.0.4/txw2-4.0.4.jar:/Users/elturcofarid/.m2/repository/com/sun/istack/istack-commons-runtime/4.1.2/istack-commons-runtime-4.1.2.jar:/Users/elturcofarid/.m2/repository/jakarta/inject/jakarta.inject-api/2.0.1/jakarta.inject-api-2.0.1.jar:/Users/elturcofarid/.m2/repository/org/antlr/antlr4-runtime/4.10.1/antlr4-runtime-4.10.1.jar:/Users/elturcofarid/.m2/repository/org/springframework/data/spring-data-jpa/3.2.0/spring-data-jpa-3.2.0.jar:/Users/elturcofarid/.m2/repository/org/springframework/data/spring-data-commons/3.2.0/spring-data-commons-3.2.0.jar:/Users/elturcofarid/.m2/repository/org/springframework/spring-orm/6.1.1/spring-orm-6.1.1.jar:/Users/elturcofarid/.m2/repository/org/springframework/spring-tx/6.1.1/spring-tx-6.1.1.jar:/Users/elturcofarid/.m2/repository/org/slf4j/slf4j-api/2.0.9/slf4j-api-2.0.9.jar:/Users/elturcofarid/.m2/repository/org/springframework/spring-aspects/6.1.1/spring-aspects-6.1.1.jar:/Users/elturcofarid/.m2/repository/org/springframework/boot/spring-boot-starter-validation/3.2.0/spring-boot-starter-validation-3.2.0.jar:/Users/elturcofarid/.m2/repository/org/apache/tomcat/embed/tomcat-embed-el/10.1.16/tomcat-embed-el-10.1.16.jar:/Users/elturcofarid/.m2/repository/org/hibernate/validator/hibernate-validator/8.0.1.Final/hibernate-validator-8.0.1.Final.jar:/Users/elturcofarid/.m2/repository/jakarta/validation/jakarta.validation-api/3.0.2/jakarta.validation-api-3.0.2.jar:/Users/elturcofarid/.m2/repository/org/springdoc/springdoc-openapi-starter-webmvc-ui/2.2.0/springdoc-openapi-starter-webmvc-ui-2.2.0.jar:/Users/elturcofarid/.m2/repository/org/springdoc/springdoc-openapi-starter-webmvc-api/2.2.0/springdoc-openapi-starter-webmvc-api-2.2.0.jar:/Users/elturcofarid/.m2/repository/org/springdoc/springdoc-openapi-starter-common/2.2.0/springdoc-openapi-starter-common-2.2.0.jar:/Users/elturcofarid/.m2/repository/io/swagger/core/v3/swagger-core-jakarta/2.2.15/swagger-core-jakarta-2.2.15.jar:/Users/elturcofarid/.m2/repository/org/apache/commons/commons-lang3/3.13.0/commons-lang3-3.13.0.jar:/Users/elturcofarid/.m2/repository/io/swagger/core/v3/swagger-annotations-jakarta/2.2.15/swagger-annotations-jakarta-2.2.15.jar:/Users/elturcofarid/.m2/repository/io/swagger/core/v3/swagger-models-jakarta/2.2.15/swagger-models-jakarta-2.2.15.jar:/Users/elturcofarid/.m2/repository/com/fasterxml/jackson/dataformat/jackson-dataformat-yaml/2.15.3/jackson-dataformat-yaml-2.15.3.jar:/Users/elturcofarid/.m2/repository/org/webjars/swagger-ui/5.2.0/swagger-ui-5.2.0.jar:/Users/elturcofarid/.m2/repository/com/h2database/h2/2.2.224/h2-2.2.224.jar:/Users/elturcofarid/.m2/repository/org/springframework/boot/spring-boot-starter-test/3.2.0/spring-boot-starter-test-3.2.0.jar:/Users/elturcofarid/.m2/repository/org/springframework/boot/spring-boot-test/3.2.0/spring-boot-test-3.2.0.jar:/Users/elturcofarid/.m2/repository/org/springframework/boot/spring-boot-test-autoconfigure/3.2.0/spring-boot-test-autoconfigure-3.2.0.jar:/Users/elturcofarid/.m2/repository/com/jayway/jsonpath/json-path/2.8.0/json-path-2.8.0.jar:/Users/elturcofarid/.m2/repository/jakarta/xml/bind/jakarta.xml.bind-api/4.0.1/jakarta.xml.bind-api-4.0.1.jar:/Users/elturcofarid/.m2/repository/jakarta/activation/jakarta.activation-api/2.1.2/jakarta.activation-api-2.1.2.jar:/Users/elturcofarid/.m2/repository/net/minidev/json-smart/2.5.0/json-smart-2.5.0.jar:/Users/elturcofarid/.m2/repository/net/minidev/accessors-smart/2.5.0/accessors-smart-2.5.0.jar:/Users/elturcofarid/.m2/repository/org/ow2/asm/asm/9.3/asm-9.3.jar:/Users/elturcofarid/.m2/repository/org/assertj/assertj-core/3.24.2/assertj-core-3.24.2.jar:/Users/elturcofarid/.m2/repository/org/awaitility/awaitility/4.2.0/awaitility-4.2.0.jar:/Users/elturcofarid/.m2/repository/org/hamcrest/hamcrest/2.2/hamcrest-2.2.jar:/Users/elturcofarid/.m2/repository/org/junit/jupiter/junit-jupiter/5.10.1/junit-jupiter-5.10.1.jar:/Users/elturcofarid/.m2/repository/org/junit/jupiter/junit-jupiter-api/5.10.1/junit-jupiter-api-5.10.1.jar:/Users/elturcofarid/.m2/repository/org/opentest4j/opentest4j/1.3.0/opentest4j-1.3.0.jar:/Users/elturcofarid/.m2/repository/org/junit/platform/junit-platform-commons/1.10.1/junit-platform-commons-1.10.1.jar:/Users/elturcofarid/.m2/repository/org/apiguardian/apiguardian-api/1.1.2/apiguardian-api-1.1.2.jar:/Users/elturcofarid/.m2/repository/org/junit/jupiter/junit-jupiter-params/5.10.1/junit-jupiter-params-5.10.1.jar:/Users/elturcofarid/.m2/repository/org/junit/jupiter/junit-jupiter-engine/5.10.1/junit-jupiter-engine-5.10.1.jar:/Users/elturcofarid/.m2/repository/org/junit/platform/junit-platform-engine/1.10.1/junit-platform-engine-1.10.1.jar:/Users/elturcofarid/.m2/repository/org/mockito/mockito-junit-jupiter/5.7.0/mockito-junit-jupiter-5.7.0.jar:/Users/elturcofarid/.m2/repository/org/skyscreamer/jsonassert/1.5.1/jsonassert-1.5.1.jar:/Users/elturcofarid/.m2/repository/com/vaadin/external/google/android-json/0.0.20131108.vaadin1/android-json-0.0.20131108.vaadin1.jar:/Users/elturcofarid/.m2/repository/org/springframework/spring-core/6.1.1/spring-core-6.1.1.jar:/Users/elturcofarid/.m2/repository/org/springframework/spring-jcl/6.1.1/spring-jcl-6.1.1.jar:/Users/elturcofarid/.m2/repository/org/springframework/spring-test/6.1.1/spring-test-6.1.1.jar:/Users/elturcofarid/.m2/repository/org/xmlunit/xmlunit-core/2.9.1/xmlunit-core-2.9.1.jar:/Users/elturcofarid/.m2/repository/org/mockito/mockito-core/5.7.0/mockito-core-5.7.0.jar:/Users/elturcofarid/.m2/repository/net/bytebuddy/byte-buddy/1.14.10/byte-buddy-1.14.10.jar:/Users/elturcofarid/.m2/repository/net/bytebuddy/byte-buddy-agent/1.14.10/byte-buddy-agent-1.14.10.jar:/Users/elturcofarid/.m2/repository/org/objenesis/objenesis/3.3/objenesis-3.3.jar:/Users/elturcofarid/.m2/repository/com/tngtech/archunit/archunit-junit5/1.2.1/archunit-junit5-1.2.1.jar:/Users/elturcofarid/.m2/repository/com/tngtech/archunit/archunit-junit5-api/1.2.1/archunit-junit5-api-1.2.1.jar:/Users/elturcofarid/.m2/repository/com/tngtech/archunit/archunit/1.2.1/archunit-1.2.1.jar:/Users/elturcofarid/.m2/repository/com/tngtech/archunit/archunit-junit5-engine/1.2.1/archunit-junit5-engine-1.2.1.jar:/Users/elturcofarid/.m2/repository/com/tngtech/archunit/archunit-junit5-engine-api/1.2.1/archunit-junit5-engine-api-1.2.1.jar:"/>
    <property name="sun.cpu.endian" value="little"/>
    <property name="user.home" value="/Users/elturcofarid"/>
    <property name="user.language" value="es"/>
    <property name="java.specification.vendor" value="Oracle Corporation"/>
    <property name="java.version.date" value="2025-09-16"/>
    <property name="java.home" value="/opt/homebrew/Cellar/openjdk/25/libexec/openjdk.jdk/Contents/Home"/>
    <property name="file.separator" value="/"/>
    <property name="basedir" value="/Users/elturcofarid/Desarrollo/Servicio Base"/>
    <property name="java.vm.compressedOopsMode" value="Zero based"/>
    <property name="line.separator" value="&#10;"/>
    <property name="java.vm.specification.vendor" value="Oracle Corporation"/>
    <property name="java.specification.name" value="Java Platform API Specification"/>
    <property name="apple.awt.application.name" value="ForkedBooter"/>
    <property name="surefire.real.class.path" value="/Users/elturcofarid/Desarrollo/Servicio Base/target/surefire/surefirebooter-20251010152237825_3.jar"/>
    <property name="sun.management.compiler" value="HotSpot 64-Bit Tiered Compilers"/>
    <property name="ftp.nonProxyHosts" value="local|*.local|169.254/16|*.169.254/16"/>
    <property name="java.runtime.version" value="25"/>
    <property name="user.name" value="elturcofarid"/>
    <property name="stdout.encoding" value="UTF-8"/>
    <property name="path.separator" value=":"/>
    <property name="os.version" value="26.0"/>
    <property name="java.runtime.name" value="OpenJDK Runtime Environment"/>
    <property name="file.encoding" value="UTF-8"/>
    <property name="java.vm.name" value="OpenJDK 64-Bit Server VM"/>
    <property name="java.vendor.version" value="Homebrew"/>
    <property name="localRepository" value="/Users/elturcofarid/.m2/repository"/>
    <property name="java.vendor.url.bug" value="https://github.com/Homebrew/homebrew-core/issues"/>
    <property name="java.io.tmpdir" value="/var/folders/8k/wsqqkvxj5fd9qfg1drlfxh3m0000gn/T/"/>
    <property name="java.version" value="25"/>
    <property name="user.dir" value="/Users/elturcofarid/Desarrollo/Servicio Base"/>
    <property name="os.arch" value="aarch64"/>
    <property name="java.vm.specification.name" value="Java Virtual Machine Specification"/>
    <property name="native.encoding" value="UTF-8"/>
    <property name="java.library.path" value="/Users/elturcofarid/Library/Java/Extensions:/Library/Java/Extensions:/Network/Library/Java/Extensions:/System/Library/Java/Extensions:/usr/lib/java:."/>
    <property name="java.vm.info" value="mixed mode, sharing"/>
    <property name="stderr.encoding" value="UTF-8"/>
    <property name="java.vendor" value="Homebrew"/>
    <property name="java.vm.version" value="25"/>
    <property name="stdin.encoding" value="UTF-8"/>
    <property name="sun.io.unicode.encoding" value="UnicodeBig"/>
    <property name="socksNonProxyHosts" value="local|*.local|169.254/16|*.169.254/16"/>
    <property name="java.class.version" value="69.0"/>
  </properties>
  <testcase name="domain_should_not_depend_on_application_or_infrastructure" classname="HexagonalArchitectureTest" time="0.407">
    <system-out><![CDATA[15:22:38.049 [main] INFO com.tngtech.archunit.core.PluginLoader -- Detected Java version 25
15:22:38.257 [main] WARN com.tngtech.archunit.core.importer.ClassFileProcessor -- Error during import from jrt:/java.base/java/lang/System.class, falling back to simple import
java.lang.IllegalArgumentException: Unsupported class file major version 69
	at com.tngtech.archunit.thirdparty.org.objectweb.asm.ClassReader.<init>(ClassReader.java:200)
	at com.tngtech.archunit.thirdparty.org.objectweb.asm.ClassReader.<init>(ClassReader.java:180)
	at com.tngtech.archunit.thirdparty.org.objectweb.asm.ClassReader.<init>(ClassReader.java:166)
	at com.tngtech.archunit.thirdparty.org.objectweb.asm.ClassReader.<init>(ClassReader.java:288)
	at com.tngtech.archunit.core.importer.ClassFileProcessor$UriImporterOfProcessor.tryImport(ClassFileProcessor.java:350)
	at com.tngtech.archunit.core.importer.resolvers.ClassResolverFromClasspath.tryResolve(ClassResolverFromClasspath.java:51)
	at com.tngtech.archunit.core.importer.ImportedClasses.resolve(ImportedClasses.java:74)
	at com.tngtech.archunit.core.importer.ImportedClasses.ensurePresent(ImportedClasses.java:69)
	at com.tngtech.archunit.core.importer.DependencyResolutionProcess.executeRun(DependencyResolutionProcess.java:146)
	at com.tngtech.archunit.core.importer.DependencyResolutionProcess.resolve(DependencyResolutionProcess.java:122)
	at com.tngtech.archunit.core.importer.ClassGraphCreator.complete(ClassGraphCreator.java:107)
	at com.tngtech.archunit.core.importer.ClassFileProcessor.process(ClassFileProcessor.java:75)
	at com.tngtech.archunit.core.importer.ClassFileImporter.importLocations(ClassFileImporter.java:325)
	at com.tngtech.archunit.junit.internal.ClassCache$CacheClassFileImporter.importClasses(ClassCache.java:126)
	at com.tngtech.archunit.junit.internal.ClassCache$LazyJavaClasses.initialize(ClassCache.java:118)
	at com.tngtech.archunit.junit.internal.ClassCache$LazyJavaClasses.get(ClassCache.java:107)
	at com.tngtech.archunit.junit.internal.ClassCache.getClassesToAnalyzeFor(ClassCache.java:84)
	at com.tngtech.archunit.junit.internal.ArchUnitTestDescriptor.lambda$createChildren$1(ArchUnitTestDescriptor.java:89)
	at com.tngtech.archunit.junit.internal.ArchUnitTestDescriptor$ArchUnitRuleDescriptor.execute(ArchUnitTestDescriptor.java:166)
	at com.tngtech.archunit.junit.internal.ArchUnitTestDescriptor$ArchUnitRuleDescriptor.execute(ArchUnitTestDescriptor.java:149)
	at org.junit.platform.engine.support.hierarchical.NodeTestTask.lambda$executeRecursively$6(NodeTestTask.java:151)
	at org.junit.platform.engine.support.hierarchical.ThrowableCollector.execute(ThrowableCollector.java:73)
	at org.junit.platform.engine.support.hierarchical.NodeTestTask.lambda$executeRecursively$8(NodeTestTask.java:141)
	at org.junit.platform.engine.support.hierarchical.Node.around(Node.java:137)
	at org.junit.platform.engine.support.hierarchical.NodeTestTask.lambda$executeRecursively$9(NodeTestTask.java:139)
	at org.junit.platform.engine.support.hierarchical.ThrowableCollector.execute(ThrowableCollector.java:73)
	at org.junit.platform.engine.support.hierarchical.NodeTestTask.executeRecursively(NodeTestTask.java:138)
	at org.junit.platform.engine.support.hierarchical.NodeTestTask.execute(NodeTestTask.java:95)
	at java.base/java.util.ArrayList.forEach(ArrayList.java:1604)
	at org.junit.platform.engine.support.hierarchical.SameThreadHierarchicalTestExecutorService.invokeAll(SameThreadHierarchicalTestExecutorService.java:41)
	at org.junit.platform.engine.support.hierarchical.NodeTestTask.lambda$executeRecursively$6(NodeTestTask.java:155)
	at org.junit.platform.engine.support.hierarchical.ThrowableCollector.execute(ThrowableCollector.java:73)
	at org.junit.platform.engine.support.hierarchical.NodeTestTask.lambda$executeRecursively$8(NodeTestTask.java:141)
	at org.junit.platform.engine.support.hierarchical.Node.around(Node.java:137)
	at org.junit.platform.engine.support.hierarchical.NodeTestTask.lambda$executeRecursively$9(NodeTestTask.java:139)
	at org.junit.platform.engine.support.hierarchical.ThrowableCollector.execute(ThrowableCollector.java:73)
	at org.junit.platform.engine.support.hierarchical.NodeTestTask.executeRecursively(NodeTestTask.java:138)
	at org.junit.platform.engine.support.hierarchical.NodeTestTask.execute(NodeTestTask.java:95)
	at java.base/java.util.ArrayList.forEach(ArrayList.java:1604)
	at org.junit.platform.engine.support.hierarchical.SameThreadHierarchicalTestExecutorService.invokeAll(SameThreadHierarchicalTestExecutorService.java:41)
	at org.junit.platform.engine.support.hierarchical.NodeTestTask.lambda$executeRecursively$6(NodeTestTask.java:155)
	at org.junit.platform.engine.support.hierarchical.ThrowableCollector.execute(ThrowableCollector.java:73)
	at org.junit.platform.engine.support.hierarchical.NodeTestTask.lambda$executeRecursively$8(NodeTestTask.java:141)
	at org.junit.platform.engine.support.hierarchical.Node.around(Node.java:137)
	at org.junit.platform.engine.support.hierarchical.NodeTestTask.lambda$executeRecursively$9(NodeTestTask.java:139)
	at org.junit.platform.engine.support.hierarchical.ThrowableCollector.execute(ThrowableCollector.java:73)
	at org.junit.platform.engine.support.hierarchical.NodeTestTask.executeRecursively(NodeTestTask.java:138)
	at org.junit.platform.engine.support.hierarchical.NodeTestTask.execute(NodeTestTask.java:95)
	at org.junit.platform.engine.support.hierarchical.SameThreadHierarchicalTestExecutorService.submit(SameThreadHierarchicalTestExecutorService.java:35)
	at org.junit.platform.engine.support.hierarchical.HierarchicalTestExecutor.execute(HierarchicalTestExecutor.java:57)
	at org.junit.platform.engine.support.hierarchical.HierarchicalTestEngine.execute(HierarchicalTestEngine.java:54)
	at org.junit.platform.launcher.core.EngineExecutionOrchestrator.execute(EngineExecutionOrchestrator.java:198)
	at org.junit.platform.launcher.core.EngineExecutionOrchestrator.execute(EngineExecutionOrchestrator.java:169)
	at org.junit.platform.launcher.core.EngineExecutionOrchestrator.execute(EngineExecutionOrchestrator.java:93)
	at org.junit.platform.launcher.core.EngineExecutionOrchestrator.lambda$execute$0(EngineExecutionOrchestrator.java:58)
	at org.junit.platform.launcher.core.EngineExecutionOrchestrator.withInterceptedStreams(EngineExecutionOrchestrator.java:141)
	at org.junit.platform.launcher.core.EngineExecutionOrchestrator.execute(EngineExecutionOrchestrator.java:57)
	at org.junit.platform.launcher.core.DefaultLauncher.execute(DefaultLauncher.java:103)
	at org.junit.platform.launcher.core.DefaultLauncher.execute(DefaultLauncher.java:85)
	at org.junit.platform.launcher.core.DelegatingLauncher.execute(DelegatingLauncher.java:47)
	at org.apache.maven.surefire.junitplatform.LazyLauncher.execute(LazyLauncher.java:56)
	at org.apache.maven.surefire.junitplatform.JUnitPlatformProvider.execute(JUnitPlatformProvider.java:184)
	at org.apache.maven.surefire.junitplatform.JUnitPlatformProvider.invokeAllTests(JUnitPlatformProvider.java:148)
	at org.apache.maven.surefire.junitplatform.JUnitPlatformProvider.invoke(JUnitPlatformProvider.java:122)
	at org.apache.maven.surefire.booter.ForkedBooter.runSuitesInProcess(ForkedBooter.java:385)
	at org.apache.maven.surefire.booter.ForkedBooter.execute(ForkedBooter.java:162)
	at org.apache.maven.surefire.booter.ForkedBooter.run(ForkedBooter.java:507)
	at org.apache.maven.surefire.booter.ForkedBooter.main(ForkedBooter.java:495)
15:22:38.262 [main] WARN com.tngtech.archunit.core.importer.ClassFileProcessor -- Error during import from jrt:/java.base/java/util/regex/Matcher.class, falling back to simple import
java.lang.IllegalArgumentException: Unsupported class file major version 69
	at com.tngtech.archunit.thirdparty.org.objectweb.asm.ClassReader.<init>(ClassReader.java:200)
	at com.tngtech.archunit.thirdparty.org.objectweb.asm.ClassReader.<init>(ClassReader.java:180)
	at com.tngtech.archunit.thirdparty.org.objectweb.asm.ClassReader.<init>(ClassReader.java:166)
	at com.tngtech.archunit.thirdparty.org.objectweb.asm.ClassReader.<init>(ClassReader.java:288)
	at com.tngtech.archunit.core.importer.ClassFileProcessor$UriImporterOfProcessor.tryImport(ClassFileProcessor.java:350)
	at com.tngtech.archunit.core.importer.resolvers.ClassResolverFromClasspath.tryResolve(ClassResolverFromClasspath.java:51)
	at com.tngtech.archunit.core.importer.ImportedClasses.resolve(ImportedClasses.java:74)
	at com.tngtech.archunit.core.importer.ImportedClasses.ensurePresent(ImportedClasses.java:69)
	at com.tngtech.archunit.core.importer.DependencyResolutionProcess.executeRun(DependencyResolutionProcess.java:146)
	at com.tngtech.archunit.core.importer.DependencyResolutionProcess.resolve(DependencyResolutionProcess.java:122)
	at com.tngtech.archunit.core.importer.ClassGraphCreator.complete(ClassGraphCreator.java:107)
	at com.tngtech.archunit.core.importer.ClassFileProcessor.process(ClassFileProcessor.java:75)
	at com.tngtech.archunit.core.importer.ClassFileImporter.importLocations(ClassFileImporter.java:325)
	at com.tngtech.archunit.junit.internal.ClassCache$CacheClassFileImporter.importClasses(ClassCache.java:126)
	at com.tngtech.archunit.junit.internal.ClassCache$LazyJavaClasses.initialize(ClassCache.java:118)
	at com.tngtech.archunit.junit.internal.ClassCache$LazyJavaClasses.get(ClassCache.java:107)
	at com.tngtech.archunit.junit.internal.ClassCache.getClassesToAnalyzeFor(ClassCache.java:84)
	at com.tngtech.archunit.junit.internal.ArchUnitTestDescriptor.lambda$createChildren$1(ArchUnitTestDescriptor.java:89)
	at com.tngtech.archunit.junit.internal.ArchUnitTestDescriptor$ArchUnitRuleDescriptor.execute(ArchUnitTestDescriptor.java:166)
	at com.tngtech.archunit.junit.internal.ArchUnitTestDescriptor$ArchUnitRuleDescriptor.execute(ArchUnitTestDescriptor.java:149)
	at org.junit.platform.engine.support.hierarchical.NodeTestTask.lambda$executeRecursively$6(NodeTestTask.java:151)
	at org.junit.platform.engine.support.hierarchical.ThrowableCollector.execute(ThrowableCollector.java:73)
	at org.junit.platform.engine.support.hierarchical.NodeTestTask.lambda$executeRecursively$8(NodeTestTask.java:141)
	at org.junit.platform.engine.support.hierarchical.Node.around(Node.java:137)
	at org.junit.platform.engine.support.hierarchical.NodeTestTask.lambda$executeRecursively$9(NodeTestTask.java:139)
	at org.junit.platform.engine.support.hierarchical.ThrowableCollector.execute(ThrowableCollector.java:73)
	at org.junit.platform.engine.support.hierarchical.NodeTestTask.executeRecursively(NodeTestTask.java:138)
	at org.junit.platform.engine.support.hierarchical.NodeTestTask.execute(NodeTestTask.java:95)
	at java.base/java.util.ArrayList.forEach(ArrayList.java:1604)
	at org.junit.platform.engine.support.hierarchical.SameThreadHierarchicalTestExecutorService.invokeAll(SameThreadHierarchicalTestExecutorService.java:41)
	at org.junit.platform.engine.support.hierarchical.NodeTestTask.lambda$executeRecursively$6(NodeTestTask.java:155)
	at org.junit.platform.engine.support.hierarchical.ThrowableCollector.execute(ThrowableCollector.java:73)
	at org.junit.platform.engine.support.hierarchical.NodeTestTask.lambda$executeRecursively$8(NodeTestTask.java:141)
	at org.junit.platform.engine.support.hierarchical.Node.around(Node.java:137)
	at org.junit.platform.engine.support.hierarchical.NodeTestTask.lambda$executeRecursively$9(NodeTestTask.java:139)
	at org.junit.platform.engine.support.hierarchical.ThrowableCollector.execute(ThrowableCollector.java:73)
	at org.junit.platform.engine.support.hierarchical.NodeTestTask.executeRecursively(NodeTestTask.java:138)
	at org.junit.platform.engine.support.hierarchical.NodeTestTask.execute(NodeTestTask.java:95)
	at java.base/java.util.ArrayList.forEach(ArrayList.java:1604)
	at org.junit.platform.engine.support.hierarchical.SameThreadHierarchicalTestExecutorService.invokeAll(SameThreadHierarchicalTestExecutorService.java:41)
	at org.junit.platform.engine.support.hierarchical.NodeTestTask.lambda$executeRecursively$6(NodeTestTask.java:155)
	at org.junit.platform.engine.support.hierarchical.ThrowableCollector.execute(ThrowableCollector.java:73)
	at org.junit.platform.engine.support.hierarchical.NodeTestTask.lambda$executeRecursively$8(NodeTestTask.java:141)
	at org.junit.platform.engine.support.hierarchical.Node.around(Node.java:137)
	at org.junit.platform.engine.support.hierarchical.NodeTestTask.lambda$executeRecursively$9(NodeTestTask.java:139)
	at org.junit.platform.engine.support.hierarchical.ThrowableCollector.execute(ThrowableCollector.java:73)
	at org.junit.platform.engine.support.hierarchical.NodeTestTask.executeRecursively(NodeTestTask.java:138)
	at org.junit.platform.engine.support.hierarchical.NodeTestTask.execute(NodeTestTask.java:95)
	at org.junit.platform.engine.support.hierarchical.SameThreadHierarchicalTestExecutorService.submit(SameThreadHierarchicalTestExecutorService.java:35)
	at org.junit.platform.engine.support.hierarchical.HierarchicalTestExecutor.execute(HierarchicalTestExecutor.java:57)
	at org.junit.platform.engine.support.hierarchical.HierarchicalTestEngine.execute(HierarchicalTestEngine.java:54)
	at org.junit.platform.launcher.core.EngineExecutionOrchestrator.execute(EngineExecutionOrchestrator.java:198)
	at org.junit.platform.launcher.core.EngineExecutionOrchestrator.execute(EngineExecutionOrchestrator.java:169)
	at org.junit.platform.launcher.core.EngineExecutionOrchestrator.execute(EngineExecutionOrchestrator.java:93)
	at org.junit.platform.launcher.core.EngineExecutionOrchestrator.lambda$execute$0(EngineExecutionOrchestrator.java:58)
	at org.junit.platform.launcher.core.EngineExecutionOrchestrator.withInterceptedStreams(EngineExecutionOrchestrator.java:141)
	at org.junit.platform.launcher.core.EngineExecutionOrchestrator.execute(EngineExecutionOrchestrator.java:57)
	at org.junit.platform.launcher.core.DefaultLauncher.execute(DefaultLauncher.java:103)
	at org.junit.platform.launcher.core.DefaultLauncher.execute(DefaultLauncher.java:85)
	at org.junit.platform.launcher.core.DelegatingLauncher.execute(DelegatingLauncher.java:47)
	at org.apache.maven.surefire.junitplatform.LazyLauncher.execute(LazyLauncher.java:56)
	at org.apache.maven.surefire.junitplatform.JUnitPlatformProvider.execute(JUnitPlatformProvider.java:184)
	at org.apache.maven.surefire.junitplatform.JUnitPlatformProvider.invokeAllTests(JUnitPlatformProvider.java:148)
	at org.apache.maven.surefire.junitplatform.JUnitPlatformProvider.invoke(JUnitPlatformProvider.java:122)
	at org.apache.maven.surefire.booter.ForkedBooter.runSuitesInProcess(ForkedBooter.java:385)
	at org.apache.maven.surefire.booter.ForkedBooter.execute(ForkedBooter.java:162)
	at org.apache.maven.surefire.booter.ForkedBooter.run(ForkedBooter.java:507)
	at org.apache.maven.surefire.booter.ForkedBooter.main(ForkedBooter.java:495)
15:22:38.263 [main] WARN com.tngtech.archunit.core.importer.ClassFileProcessor -- Error during import from jrt:/java.base/java/lang/Long.class, falling back to simple import
java.lang.IllegalArgumentException: Unsupported class file major version 69
	at com.tngtech.archunit.thirdparty.org.objectweb.asm.ClassReader.<init>(ClassReader.java:200)
	at com.tngtech.archunit.thirdparty.org.objectweb.asm.ClassReader.<init>(ClassReader.java:180)
	at com.tngtech.archunit.thirdparty.org.objectweb.asm.ClassReader.<init>(ClassReader.java:166)
	at com.tngtech.archunit.thirdparty.org.objectweb.asm.ClassReader.<init>(ClassReader.java:288)
	at com.tngtech.archunit.core.importer.ClassFileProcessor$UriImporterOfProcessor.tryImport(ClassFileProcessor.java:350)
	at com.tngtech.archunit.core.importer.resolvers.ClassResolverFromClasspath.tryResolve(ClassResolverFromClasspath.java:51)
	at com.tngtech.archunit.core.importer.ImportedClasses.resolve(ImportedClasses.java:74)
	at com.tngtech.archunit.core.importer.ImportedClasses.ensurePresent(ImportedClasses.java:69)
	at com.tngtech.archunit.core.importer.DependencyResolutionProcess.executeRun(DependencyResolutionProcess.java:146)
	at com.tngtech.archunit.core.importer.DependencyResolutionProcess.resolve(DependencyResolutionProcess.java:122)
	at com.tngtech.archunit.core.importer.ClassGraphCreator.complete(ClassGraphCreator.java:107)
	at com.tngtech.archunit.core.importer.ClassFileProcessor.process(ClassFileProcessor.java:75)
	at com.tngtech.archunit.core.importer.ClassFileImporter.importLocations(ClassFileImporter.java:325)
	at com.tngtech.archunit.junit.internal.ClassCache$CacheClassFileImporter.importClasses(ClassCache.java:126)
	at com.tngtech.archunit.junit.internal.ClassCache$LazyJavaClasses.initialize(ClassCache.java:118)
	at com.tngtech.archunit.junit.internal.ClassCache$LazyJavaClasses.get(ClassCache.java:107)
	at com.tngtech.archunit.junit.internal.ClassCache.getClassesToAnalyzeFor(ClassCache.java:84)
	at com.tngtech.archunit.junit.internal.ArchUnitTestDescriptor.lambda$createChildren$1(ArchUnitTestDescriptor.java:89)
	at com.tngtech.archunit.junit.internal.ArchUnitTestDescriptor$ArchUnitRuleDescriptor.execute(ArchUnitTestDescriptor.java:166)
	at com.tngtech.archunit.junit.internal.ArchUnitTestDescriptor$ArchUnitRuleDescriptor.execute(ArchUnitTestDescriptor.java:149)
	at org.junit.platform.engine.support.hierarchical.NodeTestTask.lambda$executeRecursively$6(NodeTestTask.java:151)
	at org.junit.platform.engine.support.hierarchical.ThrowableCollector.execute(ThrowableCollector.java:73)
	at org.junit.platform.engine.support.hierarchical.NodeTestTask.lambda$executeRecursively$8(NodeTestTask.java:141)
	at org.junit.platform.engine.support.hierarchical.Node.around(Node.java:137)
	at org.junit.platform.engine.support.hierarchical.NodeTestTask.lambda$executeRecursively$9(NodeTestTask.java:139)
	at org.junit.platform.engine.support.hierarchical.ThrowableCollector.execute(ThrowableCollector.java:73)
	at org.junit.platform.engine.support.hierarchical.NodeTestTask.executeRecursively(NodeTestTask.java:138)
	at org.junit.platform.engine.support.hierarchical.NodeTestTask.execute(NodeTestTask.java:95)
	at java.base/java.util.ArrayList.forEach(ArrayList.java:1604)
	at org.junit.platform.engine.support.hierarchical.SameThreadHierarchicalTestExecutorService.invokeAll(SameThreadHierarchicalTestExecutorService.java:41)
	at org.junit.platform.engine.support.hierarchical.NodeTestTask.lambda$executeRecursively$6(NodeTestTask.java:155)
	at org.junit.platform.engine.support.hierarchical.ThrowableCollector.execute(ThrowableCollector.java:73)
	at org.junit.platform.engine.support.hierarchical.NodeTestTask.lambda$executeRecursively$8(NodeTestTask.java:141)
	at org.junit.platform.engine.support.hierarchical.Node.around(Node.java:137)
	at org.junit.platform.engine.support.hierarchical.NodeTestTask.lambda$executeRecursively$9(NodeTestTask.java:139)
	at org.junit.platform.engine.support.hierarchical.ThrowableCollector.execute(ThrowableCollector.java:73)
	at org.junit.platform.engine.support.hierarchical.NodeTestTask.executeRecursively(NodeTestTask.java:138)
	at org.junit.platform.engine.support.hierarchical.NodeTestTask.execute(NodeTestTask.java:95)
	at java.base/java.util.ArrayList.forEach(ArrayList.java:1604)
	at org.junit.platform.engine.support.hierarchical.SameThreadHierarchicalTestExecutorService.invokeAll(SameThreadHierarchicalTestExecutorService.java:41)
	at org.junit.platform.engine.support.hierarchical.NodeTestTask.lambda$executeRecursively$6(NodeTestTask.java:155)
	at org.junit.platform.engine.support.hierarchical.ThrowableCollector.execute(ThrowableCollector.java:73)
	at org.junit.platform.engine.support.hierarchical.NodeTestTask.lambda$executeRecursively$8(NodeTestTask.java:141)
	at org.junit.platform.engine.support.hierarchical.Node.around(Node.java:137)
	at org.junit.platform.engine.support.hierarchical.NodeTestTask.lambda$executeRecursively$9(NodeTestTask.java:139)
	at org.junit.platform.engine.support.hierarchical.ThrowableCollector.execute(ThrowableCollector.java:73)
	at org.junit.platform.engine.support.hierarchical.NodeTestTask.executeRecursively(NodeTestTask.java:138)
	at org.junit.platform.engine.support.hierarchical.NodeTestTask.execute(NodeTestTask.java:95)
	at org.junit.platform.engine.support.hierarchical.SameThreadHierarchicalTestExecutorService.submit(SameThreadHierarchicalTestExecutorService.java:35)
	at org.junit.platform.engine.support.hierarchical.HierarchicalTestExecutor.execute(HierarchicalTestExecutor.java:57)
	at org.junit.platform.engine.support.hierarchical.HierarchicalTestEngine.execute(HierarchicalTestEngine.java:54)
	at org.junit.platform.launcher.core.EngineExecutionOrchestrator.execute(EngineExecutionOrchestrator.java:198)
	at org.junit.platform.launcher.core.EngineExecutionOrchestrator.execute(EngineExecutionOrchestrator.java:169)
	at org.junit.platform.launcher.core.EngineExecutionOrchestrator.execute(EngineExecutionOrchestrator.java:93)
	at org.junit.platform.launcher.core.EngineExecutionOrchestrator.lambda$execute$0(EngineExecutionOrchestrator.java:58)
	at org.junit.platform.launcher.core.EngineExecutionOrchestrator.withInterceptedStreams(EngineExecutionOrchestrator.java:141)
	at org.junit.platform.launcher.core.EngineExecutionOrchestrator.execute(EngineExecutionOrchestrator.java:57)
	at org.junit.platform.launcher.core.DefaultLauncher.execute(DefaultLauncher.java:103)
	at org.junit.platform.launcher.core.DefaultLauncher.execute(DefaultLauncher.java:85)
	at org.junit.platform.launcher.core.DelegatingLauncher.execute(DelegatingLauncher.java:47)
	at org.apache.maven.surefire.junitplatform.LazyLauncher.execute(LazyLauncher.java:56)
	at org.apache.maven.surefire.junitplatform.JUnitPlatformProvider.execute(JUnitPlatformProvider.java:184)
	at org.apache.maven.surefire.junitplatform.JUnitPlatformProvider.invokeAllTests(JUnitPlatformProvider.java:148)
	at org.apache.maven.surefire.junitplatform.JUnitPlatformProvider.invoke(JUnitPlatformProvider.java:122)
	at org.apache.maven.surefire.booter.ForkedBooter.runSuitesInProcess(ForkedBooter.java:385)
	at org.apache.maven.surefire.booter.ForkedBooter.execute(ForkedBooter.java:162)
	at org.apache.maven.surefire.booter.ForkedBooter.run(ForkedBooter.java:507)
	at org.apache.maven.surefire.booter.ForkedBooter.main(ForkedBooter.java:495)
15:22:38.265 [main] WARN com.tngtech.archunit.core.importer.ClassFileProcessor -- Error during import from jrt:/java.base/java/lang/String.class, falling back to simple import
java.lang.IllegalArgumentException: Unsupported class file major version 69
	at com.tngtech.archunit.thirdparty.org.objectweb.asm.ClassReader.<init>(ClassReader.java:200)
	at com.tngtech.archunit.thirdparty.org.objectweb.asm.ClassReader.<init>(ClassReader.java:180)
	at com.tngtech.archunit.thirdparty.org.objectweb.asm.ClassReader.<init>(ClassReader.java:166)
	at com.tngtech.archunit.thirdparty.org.objectweb.asm.ClassReader.<init>(ClassReader.java:288)
	at com.tngtech.archunit.core.importer.ClassFileProcessor$UriImporterOfProcessor.tryImport(ClassFileProcessor.java:350)
	at com.tngtech.archunit.core.importer.resolvers.ClassResolverFromClasspath.tryResolve(ClassResolverFromClasspath.java:51)
	at com.tngtech.archunit.core.importer.ImportedClasses.resolve(ImportedClasses.java:74)
	at com.tngtech.archunit.core.importer.ImportedClasses.ensurePresent(ImportedClasses.java:69)
	at com.tngtech.archunit.core.importer.ImportedClasses.ensureAllComponentTypesPresent(ImportedClasses.java:87)
	at com.tngtech.archunit.core.importer.ImportedClasses.resolve(ImportedClasses.java:77)
	at com.tngtech.archunit.core.importer.ImportedClasses.ensurePresent(ImportedClasses.java:69)
	at com.tngtech.archunit.core.importer.DependencyResolutionProcess.executeRun(DependencyResolutionProcess.java:146)
	at com.tngtech.archunit.core.importer.DependencyResolutionProcess.resolve(DependencyResolutionProcess.java:122)
	at com.tngtech.archunit.core.importer.ClassGraphCreator.complete(ClassGraphCreator.java:107)
	at com.tngtech.archunit.core.importer.ClassFileProcessor.process(ClassFileProcessor.java:75)
	at com.tngtech.archunit.core.importer.ClassFileImporter.importLocations(ClassFileImporter.java:325)
	at com.tngtech.archunit.junit.internal.ClassCache$CacheClassFileImporter.importClasses(ClassCache.java:126)
	at com.tngtech.archunit.junit.internal.ClassCache$LazyJavaClasses.initialize(ClassCache.java:118)
	at com.tngtech.archunit.junit.internal.ClassCache$LazyJavaClasses.get(ClassCache.java:107)
	at com.tngtech.archunit.junit.internal.ClassCache.getClassesToAnalyzeFor(ClassCache.java:84)
	at com.tngtech.archunit.junit.internal.ArchUnitTestDescriptor.lambda$createChildren$1(ArchUnitTestDescriptor.java:89)
	at com.tngtech.archunit.junit.internal.ArchUnitTestDescriptor$ArchUnitRuleDescriptor.execute(ArchUnitTestDescriptor.java:166)
	at com.tngtech.archunit.junit.internal.ArchUnitTestDescriptor$ArchUnitRuleDescriptor.execute(ArchUnitTestDescriptor.java:149)
	at org.junit.platform.engine.support.hierarchical.NodeTestTask.lambda$executeRecursively$6(NodeTestTask.java:151)
	at org.junit.platform.engine.support.hierarchical.ThrowableCollector.execute(ThrowableCollector.java:73)
	at org.junit.platform.engine.support.hierarchical.NodeTestTask.lambda$executeRecursively$8(NodeTestTask.java:141)
	at org.junit.platform.engine.support.hierarchical.Node.around(Node.java:137)
	at org.junit.platform.engine.support.hierarchical.NodeTestTask.lambda$executeRecursively$9(NodeTestTask.java:139)
	at org.junit.platform.engine.support.hierarchical.ThrowableCollector.execute(ThrowableCollector.java:73)
	at org.junit.platform.engine.support.hierarchical.NodeTestTask.executeRecursively(NodeTestTask.java:138)
	at org.junit.platform.engine.support.hierarchical.NodeTestTask.execute(NodeTestTask.java:95)
	at java.base/java.util.ArrayList.forEach(ArrayList.java:1604)
	at org.junit.platform.engine.support.hierarchical.SameThreadHierarchicalTestExecutorService.invokeAll(SameThreadHierarchicalTestExecutorService.java:41)
	at org.junit.platform.engine.support.hierarchical.NodeTestTask.lambda$executeRecursively$6(NodeTestTask.java:155)
	at org.junit.platform.engine.support.hierarchical.ThrowableCollector.execute(ThrowableCollector.java:73)
	at org.junit.platform.engine.support.hierarchical.NodeTestTask.lambda$executeRecursively$8(NodeTestTask.java:141)
	at org.junit.platform.engine.support.hierarchical.Node.around(Node.java:137)
	at org.junit.platform.engine.support.hierarchical.NodeTestTask.lambda$executeRecursively$9(NodeTestTask.java:139)
	at org.junit.platform.engine.support.hierarchical.ThrowableCollector.execute(ThrowableCollector.java:73)
	at org.junit.platform.engine.support.hierarchical.NodeTestTask.executeRecursively(NodeTestTask.java:138)
	at org.junit.platform.engine.support.hierarchical.NodeTestTask.execute(NodeTestTask.java:95)
	at java.base/java.util.ArrayList.forEach(ArrayList.java:1604)
	at org.junit.platform.engine.support.hierarchical.SameThreadHierarchicalTestExecutorService.invokeAll(SameThreadHierarchicalTestExecutorService.java:41)
	at org.junit.platform.engine.support.hierarchical.NodeTestTask.lambda$executeRecursively$6(NodeTestTask.java:155)
	at org.junit.platform.engine.support.hierarchical.ThrowableCollector.execute(ThrowableCollector.java:73)
	at org.junit.platform.engine.support.hierarchical.NodeTestTask.lambda$executeRecursively$8(NodeTestTask.java:141)
	at org.junit.platform.engine.support.hierarchical.Node.around(Node.java:137)
	at org.junit.platform.engine.support.hierarchical.NodeTestTask.lambda$executeRecursively$9(NodeTestTask.java:139)
	at org.junit.platform.engine.support.hierarchical.ThrowableCollector.execute(ThrowableCollector.java:73)
	at org.junit.platform.engine.support.hierarchical.NodeTestTask.executeRecursively(NodeTestTask.java:138)
	at org.junit.platform.engine.support.hierarchical.NodeTestTask.execute(NodeTestTask.java:95)
	at org.junit.platform.engine.support.hierarchical.SameThreadHierarchicalTestExecutorService.submit(SameThreadHierarchicalTestExecutorService.java:35)
	at org.junit.platform.engine.support.hierarchical.HierarchicalTestExecutor.execute(HierarchicalTestExecutor.java:57)
	at org.junit.platform.engine.support.hierarchical.HierarchicalTestEngine.execute(HierarchicalTestEngine.java:54)
	at org.junit.platform.launcher.core.EngineExecutionOrchestrator.execute(EngineExecutionOrchestrator.java:198)
	at org.junit.platform.launcher.core.EngineExecutionOrchestrator.execute(EngineExecutionOrchestrator.java:169)
	at org.junit.platform.launcher.core.EngineExecutionOrchestrator.execute(EngineExecutionOrchestrator.java:93)
	at org.junit.platform.launcher.core.EngineExecutionOrchestrator.lambda$execute$0(EngineExecutionOrchestrator.java:58)
	at org.junit.platform.launcher.core.EngineExecutionOrchestrator.withInterceptedStreams(EngineExecutionOrchestrator.java:141)
	at org.junit.platform.launcher.core.EngineExecutionOrchestrator.execute(EngineExecutionOrchestrator.java:57)
	at org.junit.platform.launcher.core.DefaultLauncher.execute(DefaultLauncher.java:103)
	at org.junit.platform.launcher.core.DefaultLauncher.execute(DefaultLauncher.java:85)
	at org.junit.platform.launcher.core.DelegatingLauncher.execute(DelegatingLauncher.java:47)
	at org.apache.maven.surefire.junitplatform.LazyLauncher.execute(LazyLauncher.java:56)
	at org.apache.maven.surefire.junitplatform.JUnitPlatformProvider.execute(JUnitPlatformProvider.java:184)
	at org.apache.maven.surefire.junitplatform.JUnitPlatformProvider.invokeAllTests(JUnitPlatformProvider.java:148)
	at org.apache.maven.surefire.junitplatform.JUnitPlatformProvider.invoke(JUnitPlatformProvider.java:122)
	at org.apache.maven.surefire.booter.ForkedBooter.runSuitesInProcess(ForkedBooter.java:385)
	at org.apache.maven.surefire.booter.ForkedBooter.execute(ForkedBooter.java:162)
	at org.apache.maven.surefire.booter.ForkedBooter.run(ForkedBooter.java:507)
	at org.apache.maven.surefire.booter.ForkedBooter.main(ForkedBooter.java:495)
15:22:38.266 [main] WARN com.tngtech.archunit.core.importer.ClassFileProcessor -- Error during import from jrt:/java.base/java/util/Objects.class, falling back to simple import
java.lang.IllegalArgumentException: Unsupported class file major version 69
	at com.tngtech.archunit.thirdparty.org.objectweb.asm.ClassReader.<init>(ClassReader.java:200)
	at com.tngtech.archunit.thirdparty.org.objectweb.asm.ClassReader.<init>(ClassReader.java:180)
	at com.tngtech.archunit.thirdparty.org.objectweb.asm.ClassReader.<init>(ClassReader.java:166)
	at com.tngtech.archunit.thirdparty.org.objectweb.asm.ClassReader.<init>(ClassReader.java:288)
	at com.tngtech.archunit.core.importer.ClassFileProcessor$UriImporterOfProcessor.tryImport(ClassFileProcessor.java:350)
	at com.tngtech.archunit.core.importer.resolvers.ClassResolverFromClasspath.tryResolve(ClassResolverFromClasspath.java:51)
	at com.tngtech.archunit.core.importer.ImportedClasses.resolve(ImportedClasses.java:74)
	at com.tngtech.archunit.core.importer.ImportedClasses.ensurePresent(ImportedClasses.java:69)
	at com.tngtech.archunit.core.importer.DependencyResolutionProcess.executeRun(DependencyResolutionProcess.java:146)
	at com.tngtech.archunit.core.importer.DependencyResolutionProcess.resolve(DependencyResolutionProcess.java:122)
	at com.tngtech.archunit.core.importer.ClassGraphCreator.complete(ClassGraphCreator.java:107)
	at com.tngtech.archunit.core.importer.ClassFileProcessor.process(ClassFileProcessor.java:75)
	at com.tngtech.archunit.core.importer.ClassFileImporter.importLocations(ClassFileImporter.java:325)
	at com.tngtech.archunit.junit.internal.ClassCache$CacheClassFileImporter.importClasses(ClassCache.java:126)
	at com.tngtech.archunit.junit.internal.ClassCache$LazyJavaClasses.initialize(ClassCache.java:118)
	at com.tngtech.archunit.junit.internal.ClassCache$LazyJavaClasses.get(ClassCache.java:107)
	at com.tngtech.archunit.junit.internal.ClassCache.getClassesToAnalyzeFor(ClassCache.java:84)
	at com.tngtech.archunit.junit.internal.ArchUnitTestDescriptor.lambda$createChildren$1(ArchUnitTestDescriptor.java:89)
	at com.tngtech.archunit.junit.internal.ArchUnitTestDescriptor$ArchUnitRuleDescriptor.execute(ArchUnitTestDescriptor.java:166)
	at com.tngtech.archunit.junit.internal.ArchUnitTestDescriptor$ArchUnitRuleDescriptor.execute(ArchUnitTestDescriptor.java:149)
	at org.junit.platform.engine.support.hierarchical.NodeTestTask.lambda$executeRecursively$6(NodeTestTask.java:151)
	at org.junit.platform.engine.support.hierarchical.ThrowableCollector.execute(ThrowableCollector.java:73)
	at org.junit.platform.engine.support.hierarchical.NodeTestTask.lambda$executeRecursively$8(NodeTestTask.java:141)
	at org.junit.platform.engine.support.hierarchical.Node.around(Node.java:137)
	at org.junit.platform.engine.support.hierarchical.NodeTestTask.lambda$executeRecursively$9(NodeTestTask.java:139)
	at org.junit.platform.engine.support.hierarchical.ThrowableCollector.execute(ThrowableCollector.java:73)
	at org.junit.platform.engine.support.hierarchical.NodeTestTask.executeRecursively(NodeTestTask.java:138)
	at org.junit.platform.engine.support.hierarchical.NodeTestTask.execute(NodeTestTask.java:95)
	at java.base/java.util.ArrayList.forEach(ArrayList.java:1604)
	at org.junit.platform.engine.support.hierarchical.SameThreadHierarchicalTestExecutorService.invokeAll(SameThreadHierarchicalTestExecutorService.java:41)
	at org.junit.platform.engine.support.hierarchical.NodeTestTask.lambda$executeRecursively$6(NodeTestTask.java:155)
	at org.junit.platform.engine.support.hierarchical.ThrowableCollector.execute(ThrowableCollector.java:73)
	at org.junit.platform.engine.support.hierarchical.NodeTestTask.lambda$executeRecursively$8(NodeTestTask.java:141)
	at org.junit.platform.engine.support.hierarchical.Node.around(Node.java:137)
	at org.junit.platform.engine.support.hierarchical.NodeTestTask.lambda$executeRecursively$9(NodeTestTask.java:139)
	at org.junit.platform.engine.support.hierarchical.ThrowableCollector.execute(ThrowableCollector.java:73)
	at org.junit.platform.engine.support.hierarchical.NodeTestTask.executeRecursively(NodeTestTask.java:138)
	at org.junit.platform.engine.support.hierarchical.NodeTestTask.execute(NodeTestTask.java:95)
	at java.base/java.util.ArrayList.forEach(ArrayList.java:1604)
	at org.junit.platform.engine.support.hierarchical.SameThreadHierarchicalTestExecutorService.invokeAll(SameThreadHierarchicalTestExecutorService.java:41)
	at org.junit.platform.engine.support.hierarchical.NodeTestTask.lambda$executeRecursively$6(NodeTestTask.java:155)
	at org.junit.platform.engine.support.hierarchical.ThrowableCollector.execute(ThrowableCollector.java:73)
	at org.junit.platform.engine.support.hierarchical.NodeTestTask.lambda$executeRecursively$8(NodeTestTask.java:141)
	at org.junit.platform.engine.support.hierarchical.Node.around(Node.java:137)
	at org.junit.platform.engine.support.hierarchical.NodeTestTask.lambda$executeRecursively$9(NodeTestTask.java:139)
	at org.junit.platform.engine.support.hierarchical.ThrowableCollector.execute(ThrowableCollector.java:73)
	at org.junit.platform.engine.support.hierarchical.NodeTestTask.executeRecursively(NodeTestTask.java:138)
	at org.junit.platform.engine.support.hierarchical.NodeTestTask.execute(NodeTestTask.java:95)
	at org.junit.platform.engine.support.hierarchical.SameThreadHierarchicalTestExecutorService.submit(SameThreadHierarchicalTestExecutorService.java:35)
	at org.junit.platform.engine.support.hierarchical.HierarchicalTestExecutor.execute(HierarchicalTestExecutor.java:57)
	at org.junit.platform.engine.support.hierarchical.HierarchicalTestEngine.execute(HierarchicalTestEngine.java:54)
	at org.junit.platform.launcher.core.EngineExecutionOrchestrator.execute(EngineExecutionOrchestrator.java:198)
	at org.junit.platform.launcher.core.EngineExecutionOrchestrator.execute(EngineExecutionOrchestrator.java:169)
	at org.junit.platform.launcher.core.EngineExecutionOrchestrator.execute(EngineExecutionOrchestrator.java:93)
	at org.junit.platform.launcher.core.EngineExecutionOrchestrator.lambda$execute$0(EngineExecutionOrchestrator.java:58)
	at org.junit.platform.launcher.core.EngineExecutionOrchestrator.withInterceptedStreams(EngineExecutionOrchestrator.java:141)
	at org.junit.platform.launcher.core.EngineExecutionOrchestrator.execute(EngineExecutionOrchestrator.java:57)
	at org.junit.platform.launcher.core.DefaultLauncher.execute(DefaultLauncher.java:103)
	at org.junit.platform.launcher.core.DefaultLauncher.execute(DefaultLauncher.java:85)
	at org.junit.platform.launcher.core.DelegatingLauncher.execute(DelegatingLauncher.java:47)
	at org.apache.maven.surefire.junitplatform.LazyLauncher.execute(LazyLauncher.java:56)
	at org.apache.maven.surefire.junitplatform.JUnitPlatformProvider.execute(JUnitPlatformProvider.java:184)
	at org.apache.maven.surefire.junitplatform.JUnitPlatformProvider.invokeAllTests(JUnitPlatformProvider.java:148)
	at org.apache.maven.surefire.junitplatform.JUnitPlatformProvider.invoke(JUnitPlatformProvider.java:122)
	at org.apache.maven.surefire.booter.ForkedBooter.runSuitesInProcess(ForkedBooter.java:385)
	at org.apache.maven.surefire.booter.ForkedBooter.execute(ForkedBooter.java:162)
	at org.apache.maven.surefire.booter.ForkedBooter.run(ForkedBooter.java:507)
	at org.apache.maven.surefire.booter.ForkedBooter.main(ForkedBooter.java:495)
15:22:38.268 [main] WARN com.tngtech.archunit.core.importer.ClassFileProcessor -- Error during import from jrt:/java.base/java/util/Optional.class, falling back to simple import
java.lang.IllegalArgumentException: Unsupported class file major version 69
	at com.tngtech.archunit.thirdparty.org.objectweb.asm.ClassReader.<init>(ClassReader.java:200)
	at com.tngtech.archunit.thirdparty.org.objectweb.asm.ClassReader.<init>(ClassReader.java:180)
	at com.tngtech.archunit.thirdparty.org.objectweb.asm.ClassReader.<init>(ClassReader.java:166)
	at com.tngtech.archunit.thirdparty.org.objectweb.asm.ClassReader.<init>(ClassReader.java:288)
	at com.tngtech.archunit.core.importer.ClassFileProcessor$UriImporterOfProcessor.tryImport(ClassFileProcessor.java:350)
	at com.tngtech.archunit.core.importer.resolvers.ClassResolverFromClasspath.tryResolve(ClassResolverFromClasspath.java:51)
	at com.tngtech.archunit.core.importer.ImportedClasses.resolve(ImportedClasses.java:74)
	at com.tngtech.archunit.core.importer.ImportedClasses.ensurePresent(ImportedClasses.java:69)
	at com.tngtech.archunit.core.importer.DependencyResolutionProcess.executeRun(DependencyResolutionProcess.java:146)
	at com.tngtech.archunit.core.importer.DependencyResolutionProcess.resolve(DependencyResolutionProcess.java:122)
	at com.tngtech.archunit.core.importer.ClassGraphCreator.complete(ClassGraphCreator.java:107)
	at com.tngtech.archunit.core.importer.ClassFileProcessor.process(ClassFileProcessor.java:75)
	at com.tngtech.archunit.core.importer.ClassFileImporter.importLocations(ClassFileImporter.java:325)
	at com.tngtech.archunit.junit.internal.ClassCache$CacheClassFileImporter.importClasses(ClassCache.java:126)
	at com.tngtech.archunit.junit.internal.ClassCache$LazyJavaClasses.initialize(ClassCache.java:118)
	at com.tngtech.archunit.junit.internal.ClassCache$LazyJavaClasses.get(ClassCache.java:107)
	at com.tngtech.archunit.junit.internal.ClassCache.getClassesToAnalyzeFor(ClassCache.java:84)
	at com.tngtech.archunit.junit.internal.ArchUnitTestDescriptor.lambda$createChildren$1(ArchUnitTestDescriptor.java:89)
	at com.tngtech.archunit.junit.internal.ArchUnitTestDescriptor$ArchUnitRuleDescriptor.execute(ArchUnitTestDescriptor.java:166)
	at com.tngtech.archunit.junit.internal.ArchUnitTestDescriptor$ArchUnitRuleDescriptor.execute(ArchUnitTestDescriptor.java:149)
	at org.junit.platform.engine.support.hierarchical.NodeTestTask.lambda$executeRecursively$6(NodeTestTask.java:151)
	at org.junit.platform.engine.support.hierarchical.ThrowableCollector.execute(ThrowableCollector.java:73)
	at org.junit.platform.engine.support.hierarchical.NodeTestTask.lambda$executeRecursively$8(NodeTestTask.java:141)
	at org.junit.platform.engine.support.hierarchical.Node.around(Node.java:137)
	at org.junit.platform.engine.support.hierarchical.NodeTestTask.lambda$executeRecursively$9(NodeTestTask.java:139)
	at org.junit.platform.engine.support.hierarchical.ThrowableCollector.execute(ThrowableCollector.java:73)
	at org.junit.platform.engine.support.hierarchical.NodeTestTask.executeRecursively(NodeTestTask.java:138)
	at org.junit.platform.engine.support.hierarchical.NodeTestTask.execute(NodeTestTask.java:95)
	at java.base/java.util.ArrayList.forEach(ArrayList.java:1604)
	at org.junit.platform.engine.support.hierarchical.SameThreadHierarchicalTestExecutorService.invokeAll(SameThreadHierarchicalTestExecutorService.java:41)
	at org.junit.platform.engine.support.hierarchical.NodeTestTask.lambda$executeRecursively$6(NodeTestTask.java:155)
	at org.junit.platform.engine.support.hierarchical.ThrowableCollector.execute(ThrowableCollector.java:73)
	at org.junit.platform.engine.support.hierarchical.NodeTestTask.lambda$executeRecursively$8(NodeTestTask.java:141)
	at org.junit.platform.engine.support.hierarchical.Node.around(Node.java:137)
	at org.junit.platform.engine.support.hierarchical.NodeTestTask.lambda$executeRecursively$9(NodeTestTask.java:139)
	at org.junit.platform.engine.support.hierarchical.ThrowableCollector.execute(ThrowableCollector.java:73)
	at org.junit.platform.engine.support.hierarchical.NodeTestTask.executeRecursively(NodeTestTask.java:138)
	at org.junit.platform.engine.support.hierarchical.NodeTestTask.execute(NodeTestTask.java:95)
	at java.base/java.util.ArrayList.forEach(ArrayList.java:1604)
	at org.junit.platform.engine.support.hierarchical.SameThreadHierarchicalTestExecutorService.invokeAll(SameThreadHierarchicalTestExecutorService.java:41)
	at org.junit.platform.engine.support.hierarchical.NodeTestTask.lambda$executeRecursively$6(NodeTestTask.java:155)
	at org.junit.platform.engine.support.hierarchical.ThrowableCollector.execute(ThrowableCollector.java:73)
	at org.junit.platform.engine.support.hierarchical.NodeTestTask.lambda$executeRecursively$8(NodeTestTask.java:141)
	at org.junit.platform.engine.support.hierarchical.Node.around(Node.java:137)
	at org.junit.platform.engine.support.hierarchical.NodeTestTask.lambda$executeRecursively$9(NodeTestTask.java:139)
	at org.junit.platform.engine.support.hierarchical.ThrowableCollector.execute(ThrowableCollector.java:73)
	at org.junit.platform.engine.support.hierarchical.NodeTestTask.executeRecursively(NodeTestTask.java:138)
	at org.junit.platform.engine.support.hierarchical.NodeTestTask.execute(NodeTestTask.java:95)
	at org.junit.platform.engine.support.hierarchical.SameThreadHierarchicalTestExecutorService.submit(SameThreadHierarchicalTestExecutorService.java:35)
	at org.junit.platform.engine.support.hierarchical.HierarchicalTestExecutor.execute(HierarchicalTestExecutor.java:57)
	at org.junit.platform.engine.support.hierarchical.HierarchicalTestEngine.execute(HierarchicalTestEngine.java:54)
	at org.junit.platform.launcher.core.EngineExecutionOrchestrator.execute(EngineExecutionOrchestrator.java:198)
	at org.junit.platform.launcher.core.EngineExecutionOrchestrator.execute(EngineExecutionOrchestrator.java:169)
	at org.junit.platform.launcher.core.EngineExecutionOrchestrator.execute(EngineExecutionOrchestrator.java:93)
	at org.junit.platform.launcher.core.EngineExecutionOrchestrator.lambda$execute$0(EngineExecutionOrchestrator.java:58)
	at org.junit.platform.launcher.core.EngineExecutionOrchestrator.withInterceptedStreams(EngineExecutionOrchestrator.java:141)
	at org.junit.platform.launcher.core.EngineExecutionOrchestrator.execute(EngineExecutionOrchestrator.java:57)
	at org.junit.platform.launcher.core.DefaultLauncher.execute(DefaultLauncher.java:103)
	at org.junit.platform.launcher.core.DefaultLauncher.execute(DefaultLauncher.java:85)
	at org.junit.platform.launcher.core.DelegatingLauncher.execute(DelegatingLauncher.java:47)
	at org.apache.maven.surefire.junitplatform.LazyLauncher.execute(LazyLauncher.java:56)
	at org.apache.maven.surefire.junitplatform.JUnitPlatformProvider.execute(JUnitPlatformProvider.java:184)
	at org.apache.maven.surefire.junitplatform.JUnitPlatformProvider.invokeAllTests(JUnitPlatformProvider.java:148)
	at org.apache.maven.surefire.junitplatform.JUnitPlatformProvider.invoke(JUnitPlatformProvider.java:122)
	at org.apache.maven.surefire.booter.ForkedBooter.runSuitesInProcess(ForkedBooter.java:385)
	at org.apache.maven.surefire.booter.ForkedBooter.execute(ForkedBooter.java:162)
	at org.apache.maven.surefire.booter.ForkedBooter.run(ForkedBooter.java:507)
	at org.apache.maven.surefire.booter.ForkedBooter.main(ForkedBooter.java:495)
15:22:38.268 [main] WARN com.tngtech.archunit.core.importer.ClassFileProcessor -- Error during import from jrt:/java.base/java/util/regex/Pattern.class, falling back to simple import
java.lang.IllegalArgumentException: Unsupported class file major version 69
	at com.tngtech.archunit.thirdparty.org.objectweb.asm.ClassReader.<init>(ClassReader.java:200)
	at com.tngtech.archunit.thirdparty.org.objectweb.asm.ClassReader.<init>(ClassReader.java:180)
	at com.tngtech.archunit.thirdparty.org.objectweb.asm.ClassReader.<init>(ClassReader.java:166)
	at com.tngtech.archunit.thirdparty.org.objectweb.asm.ClassReader.<init>(ClassReader.java:288)
	at com.tngtech.archunit.core.importer.ClassFileProcessor$UriImporterOfProcessor.tryImport(ClassFileProcessor.java:350)
	at com.tngtech.archunit.core.importer.resolvers.ClassResolverFromClasspath.tryResolve(ClassResolverFromClasspath.java:51)
	at com.tngtech.archunit.core.importer.ImportedClasses.resolve(ImportedClasses.java:74)
	at com.tngtech.archunit.core.importer.ImportedClasses.ensurePresent(ImportedClasses.java:69)
	at com.tngtech.archunit.core.importer.DependencyResolutionProcess.executeRun(DependencyResolutionProcess.java:146)
	at com.tngtech.archunit.core.importer.DependencyResolutionProcess.resolve(DependencyResolutionProcess.java:122)
	at com.tngtech.archunit.core.importer.ClassGraphCreator.complete(ClassGraphCreator.java:107)
	at com.tngtech.archunit.core.importer.ClassFileProcessor.process(ClassFileProcessor.java:75)
	at com.tngtech.archunit.core.importer.ClassFileImporter.importLocations(ClassFileImporter.java:325)
	at com.tngtech.archunit.junit.internal.ClassCache$CacheClassFileImporter.importClasses(ClassCache.java:126)
	at com.tngtech.archunit.junit.internal.ClassCache$LazyJavaClasses.initialize(ClassCache.java:118)
	at com.tngtech.archunit.junit.internal.ClassCache$LazyJavaClasses.get(ClassCache.java:107)
	at com.tngtech.archunit.junit.internal.ClassCache.getClassesToAnalyzeFor(ClassCache.java:84)
	at com.tngtech.archunit.junit.internal.ArchUnitTestDescriptor.lambda$createChildren$1(ArchUnitTestDescriptor.java:89)
	at com.tngtech.archunit.junit.internal.ArchUnitTestDescriptor$ArchUnitRuleDescriptor.execute(ArchUnitTestDescriptor.java:166)
	at com.tngtech.archunit.junit.internal.ArchUnitTestDescriptor$ArchUnitRuleDescriptor.execute(ArchUnitTestDescriptor.java:149)
	at org.junit.platform.engine.support.hierarchical.NodeTestTask.lambda$executeRecursively$6(NodeTestTask.java:151)
	at org.junit.platform.engine.support.hierarchical.ThrowableCollector.execute(ThrowableCollector.java:73)
	at org.junit.platform.engine.support.hierarchical.NodeTestTask.lambda$executeRecursively$8(NodeTestTask.java:141)
	at org.junit.platform.engine.support.hierarchical.Node.around(Node.java:137)
	at org.junit.platform.engine.support.hierarchical.NodeTestTask.lambda$executeRecursively$9(NodeTestTask.java:139)
	at org.junit.platform.engine.support.hierarchical.ThrowableCollector.execute(ThrowableCollector.java:73)
	at org.junit.platform.engine.support.hierarchical.NodeTestTask.executeRecursively(NodeTestTask.java:138)
	at org.junit.platform.engine.support.hierarchical.NodeTestTask.execute(NodeTestTask.java:95)
	at java.base/java.util.ArrayList.forEach(ArrayList.java:1604)
	at org.junit.platform.engine.support.hierarchical.SameThreadHierarchicalTestExecutorService.invokeAll(SameThreadHierarchicalTestExecutorService.java:41)
	at org.junit.platform.engine.support.hierarchical.NodeTestTask.lambda$executeRecursively$6(NodeTestTask.java:155)
	at org.junit.platform.engine.support.hierarchical.ThrowableCollector.execute(ThrowableCollector.java:73)
	at org.junit.platform.engine.support.hierarchical.NodeTestTask.lambda$executeRecursively$8(NodeTestTask.java:141)
	at org.junit.platform.engine.support.hierarchical.Node.around(Node.java:137)
	at org.junit.platform.engine.support.hierarchical.NodeTestTask.lambda$executeRecursively$9(NodeTestTask.java:139)
	at org.junit.platform.engine.support.hierarchical.ThrowableCollector.execute(ThrowableCollector.java:73)
	at org.junit.platform.engine.support.hierarchical.NodeTestTask.executeRecursively(NodeTestTask.java:138)
	at org.junit.platform.engine.support.hierarchical.NodeTestTask.execute(NodeTestTask.java:95)
	at java.base/java.util.ArrayList.forEach(ArrayList.java:1604)
	at org.junit.platform.engine.support.hierarchical.SameThreadHierarchicalTestExecutorService.invokeAll(SameThreadHierarchicalTestExecutorService.java:41)
	at org.junit.platform.engine.support.hierarchical.NodeTestTask.lambda$executeRecursively$6(NodeTestTask.java:155)
	at org.junit.platform.engine.support.hierarchical.ThrowableCollector.execute(ThrowableCollector.java:73)
	at org.junit.platform.engine.support.hierarchical.NodeTestTask.lambda$executeRecursively$8(NodeTestTask.java:141)
	at org.junit.platform.engine.support.hierarchical.Node.around(Node.java:137)
	at org.junit.platform.engine.support.hierarchical.NodeTestTask.lambda$executeRecursively$9(NodeTestTask.java:139)
	at org.junit.platform.engine.support.hierarchical.ThrowableCollector.execute(ThrowableCollector.java:73)
	at org.junit.platform.engine.support.hierarchical.NodeTestTask.executeRecursively(NodeTestTask.java:138)
	at org.junit.platform.engine.support.hierarchical.NodeTestTask.execute(NodeTestTask.java:95)
	at org.junit.platform.engine.support.hierarchical.SameThreadHierarchicalTestExecutorService.submit(SameThreadHierarchicalTestExecutorService.java:35)
	at org.junit.platform.engine.support.hierarchical.HierarchicalTestExecutor.execute(HierarchicalTestExecutor.java:57)
	at org.junit.platform.engine.support.hierarchical.HierarchicalTestEngine.execute(HierarchicalTestEngine.java:54)
	at org.junit.platform.launcher.core.EngineExecutionOrchestrator.execute(EngineExecutionOrchestrator.java:198)
	at org.junit.platform.launcher.core.EngineExecutionOrchestrator.execute(EngineExecutionOrchestrator.java:169)
	at org.junit.platform.launcher.core.EngineExecutionOrchestrator.execute(EngineExecutionOrchestrator.java:93)
	at org.junit.platform.launcher.core.EngineExecutionOrchestrator.lambda$execute$0(EngineExecutionOrchestrator.java:58)
	at org.junit.platform.launcher.core.EngineExecutionOrchestrator.withInterceptedStreams(EngineExecutionOrchestrator.java:141)
	at org.junit.platform.launcher.core.EngineExecutionOrchestrator.execute(EngineExecutionOrchestrator.java:57)
	at org.junit.platform.launcher.core.DefaultLauncher.execute(DefaultLauncher.java:103)
	at org.junit.platform.launcher.core.DefaultLauncher.execute(DefaultLauncher.java:85)
	at org.junit.platform.launcher.core.DelegatingLauncher.execute(DelegatingLauncher.java:47)
	at org.apache.maven.surefire.junitplatform.LazyLauncher.execute(LazyLauncher.java:56)
	at org.apache.maven.surefire.junitplatform.JUnitPlatformProvider.execute(JUnitPlatformProvider.java:184)
	at org.apache.maven.surefire.junitplatform.JUnitPlatformProvider.invokeAllTests(JUnitPlatformProvider.java:148)
	at org.apache.maven.surefire.junitplatform.JUnitPlatformProvider.invoke(JUnitPlatformProvider.java:122)
	at org.apache.maven.surefire.booter.ForkedBooter.runSuitesInProcess(ForkedBooter.java:385)
	at org.apache.maven.surefire.booter.ForkedBooter.execute(ForkedBooter.java:162)
	at org.apache.maven.surefire.booter.ForkedBooter.run(ForkedBooter.java:507)
	at org.apache.maven.surefire.booter.ForkedBooter.main(ForkedBooter.java:495)
15:22:38.270 [main] WARN com.tngtech.archunit.core.importer.ClassFileProcessor -- Error during import from jrt:/java.base/java/lang/Throwable.class, falling back to simple import
java.lang.IllegalArgumentException: Unsupported class file major version 69
	at com.tngtech.archunit.thirdparty.org.objectweb.asm.ClassReader.<init>(ClassReader.java:200)
	at com.tngtech.archunit.thirdparty.org.objectweb.asm.ClassReader.<init>(ClassReader.java:180)
	at com.tngtech.archunit.thirdparty.org.objectweb.asm.ClassReader.<init>(ClassReader.java:166)
	at com.tngtech.archunit.thirdparty.org.objectweb.asm.ClassReader.<init>(ClassReader.java:288)
	at com.tngtech.archunit.core.importer.ClassFileProcessor$UriImporterOfProcessor.tryImport(ClassFileProcessor.java:350)
	at com.tngtech.archunit.core.importer.resolvers.ClassResolverFromClasspath.tryResolve(ClassResolverFromClasspath.java:51)
	at com.tngtech.archunit.core.importer.ImportedClasses.resolve(ImportedClasses.java:74)
	at com.tngtech.archunit.core.importer.ImportedClasses.ensurePresent(ImportedClasses.java:69)
	at com.tngtech.archunit.core.importer.DependencyResolutionProcess.executeRun(DependencyResolutionProcess.java:146)
	at com.tngtech.archunit.core.importer.DependencyResolutionProcess.resolve(DependencyResolutionProcess.java:122)
	at com.tngtech.archunit.core.importer.ClassGraphCreator.complete(ClassGraphCreator.java:107)
	at com.tngtech.archunit.core.importer.ClassFileProcessor.process(ClassFileProcessor.java:75)
	at com.tngtech.archunit.core.importer.ClassFileImporter.importLocations(ClassFileImporter.java:325)
	at com.tngtech.archunit.junit.internal.ClassCache$CacheClassFileImporter.importClasses(ClassCache.java:126)
	at com.tngtech.archunit.junit.internal.ClassCache$LazyJavaClasses.initialize(ClassCache.java:118)
	at com.tngtech.archunit.junit.internal.ClassCache$LazyJavaClasses.get(ClassCache.java:107)
	at com.tngtech.archunit.junit.internal.ClassCache.getClassesToAnalyzeFor(ClassCache.java:84)
	at com.tngtech.archunit.junit.internal.ArchUnitTestDescriptor.lambda$createChildren$1(ArchUnitTestDescriptor.java:89)
	at com.tngtech.archunit.junit.internal.ArchUnitTestDescriptor$ArchUnitRuleDescriptor.execute(ArchUnitTestDescriptor.java:166)
	at com.tngtech.archunit.junit.internal.ArchUnitTestDescriptor$ArchUnitRuleDescriptor.execute(ArchUnitTestDescriptor.java:149)
	at org.junit.platform.engine.support.hierarchical.NodeTestTask.lambda$executeRecursively$6(NodeTestTask.java:151)
	at org.junit.platform.engine.support.hierarchical.ThrowableCollector.execute(ThrowableCollector.java:73)
	at org.junit.platform.engine.support.hierarchical.NodeTestTask.lambda$executeRecursively$8(NodeTestTask.java:141)
	at org.junit.platform.engine.support.hierarchical.Node.around(Node.java:137)
	at org.junit.platform.engine.support.hierarchical.NodeTestTask.lambda$executeRecursively$9(NodeTestTask.java:139)
	at org.junit.platform.engine.support.hierarchical.ThrowableCollector.execute(ThrowableCollector.java:73)
	at org.junit.platform.engine.support.hierarchical.NodeTestTask.executeRecursively(NodeTestTask.java:138)
	at org.junit.platform.engine.support.hierarchical.NodeTestTask.execute(NodeTestTask.java:95)
	at java.base/java.util.ArrayList.forEach(ArrayList.java:1604)
	at org.junit.platform.engine.support.hierarchical.SameThreadHierarchicalTestExecutorService.invokeAll(SameThreadHierarchicalTestExecutorService.java:41)
	at org.junit.platform.engine.support.hierarchical.NodeTestTask.lambda$executeRecursively$6(NodeTestTask.java:155)
	at org.junit.platform.engine.support.hierarchical.ThrowableCollector.execute(ThrowableCollector.java:73)
	at org.junit.platform.engine.support.hierarchical.NodeTestTask.lambda$executeRecursively$8(NodeTestTask.java:141)
	at org.junit.platform.engine.support.hierarchical.Node.around(Node.java:137)
	at org.junit.platform.engine.support.hierarchical.NodeTestTask.lambda$executeRecursively$9(NodeTestTask.java:139)
	at org.junit.platform.engine.support.hierarchical.ThrowableCollector.execute(ThrowableCollector.java:73)
	at org.junit.platform.engine.support.hierarchical.NodeTestTask.executeRecursively(NodeTestTask.java:138)
	at org.junit.platform.engine.support.hierarchical.NodeTestTask.execute(NodeTestTask.java:95)
	at java.base/java.util.ArrayList.forEach(ArrayList.java:1604)
	at org.junit.platform.engine.support.hierarchical.SameThreadHierarchicalTestExecutorService.invokeAll(SameThreadHierarchicalTestExecutorService.java:41)
	at org.junit.platform.engine.support.hierarchical.NodeTestTask.lambda$executeRecursively$6(NodeTestTask.java:155)
	at org.junit.platform.engine.support.hierarchical.ThrowableCollector.execute(ThrowableCollector.java:73)
	at org.junit.platform.engine.support.hierarchical.NodeTestTask.lambda$executeRecursively$8(NodeTestTask.java:141)
	at org.junit.platform.engine.support.hierarchical.Node.around(Node.java:137)
	at org.junit.platform.engine.support.hierarchical.NodeTestTask.lambda$executeRecursively$9(NodeTestTask.java:139)
	at org.junit.platform.engine.support.hierarchical.ThrowableCollector.execute(ThrowableCollector.java:73)
	at org.junit.platform.engine.support.hierarchical.NodeTestTask.executeRecursively(NodeTestTask.java:138)
	at org.junit.platform.engine.support.hierarchical.NodeTestTask.execute(NodeTestTask.java:95)
	at org.junit.platform.engine.support.hierarchical.SameThreadHierarchicalTestExecutorService.submit(SameThreadHierarchicalTestExecutorService.java:35)
	at org.junit.platform.engine.support.hierarchical.HierarchicalTestExecutor.execute(HierarchicalTestExecutor.java:57)
	at org.junit.platform.engine.support.hierarchical.HierarchicalTestEngine.execute(HierarchicalTestEngine.java:54)
	at org.junit.platform.launcher.core.EngineExecutionOrchestrator.execute(EngineExecutionOrchestrator.java:198)
	at org.junit.platform.launcher.core.EngineExecutionOrchestrator.execute(EngineExecutionOrchestrator.java:169)
	at org.junit.platform.launcher.core.EngineExecutionOrchestrator.execute(EngineExecutionOrchestrator.java:93)
	at org.junit.platform.launcher.core.EngineExecutionOrchestrator.lambda$execute$0(EngineExecutionOrchestrator.java:58)
	at org.junit.platform.launcher.core.EngineExecutionOrchestrator.withInterceptedStreams(EngineExecutionOrchestrator.java:141)
	at org.junit.platform.launcher.core.EngineExecutionOrchestrator.execute(EngineExecutionOrchestrator.java:57)
	at org.junit.platform.launcher.core.DefaultLauncher.execute(DefaultLauncher.java:103)
	at org.junit.platform.launcher.core.DefaultLauncher.execute(DefaultLauncher.java:85)
	at org.junit.platform.launcher.core.DelegatingLauncher.execute(DelegatingLauncher.java:47)
	at org.apache.maven.surefire.junitplatform.LazyLauncher.execute(LazyLauncher.java:56)
	at org.apache.maven.surefire.junitplatform.JUnitPlatformProvider.execute(JUnitPlatformProvider.java:184)
	at org.apache.maven.surefire.junitplatform.JUnitPlatformProvider.invokeAllTests(JUnitPlatformProvider.java:148)
	at org.apache.maven.surefire.junitplatform.JUnitPlatformProvider.invoke(JUnitPlatformProvider.java:122)
	at org.apache.maven.surefire.booter.ForkedBooter.runSuitesInProcess(ForkedBooter.java:385)
	at org.apache.maven.surefire.booter.ForkedBooter.execute(ForkedBooter.java:162)
	at org.apache.maven.surefire.booter.ForkedBooter.run(ForkedBooter.java:507)
	at org.apache.maven.surefire.booter.ForkedBooter.main(ForkedBooter.java:495)
15:22:38.272 [main] WARN com.tngtech.archunit.core.importer.ClassFileProcessor -- Error during import from jrt:/java.base/java/time/LocalDateTime.class, falling back to simple import
java.lang.IllegalArgumentException: Unsupported class file major version 69
	at com.tngtech.archunit.thirdparty.org.objectweb.asm.ClassReader.<init>(ClassReader.java:200)
	at com.tngtech.archunit.thirdparty.org.objectweb.asm.ClassReader.<init>(ClassReader.java:180)
	at com.tngtech.archunit.thirdparty.org.objectweb.asm.ClassReader.<init>(ClassReader.java:166)
	at com.tngtech.archunit.thirdparty.org.objectweb.asm.ClassReader.<init>(ClassReader.java:288)
	at com.tngtech.archunit.core.importer.ClassFileProcessor$UriImporterOfProcessor.tryImport(ClassFileProcessor.java:350)
	at com.tngtech.archunit.core.importer.resolvers.ClassResolverFromClasspath.tryResolve(ClassResolverFromClasspath.java:51)
	at com.tngtech.archunit.core.importer.ImportedClasses.resolve(ImportedClasses.java:74)
	at com.tngtech.archunit.core.importer.ImportedClasses.ensurePresent(ImportedClasses.java:69)
	at com.tngtech.archunit.core.importer.DependencyResolutionProcess.executeRun(DependencyResolutionProcess.java:146)
	at com.tngtech.archunit.core.importer.DependencyResolutionProcess.resolve(DependencyResolutionProcess.java:122)
	at com.tngtech.archunit.core.importer.ClassGraphCreator.complete(ClassGraphCreator.java:107)
	at com.tngtech.archunit.core.importer.ClassFileProcessor.process(ClassFileProcessor.java:75)
	at com.tngtech.archunit.core.importer.ClassFileImporter.importLocations(ClassFileImporter.java:325)
	at com.tngtech.archunit.junit.internal.ClassCache$CacheClassFileImporter.importClasses(ClassCache.java:126)
	at com.tngtech.archunit.junit.internal.ClassCache$LazyJavaClasses.initialize(ClassCache.java:118)
	at com.tngtech.archunit.junit.internal.ClassCache$LazyJavaClasses.get(ClassCache.java:107)
	at com.tngtech.archunit.junit.internal.ClassCache.getClassesToAnalyzeFor(ClassCache.java:84)
	at com.tngtech.archunit.junit.internal.ArchUnitTestDescriptor.lambda$createChildren$1(ArchUnitTestDescriptor.java:89)
	at com.tngtech.archunit.junit.internal.ArchUnitTestDescriptor$ArchUnitRuleDescriptor.execute(ArchUnitTestDescriptor.java:166)
	at com.tngtech.archunit.junit.internal.ArchUnitTestDescriptor$ArchUnitRuleDescriptor.execute(ArchUnitTestDescriptor.java:149)
	at org.junit.platform.engine.support.hierarchical.NodeTestTask.lambda$executeRecursively$6(NodeTestTask.java:151)
	at org.junit.platform.engine.support.hierarchical.ThrowableCollector.execute(ThrowableCollector.java:73)
	at org.junit.platform.engine.support.hierarchical.NodeTestTask.lambda$executeRecursively$8(NodeTestTask.java:141)
	at org.junit.platform.engine.support.hierarchical.Node.around(Node.java:137)
	at org.junit.platform.engine.support.hierarchical.NodeTestTask.lambda$executeRecursively$9(NodeTestTask.java:139)
	at org.junit.platform.engine.support.hierarchical.ThrowableCollector.execute(ThrowableCollector.java:73)
	at org.junit.platform.engine.support.hierarchical.NodeTestTask.executeRecursively(NodeTestTask.java:138)
	at org.junit.platform.engine.support.hierarchical.NodeTestTask.execute(NodeTestTask.java:95)
	at java.base/java.util.ArrayList.forEach(ArrayList.java:1604)
	at org.junit.platform.engine.support.hierarchical.SameThreadHierarchicalTestExecutorService.invokeAll(SameThreadHierarchicalTestExecutorService.java:41)
	at org.junit.platform.engine.support.hierarchical.NodeTestTask.lambda$executeRecursively$6(NodeTestTask.java:155)
	at org.junit.platform.engine.support.hierarchical.ThrowableCollector.execute(ThrowableCollector.java:73)
	at org.junit.platform.engine.support.hierarchical.NodeTestTask.lambda$executeRecursively$8(NodeTestTask.java:141)
	at org.junit.platform.engine.support.hierarchical.Node.around(Node.java:137)
	at org.junit.platform.engine.support.hierarchical.NodeTestTask.lambda$executeRecursively$9(NodeTestTask.java:139)
	at org.junit.platform.engine.support.hierarchical.ThrowableCollector.execute(ThrowableCollector.java:73)
	at org.junit.platform.engine.support.hierarchical.NodeTestTask.executeRecursively(NodeTestTask.java:138)
	at org.junit.platform.engine.support.hierarchical.NodeTestTask.execute(NodeTestTask.java:95)
	at java.base/java.util.ArrayList.forEach(ArrayList.java:1604)
	at org.junit.platform.engine.support.hierarchical.SameThreadHierarchicalTestExecutorService.invokeAll(SameThreadHierarchicalTestExecutorService.java:41)
	at org.junit.platform.engine.support.hierarchical.NodeTestTask.lambda$executeRecursively$6(NodeTestTask.java:155)
	at org.junit.platform.engine.support.hierarchical.ThrowableCollector.execute(ThrowableCollector.java:73)
	at org.junit.platform.engine.support.hierarchical.NodeTestTask.lambda$executeRecursively$8(NodeTestTask.java:141)
	at org.junit.platform.engine.support.hierarchical.Node.around(Node.java:137)
	at org.junit.platform.engine.support.hierarchical.NodeTestTask.lambda$executeRecursively$9(NodeTestTask.java:139)
	at org.junit.platform.engine.support.hierarchical.ThrowableCollector.execute(ThrowableCollector.java:73)
	at org.junit.platform.engine.support.hierarchical.NodeTestTask.executeRecursively(NodeTestTask.java:138)
	at org.junit.platform.engine.support.hierarchical.NodeTestTask.execute(NodeTestTask.java:95)
	at org.junit.platform.engine.support.hierarchical.SameThreadHierarchicalTestExecutorService.submit(SameThreadHierarchicalTestExecutorService.java:35)
	at org.junit.platform.engine.support.hierarchical.HierarchicalTestExecutor.execute(HierarchicalTestExecutor.java:57)
	at org.junit.platform.engine.support.hierarchical.HierarchicalTestEngine.execute(HierarchicalTestEngine.java:54)
	at org.junit.platform.launcher.core.EngineExecutionOrchestrator.execute(EngineExecutionOrchestrator.java:198)
	at org.junit.platform.launcher.core.EngineExecutionOrchestrator.execute(EngineExecutionOrchestrator.java:169)
	at org.junit.platform.launcher.core.EngineExecutionOrchestrator.execute(EngineExecutionOrchestrator.java:93)
	at org.junit.platform.launcher.core.EngineExecutionOrchestrator.lambda$execute$0(EngineExecutionOrchestrator.java:58)
	at org.junit.platform.launcher.core.EngineExecutionOrchestrator.withInterceptedStreams(EngineExecutionOrchestrator.java:141)
	at org.junit.platform.launcher.core.EngineExecutionOrchestrator.execute(EngineExecutionOrchestrator.java:57)
	at org.junit.platform.launcher.core.DefaultLauncher.execute(DefaultLauncher.java:103)
	at org.junit.platform.launcher.core.DefaultLauncher.execute(DefaultLauncher.java:85)
	at org.junit.platform.launcher.core.DelegatingLauncher.execute(DelegatingLauncher.java:47)
	at org.apache.maven.surefire.junitplatform.LazyLauncher.execute(LazyLauncher.java:56)
	at org.apache.maven.surefire.junitplatform.JUnitPlatformProvider.execute(JUnitPlatformProvider.java:184)
	at org.apache.maven.surefire.junitplatform.JUnitPlatformProvider.invokeAllTests(JUnitPlatformProvider.java:148)
	at org.apache.maven.surefire.junitplatform.JUnitPlatformProvider.invoke(JUnitPlatformProvider.java:122)
	at org.apache.maven.surefire.booter.ForkedBooter.runSuitesInProcess(ForkedBooter.java:385)
	at org.apache.maven.surefire.booter.ForkedBooter.execute(ForkedBooter.java:162)
	at org.apache.maven.surefire.booter.ForkedBooter.run(ForkedBooter.java:507)
	at org.apache.maven.surefire.booter.ForkedBooter.main(ForkedBooter.java:495)
15:22:38.274 [main] WARN com.tngtech.archunit.core.importer.ClassFileProcessor -- Error during import from jrt:/java.base/java/io/PrintStream.class, falling back to simple import
java.lang.IllegalArgumentException: Unsupported class file major version 69
	at com.tngtech.archunit.thirdparty.org.objectweb.asm.ClassReader.<init>(ClassReader.java:200)
	at com.tngtech.archunit.thirdparty.org.objectweb.asm.ClassReader.<init>(ClassReader.java:180)
	at com.tngtech.archunit.thirdparty.org.objectweb.asm.ClassReader.<init>(ClassReader.java:166)
	at com.tngtech.archunit.thirdparty.org.objectweb.asm.ClassReader.<init>(ClassReader.java:288)
	at com.tngtech.archunit.core.importer.ClassFileProcessor$UriImporterOfProcessor.tryImport(ClassFileProcessor.java:350)
	at com.tngtech.archunit.core.importer.resolvers.ClassResolverFromClasspath.tryResolve(ClassResolverFromClasspath.java:51)
	at com.tngtech.archunit.core.importer.ImportedClasses.resolve(ImportedClasses.java:74)
	at com.tngtech.archunit.core.importer.ImportedClasses.ensurePresent(ImportedClasses.java:69)
	at com.tngtech.archunit.core.importer.DependencyResolutionProcess.executeRun(DependencyResolutionProcess.java:146)
	at com.tngtech.archunit.core.importer.DependencyResolutionProcess.resolve(DependencyResolutionProcess.java:122)
	at com.tngtech.archunit.core.importer.ClassGraphCreator.complete(ClassGraphCreator.java:107)
	at com.tngtech.archunit.core.importer.ClassFileProcessor.process(ClassFileProcessor.java:75)
	at com.tngtech.archunit.core.importer.ClassFileImporter.importLocations(ClassFileImporter.java:325)
	at com.tngtech.archunit.junit.internal.ClassCache$CacheClassFileImporter.importClasses(ClassCache.java:126)
	at com.tngtech.archunit.junit.internal.ClassCache$LazyJavaClasses.initialize(ClassCache.java:118)
	at com.tngtech.archunit.junit.internal.ClassCache$LazyJavaClasses.get(ClassCache.java:107)
	at com.tngtech.archunit.junit.internal.ClassCache.getClassesToAnalyzeFor(ClassCache.java:84)
	at com.tngtech.archunit.junit.internal.ArchUnitTestDescriptor.lambda$createChildren$1(ArchUnitTestDescriptor.java:89)
	at com.tngtech.archunit.junit.internal.ArchUnitTestDescriptor$ArchUnitRuleDescriptor.execute(ArchUnitTestDescriptor.java:166)
	at com.tngtech.archunit.junit.internal.ArchUnitTestDescriptor$ArchUnitRuleDescriptor.execute(ArchUnitTestDescriptor.java:149)
	at org.junit.platform.engine.support.hierarchical.NodeTestTask.lambda$executeRecursively$6(NodeTestTask.java:151)
	at org.junit.platform.engine.support.hierarchical.ThrowableCollector.execute(ThrowableCollector.java:73)
	at org.junit.platform.engine.support.hierarchical.NodeTestTask.lambda$executeRecursively$8(NodeTestTask.java:141)
	at org.junit.platform.engine.support.hierarchical.Node.around(Node.java:137)
	at org.junit.platform.engine.support.hierarchical.NodeTestTask.lambda$executeRecursively$9(NodeTestTask.java:139)
	at org.junit.platform.engine.support.hierarchical.ThrowableCollector.execute(ThrowableCollector.java:73)
	at org.junit.platform.engine.support.hierarchical.NodeTestTask.executeRecursively(NodeTestTask.java:138)
	at org.junit.platform.engine.support.hierarchical.NodeTestTask.execute(NodeTestTask.java:95)
	at java.base/java.util.ArrayList.forEach(ArrayList.java:1604)
	at org.junit.platform.engine.support.hierarchical.SameThreadHierarchicalTestExecutorService.invokeAll(SameThreadHierarchicalTestExecutorService.java:41)
	at org.junit.platform.engine.support.hierarchical.NodeTestTask.lambda$executeRecursively$6(NodeTestTask.java:155)
	at org.junit.platform.engine.support.hierarchical.ThrowableCollector.execute(ThrowableCollector.java:73)
	at org.junit.platform.engine.support.hierarchical.NodeTestTask.lambda$executeRecursively$8(NodeTestTask.java:141)
	at org.junit.platform.engine.support.hierarchical.Node.around(Node.java:137)
	at org.junit.platform.engine.support.hierarchical.NodeTestTask.lambda$executeRecursively$9(NodeTestTask.java:139)
	at org.junit.platform.engine.support.hierarchical.ThrowableCollector.execute(ThrowableCollector.java:73)
	at org.junit.platform.engine.support.hierarchical.NodeTestTask.executeRecursively(NodeTestTask.java:138)
	at org.junit.platform.engine.support.hierarchical.NodeTestTask.execute(NodeTestTask.java:95)
	at java.base/java.util.ArrayList.forEach(ArrayList.java:1604)
	at org.junit.platform.engine.support.hierarchical.SameThreadHierarchicalTestExecutorService.invokeAll(SameThreadHierarchicalTestExecutorService.java:41)
	at org.junit.platform.engine.support.hierarchical.NodeTestTask.lambda$executeRecursively$6(NodeTestTask.java:155)
	at org.junit.platform.engine.support.hierarchical.ThrowableCollector.execute(ThrowableCollector.java:73)
	at org.junit.platform.engine.support.hierarchical.NodeTestTask.lambda$executeRecursively$8(NodeTestTask.java:141)
	at org.junit.platform.engine.support.hierarchical.Node.around(Node.java:137)
	at org.junit.platform.engine.support.hierarchical.NodeTestTask.lambda$executeRecursively$9(NodeTestTask.java:139)
	at org.junit.platform.engine.support.hierarchical.ThrowableCollector.execute(ThrowableCollector.java:73)
	at org.junit.platform.engine.support.hierarchical.NodeTestTask.executeRecursively(NodeTestTask.java:138)
	at org.junit.platform.engine.support.hierarchical.NodeTestTask.execute(NodeTestTask.java:95)
	at org.junit.platform.engine.support.hierarchical.SameThreadHierarchicalTestExecutorService.submit(SameThreadHierarchicalTestExecutorService.java:35)
	at org.junit.platform.engine.support.hierarchical.HierarchicalTestExecutor.execute(HierarchicalTestExecutor.java:57)
	at org.junit.platform.engine.support.hierarchical.HierarchicalTestEngine.execute(HierarchicalTestEngine.java:54)
	at org.junit.platform.launcher.core.EngineExecutionOrchestrator.execute(EngineExecutionOrchestrator.java:198)
	at org.junit.platform.launcher.core.EngineExecutionOrchestrator.execute(EngineExecutionOrchestrator.java:169)
	at org.junit.platform.launcher.core.EngineExecutionOrchestrator.execute(EngineExecutionOrchestrator.java:93)
	at org.junit.platform.launcher.core.EngineExecutionOrchestrator.lambda$execute$0(EngineExecutionOrchestrator.java:58)
	at org.junit.platform.launcher.core.EngineExecutionOrchestrator.withInterceptedStreams(EngineExecutionOrchestrator.java:141)
	at org.junit.platform.launcher.core.EngineExecutionOrchestrator.execute(EngineExecutionOrchestrator.java:57)
	at org.junit.platform.launcher.core.DefaultLauncher.execute(DefaultLauncher.java:103)
	at org.junit.platform.launcher.core.DefaultLauncher.execute(DefaultLauncher.java:85)
	at org.junit.platform.launcher.core.DelegatingLauncher.execute(DelegatingLauncher.java:47)
	at org.apache.maven.surefire.junitplatform.LazyLauncher.execute(LazyLauncher.java:56)
	at org.apache.maven.surefire.junitplatform.JUnitPlatformProvider.execute(JUnitPlatformProvider.java:184)
	at org.apache.maven.surefire.junitplatform.JUnitPlatformProvider.invokeAllTests(JUnitPlatformProvider.java:148)
	at org.apache.maven.surefire.junitplatform.JUnitPlatformProvider.invoke(JUnitPlatformProvider.java:122)
	at org.apache.maven.surefire.booter.ForkedBooter.runSuitesInProcess(ForkedBooter.java:385)
	at org.apache.maven.surefire.booter.ForkedBooter.execute(ForkedBooter.java:162)
	at org.apache.maven.surefire.booter.ForkedBooter.run(ForkedBooter.java:507)
	at org.apache.maven.surefire.booter.ForkedBooter.main(ForkedBooter.java:495)
15:22:38.276 [main] WARN com.tngtech.archunit.core.importer.ClassFileProcessor -- Error during import from jrt:/java.base/java/lang/RuntimeException.class, falling back to simple import
java.lang.IllegalArgumentException: Unsupported class file major version 69
	at com.tngtech.archunit.thirdparty.org.objectweb.asm.ClassReader.<init>(ClassReader.java:200)
	at com.tngtech.archunit.thirdparty.org.objectweb.asm.ClassReader.<init>(ClassReader.java:180)
	at com.tngtech.archunit.thirdparty.org.objectweb.asm.ClassReader.<init>(ClassReader.java:166)
	at com.tngtech.archunit.thirdparty.org.objectweb.asm.ClassReader.<init>(ClassReader.java:288)
	at com.tngtech.archunit.core.importer.ClassFileProcessor$UriImporterOfProcessor.tryImport(ClassFileProcessor.java:350)
	at com.tngtech.archunit.core.importer.resolvers.ClassResolverFromClasspath.tryResolve(ClassResolverFromClasspath.java:51)
	at com.tngtech.archunit.core.importer.ImportedClasses.resolve(ImportedClasses.java:74)
	at com.tngtech.archunit.core.importer.ImportedClasses.ensurePresent(ImportedClasses.java:69)
	at com.tngtech.archunit.core.importer.DependencyResolutionProcess.executeRun(DependencyResolutionProcess.java:146)
	at com.tngtech.archunit.core.importer.DependencyResolutionProcess.resolve(DependencyResolutionProcess.java:122)
	at com.tngtech.archunit.core.importer.ClassGraphCreator.complete(ClassGraphCreator.java:107)
	at com.tngtech.archunit.core.importer.ClassFileProcessor.process(ClassFileProcessor.java:75)
	at com.tngtech.archunit.core.importer.ClassFileImporter.importLocations(ClassFileImporter.java:325)
	at com.tngtech.archunit.junit.internal.ClassCache$CacheClassFileImporter.importClasses(ClassCache.java:126)
	at com.tngtech.archunit.junit.internal.ClassCache$LazyJavaClasses.initialize(ClassCache.java:118)
	at com.tngtech.archunit.junit.internal.ClassCache$LazyJavaClasses.get(ClassCache.java:107)
	at com.tngtech.archunit.junit.internal.ClassCache.getClassesToAnalyzeFor(ClassCache.java:84)
	at com.tngtech.archunit.junit.internal.ArchUnitTestDescriptor.lambda$createChildren$1(ArchUnitTestDescriptor.java:89)
	at com.tngtech.archunit.junit.internal.ArchUnitTestDescriptor$ArchUnitRuleDescriptor.execute(ArchUnitTestDescriptor.java:166)
	at com.tngtech.archunit.junit.internal.ArchUnitTestDescriptor$ArchUnitRuleDescriptor.execute(ArchUnitTestDescriptor.java:149)
	at org.junit.platform.engine.support.hierarchical.NodeTestTask.lambda$executeRecursively$6(NodeTestTask.java:151)
	at org.junit.platform.engine.support.hierarchical.ThrowableCollector.execute(ThrowableCollector.java:73)
	at org.junit.platform.engine.support.hierarchical.NodeTestTask.lambda$executeRecursively$8(NodeTestTask.java:141)
	at org.junit.platform.engine.support.hierarchical.Node.around(Node.java:137)
	at org.junit.platform.engine.support.hierarchical.NodeTestTask.lambda$executeRecursively$9(NodeTestTask.java:139)
	at org.junit.platform.engine.support.hierarchical.ThrowableCollector.execute(ThrowableCollector.java:73)
	at org.junit.platform.engine.support.hierarchical.NodeTestTask.executeRecursively(NodeTestTask.java:138)
	at org.junit.platform.engine.support.hierarchical.NodeTestTask.execute(NodeTestTask.java:95)
	at java.base/java.util.ArrayList.forEach(ArrayList.java:1604)
	at org.junit.platform.engine.support.hierarchical.SameThreadHierarchicalTestExecutorService.invokeAll(SameThreadHierarchicalTestExecutorService.java:41)
	at org.junit.platform.engine.support.hierarchical.NodeTestTask.lambda$executeRecursively$6(NodeTestTask.java:155)
	at org.junit.platform.engine.support.hierarchical.ThrowableCollector.execute(ThrowableCollector.java:73)
	at org.junit.platform.engine.support.hierarchical.NodeTestTask.lambda$executeRecursively$8(NodeTestTask.java:141)
	at org.junit.platform.engine.support.hierarchical.Node.around(Node.java:137)
	at org.junit.platform.engine.support.hierarchical.NodeTestTask.lambda$executeRecursively$9(NodeTestTask.java:139)
	at org.junit.platform.engine.support.hierarchical.ThrowableCollector.execute(ThrowableCollector.java:73)
	at org.junit.platform.engine.support.hierarchical.NodeTestTask.executeRecursively(NodeTestTask.java:138)
	at org.junit.platform.engine.support.hierarchical.NodeTestTask.execute(NodeTestTask.java:95)
	at java.base/java.util.ArrayList.forEach(ArrayList.java:1604)
	at org.junit.platform.engine.support.hierarchical.SameThreadHierarchicalTestExecutorService.invokeAll(SameThreadHierarchicalTestExecutorService.java:41)
	at org.junit.platform.engine.support.hierarchical.NodeTestTask.lambda$executeRecursively$6(NodeTestTask.java:155)
	at org.junit.platform.engine.support.hierarchical.ThrowableCollector.execute(ThrowableCollector.java:73)
	at org.junit.platform.engine.support.hierarchical.NodeTestTask.lambda$executeRecursively$8(NodeTestTask.java:141)
	at org.junit.platform.engine.support.hierarchical.Node.around(Node.java:137)
	at org.junit.platform.engine.support.hierarchical.NodeTestTask.lambda$executeRecursively$9(NodeTestTask.java:139)
	at org.junit.platform.engine.support.hierarchical.ThrowableCollector.execute(ThrowableCollector.java:73)
	at org.junit.platform.engine.support.hierarchical.NodeTestTask.executeRecursively(NodeTestTask.java:138)
	at org.junit.platform.engine.support.hierarchical.NodeTestTask.execute(NodeTestTask.java:95)
	at org.junit.platform.engine.support.hierarchical.SameThreadHierarchicalTestExecutorService.submit(SameThreadHierarchicalTestExecutorService.java:35)
	at org.junit.platform.engine.support.hierarchical.HierarchicalTestExecutor.execute(HierarchicalTestExecutor.java:57)
	at org.junit.platform.engine.support.hierarchical.HierarchicalTestEngine.execute(HierarchicalTestEngine.java:54)
	at org.junit.platform.launcher.core.EngineExecutionOrchestrator.execute(EngineExecutionOrchestrator.java:198)
	at org.junit.platform.launcher.core.EngineExecutionOrchestrator.execute(EngineExecutionOrchestrator.java:169)
	at org.junit.platform.launcher.core.EngineExecutionOrchestrator.execute(EngineExecutionOrchestrator.java:93)
	at org.junit.platform.launcher.core.EngineExecutionOrchestrator.lambda$execute$0(EngineExecutionOrchestrator.java:58)
	at org.junit.platform.launcher.core.EngineExecutionOrchestrator.withInterceptedStreams(EngineExecutionOrchestrator.java:141)
	at org.junit.platform.launcher.core.EngineExecutionOrchestrator.execute(EngineExecutionOrchestrator.java:57)
	at org.junit.platform.launcher.core.DefaultLauncher.execute(DefaultLauncher.java:103)
	at org.junit.platform.launcher.core.DefaultLauncher.execute(DefaultLauncher.java:85)
	at org.junit.platform.launcher.core.DelegatingLauncher.execute(DelegatingLauncher.java:47)
	at org.apache.maven.surefire.junitplatform.LazyLauncher.execute(LazyLauncher.java:56)
	at org.apache.maven.surefire.junitplatform.JUnitPlatformProvider.execute(JUnitPlatformProvider.java:184)
	at org.apache.maven.surefire.junitplatform.JUnitPlatformProvider.invokeAllTests(JUnitPlatformProvider.java:148)
	at org.apache.maven.surefire.junitplatform.JUnitPlatformProvider.invoke(JUnitPlatformProvider.java:122)
	at org.apache.maven.surefire.booter.ForkedBooter.runSuitesInProcess(ForkedBooter.java:385)
	at org.apache.maven.surefire.booter.ForkedBooter.execute(ForkedBooter.java:162)
	at org.apache.maven.surefire.booter.ForkedBooter.run(ForkedBooter.java:507)
	at org.apache.maven.surefire.booter.ForkedBooter.main(ForkedBooter.java:495)
15:22:38.277 [main] WARN com.tngtech.archunit.core.importer.ClassFileProcessor -- Error during import from jrt:/java.base/java/lang/IllegalArgumentException.class, falling back to simple import
java.lang.IllegalArgumentException: Unsupported class file major version 69
	at com.tngtech.archunit.thirdparty.org.objectweb.asm.ClassReader.<init>(ClassReader.java:200)
	at com.tngtech.archunit.thirdparty.org.objectweb.asm.ClassReader.<init>(ClassReader.java:180)
	at com.tngtech.archunit.thirdparty.org.objectweb.asm.ClassReader.<init>(ClassReader.java:166)
	at com.tngtech.archunit.thirdparty.org.objectweb.asm.ClassReader.<init>(ClassReader.java:288)
	at com.tngtech.archunit.core.importer.ClassFileProcessor$UriImporterOfProcessor.tryImport(ClassFileProcessor.java:350)
	at com.tngtech.archunit.core.importer.resolvers.ClassResolverFromClasspath.tryResolve(ClassResolverFromClasspath.java:51)
	at com.tngtech.archunit.core.importer.ImportedClasses.resolve(ImportedClasses.java:74)
	at com.tngtech.archunit.core.importer.ImportedClasses.ensurePresent(ImportedClasses.java:69)
	at com.tngtech.archunit.core.importer.DependencyResolutionProcess.executeRun(DependencyResolutionProcess.java:146)
	at com.tngtech.archunit.core.importer.DependencyResolutionProcess.resolve(DependencyResolutionProcess.java:122)
	at com.tngtech.archunit.core.importer.ClassGraphCreator.complete(ClassGraphCreator.java:107)
	at com.tngtech.archunit.core.importer.ClassFileProcessor.process(ClassFileProcessor.java:75)
	at com.tngtech.archunit.core.importer.ClassFileImporter.importLocations(ClassFileImporter.java:325)
	at com.tngtech.archunit.junit.internal.ClassCache$CacheClassFileImporter.importClasses(ClassCache.java:126)
	at com.tngtech.archunit.junit.internal.ClassCache$LazyJavaClasses.initialize(ClassCache.java:118)
	at com.tngtech.archunit.junit.internal.ClassCache$LazyJavaClasses.get(ClassCache.java:107)
	at com.tngtech.archunit.junit.internal.ClassCache.getClassesToAnalyzeFor(ClassCache.java:84)
	at com.tngtech.archunit.junit.internal.ArchUnitTestDescriptor.lambda$createChildren$1(ArchUnitTestDescriptor.java:89)
	at com.tngtech.archunit.junit.internal.ArchUnitTestDescriptor$ArchUnitRuleDescriptor.execute(ArchUnitTestDescriptor.java:166)
	at com.tngtech.archunit.junit.internal.ArchUnitTestDescriptor$ArchUnitRuleDescriptor.execute(ArchUnitTestDescriptor.java:149)
	at org.junit.platform.engine.support.hierarchical.NodeTestTask.lambda$executeRecursively$6(NodeTestTask.java:151)
	at org.junit.platform.engine.support.hierarchical.ThrowableCollector.execute(ThrowableCollector.java:73)
	at org.junit.platform.engine.support.hierarchical.NodeTestTask.lambda$executeRecursively$8(NodeTestTask.java:141)
	at org.junit.platform.engine.support.hierarchical.Node.around(Node.java:137)
	at org.junit.platform.engine.support.hierarchical.NodeTestTask.lambda$executeRecursively$9(NodeTestTask.java:139)
	at org.junit.platform.engine.support.hierarchical.ThrowableCollector.execute(ThrowableCollector.java:73)
	at org.junit.platform.engine.support.hierarchical.NodeTestTask.executeRecursively(NodeTestTask.java:138)
	at org.junit.platform.engine.support.hierarchical.NodeTestTask.execute(NodeTestTask.java:95)
	at java.base/java.util.ArrayList.forEach(ArrayList.java:1604)
	at org.junit.platform.engine.support.hierarchical.SameThreadHierarchicalTestExecutorService.invokeAll(SameThreadHierarchicalTestExecutorService.java:41)
	at org.junit.platform.engine.support.hierarchical.NodeTestTask.lambda$executeRecursively$6(NodeTestTask.java:155)
	at org.junit.platform.engine.support.hierarchical.ThrowableCollector.execute(ThrowableCollector.java:73)
	at org.junit.platform.engine.support.hierarchical.NodeTestTask.lambda$executeRecursively$8(NodeTestTask.java:141)
	at org.junit.platform.engine.support.hierarchical.Node.around(Node.java:137)
	at org.junit.platform.engine.support.hierarchical.NodeTestTask.lambda$executeRecursively$9(NodeTestTask.java:139)
	at org.junit.platform.engine.support.hierarchical.ThrowableCollector.execute(ThrowableCollector.java:73)
	at org.junit.platform.engine.support.hierarchical.NodeTestTask.executeRecursively(NodeTestTask.java:138)
	at org.junit.platform.engine.support.hierarchical.NodeTestTask.execute(NodeTestTask.java:95)
	at java.base/java.util.ArrayList.forEach(ArrayList.java:1604)
	at org.junit.platform.engine.support.hierarchical.SameThreadHierarchicalTestExecutorService.invokeAll(SameThreadHierarchicalTestExecutorService.java:41)
	at org.junit.platform.engine.support.hierarchical.NodeTestTask.lambda$executeRecursively$6(NodeTestTask.java:155)
	at org.junit.platform.engine.support.hierarchical.ThrowableCollector.execute(ThrowableCollector.java:73)
	at org.junit.platform.engine.support.hierarchical.NodeTestTask.lambda$executeRecursively$8(NodeTestTask.java:141)
	at org.junit.platform.engine.support.hierarchical.Node.around(Node.java:137)
	at org.junit.platform.engine.support.hierarchical.NodeTestTask.lambda$executeRecursively$9(NodeTestTask.java:139)
	at org.junit.platform.engine.support.hierarchical.ThrowableCollector.execute(ThrowableCollector.java:73)
	at org.junit.platform.engine.support.hierarchical.NodeTestTask.executeRecursively(NodeTestTask.java:138)
	at org.junit.platform.engine.support.hierarchical.NodeTestTask.execute(NodeTestTask.java:95)
	at org.junit.platform.engine.support.hierarchical.SameThreadHierarchicalTestExecutorService.submit(SameThreadHierarchicalTestExecutorService.java:35)
	at org.junit.platform.engine.support.hierarchical.HierarchicalTestExecutor.execute(HierarchicalTestExecutor.java:57)
	at org.junit.platform.engine.support.hierarchical.HierarchicalTestEngine.execute(HierarchicalTestEngine.java:54)
	at org.junit.platform.launcher.core.EngineExecutionOrchestrator.execute(EngineExecutionOrchestrator.java:198)
	at org.junit.platform.launcher.core.EngineExecutionOrchestrator.execute(EngineExecutionOrchestrator.java:169)
	at org.junit.platform.launcher.core.EngineExecutionOrchestrator.execute(EngineExecutionOrchestrator.java:93)
	at org.junit.platform.launcher.core.EngineExecutionOrchestrator.lambda$execute$0(EngineExecutionOrchestrator.java:58)
	at org.junit.platform.launcher.core.EngineExecutionOrchestrator.withInterceptedStreams(EngineExecutionOrchestrator.java:141)
	at org.junit.platform.launcher.core.EngineExecutionOrchestrator.execute(EngineExecutionOrchestrator.java:57)
	at org.junit.platform.launcher.core.DefaultLauncher.execute(DefaultLauncher.java:103)
	at org.junit.platform.launcher.core.DefaultLauncher.execute(DefaultLauncher.java:85)
	at org.junit.platform.launcher.core.DelegatingLauncher.execute(DelegatingLauncher.java:47)
	at org.apache.maven.surefire.junitplatform.LazyLauncher.execute(LazyLauncher.java:56)
	at org.apache.maven.surefire.junitplatform.JUnitPlatformProvider.execute(JUnitPlatformProvider.java:184)
	at org.apache.maven.surefire.junitplatform.JUnitPlatformProvider.invokeAllTests(JUnitPlatformProvider.java:148)
	at org.apache.maven.surefire.junitplatform.JUnitPlatformProvider.invoke(JUnitPlatformProvider.java:122)
	at org.apache.maven.surefire.booter.ForkedBooter.runSuitesInProcess(ForkedBooter.java:385)
	at org.apache.maven.surefire.booter.ForkedBooter.execute(ForkedBooter.java:162)
	at org.apache.maven.surefire.booter.ForkedBooter.run(ForkedBooter.java:507)
	at org.apache.maven.surefire.booter.ForkedBooter.main(ForkedBooter.java:495)
15:22:38.278 [main] WARN com.tngtech.archunit.core.importer.ClassFileProcessor -- Error during import from jrt:/java.base/java/lang/Object.class, falling back to simple import
java.lang.IllegalArgumentException: Unsupported class file major version 69
	at com.tngtech.archunit.thirdparty.org.objectweb.asm.ClassReader.<init>(ClassReader.java:200)
	at com.tngtech.archunit.thirdparty.org.objectweb.asm.ClassReader.<init>(ClassReader.java:180)
	at com.tngtech.archunit.thirdparty.org.objectweb.asm.ClassReader.<init>(ClassReader.java:166)
	at com.tngtech.archunit.thirdparty.org.objectweb.asm.ClassReader.<init>(ClassReader.java:288)
	at com.tngtech.archunit.core.importer.ClassFileProcessor$UriImporterOfProcessor.tryImport(ClassFileProcessor.java:350)
	at com.tngtech.archunit.core.importer.resolvers.ClassResolverFromClasspath.tryResolve(ClassResolverFromClasspath.java:51)
	at com.tngtech.archunit.core.importer.ImportedClasses.resolve(ImportedClasses.java:74)
	at com.tngtech.archunit.core.importer.ImportedClasses.ensurePresent(ImportedClasses.java:69)
	at com.tngtech.archunit.core.importer.DependencyResolutionProcess.executeRun(DependencyResolutionProcess.java:146)
	at com.tngtech.archunit.core.importer.DependencyResolutionProcess.resolve(DependencyResolutionProcess.java:122)
	at com.tngtech.archunit.core.importer.ClassGraphCreator.complete(ClassGraphCreator.java:107)
	at com.tngtech.archunit.core.importer.ClassFileProcessor.process(ClassFileProcessor.java:75)
	at com.tngtech.archunit.core.importer.ClassFileImporter.importLocations(ClassFileImporter.java:325)
	at com.tngtech.archunit.junit.internal.ClassCache$CacheClassFileImporter.importClasses(ClassCache.java:126)
	at com.tngtech.archunit.junit.internal.ClassCache$LazyJavaClasses.initialize(ClassCache.java:118)
	at com.tngtech.archunit.junit.internal.ClassCache$LazyJavaClasses.get(ClassCache.java:107)
	at com.tngtech.archunit.junit.internal.ClassCache.getClassesToAnalyzeFor(ClassCache.java:84)
	at com.tngtech.archunit.junit.internal.ArchUnitTestDescriptor.lambda$createChildren$1(ArchUnitTestDescriptor.java:89)
	at com.tngtech.archunit.junit.internal.ArchUnitTestDescriptor$ArchUnitRuleDescriptor.execute(ArchUnitTestDescriptor.java:166)
	at com.tngtech.archunit.junit.internal.ArchUnitTestDescriptor$ArchUnitRuleDescriptor.execute(ArchUnitTestDescriptor.java:149)
	at org.junit.platform.engine.support.hierarchical.NodeTestTask.lambda$executeRecursively$6(NodeTestTask.java:151)
	at org.junit.platform.engine.support.hierarchical.ThrowableCollector.execute(ThrowableCollector.java:73)
	at org.junit.platform.engine.support.hierarchical.NodeTestTask.lambda$executeRecursively$8(NodeTestTask.java:141)
	at org.junit.platform.engine.support.hierarchical.Node.around(Node.java:137)
	at org.junit.platform.engine.support.hierarchical.NodeTestTask.lambda$executeRecursively$9(NodeTestTask.java:139)
	at org.junit.platform.engine.support.hierarchical.ThrowableCollector.execute(ThrowableCollector.java:73)
	at org.junit.platform.engine.support.hierarchical.NodeTestTask.executeRecursively(NodeTestTask.java:138)
	at org.junit.platform.engine.support.hierarchical.NodeTestTask.execute(NodeTestTask.java:95)
	at java.base/java.util.ArrayList.forEach(ArrayList.java:1604)
	at org.junit.platform.engine.support.hierarchical.SameThreadHierarchicalTestExecutorService.invokeAll(SameThreadHierarchicalTestExecutorService.java:41)
	at org.junit.platform.engine.support.hierarchical.NodeTestTask.lambda$executeRecursively$6(NodeTestTask.java:155)
	at org.junit.platform.engine.support.hierarchical.ThrowableCollector.execute(ThrowableCollector.java:73)
	at org.junit.platform.engine.support.hierarchical.NodeTestTask.lambda$executeRecursively$8(NodeTestTask.java:141)
	at org.junit.platform.engine.support.hierarchical.Node.around(Node.java:137)
	at org.junit.platform.engine.support.hierarchical.NodeTestTask.lambda$executeRecursively$9(NodeTestTask.java:139)
	at org.junit.platform.engine.support.hierarchical.ThrowableCollector.execute(ThrowableCollector.java:73)
	at org.junit.platform.engine.support.hierarchical.NodeTestTask.executeRecursively(NodeTestTask.java:138)
	at org.junit.platform.engine.support.hierarchical.NodeTestTask.execute(NodeTestTask.java:95)
	at java.base/java.util.ArrayList.forEach(ArrayList.java:1604)
	at org.junit.platform.engine.support.hierarchical.SameThreadHierarchicalTestExecutorService.invokeAll(SameThreadHierarchicalTestExecutorService.java:41)
	at org.junit.platform.engine.support.hierarchical.NodeTestTask.lambda$executeRecursively$6(NodeTestTask.java:155)
	at org.junit.platform.engine.support.hierarchical.ThrowableCollector.execute(ThrowableCollector.java:73)
	at org.junit.platform.engine.support.hierarchical.NodeTestTask.lambda$executeRecursively$8(NodeTestTask.java:141)
	at org.junit.platform.engine.support.hierarchical.Node.around(Node.java:137)
	at org.junit.platform.engine.support.hierarchical.NodeTestTask.lambda$executeRecursively$9(NodeTestTask.java:139)
	at org.junit.platform.engine.support.hierarchical.ThrowableCollector.execute(ThrowableCollector.java:73)
	at org.junit.platform.engine.support.hierarchical.NodeTestTask.executeRecursively(NodeTestTask.java:138)
	at org.junit.platform.engine.support.hierarchical.NodeTestTask.execute(NodeTestTask.java:95)
	at org.junit.platform.engine.support.hierarchical.SameThreadHierarchicalTestExecutorService.submit(SameThreadHierarchicalTestExecutorService.java:35)
	at org.junit.platform.engine.support.hierarchical.HierarchicalTestExecutor.execute(HierarchicalTestExecutor.java:57)
	at org.junit.platform.engine.support.hierarchical.HierarchicalTestEngine.execute(HierarchicalTestEngine.java:54)
	at org.junit.platform.launcher.core.EngineExecutionOrchestrator.execute(EngineExecutionOrchestrator.java:198)
	at org.junit.platform.launcher.core.EngineExecutionOrchestrator.execute(EngineExecutionOrchestrator.java:169)
	at org.junit.platform.launcher.core.EngineExecutionOrchestrator.execute(EngineExecutionOrchestrator.java:93)
	at org.junit.platform.launcher.core.EngineExecutionOrchestrator.lambda$execute$0(EngineExecutionOrchestrator.java:58)
	at org.junit.platform.launcher.core.EngineExecutionOrchestrator.withInterceptedStreams(EngineExecutionOrchestrator.java:141)
	at org.junit.platform.launcher.core.EngineExecutionOrchestrator.execute(EngineExecutionOrchestrator.java:57)
	at org.junit.platform.launcher.core.DefaultLauncher.execute(DefaultLauncher.java:103)
	at org.junit.platform.launcher.core.DefaultLauncher.execute(DefaultLauncher.java:85)
	at org.junit.platform.launcher.core.DelegatingLauncher.execute(DelegatingLauncher.java:47)
	at org.apache.maven.surefire.junitplatform.LazyLauncher.execute(LazyLauncher.java:56)
	at org.apache.maven.surefire.junitplatform.JUnitPlatformProvider.execute(JUnitPlatformProvider.java:184)
	at org.apache.maven.surefire.junitplatform.JUnitPlatformProvider.invokeAllTests(JUnitPlatformProvider.java:148)
	at org.apache.maven.surefire.junitplatform.JUnitPlatformProvider.invoke(JUnitPlatformProvider.java:122)
	at org.apache.maven.surefire.booter.ForkedBooter.runSuitesInProcess(ForkedBooter.java:385)
	at org.apache.maven.surefire.booter.ForkedBooter.execute(ForkedBooter.java:162)
	at org.apache.maven.surefire.booter.ForkedBooter.run(ForkedBooter.java:507)
	at org.apache.maven.surefire.booter.ForkedBooter.main(ForkedBooter.java:495)
15:22:38.281 [main] WARN com.tngtech.archunit.core.importer.ClassFileProcessor -- Error during import from jrt:/java.base/java/lang/annotation/Inherited.class, falling back to simple import
java.lang.IllegalArgumentException: Unsupported class file major version 69
	at com.tngtech.archunit.thirdparty.org.objectweb.asm.ClassReader.<init>(ClassReader.java:200)
	at com.tngtech.archunit.thirdparty.org.objectweb.asm.ClassReader.<init>(ClassReader.java:180)
	at com.tngtech.archunit.thirdparty.org.objectweb.asm.ClassReader.<init>(ClassReader.java:166)
	at com.tngtech.archunit.thirdparty.org.objectweb.asm.ClassReader.<init>(ClassReader.java:288)
	at com.tngtech.archunit.core.importer.ClassFileProcessor$UriImporterOfProcessor.tryImport(ClassFileProcessor.java:350)
	at com.tngtech.archunit.core.importer.resolvers.ClassResolverFromClasspath.tryResolve(ClassResolverFromClasspath.java:51)
	at com.tngtech.archunit.core.importer.ImportedClasses.resolve(ImportedClasses.java:74)
	at com.tngtech.archunit.core.importer.ImportedClasses.ensurePresent(ImportedClasses.java:69)
	at com.tngtech.archunit.core.importer.DependencyResolutionProcess.executeRun(DependencyResolutionProcess.java:146)
	at com.tngtech.archunit.core.importer.DependencyResolutionProcess.resolve(DependencyResolutionProcess.java:122)
	at com.tngtech.archunit.core.importer.ClassGraphCreator.complete(ClassGraphCreator.java:107)
	at com.tngtech.archunit.core.importer.ClassFileProcessor.process(ClassFileProcessor.java:75)
	at com.tngtech.archunit.core.importer.ClassFileImporter.importLocations(ClassFileImporter.java:325)
	at com.tngtech.archunit.junit.internal.ClassCache$CacheClassFileImporter.importClasses(ClassCache.java:126)
	at com.tngtech.archunit.junit.internal.ClassCache$LazyJavaClasses.initialize(ClassCache.java:118)
	at com.tngtech.archunit.junit.internal.ClassCache$LazyJavaClasses.get(ClassCache.java:107)
	at com.tngtech.archunit.junit.internal.ClassCache.getClassesToAnalyzeFor(ClassCache.java:84)
	at com.tngtech.archunit.junit.internal.ArchUnitTestDescriptor.lambda$createChildren$1(ArchUnitTestDescriptor.java:89)
	at com.tngtech.archunit.junit.internal.ArchUnitTestDescriptor$ArchUnitRuleDescriptor.execute(ArchUnitTestDescriptor.java:166)
	at com.tngtech.archunit.junit.internal.ArchUnitTestDescriptor$ArchUnitRuleDescriptor.execute(ArchUnitTestDescriptor.java:149)
	at org.junit.platform.engine.support.hierarchical.NodeTestTask.lambda$executeRecursively$6(NodeTestTask.java:151)
	at org.junit.platform.engine.support.hierarchical.ThrowableCollector.execute(ThrowableCollector.java:73)
	at org.junit.platform.engine.support.hierarchical.NodeTestTask.lambda$executeRecursively$8(NodeTestTask.java:141)
	at org.junit.platform.engine.support.hierarchical.Node.around(Node.java:137)
	at org.junit.platform.engine.support.hierarchical.NodeTestTask.lambda$executeRecursively$9(NodeTestTask.java:139)
	at org.junit.platform.engine.support.hierarchical.ThrowableCollector.execute(ThrowableCollector.java:73)
	at org.junit.platform.engine.support.hierarchical.NodeTestTask.executeRecursively(NodeTestTask.java:138)
	at org.junit.platform.engine.support.hierarchical.NodeTestTask.execute(NodeTestTask.java:95)
	at java.base/java.util.ArrayList.forEach(ArrayList.java:1604)
	at org.junit.platform.engine.support.hierarchical.SameThreadHierarchicalTestExecutorService.invokeAll(SameThreadHierarchicalTestExecutorService.java:41)
	at org.junit.platform.engine.support.hierarchical.NodeTestTask.lambda$executeRecursively$6(NodeTestTask.java:155)
	at org.junit.platform.engine.support.hierarchical.ThrowableCollector.execute(ThrowableCollector.java:73)
	at org.junit.platform.engine.support.hierarchical.NodeTestTask.lambda$executeRecursively$8(NodeTestTask.java:141)
	at org.junit.platform.engine.support.hierarchical.Node.around(Node.java:137)
	at org.junit.platform.engine.support.hierarchical.NodeTestTask.lambda$executeRecursively$9(NodeTestTask.java:139)
	at org.junit.platform.engine.support.hierarchical.ThrowableCollector.execute(ThrowableCollector.java:73)
	at org.junit.platform.engine.support.hierarchical.NodeTestTask.executeRecursively(NodeTestTask.java:138)
	at org.junit.platform.engine.support.hierarchical.NodeTestTask.execute(NodeTestTask.java:95)
	at java.base/java.util.ArrayList.forEach(ArrayList.java:1604)
	at org.junit.platform.engine.support.hierarchical.SameThreadHierarchicalTestExecutorService.invokeAll(SameThreadHierarchicalTestExecutorService.java:41)
	at org.junit.platform.engine.support.hierarchical.NodeTestTask.lambda$executeRecursively$6(NodeTestTask.java:155)
	at org.junit.platform.engine.support.hierarchical.ThrowableCollector.execute(ThrowableCollector.java:73)
	at org.junit.platform.engine.support.hierarchical.NodeTestTask.lambda$executeRecursively$8(NodeTestTask.java:141)
	at org.junit.platform.engine.support.hierarchical.Node.around(Node.java:137)
	at org.junit.platform.engine.support.hierarchical.NodeTestTask.lambda$executeRecursively$9(NodeTestTask.java:139)
	at org.junit.platform.engine.support.hierarchical.ThrowableCollector.execute(ThrowableCollector.java:73)
	at org.junit.platform.engine.support.hierarchical.NodeTestTask.executeRecursively(NodeTestTask.java:138)
	at org.junit.platform.engine.support.hierarchical.NodeTestTask.execute(NodeTestTask.java:95)
	at org.junit.platform.engine.support.hierarchical.SameThreadHierarchicalTestExecutorService.submit(SameThreadHierarchicalTestExecutorService.java:35)
	at org.junit.platform.engine.support.hierarchical.HierarchicalTestExecutor.execute(HierarchicalTestExecutor.java:57)
	at org.junit.platform.engine.support.hierarchical.HierarchicalTestEngine.execute(HierarchicalTestEngine.java:54)
	at org.junit.platform.launcher.core.EngineExecutionOrchestrator.execute(EngineExecutionOrchestrator.java:198)
	at org.junit.platform.launcher.core.EngineExecutionOrchestrator.execute(EngineExecutionOrchestrator.java:169)
	at org.junit.platform.launcher.core.EngineExecutionOrchestrator.execute(EngineExecutionOrchestrator.java:93)
	at org.junit.platform.launcher.core.EngineExecutionOrchestrator.lambda$execute$0(EngineExecutionOrchestrator.java:58)
	at org.junit.platform.launcher.core.EngineExecutionOrchestrator.withInterceptedStreams(EngineExecutionOrchestrator.java:141)
	at org.junit.platform.launcher.core.EngineExecutionOrchestrator.execute(EngineExecutionOrchestrator.java:57)
	at org.junit.platform.launcher.core.DefaultLauncher.execute(DefaultLauncher.java:103)
	at org.junit.platform.launcher.core.DefaultLauncher.execute(DefaultLauncher.java:85)
	at org.junit.platform.launcher.core.DelegatingLauncher.execute(DelegatingLauncher.java:47)
	at org.apache.maven.surefire.junitplatform.LazyLauncher.execute(LazyLauncher.java:56)
	at org.apache.maven.surefire.junitplatform.JUnitPlatformProvider.execute(JUnitPlatformProvider.java:184)
	at org.apache.maven.surefire.junitplatform.JUnitPlatformProvider.invokeAllTests(JUnitPlatformProvider.java:148)
	at org.apache.maven.surefire.junitplatform.JUnitPlatformProvider.invoke(JUnitPlatformProvider.java:122)
	at org.apache.maven.surefire.booter.ForkedBooter.runSuitesInProcess(ForkedBooter.java:385)
	at org.apache.maven.surefire.booter.ForkedBooter.execute(ForkedBooter.java:162)
	at org.apache.maven.surefire.booter.ForkedBooter.run(ForkedBooter.java:507)
	at org.apache.maven.surefire.booter.ForkedBooter.main(ForkedBooter.java:495)
15:22:38.282 [main] WARN com.tngtech.archunit.core.importer.ClassFileProcessor -- Error during import from jrt:/java.base/java/lang/Integer.class, falling back to simple import
java.lang.IllegalArgumentException: Unsupported class file major version 69
	at com.tngtech.archunit.thirdparty.org.objectweb.asm.ClassReader.<init>(ClassReader.java:200)
	at com.tngtech.archunit.thirdparty.org.objectweb.asm.ClassReader.<init>(ClassReader.java:180)
	at com.tngtech.archunit.thirdparty.org.objectweb.asm.ClassReader.<init>(ClassReader.java:166)
	at com.tngtech.archunit.thirdparty.org.objectweb.asm.ClassReader.<init>(ClassReader.java:288)
	at com.tngtech.archunit.core.importer.ClassFileProcessor$UriImporterOfProcessor.tryImport(ClassFileProcessor.java:350)
	at com.tngtech.archunit.core.importer.resolvers.ClassResolverFromClasspath.tryResolve(ClassResolverFromClasspath.java:51)
	at com.tngtech.archunit.core.importer.ImportedClasses.resolve(ImportedClasses.java:74)
	at com.tngtech.archunit.core.importer.ImportedClasses.ensurePresent(ImportedClasses.java:69)
	at com.tngtech.archunit.core.importer.DependencyResolutionProcess.executeRun(DependencyResolutionProcess.java:146)
	at com.tngtech.archunit.core.importer.DependencyResolutionProcess.resolve(DependencyResolutionProcess.java:122)
	at com.tngtech.archunit.core.importer.ClassGraphCreator.complete(ClassGraphCreator.java:107)
	at com.tngtech.archunit.core.importer.ClassFileProcessor.process(ClassFileProcessor.java:75)
	at com.tngtech.archunit.core.importer.ClassFileImporter.importLocations(ClassFileImporter.java:325)
	at com.tngtech.archunit.junit.internal.ClassCache$CacheClassFileImporter.importClasses(ClassCache.java:126)
	at com.tngtech.archunit.junit.internal.ClassCache$LazyJavaClasses.initialize(ClassCache.java:118)
	at com.tngtech.archunit.junit.internal.ClassCache$LazyJavaClasses.get(ClassCache.java:107)
	at com.tngtech.archunit.junit.internal.ClassCache.getClassesToAnalyzeFor(ClassCache.java:84)
	at com.tngtech.archunit.junit.internal.ArchUnitTestDescriptor.lambda$createChildren$1(ArchUnitTestDescriptor.java:89)
	at com.tngtech.archunit.junit.internal.ArchUnitTestDescriptor$ArchUnitRuleDescriptor.execute(ArchUnitTestDescriptor.java:166)
	at com.tngtech.archunit.junit.internal.ArchUnitTestDescriptor$ArchUnitRuleDescriptor.execute(ArchUnitTestDescriptor.java:149)
	at org.junit.platform.engine.support.hierarchical.NodeTestTask.lambda$executeRecursively$6(NodeTestTask.java:151)
	at org.junit.platform.engine.support.hierarchical.ThrowableCollector.execute(ThrowableCollector.java:73)
	at org.junit.platform.engine.support.hierarchical.NodeTestTask.lambda$executeRecursively$8(NodeTestTask.java:141)
	at org.junit.platform.engine.support.hierarchical.Node.around(Node.java:137)
	at org.junit.platform.engine.support.hierarchical.NodeTestTask.lambda$executeRecursively$9(NodeTestTask.java:139)
	at org.junit.platform.engine.support.hierarchical.ThrowableCollector.execute(ThrowableCollector.java:73)
	at org.junit.platform.engine.support.hierarchical.NodeTestTask.executeRecursively(NodeTestTask.java:138)
	at org.junit.platform.engine.support.hierarchical.NodeTestTask.execute(NodeTestTask.java:95)
	at java.base/java.util.ArrayList.forEach(ArrayList.java:1604)
	at org.junit.platform.engine.support.hierarchical.SameThreadHierarchicalTestExecutorService.invokeAll(SameThreadHierarchicalTestExecutorService.java:41)
	at org.junit.platform.engine.support.hierarchical.NodeTestTask.lambda$executeRecursively$6(NodeTestTask.java:155)
	at org.junit.platform.engine.support.hierarchical.ThrowableCollector.execute(ThrowableCollector.java:73)
	at org.junit.platform.engine.support.hierarchical.NodeTestTask.lambda$executeRecursively$8(NodeTestTask.java:141)
	at org.junit.platform.engine.support.hierarchical.Node.around(Node.java:137)
	at org.junit.platform.engine.support.hierarchical.NodeTestTask.lambda$executeRecursively$9(NodeTestTask.java:139)
	at org.junit.platform.engine.support.hierarchical.ThrowableCollector.execute(ThrowableCollector.java:73)
	at org.junit.platform.engine.support.hierarchical.NodeTestTask.executeRecursively(NodeTestTask.java:138)
	at org.junit.platform.engine.support.hierarchical.NodeTestTask.execute(NodeTestTask.java:95)
	at java.base/java.util.ArrayList.forEach(ArrayList.java:1604)
	at org.junit.platform.engine.support.hierarchical.SameThreadHierarchicalTestExecutorService.invokeAll(SameThreadHierarchicalTestExecutorService.java:41)
	at org.junit.platform.engine.support.hierarchical.NodeTestTask.lambda$executeRecursively$6(NodeTestTask.java:155)
	at org.junit.platform.engine.support.hierarchical.ThrowableCollector.execute(ThrowableCollector.java:73)
	at org.junit.platform.engine.support.hierarchical.NodeTestTask.lambda$executeRecursively$8(NodeTestTask.java:141)
	at org.junit.platform.engine.support.hierarchical.Node.around(Node.java:137)
	at org.junit.platform.engine.support.hierarchical.NodeTestTask.lambda$executeRecursively$9(NodeTestTask.java:139)
	at org.junit.platform.engine.support.hierarchical.ThrowableCollector.execute(ThrowableCollector.java:73)
	at org.junit.platform.engine.support.hierarchical.NodeTestTask.executeRecursively(NodeTestTask.java:138)
	at org.junit.platform.engine.support.hierarchical.NodeTestTask.execute(NodeTestTask.java:95)
	at org.junit.platform.engine.support.hierarchical.SameThreadHierarchicalTestExecutorService.submit(SameThreadHierarchicalTestExecutorService.java:35)
	at org.junit.platform.engine.support.hierarchical.HierarchicalTestExecutor.execute(HierarchicalTestExecutor.java:57)
	at org.junit.platform.engine.support.hierarchical.HierarchicalTestEngine.execute(HierarchicalTestEngine.java:54)
	at org.junit.platform.launcher.core.EngineExecutionOrchestrator.execute(EngineExecutionOrchestrator.java:198)
	at org.junit.platform.launcher.core.EngineExecutionOrchestrator.execute(EngineExecutionOrchestrator.java:169)
	at org.junit.platform.launcher.core.EngineExecutionOrchestrator.execute(EngineExecutionOrchestrator.java:93)
	at org.junit.platform.launcher.core.EngineExecutionOrchestrator.lambda$execute$0(EngineExecutionOrchestrator.java:58)
	at org.junit.platform.launcher.core.EngineExecutionOrchestrator.withInterceptedStreams(EngineExecutionOrchestrator.java:141)
	at org.junit.platform.launcher.core.EngineExecutionOrchestrator.execute(EngineExecutionOrchestrator.java:57)
	at org.junit.platform.launcher.core.DefaultLauncher.execute(DefaultLauncher.java:103)
	at org.junit.platform.launcher.core.DefaultLauncher.execute(DefaultLauncher.java:85)
	at org.junit.platform.launcher.core.DelegatingLauncher.execute(DelegatingLauncher.java:47)
	at org.apache.maven.surefire.junitplatform.LazyLauncher.execute(LazyLauncher.java:56)
	at org.apache.maven.surefire.junitplatform.JUnitPlatformProvider.execute(JUnitPlatformProvider.java:184)
	at org.apache.maven.surefire.junitplatform.JUnitPlatformProvider.invokeAllTests(JUnitPlatformProvider.java:148)
	at org.apache.maven.surefire.junitplatform.JUnitPlatformProvider.invoke(JUnitPlatformProvider.java:122)
	at org.apache.maven.surefire.booter.ForkedBooter.runSuitesInProcess(ForkedBooter.java:385)
	at org.apache.maven.surefire.booter.ForkedBooter.execute(ForkedBooter.java:162)
	at org.apache.maven.surefire.booter.ForkedBooter.run(ForkedBooter.java:507)
	at org.apache.maven.surefire.booter.ForkedBooter.main(ForkedBooter.java:495)
15:22:38.283 [main] WARN com.tngtech.archunit.core.importer.ClassFileProcessor -- Error during import from jrt:/java.base/java/lang/Enum.class, falling back to simple import
java.lang.IllegalArgumentException: Unsupported class file major version 69
	at com.tngtech.archunit.thirdparty.org.objectweb.asm.ClassReader.<init>(ClassReader.java:200)
	at com.tngtech.archunit.thirdparty.org.objectweb.asm.ClassReader.<init>(ClassReader.java:180)
	at com.tngtech.archunit.thirdparty.org.objectweb.asm.ClassReader.<init>(ClassReader.java:166)
	at com.tngtech.archunit.thirdparty.org.objectweb.asm.ClassReader.<init>(ClassReader.java:288)
	at com.tngtech.archunit.core.importer.ClassFileProcessor$UriImporterOfProcessor.tryImport(ClassFileProcessor.java:350)
	at com.tngtech.archunit.core.importer.resolvers.ClassResolverFromClasspath.tryResolve(ClassResolverFromClasspath.java:51)
	at com.tngtech.archunit.core.importer.ImportedClasses.resolve(ImportedClasses.java:74)
	at com.tngtech.archunit.core.importer.ImportedClasses.ensurePresent(ImportedClasses.java:69)
	at com.tngtech.archunit.core.importer.DependencyResolutionProcess.executeRun(DependencyResolutionProcess.java:146)
	at com.tngtech.archunit.core.importer.DependencyResolutionProcess.resolve(DependencyResolutionProcess.java:122)
	at com.tngtech.archunit.core.importer.ClassGraphCreator.complete(ClassGraphCreator.java:107)
	at com.tngtech.archunit.core.importer.ClassFileProcessor.process(ClassFileProcessor.java:75)
	at com.tngtech.archunit.core.importer.ClassFileImporter.importLocations(ClassFileImporter.java:325)
	at com.tngtech.archunit.junit.internal.ClassCache$CacheClassFileImporter.importClasses(ClassCache.java:126)
	at com.tngtech.archunit.junit.internal.ClassCache$LazyJavaClasses.initialize(ClassCache.java:118)
	at com.tngtech.archunit.junit.internal.ClassCache$LazyJavaClasses.get(ClassCache.java:107)
	at com.tngtech.archunit.junit.internal.ClassCache.getClassesToAnalyzeFor(ClassCache.java:84)
	at com.tngtech.archunit.junit.internal.ArchUnitTestDescriptor.lambda$createChildren$1(ArchUnitTestDescriptor.java:89)
	at com.tngtech.archunit.junit.internal.ArchUnitTestDescriptor$ArchUnitRuleDescriptor.execute(ArchUnitTestDescriptor.java:166)
	at com.tngtech.archunit.junit.internal.ArchUnitTestDescriptor$ArchUnitRuleDescriptor.execute(ArchUnitTestDescriptor.java:149)
	at org.junit.platform.engine.support.hierarchical.NodeTestTask.lambda$executeRecursively$6(NodeTestTask.java:151)
	at org.junit.platform.engine.support.hierarchical.ThrowableCollector.execute(ThrowableCollector.java:73)
	at org.junit.platform.engine.support.hierarchical.NodeTestTask.lambda$executeRecursively$8(NodeTestTask.java:141)
	at org.junit.platform.engine.support.hierarchical.Node.around(Node.java:137)
	at org.junit.platform.engine.support.hierarchical.NodeTestTask.lambda$executeRecursively$9(NodeTestTask.java:139)
	at org.junit.platform.engine.support.hierarchical.ThrowableCollector.execute(ThrowableCollector.java:73)
	at org.junit.platform.engine.support.hierarchical.NodeTestTask.executeRecursively(NodeTestTask.java:138)
	at org.junit.platform.engine.support.hierarchical.NodeTestTask.execute(NodeTestTask.java:95)
	at java.base/java.util.ArrayList.forEach(ArrayList.java:1604)
	at org.junit.platform.engine.support.hierarchical.SameThreadHierarchicalTestExecutorService.invokeAll(SameThreadHierarchicalTestExecutorService.java:41)
	at org.junit.platform.engine.support.hierarchical.NodeTestTask.lambda$executeRecursively$6(NodeTestTask.java:155)
	at org.junit.platform.engine.support.hierarchical.ThrowableCollector.execute(ThrowableCollector.java:73)
	at org.junit.platform.engine.support.hierarchical.NodeTestTask.lambda$executeRecursively$8(NodeTestTask.java:141)
	at org.junit.platform.engine.support.hierarchical.Node.around(Node.java:137)
	at org.junit.platform.engine.support.hierarchical.NodeTestTask.lambda$executeRecursively$9(NodeTestTask.java:139)
	at org.junit.platform.engine.support.hierarchical.ThrowableCollector.execute(ThrowableCollector.java:73)
	at org.junit.platform.engine.support.hierarchical.NodeTestTask.executeRecursively(NodeTestTask.java:138)
	at org.junit.platform.engine.support.hierarchical.NodeTestTask.execute(NodeTestTask.java:95)
	at java.base/java.util.ArrayList.forEach(ArrayList.java:1604)
	at org.junit.platform.engine.support.hierarchical.SameThreadHierarchicalTestExecutorService.invokeAll(SameThreadHierarchicalTestExecutorService.java:41)
	at org.junit.platform.engine.support.hierarchical.NodeTestTask.lambda$executeRecursively$6(NodeTestTask.java:155)
	at org.junit.platform.engine.support.hierarchical.ThrowableCollector.execute(ThrowableCollector.java:73)
	at org.junit.platform.engine.support.hierarchical.NodeTestTask.lambda$executeRecursively$8(NodeTestTask.java:141)
	at org.junit.platform.engine.support.hierarchical.Node.around(Node.java:137)
	at org.junit.platform.engine.support.hierarchical.NodeTestTask.lambda$executeRecursively$9(NodeTestTask.java:139)
	at org.junit.platform.engine.support.hierarchical.ThrowableCollector.execute(ThrowableCollector.java:73)
	at org.junit.platform.engine.support.hierarchical.NodeTestTask.executeRecursively(NodeTestTask.java:138)
	at org.junit.platform.engine.support.hierarchical.NodeTestTask.execute(NodeTestTask.java:95)
	at org.junit.platform.engine.support.hierarchical.SameThreadHierarchicalTestExecutorService.submit(SameThreadHierarchicalTestExecutorService.java:35)
	at org.junit.platform.engine.support.hierarchical.HierarchicalTestExecutor.execute(HierarchicalTestExecutor.java:57)
	at org.junit.platform.engine.support.hierarchical.HierarchicalTestEngine.execute(HierarchicalTestEngine.java:54)
	at org.junit.platform.launcher.core.EngineExecutionOrchestrator.execute(EngineExecutionOrchestrator.java:198)
	at org.junit.platform.launcher.core.EngineExecutionOrchestrator.execute(EngineExecutionOrchestrator.java:169)
	at org.junit.platform.launcher.core.EngineExecutionOrchestrator.execute(EngineExecutionOrchestrator.java:93)
	at org.junit.platform.launcher.core.EngineExecutionOrchestrator.lambda$execute$0(EngineExecutionOrchestrator.java:58)
	at org.junit.platform.launcher.core.EngineExecutionOrchestrator.withInterceptedStreams(EngineExecutionOrchestrator.java:141)
	at org.junit.platform.launcher.core.EngineExecutionOrchestrator.execute(EngineExecutionOrchestrator.java:57)
	at org.junit.platform.launcher.core.DefaultLauncher.execute(DefaultLauncher.java:103)
	at org.junit.platform.launcher.core.DefaultLauncher.execute(DefaultLauncher.java:85)
	at org.junit.platform.launcher.core.DelegatingLauncher.execute(DelegatingLauncher.java:47)
	at org.apache.maven.surefire.junitplatform.LazyLauncher.execute(LazyLauncher.java:56)
	at org.apache.maven.surefire.junitplatform.JUnitPlatformProvider.execute(JUnitPlatformProvider.java:184)
	at org.apache.maven.surefire.junitplatform.JUnitPlatformProvider.invokeAllTests(JUnitPlatformProvider.java:148)
	at org.apache.maven.surefire.junitplatform.JUnitPlatformProvider.invoke(JUnitPlatformProvider.java:122)
	at org.apache.maven.surefire.booter.ForkedBooter.runSuitesInProcess(ForkedBooter.java:385)
	at org.apache.maven.surefire.booter.ForkedBooter.execute(ForkedBooter.java:162)
	at org.apache.maven.surefire.booter.ForkedBooter.run(ForkedBooter.java:507)
	at org.apache.maven.surefire.booter.ForkedBooter.main(ForkedBooter.java:495)
15:22:38.284 [main] WARN com.tngtech.archunit.core.importer.ClassFileProcessor -- Error during import from jrt:/java.base/java/lang/annotation/Documented.class, falling back to simple import
java.lang.IllegalArgumentException: Unsupported class file major version 69
	at com.tngtech.archunit.thirdparty.org.objectweb.asm.ClassReader.<init>(ClassReader.java:200)
	at com.tngtech.archunit.thirdparty.org.objectweb.asm.ClassReader.<init>(ClassReader.java:180)
	at com.tngtech.archunit.thirdparty.org.objectweb.asm.ClassReader.<init>(ClassReader.java:166)
	at com.tngtech.archunit.thirdparty.org.objectweb.asm.ClassReader.<init>(ClassReader.java:288)
	at com.tngtech.archunit.core.importer.ClassFileProcessor$UriImporterOfProcessor.tryImport(ClassFileProcessor.java:350)
	at com.tngtech.archunit.core.importer.resolvers.ClassResolverFromClasspath.tryResolve(ClassResolverFromClasspath.java:51)
	at com.tngtech.archunit.core.importer.ImportedClasses.resolve(ImportedClasses.java:74)
	at com.tngtech.archunit.core.importer.ImportedClasses.ensurePresent(ImportedClasses.java:69)
	at com.tngtech.archunit.core.importer.DependencyResolutionProcess.executeRun(DependencyResolutionProcess.java:146)
	at com.tngtech.archunit.core.importer.DependencyResolutionProcess.resolve(DependencyResolutionProcess.java:122)
	at com.tngtech.archunit.core.importer.ClassGraphCreator.complete(ClassGraphCreator.java:107)
	at com.tngtech.archunit.core.importer.ClassFileProcessor.process(ClassFileProcessor.java:75)
	at com.tngtech.archunit.core.importer.ClassFileImporter.importLocations(ClassFileImporter.java:325)
	at com.tngtech.archunit.junit.internal.ClassCache$CacheClassFileImporter.importClasses(ClassCache.java:126)
	at com.tngtech.archunit.junit.internal.ClassCache$LazyJavaClasses.initialize(ClassCache.java:118)
	at com.tngtech.archunit.junit.internal.ClassCache$LazyJavaClasses.get(ClassCache.java:107)
	at com.tngtech.archunit.junit.internal.ClassCache.getClassesToAnalyzeFor(ClassCache.java:84)
	at com.tngtech.archunit.junit.internal.ArchUnitTestDescriptor.lambda$createChildren$1(ArchUnitTestDescriptor.java:89)
	at com.tngtech.archunit.junit.internal.ArchUnitTestDescriptor$ArchUnitRuleDescriptor.execute(ArchUnitTestDescriptor.java:166)
	at com.tngtech.archunit.junit.internal.ArchUnitTestDescriptor$ArchUnitRuleDescriptor.execute(ArchUnitTestDescriptor.java:149)
	at org.junit.platform.engine.support.hierarchical.NodeTestTask.lambda$executeRecursively$6(NodeTestTask.java:151)
	at org.junit.platform.engine.support.hierarchical.ThrowableCollector.execute(ThrowableCollector.java:73)
	at org.junit.platform.engine.support.hierarchical.NodeTestTask.lambda$executeRecursively$8(NodeTestTask.java:141)
	at org.junit.platform.engine.support.hierarchical.Node.around(Node.java:137)
	at org.junit.platform.engine.support.hierarchical.NodeTestTask.lambda$executeRecursively$9(NodeTestTask.java:139)
	at org.junit.platform.engine.support.hierarchical.ThrowableCollector.execute(ThrowableCollector.java:73)
	at org.junit.platform.engine.support.hierarchical.NodeTestTask.executeRecursively(NodeTestTask.java:138)
	at org.junit.platform.engine.support.hierarchical.NodeTestTask.execute(NodeTestTask.java:95)
	at java.base/java.util.ArrayList.forEach(ArrayList.java:1604)
	at org.junit.platform.engine.support.hierarchical.SameThreadHierarchicalTestExecutorService.invokeAll(SameThreadHierarchicalTestExecutorService.java:41)
	at org.junit.platform.engine.support.hierarchical.NodeTestTask.lambda$executeRecursively$6(NodeTestTask.java:155)
	at org.junit.platform.engine.support.hierarchical.ThrowableCollector.execute(ThrowableCollector.java:73)
	at org.junit.platform.engine.support.hierarchical.NodeTestTask.lambda$executeRecursively$8(NodeTestTask.java:141)
	at org.junit.platform.engine.support.hierarchical.Node.around(Node.java:137)
	at org.junit.platform.engine.support.hierarchical.NodeTestTask.lambda$executeRecursively$9(NodeTestTask.java:139)
	at org.junit.platform.engine.support.hierarchical.ThrowableCollector.execute(ThrowableCollector.java:73)
	at org.junit.platform.engine.support.hierarchical.NodeTestTask.executeRecursively(NodeTestTask.java:138)
	at org.junit.platform.engine.support.hierarchical.NodeTestTask.execute(NodeTestTask.java:95)
	at java.base/java.util.ArrayList.forEach(ArrayList.java:1604)
	at org.junit.platform.engine.support.hierarchical.SameThreadHierarchicalTestExecutorService.invokeAll(SameThreadHierarchicalTestExecutorService.java:41)
	at org.junit.platform.engine.support.hierarchical.NodeTestTask.lambda$executeRecursively$6(NodeTestTask.java:155)
	at org.junit.platform.engine.support.hierarchical.ThrowableCollector.execute(ThrowableCollector.java:73)
	at org.junit.platform.engine.support.hierarchical.NodeTestTask.lambda$executeRecursively$8(NodeTestTask.java:141)
	at org.junit.platform.engine.support.hierarchical.Node.around(Node.java:137)
	at org.junit.platform.engine.support.hierarchical.NodeTestTask.lambda$executeRecursively$9(NodeTestTask.java:139)
	at org.junit.platform.engine.support.hierarchical.ThrowableCollector.execute(ThrowableCollector.java:73)
	at org.junit.platform.engine.support.hierarchical.NodeTestTask.executeRecursively(NodeTestTask.java:138)
	at org.junit.platform.engine.support.hierarchical.NodeTestTask.execute(NodeTestTask.java:95)
	at org.junit.platform.engine.support.hierarchical.SameThreadHierarchicalTestExecutorService.submit(SameThreadHierarchicalTestExecutorService.java:35)
	at org.junit.platform.engine.support.hierarchical.HierarchicalTestExecutor.execute(HierarchicalTestExecutor.java:57)
	at org.junit.platform.engine.support.hierarchical.HierarchicalTestEngine.execute(HierarchicalTestEngine.java:54)
	at org.junit.platform.launcher.core.EngineExecutionOrchestrator.execute(EngineExecutionOrchestrator.java:198)
	at org.junit.platform.launcher.core.EngineExecutionOrchestrator.execute(EngineExecutionOrchestrator.java:169)
	at org.junit.platform.launcher.core.EngineExecutionOrchestrator.execute(EngineExecutionOrchestrator.java:93)
	at org.junit.platform.launcher.core.EngineExecutionOrchestrator.lambda$execute$0(EngineExecutionOrchestrator.java:58)
	at org.junit.platform.launcher.core.EngineExecutionOrchestrator.withInterceptedStreams(EngineExecutionOrchestrator.java:141)
	at org.junit.platform.launcher.core.EngineExecutionOrchestrator.execute(EngineExecutionOrchestrator.java:57)
	at org.junit.platform.launcher.core.DefaultLauncher.execute(DefaultLauncher.java:103)
	at org.junit.platform.launcher.core.DefaultLauncher.execute(DefaultLauncher.java:85)
	at org.junit.platform.launcher.core.DelegatingLauncher.execute(DelegatingLauncher.java:47)
	at org.apache.maven.surefire.junitplatform.LazyLauncher.execute(LazyLauncher.java:56)
	at org.apache.maven.surefire.junitplatform.JUnitPlatformProvider.execute(JUnitPlatformProvider.java:184)
	at org.apache.maven.surefire.junitplatform.JUnitPlatformProvider.invokeAllTests(JUnitPlatformProvider.java:148)
	at org.apache.maven.surefire.junitplatform.JUnitPlatformProvider.invoke(JUnitPlatformProvider.java:122)
	at org.apache.maven.surefire.booter.ForkedBooter.runSuitesInProcess(ForkedBooter.java:385)
	at org.apache.maven.surefire.booter.ForkedBooter.execute(ForkedBooter.java:162)
	at org.apache.maven.surefire.booter.ForkedBooter.run(ForkedBooter.java:507)
	at org.apache.maven.surefire.booter.ForkedBooter.main(ForkedBooter.java:495)
15:22:38.292 [main] WARN com.tngtech.archunit.core.importer.ClassFileProcessor -- Error during import from jrt:/java.base/java/lang/annotation/Annotation.class, falling back to simple import
java.lang.IllegalArgumentException: Unsupported class file major version 69
	at com.tngtech.archunit.thirdparty.org.objectweb.asm.ClassReader.<init>(ClassReader.java:200)
	at com.tngtech.archunit.thirdparty.org.objectweb.asm.ClassReader.<init>(ClassReader.java:180)
	at com.tngtech.archunit.thirdparty.org.objectweb.asm.ClassReader.<init>(ClassReader.java:166)
	at com.tngtech.archunit.thirdparty.org.objectweb.asm.ClassReader.<init>(ClassReader.java:288)
	at com.tngtech.archunit.core.importer.ClassFileProcessor$UriImporterOfProcessor.tryImport(ClassFileProcessor.java:350)
	at com.tngtech.archunit.core.importer.resolvers.ClassResolverFromClasspath.tryResolve(ClassResolverFromClasspath.java:51)
	at com.tngtech.archunit.core.importer.ImportedClasses.resolve(ImportedClasses.java:74)
	at com.tngtech.archunit.core.importer.ImportedClasses.ensurePresent(ImportedClasses.java:69)
	at com.tngtech.archunit.core.importer.DependencyResolutionProcess.executeRun(DependencyResolutionProcess.java:146)
	at com.tngtech.archunit.core.importer.DependencyResolutionProcess.resolve(DependencyResolutionProcess.java:122)
	at com.tngtech.archunit.core.importer.ClassGraphCreator.complete(ClassGraphCreator.java:107)
	at com.tngtech.archunit.core.importer.ClassFileProcessor.process(ClassFileProcessor.java:75)
	at com.tngtech.archunit.core.importer.ClassFileImporter.importLocations(ClassFileImporter.java:325)
	at com.tngtech.archunit.junit.internal.ClassCache$CacheClassFileImporter.importClasses(ClassCache.java:126)
	at com.tngtech.archunit.junit.internal.ClassCache$LazyJavaClasses.initialize(ClassCache.java:118)
	at com.tngtech.archunit.junit.internal.ClassCache$LazyJavaClasses.get(ClassCache.java:107)
	at com.tngtech.archunit.junit.internal.ClassCache.getClassesToAnalyzeFor(ClassCache.java:84)
	at com.tngtech.archunit.junit.internal.ArchUnitTestDescriptor.lambda$createChildren$1(ArchUnitTestDescriptor.java:89)
	at com.tngtech.archunit.junit.internal.ArchUnitTestDescriptor$ArchUnitRuleDescriptor.execute(ArchUnitTestDescriptor.java:166)
	at com.tngtech.archunit.junit.internal.ArchUnitTestDescriptor$ArchUnitRuleDescriptor.execute(ArchUnitTestDescriptor.java:149)
	at org.junit.platform.engine.support.hierarchical.NodeTestTask.lambda$executeRecursively$6(NodeTestTask.java:151)
	at org.junit.platform.engine.support.hierarchical.ThrowableCollector.execute(ThrowableCollector.java:73)
	at org.junit.platform.engine.support.hierarchical.NodeTestTask.lambda$executeRecursively$8(NodeTestTask.java:141)
	at org.junit.platform.engine.support.hierarchical.Node.around(Node.java:137)
	at org.junit.platform.engine.support.hierarchical.NodeTestTask.lambda$executeRecursively$9(NodeTestTask.java:139)
	at org.junit.platform.engine.support.hierarchical.ThrowableCollector.execute(ThrowableCollector.java:73)
	at org.junit.platform.engine.support.hierarchical.NodeTestTask.executeRecursively(NodeTestTask.java:138)
	at org.junit.platform.engine.support.hierarchical.NodeTestTask.execute(NodeTestTask.java:95)
	at java.base/java.util.ArrayList.forEach(ArrayList.java:1604)
	at org.junit.platform.engine.support.hierarchical.SameThreadHierarchicalTestExecutorService.invokeAll(SameThreadHierarchicalTestExecutorService.java:41)
	at org.junit.platform.engine.support.hierarchical.NodeTestTask.lambda$executeRecursively$6(NodeTestTask.java:155)
	at org.junit.platform.engine.support.hierarchical.ThrowableCollector.execute(ThrowableCollector.java:73)
	at org.junit.platform.engine.support.hierarchical.NodeTestTask.lambda$executeRecursively$8(NodeTestTask.java:141)
	at org.junit.platform.engine.support.hierarchical.Node.around(Node.java:137)
	at org.junit.platform.engine.support.hierarchical.NodeTestTask.lambda$executeRecursively$9(NodeTestTask.java:139)
	at org.junit.platform.engine.support.hierarchical.ThrowableCollector.execute(ThrowableCollector.java:73)
	at org.junit.platform.engine.support.hierarchical.NodeTestTask.executeRecursively(NodeTestTask.java:138)
	at org.junit.platform.engine.support.hierarchical.NodeTestTask.execute(NodeTestTask.java:95)
	at java.base/java.util.ArrayList.forEach(ArrayList.java:1604)
	at org.junit.platform.engine.support.hierarchical.SameThreadHierarchicalTestExecutorService.invokeAll(SameThreadHierarchicalTestExecutorService.java:41)
	at org.junit.platform.engine.support.hierarchical.NodeTestTask.lambda$executeRecursively$6(NodeTestTask.java:155)
	at org.junit.platform.engine.support.hierarchical.ThrowableCollector.execute(ThrowableCollector.java:73)
	at org.junit.platform.engine.support.hierarchical.NodeTestTask.lambda$executeRecursively$8(NodeTestTask.java:141)
	at org.junit.platform.engine.support.hierarchical.Node.around(Node.java:137)
	at org.junit.platform.engine.support.hierarchical.NodeTestTask.lambda$executeRecursively$9(NodeTestTask.java:139)
	at org.junit.platform.engine.support.hierarchical.ThrowableCollector.execute(ThrowableCollector.java:73)
	at org.junit.platform.engine.support.hierarchical.NodeTestTask.executeRecursively(NodeTestTask.java:138)
	at org.junit.platform.engine.support.hierarchical.NodeTestTask.execute(NodeTestTask.java:95)
	at org.junit.platform.engine.support.hierarchical.SameThreadHierarchicalTestExecutorService.submit(SameThreadHierarchicalTestExecutorService.java:35)
	at org.junit.platform.engine.support.hierarchical.HierarchicalTestExecutor.execute(HierarchicalTestExecutor.java:57)
	at org.junit.platform.engine.support.hierarchical.HierarchicalTestEngine.execute(HierarchicalTestEngine.java:54)
	at org.junit.platform.launcher.core.EngineExecutionOrchestrator.execute(EngineExecutionOrchestrator.java:198)
	at org.junit.platform.launcher.core.EngineExecutionOrchestrator.execute(EngineExecutionOrchestrator.java:169)
	at org.junit.platform.launcher.core.EngineExecutionOrchestrator.execute(EngineExecutionOrchestrator.java:93)
	at org.junit.platform.launcher.core.EngineExecutionOrchestrator.lambda$execute$0(EngineExecutionOrchestrator.java:58)
	at org.junit.platform.launcher.core.EngineExecutionOrchestrator.withInterceptedStreams(EngineExecutionOrchestrator.java:141)
	at org.junit.platform.launcher.core.EngineExecutionOrchestrator.execute(EngineExecutionOrchestrator.java:57)
	at org.junit.platform.launcher.core.DefaultLauncher.execute(DefaultLauncher.java:103)
	at org.junit.platform.launcher.core.DefaultLauncher.execute(DefaultLauncher.java:85)
	at org.junit.platform.launcher.core.DelegatingLauncher.execute(DelegatingLauncher.java:47)
	at org.apache.maven.surefire.junitplatform.LazyLauncher.execute(LazyLauncher.java:56)
	at org.apache.maven.surefire.junitplatform.JUnitPlatformProvider.execute(JUnitPlatformProvider.java:184)
	at org.apache.maven.surefire.junitplatform.JUnitPlatformProvider.invokeAllTests(JUnitPlatformProvider.java:148)
	at org.apache.maven.surefire.junitplatform.JUnitPlatformProvider.invoke(JUnitPlatformProvider.java:122)
	at org.apache.maven.surefire.booter.ForkedBooter.runSuitesInProcess(ForkedBooter.java:385)
	at org.apache.maven.surefire.booter.ForkedBooter.execute(ForkedBooter.java:162)
	at org.apache.maven.surefire.booter.ForkedBooter.run(ForkedBooter.java:507)
	at org.apache.maven.surefire.booter.ForkedBooter.main(ForkedBooter.java:495)
15:22:38.298 [main] WARN com.tngtech.archunit.core.importer.ClassFileProcessor -- Error during import from jrt:/java.base/java/lang/annotation/Retention.class, falling back to simple import
java.lang.IllegalArgumentException: Unsupported class file major version 69
	at com.tngtech.archunit.thirdparty.org.objectweb.asm.ClassReader.<init>(ClassReader.java:200)
	at com.tngtech.archunit.thirdparty.org.objectweb.asm.ClassReader.<init>(ClassReader.java:180)
	at com.tngtech.archunit.thirdparty.org.objectweb.asm.ClassReader.<init>(ClassReader.java:166)
	at com.tngtech.archunit.thirdparty.org.objectweb.asm.ClassReader.<init>(ClassReader.java:288)
	at com.tngtech.archunit.core.importer.ClassFileProcessor$UriImporterOfProcessor.tryImport(ClassFileProcessor.java:350)
	at com.tngtech.archunit.core.importer.resolvers.ClassResolverFromClasspath.tryResolve(ClassResolverFromClasspath.java:51)
	at com.tngtech.archunit.core.importer.ImportedClasses.resolve(ImportedClasses.java:74)
	at com.tngtech.archunit.core.importer.ImportedClasses.ensurePresent(ImportedClasses.java:69)
	at com.tngtech.archunit.core.importer.DependencyResolutionProcess.executeRun(DependencyResolutionProcess.java:146)
	at com.tngtech.archunit.core.importer.DependencyResolutionProcess.resolve(DependencyResolutionProcess.java:122)
	at com.tngtech.archunit.core.importer.ClassGraphCreator.complete(ClassGraphCreator.java:107)
	at com.tngtech.archunit.core.importer.ClassFileProcessor.process(ClassFileProcessor.java:75)
	at com.tngtech.archunit.core.importer.ClassFileImporter.importLocations(ClassFileImporter.java:325)
	at com.tngtech.archunit.junit.internal.ClassCache$CacheClassFileImporter.importClasses(ClassCache.java:126)
	at com.tngtech.archunit.junit.internal.ClassCache$LazyJavaClasses.initialize(ClassCache.java:118)
	at com.tngtech.archunit.junit.internal.ClassCache$LazyJavaClasses.get(ClassCache.java:107)
	at com.tngtech.archunit.junit.internal.ClassCache.getClassesToAnalyzeFor(ClassCache.java:84)
	at com.tngtech.archunit.junit.internal.ArchUnitTestDescriptor.lambda$createChildren$1(ArchUnitTestDescriptor.java:89)
	at com.tngtech.archunit.junit.internal.ArchUnitTestDescriptor$ArchUnitRuleDescriptor.execute(ArchUnitTestDescriptor.java:166)
	at com.tngtech.archunit.junit.internal.ArchUnitTestDescriptor$ArchUnitRuleDescriptor.execute(ArchUnitTestDescriptor.java:149)
	at org.junit.platform.engine.support.hierarchical.NodeTestTask.lambda$executeRecursively$6(NodeTestTask.java:151)
	at org.junit.platform.engine.support.hierarchical.ThrowableCollector.execute(ThrowableCollector.java:73)
	at org.junit.platform.engine.support.hierarchical.NodeTestTask.lambda$executeRecursively$8(NodeTestTask.java:141)
	at org.junit.platform.engine.support.hierarchical.Node.around(Node.java:137)
	at org.junit.platform.engine.support.hierarchical.NodeTestTask.lambda$executeRecursively$9(NodeTestTask.java:139)
	at org.junit.platform.engine.support.hierarchical.ThrowableCollector.execute(ThrowableCollector.java:73)
	at org.junit.platform.engine.support.hierarchical.NodeTestTask.executeRecursively(NodeTestTask.java:138)
	at org.junit.platform.engine.support.hierarchical.NodeTestTask.execute(NodeTestTask.java:95)
	at java.base/java.util.ArrayList.forEach(ArrayList.java:1604)
	at org.junit.platform.engine.support.hierarchical.SameThreadHierarchicalTestExecutorService.invokeAll(SameThreadHierarchicalTestExecutorService.java:41)
	at org.junit.platform.engine.support.hierarchical.NodeTestTask.lambda$executeRecursively$6(NodeTestTask.java:155)
	at org.junit.platform.engine.support.hierarchical.ThrowableCollector.execute(ThrowableCollector.java:73)
	at org.junit.platform.engine.support.hierarchical.NodeTestTask.lambda$executeRecursively$8(NodeTestTask.java:141)
	at org.junit.platform.engine.support.hierarchical.Node.around(Node.java:137)
	at org.junit.platform.engine.support.hierarchical.NodeTestTask.lambda$executeRecursively$9(NodeTestTask.java:139)
	at org.junit.platform.engine.support.hierarchical.ThrowableCollector.execute(ThrowableCollector.java:73)
	at org.junit.platform.engine.support.hierarchical.NodeTestTask.executeRecursively(NodeTestTask.java:138)
	at org.junit.platform.engine.support.hierarchical.NodeTestTask.execute(NodeTestTask.java:95)
	at java.base/java.util.ArrayList.forEach(ArrayList.java:1604)
	at org.junit.platform.engine.support.hierarchical.SameThreadHierarchicalTestExecutorService.invokeAll(SameThreadHierarchicalTestExecutorService.java:41)
	at org.junit.platform.engine.support.hierarchical.NodeTestTask.lambda$executeRecursively$6(NodeTestTask.java:155)
	at org.junit.platform.engine.support.hierarchical.ThrowableCollector.execute(ThrowableCollector.java:73)
	at org.junit.platform.engine.support.hierarchical.NodeTestTask.lambda$executeRecursively$8(NodeTestTask.java:141)
	at org.junit.platform.engine.support.hierarchical.Node.around(Node.java:137)
	at org.junit.platform.engine.support.hierarchical.NodeTestTask.lambda$executeRecursively$9(NodeTestTask.java:139)
	at org.junit.platform.engine.support.hierarchical.ThrowableCollector.execute(ThrowableCollector.java:73)
	at org.junit.platform.engine.support.hierarchical.NodeTestTask.executeRecursively(NodeTestTask.java:138)
	at org.junit.platform.engine.support.hierarchical.NodeTestTask.execute(NodeTestTask.java:95)
	at org.junit.platform.engine.support.hierarchical.SameThreadHierarchicalTestExecutorService.submit(SameThreadHierarchicalTestExecutorService.java:35)
	at org.junit.platform.engine.support.hierarchical.HierarchicalTestExecutor.execute(HierarchicalTestExecutor.java:57)
	at org.junit.platform.engine.support.hierarchical.HierarchicalTestEngine.execute(HierarchicalTestEngine.java:54)
	at org.junit.platform.launcher.core.EngineExecutionOrchestrator.execute(EngineExecutionOrchestrator.java:198)
	at org.junit.platform.launcher.core.EngineExecutionOrchestrator.execute(EngineExecutionOrchestrator.java:169)
	at org.junit.platform.launcher.core.EngineExecutionOrchestrator.execute(EngineExecutionOrchestrator.java:93)
	at org.junit.platform.launcher.core.EngineExecutionOrchestrator.lambda$execute$0(EngineExecutionOrchestrator.java:58)
	at org.junit.platform.launcher.core.EngineExecutionOrchestrator.withInterceptedStreams(EngineExecutionOrchestrator.java:141)
	at org.junit.platform.launcher.core.EngineExecutionOrchestrator.execute(EngineExecutionOrchestrator.java:57)
	at org.junit.platform.launcher.core.DefaultLauncher.execute(DefaultLauncher.java:103)
	at org.junit.platform.launcher.core.DefaultLauncher.execute(DefaultLauncher.java:85)
	at org.junit.platform.launcher.core.DelegatingLauncher.execute(DelegatingLauncher.java:47)
	at org.apache.maven.surefire.junitplatform.LazyLauncher.execute(LazyLauncher.java:56)
	at org.apache.maven.surefire.junitplatform.JUnitPlatformProvider.execute(JUnitPlatformProvider.java:184)
	at org.apache.maven.surefire.junitplatform.JUnitPlatformProvider.invokeAllTests(JUnitPlatformProvider.java:148)
	at org.apache.maven.surefire.junitplatform.JUnitPlatformProvider.invoke(JUnitPlatformProvider.java:122)
	at org.apache.maven.surefire.booter.ForkedBooter.runSuitesInProcess(ForkedBooter.java:385)
	at org.apache.maven.surefire.booter.ForkedBooter.execute(ForkedBooter.java:162)
	at org.apache.maven.surefire.booter.ForkedBooter.run(ForkedBooter.java:507)
	at org.apache.maven.surefire.booter.ForkedBooter.main(ForkedBooter.java:495)
15:22:38.299 [main] WARN com.tngtech.archunit.core.importer.ClassFileProcessor -- Error during import from jrt:/java.base/java/lang/annotation/Repeatable.class, falling back to simple import
java.lang.IllegalArgumentException: Unsupported class file major version 69
	at com.tngtech.archunit.thirdparty.org.objectweb.asm.ClassReader.<init>(ClassReader.java:200)
	at com.tngtech.archunit.thirdparty.org.objectweb.asm.ClassReader.<init>(ClassReader.java:180)
	at com.tngtech.archunit.thirdparty.org.objectweb.asm.ClassReader.<init>(ClassReader.java:166)
	at com.tngtech.archunit.thirdparty.org.objectweb.asm.ClassReader.<init>(ClassReader.java:288)
	at com.tngtech.archunit.core.importer.ClassFileProcessor$UriImporterOfProcessor.tryImport(ClassFileProcessor.java:350)
	at com.tngtech.archunit.core.importer.resolvers.ClassResolverFromClasspath.tryResolve(ClassResolverFromClasspath.java:51)
	at com.tngtech.archunit.core.importer.ImportedClasses.resolve(ImportedClasses.java:74)
	at com.tngtech.archunit.core.importer.ImportedClasses.ensurePresent(ImportedClasses.java:69)
	at com.tngtech.archunit.core.importer.DependencyResolutionProcess.executeRun(DependencyResolutionProcess.java:146)
	at com.tngtech.archunit.core.importer.DependencyResolutionProcess.resolve(DependencyResolutionProcess.java:122)
	at com.tngtech.archunit.core.importer.ClassGraphCreator.complete(ClassGraphCreator.java:107)
	at com.tngtech.archunit.core.importer.ClassFileProcessor.process(ClassFileProcessor.java:75)
	at com.tngtech.archunit.core.importer.ClassFileImporter.importLocations(ClassFileImporter.java:325)
	at com.tngtech.archunit.junit.internal.ClassCache$CacheClassFileImporter.importClasses(ClassCache.java:126)
	at com.tngtech.archunit.junit.internal.ClassCache$LazyJavaClasses.initialize(ClassCache.java:118)
	at com.tngtech.archunit.junit.internal.ClassCache$LazyJavaClasses.get(ClassCache.java:107)
	at com.tngtech.archunit.junit.internal.ClassCache.getClassesToAnalyzeFor(ClassCache.java:84)
	at com.tngtech.archunit.junit.internal.ArchUnitTestDescriptor.lambda$createChildren$1(ArchUnitTestDescriptor.java:89)
	at com.tngtech.archunit.junit.internal.ArchUnitTestDescriptor$ArchUnitRuleDescriptor.execute(ArchUnitTestDescriptor.java:166)
	at com.tngtech.archunit.junit.internal.ArchUnitTestDescriptor$ArchUnitRuleDescriptor.execute(ArchUnitTestDescriptor.java:149)
	at org.junit.platform.engine.support.hierarchical.NodeTestTask.lambda$executeRecursively$6(NodeTestTask.java:151)
	at org.junit.platform.engine.support.hierarchical.ThrowableCollector.execute(ThrowableCollector.java:73)
	at org.junit.platform.engine.support.hierarchical.NodeTestTask.lambda$executeRecursively$8(NodeTestTask.java:141)
	at org.junit.platform.engine.support.hierarchical.Node.around(Node.java:137)
	at org.junit.platform.engine.support.hierarchical.NodeTestTask.lambda$executeRecursively$9(NodeTestTask.java:139)
	at org.junit.platform.engine.support.hierarchical.ThrowableCollector.execute(ThrowableCollector.java:73)
	at org.junit.platform.engine.support.hierarchical.NodeTestTask.executeRecursively(NodeTestTask.java:138)
	at org.junit.platform.engine.support.hierarchical.NodeTestTask.execute(NodeTestTask.java:95)
	at java.base/java.util.ArrayList.forEach(ArrayList.java:1604)
	at org.junit.platform.engine.support.hierarchical.SameThreadHierarchicalTestExecutorService.invokeAll(SameThreadHierarchicalTestExecutorService.java:41)
	at org.junit.platform.engine.support.hierarchical.NodeTestTask.lambda$executeRecursively$6(NodeTestTask.java:155)
	at org.junit.platform.engine.support.hierarchical.ThrowableCollector.execute(ThrowableCollector.java:73)
	at org.junit.platform.engine.support.hierarchical.NodeTestTask.lambda$executeRecursively$8(NodeTestTask.java:141)
	at org.junit.platform.engine.support.hierarchical.Node.around(Node.java:137)
	at org.junit.platform.engine.support.hierarchical.NodeTestTask.lambda$executeRecursively$9(NodeTestTask.java:139)
	at org.junit.platform.engine.support.hierarchical.ThrowableCollector.execute(ThrowableCollector.java:73)
	at org.junit.platform.engine.support.hierarchical.NodeTestTask.executeRecursively(NodeTestTask.java:138)
	at org.junit.platform.engine.support.hierarchical.NodeTestTask.execute(NodeTestTask.java:95)
	at java.base/java.util.ArrayList.forEach(ArrayList.java:1604)
	at org.junit.platform.engine.support.hierarchical.SameThreadHierarchicalTestExecutorService.invokeAll(SameThreadHierarchicalTestExecutorService.java:41)
	at org.junit.platform.engine.support.hierarchical.NodeTestTask.lambda$executeRecursively$6(NodeTestTask.java:155)
	at org.junit.platform.engine.support.hierarchical.ThrowableCollector.execute(ThrowableCollector.java:73)
	at org.junit.platform.engine.support.hierarchical.NodeTestTask.lambda$executeRecursively$8(NodeTestTask.java:141)
	at org.junit.platform.engine.support.hierarchical.Node.around(Node.java:137)
	at org.junit.platform.engine.support.hierarchical.NodeTestTask.lambda$executeRecursively$9(NodeTestTask.java:139)
	at org.junit.platform.engine.support.hierarchical.ThrowableCollector.execute(ThrowableCollector.java:73)
	at org.junit.platform.engine.support.hierarchical.NodeTestTask.executeRecursively(NodeTestTask.java:138)
	at org.junit.platform.engine.support.hierarchical.NodeTestTask.execute(NodeTestTask.java:95)
	at org.junit.platform.engine.support.hierarchical.SameThreadHierarchicalTestExecutorService.submit(SameThreadHierarchicalTestExecutorService.java:35)
	at org.junit.platform.engine.support.hierarchical.HierarchicalTestExecutor.execute(HierarchicalTestExecutor.java:57)
	at org.junit.platform.engine.support.hierarchical.HierarchicalTestEngine.execute(HierarchicalTestEngine.java:54)
	at org.junit.platform.launcher.core.EngineExecutionOrchestrator.execute(EngineExecutionOrchestrator.java:198)
	at org.junit.platform.launcher.core.EngineExecutionOrchestrator.execute(EngineExecutionOrchestrator.java:169)
	at org.junit.platform.launcher.core.EngineExecutionOrchestrator.execute(EngineExecutionOrchestrator.java:93)
	at org.junit.platform.launcher.core.EngineExecutionOrchestrator.lambda$execute$0(EngineExecutionOrchestrator.java:58)
	at org.junit.platform.launcher.core.EngineExecutionOrchestrator.withInterceptedStreams(EngineExecutionOrchestrator.java:141)
	at org.junit.platform.launcher.core.EngineExecutionOrchestrator.execute(EngineExecutionOrchestrator.java:57)
	at org.junit.platform.launcher.core.DefaultLauncher.execute(DefaultLauncher.java:103)
	at org.junit.platform.launcher.core.DefaultLauncher.execute(DefaultLauncher.java:85)
	at org.junit.platform.launcher.core.DelegatingLauncher.execute(DelegatingLauncher.java:47)
	at org.apache.maven.surefire.junitplatform.LazyLauncher.execute(LazyLauncher.java:56)
	at org.apache.maven.surefire.junitplatform.JUnitPlatformProvider.execute(JUnitPlatformProvider.java:184)
	at org.apache.maven.surefire.junitplatform.JUnitPlatformProvider.invokeAllTests(JUnitPlatformProvider.java:148)
	at org.apache.maven.surefire.junitplatform.JUnitPlatformProvider.invoke(JUnitPlatformProvider.java:122)
	at org.apache.maven.surefire.booter.ForkedBooter.runSuitesInProcess(ForkedBooter.java:385)
	at org.apache.maven.surefire.booter.ForkedBooter.execute(ForkedBooter.java:162)
	at org.apache.maven.surefire.booter.ForkedBooter.run(ForkedBooter.java:507)
	at org.apache.maven.surefire.booter.ForkedBooter.main(ForkedBooter.java:495)
15:22:38.301 [main] WARN com.tngtech.archunit.core.importer.ClassFileProcessor -- Error during import from jrt:/java.base/java/lang/Deprecated.class, falling back to simple import
java.lang.IllegalArgumentException: Unsupported class file major version 69
	at com.tngtech.archunit.thirdparty.org.objectweb.asm.ClassReader.<init>(ClassReader.java:200)
	at com.tngtech.archunit.thirdparty.org.objectweb.asm.ClassReader.<init>(ClassReader.java:180)
	at com.tngtech.archunit.thirdparty.org.objectweb.asm.ClassReader.<init>(ClassReader.java:166)
	at com.tngtech.archunit.thirdparty.org.objectweb.asm.ClassReader.<init>(ClassReader.java:288)
	at com.tngtech.archunit.core.importer.ClassFileProcessor$UriImporterOfProcessor.tryImport(ClassFileProcessor.java:350)
	at com.tngtech.archunit.core.importer.resolvers.ClassResolverFromClasspath.tryResolve(ClassResolverFromClasspath.java:51)
	at com.tngtech.archunit.core.importer.ImportedClasses.resolve(ImportedClasses.java:74)
	at com.tngtech.archunit.core.importer.ImportedClasses.ensurePresent(ImportedClasses.java:69)
	at com.tngtech.archunit.core.importer.DependencyResolutionProcess.executeRun(DependencyResolutionProcess.java:146)
	at com.tngtech.archunit.core.importer.DependencyResolutionProcess.resolve(DependencyResolutionProcess.java:122)
	at com.tngtech.archunit.core.importer.ClassGraphCreator.complete(ClassGraphCreator.java:107)
	at com.tngtech.archunit.core.importer.ClassFileProcessor.process(ClassFileProcessor.java:75)
	at com.tngtech.archunit.core.importer.ClassFileImporter.importLocations(ClassFileImporter.java:325)
	at com.tngtech.archunit.junit.internal.ClassCache$CacheClassFileImporter.importClasses(ClassCache.java:126)
	at com.tngtech.archunit.junit.internal.ClassCache$LazyJavaClasses.initialize(ClassCache.java:118)
	at com.tngtech.archunit.junit.internal.ClassCache$LazyJavaClasses.get(ClassCache.java:107)
	at com.tngtech.archunit.junit.internal.ClassCache.getClassesToAnalyzeFor(ClassCache.java:84)
	at com.tngtech.archunit.junit.internal.ArchUnitTestDescriptor.lambda$createChildren$1(ArchUnitTestDescriptor.java:89)
	at com.tngtech.archunit.junit.internal.ArchUnitTestDescriptor$ArchUnitRuleDescriptor.execute(ArchUnitTestDescriptor.java:166)
	at com.tngtech.archunit.junit.internal.ArchUnitTestDescriptor$ArchUnitRuleDescriptor.execute(ArchUnitTestDescriptor.java:149)
	at org.junit.platform.engine.support.hierarchical.NodeTestTask.lambda$executeRecursively$6(NodeTestTask.java:151)
	at org.junit.platform.engine.support.hierarchical.ThrowableCollector.execute(ThrowableCollector.java:73)
	at org.junit.platform.engine.support.hierarchical.NodeTestTask.lambda$executeRecursively$8(NodeTestTask.java:141)
	at org.junit.platform.engine.support.hierarchical.Node.around(Node.java:137)
	at org.junit.platform.engine.support.hierarchical.NodeTestTask.lambda$executeRecursively$9(NodeTestTask.java:139)
	at org.junit.platform.engine.support.hierarchical.ThrowableCollector.execute(ThrowableCollector.java:73)
	at org.junit.platform.engine.support.hierarchical.NodeTestTask.executeRecursively(NodeTestTask.java:138)
	at org.junit.platform.engine.support.hierarchical.NodeTestTask.execute(NodeTestTask.java:95)
	at java.base/java.util.ArrayList.forEach(ArrayList.java:1604)
	at org.junit.platform.engine.support.hierarchical.SameThreadHierarchicalTestExecutorService.invokeAll(SameThreadHierarchicalTestExecutorService.java:41)
	at org.junit.platform.engine.support.hierarchical.NodeTestTask.lambda$executeRecursively$6(NodeTestTask.java:155)
	at org.junit.platform.engine.support.hierarchical.ThrowableCollector.execute(ThrowableCollector.java:73)
	at org.junit.platform.engine.support.hierarchical.NodeTestTask.lambda$executeRecursively$8(NodeTestTask.java:141)
	at org.junit.platform.engine.support.hierarchical.Node.around(Node.java:137)
	at org.junit.platform.engine.support.hierarchical.NodeTestTask.lambda$executeRecursively$9(NodeTestTask.java:139)
	at org.junit.platform.engine.support.hierarchical.ThrowableCollector.execute(ThrowableCollector.java:73)
	at org.junit.platform.engine.support.hierarchical.NodeTestTask.executeRecursively(NodeTestTask.java:138)
	at org.junit.platform.engine.support.hierarchical.NodeTestTask.execute(NodeTestTask.java:95)
	at java.base/java.util.ArrayList.forEach(ArrayList.java:1604)
	at org.junit.platform.engine.support.hierarchical.SameThreadHierarchicalTestExecutorService.invokeAll(SameThreadHierarchicalTestExecutorService.java:41)
	at org.junit.platform.engine.support.hierarchical.NodeTestTask.lambda$executeRecursively$6(NodeTestTask.java:155)
	at org.junit.platform.engine.support.hierarchical.ThrowableCollector.execute(ThrowableCollector.java:73)
	at org.junit.platform.engine.support.hierarchical.NodeTestTask.lambda$executeRecursively$8(NodeTestTask.java:141)
	at org.junit.platform.engine.support.hierarchical.Node.around(Node.java:137)
	at org.junit.platform.engine.support.hierarchical.NodeTestTask.lambda$executeRecursively$9(NodeTestTask.java:139)
	at org.junit.platform.engine.support.hierarchical.ThrowableCollector.execute(ThrowableCollector.java:73)
	at org.junit.platform.engine.support.hierarchical.NodeTestTask.executeRecursively(NodeTestTask.java:138)
	at org.junit.platform.engine.support.hierarchical.NodeTestTask.execute(NodeTestTask.java:95)
	at org.junit.platform.engine.support.hierarchical.SameThreadHierarchicalTestExecutorService.submit(SameThreadHierarchicalTestExecutorService.java:35)
	at org.junit.platform.engine.support.hierarchical.HierarchicalTestExecutor.execute(HierarchicalTestExecutor.java:57)
	at org.junit.platform.engine.support.hierarchical.HierarchicalTestEngine.execute(HierarchicalTestEngine.java:54)
	at org.junit.platform.launcher.core.EngineExecutionOrchestrator.execute(EngineExecutionOrchestrator.java:198)
	at org.junit.platform.launcher.core.EngineExecutionOrchestrator.execute(EngineExecutionOrchestrator.java:169)
	at org.junit.platform.launcher.core.EngineExecutionOrchestrator.execute(EngineExecutionOrchestrator.java:93)
	at org.junit.platform.launcher.core.EngineExecutionOrchestrator.lambda$execute$0(EngineExecutionOrchestrator.java:58)
	at org.junit.platform.launcher.core.EngineExecutionOrchestrator.withInterceptedStreams(EngineExecutionOrchestrator.java:141)
	at org.junit.platform.launcher.core.EngineExecutionOrchestrator.execute(EngineExecutionOrchestrator.java:57)
	at org.junit.platform.launcher.core.DefaultLauncher.execute(DefaultLauncher.java:103)
	at org.junit.platform.launcher.core.DefaultLauncher.execute(DefaultLauncher.java:85)
	at org.junit.platform.launcher.core.DelegatingLauncher.execute(DelegatingLauncher.java:47)
	at org.apache.maven.surefire.junitplatform.LazyLauncher.execute(LazyLauncher.java:56)
	at org.apache.maven.surefire.junitplatform.JUnitPlatformProvider.execute(JUnitPlatformProvider.java:184)
	at org.apache.maven.surefire.junitplatform.JUnitPlatformProvider.invokeAllTests(JUnitPlatformProvider.java:148)
	at org.apache.maven.surefire.junitplatform.JUnitPlatformProvider.invoke(JUnitPlatformProvider.java:122)
	at org.apache.maven.surefire.booter.ForkedBooter.runSuitesInProcess(ForkedBooter.java:385)
	at org.apache.maven.surefire.booter.ForkedBooter.execute(ForkedBooter.java:162)
	at org.apache.maven.surefire.booter.ForkedBooter.run(ForkedBooter.java:507)
	at org.apache.maven.surefire.booter.ForkedBooter.main(ForkedBooter.java:495)
15:22:38.301 [main] WARN com.tngtech.archunit.core.importer.ClassFileProcessor -- Error during import from jrt:/java.base/java/lang/StackWalker$StackFrame.class, falling back to simple import
java.lang.IllegalArgumentException: Unsupported class file major version 69
	at com.tngtech.archunit.thirdparty.org.objectweb.asm.ClassReader.<init>(ClassReader.java:200)
	at com.tngtech.archunit.thirdparty.org.objectweb.asm.ClassReader.<init>(ClassReader.java:180)
	at com.tngtech.archunit.thirdparty.org.objectweb.asm.ClassReader.<init>(ClassReader.java:166)
	at com.tngtech.archunit.thirdparty.org.objectweb.asm.ClassReader.<init>(ClassReader.java:288)
	at com.tngtech.archunit.core.importer.ClassFileProcessor$UriImporterOfProcessor.tryImport(ClassFileProcessor.java:350)
	at com.tngtech.archunit.core.importer.resolvers.ClassResolverFromClasspath.tryResolve(ClassResolverFromClasspath.java:51)
	at com.tngtech.archunit.core.importer.ImportedClasses.resolve(ImportedClasses.java:74)
	at com.tngtech.archunit.core.importer.ImportedClasses.ensurePresent(ImportedClasses.java:69)
	at com.tngtech.archunit.core.importer.DependencyResolutionProcess.executeRun(DependencyResolutionProcess.java:146)
	at com.tngtech.archunit.core.importer.DependencyResolutionProcess.resolve(DependencyResolutionProcess.java:122)
	at com.tngtech.archunit.core.importer.ClassGraphCreator.complete(ClassGraphCreator.java:107)
	at com.tngtech.archunit.core.importer.ClassFileProcessor.process(ClassFileProcessor.java:75)
	at com.tngtech.archunit.core.importer.ClassFileImporter.importLocations(ClassFileImporter.java:325)
	at com.tngtech.archunit.junit.internal.ClassCache$CacheClassFileImporter.importClasses(ClassCache.java:126)
	at com.tngtech.archunit.junit.internal.ClassCache$LazyJavaClasses.initialize(ClassCache.java:118)
	at com.tngtech.archunit.junit.internal.ClassCache$LazyJavaClasses.get(ClassCache.java:107)
	at com.tngtech.archunit.junit.internal.ClassCache.getClassesToAnalyzeFor(ClassCache.java:84)
	at com.tngtech.archunit.junit.internal.ArchUnitTestDescriptor.lambda$createChildren$1(ArchUnitTestDescriptor.java:89)
	at com.tngtech.archunit.junit.internal.ArchUnitTestDescriptor$ArchUnitRuleDescriptor.execute(ArchUnitTestDescriptor.java:166)
	at com.tngtech.archunit.junit.internal.ArchUnitTestDescriptor$ArchUnitRuleDescriptor.execute(ArchUnitTestDescriptor.java:149)
	at org.junit.platform.engine.support.hierarchical.NodeTestTask.lambda$executeRecursively$6(NodeTestTask.java:151)
	at org.junit.platform.engine.support.hierarchical.ThrowableCollector.execute(ThrowableCollector.java:73)
	at org.junit.platform.engine.support.hierarchical.NodeTestTask.lambda$executeRecursively$8(NodeTestTask.java:141)
	at org.junit.platform.engine.support.hierarchical.Node.around(Node.java:137)
	at org.junit.platform.engine.support.hierarchical.NodeTestTask.lambda$executeRecursively$9(NodeTestTask.java:139)
	at org.junit.platform.engine.support.hierarchical.ThrowableCollector.execute(ThrowableCollector.java:73)
	at org.junit.platform.engine.support.hierarchical.NodeTestTask.executeRecursively(NodeTestTask.java:138)
	at org.junit.platform.engine.support.hierarchical.NodeTestTask.execute(NodeTestTask.java:95)
	at java.base/java.util.ArrayList.forEach(ArrayList.java:1604)
	at org.junit.platform.engine.support.hierarchical.SameThreadHierarchicalTestExecutorService.invokeAll(SameThreadHierarchicalTestExecutorService.java:41)
	at org.junit.platform.engine.support.hierarchical.NodeTestTask.lambda$executeRecursively$6(NodeTestTask.java:155)
	at org.junit.platform.engine.support.hierarchical.ThrowableCollector.execute(ThrowableCollector.java:73)
	at org.junit.platform.engine.support.hierarchical.NodeTestTask.lambda$executeRecursively$8(NodeTestTask.java:141)
	at org.junit.platform.engine.support.hierarchical.Node.around(Node.java:137)
	at org.junit.platform.engine.support.hierarchical.NodeTestTask.lambda$executeRecursively$9(NodeTestTask.java:139)
	at org.junit.platform.engine.support.hierarchical.ThrowableCollector.execute(ThrowableCollector.java:73)
	at org.junit.platform.engine.support.hierarchical.NodeTestTask.executeRecursively(NodeTestTask.java:138)
	at org.junit.platform.engine.support.hierarchical.NodeTestTask.execute(NodeTestTask.java:95)
	at java.base/java.util.ArrayList.forEach(ArrayList.java:1604)
	at org.junit.platform.engine.support.hierarchical.SameThreadHierarchicalTestExecutorService.invokeAll(SameThreadHierarchicalTestExecutorService.java:41)
	at org.junit.platform.engine.support.hierarchical.NodeTestTask.lambda$executeRecursively$6(NodeTestTask.java:155)
	at org.junit.platform.engine.support.hierarchical.ThrowableCollector.execute(ThrowableCollector.java:73)
	at org.junit.platform.engine.support.hierarchical.NodeTestTask.lambda$executeRecursively$8(NodeTestTask.java:141)
	at org.junit.platform.engine.support.hierarchical.Node.around(Node.java:137)
	at org.junit.platform.engine.support.hierarchical.NodeTestTask.lambda$executeRecursively$9(NodeTestTask.java:139)
	at org.junit.platform.engine.support.hierarchical.ThrowableCollector.execute(ThrowableCollector.java:73)
	at org.junit.platform.engine.support.hierarchical.NodeTestTask.executeRecursively(NodeTestTask.java:138)
	at org.junit.platform.engine.support.hierarchical.NodeTestTask.execute(NodeTestTask.java:95)
	at org.junit.platform.engine.support.hierarchical.SameThreadHierarchicalTestExecutorService.submit(SameThreadHierarchicalTestExecutorService.java:35)
	at org.junit.platform.engine.support.hierarchical.HierarchicalTestExecutor.execute(HierarchicalTestExecutor.java:57)
	at org.junit.platform.engine.support.hierarchical.HierarchicalTestEngine.execute(HierarchicalTestEngine.java:54)
	at org.junit.platform.launcher.core.EngineExecutionOrchestrator.execute(EngineExecutionOrchestrator.java:198)
	at org.junit.platform.launcher.core.EngineExecutionOrchestrator.execute(EngineExecutionOrchestrator.java:169)
	at org.junit.platform.launcher.core.EngineExecutionOrchestrator.execute(EngineExecutionOrchestrator.java:93)
	at org.junit.platform.launcher.core.EngineExecutionOrchestrator.lambda$execute$0(EngineExecutionOrchestrator.java:58)
	at org.junit.platform.launcher.core.EngineExecutionOrchestrator.withInterceptedStreams(EngineExecutionOrchestrator.java:141)
	at org.junit.platform.launcher.core.EngineExecutionOrchestrator.execute(EngineExecutionOrchestrator.java:57)
	at org.junit.platform.launcher.core.DefaultLauncher.execute(DefaultLauncher.java:103)
	at org.junit.platform.launcher.core.DefaultLauncher.execute(DefaultLauncher.java:85)
	at org.junit.platform.launcher.core.DelegatingLauncher.execute(DelegatingLauncher.java:47)
	at org.apache.maven.surefire.junitplatform.LazyLauncher.execute(LazyLauncher.java:56)
	at org.apache.maven.surefire.junitplatform.JUnitPlatformProvider.execute(JUnitPlatformProvider.java:184)
	at org.apache.maven.surefire.junitplatform.JUnitPlatformProvider.invokeAllTests(JUnitPlatformProvider.java:148)
	at org.apache.maven.surefire.junitplatform.JUnitPlatformProvider.invoke(JUnitPlatformProvider.java:122)
	at org.apache.maven.surefire.booter.ForkedBooter.runSuitesInProcess(ForkedBooter.java:385)
	at org.apache.maven.surefire.booter.ForkedBooter.execute(ForkedBooter.java:162)
	at org.apache.maven.surefire.booter.ForkedBooter.run(ForkedBooter.java:507)
	at org.apache.maven.surefire.booter.ForkedBooter.main(ForkedBooter.java:495)
15:22:38.302 [main] WARN com.tngtech.archunit.core.importer.ClassFileProcessor -- Error during import from jrt:/java.base/java/lang/annotation/Target.class, falling back to simple import
java.lang.IllegalArgumentException: Unsupported class file major version 69
	at com.tngtech.archunit.thirdparty.org.objectweb.asm.ClassReader.<init>(ClassReader.java:200)
	at com.tngtech.archunit.thirdparty.org.objectweb.asm.ClassReader.<init>(ClassReader.java:180)
	at com.tngtech.archunit.thirdparty.org.objectweb.asm.ClassReader.<init>(ClassReader.java:166)
	at com.tngtech.archunit.thirdparty.org.objectweb.asm.ClassReader.<init>(ClassReader.java:288)
	at com.tngtech.archunit.core.importer.ClassFileProcessor$UriImporterOfProcessor.tryImport(ClassFileProcessor.java:350)
	at com.tngtech.archunit.core.importer.resolvers.ClassResolverFromClasspath.tryResolve(ClassResolverFromClasspath.java:51)
	at com.tngtech.archunit.core.importer.ImportedClasses.resolve(ImportedClasses.java:74)
	at com.tngtech.archunit.core.importer.ImportedClasses.ensurePresent(ImportedClasses.java:69)
	at com.tngtech.archunit.core.importer.DependencyResolutionProcess.executeRun(DependencyResolutionProcess.java:146)
	at com.tngtech.archunit.core.importer.DependencyResolutionProcess.resolve(DependencyResolutionProcess.java:122)
	at com.tngtech.archunit.core.importer.ClassGraphCreator.complete(ClassGraphCreator.java:107)
	at com.tngtech.archunit.core.importer.ClassFileProcessor.process(ClassFileProcessor.java:75)
	at com.tngtech.archunit.core.importer.ClassFileImporter.importLocations(ClassFileImporter.java:325)
	at com.tngtech.archunit.junit.internal.ClassCache$CacheClassFileImporter.importClasses(ClassCache.java:126)
	at com.tngtech.archunit.junit.internal.ClassCache$LazyJavaClasses.initialize(ClassCache.java:118)
	at com.tngtech.archunit.junit.internal.ClassCache$LazyJavaClasses.get(ClassCache.java:107)
	at com.tngtech.archunit.junit.internal.ClassCache.getClassesToAnalyzeFor(ClassCache.java:84)
	at com.tngtech.archunit.junit.internal.ArchUnitTestDescriptor.lambda$createChildren$1(ArchUnitTestDescriptor.java:89)
	at com.tngtech.archunit.junit.internal.ArchUnitTestDescriptor$ArchUnitRuleDescriptor.execute(ArchUnitTestDescriptor.java:166)
	at com.tngtech.archunit.junit.internal.ArchUnitTestDescriptor$ArchUnitRuleDescriptor.execute(ArchUnitTestDescriptor.java:149)
	at org.junit.platform.engine.support.hierarchical.NodeTestTask.lambda$executeRecursively$6(NodeTestTask.java:151)
	at org.junit.platform.engine.support.hierarchical.ThrowableCollector.execute(ThrowableCollector.java:73)
	at org.junit.platform.engine.support.hierarchical.NodeTestTask.lambda$executeRecursively$8(NodeTestTask.java:141)
	at org.junit.platform.engine.support.hierarchical.Node.around(Node.java:137)
	at org.junit.platform.engine.support.hierarchical.NodeTestTask.lambda$executeRecursively$9(NodeTestTask.java:139)
	at org.junit.platform.engine.support.hierarchical.ThrowableCollector.execute(ThrowableCollector.java:73)
	at org.junit.platform.engine.support.hierarchical.NodeTestTask.executeRecursively(NodeTestTask.java:138)
	at org.junit.platform.engine.support.hierarchical.NodeTestTask.execute(NodeTestTask.java:95)
	at java.base/java.util.ArrayList.forEach(ArrayList.java:1604)
	at org.junit.platform.engine.support.hierarchical.SameThreadHierarchicalTestExecutorService.invokeAll(SameThreadHierarchicalTestExecutorService.java:41)
	at org.junit.platform.engine.support.hierarchical.NodeTestTask.lambda$executeRecursively$6(NodeTestTask.java:155)
	at org.junit.platform.engine.support.hierarchical.ThrowableCollector.execute(ThrowableCollector.java:73)
	at org.junit.platform.engine.support.hierarchical.NodeTestTask.lambda$executeRecursively$8(NodeTestTask.java:141)
	at org.junit.platform.engine.support.hierarchical.Node.around(Node.java:137)
	at org.junit.platform.engine.support.hierarchical.NodeTestTask.lambda$executeRecursively$9(NodeTestTask.java:139)
	at org.junit.platform.engine.support.hierarchical.ThrowableCollector.execute(ThrowableCollector.java:73)
	at org.junit.platform.engine.support.hierarchical.NodeTestTask.executeRecursively(NodeTestTask.java:138)
	at org.junit.platform.engine.support.hierarchical.NodeTestTask.execute(NodeTestTask.java:95)
	at java.base/java.util.ArrayList.forEach(ArrayList.java:1604)
	at org.junit.platform.engine.support.hierarchical.SameThreadHierarchicalTestExecutorService.invokeAll(SameThreadHierarchicalTestExecutorService.java:41)
	at org.junit.platform.engine.support.hierarchical.NodeTestTask.lambda$executeRecursively$6(NodeTestTask.java:155)
	at org.junit.platform.engine.support.hierarchical.ThrowableCollector.execute(ThrowableCollector.java:73)
	at org.junit.platform.engine.support.hierarchical.NodeTestTask.lambda$executeRecursively$8(NodeTestTask.java:141)
	at org.junit.platform.engine.support.hierarchical.Node.around(Node.java:137)
	at org.junit.platform.engine.support.hierarchical.NodeTestTask.lambda$executeRecursively$9(NodeTestTask.java:139)
	at org.junit.platform.engine.support.hierarchical.ThrowableCollector.execute(ThrowableCollector.java:73)
	at org.junit.platform.engine.support.hierarchical.NodeTestTask.executeRecursively(NodeTestTask.java:138)
	at org.junit.platform.engine.support.hierarchical.NodeTestTask.execute(NodeTestTask.java:95)
	at org.junit.platform.engine.support.hierarchical.SameThreadHierarchicalTestExecutorService.submit(SameThreadHierarchicalTestExecutorService.java:35)
	at org.junit.platform.engine.support.hierarchical.HierarchicalTestExecutor.execute(HierarchicalTestExecutor.java:57)
	at org.junit.platform.engine.support.hierarchical.HierarchicalTestEngine.execute(HierarchicalTestEngine.java:54)
	at org.junit.platform.launcher.core.EngineExecutionOrchestrator.execute(EngineExecutionOrchestrator.java:198)
	at org.junit.platform.launcher.core.EngineExecutionOrchestrator.execute(EngineExecutionOrchestrator.java:169)
	at org.junit.platform.launcher.core.EngineExecutionOrchestrator.execute(EngineExecutionOrchestrator.java:93)
	at org.junit.platform.launcher.core.EngineExecutionOrchestrator.lambda$execute$0(EngineExecutionOrchestrator.java:58)
	at org.junit.platform.launcher.core.EngineExecutionOrchestrator.withInterceptedStreams(EngineExecutionOrchestrator.java:141)
	at org.junit.platform.launcher.core.EngineExecutionOrchestrator.execute(EngineExecutionOrchestrator.java:57)
	at org.junit.platform.launcher.core.DefaultLauncher.execute(DefaultLauncher.java:103)
	at org.junit.platform.launcher.core.DefaultLauncher.execute(DefaultLauncher.java:85)
	at org.junit.platform.launcher.core.DelegatingLauncher.execute(DelegatingLauncher.java:47)
	at org.apache.maven.surefire.junitplatform.LazyLauncher.execute(LazyLauncher.java:56)
	at org.apache.maven.surefire.junitplatform.JUnitPlatformProvider.execute(JUnitPlatformProvider.java:184)
	at org.apache.maven.surefire.junitplatform.JUnitPlatformProvider.invokeAllTests(JUnitPlatformProvider.java:148)
	at org.apache.maven.surefire.junitplatform.JUnitPlatformProvider.invoke(JUnitPlatformProvider.java:122)
	at org.apache.maven.surefire.booter.ForkedBooter.runSuitesInProcess(ForkedBooter.java:385)
	at org.apache.maven.surefire.booter.ForkedBooter.execute(ForkedBooter.java:162)
	at org.apache.maven.surefire.booter.ForkedBooter.run(ForkedBooter.java:507)
	at org.apache.maven.surefire.booter.ForkedBooter.main(ForkedBooter.java:495)
15:22:38.302 [main] WARN com.tngtech.archunit.core.importer.ClassFileProcessor -- Error during import from jrt:/java.base/java/lang/annotation/ElementType.class, falling back to simple import
java.lang.IllegalArgumentException: Unsupported class file major version 69
	at com.tngtech.archunit.thirdparty.org.objectweb.asm.ClassReader.<init>(ClassReader.java:200)
	at com.tngtech.archunit.thirdparty.org.objectweb.asm.ClassReader.<init>(ClassReader.java:180)
	at com.tngtech.archunit.thirdparty.org.objectweb.asm.ClassReader.<init>(ClassReader.java:166)
	at com.tngtech.archunit.thirdparty.org.objectweb.asm.ClassReader.<init>(ClassReader.java:288)
	at com.tngtech.archunit.core.importer.ClassFileProcessor$UriImporterOfProcessor.tryImport(ClassFileProcessor.java:350)
	at com.tngtech.archunit.core.importer.resolvers.ClassResolverFromClasspath.tryResolve(ClassResolverFromClasspath.java:51)
	at com.tngtech.archunit.core.importer.ImportedClasses.resolve(ImportedClasses.java:74)
	at com.tngtech.archunit.core.importer.ImportedClasses.ensurePresent(ImportedClasses.java:69)
	at com.tngtech.archunit.core.importer.DependencyResolutionProcess.executeRun(DependencyResolutionProcess.java:146)
	at com.tngtech.archunit.core.importer.DependencyResolutionProcess.resolve(DependencyResolutionProcess.java:122)
	at com.tngtech.archunit.core.importer.ClassGraphCreator.complete(ClassGraphCreator.java:107)
	at com.tngtech.archunit.core.importer.ClassFileProcessor.process(ClassFileProcessor.java:75)
	at com.tngtech.archunit.core.importer.ClassFileImporter.importLocations(ClassFileImporter.java:325)
	at com.tngtech.archunit.junit.internal.ClassCache$CacheClassFileImporter.importClasses(ClassCache.java:126)
	at com.tngtech.archunit.junit.internal.ClassCache$LazyJavaClasses.initialize(ClassCache.java:118)
	at com.tngtech.archunit.junit.internal.ClassCache$LazyJavaClasses.get(ClassCache.java:107)
	at com.tngtech.archunit.junit.internal.ClassCache.getClassesToAnalyzeFor(ClassCache.java:84)
	at com.tngtech.archunit.junit.internal.ArchUnitTestDescriptor.lambda$createChildren$1(ArchUnitTestDescriptor.java:89)
	at com.tngtech.archunit.junit.internal.ArchUnitTestDescriptor$ArchUnitRuleDescriptor.execute(ArchUnitTestDescriptor.java:166)
	at com.tngtech.archunit.junit.internal.ArchUnitTestDescriptor$ArchUnitRuleDescriptor.execute(ArchUnitTestDescriptor.java:149)
	at org.junit.platform.engine.support.hierarchical.NodeTestTask.lambda$executeRecursively$6(NodeTestTask.java:151)
	at org.junit.platform.engine.support.hierarchical.ThrowableCollector.execute(ThrowableCollector.java:73)
	at org.junit.platform.engine.support.hierarchical.NodeTestTask.lambda$executeRecursively$8(NodeTestTask.java:141)
	at org.junit.platform.engine.support.hierarchical.Node.around(Node.java:137)
	at org.junit.platform.engine.support.hierarchical.NodeTestTask.lambda$executeRecursively$9(NodeTestTask.java:139)
	at org.junit.platform.engine.support.hierarchical.ThrowableCollector.execute(ThrowableCollector.java:73)
	at org.junit.platform.engine.support.hierarchical.NodeTestTask.executeRecursively(NodeTestTask.java:138)
	at org.junit.platform.engine.support.hierarchical.NodeTestTask.execute(NodeTestTask.java:95)
	at java.base/java.util.ArrayList.forEach(ArrayList.java:1604)
	at org.junit.platform.engine.support.hierarchical.SameThreadHierarchicalTestExecutorService.invokeAll(SameThreadHierarchicalTestExecutorService.java:41)
	at org.junit.platform.engine.support.hierarchical.NodeTestTask.lambda$executeRecursively$6(NodeTestTask.java:155)
	at org.junit.platform.engine.support.hierarchical.ThrowableCollector.execute(ThrowableCollector.java:73)
	at org.junit.platform.engine.support.hierarchical.NodeTestTask.lambda$executeRecursively$8(NodeTestTask.java:141)
	at org.junit.platform.engine.support.hierarchical.Node.around(Node.java:137)
	at org.junit.platform.engine.support.hierarchical.NodeTestTask.lambda$executeRecursively$9(NodeTestTask.java:139)
	at org.junit.platform.engine.support.hierarchical.ThrowableCollector.execute(ThrowableCollector.java:73)
	at org.junit.platform.engine.support.hierarchical.NodeTestTask.executeRecursively(NodeTestTask.java:138)
	at org.junit.platform.engine.support.hierarchical.NodeTestTask.execute(NodeTestTask.java:95)
	at java.base/java.util.ArrayList.forEach(ArrayList.java:1604)
	at org.junit.platform.engine.support.hierarchical.SameThreadHierarchicalTestExecutorService.invokeAll(SameThreadHierarchicalTestExecutorService.java:41)
	at org.junit.platform.engine.support.hierarchical.NodeTestTask.lambda$executeRecursively$6(NodeTestTask.java:155)
	at org.junit.platform.engine.support.hierarchical.ThrowableCollector.execute(ThrowableCollector.java:73)
	at org.junit.platform.engine.support.hierarchical.NodeTestTask.lambda$executeRecursively$8(NodeTestTask.java:141)
	at org.junit.platform.engine.support.hierarchical.Node.around(Node.java:137)
	at org.junit.platform.engine.support.hierarchical.NodeTestTask.lambda$executeRecursively$9(NodeTestTask.java:139)
	at org.junit.platform.engine.support.hierarchical.ThrowableCollector.execute(ThrowableCollector.java:73)
	at org.junit.platform.engine.support.hierarchical.NodeTestTask.executeRecursively(NodeTestTask.java:138)
	at org.junit.platform.engine.support.hierarchical.NodeTestTask.execute(NodeTestTask.java:95)
	at org.junit.platform.engine.support.hierarchical.SameThreadHierarchicalTestExecutorService.submit(SameThreadHierarchicalTestExecutorService.java:35)
	at org.junit.platform.engine.support.hierarchical.HierarchicalTestExecutor.execute(HierarchicalTestExecutor.java:57)
	at org.junit.platform.engine.support.hierarchical.HierarchicalTestEngine.execute(HierarchicalTestEngine.java:54)
	at org.junit.platform.launcher.core.EngineExecutionOrchestrator.execute(EngineExecutionOrchestrator.java:198)
	at org.junit.platform.launcher.core.EngineExecutionOrchestrator.execute(EngineExecutionOrchestrator.java:169)
	at org.junit.platform.launcher.core.EngineExecutionOrchestrator.execute(EngineExecutionOrchestrator.java:93)
	at org.junit.platform.launcher.core.EngineExecutionOrchestrator.lambda$execute$0(EngineExecutionOrchestrator.java:58)
	at org.junit.platform.launcher.core.EngineExecutionOrchestrator.withInterceptedStreams(EngineExecutionOrchestrator.java:141)
	at org.junit.platform.launcher.core.EngineExecutionOrchestrator.execute(EngineExecutionOrchestrator.java:57)
	at org.junit.platform.launcher.core.DefaultLauncher.execute(DefaultLauncher.java:103)
	at org.junit.platform.launcher.core.DefaultLauncher.execute(DefaultLauncher.java:85)
	at org.junit.platform.launcher.core.DelegatingLauncher.execute(DelegatingLauncher.java:47)
	at org.apache.maven.surefire.junitplatform.LazyLauncher.execute(LazyLauncher.java:56)
	at org.apache.maven.surefire.junitplatform.JUnitPlatformProvider.execute(JUnitPlatformProvider.java:184)
	at org.apache.maven.surefire.junitplatform.JUnitPlatformProvider.invokeAllTests(JUnitPlatformProvider.java:148)
	at org.apache.maven.surefire.junitplatform.JUnitPlatformProvider.invoke(JUnitPlatformProvider.java:122)
	at org.apache.maven.surefire.booter.ForkedBooter.runSuitesInProcess(ForkedBooter.java:385)
	at org.apache.maven.surefire.booter.ForkedBooter.execute(ForkedBooter.java:162)
	at org.apache.maven.surefire.booter.ForkedBooter.run(ForkedBooter.java:507)
	at org.apache.maven.surefire.booter.ForkedBooter.main(ForkedBooter.java:495)
15:22:38.304 [main] WARN com.tngtech.archunit.core.importer.ClassFileProcessor -- Error during import from jrt:/java.base/java/lang/Class.class, falling back to simple import
java.lang.IllegalArgumentException: Unsupported class file major version 69
	at com.tngtech.archunit.thirdparty.org.objectweb.asm.ClassReader.<init>(ClassReader.java:200)
	at com.tngtech.archunit.thirdparty.org.objectweb.asm.ClassReader.<init>(ClassReader.java:180)
	at com.tngtech.archunit.thirdparty.org.objectweb.asm.ClassReader.<init>(ClassReader.java:166)
	at com.tngtech.archunit.thirdparty.org.objectweb.asm.ClassReader.<init>(ClassReader.java:288)
	at com.tngtech.archunit.core.importer.ClassFileProcessor$UriImporterOfProcessor.tryImport(ClassFileProcessor.java:350)
	at com.tngtech.archunit.core.importer.resolvers.ClassResolverFromClasspath.tryResolve(ClassResolverFromClasspath.java:51)
	at com.tngtech.archunit.core.importer.ImportedClasses.resolve(ImportedClasses.java:74)
	at com.tngtech.archunit.core.importer.ImportedClasses.ensurePresent(ImportedClasses.java:69)
	at com.tngtech.archunit.core.importer.DependencyResolutionProcess.executeRun(DependencyResolutionProcess.java:146)
	at com.tngtech.archunit.core.importer.DependencyResolutionProcess.resolve(DependencyResolutionProcess.java:122)
	at com.tngtech.archunit.core.importer.ClassGraphCreator.complete(ClassGraphCreator.java:107)
	at com.tngtech.archunit.core.importer.ClassFileProcessor.process(ClassFileProcessor.java:75)
	at com.tngtech.archunit.core.importer.ClassFileImporter.importLocations(ClassFileImporter.java:325)
	at com.tngtech.archunit.junit.internal.ClassCache$CacheClassFileImporter.importClasses(ClassCache.java:126)
	at com.tngtech.archunit.junit.internal.ClassCache$LazyJavaClasses.initialize(ClassCache.java:118)
	at com.tngtech.archunit.junit.internal.ClassCache$LazyJavaClasses.get(ClassCache.java:107)
	at com.tngtech.archunit.junit.internal.ClassCache.getClassesToAnalyzeFor(ClassCache.java:84)
	at com.tngtech.archunit.junit.internal.ArchUnitTestDescriptor.lambda$createChildren$1(ArchUnitTestDescriptor.java:89)
	at com.tngtech.archunit.junit.internal.ArchUnitTestDescriptor$ArchUnitRuleDescriptor.execute(ArchUnitTestDescriptor.java:166)
	at com.tngtech.archunit.junit.internal.ArchUnitTestDescriptor$ArchUnitRuleDescriptor.execute(ArchUnitTestDescriptor.java:149)
	at org.junit.platform.engine.support.hierarchical.NodeTestTask.lambda$executeRecursively$6(NodeTestTask.java:151)
	at org.junit.platform.engine.support.hierarchical.ThrowableCollector.execute(ThrowableCollector.java:73)
	at org.junit.platform.engine.support.hierarchical.NodeTestTask.lambda$executeRecursively$8(NodeTestTask.java:141)
	at org.junit.platform.engine.support.hierarchical.Node.around(Node.java:137)
	at org.junit.platform.engine.support.hierarchical.NodeTestTask.lambda$executeRecursively$9(NodeTestTask.java:139)
	at org.junit.platform.engine.support.hierarchical.ThrowableCollector.execute(ThrowableCollector.java:73)
	at org.junit.platform.engine.support.hierarchical.NodeTestTask.executeRecursively(NodeTestTask.java:138)
	at org.junit.platform.engine.support.hierarchical.NodeTestTask.execute(NodeTestTask.java:95)
	at java.base/java.util.ArrayList.forEach(ArrayList.java:1604)
	at org.junit.platform.engine.support.hierarchical.SameThreadHierarchicalTestExecutorService.invokeAll(SameThreadHierarchicalTestExecutorService.java:41)
	at org.junit.platform.engine.support.hierarchical.NodeTestTask.lambda$executeRecursively$6(NodeTestTask.java:155)
	at org.junit.platform.engine.support.hierarchical.ThrowableCollector.execute(ThrowableCollector.java:73)
	at org.junit.platform.engine.support.hierarchical.NodeTestTask.lambda$executeRecursively$8(NodeTestTask.java:141)
	at org.junit.platform.engine.support.hierarchical.Node.around(Node.java:137)
	at org.junit.platform.engine.support.hierarchical.NodeTestTask.lambda$executeRecursively$9(NodeTestTask.java:139)
	at org.junit.platform.engine.support.hierarchical.ThrowableCollector.execute(ThrowableCollector.java:73)
	at org.junit.platform.engine.support.hierarchical.NodeTestTask.executeRecursively(NodeTestTask.java:138)
	at org.junit.platform.engine.support.hierarchical.NodeTestTask.execute(NodeTestTask.java:95)
	at java.base/java.util.ArrayList.forEach(ArrayList.java:1604)
	at org.junit.platform.engine.support.hierarchical.SameThreadHierarchicalTestExecutorService.invokeAll(SameThreadHierarchicalTestExecutorService.java:41)
	at org.junit.platform.engine.support.hierarchical.NodeTestTask.lambda$executeRecursively$6(NodeTestTask.java:155)
	at org.junit.platform.engine.support.hierarchical.ThrowableCollector.execute(ThrowableCollector.java:73)
	at org.junit.platform.engine.support.hierarchical.NodeTestTask.lambda$executeRecursively$8(NodeTestTask.java:141)
	at org.junit.platform.engine.support.hierarchical.Node.around(Node.java:137)
	at org.junit.platform.engine.support.hierarchical.NodeTestTask.lambda$executeRecursively$9(NodeTestTask.java:139)
	at org.junit.platform.engine.support.hierarchical.ThrowableCollector.execute(ThrowableCollector.java:73)
	at org.junit.platform.engine.support.hierarchical.NodeTestTask.executeRecursively(NodeTestTask.java:138)
	at org.junit.platform.engine.support.hierarchical.NodeTestTask.execute(NodeTestTask.java:95)
	at org.junit.platform.engine.support.hierarchical.SameThreadHierarchicalTestExecutorService.submit(SameThreadHierarchicalTestExecutorService.java:35)
	at org.junit.platform.engine.support.hierarchical.HierarchicalTestExecutor.execute(HierarchicalTestExecutor.java:57)
	at org.junit.platform.engine.support.hierarchical.HierarchicalTestEngine.execute(HierarchicalTestEngine.java:54)
	at org.junit.platform.launcher.core.EngineExecutionOrchestrator.execute(EngineExecutionOrchestrator.java:198)
	at org.junit.platform.launcher.core.EngineExecutionOrchestrator.execute(EngineExecutionOrchestrator.java:169)
	at org.junit.platform.launcher.core.EngineExecutionOrchestrator.execute(EngineExecutionOrchestrator.java:93)
	at org.junit.platform.launcher.core.EngineExecutionOrchestrator.lambda$execute$0(EngineExecutionOrchestrator.java:58)
	at org.junit.platform.launcher.core.EngineExecutionOrchestrator.withInterceptedStreams(EngineExecutionOrchestrator.java:141)
	at org.junit.platform.launcher.core.EngineExecutionOrchestrator.execute(EngineExecutionOrchestrator.java:57)
	at org.junit.platform.launcher.core.DefaultLauncher.execute(DefaultLauncher.java:103)
	at org.junit.platform.launcher.core.DefaultLauncher.execute(DefaultLauncher.java:85)
	at org.junit.platform.launcher.core.DelegatingLauncher.execute(DelegatingLauncher.java:47)
	at org.apache.maven.surefire.junitplatform.LazyLauncher.execute(LazyLauncher.java:56)
	at org.apache.maven.surefire.junitplatform.JUnitPlatformProvider.execute(JUnitPlatformProvider.java:184)
	at org.apache.maven.surefire.junitplatform.JUnitPlatformProvider.invokeAllTests(JUnitPlatformProvider.java:148)
	at org.apache.maven.surefire.junitplatform.JUnitPlatformProvider.invoke(JUnitPlatformProvider.java:122)
	at org.apache.maven.surefire.booter.ForkedBooter.runSuitesInProcess(ForkedBooter.java:385)
	at org.apache.maven.surefire.booter.ForkedBooter.execute(ForkedBooter.java:162)
	at org.apache.maven.surefire.booter.ForkedBooter.run(ForkedBooter.java:507)
	at org.apache.maven.surefire.booter.ForkedBooter.main(ForkedBooter.java:495)
15:22:38.304 [main] WARN com.tngtech.archunit.core.importer.ClassFileProcessor -- Error during import from jrt:/java.base/java/lang/annotation/RetentionPolicy.class, falling back to simple import
java.lang.IllegalArgumentException: Unsupported class file major version 69
	at com.tngtech.archunit.thirdparty.org.objectweb.asm.ClassReader.<init>(ClassReader.java:200)
	at com.tngtech.archunit.thirdparty.org.objectweb.asm.ClassReader.<init>(ClassReader.java:180)
	at com.tngtech.archunit.thirdparty.org.objectweb.asm.ClassReader.<init>(ClassReader.java:166)
	at com.tngtech.archunit.thirdparty.org.objectweb.asm.ClassReader.<init>(ClassReader.java:288)
	at com.tngtech.archunit.core.importer.ClassFileProcessor$UriImporterOfProcessor.tryImport(ClassFileProcessor.java:350)
	at com.tngtech.archunit.core.importer.resolvers.ClassResolverFromClasspath.tryResolve(ClassResolverFromClasspath.java:51)
	at com.tngtech.archunit.core.importer.ImportedClasses.resolve(ImportedClasses.java:74)
	at com.tngtech.archunit.core.importer.ImportedClasses.ensurePresent(ImportedClasses.java:69)
	at com.tngtech.archunit.core.importer.DependencyResolutionProcess.executeRun(DependencyResolutionProcess.java:146)
	at com.tngtech.archunit.core.importer.DependencyResolutionProcess.resolve(DependencyResolutionProcess.java:122)
	at com.tngtech.archunit.core.importer.ClassGraphCreator.complete(ClassGraphCreator.java:107)
	at com.tngtech.archunit.core.importer.ClassFileProcessor.process(ClassFileProcessor.java:75)
	at com.tngtech.archunit.core.importer.ClassFileImporter.importLocations(ClassFileImporter.java:325)
	at com.tngtech.archunit.junit.internal.ClassCache$CacheClassFileImporter.importClasses(ClassCache.java:126)
	at com.tngtech.archunit.junit.internal.ClassCache$LazyJavaClasses.initialize(ClassCache.java:118)
	at com.tngtech.archunit.junit.internal.ClassCache$LazyJavaClasses.get(ClassCache.java:107)
	at com.tngtech.archunit.junit.internal.ClassCache.getClassesToAnalyzeFor(ClassCache.java:84)
	at com.tngtech.archunit.junit.internal.ArchUnitTestDescriptor.lambda$createChildren$1(ArchUnitTestDescriptor.java:89)
	at com.tngtech.archunit.junit.internal.ArchUnitTestDescriptor$ArchUnitRuleDescriptor.execute(ArchUnitTestDescriptor.java:166)
	at com.tngtech.archunit.junit.internal.ArchUnitTestDescriptor$ArchUnitRuleDescriptor.execute(ArchUnitTestDescriptor.java:149)
	at org.junit.platform.engine.support.hierarchical.NodeTestTask.lambda$executeRecursively$6(NodeTestTask.java:151)
	at org.junit.platform.engine.support.hierarchical.ThrowableCollector.execute(ThrowableCollector.java:73)
	at org.junit.platform.engine.support.hierarchical.NodeTestTask.lambda$executeRecursively$8(NodeTestTask.java:141)
	at org.junit.platform.engine.support.hierarchical.Node.around(Node.java:137)
	at org.junit.platform.engine.support.hierarchical.NodeTestTask.lambda$executeRecursively$9(NodeTestTask.java:139)
	at org.junit.platform.engine.support.hierarchical.ThrowableCollector.execute(ThrowableCollector.java:73)
	at org.junit.platform.engine.support.hierarchical.NodeTestTask.executeRecursively(NodeTestTask.java:138)
	at org.junit.platform.engine.support.hierarchical.NodeTestTask.execute(NodeTestTask.java:95)
	at java.base/java.util.ArrayList.forEach(ArrayList.java:1604)
	at org.junit.platform.engine.support.hierarchical.SameThreadHierarchicalTestExecutorService.invokeAll(SameThreadHierarchicalTestExecutorService.java:41)
	at org.junit.platform.engine.support.hierarchical.NodeTestTask.lambda$executeRecursively$6(NodeTestTask.java:155)
	at org.junit.platform.engine.support.hierarchical.ThrowableCollector.execute(ThrowableCollector.java:73)
	at org.junit.platform.engine.support.hierarchical.NodeTestTask.lambda$executeRecursively$8(NodeTestTask.java:141)
	at org.junit.platform.engine.support.hierarchical.Node.around(Node.java:137)
	at org.junit.platform.engine.support.hierarchical.NodeTestTask.lambda$executeRecursively$9(NodeTestTask.java:139)
	at org.junit.platform.engine.support.hierarchical.ThrowableCollector.execute(ThrowableCollector.java:73)
	at org.junit.platform.engine.support.hierarchical.NodeTestTask.executeRecursively(NodeTestTask.java:138)
	at org.junit.platform.engine.support.hierarchical.NodeTestTask.execute(NodeTestTask.java:95)
	at java.base/java.util.ArrayList.forEach(ArrayList.java:1604)
	at org.junit.platform.engine.support.hierarchical.SameThreadHierarchicalTestExecutorService.invokeAll(SameThreadHierarchicalTestExecutorService.java:41)
	at org.junit.platform.engine.support.hierarchical.NodeTestTask.lambda$executeRecursively$6(NodeTestTask.java:155)
	at org.junit.platform.engine.support.hierarchical.ThrowableCollector.execute(ThrowableCollector.java:73)
	at org.junit.platform.engine.support.hierarchical.NodeTestTask.lambda$executeRecursively$8(NodeTestTask.java:141)
	at org.junit.platform.engine.support.hierarchical.Node.around(Node.java:137)
	at org.junit.platform.engine.support.hierarchical.NodeTestTask.lambda$executeRecursively$9(NodeTestTask.java:139)
	at org.junit.platform.engine.support.hierarchical.ThrowableCollector.execute(ThrowableCollector.java:73)
	at org.junit.platform.engine.support.hierarchical.NodeTestTask.executeRecursively(NodeTestTask.java:138)
	at org.junit.platform.engine.support.hierarchical.NodeTestTask.execute(NodeTestTask.java:95)
	at org.junit.platform.engine.support.hierarchical.SameThreadHierarchicalTestExecutorService.submit(SameThreadHierarchicalTestExecutorService.java:35)
	at org.junit.platform.engine.support.hierarchical.HierarchicalTestExecutor.execute(HierarchicalTestExecutor.java:57)
	at org.junit.platform.engine.support.hierarchical.HierarchicalTestEngine.execute(HierarchicalTestEngine.java:54)
	at org.junit.platform.launcher.core.EngineExecutionOrchestrator.execute(EngineExecutionOrchestrator.java:198)
	at org.junit.platform.launcher.core.EngineExecutionOrchestrator.execute(EngineExecutionOrchestrator.java:169)
	at org.junit.platform.launcher.core.EngineExecutionOrchestrator.execute(EngineExecutionOrchestrator.java:93)
	at org.junit.platform.launcher.core.EngineExecutionOrchestrator.lambda$execute$0(EngineExecutionOrchestrator.java:58)
	at org.junit.platform.launcher.core.EngineExecutionOrchestrator.withInterceptedStreams(EngineExecutionOrchestrator.java:141)
	at org.junit.platform.launcher.core.EngineExecutionOrchestrator.execute(EngineExecutionOrchestrator.java:57)
	at org.junit.platform.launcher.core.DefaultLauncher.execute(DefaultLauncher.java:103)
	at org.junit.platform.launcher.core.DefaultLauncher.execute(DefaultLauncher.java:85)
	at org.junit.platform.launcher.core.DelegatingLauncher.execute(DelegatingLauncher.java:47)
	at org.apache.maven.surefire.junitplatform.LazyLauncher.execute(LazyLauncher.java:56)
	at org.apache.maven.surefire.junitplatform.JUnitPlatformProvider.execute(JUnitPlatformProvider.java:184)
	at org.apache.maven.surefire.junitplatform.JUnitPlatformProvider.invokeAllTests(JUnitPlatformProvider.java:148)
	at org.apache.maven.surefire.junitplatform.JUnitPlatformProvider.invoke(JUnitPlatformProvider.java:122)
	at org.apache.maven.surefire.booter.ForkedBooter.runSuitesInProcess(ForkedBooter.java:385)
	at org.apache.maven.surefire.booter.ForkedBooter.execute(ForkedBooter.java:162)
	at org.apache.maven.surefire.booter.ForkedBooter.run(ForkedBooter.java:507)
	at org.apache.maven.surefire.booter.ForkedBooter.main(ForkedBooter.java:495)
15:22:38.308 [main] WARN com.tngtech.archunit.core.importer.ClassFileProcessor -- Error during import from jrt:/java.base/java/util/Set.class, falling back to simple import
java.lang.IllegalArgumentException: Unsupported class file major version 69
	at com.tngtech.archunit.thirdparty.org.objectweb.asm.ClassReader.<init>(ClassReader.java:200)
	at com.tngtech.archunit.thirdparty.org.objectweb.asm.ClassReader.<init>(ClassReader.java:180)
	at com.tngtech.archunit.thirdparty.org.objectweb.asm.ClassReader.<init>(ClassReader.java:166)
	at com.tngtech.archunit.thirdparty.org.objectweb.asm.ClassReader.<init>(ClassReader.java:288)
	at com.tngtech.archunit.core.importer.ClassFileProcessor$UriImporterOfProcessor.tryImport(ClassFileProcessor.java:350)
	at com.tngtech.archunit.core.importer.resolvers.ClassResolverFromClasspath.tryResolve(ClassResolverFromClasspath.java:51)
	at com.tngtech.archunit.core.importer.ImportedClasses.resolve(ImportedClasses.java:74)
	at com.tngtech.archunit.core.importer.ImportedClasses.ensurePresent(ImportedClasses.java:69)
	at com.tngtech.archunit.core.importer.DependencyResolutionProcess.executeRun(DependencyResolutionProcess.java:146)
	at com.tngtech.archunit.core.importer.DependencyResolutionProcess.resolve(DependencyResolutionProcess.java:122)
	at com.tngtech.archunit.core.importer.ClassGraphCreator.complete(ClassGraphCreator.java:107)
	at com.tngtech.archunit.core.importer.ClassFileProcessor.process(ClassFileProcessor.java:75)
	at com.tngtech.archunit.core.importer.ClassFileImporter.importLocations(ClassFileImporter.java:325)
	at com.tngtech.archunit.junit.internal.ClassCache$CacheClassFileImporter.importClasses(ClassCache.java:126)
	at com.tngtech.archunit.junit.internal.ClassCache$LazyJavaClasses.initialize(ClassCache.java:118)
	at com.tngtech.archunit.junit.internal.ClassCache$LazyJavaClasses.get(ClassCache.java:107)
	at com.tngtech.archunit.junit.internal.ClassCache.getClassesToAnalyzeFor(ClassCache.java:84)
	at com.tngtech.archunit.junit.internal.ArchUnitTestDescriptor.lambda$createChildren$1(ArchUnitTestDescriptor.java:89)
	at com.tngtech.archunit.junit.internal.ArchUnitTestDescriptor$ArchUnitRuleDescriptor.execute(ArchUnitTestDescriptor.java:166)
	at com.tngtech.archunit.junit.internal.ArchUnitTestDescriptor$ArchUnitRuleDescriptor.execute(ArchUnitTestDescriptor.java:149)
	at org.junit.platform.engine.support.hierarchical.NodeTestTask.lambda$executeRecursively$6(NodeTestTask.java:151)
	at org.junit.platform.engine.support.hierarchical.ThrowableCollector.execute(ThrowableCollector.java:73)
	at org.junit.platform.engine.support.hierarchical.NodeTestTask.lambda$executeRecursively$8(NodeTestTask.java:141)
	at org.junit.platform.engine.support.hierarchical.Node.around(Node.java:137)
	at org.junit.platform.engine.support.hierarchical.NodeTestTask.lambda$executeRecursively$9(NodeTestTask.java:139)
	at org.junit.platform.engine.support.hierarchical.ThrowableCollector.execute(ThrowableCollector.java:73)
	at org.junit.platform.engine.support.hierarchical.NodeTestTask.executeRecursively(NodeTestTask.java:138)
	at org.junit.platform.engine.support.hierarchical.NodeTestTask.execute(NodeTestTask.java:95)
	at java.base/java.util.ArrayList.forEach(ArrayList.java:1604)
	at org.junit.platform.engine.support.hierarchical.SameThreadHierarchicalTestExecutorService.invokeAll(SameThreadHierarchicalTestExecutorService.java:41)
	at org.junit.platform.engine.support.hierarchical.NodeTestTask.lambda$executeRecursively$6(NodeTestTask.java:155)
	at org.junit.platform.engine.support.hierarchical.ThrowableCollector.execute(ThrowableCollector.java:73)
	at org.junit.platform.engine.support.hierarchical.NodeTestTask.lambda$executeRecursively$8(NodeTestTask.java:141)
	at org.junit.platform.engine.support.hierarchical.Node.around(Node.java:137)
	at org.junit.platform.engine.support.hierarchical.NodeTestTask.lambda$executeRecursively$9(NodeTestTask.java:139)
	at org.junit.platform.engine.support.hierarchical.ThrowableCollector.execute(ThrowableCollector.java:73)
	at org.junit.platform.engine.support.hierarchical.NodeTestTask.executeRecursively(NodeTestTask.java:138)
	at org.junit.platform.engine.support.hierarchical.NodeTestTask.execute(NodeTestTask.java:95)
	at java.base/java.util.ArrayList.forEach(ArrayList.java:1604)
	at org.junit.platform.engine.support.hierarchical.SameThreadHierarchicalTestExecutorService.invokeAll(SameThreadHierarchicalTestExecutorService.java:41)
	at org.junit.platform.engine.support.hierarchical.NodeTestTask.lambda$executeRecursively$6(NodeTestTask.java:155)
	at org.junit.platform.engine.support.hierarchical.ThrowableCollector.execute(ThrowableCollector.java:73)
	at org.junit.platform.engine.support.hierarchical.NodeTestTask.lambda$executeRecursively$8(NodeTestTask.java:141)
	at org.junit.platform.engine.support.hierarchical.Node.around(Node.java:137)
	at org.junit.platform.engine.support.hierarchical.NodeTestTask.lambda$executeRecursively$9(NodeTestTask.java:139)
	at org.junit.platform.engine.support.hierarchical.ThrowableCollector.execute(ThrowableCollector.java:73)
	at org.junit.platform.engine.support.hierarchical.NodeTestTask.executeRecursively(NodeTestTask.java:138)
	at org.junit.platform.engine.support.hierarchical.NodeTestTask.execute(NodeTestTask.java:95)
	at org.junit.platform.engine.support.hierarchical.SameThreadHierarchicalTestExecutorService.submit(SameThreadHierarchicalTestExecutorService.java:35)
	at org.junit.platform.engine.support.hierarchical.HierarchicalTestExecutor.execute(HierarchicalTestExecutor.java:57)
	at org.junit.platform.engine.support.hierarchical.HierarchicalTestEngine.execute(HierarchicalTestEngine.java:54)
	at org.junit.platform.launcher.core.EngineExecutionOrchestrator.execute(EngineExecutionOrchestrator.java:198)
	at org.junit.platform.launcher.core.EngineExecutionOrchestrator.execute(EngineExecutionOrchestrator.java:169)
	at org.junit.platform.launcher.core.EngineExecutionOrchestrator.execute(EngineExecutionOrchestrator.java:93)
	at org.junit.platform.launcher.core.EngineExecutionOrchestrator.lambda$execute$0(EngineExecutionOrchestrator.java:58)
	at org.junit.platform.launcher.core.EngineExecutionOrchestrator.withInterceptedStreams(EngineExecutionOrchestrator.java:141)
	at org.junit.platform.launcher.core.EngineExecutionOrchestrator.execute(EngineExecutionOrchestrator.java:57)
	at org.junit.platform.launcher.core.DefaultLauncher.execute(DefaultLauncher.java:103)
	at org.junit.platform.launcher.core.DefaultLauncher.execute(DefaultLauncher.java:85)
	at org.junit.platform.launcher.core.DelegatingLauncher.execute(DelegatingLauncher.java:47)
	at org.apache.maven.surefire.junitplatform.LazyLauncher.execute(LazyLauncher.java:56)
	at org.apache.maven.surefire.junitplatform.JUnitPlatformProvider.execute(JUnitPlatformProvider.java:184)
	at org.apache.maven.surefire.junitplatform.JUnitPlatformProvider.invokeAllTests(JUnitPlatformProvider.java:148)
	at org.apache.maven.surefire.junitplatform.JUnitPlatformProvider.invoke(JUnitPlatformProvider.java:122)
	at org.apache.maven.surefire.booter.ForkedBooter.runSuitesInProcess(ForkedBooter.java:385)
	at org.apache.maven.surefire.booter.ForkedBooter.execute(ForkedBooter.java:162)
	at org.apache.maven.surefire.booter.ForkedBooter.run(ForkedBooter.java:507)
	at org.apache.maven.surefire.booter.ForkedBooter.main(ForkedBooter.java:495)
15:22:38.309 [main] WARN com.tngtech.archunit.core.importer.ClassFileProcessor -- Error during import from jrt:/java.base/java/util/EventListener.class, falling back to simple import
java.lang.IllegalArgumentException: Unsupported class file major version 69
	at com.tngtech.archunit.thirdparty.org.objectweb.asm.ClassReader.<init>(ClassReader.java:200)
	at com.tngtech.archunit.thirdparty.org.objectweb.asm.ClassReader.<init>(ClassReader.java:180)
	at com.tngtech.archunit.thirdparty.org.objectweb.asm.ClassReader.<init>(ClassReader.java:166)
	at com.tngtech.archunit.thirdparty.org.objectweb.asm.ClassReader.<init>(ClassReader.java:288)
	at com.tngtech.archunit.core.importer.ClassFileProcessor$UriImporterOfProcessor.tryImport(ClassFileProcessor.java:350)
	at com.tngtech.archunit.core.importer.resolvers.ClassResolverFromClasspath.tryResolve(ClassResolverFromClasspath.java:51)
	at com.tngtech.archunit.core.importer.ImportedClasses.resolve(ImportedClasses.java:74)
	at com.tngtech.archunit.core.importer.ImportedClasses.ensurePresent(ImportedClasses.java:69)
	at com.tngtech.archunit.core.importer.DependencyResolutionProcess.executeRun(DependencyResolutionProcess.java:146)
	at com.tngtech.archunit.core.importer.DependencyResolutionProcess.resolve(DependencyResolutionProcess.java:122)
	at com.tngtech.archunit.core.importer.ClassGraphCreator.complete(ClassGraphCreator.java:107)
	at com.tngtech.archunit.core.importer.ClassFileProcessor.process(ClassFileProcessor.java:75)
	at com.tngtech.archunit.core.importer.ClassFileImporter.importLocations(ClassFileImporter.java:325)
	at com.tngtech.archunit.junit.internal.ClassCache$CacheClassFileImporter.importClasses(ClassCache.java:126)
	at com.tngtech.archunit.junit.internal.ClassCache$LazyJavaClasses.initialize(ClassCache.java:118)
	at com.tngtech.archunit.junit.internal.ClassCache$LazyJavaClasses.get(ClassCache.java:107)
	at com.tngtech.archunit.junit.internal.ClassCache.getClassesToAnalyzeFor(ClassCache.java:84)
	at com.tngtech.archunit.junit.internal.ArchUnitTestDescriptor.lambda$createChildren$1(ArchUnitTestDescriptor.java:89)
	at com.tngtech.archunit.junit.internal.ArchUnitTestDescriptor$ArchUnitRuleDescriptor.execute(ArchUnitTestDescriptor.java:166)
	at com.tngtech.archunit.junit.internal.ArchUnitTestDescriptor$ArchUnitRuleDescriptor.execute(ArchUnitTestDescriptor.java:149)
	at org.junit.platform.engine.support.hierarchical.NodeTestTask.lambda$executeRecursively$6(NodeTestTask.java:151)
	at org.junit.platform.engine.support.hierarchical.ThrowableCollector.execute(ThrowableCollector.java:73)
	at org.junit.platform.engine.support.hierarchical.NodeTestTask.lambda$executeRecursively$8(NodeTestTask.java:141)
	at org.junit.platform.engine.support.hierarchical.Node.around(Node.java:137)
	at org.junit.platform.engine.support.hierarchical.NodeTestTask.lambda$executeRecursively$9(NodeTestTask.java:139)
	at org.junit.platform.engine.support.hierarchical.ThrowableCollector.execute(ThrowableCollector.java:73)
	at org.junit.platform.engine.support.hierarchical.NodeTestTask.executeRecursively(NodeTestTask.java:138)
	at org.junit.platform.engine.support.hierarchical.NodeTestTask.execute(NodeTestTask.java:95)
	at java.base/java.util.ArrayList.forEach(ArrayList.java:1604)
	at org.junit.platform.engine.support.hierarchical.SameThreadHierarchicalTestExecutorService.invokeAll(SameThreadHierarchicalTestExecutorService.java:41)
	at org.junit.platform.engine.support.hierarchical.NodeTestTask.lambda$executeRecursively$6(NodeTestTask.java:155)
	at org.junit.platform.engine.support.hierarchical.ThrowableCollector.execute(ThrowableCollector.java:73)
	at org.junit.platform.engine.support.hierarchical.NodeTestTask.lambda$executeRecursively$8(NodeTestTask.java:141)
	at org.junit.platform.engine.support.hierarchical.Node.around(Node.java:137)
	at org.junit.platform.engine.support.hierarchical.NodeTestTask.lambda$executeRecursively$9(NodeTestTask.java:139)
	at org.junit.platform.engine.support.hierarchical.ThrowableCollector.execute(ThrowableCollector.java:73)
	at org.junit.platform.engine.support.hierarchical.NodeTestTask.executeRecursively(NodeTestTask.java:138)
	at org.junit.platform.engine.support.hierarchical.NodeTestTask.execute(NodeTestTask.java:95)
	at java.base/java.util.ArrayList.forEach(ArrayList.java:1604)
	at org.junit.platform.engine.support.hierarchical.SameThreadHierarchicalTestExecutorService.invokeAll(SameThreadHierarchicalTestExecutorService.java:41)
	at org.junit.platform.engine.support.hierarchical.NodeTestTask.lambda$executeRecursively$6(NodeTestTask.java:155)
	at org.junit.platform.engine.support.hierarchical.ThrowableCollector.execute(ThrowableCollector.java:73)
	at org.junit.platform.engine.support.hierarchical.NodeTestTask.lambda$executeRecursively$8(NodeTestTask.java:141)
	at org.junit.platform.engine.support.hierarchical.Node.around(Node.java:137)
	at org.junit.platform.engine.support.hierarchical.NodeTestTask.lambda$executeRecursively$9(NodeTestTask.java:139)
	at org.junit.platform.engine.support.hierarchical.ThrowableCollector.execute(ThrowableCollector.java:73)
	at org.junit.platform.engine.support.hierarchical.NodeTestTask.executeRecursively(NodeTestTask.java:138)
	at org.junit.platform.engine.support.hierarchical.NodeTestTask.execute(NodeTestTask.java:95)
	at org.junit.platform.engine.support.hierarchical.SameThreadHierarchicalTestExecutorService.submit(SameThreadHierarchicalTestExecutorService.java:35)
	at org.junit.platform.engine.support.hierarchical.HierarchicalTestExecutor.execute(HierarchicalTestExecutor.java:57)
	at org.junit.platform.engine.support.hierarchical.HierarchicalTestEngine.execute(HierarchicalTestEngine.java:54)
	at org.junit.platform.launcher.core.EngineExecutionOrchestrator.execute(EngineExecutionOrchestrator.java:198)
	at org.junit.platform.launcher.core.EngineExecutionOrchestrator.execute(EngineExecutionOrchestrator.java:169)
	at org.junit.platform.launcher.core.EngineExecutionOrchestrator.execute(EngineExecutionOrchestrator.java:93)
	at org.junit.platform.launcher.core.EngineExecutionOrchestrator.lambda$execute$0(EngineExecutionOrchestrator.java:58)
	at org.junit.platform.launcher.core.EngineExecutionOrchestrator.withInterceptedStreams(EngineExecutionOrchestrator.java:141)
	at org.junit.platform.launcher.core.EngineExecutionOrchestrator.execute(EngineExecutionOrchestrator.java:57)
	at org.junit.platform.launcher.core.DefaultLauncher.execute(DefaultLauncher.java:103)
	at org.junit.platform.launcher.core.DefaultLauncher.execute(DefaultLauncher.java:85)
	at org.junit.platform.launcher.core.DelegatingLauncher.execute(DelegatingLauncher.java:47)
	at org.apache.maven.surefire.junitplatform.LazyLauncher.execute(LazyLauncher.java:56)
	at org.apache.maven.surefire.junitplatform.JUnitPlatformProvider.execute(JUnitPlatformProvider.java:184)
	at org.apache.maven.surefire.junitplatform.JUnitPlatformProvider.invokeAllTests(JUnitPlatformProvider.java:148)
	at org.apache.maven.surefire.junitplatform.JUnitPlatformProvider.invoke(JUnitPlatformProvider.java:122)
	at org.apache.maven.surefire.booter.ForkedBooter.runSuitesInProcess(ForkedBooter.java:385)
	at org.apache.maven.surefire.booter.ForkedBooter.execute(ForkedBooter.java:162)
	at org.apache.maven.surefire.booter.ForkedBooter.run(ForkedBooter.java:507)
	at org.apache.maven.surefire.booter.ForkedBooter.main(ForkedBooter.java:495)
15:22:38.311 [main] WARN com.tngtech.archunit.core.importer.ClassFileProcessor -- Error during import from jrt:/java.base/java/lang/reflect/Constructor.class, falling back to simple import
java.lang.IllegalArgumentException: Unsupported class file major version 69
	at com.tngtech.archunit.thirdparty.org.objectweb.asm.ClassReader.<init>(ClassReader.java:200)
	at com.tngtech.archunit.thirdparty.org.objectweb.asm.ClassReader.<init>(ClassReader.java:180)
	at com.tngtech.archunit.thirdparty.org.objectweb.asm.ClassReader.<init>(ClassReader.java:166)
	at com.tngtech.archunit.thirdparty.org.objectweb.asm.ClassReader.<init>(ClassReader.java:288)
	at com.tngtech.archunit.core.importer.ClassFileProcessor$UriImporterOfProcessor.tryImport(ClassFileProcessor.java:350)
	at com.tngtech.archunit.core.importer.resolvers.ClassResolverFromClasspath.tryResolve(ClassResolverFromClasspath.java:51)
	at com.tngtech.archunit.core.importer.ImportedClasses.resolve(ImportedClasses.java:74)
	at com.tngtech.archunit.core.importer.ImportedClasses.ensurePresent(ImportedClasses.java:69)
	at com.tngtech.archunit.core.importer.DependencyResolutionProcess.executeRun(DependencyResolutionProcess.java:146)
	at com.tngtech.archunit.core.importer.DependencyResolutionProcess.resolve(DependencyResolutionProcess.java:122)
	at com.tngtech.archunit.core.importer.ClassGraphCreator.complete(ClassGraphCreator.java:107)
	at com.tngtech.archunit.core.importer.ClassFileProcessor.process(ClassFileProcessor.java:75)
	at com.tngtech.archunit.core.importer.ClassFileImporter.importLocations(ClassFileImporter.java:325)
	at com.tngtech.archunit.junit.internal.ClassCache$CacheClassFileImporter.importClasses(ClassCache.java:126)
	at com.tngtech.archunit.junit.internal.ClassCache$LazyJavaClasses.initialize(ClassCache.java:118)
	at com.tngtech.archunit.junit.internal.ClassCache$LazyJavaClasses.get(ClassCache.java:107)
	at com.tngtech.archunit.junit.internal.ClassCache.getClassesToAnalyzeFor(ClassCache.java:84)
	at com.tngtech.archunit.junit.internal.ArchUnitTestDescriptor.lambda$createChildren$1(ArchUnitTestDescriptor.java:89)
	at com.tngtech.archunit.junit.internal.ArchUnitTestDescriptor$ArchUnitRuleDescriptor.execute(ArchUnitTestDescriptor.java:166)
	at com.tngtech.archunit.junit.internal.ArchUnitTestDescriptor$ArchUnitRuleDescriptor.execute(ArchUnitTestDescriptor.java:149)
	at org.junit.platform.engine.support.hierarchical.NodeTestTask.lambda$executeRecursively$6(NodeTestTask.java:151)
	at org.junit.platform.engine.support.hierarchical.ThrowableCollector.execute(ThrowableCollector.java:73)
	at org.junit.platform.engine.support.hierarchical.NodeTestTask.lambda$executeRecursively$8(NodeTestTask.java:141)
	at org.junit.platform.engine.support.hierarchical.Node.around(Node.java:137)
	at org.junit.platform.engine.support.hierarchical.NodeTestTask.lambda$executeRecursively$9(NodeTestTask.java:139)
	at org.junit.platform.engine.support.hierarchical.ThrowableCollector.execute(ThrowableCollector.java:73)
	at org.junit.platform.engine.support.hierarchical.NodeTestTask.executeRecursively(NodeTestTask.java:138)
	at org.junit.platform.engine.support.hierarchical.NodeTestTask.execute(NodeTestTask.java:95)
	at java.base/java.util.ArrayList.forEach(ArrayList.java:1604)
	at org.junit.platform.engine.support.hierarchical.SameThreadHierarchicalTestExecutorService.invokeAll(SameThreadHierarchicalTestExecutorService.java:41)
	at org.junit.platform.engine.support.hierarchical.NodeTestTask.lambda$executeRecursively$6(NodeTestTask.java:155)
	at org.junit.platform.engine.support.hierarchical.ThrowableCollector.execute(ThrowableCollector.java:73)
	at org.junit.platform.engine.support.hierarchical.NodeTestTask.lambda$executeRecursively$8(NodeTestTask.java:141)
	at org.junit.platform.engine.support.hierarchical.Node.around(Node.java:137)
	at org.junit.platform.engine.support.hierarchical.NodeTestTask.lambda$executeRecursively$9(NodeTestTask.java:139)
	at org.junit.platform.engine.support.hierarchical.ThrowableCollector.execute(ThrowableCollector.java:73)
	at org.junit.platform.engine.support.hierarchical.NodeTestTask.executeRecursively(NodeTestTask.java:138)
	at org.junit.platform.engine.support.hierarchical.NodeTestTask.execute(NodeTestTask.java:95)
	at java.base/java.util.ArrayList.forEach(ArrayList.java:1604)
	at org.junit.platform.engine.support.hierarchical.SameThreadHierarchicalTestExecutorService.invokeAll(SameThreadHierarchicalTestExecutorService.java:41)
	at org.junit.platform.engine.support.hierarchical.NodeTestTask.lambda$executeRecursively$6(NodeTestTask.java:155)
	at org.junit.platform.engine.support.hierarchical.ThrowableCollector.execute(ThrowableCollector.java:73)
	at org.junit.platform.engine.support.hierarchical.NodeTestTask.lambda$executeRecursively$8(NodeTestTask.java:141)
	at org.junit.platform.engine.support.hierarchical.Node.around(Node.java:137)
	at org.junit.platform.engine.support.hierarchical.NodeTestTask.lambda$executeRecursively$9(NodeTestTask.java:139)
	at org.junit.platform.engine.support.hierarchical.ThrowableCollector.execute(ThrowableCollector.java:73)
	at org.junit.platform.engine.support.hierarchical.NodeTestTask.executeRecursively(NodeTestTask.java:138)
	at org.junit.platform.engine.support.hierarchical.NodeTestTask.execute(NodeTestTask.java:95)
	at org.junit.platform.engine.support.hierarchical.SameThreadHierarchicalTestExecutorService.submit(SameThreadHierarchicalTestExecutorService.java:35)
	at org.junit.platform.engine.support.hierarchical.HierarchicalTestExecutor.execute(HierarchicalTestExecutor.java:57)
	at org.junit.platform.engine.support.hierarchical.HierarchicalTestEngine.execute(HierarchicalTestEngine.java:54)
	at org.junit.platform.launcher.core.EngineExecutionOrchestrator.execute(EngineExecutionOrchestrator.java:198)
	at org.junit.platform.launcher.core.EngineExecutionOrchestrator.execute(EngineExecutionOrchestrator.java:169)
	at org.junit.platform.launcher.core.EngineExecutionOrchestrator.execute(EngineExecutionOrchestrator.java:93)
	at org.junit.platform.launcher.core.EngineExecutionOrchestrator.lambda$execute$0(EngineExecutionOrchestrator.java:58)
	at org.junit.platform.launcher.core.EngineExecutionOrchestrator.withInterceptedStreams(EngineExecutionOrchestrator.java:141)
	at org.junit.platform.launcher.core.EngineExecutionOrchestrator.execute(EngineExecutionOrchestrator.java:57)
	at org.junit.platform.launcher.core.DefaultLauncher.execute(DefaultLauncher.java:103)
	at org.junit.platform.launcher.core.DefaultLauncher.execute(DefaultLauncher.java:85)
	at org.junit.platform.launcher.core.DelegatingLauncher.execute(DelegatingLauncher.java:47)
	at org.apache.maven.surefire.junitplatform.LazyLauncher.execute(LazyLauncher.java:56)
	at org.apache.maven.surefire.junitplatform.JUnitPlatformProvider.execute(JUnitPlatformProvider.java:184)
	at org.apache.maven.surefire.junitplatform.JUnitPlatformProvider.invokeAllTests(JUnitPlatformProvider.java:148)
	at org.apache.maven.surefire.junitplatform.JUnitPlatformProvider.invoke(JUnitPlatformProvider.java:122)
	at org.apache.maven.surefire.booter.ForkedBooter.runSuitesInProcess(ForkedBooter.java:385)
	at org.apache.maven.surefire.booter.ForkedBooter.execute(ForkedBooter.java:162)
	at org.apache.maven.surefire.booter.ForkedBooter.run(ForkedBooter.java:507)
	at org.apache.maven.surefire.booter.ForkedBooter.main(ForkedBooter.java:495)
15:22:38.325 [main] WARN com.tngtech.archunit.core.importer.ClassFileProcessor -- Error during import from jrt:/java.base/java/lang/reflect/Field.class, falling back to simple import
java.lang.IllegalArgumentException: Unsupported class file major version 69
	at com.tngtech.archunit.thirdparty.org.objectweb.asm.ClassReader.<init>(ClassReader.java:200)
	at com.tngtech.archunit.thirdparty.org.objectweb.asm.ClassReader.<init>(ClassReader.java:180)
	at com.tngtech.archunit.thirdparty.org.objectweb.asm.ClassReader.<init>(ClassReader.java:166)
	at com.tngtech.archunit.thirdparty.org.objectweb.asm.ClassReader.<init>(ClassReader.java:288)
	at com.tngtech.archunit.core.importer.ClassFileProcessor$UriImporterOfProcessor.tryImport(ClassFileProcessor.java:350)
	at com.tngtech.archunit.core.importer.resolvers.ClassResolverFromClasspath.tryResolve(ClassResolverFromClasspath.java:51)
	at com.tngtech.archunit.core.importer.ImportedClasses.resolve(ImportedClasses.java:74)
	at com.tngtech.archunit.core.importer.ImportedClasses.ensurePresent(ImportedClasses.java:69)
	at com.tngtech.archunit.core.importer.DependencyResolutionProcess.executeRun(DependencyResolutionProcess.java:146)
	at com.tngtech.archunit.core.importer.DependencyResolutionProcess.resolve(DependencyResolutionProcess.java:122)
	at com.tngtech.archunit.core.importer.ClassGraphCreator.complete(ClassGraphCreator.java:107)
	at com.tngtech.archunit.core.importer.ClassFileProcessor.process(ClassFileProcessor.java:75)
	at com.tngtech.archunit.core.importer.ClassFileImporter.importLocations(ClassFileImporter.java:325)
	at com.tngtech.archunit.junit.internal.ClassCache$CacheClassFileImporter.importClasses(ClassCache.java:126)
	at com.tngtech.archunit.junit.internal.ClassCache$LazyJavaClasses.initialize(ClassCache.java:118)
	at com.tngtech.archunit.junit.internal.ClassCache$LazyJavaClasses.get(ClassCache.java:107)
	at com.tngtech.archunit.junit.internal.ClassCache.getClassesToAnalyzeFor(ClassCache.java:84)
	at com.tngtech.archunit.junit.internal.ArchUnitTestDescriptor.lambda$createChildren$1(ArchUnitTestDescriptor.java:89)
	at com.tngtech.archunit.junit.internal.ArchUnitTestDescriptor$ArchUnitRuleDescriptor.execute(ArchUnitTestDescriptor.java:166)
	at com.tngtech.archunit.junit.internal.ArchUnitTestDescriptor$ArchUnitRuleDescriptor.execute(ArchUnitTestDescriptor.java:149)
	at org.junit.platform.engine.support.hierarchical.NodeTestTask.lambda$executeRecursively$6(NodeTestTask.java:151)
	at org.junit.platform.engine.support.hierarchical.ThrowableCollector.execute(ThrowableCollector.java:73)
	at org.junit.platform.engine.support.hierarchical.NodeTestTask.lambda$executeRecursively$8(NodeTestTask.java:141)
	at org.junit.platform.engine.support.hierarchical.Node.around(Node.java:137)
	at org.junit.platform.engine.support.hierarchical.NodeTestTask.lambda$executeRecursively$9(NodeTestTask.java:139)
	at org.junit.platform.engine.support.hierarchical.ThrowableCollector.execute(ThrowableCollector.java:73)
	at org.junit.platform.engine.support.hierarchical.NodeTestTask.executeRecursively(NodeTestTask.java:138)
	at org.junit.platform.engine.support.hierarchical.NodeTestTask.execute(NodeTestTask.java:95)
	at java.base/java.util.ArrayList.forEach(ArrayList.java:1604)
	at org.junit.platform.engine.support.hierarchical.SameThreadHierarchicalTestExecutorService.invokeAll(SameThreadHierarchicalTestExecutorService.java:41)
	at org.junit.platform.engine.support.hierarchical.NodeTestTask.lambda$executeRecursively$6(NodeTestTask.java:155)
	at org.junit.platform.engine.support.hierarchical.ThrowableCollector.execute(ThrowableCollector.java:73)
	at org.junit.platform.engine.support.hierarchical.NodeTestTask.lambda$executeRecursively$8(NodeTestTask.java:141)
	at org.junit.platform.engine.support.hierarchical.Node.around(Node.java:137)
	at org.junit.platform.engine.support.hierarchical.NodeTestTask.lambda$executeRecursively$9(NodeTestTask.java:139)
	at org.junit.platform.engine.support.hierarchical.ThrowableCollector.execute(ThrowableCollector.java:73)
	at org.junit.platform.engine.support.hierarchical.NodeTestTask.executeRecursively(NodeTestTask.java:138)
	at org.junit.platform.engine.support.hierarchical.NodeTestTask.execute(NodeTestTask.java:95)
	at java.base/java.util.ArrayList.forEach(ArrayList.java:1604)
	at org.junit.platform.engine.support.hierarchical.SameThreadHierarchicalTestExecutorService.invokeAll(SameThreadHierarchicalTestExecutorService.java:41)
	at org.junit.platform.engine.support.hierarchical.NodeTestTask.lambda$executeRecursively$6(NodeTestTask.java:155)
	at org.junit.platform.engine.support.hierarchical.ThrowableCollector.execute(ThrowableCollector.java:73)
	at org.junit.platform.engine.support.hierarchical.NodeTestTask.lambda$executeRecursively$8(NodeTestTask.java:141)
	at org.junit.platform.engine.support.hierarchical.Node.around(Node.java:137)
	at org.junit.platform.engine.support.hierarchical.NodeTestTask.lambda$executeRecursively$9(NodeTestTask.java:139)
	at org.junit.platform.engine.support.hierarchical.ThrowableCollector.execute(ThrowableCollector.java:73)
	at org.junit.platform.engine.support.hierarchical.NodeTestTask.executeRecursively(NodeTestTask.java:138)
	at org.junit.platform.engine.support.hierarchical.NodeTestTask.execute(NodeTestTask.java:95)
	at org.junit.platform.engine.support.hierarchical.SameThreadHierarchicalTestExecutorService.submit(SameThreadHierarchicalTestExecutorService.java:35)
	at org.junit.platform.engine.support.hierarchical.HierarchicalTestExecutor.execute(HierarchicalTestExecutor.java:57)
	at org.junit.platform.engine.support.hierarchical.HierarchicalTestEngine.execute(HierarchicalTestEngine.java:54)
	at org.junit.platform.launcher.core.EngineExecutionOrchestrator.execute(EngineExecutionOrchestrator.java:198)
	at org.junit.platform.launcher.core.EngineExecutionOrchestrator.execute(EngineExecutionOrchestrator.java:169)
	at org.junit.platform.launcher.core.EngineExecutionOrchestrator.execute(EngineExecutionOrchestrator.java:93)
	at org.junit.platform.launcher.core.EngineExecutionOrchestrator.lambda$execute$0(EngineExecutionOrchestrator.java:58)
	at org.junit.platform.launcher.core.EngineExecutionOrchestrator.withInterceptedStreams(EngineExecutionOrchestrator.java:141)
	at org.junit.platform.launcher.core.EngineExecutionOrchestrator.execute(EngineExecutionOrchestrator.java:57)
	at org.junit.platform.launcher.core.DefaultLauncher.execute(DefaultLauncher.java:103)
	at org.junit.platform.launcher.core.DefaultLauncher.execute(DefaultLauncher.java:85)
	at org.junit.platform.launcher.core.DelegatingLauncher.execute(DelegatingLauncher.java:47)
	at org.apache.maven.surefire.junitplatform.LazyLauncher.execute(LazyLauncher.java:56)
	at org.apache.maven.surefire.junitplatform.JUnitPlatformProvider.execute(JUnitPlatformProvider.java:184)
	at org.apache.maven.surefire.junitplatform.JUnitPlatformProvider.invokeAllTests(JUnitPlatformProvider.java:148)
	at org.apache.maven.surefire.junitplatform.JUnitPlatformProvider.invoke(JUnitPlatformProvider.java:122)
	at org.apache.maven.surefire.booter.ForkedBooter.runSuitesInProcess(ForkedBooter.java:385)
	at org.apache.maven.surefire.booter.ForkedBooter.execute(ForkedBooter.java:162)
	at org.apache.maven.surefire.booter.ForkedBooter.run(ForkedBooter.java:507)
	at org.apache.maven.surefire.booter.ForkedBooter.main(ForkedBooter.java:495)
15:22:38.331 [main] WARN com.tngtech.archunit.core.importer.ClassFileProcessor -- Error during import from jrt:/java.base/java/lang/reflect/Method.class, falling back to simple import
java.lang.IllegalArgumentException: Unsupported class file major version 69
	at com.tngtech.archunit.thirdparty.org.objectweb.asm.ClassReader.<init>(ClassReader.java:200)
	at com.tngtech.archunit.thirdparty.org.objectweb.asm.ClassReader.<init>(ClassReader.java:180)
	at com.tngtech.archunit.thirdparty.org.objectweb.asm.ClassReader.<init>(ClassReader.java:166)
	at com.tngtech.archunit.thirdparty.org.objectweb.asm.ClassReader.<init>(ClassReader.java:288)
	at com.tngtech.archunit.core.importer.ClassFileProcessor$UriImporterOfProcessor.tryImport(ClassFileProcessor.java:350)
	at com.tngtech.archunit.core.importer.resolvers.ClassResolverFromClasspath.tryResolve(ClassResolverFromClasspath.java:51)
	at com.tngtech.archunit.core.importer.ImportedClasses.resolve(ImportedClasses.java:74)
	at com.tngtech.archunit.core.importer.ImportedClasses.ensurePresent(ImportedClasses.java:69)
	at com.tngtech.archunit.core.importer.DependencyResolutionProcess.executeRun(DependencyResolutionProcess.java:146)
	at com.tngtech.archunit.core.importer.DependencyResolutionProcess.resolve(DependencyResolutionProcess.java:122)
	at com.tngtech.archunit.core.importer.ClassGraphCreator.complete(ClassGraphCreator.java:107)
	at com.tngtech.archunit.core.importer.ClassFileProcessor.process(ClassFileProcessor.java:75)
	at com.tngtech.archunit.core.importer.ClassFileImporter.importLocations(ClassFileImporter.java:325)
	at com.tngtech.archunit.junit.internal.ClassCache$CacheClassFileImporter.importClasses(ClassCache.java:126)
	at com.tngtech.archunit.junit.internal.ClassCache$LazyJavaClasses.initialize(ClassCache.java:118)
	at com.tngtech.archunit.junit.internal.ClassCache$LazyJavaClasses.get(ClassCache.java:107)
	at com.tngtech.archunit.junit.internal.ClassCache.getClassesToAnalyzeFor(ClassCache.java:84)
	at com.tngtech.archunit.junit.internal.ArchUnitTestDescriptor.lambda$createChildren$1(ArchUnitTestDescriptor.java:89)
	at com.tngtech.archunit.junit.internal.ArchUnitTestDescriptor$ArchUnitRuleDescriptor.execute(ArchUnitTestDescriptor.java:166)
	at com.tngtech.archunit.junit.internal.ArchUnitTestDescriptor$ArchUnitRuleDescriptor.execute(ArchUnitTestDescriptor.java:149)
	at org.junit.platform.engine.support.hierarchical.NodeTestTask.lambda$executeRecursively$6(NodeTestTask.java:151)
	at org.junit.platform.engine.support.hierarchical.ThrowableCollector.execute(ThrowableCollector.java:73)
	at org.junit.platform.engine.support.hierarchical.NodeTestTask.lambda$executeRecursively$8(NodeTestTask.java:141)
	at org.junit.platform.engine.support.hierarchical.Node.around(Node.java:137)
	at org.junit.platform.engine.support.hierarchical.NodeTestTask.lambda$executeRecursively$9(NodeTestTask.java:139)
	at org.junit.platform.engine.support.hierarchical.ThrowableCollector.execute(ThrowableCollector.java:73)
	at org.junit.platform.engine.support.hierarchical.NodeTestTask.executeRecursively(NodeTestTask.java:138)
	at org.junit.platform.engine.support.hierarchical.NodeTestTask.execute(NodeTestTask.java:95)
	at java.base/java.util.ArrayList.forEach(ArrayList.java:1604)
	at org.junit.platform.engine.support.hierarchical.SameThreadHierarchicalTestExecutorService.invokeAll(SameThreadHierarchicalTestExecutorService.java:41)
	at org.junit.platform.engine.support.hierarchical.NodeTestTask.lambda$executeRecursively$6(NodeTestTask.java:155)
	at org.junit.platform.engine.support.hierarchical.ThrowableCollector.execute(ThrowableCollector.java:73)
	at org.junit.platform.engine.support.hierarchical.NodeTestTask.lambda$executeRecursively$8(NodeTestTask.java:141)
	at org.junit.platform.engine.support.hierarchical.Node.around(Node.java:137)
	at org.junit.platform.engine.support.hierarchical.NodeTestTask.lambda$executeRecursively$9(NodeTestTask.java:139)
	at org.junit.platform.engine.support.hierarchical.ThrowableCollector.execute(ThrowableCollector.java:73)
	at org.junit.platform.engine.support.hierarchical.NodeTestTask.executeRecursively(NodeTestTask.java:138)
	at org.junit.platform.engine.support.hierarchical.NodeTestTask.execute(NodeTestTask.java:95)
	at java.base/java.util.ArrayList.forEach(ArrayList.java:1604)
	at org.junit.platform.engine.support.hierarchical.SameThreadHierarchicalTestExecutorService.invokeAll(SameThreadHierarchicalTestExecutorService.java:41)
	at org.junit.platform.engine.support.hierarchical.NodeTestTask.lambda$executeRecursively$6(NodeTestTask.java:155)
	at org.junit.platform.engine.support.hierarchical.ThrowableCollector.execute(ThrowableCollector.java:73)
	at org.junit.platform.engine.support.hierarchical.NodeTestTask.lambda$executeRecursively$8(NodeTestTask.java:141)
	at org.junit.platform.engine.support.hierarchical.Node.around(Node.java:137)
	at org.junit.platform.engine.support.hierarchical.NodeTestTask.lambda$executeRecursively$9(NodeTestTask.java:139)
	at org.junit.platform.engine.support.hierarchical.ThrowableCollector.execute(ThrowableCollector.java:73)
	at org.junit.platform.engine.support.hierarchical.NodeTestTask.executeRecursively(NodeTestTask.java:138)
	at org.junit.platform.engine.support.hierarchical.NodeTestTask.execute(NodeTestTask.java:95)
	at org.junit.platform.engine.support.hierarchical.SameThreadHierarchicalTestExecutorService.submit(SameThreadHierarchicalTestExecutorService.java:35)
	at org.junit.platform.engine.support.hierarchical.HierarchicalTestExecutor.execute(HierarchicalTestExecutor.java:57)
	at org.junit.platform.engine.support.hierarchical.HierarchicalTestEngine.execute(HierarchicalTestEngine.java:54)
	at org.junit.platform.launcher.core.EngineExecutionOrchestrator.execute(EngineExecutionOrchestrator.java:198)
	at org.junit.platform.launcher.core.EngineExecutionOrchestrator.execute(EngineExecutionOrchestrator.java:169)
	at org.junit.platform.launcher.core.EngineExecutionOrchestrator.execute(EngineExecutionOrchestrator.java:93)
	at org.junit.platform.launcher.core.EngineExecutionOrchestrator.lambda$execute$0(EngineExecutionOrchestrator.java:58)
	at org.junit.platform.launcher.core.EngineExecutionOrchestrator.withInterceptedStreams(EngineExecutionOrchestrator.java:141)
	at org.junit.platform.launcher.core.EngineExecutionOrchestrator.execute(EngineExecutionOrchestrator.java:57)
	at org.junit.platform.launcher.core.DefaultLauncher.execute(DefaultLauncher.java:103)
	at org.junit.platform.launcher.core.DefaultLauncher.execute(DefaultLauncher.java:85)
	at org.junit.platform.launcher.core.DelegatingLauncher.execute(DelegatingLauncher.java:47)
	at org.apache.maven.surefire.junitplatform.LazyLauncher.execute(LazyLauncher.java:56)
	at org.apache.maven.surefire.junitplatform.JUnitPlatformProvider.execute(JUnitPlatformProvider.java:184)
	at org.apache.maven.surefire.junitplatform.JUnitPlatformProvider.invokeAllTests(JUnitPlatformProvider.java:148)
	at org.apache.maven.surefire.junitplatform.JUnitPlatformProvider.invoke(JUnitPlatformProvider.java:122)
	at org.apache.maven.surefire.booter.ForkedBooter.runSuitesInProcess(ForkedBooter.java:385)
	at org.apache.maven.surefire.booter.ForkedBooter.execute(ForkedBooter.java:162)
	at org.apache.maven.surefire.booter.ForkedBooter.run(ForkedBooter.java:507)
	at org.apache.maven.surefire.booter.ForkedBooter.main(ForkedBooter.java:495)
15:22:38.336 [main] WARN com.tngtech.archunit.core.importer.ClassFileProcessor -- Error during import from jrt:/java.base/java/util/List.class, falling back to simple import
java.lang.IllegalArgumentException: Unsupported class file major version 69
	at com.tngtech.archunit.thirdparty.org.objectweb.asm.ClassReader.<init>(ClassReader.java:200)
	at com.tngtech.archunit.thirdparty.org.objectweb.asm.ClassReader.<init>(ClassReader.java:180)
	at com.tngtech.archunit.thirdparty.org.objectweb.asm.ClassReader.<init>(ClassReader.java:166)
	at com.tngtech.archunit.thirdparty.org.objectweb.asm.ClassReader.<init>(ClassReader.java:288)
	at com.tngtech.archunit.core.importer.ClassFileProcessor$UriImporterOfProcessor.tryImport(ClassFileProcessor.java:350)
	at com.tngtech.archunit.core.importer.resolvers.ClassResolverFromClasspath.tryResolve(ClassResolverFromClasspath.java:51)
	at com.tngtech.archunit.core.importer.ImportedClasses.resolve(ImportedClasses.java:74)
	at com.tngtech.archunit.core.importer.ImportedClasses.ensurePresent(ImportedClasses.java:69)
	at com.tngtech.archunit.core.importer.DependencyResolutionProcess.executeRun(DependencyResolutionProcess.java:146)
	at com.tngtech.archunit.core.importer.DependencyResolutionProcess.resolve(DependencyResolutionProcess.java:122)
	at com.tngtech.archunit.core.importer.ClassGraphCreator.complete(ClassGraphCreator.java:107)
	at com.tngtech.archunit.core.importer.ClassFileProcessor.process(ClassFileProcessor.java:75)
	at com.tngtech.archunit.core.importer.ClassFileImporter.importLocations(ClassFileImporter.java:325)
	at com.tngtech.archunit.junit.internal.ClassCache$CacheClassFileImporter.importClasses(ClassCache.java:126)
	at com.tngtech.archunit.junit.internal.ClassCache$LazyJavaClasses.initialize(ClassCache.java:118)
	at com.tngtech.archunit.junit.internal.ClassCache$LazyJavaClasses.get(ClassCache.java:107)
	at com.tngtech.archunit.junit.internal.ClassCache.getClassesToAnalyzeFor(ClassCache.java:84)
	at com.tngtech.archunit.junit.internal.ArchUnitTestDescriptor.lambda$createChildren$1(ArchUnitTestDescriptor.java:89)
	at com.tngtech.archunit.junit.internal.ArchUnitTestDescriptor$ArchUnitRuleDescriptor.execute(ArchUnitTestDescriptor.java:166)
	at com.tngtech.archunit.junit.internal.ArchUnitTestDescriptor$ArchUnitRuleDescriptor.execute(ArchUnitTestDescriptor.java:149)
	at org.junit.platform.engine.support.hierarchical.NodeTestTask.lambda$executeRecursively$6(NodeTestTask.java:151)
	at org.junit.platform.engine.support.hierarchical.ThrowableCollector.execute(ThrowableCollector.java:73)
	at org.junit.platform.engine.support.hierarchical.NodeTestTask.lambda$executeRecursively$8(NodeTestTask.java:141)
	at org.junit.platform.engine.support.hierarchical.Node.around(Node.java:137)
	at org.junit.platform.engine.support.hierarchical.NodeTestTask.lambda$executeRecursively$9(NodeTestTask.java:139)
	at org.junit.platform.engine.support.hierarchical.ThrowableCollector.execute(ThrowableCollector.java:73)
	at org.junit.platform.engine.support.hierarchical.NodeTestTask.executeRecursively(NodeTestTask.java:138)
	at org.junit.platform.engine.support.hierarchical.NodeTestTask.execute(NodeTestTask.java:95)
	at java.base/java.util.ArrayList.forEach(ArrayList.java:1604)
	at org.junit.platform.engine.support.hierarchical.SameThreadHierarchicalTestExecutorService.invokeAll(SameThreadHierarchicalTestExecutorService.java:41)
	at org.junit.platform.engine.support.hierarchical.NodeTestTask.lambda$executeRecursively$6(NodeTestTask.java:155)
	at org.junit.platform.engine.support.hierarchical.ThrowableCollector.execute(ThrowableCollector.java:73)
	at org.junit.platform.engine.support.hierarchical.NodeTestTask.lambda$executeRecursively$8(NodeTestTask.java:141)
	at org.junit.platform.engine.support.hierarchical.Node.around(Node.java:137)
	at org.junit.platform.engine.support.hierarchical.NodeTestTask.lambda$executeRecursively$9(NodeTestTask.java:139)
	at org.junit.platform.engine.support.hierarchical.ThrowableCollector.execute(ThrowableCollector.java:73)
	at org.junit.platform.engine.support.hierarchical.NodeTestTask.executeRecursively(NodeTestTask.java:138)
	at org.junit.platform.engine.support.hierarchical.NodeTestTask.execute(NodeTestTask.java:95)
	at java.base/java.util.ArrayList.forEach(ArrayList.java:1604)
	at org.junit.platform.engine.support.hierarchical.SameThreadHierarchicalTestExecutorService.invokeAll(SameThreadHierarchicalTestExecutorService.java:41)
	at org.junit.platform.engine.support.hierarchical.NodeTestTask.lambda$executeRecursively$6(NodeTestTask.java:155)
	at org.junit.platform.engine.support.hierarchical.ThrowableCollector.execute(ThrowableCollector.java:73)
	at org.junit.platform.engine.support.hierarchical.NodeTestTask.lambda$executeRecursively$8(NodeTestTask.java:141)
	at org.junit.platform.engine.support.hierarchical.Node.around(Node.java:137)
	at org.junit.platform.engine.support.hierarchical.NodeTestTask.lambda$executeRecursively$9(NodeTestTask.java:139)
	at org.junit.platform.engine.support.hierarchical.ThrowableCollector.execute(ThrowableCollector.java:73)
	at org.junit.platform.engine.support.hierarchical.NodeTestTask.executeRecursively(NodeTestTask.java:138)
	at org.junit.platform.engine.support.hierarchical.NodeTestTask.execute(NodeTestTask.java:95)
	at org.junit.platform.engine.support.hierarchical.SameThreadHierarchicalTestExecutorService.submit(SameThreadHierarchicalTestExecutorService.java:35)
	at org.junit.platform.engine.support.hierarchical.HierarchicalTestExecutor.execute(HierarchicalTestExecutor.java:57)
	at org.junit.platform.engine.support.hierarchical.HierarchicalTestEngine.execute(HierarchicalTestEngine.java:54)
	at org.junit.platform.launcher.core.EngineExecutionOrchestrator.execute(EngineExecutionOrchestrator.java:198)
	at org.junit.platform.launcher.core.EngineExecutionOrchestrator.execute(EngineExecutionOrchestrator.java:169)
	at org.junit.platform.launcher.core.EngineExecutionOrchestrator.execute(EngineExecutionOrchestrator.java:93)
	at org.junit.platform.launcher.core.EngineExecutionOrchestrator.lambda$execute$0(EngineExecutionOrchestrator.java:58)
	at org.junit.platform.launcher.core.EngineExecutionOrchestrator.withInterceptedStreams(EngineExecutionOrchestrator.java:141)
	at org.junit.platform.launcher.core.EngineExecutionOrchestrator.execute(EngineExecutionOrchestrator.java:57)
	at org.junit.platform.launcher.core.DefaultLauncher.execute(DefaultLauncher.java:103)
	at org.junit.platform.launcher.core.DefaultLauncher.execute(DefaultLauncher.java:85)
	at org.junit.platform.launcher.core.DelegatingLauncher.execute(DelegatingLauncher.java:47)
	at org.apache.maven.surefire.junitplatform.LazyLauncher.execute(LazyLauncher.java:56)
	at org.apache.maven.surefire.junitplatform.JUnitPlatformProvider.execute(JUnitPlatformProvider.java:184)
	at org.apache.maven.surefire.junitplatform.JUnitPlatformProvider.invokeAllTests(JUnitPlatformProvider.java:148)
	at org.apache.maven.surefire.junitplatform.JUnitPlatformProvider.invoke(JUnitPlatformProvider.java:122)
	at org.apache.maven.surefire.booter.ForkedBooter.runSuitesInProcess(ForkedBooter.java:385)
	at org.apache.maven.surefire.booter.ForkedBooter.execute(ForkedBooter.java:162)
	at org.apache.maven.surefire.booter.ForkedBooter.run(ForkedBooter.java:507)
	at org.apache.maven.surefire.booter.ForkedBooter.main(ForkedBooter.java:495)
15:22:38.339 [main] WARN com.tngtech.archunit.core.importer.ClassFileProcessor -- Error during import from jrt:/java.base/java/lang/FunctionalInterface.class, falling back to simple import
java.lang.IllegalArgumentException: Unsupported class file major version 69
	at com.tngtech.archunit.thirdparty.org.objectweb.asm.ClassReader.<init>(ClassReader.java:200)
	at com.tngtech.archunit.thirdparty.org.objectweb.asm.ClassReader.<init>(ClassReader.java:180)
	at com.tngtech.archunit.thirdparty.org.objectweb.asm.ClassReader.<init>(ClassReader.java:166)
	at com.tngtech.archunit.thirdparty.org.objectweb.asm.ClassReader.<init>(ClassReader.java:288)
	at com.tngtech.archunit.core.importer.ClassFileProcessor$UriImporterOfProcessor.tryImport(ClassFileProcessor.java:350)
	at com.tngtech.archunit.core.importer.resolvers.ClassResolverFromClasspath.tryResolve(ClassResolverFromClasspath.java:51)
	at com.tngtech.archunit.core.importer.ImportedClasses.resolve(ImportedClasses.java:74)
	at com.tngtech.archunit.core.importer.ImportedClasses.ensurePresent(ImportedClasses.java:69)
	at com.tngtech.archunit.core.importer.DependencyResolutionProcess.executeRun(DependencyResolutionProcess.java:146)
	at com.tngtech.archunit.core.importer.DependencyResolutionProcess.resolve(DependencyResolutionProcess.java:122)
	at com.tngtech.archunit.core.importer.ClassGraphCreator.complete(ClassGraphCreator.java:107)
	at com.tngtech.archunit.core.importer.ClassFileProcessor.process(ClassFileProcessor.java:75)
	at com.tngtech.archunit.core.importer.ClassFileImporter.importLocations(ClassFileImporter.java:325)
	at com.tngtech.archunit.junit.internal.ClassCache$CacheClassFileImporter.importClasses(ClassCache.java:126)
	at com.tngtech.archunit.junit.internal.ClassCache$LazyJavaClasses.initialize(ClassCache.java:118)
	at com.tngtech.archunit.junit.internal.ClassCache$LazyJavaClasses.get(ClassCache.java:107)
	at com.tngtech.archunit.junit.internal.ClassCache.getClassesToAnalyzeFor(ClassCache.java:84)
	at com.tngtech.archunit.junit.internal.ArchUnitTestDescriptor.lambda$createChildren$1(ArchUnitTestDescriptor.java:89)
	at com.tngtech.archunit.junit.internal.ArchUnitTestDescriptor$ArchUnitRuleDescriptor.execute(ArchUnitTestDescriptor.java:166)
	at com.tngtech.archunit.junit.internal.ArchUnitTestDescriptor$ArchUnitRuleDescriptor.execute(ArchUnitTestDescriptor.java:149)
	at org.junit.platform.engine.support.hierarchical.NodeTestTask.lambda$executeRecursively$6(NodeTestTask.java:151)
	at org.junit.platform.engine.support.hierarchical.ThrowableCollector.execute(ThrowableCollector.java:73)
	at org.junit.platform.engine.support.hierarchical.NodeTestTask.lambda$executeRecursively$8(NodeTestTask.java:141)
	at org.junit.platform.engine.support.hierarchical.Node.around(Node.java:137)
	at org.junit.platform.engine.support.hierarchical.NodeTestTask.lambda$executeRecursively$9(NodeTestTask.java:139)
	at org.junit.platform.engine.support.hierarchical.ThrowableCollector.execute(ThrowableCollector.java:73)
	at org.junit.platform.engine.support.hierarchical.NodeTestTask.executeRecursively(NodeTestTask.java:138)
	at org.junit.platform.engine.support.hierarchical.NodeTestTask.execute(NodeTestTask.java:95)
	at java.base/java.util.ArrayList.forEach(ArrayList.java:1604)
	at org.junit.platform.engine.support.hierarchical.SameThreadHierarchicalTestExecutorService.invokeAll(SameThreadHierarchicalTestExecutorService.java:41)
	at org.junit.platform.engine.support.hierarchical.NodeTestTask.lambda$executeRecursively$6(NodeTestTask.java:155)
	at org.junit.platform.engine.support.hierarchical.ThrowableCollector.execute(ThrowableCollector.java:73)
	at org.junit.platform.engine.support.hierarchical.NodeTestTask.lambda$executeRecursively$8(NodeTestTask.java:141)
	at org.junit.platform.engine.support.hierarchical.Node.around(Node.java:137)
	at org.junit.platform.engine.support.hierarchical.NodeTestTask.lambda$executeRecursively$9(NodeTestTask.java:139)
	at org.junit.platform.engine.support.hierarchical.ThrowableCollector.execute(ThrowableCollector.java:73)
	at org.junit.platform.engine.support.hierarchical.NodeTestTask.executeRecursively(NodeTestTask.java:138)
	at org.junit.platform.engine.support.hierarchical.NodeTestTask.execute(NodeTestTask.java:95)
	at java.base/java.util.ArrayList.forEach(ArrayList.java:1604)
	at org.junit.platform.engine.support.hierarchical.SameThreadHierarchicalTestExecutorService.invokeAll(SameThreadHierarchicalTestExecutorService.java:41)
	at org.junit.platform.engine.support.hierarchical.NodeTestTask.lambda$executeRecursively$6(NodeTestTask.java:155)
	at org.junit.platform.engine.support.hierarchical.ThrowableCollector.execute(ThrowableCollector.java:73)
	at org.junit.platform.engine.support.hierarchical.NodeTestTask.lambda$executeRecursively$8(NodeTestTask.java:141)
	at org.junit.platform.engine.support.hierarchical.Node.around(Node.java:137)
	at org.junit.platform.engine.support.hierarchical.NodeTestTask.lambda$executeRecursively$9(NodeTestTask.java:139)
	at org.junit.platform.engine.support.hierarchical.ThrowableCollector.execute(ThrowableCollector.java:73)
	at org.junit.platform.engine.support.hierarchical.NodeTestTask.executeRecursively(NodeTestTask.java:138)
	at org.junit.platform.engine.support.hierarchical.NodeTestTask.execute(NodeTestTask.java:95)
	at org.junit.platform.engine.support.hierarchical.SameThreadHierarchicalTestExecutorService.submit(SameThreadHierarchicalTestExecutorService.java:35)
	at org.junit.platform.engine.support.hierarchical.HierarchicalTestExecutor.execute(HierarchicalTestExecutor.java:57)
	at org.junit.platform.engine.support.hierarchical.HierarchicalTestEngine.execute(HierarchicalTestEngine.java:54)
	at org.junit.platform.launcher.core.EngineExecutionOrchestrator.execute(EngineExecutionOrchestrator.java:198)
	at org.junit.platform.launcher.core.EngineExecutionOrchestrator.execute(EngineExecutionOrchestrator.java:169)
	at org.junit.platform.launcher.core.EngineExecutionOrchestrator.execute(EngineExecutionOrchestrator.java:93)
	at org.junit.platform.launcher.core.EngineExecutionOrchestrator.lambda$execute$0(EngineExecutionOrchestrator.java:58)
	at org.junit.platform.launcher.core.EngineExecutionOrchestrator.withInterceptedStreams(EngineExecutionOrchestrator.java:141)
	at org.junit.platform.launcher.core.EngineExecutionOrchestrator.execute(EngineExecutionOrchestrator.java:57)
	at org.junit.platform.launcher.core.DefaultLauncher.execute(DefaultLauncher.java:103)
	at org.junit.platform.launcher.core.DefaultLauncher.execute(DefaultLauncher.java:85)
	at org.junit.platform.launcher.core.DelegatingLauncher.execute(DelegatingLauncher.java:47)
	at org.apache.maven.surefire.junitplatform.LazyLauncher.execute(LazyLauncher.java:56)
	at org.apache.maven.surefire.junitplatform.JUnitPlatformProvider.execute(JUnitPlatformProvider.java:184)
	at org.apache.maven.surefire.junitplatform.JUnitPlatformProvider.invokeAllTests(JUnitPlatformProvider.java:148)
	at org.apache.maven.surefire.junitplatform.JUnitPlatformProvider.invoke(JUnitPlatformProvider.java:122)
	at org.apache.maven.surefire.booter.ForkedBooter.runSuitesInProcess(ForkedBooter.java:385)
	at org.apache.maven.surefire.booter.ForkedBooter.execute(ForkedBooter.java:162)
	at org.apache.maven.surefire.booter.ForkedBooter.run(ForkedBooter.java:507)
	at org.apache.maven.surefire.booter.ForkedBooter.main(ForkedBooter.java:495)
15:22:38.343 [main] WARN com.tngtech.archunit.core.importer.ClassFileProcessor -- Error during import from jrt:/java.base/java/util/EventObject.class, falling back to simple import
java.lang.IllegalArgumentException: Unsupported class file major version 69
	at com.tngtech.archunit.thirdparty.org.objectweb.asm.ClassReader.<init>(ClassReader.java:200)
	at com.tngtech.archunit.thirdparty.org.objectweb.asm.ClassReader.<init>(ClassReader.java:180)
	at com.tngtech.archunit.thirdparty.org.objectweb.asm.ClassReader.<init>(ClassReader.java:166)
	at com.tngtech.archunit.thirdparty.org.objectweb.asm.ClassReader.<init>(ClassReader.java:288)
	at com.tngtech.archunit.core.importer.ClassFileProcessor$UriImporterOfProcessor.tryImport(ClassFileProcessor.java:350)
	at com.tngtech.archunit.core.importer.resolvers.ClassResolverFromClasspath.tryResolve(ClassResolverFromClasspath.java:51)
	at com.tngtech.archunit.core.importer.ImportedClasses.resolve(ImportedClasses.java:74)
	at com.tngtech.archunit.core.importer.ImportedClasses.ensurePresent(ImportedClasses.java:69)
	at com.tngtech.archunit.core.importer.DependencyResolutionProcess.executeRun(DependencyResolutionProcess.java:146)
	at com.tngtech.archunit.core.importer.DependencyResolutionProcess.resolve(DependencyResolutionProcess.java:122)
	at com.tngtech.archunit.core.importer.ClassGraphCreator.complete(ClassGraphCreator.java:107)
	at com.tngtech.archunit.core.importer.ClassFileProcessor.process(ClassFileProcessor.java:75)
	at com.tngtech.archunit.core.importer.ClassFileImporter.importLocations(ClassFileImporter.java:325)
	at com.tngtech.archunit.junit.internal.ClassCache$CacheClassFileImporter.importClasses(ClassCache.java:126)
	at com.tngtech.archunit.junit.internal.ClassCache$LazyJavaClasses.initialize(ClassCache.java:118)
	at com.tngtech.archunit.junit.internal.ClassCache$LazyJavaClasses.get(ClassCache.java:107)
	at com.tngtech.archunit.junit.internal.ClassCache.getClassesToAnalyzeFor(ClassCache.java:84)
	at com.tngtech.archunit.junit.internal.ArchUnitTestDescriptor.lambda$createChildren$1(ArchUnitTestDescriptor.java:89)
	at com.tngtech.archunit.junit.internal.ArchUnitTestDescriptor$ArchUnitRuleDescriptor.execute(ArchUnitTestDescriptor.java:166)
	at com.tngtech.archunit.junit.internal.ArchUnitTestDescriptor$ArchUnitRuleDescriptor.execute(ArchUnitTestDescriptor.java:149)
	at org.junit.platform.engine.support.hierarchical.NodeTestTask.lambda$executeRecursively$6(NodeTestTask.java:151)
	at org.junit.platform.engine.support.hierarchical.ThrowableCollector.execute(ThrowableCollector.java:73)
	at org.junit.platform.engine.support.hierarchical.NodeTestTask.lambda$executeRecursively$8(NodeTestTask.java:141)
	at org.junit.platform.engine.support.hierarchical.Node.around(Node.java:137)
	at org.junit.platform.engine.support.hierarchical.NodeTestTask.lambda$executeRecursively$9(NodeTestTask.java:139)
	at org.junit.platform.engine.support.hierarchical.ThrowableCollector.execute(ThrowableCollector.java:73)
	at org.junit.platform.engine.support.hierarchical.NodeTestTask.executeRecursively(NodeTestTask.java:138)
	at org.junit.platform.engine.support.hierarchical.NodeTestTask.execute(NodeTestTask.java:95)
	at java.base/java.util.ArrayList.forEach(ArrayList.java:1604)
	at org.junit.platform.engine.support.hierarchical.SameThreadHierarchicalTestExecutorService.invokeAll(SameThreadHierarchicalTestExecutorService.java:41)
	at org.junit.platform.engine.support.hierarchical.NodeTestTask.lambda$executeRecursively$6(NodeTestTask.java:155)
	at org.junit.platform.engine.support.hierarchical.ThrowableCollector.execute(ThrowableCollector.java:73)
	at org.junit.platform.engine.support.hierarchical.NodeTestTask.lambda$executeRecursively$8(NodeTestTask.java:141)
	at org.junit.platform.engine.support.hierarchical.Node.around(Node.java:137)
	at org.junit.platform.engine.support.hierarchical.NodeTestTask.lambda$executeRecursively$9(NodeTestTask.java:139)
	at org.junit.platform.engine.support.hierarchical.ThrowableCollector.execute(ThrowableCollector.java:73)
	at org.junit.platform.engine.support.hierarchical.NodeTestTask.executeRecursively(NodeTestTask.java:138)
	at org.junit.platform.engine.support.hierarchical.NodeTestTask.execute(NodeTestTask.java:95)
	at java.base/java.util.ArrayList.forEach(ArrayList.java:1604)
	at org.junit.platform.engine.support.hierarchical.SameThreadHierarchicalTestExecutorService.invokeAll(SameThreadHierarchicalTestExecutorService.java:41)
	at org.junit.platform.engine.support.hierarchical.NodeTestTask.lambda$executeRecursively$6(NodeTestTask.java:155)
	at org.junit.platform.engine.support.hierarchical.ThrowableCollector.execute(ThrowableCollector.java:73)
	at org.junit.platform.engine.support.hierarchical.NodeTestTask.lambda$executeRecursively$8(NodeTestTask.java:141)
	at org.junit.platform.engine.support.hierarchical.Node.around(Node.java:137)
	at org.junit.platform.engine.support.hierarchical.NodeTestTask.lambda$executeRecursively$9(NodeTestTask.java:139)
	at org.junit.platform.engine.support.hierarchical.ThrowableCollector.execute(ThrowableCollector.java:73)
	at org.junit.platform.engine.support.hierarchical.NodeTestTask.executeRecursively(NodeTestTask.java:138)
	at org.junit.platform.engine.support.hierarchical.NodeTestTask.execute(NodeTestTask.java:95)
	at org.junit.platform.engine.support.hierarchical.SameThreadHierarchicalTestExecutorService.submit(SameThreadHierarchicalTestExecutorService.java:35)
	at org.junit.platform.engine.support.hierarchical.HierarchicalTestExecutor.execute(HierarchicalTestExecutor.java:57)
	at org.junit.platform.engine.support.hierarchical.HierarchicalTestEngine.execute(HierarchicalTestEngine.java:54)
	at org.junit.platform.launcher.core.EngineExecutionOrchestrator.execute(EngineExecutionOrchestrator.java:198)
	at org.junit.platform.launcher.core.EngineExecutionOrchestrator.execute(EngineExecutionOrchestrator.java:169)
	at org.junit.platform.launcher.core.EngineExecutionOrchestrator.execute(EngineExecutionOrchestrator.java:93)
	at org.junit.platform.launcher.core.EngineExecutionOrchestrator.lambda$execute$0(EngineExecutionOrchestrator.java:58)
	at org.junit.platform.launcher.core.EngineExecutionOrchestrator.withInterceptedStreams(EngineExecutionOrchestrator.java:141)
	at org.junit.platform.launcher.core.EngineExecutionOrchestrator.execute(EngineExecutionOrchestrator.java:57)
	at org.junit.platform.launcher.core.DefaultLauncher.execute(DefaultLauncher.java:103)
	at org.junit.platform.launcher.core.DefaultLauncher.execute(DefaultLauncher.java:85)
	at org.junit.platform.launcher.core.DelegatingLauncher.execute(DelegatingLauncher.java:47)
	at org.apache.maven.surefire.junitplatform.LazyLauncher.execute(LazyLauncher.java:56)
	at org.apache.maven.surefire.junitplatform.JUnitPlatformProvider.execute(JUnitPlatformProvider.java:184)
	at org.apache.maven.surefire.junitplatform.JUnitPlatformProvider.invokeAllTests(JUnitPlatformProvider.java:148)
	at org.apache.maven.surefire.junitplatform.JUnitPlatformProvider.invoke(JUnitPlatformProvider.java:122)
	at org.apache.maven.surefire.booter.ForkedBooter.runSuitesInProcess(ForkedBooter.java:385)
	at org.apache.maven.surefire.booter.ForkedBooter.execute(ForkedBooter.java:162)
	at org.apache.maven.surefire.booter.ForkedBooter.run(ForkedBooter.java:507)
	at org.apache.maven.surefire.booter.ForkedBooter.main(ForkedBooter.java:495)
15:22:38.345 [main] WARN com.tngtech.archunit.core.importer.ClassFileProcessor -- Error during import from jrt:/java.base/java/util/Collection.class, falling back to simple import
java.lang.IllegalArgumentException: Unsupported class file major version 69
	at com.tngtech.archunit.thirdparty.org.objectweb.asm.ClassReader.<init>(ClassReader.java:200)
	at com.tngtech.archunit.thirdparty.org.objectweb.asm.ClassReader.<init>(ClassReader.java:180)
	at com.tngtech.archunit.thirdparty.org.objectweb.asm.ClassReader.<init>(ClassReader.java:166)
	at com.tngtech.archunit.thirdparty.org.objectweb.asm.ClassReader.<init>(ClassReader.java:288)
	at com.tngtech.archunit.core.importer.ClassFileProcessor$UriImporterOfProcessor.tryImport(ClassFileProcessor.java:350)
	at com.tngtech.archunit.core.importer.resolvers.ClassResolverFromClasspath.tryResolve(ClassResolverFromClasspath.java:51)
	at com.tngtech.archunit.core.importer.ImportedClasses.resolve(ImportedClasses.java:74)
	at com.tngtech.archunit.core.importer.ImportedClasses.ensurePresent(ImportedClasses.java:69)
	at com.tngtech.archunit.core.importer.DependencyResolutionProcess.executeRun(DependencyResolutionProcess.java:146)
	at com.tngtech.archunit.core.importer.DependencyResolutionProcess.resolve(DependencyResolutionProcess.java:122)
	at com.tngtech.archunit.core.importer.ClassGraphCreator.complete(ClassGraphCreator.java:107)
	at com.tngtech.archunit.core.importer.ClassFileProcessor.process(ClassFileProcessor.java:75)
	at com.tngtech.archunit.core.importer.ClassFileImporter.importLocations(ClassFileImporter.java:325)
	at com.tngtech.archunit.junit.internal.ClassCache$CacheClassFileImporter.importClasses(ClassCache.java:126)
	at com.tngtech.archunit.junit.internal.ClassCache$LazyJavaClasses.initialize(ClassCache.java:118)
	at com.tngtech.archunit.junit.internal.ClassCache$LazyJavaClasses.get(ClassCache.java:107)
	at com.tngtech.archunit.junit.internal.ClassCache.getClassesToAnalyzeFor(ClassCache.java:84)
	at com.tngtech.archunit.junit.internal.ArchUnitTestDescriptor.lambda$createChildren$1(ArchUnitTestDescriptor.java:89)
	at com.tngtech.archunit.junit.internal.ArchUnitTestDescriptor$ArchUnitRuleDescriptor.execute(ArchUnitTestDescriptor.java:166)
	at com.tngtech.archunit.junit.internal.ArchUnitTestDescriptor$ArchUnitRuleDescriptor.execute(ArchUnitTestDescriptor.java:149)
	at org.junit.platform.engine.support.hierarchical.NodeTestTask.lambda$executeRecursively$6(NodeTestTask.java:151)
	at org.junit.platform.engine.support.hierarchical.ThrowableCollector.execute(ThrowableCollector.java:73)
	at org.junit.platform.engine.support.hierarchical.NodeTestTask.lambda$executeRecursively$8(NodeTestTask.java:141)
	at org.junit.platform.engine.support.hierarchical.Node.around(Node.java:137)
	at org.junit.platform.engine.support.hierarchical.NodeTestTask.lambda$executeRecursively$9(NodeTestTask.java:139)
	at org.junit.platform.engine.support.hierarchical.ThrowableCollector.execute(ThrowableCollector.java:73)
	at org.junit.platform.engine.support.hierarchical.NodeTestTask.executeRecursively(NodeTestTask.java:138)
	at org.junit.platform.engine.support.hierarchical.NodeTestTask.execute(NodeTestTask.java:95)
	at java.base/java.util.ArrayList.forEach(ArrayList.java:1604)
	at org.junit.platform.engine.support.hierarchical.SameThreadHierarchicalTestExecutorService.invokeAll(SameThreadHierarchicalTestExecutorService.java:41)
	at org.junit.platform.engine.support.hierarchical.NodeTestTask.lambda$executeRecursively$6(NodeTestTask.java:155)
	at org.junit.platform.engine.support.hierarchical.ThrowableCollector.execute(ThrowableCollector.java:73)
	at org.junit.platform.engine.support.hierarchical.NodeTestTask.lambda$executeRecursively$8(NodeTestTask.java:141)
	at org.junit.platform.engine.support.hierarchical.Node.around(Node.java:137)
	at org.junit.platform.engine.support.hierarchical.NodeTestTask.lambda$executeRecursively$9(NodeTestTask.java:139)
	at org.junit.platform.engine.support.hierarchical.ThrowableCollector.execute(ThrowableCollector.java:73)
	at org.junit.platform.engine.support.hierarchical.NodeTestTask.executeRecursively(NodeTestTask.java:138)
	at org.junit.platform.engine.support.hierarchical.NodeTestTask.execute(NodeTestTask.java:95)
	at java.base/java.util.ArrayList.forEach(ArrayList.java:1604)
	at org.junit.platform.engine.support.hierarchical.SameThreadHierarchicalTestExecutorService.invokeAll(SameThreadHierarchicalTestExecutorService.java:41)
	at org.junit.platform.engine.support.hierarchical.NodeTestTask.lambda$executeRecursively$6(NodeTestTask.java:155)
	at org.junit.platform.engine.support.hierarchical.ThrowableCollector.execute(ThrowableCollector.java:73)
	at org.junit.platform.engine.support.hierarchical.NodeTestTask.lambda$executeRecursively$8(NodeTestTask.java:141)
	at org.junit.platform.engine.support.hierarchical.Node.around(Node.java:137)
	at org.junit.platform.engine.support.hierarchical.NodeTestTask.lambda$executeRecursively$9(NodeTestTask.java:139)
	at org.junit.platform.engine.support.hierarchical.ThrowableCollector.execute(ThrowableCollector.java:73)
	at org.junit.platform.engine.support.hierarchical.NodeTestTask.executeRecursively(NodeTestTask.java:138)
	at org.junit.platform.engine.support.hierarchical.NodeTestTask.execute(NodeTestTask.java:95)
	at org.junit.platform.engine.support.hierarchical.SameThreadHierarchicalTestExecutorService.submit(SameThreadHierarchicalTestExecutorService.java:35)
	at org.junit.platform.engine.support.hierarchical.HierarchicalTestExecutor.execute(HierarchicalTestExecutor.java:57)
	at org.junit.platform.engine.support.hierarchical.HierarchicalTestEngine.execute(HierarchicalTestEngine.java:54)
	at org.junit.platform.launcher.core.EngineExecutionOrchestrator.execute(EngineExecutionOrchestrator.java:198)
	at org.junit.platform.launcher.core.EngineExecutionOrchestrator.execute(EngineExecutionOrchestrator.java:169)
	at org.junit.platform.launcher.core.EngineExecutionOrchestrator.execute(EngineExecutionOrchestrator.java:93)
	at org.junit.platform.launcher.core.EngineExecutionOrchestrator.lambda$execute$0(EngineExecutionOrchestrator.java:58)
	at org.junit.platform.launcher.core.EngineExecutionOrchestrator.withInterceptedStreams(EngineExecutionOrchestrator.java:141)
	at org.junit.platform.launcher.core.EngineExecutionOrchestrator.execute(EngineExecutionOrchestrator.java:57)
	at org.junit.platform.launcher.core.DefaultLauncher.execute(DefaultLauncher.java:103)
	at org.junit.platform.launcher.core.DefaultLauncher.execute(DefaultLauncher.java:85)
	at org.junit.platform.launcher.core.DelegatingLauncher.execute(DelegatingLauncher.java:47)
	at org.apache.maven.surefire.junitplatform.LazyLauncher.execute(LazyLauncher.java:56)
	at org.apache.maven.surefire.junitplatform.JUnitPlatformProvider.execute(JUnitPlatformProvider.java:184)
	at org.apache.maven.surefire.junitplatform.JUnitPlatformProvider.invokeAllTests(JUnitPlatformProvider.java:148)
	at org.apache.maven.surefire.junitplatform.JUnitPlatformProvider.invoke(JUnitPlatformProvider.java:122)
	at org.apache.maven.surefire.booter.ForkedBooter.runSuitesInProcess(ForkedBooter.java:385)
	at org.apache.maven.surefire.booter.ForkedBooter.execute(ForkedBooter.java:162)
	at org.apache.maven.surefire.booter.ForkedBooter.run(ForkedBooter.java:507)
	at org.apache.maven.surefire.booter.ForkedBooter.main(ForkedBooter.java:495)
15:22:38.350 [main] WARN com.tngtech.archunit.core.importer.ClassFileProcessor -- Error during import from jrt:/java.base/java/io/Closeable.class, falling back to simple import
java.lang.IllegalArgumentException: Unsupported class file major version 69
	at com.tngtech.archunit.thirdparty.org.objectweb.asm.ClassReader.<init>(ClassReader.java:200)
	at com.tngtech.archunit.thirdparty.org.objectweb.asm.ClassReader.<init>(ClassReader.java:180)
	at com.tngtech.archunit.thirdparty.org.objectweb.asm.ClassReader.<init>(ClassReader.java:166)
	at com.tngtech.archunit.thirdparty.org.objectweb.asm.ClassReader.<init>(ClassReader.java:288)
	at com.tngtech.archunit.core.importer.ClassFileProcessor$UriImporterOfProcessor.tryImport(ClassFileProcessor.java:350)
	at com.tngtech.archunit.core.importer.resolvers.ClassResolverFromClasspath.tryResolve(ClassResolverFromClasspath.java:51)
	at com.tngtech.archunit.core.importer.ImportedClasses.resolve(ImportedClasses.java:74)
	at com.tngtech.archunit.core.importer.ImportedClasses.ensurePresent(ImportedClasses.java:69)
	at com.tngtech.archunit.core.importer.DependencyResolutionProcess.executeRun(DependencyResolutionProcess.java:146)
	at com.tngtech.archunit.core.importer.DependencyResolutionProcess.resolve(DependencyResolutionProcess.java:122)
	at com.tngtech.archunit.core.importer.ClassGraphCreator.complete(ClassGraphCreator.java:107)
	at com.tngtech.archunit.core.importer.ClassFileProcessor.process(ClassFileProcessor.java:75)
	at com.tngtech.archunit.core.importer.ClassFileImporter.importLocations(ClassFileImporter.java:325)
	at com.tngtech.archunit.junit.internal.ClassCache$CacheClassFileImporter.importClasses(ClassCache.java:126)
	at com.tngtech.archunit.junit.internal.ClassCache$LazyJavaClasses.initialize(ClassCache.java:118)
	at com.tngtech.archunit.junit.internal.ClassCache$LazyJavaClasses.get(ClassCache.java:107)
	at com.tngtech.archunit.junit.internal.ClassCache.getClassesToAnalyzeFor(ClassCache.java:84)
	at com.tngtech.archunit.junit.internal.ArchUnitTestDescriptor.lambda$createChildren$1(ArchUnitTestDescriptor.java:89)
	at com.tngtech.archunit.junit.internal.ArchUnitTestDescriptor$ArchUnitRuleDescriptor.execute(ArchUnitTestDescriptor.java:166)
	at com.tngtech.archunit.junit.internal.ArchUnitTestDescriptor$ArchUnitRuleDescriptor.execute(ArchUnitTestDescriptor.java:149)
	at org.junit.platform.engine.support.hierarchical.NodeTestTask.lambda$executeRecursively$6(NodeTestTask.java:151)
	at org.junit.platform.engine.support.hierarchical.ThrowableCollector.execute(ThrowableCollector.java:73)
	at org.junit.platform.engine.support.hierarchical.NodeTestTask.lambda$executeRecursively$8(NodeTestTask.java:141)
	at org.junit.platform.engine.support.hierarchical.Node.around(Node.java:137)
	at org.junit.platform.engine.support.hierarchical.NodeTestTask.lambda$executeRecursively$9(NodeTestTask.java:139)
	at org.junit.platform.engine.support.hierarchical.ThrowableCollector.execute(ThrowableCollector.java:73)
	at org.junit.platform.engine.support.hierarchical.NodeTestTask.executeRecursively(NodeTestTask.java:138)
	at org.junit.platform.engine.support.hierarchical.NodeTestTask.execute(NodeTestTask.java:95)
	at java.base/java.util.ArrayList.forEach(ArrayList.java:1604)
	at org.junit.platform.engine.support.hierarchical.SameThreadHierarchicalTestExecutorService.invokeAll(SameThreadHierarchicalTestExecutorService.java:41)
	at org.junit.platform.engine.support.hierarchical.NodeTestTask.lambda$executeRecursively$6(NodeTestTask.java:155)
	at org.junit.platform.engine.support.hierarchical.ThrowableCollector.execute(ThrowableCollector.java:73)
	at org.junit.platform.engine.support.hierarchical.NodeTestTask.lambda$executeRecursively$8(NodeTestTask.java:141)
	at org.junit.platform.engine.support.hierarchical.Node.around(Node.java:137)
	at org.junit.platform.engine.support.hierarchical.NodeTestTask.lambda$executeRecursively$9(NodeTestTask.java:139)
	at org.junit.platform.engine.support.hierarchical.ThrowableCollector.execute(ThrowableCollector.java:73)
	at org.junit.platform.engine.support.hierarchical.NodeTestTask.executeRecursively(NodeTestTask.java:138)
	at org.junit.platform.engine.support.hierarchical.NodeTestTask.execute(NodeTestTask.java:95)
	at java.base/java.util.ArrayList.forEach(ArrayList.java:1604)
	at org.junit.platform.engine.support.hierarchical.SameThreadHierarchicalTestExecutorService.invokeAll(SameThreadHierarchicalTestExecutorService.java:41)
	at org.junit.platform.engine.support.hierarchical.NodeTestTask.lambda$executeRecursively$6(NodeTestTask.java:155)
	at org.junit.platform.engine.support.hierarchical.ThrowableCollector.execute(ThrowableCollector.java:73)
	at org.junit.platform.engine.support.hierarchical.NodeTestTask.lambda$executeRecursively$8(NodeTestTask.java:141)
	at org.junit.platform.engine.support.hierarchical.Node.around(Node.java:137)
	at org.junit.platform.engine.support.hierarchical.NodeTestTask.lambda$executeRecursively$9(NodeTestTask.java:139)
	at org.junit.platform.engine.support.hierarchical.ThrowableCollector.execute(ThrowableCollector.java:73)
	at org.junit.platform.engine.support.hierarchical.NodeTestTask.executeRecursively(NodeTestTask.java:138)
	at org.junit.platform.engine.support.hierarchical.NodeTestTask.execute(NodeTestTask.java:95)
	at org.junit.platform.engine.support.hierarchical.SameThreadHierarchicalTestExecutorService.submit(SameThreadHierarchicalTestExecutorService.java:35)
	at org.junit.platform.engine.support.hierarchical.HierarchicalTestExecutor.execute(HierarchicalTestExecutor.java:57)
	at org.junit.platform.engine.support.hierarchical.HierarchicalTestEngine.execute(HierarchicalTestEngine.java:54)
	at org.junit.platform.launcher.core.EngineExecutionOrchestrator.execute(EngineExecutionOrchestrator.java:198)
	at org.junit.platform.launcher.core.EngineExecutionOrchestrator.execute(EngineExecutionOrchestrator.java:169)
	at org.junit.platform.launcher.core.EngineExecutionOrchestrator.execute(EngineExecutionOrchestrator.java:93)
	at org.junit.platform.launcher.core.EngineExecutionOrchestrator.lambda$execute$0(EngineExecutionOrchestrator.java:58)
	at org.junit.platform.launcher.core.EngineExecutionOrchestrator.withInterceptedStreams(EngineExecutionOrchestrator.java:141)
	at org.junit.platform.launcher.core.EngineExecutionOrchestrator.execute(EngineExecutionOrchestrator.java:57)
	at org.junit.platform.launcher.core.DefaultLauncher.execute(DefaultLauncher.java:103)
	at org.junit.platform.launcher.core.DefaultLauncher.execute(DefaultLauncher.java:85)
	at org.junit.platform.launcher.core.DelegatingLauncher.execute(DelegatingLauncher.java:47)
	at org.apache.maven.surefire.junitplatform.LazyLauncher.execute(LazyLauncher.java:56)
	at org.apache.maven.surefire.junitplatform.JUnitPlatformProvider.execute(JUnitPlatformProvider.java:184)
	at org.apache.maven.surefire.junitplatform.JUnitPlatformProvider.invokeAllTests(JUnitPlatformProvider.java:148)
	at org.apache.maven.surefire.junitplatform.JUnitPlatformProvider.invoke(JUnitPlatformProvider.java:122)
	at org.apache.maven.surefire.booter.ForkedBooter.runSuitesInProcess(ForkedBooter.java:385)
	at org.apache.maven.surefire.booter.ForkedBooter.execute(ForkedBooter.java:162)
	at org.apache.maven.surefire.booter.ForkedBooter.run(ForkedBooter.java:507)
	at org.apache.maven.surefire.booter.ForkedBooter.main(ForkedBooter.java:495)
15:22:38.351 [main] WARN com.tngtech.archunit.core.importer.ClassFileProcessor -- Error during import from jrt:/java.base/java/lang/Comparable.class, falling back to simple import
java.lang.IllegalArgumentException: Unsupported class file major version 69
	at com.tngtech.archunit.thirdparty.org.objectweb.asm.ClassReader.<init>(ClassReader.java:200)
	at com.tngtech.archunit.thirdparty.org.objectweb.asm.ClassReader.<init>(ClassReader.java:180)
	at com.tngtech.archunit.thirdparty.org.objectweb.asm.ClassReader.<init>(ClassReader.java:166)
	at com.tngtech.archunit.thirdparty.org.objectweb.asm.ClassReader.<init>(ClassReader.java:288)
	at com.tngtech.archunit.core.importer.ClassFileProcessor$UriImporterOfProcessor.tryImport(ClassFileProcessor.java:350)
	at com.tngtech.archunit.core.importer.resolvers.ClassResolverFromClasspath.tryResolve(ClassResolverFromClasspath.java:51)
	at com.tngtech.archunit.core.importer.ImportedClasses.resolve(ImportedClasses.java:74)
	at com.tngtech.archunit.core.importer.ImportedClasses.ensurePresent(ImportedClasses.java:69)
	at com.tngtech.archunit.core.importer.DependencyResolutionProcess.executeRun(DependencyResolutionProcess.java:146)
	at com.tngtech.archunit.core.importer.DependencyResolutionProcess.resolve(DependencyResolutionProcess.java:122)
	at com.tngtech.archunit.core.importer.ClassGraphCreator.complete(ClassGraphCreator.java:107)
	at com.tngtech.archunit.core.importer.ClassFileProcessor.process(ClassFileProcessor.java:75)
	at com.tngtech.archunit.core.importer.ClassFileImporter.importLocations(ClassFileImporter.java:325)
	at com.tngtech.archunit.junit.internal.ClassCache$CacheClassFileImporter.importClasses(ClassCache.java:126)
	at com.tngtech.archunit.junit.internal.ClassCache$LazyJavaClasses.initialize(ClassCache.java:118)
	at com.tngtech.archunit.junit.internal.ClassCache$LazyJavaClasses.get(ClassCache.java:107)
	at com.tngtech.archunit.junit.internal.ClassCache.getClassesToAnalyzeFor(ClassCache.java:84)
	at com.tngtech.archunit.junit.internal.ArchUnitTestDescriptor.lambda$createChildren$1(ArchUnitTestDescriptor.java:89)
	at com.tngtech.archunit.junit.internal.ArchUnitTestDescriptor$ArchUnitRuleDescriptor.execute(ArchUnitTestDescriptor.java:166)
	at com.tngtech.archunit.junit.internal.ArchUnitTestDescriptor$ArchUnitRuleDescriptor.execute(ArchUnitTestDescriptor.java:149)
	at org.junit.platform.engine.support.hierarchical.NodeTestTask.lambda$executeRecursively$6(NodeTestTask.java:151)
	at org.junit.platform.engine.support.hierarchical.ThrowableCollector.execute(ThrowableCollector.java:73)
	at org.junit.platform.engine.support.hierarchical.NodeTestTask.lambda$executeRecursively$8(NodeTestTask.java:141)
	at org.junit.platform.engine.support.hierarchical.Node.around(Node.java:137)
	at org.junit.platform.engine.support.hierarchical.NodeTestTask.lambda$executeRecursively$9(NodeTestTask.java:139)
	at org.junit.platform.engine.support.hierarchical.ThrowableCollector.execute(ThrowableCollector.java:73)
	at org.junit.platform.engine.support.hierarchical.NodeTestTask.executeRecursively(NodeTestTask.java:138)
	at org.junit.platform.engine.support.hierarchical.NodeTestTask.execute(NodeTestTask.java:95)
	at java.base/java.util.ArrayList.forEach(ArrayList.java:1604)
	at org.junit.platform.engine.support.hierarchical.SameThreadHierarchicalTestExecutorService.invokeAll(SameThreadHierarchicalTestExecutorService.java:41)
	at org.junit.platform.engine.support.hierarchical.NodeTestTask.lambda$executeRecursively$6(NodeTestTask.java:155)
	at org.junit.platform.engine.support.hierarchical.ThrowableCollector.execute(ThrowableCollector.java:73)
	at org.junit.platform.engine.support.hierarchical.NodeTestTask.lambda$executeRecursively$8(NodeTestTask.java:141)
	at org.junit.platform.engine.support.hierarchical.Node.around(Node.java:137)
	at org.junit.platform.engine.support.hierarchical.NodeTestTask.lambda$executeRecursively$9(NodeTestTask.java:139)
	at org.junit.platform.engine.support.hierarchical.ThrowableCollector.execute(ThrowableCollector.java:73)
	at org.junit.platform.engine.support.hierarchical.NodeTestTask.executeRecursively(NodeTestTask.java:138)
	at org.junit.platform.engine.support.hierarchical.NodeTestTask.execute(NodeTestTask.java:95)
	at java.base/java.util.ArrayList.forEach(ArrayList.java:1604)
	at org.junit.platform.engine.support.hierarchical.SameThreadHierarchicalTestExecutorService.invokeAll(SameThreadHierarchicalTestExecutorService.java:41)
	at org.junit.platform.engine.support.hierarchical.NodeTestTask.lambda$executeRecursively$6(NodeTestTask.java:155)
	at org.junit.platform.engine.support.hierarchical.ThrowableCollector.execute(ThrowableCollector.java:73)
	at org.junit.platform.engine.support.hierarchical.NodeTestTask.lambda$executeRecursively$8(NodeTestTask.java:141)
	at org.junit.platform.engine.support.hierarchical.Node.around(Node.java:137)
	at org.junit.platform.engine.support.hierarchical.NodeTestTask.lambda$executeRecursively$9(NodeTestTask.java:139)
	at org.junit.platform.engine.support.hierarchical.ThrowableCollector.execute(ThrowableCollector.java:73)
	at org.junit.platform.engine.support.hierarchical.NodeTestTask.executeRecursively(NodeTestTask.java:138)
	at org.junit.platform.engine.support.hierarchical.NodeTestTask.execute(NodeTestTask.java:95)
	at org.junit.platform.engine.support.hierarchical.SameThreadHierarchicalTestExecutorService.submit(SameThreadHierarchicalTestExecutorService.java:35)
	at org.junit.platform.engine.support.hierarchical.HierarchicalTestExecutor.execute(HierarchicalTestExecutor.java:57)
	at org.junit.platform.engine.support.hierarchical.HierarchicalTestEngine.execute(HierarchicalTestEngine.java:54)
	at org.junit.platform.launcher.core.EngineExecutionOrchestrator.execute(EngineExecutionOrchestrator.java:198)
	at org.junit.platform.launcher.core.EngineExecutionOrchestrator.execute(EngineExecutionOrchestrator.java:169)
	at org.junit.platform.launcher.core.EngineExecutionOrchestrator.execute(EngineExecutionOrchestrator.java:93)
	at org.junit.platform.launcher.core.EngineExecutionOrchestrator.lambda$execute$0(EngineExecutionOrchestrator.java:58)
	at org.junit.platform.launcher.core.EngineExecutionOrchestrator.withInterceptedStreams(EngineExecutionOrchestrator.java:141)
	at org.junit.platform.launcher.core.EngineExecutionOrchestrator.execute(EngineExecutionOrchestrator.java:57)
	at org.junit.platform.launcher.core.DefaultLauncher.execute(DefaultLauncher.java:103)
	at org.junit.platform.launcher.core.DefaultLauncher.execute(DefaultLauncher.java:85)
	at org.junit.platform.launcher.core.DelegatingLauncher.execute(DelegatingLauncher.java:47)
	at org.apache.maven.surefire.junitplatform.LazyLauncher.execute(LazyLauncher.java:56)
	at org.apache.maven.surefire.junitplatform.JUnitPlatformProvider.execute(JUnitPlatformProvider.java:184)
	at org.apache.maven.surefire.junitplatform.JUnitPlatformProvider.invokeAllTests(JUnitPlatformProvider.java:148)
	at org.apache.maven.surefire.junitplatform.JUnitPlatformProvider.invoke(JUnitPlatformProvider.java:122)
	at org.apache.maven.surefire.booter.ForkedBooter.runSuitesInProcess(ForkedBooter.java:385)
	at org.apache.maven.surefire.booter.ForkedBooter.execute(ForkedBooter.java:162)
	at org.apache.maven.surefire.booter.ForkedBooter.run(ForkedBooter.java:507)
	at org.apache.maven.surefire.booter.ForkedBooter.main(ForkedBooter.java:495)
15:22:38.364 [main] WARN com.tngtech.archunit.core.importer.ClassFileProcessor -- Error during import from jrt:/java.base/java/util/Iterator.class, falling back to simple import
java.lang.IllegalArgumentException: Unsupported class file major version 69
	at com.tngtech.archunit.thirdparty.org.objectweb.asm.ClassReader.<init>(ClassReader.java:200)
	at com.tngtech.archunit.thirdparty.org.objectweb.asm.ClassReader.<init>(ClassReader.java:180)
	at com.tngtech.archunit.thirdparty.org.objectweb.asm.ClassReader.<init>(ClassReader.java:166)
	at com.tngtech.archunit.thirdparty.org.objectweb.asm.ClassReader.<init>(ClassReader.java:288)
	at com.tngtech.archunit.core.importer.ClassFileProcessor$UriImporterOfProcessor.tryImport(ClassFileProcessor.java:350)
	at com.tngtech.archunit.core.importer.resolvers.ClassResolverFromClasspath.tryResolve(ClassResolverFromClasspath.java:51)
	at com.tngtech.archunit.core.importer.ImportedClasses.resolve(ImportedClasses.java:74)
	at com.tngtech.archunit.core.importer.ImportedClasses.getOrResolve(ImportedClasses.java:61)
	at com.tngtech.archunit.core.importer.DomainBuilders$JavaMemberBuilder.get(DomainBuilders.java:180)
	at com.tngtech.archunit.core.importer.DomainBuilders$JavaCodeUnitBuilder.getRawReturnType(DomainBuilders.java:290)
	at com.tngtech.archunit.core.domain.JavaCodeUnit$ReturnType.<init>(JavaCodeUnit.java:367)
	at com.tngtech.archunit.core.domain.JavaCodeUnit.<init>(JavaCodeUnit.java:81)
	at com.tngtech.archunit.core.domain.JavaMethod.<init>(JavaMethod.java:44)
	at com.tngtech.archunit.core.domain.DomainObjectCreationContext.createJavaMethod(DomainObjectCreationContext.java:144)
	at com.tngtech.archunit.core.importer.DomainBuilders$JavaMethodBuilder.construct(DomainBuilders.java:374)
	at com.tngtech.archunit.core.importer.DomainBuilders$JavaMethodBuilder.construct(DomainBuilders.java:359)
	at com.tngtech.archunit.core.importer.DomainBuilders$JavaMemberBuilder.build(DomainBuilders.java:207)
	at com.tngtech.archunit.core.importer.DomainBuilders$JavaMemberBuilder.build(DomainBuilders.java:139)
	at com.tngtech.archunit.core.importer.DomainBuilders$BuilderWithBuildParameter$BuildFinisher.lambda$build$0(DomainBuilders.java:893)
	at java.base/java.util.stream.ReferencePipeline$3$1.accept(ReferencePipeline.java:214)
	at java.base/java.util.stream.ReferencePipeline$2$1.accept(ReferencePipeline.java:197)
	at java.base/java.util.HashMap$KeySpliterator.forEachRemaining(HashMap.java:1716)
	at java.base/java.util.stream.AbstractPipeline.copyInto(AbstractPipeline.java:570)
	at java.base/java.util.stream.AbstractPipeline.wrapAndCopyInto(AbstractPipeline.java:560)
	at java.base/java.util.stream.ReduceOps$ReduceOp.evaluateSequential(ReduceOps.java:921)
	at java.base/java.util.stream.AbstractPipeline.evaluate(AbstractPipeline.java:265)
	at java.base/java.util.stream.ReferencePipeline.collect(ReferencePipeline.java:723)
	at com.tngtech.archunit.core.importer.DomainBuilders$BuilderWithBuildParameter$BuildFinisher.build(DomainBuilders.java:893)
	at com.tngtech.archunit.core.importer.ClassGraphCreator.createMethods(ClassGraphCreator.java:322)
	at com.tngtech.archunit.core.domain.JavaClassMembers.create(JavaClassMembers.java:352)
	at com.tngtech.archunit.core.domain.JavaClass.completeMembers(JavaClass.java:1476)
	at com.tngtech.archunit.core.domain.DomainObjectCreationContext.completeMembers(DomainObjectCreationContext.java:96)
	at com.tngtech.archunit.core.importer.ClassGraphCreator.completeClasses(ClassGraphCreator.java:120)
	at com.tngtech.archunit.core.importer.ClassGraphCreator.complete(ClassGraphCreator.java:108)
	at com.tngtech.archunit.core.importer.ClassFileProcessor.process(ClassFileProcessor.java:75)
	at com.tngtech.archunit.core.importer.ClassFileImporter.importLocations(ClassFileImporter.java:325)
	at com.tngtech.archunit.junit.internal.ClassCache$CacheClassFileImporter.importClasses(ClassCache.java:126)
	at com.tngtech.archunit.junit.internal.ClassCache$LazyJavaClasses.initialize(ClassCache.java:118)
	at com.tngtech.archunit.junit.internal.ClassCache$LazyJavaClasses.get(ClassCache.java:107)
	at com.tngtech.archunit.junit.internal.ClassCache.getClassesToAnalyzeFor(ClassCache.java:84)
	at com.tngtech.archunit.junit.internal.ArchUnitTestDescriptor.lambda$createChildren$1(ArchUnitTestDescriptor.java:89)
	at com.tngtech.archunit.junit.internal.ArchUnitTestDescriptor$ArchUnitRuleDescriptor.execute(ArchUnitTestDescriptor.java:166)
	at com.tngtech.archunit.junit.internal.ArchUnitTestDescriptor$ArchUnitRuleDescriptor.execute(ArchUnitTestDescriptor.java:149)
	at org.junit.platform.engine.support.hierarchical.NodeTestTask.lambda$executeRecursively$6(NodeTestTask.java:151)
	at org.junit.platform.engine.support.hierarchical.ThrowableCollector.execute(ThrowableCollector.java:73)
	at org.junit.platform.engine.support.hierarchical.NodeTestTask.lambda$executeRecursively$8(NodeTestTask.java:141)
	at org.junit.platform.engine.support.hierarchical.Node.around(Node.java:137)
	at org.junit.platform.engine.support.hierarchical.NodeTestTask.lambda$executeRecursively$9(NodeTestTask.java:139)
	at org.junit.platform.engine.support.hierarchical.ThrowableCollector.execute(ThrowableCollector.java:73)
	at org.junit.platform.engine.support.hierarchical.NodeTestTask.executeRecursively(NodeTestTask.java:138)
	at org.junit.platform.engine.support.hierarchical.NodeTestTask.execute(NodeTestTask.java:95)
	at java.base/java.util.ArrayList.forEach(ArrayList.java:1604)
	at org.junit.platform.engine.support.hierarchical.SameThreadHierarchicalTestExecutorService.invokeAll(SameThreadHierarchicalTestExecutorService.java:41)
	at org.junit.platform.engine.support.hierarchical.NodeTestTask.lambda$executeRecursively$6(NodeTestTask.java:155)
	at org.junit.platform.engine.support.hierarchical.ThrowableCollector.execute(ThrowableCollector.java:73)
	at org.junit.platform.engine.support.hierarchical.NodeTestTask.lambda$executeRecursively$8(NodeTestTask.java:141)
	at org.junit.platform.engine.support.hierarchical.Node.around(Node.java:137)
	at org.junit.platform.engine.support.hierarchical.NodeTestTask.lambda$executeRecursively$9(NodeTestTask.java:139)
	at org.junit.platform.engine.support.hierarchical.ThrowableCollector.execute(ThrowableCollector.java:73)
	at org.junit.platform.engine.support.hierarchical.NodeTestTask.executeRecursively(NodeTestTask.java:138)
	at org.junit.platform.engine.support.hierarchical.NodeTestTask.execute(NodeTestTask.java:95)
	at java.base/java.util.ArrayList.forEach(ArrayList.java:1604)
	at org.junit.platform.engine.support.hierarchical.SameThreadHierarchicalTestExecutorService.invokeAll(SameThreadHierarchicalTestExecutorService.java:41)
	at org.junit.platform.engine.support.hierarchical.NodeTestTask.lambda$executeRecursively$6(NodeTestTask.java:155)
	at org.junit.platform.engine.support.hierarchical.ThrowableCollector.execute(ThrowableCollector.java:73)
	at org.junit.platform.engine.support.hierarchical.NodeTestTask.lambda$executeRecursively$8(NodeTestTask.java:141)
	at org.junit.platform.engine.support.hierarchical.Node.around(Node.java:137)
	at org.junit.platform.engine.support.hierarchical.NodeTestTask.lambda$executeRecursively$9(NodeTestTask.java:139)
	at org.junit.platform.engine.support.hierarchical.ThrowableCollector.execute(ThrowableCollector.java:73)
	at org.junit.platform.engine.support.hierarchical.NodeTestTask.executeRecursively(NodeTestTask.java:138)
	at org.junit.platform.engine.support.hierarchical.NodeTestTask.execute(NodeTestTask.java:95)
	at org.junit.platform.engine.support.hierarchical.SameThreadHierarchicalTestExecutorService.submit(SameThreadHierarchicalTestExecutorService.java:35)
	at org.junit.platform.engine.support.hierarchical.HierarchicalTestExecutor.execute(HierarchicalTestExecutor.java:57)
	at org.junit.platform.engine.support.hierarchical.HierarchicalTestEngine.execute(HierarchicalTestEngine.java:54)
	at org.junit.platform.launcher.core.EngineExecutionOrchestrator.execute(EngineExecutionOrchestrator.java:198)
	at org.junit.platform.launcher.core.EngineExecutionOrchestrator.execute(EngineExecutionOrchestrator.java:169)
	at org.junit.platform.launcher.core.EngineExecutionOrchestrator.execute(EngineExecutionOrchestrator.java:93)
	at org.junit.platform.launcher.core.EngineExecutionOrchestrator.lambda$execute$0(EngineExecutionOrchestrator.java:58)
	at org.junit.platform.launcher.core.EngineExecutionOrchestrator.withInterceptedStreams(EngineExecutionOrchestrator.java:141)
	at org.junit.platform.launcher.core.EngineExecutionOrchestrator.execute(EngineExecutionOrchestrator.java:57)
	at org.junit.platform.launcher.core.DefaultLauncher.execute(DefaultLauncher.java:103)
	at org.junit.platform.launcher.core.DefaultLauncher.execute(DefaultLauncher.java:85)
	at org.junit.platform.launcher.core.DelegatingLauncher.execute(DelegatingLauncher.java:47)
	at org.apache.maven.surefire.junitplatform.LazyLauncher.execute(LazyLauncher.java:56)
	at org.apache.maven.surefire.junitplatform.JUnitPlatformProvider.execute(JUnitPlatformProvider.java:184)
	at org.apache.maven.surefire.junitplatform.JUnitPlatformProvider.invokeAllTests(JUnitPlatformProvider.java:148)
	at org.apache.maven.surefire.junitplatform.JUnitPlatformProvider.invoke(JUnitPlatformProvider.java:122)
	at org.apache.maven.surefire.booter.ForkedBooter.runSuitesInProcess(ForkedBooter.java:385)
	at org.apache.maven.surefire.booter.ForkedBooter.execute(ForkedBooter.java:162)
	at org.apache.maven.surefire.booter.ForkedBooter.run(ForkedBooter.java:507)
	at org.apache.maven.surefire.booter.ForkedBooter.main(ForkedBooter.java:495)
15:22:38.364 [main] WARN com.tngtech.archunit.core.importer.ClassFileProcessor -- Error during import from jrt:/java.base/java/util/ListIterator.class, falling back to simple import
java.lang.IllegalArgumentException: Unsupported class file major version 69
	at com.tngtech.archunit.thirdparty.org.objectweb.asm.ClassReader.<init>(ClassReader.java:200)
	at com.tngtech.archunit.thirdparty.org.objectweb.asm.ClassReader.<init>(ClassReader.java:180)
	at com.tngtech.archunit.thirdparty.org.objectweb.asm.ClassReader.<init>(ClassReader.java:166)
	at com.tngtech.archunit.thirdparty.org.objectweb.asm.ClassReader.<init>(ClassReader.java:288)
	at com.tngtech.archunit.core.importer.ClassFileProcessor$UriImporterOfProcessor.tryImport(ClassFileProcessor.java:350)
	at com.tngtech.archunit.core.importer.resolvers.ClassResolverFromClasspath.tryResolve(ClassResolverFromClasspath.java:51)
	at com.tngtech.archunit.core.importer.ImportedClasses.resolve(ImportedClasses.java:74)
	at com.tngtech.archunit.core.importer.ImportedClasses.getOrResolve(ImportedClasses.java:61)
	at com.tngtech.archunit.core.importer.DomainBuilders$JavaMemberBuilder.get(DomainBuilders.java:180)
	at com.tngtech.archunit.core.importer.DomainBuilders$JavaCodeUnitBuilder.getRawReturnType(DomainBuilders.java:290)
	at com.tngtech.archunit.core.domain.JavaCodeUnit$ReturnType.<init>(JavaCodeUnit.java:367)
	at com.tngtech.archunit.core.domain.JavaCodeUnit.<init>(JavaCodeUnit.java:81)
	at com.tngtech.archunit.core.domain.JavaMethod.<init>(JavaMethod.java:44)
	at com.tngtech.archunit.core.domain.DomainObjectCreationContext.createJavaMethod(DomainObjectCreationContext.java:144)
	at com.tngtech.archunit.core.importer.DomainBuilders$JavaMethodBuilder.construct(DomainBuilders.java:374)
	at com.tngtech.archunit.core.importer.DomainBuilders$JavaMethodBuilder.construct(DomainBuilders.java:359)
	at com.tngtech.archunit.core.importer.DomainBuilders$JavaMemberBuilder.build(DomainBuilders.java:207)
	at com.tngtech.archunit.core.importer.DomainBuilders$JavaMemberBuilder.build(DomainBuilders.java:139)
	at com.tngtech.archunit.core.importer.DomainBuilders$BuilderWithBuildParameter$BuildFinisher.lambda$build$0(DomainBuilders.java:893)
	at java.base/java.util.stream.ReferencePipeline$3$1.accept(ReferencePipeline.java:214)
	at java.base/java.util.stream.ReferencePipeline$2$1.accept(ReferencePipeline.java:197)
	at java.base/java.util.HashMap$KeySpliterator.forEachRemaining(HashMap.java:1716)
	at java.base/java.util.stream.AbstractPipeline.copyInto(AbstractPipeline.java:570)
	at java.base/java.util.stream.AbstractPipeline.wrapAndCopyInto(AbstractPipeline.java:560)
	at java.base/java.util.stream.ReduceOps$ReduceOp.evaluateSequential(ReduceOps.java:921)
	at java.base/java.util.stream.AbstractPipeline.evaluate(AbstractPipeline.java:265)
	at java.base/java.util.stream.ReferencePipeline.collect(ReferencePipeline.java:723)
	at com.tngtech.archunit.core.importer.DomainBuilders$BuilderWithBuildParameter$BuildFinisher.build(DomainBuilders.java:893)
	at com.tngtech.archunit.core.importer.ClassGraphCreator.createMethods(ClassGraphCreator.java:322)
	at com.tngtech.archunit.core.domain.JavaClassMembers.create(JavaClassMembers.java:352)
	at com.tngtech.archunit.core.domain.JavaClass.completeMembers(JavaClass.java:1476)
	at com.tngtech.archunit.core.domain.DomainObjectCreationContext.completeMembers(DomainObjectCreationContext.java:96)
	at com.tngtech.archunit.core.importer.ClassGraphCreator.completeClasses(ClassGraphCreator.java:120)
	at com.tngtech.archunit.core.importer.ClassGraphCreator.complete(ClassGraphCreator.java:108)
	at com.tngtech.archunit.core.importer.ClassFileProcessor.process(ClassFileProcessor.java:75)
	at com.tngtech.archunit.core.importer.ClassFileImporter.importLocations(ClassFileImporter.java:325)
	at com.tngtech.archunit.junit.internal.ClassCache$CacheClassFileImporter.importClasses(ClassCache.java:126)
	at com.tngtech.archunit.junit.internal.ClassCache$LazyJavaClasses.initialize(ClassCache.java:118)
	at com.tngtech.archunit.junit.internal.ClassCache$LazyJavaClasses.get(ClassCache.java:107)
	at com.tngtech.archunit.junit.internal.ClassCache.getClassesToAnalyzeFor(ClassCache.java:84)
	at com.tngtech.archunit.junit.internal.ArchUnitTestDescriptor.lambda$createChildren$1(ArchUnitTestDescriptor.java:89)
	at com.tngtech.archunit.junit.internal.ArchUnitTestDescriptor$ArchUnitRuleDescriptor.execute(ArchUnitTestDescriptor.java:166)
	at com.tngtech.archunit.junit.internal.ArchUnitTestDescriptor$ArchUnitRuleDescriptor.execute(ArchUnitTestDescriptor.java:149)
	at org.junit.platform.engine.support.hierarchical.NodeTestTask.lambda$executeRecursively$6(NodeTestTask.java:151)
	at org.junit.platform.engine.support.hierarchical.ThrowableCollector.execute(ThrowableCollector.java:73)
	at org.junit.platform.engine.support.hierarchical.NodeTestTask.lambda$executeRecursively$8(NodeTestTask.java:141)
	at org.junit.platform.engine.support.hierarchical.Node.around(Node.java:137)
	at org.junit.platform.engine.support.hierarchical.NodeTestTask.lambda$executeRecursively$9(NodeTestTask.java:139)
	at org.junit.platform.engine.support.hierarchical.ThrowableCollector.execute(ThrowableCollector.java:73)
	at org.junit.platform.engine.support.hierarchical.NodeTestTask.executeRecursively(NodeTestTask.java:138)
	at org.junit.platform.engine.support.hierarchical.NodeTestTask.execute(NodeTestTask.java:95)
	at java.base/java.util.ArrayList.forEach(ArrayList.java:1604)
	at org.junit.platform.engine.support.hierarchical.SameThreadHierarchicalTestExecutorService.invokeAll(SameThreadHierarchicalTestExecutorService.java:41)
	at org.junit.platform.engine.support.hierarchical.NodeTestTask.lambda$executeRecursively$6(NodeTestTask.java:155)
	at org.junit.platform.engine.support.hierarchical.ThrowableCollector.execute(ThrowableCollector.java:73)
	at org.junit.platform.engine.support.hierarchical.NodeTestTask.lambda$executeRecursively$8(NodeTestTask.java:141)
	at org.junit.platform.engine.support.hierarchical.Node.around(Node.java:137)
	at org.junit.platform.engine.support.hierarchical.NodeTestTask.lambda$executeRecursively$9(NodeTestTask.java:139)
	at org.junit.platform.engine.support.hierarchical.ThrowableCollector.execute(ThrowableCollector.java:73)
	at org.junit.platform.engine.support.hierarchical.NodeTestTask.executeRecursively(NodeTestTask.java:138)
	at org.junit.platform.engine.support.hierarchical.NodeTestTask.execute(NodeTestTask.java:95)
	at java.base/java.util.ArrayList.forEach(ArrayList.java:1604)
	at org.junit.platform.engine.support.hierarchical.SameThreadHierarchicalTestExecutorService.invokeAll(SameThreadHierarchicalTestExecutorService.java:41)
	at org.junit.platform.engine.support.hierarchical.NodeTestTask.lambda$executeRecursively$6(NodeTestTask.java:155)
	at org.junit.platform.engine.support.hierarchical.ThrowableCollector.execute(ThrowableCollector.java:73)
	at org.junit.platform.engine.support.hierarchical.NodeTestTask.lambda$executeRecursively$8(NodeTestTask.java:141)
	at org.junit.platform.engine.support.hierarchical.Node.around(Node.java:137)
	at org.junit.platform.engine.support.hierarchical.NodeTestTask.lambda$executeRecursively$9(NodeTestTask.java:139)
	at org.junit.platform.engine.support.hierarchical.ThrowableCollector.execute(ThrowableCollector.java:73)
	at org.junit.platform.engine.support.hierarchical.NodeTestTask.executeRecursively(NodeTestTask.java:138)
	at org.junit.platform.engine.support.hierarchical.NodeTestTask.execute(NodeTestTask.java:95)
	at org.junit.platform.engine.support.hierarchical.SameThreadHierarchicalTestExecutorService.submit(SameThreadHierarchicalTestExecutorService.java:35)
	at org.junit.platform.engine.support.hierarchical.HierarchicalTestExecutor.execute(HierarchicalTestExecutor.java:57)
	at org.junit.platform.engine.support.hierarchical.HierarchicalTestEngine.execute(HierarchicalTestEngine.java:54)
	at org.junit.platform.launcher.core.EngineExecutionOrchestrator.execute(EngineExecutionOrchestrator.java:198)
	at org.junit.platform.launcher.core.EngineExecutionOrchestrator.execute(EngineExecutionOrchestrator.java:169)
	at org.junit.platform.launcher.core.EngineExecutionOrchestrator.execute(EngineExecutionOrchestrator.java:93)
	at org.junit.platform.launcher.core.EngineExecutionOrchestrator.lambda$execute$0(EngineExecutionOrchestrator.java:58)
	at org.junit.platform.launcher.core.EngineExecutionOrchestrator.withInterceptedStreams(EngineExecutionOrchestrator.java:141)
	at org.junit.platform.launcher.core.EngineExecutionOrchestrator.execute(EngineExecutionOrchestrator.java:57)
	at org.junit.platform.launcher.core.DefaultLauncher.execute(DefaultLauncher.java:103)
	at org.junit.platform.launcher.core.DefaultLauncher.execute(DefaultLauncher.java:85)
	at org.junit.platform.launcher.core.DelegatingLauncher.execute(DelegatingLauncher.java:47)
	at org.apache.maven.surefire.junitplatform.LazyLauncher.execute(LazyLauncher.java:56)
	at org.apache.maven.surefire.junitplatform.JUnitPlatformProvider.execute(JUnitPlatformProvider.java:184)
	at org.apache.maven.surefire.junitplatform.JUnitPlatformProvider.invokeAllTests(JUnitPlatformProvider.java:148)
	at org.apache.maven.surefire.junitplatform.JUnitPlatformProvider.invoke(JUnitPlatformProvider.java:122)
	at org.apache.maven.surefire.booter.ForkedBooter.runSuitesInProcess(ForkedBooter.java:385)
	at org.apache.maven.surefire.booter.ForkedBooter.execute(ForkedBooter.java:162)
	at org.apache.maven.surefire.booter.ForkedBooter.run(ForkedBooter.java:507)
	at org.apache.maven.surefire.booter.ForkedBooter.main(ForkedBooter.java:495)
15:22:38.365 [main] WARN com.tngtech.archunit.core.importer.ClassFileProcessor -- Error during import from jrt:/java.base/java/util/function/Supplier.class, falling back to simple import
java.lang.IllegalArgumentException: Unsupported class file major version 69
	at com.tngtech.archunit.thirdparty.org.objectweb.asm.ClassReader.<init>(ClassReader.java:200)
	at com.tngtech.archunit.thirdparty.org.objectweb.asm.ClassReader.<init>(ClassReader.java:180)
	at com.tngtech.archunit.thirdparty.org.objectweb.asm.ClassReader.<init>(ClassReader.java:166)
	at com.tngtech.archunit.thirdparty.org.objectweb.asm.ClassReader.<init>(ClassReader.java:288)
	at com.tngtech.archunit.core.importer.ClassFileProcessor$UriImporterOfProcessor.tryImport(ClassFileProcessor.java:350)
	at com.tngtech.archunit.core.importer.resolvers.ClassResolverFromClasspath.tryResolve(ClassResolverFromClasspath.java:51)
	at com.tngtech.archunit.core.importer.ImportedClasses.resolve(ImportedClasses.java:74)
	at com.tngtech.archunit.core.importer.ImportedClasses.getOrResolve(ImportedClasses.java:61)
	at com.tngtech.archunit.core.importer.DomainBuilders$JavaParameterizedTypeBuilder.build(DomainBuilders.java:846)
	at com.tngtech.archunit.core.importer.SignatureTypeArgumentProcessor$NewJavaTypeCreationProcess.finish(SignatureTypeArgumentProcessor.java:170)
	at com.tngtech.archunit.core.importer.SignatureTypeArgumentProcessor$NewJavaTypeCreationProcess.finish(SignatureTypeArgumentProcessor.java:155)
	at com.tngtech.archunit.core.importer.DomainBuilders$JavaFieldBuilder.getType(DomainBuilders.java:227)
	at com.tngtech.archunit.core.domain.JavaField.<init>(JavaField.java:40)
	at com.tngtech.archunit.core.domain.DomainObjectCreationContext.createJavaField(DomainObjectCreationContext.java:108)
	at com.tngtech.archunit.core.importer.DomainBuilders$JavaFieldBuilder.construct(DomainBuilders.java:237)
	at com.tngtech.archunit.core.importer.DomainBuilders$JavaFieldBuilder.construct(DomainBuilders.java:211)
	at com.tngtech.archunit.core.importer.DomainBuilders$JavaMemberBuilder.build(DomainBuilders.java:207)
	at com.tngtech.archunit.core.importer.DomainBuilders$JavaMemberBuilder.build(DomainBuilders.java:139)
	at com.tngtech.archunit.core.importer.DomainBuilders$BuilderWithBuildParameter$BuildFinisher.lambda$build$0(DomainBuilders.java:893)
	at java.base/java.util.stream.ReferencePipeline$3$1.accept(ReferencePipeline.java:214)
	at java.base/java.util.HashMap$KeySpliterator.forEachRemaining(HashMap.java:1716)
	at java.base/java.util.stream.AbstractPipeline.copyInto(AbstractPipeline.java:570)
	at java.base/java.util.stream.AbstractPipeline.wrapAndCopyInto(AbstractPipeline.java:560)
	at java.base/java.util.stream.ReduceOps$ReduceOp.evaluateSequential(ReduceOps.java:921)
	at java.base/java.util.stream.AbstractPipeline.evaluate(AbstractPipeline.java:265)
	at java.base/java.util.stream.ReferencePipeline.collect(ReferencePipeline.java:723)
	at com.tngtech.archunit.core.importer.DomainBuilders$BuilderWithBuildParameter$BuildFinisher.build(DomainBuilders.java:893)
	at com.tngtech.archunit.core.importer.DomainBuilders$BuilderWithBuildParameter$BuildFinisher.build(DomainBuilders.java:883)
	at com.tngtech.archunit.core.importer.ClassGraphCreator.createFields(ClassGraphCreator.java:309)
	at com.tngtech.archunit.core.domain.JavaClassMembers.create(JavaClassMembers.java:351)
	at com.tngtech.archunit.core.domain.JavaClass.completeMembers(JavaClass.java:1476)
	at com.tngtech.archunit.core.domain.DomainObjectCreationContext.completeMembers(DomainObjectCreationContext.java:96)
	at com.tngtech.archunit.core.importer.ClassGraphCreator.completeClasses(ClassGraphCreator.java:120)
	at com.tngtech.archunit.core.importer.ClassGraphCreator.complete(ClassGraphCreator.java:108)
	at com.tngtech.archunit.core.importer.ClassFileProcessor.process(ClassFileProcessor.java:75)
	at com.tngtech.archunit.core.importer.ClassFileImporter.importLocations(ClassFileImporter.java:325)
	at com.tngtech.archunit.junit.internal.ClassCache$CacheClassFileImporter.importClasses(ClassCache.java:126)
	at com.tngtech.archunit.junit.internal.ClassCache$LazyJavaClasses.initialize(ClassCache.java:118)
	at com.tngtech.archunit.junit.internal.ClassCache$LazyJavaClasses.get(ClassCache.java:107)
	at com.tngtech.archunit.junit.internal.ClassCache.getClassesToAnalyzeFor(ClassCache.java:84)
	at com.tngtech.archunit.junit.internal.ArchUnitTestDescriptor.lambda$createChildren$1(ArchUnitTestDescriptor.java:89)
	at com.tngtech.archunit.junit.internal.ArchUnitTestDescriptor$ArchUnitRuleDescriptor.execute(ArchUnitTestDescriptor.java:166)
	at com.tngtech.archunit.junit.internal.ArchUnitTestDescriptor$ArchUnitRuleDescriptor.execute(ArchUnitTestDescriptor.java:149)
	at org.junit.platform.engine.support.hierarchical.NodeTestTask.lambda$executeRecursively$6(NodeTestTask.java:151)
	at org.junit.platform.engine.support.hierarchical.ThrowableCollector.execute(ThrowableCollector.java:73)
	at org.junit.platform.engine.support.hierarchical.NodeTestTask.lambda$executeRecursively$8(NodeTestTask.java:141)
	at org.junit.platform.engine.support.hierarchical.Node.around(Node.java:137)
	at org.junit.platform.engine.support.hierarchical.NodeTestTask.lambda$executeRecursively$9(NodeTestTask.java:139)
	at org.junit.platform.engine.support.hierarchical.ThrowableCollector.execute(ThrowableCollector.java:73)
	at org.junit.platform.engine.support.hierarchical.NodeTestTask.executeRecursively(NodeTestTask.java:138)
	at org.junit.platform.engine.support.hierarchical.NodeTestTask.execute(NodeTestTask.java:95)
	at java.base/java.util.ArrayList.forEach(ArrayList.java:1604)
	at org.junit.platform.engine.support.hierarchical.SameThreadHierarchicalTestExecutorService.invokeAll(SameThreadHierarchicalTestExecutorService.java:41)
	at org.junit.platform.engine.support.hierarchical.NodeTestTask.lambda$executeRecursively$6(NodeTestTask.java:155)
	at org.junit.platform.engine.support.hierarchical.ThrowableCollector.execute(ThrowableCollector.java:73)
	at org.junit.platform.engine.support.hierarchical.NodeTestTask.lambda$executeRecursively$8(NodeTestTask.java:141)
	at org.junit.platform.engine.support.hierarchical.Node.around(Node.java:137)
	at org.junit.platform.engine.support.hierarchical.NodeTestTask.lambda$executeRecursively$9(NodeTestTask.java:139)
	at org.junit.platform.engine.support.hierarchical.ThrowableCollector.execute(ThrowableCollector.java:73)
	at org.junit.platform.engine.support.hierarchical.NodeTestTask.executeRecursively(NodeTestTask.java:138)
	at org.junit.platform.engine.support.hierarchical.NodeTestTask.execute(NodeTestTask.java:95)
	at java.base/java.util.ArrayList.forEach(ArrayList.java:1604)
	at org.junit.platform.engine.support.hierarchical.SameThreadHierarchicalTestExecutorService.invokeAll(SameThreadHierarchicalTestExecutorService.java:41)
	at org.junit.platform.engine.support.hierarchical.NodeTestTask.lambda$executeRecursively$6(NodeTestTask.java:155)
	at org.junit.platform.engine.support.hierarchical.ThrowableCollector.execute(ThrowableCollector.java:73)
	at org.junit.platform.engine.support.hierarchical.NodeTestTask.lambda$executeRecursively$8(NodeTestTask.java:141)
	at org.junit.platform.engine.support.hierarchical.Node.around(Node.java:137)
	at org.junit.platform.engine.support.hierarchical.NodeTestTask.lambda$executeRecursively$9(NodeTestTask.java:139)
	at org.junit.platform.engine.support.hierarchical.ThrowableCollector.execute(ThrowableCollector.java:73)
	at org.junit.platform.engine.support.hierarchical.NodeTestTask.executeRecursively(NodeTestTask.java:138)
	at org.junit.platform.engine.support.hierarchical.NodeTestTask.execute(NodeTestTask.java:95)
	at org.junit.platform.engine.support.hierarchical.SameThreadHierarchicalTestExecutorService.submit(SameThreadHierarchicalTestExecutorService.java:35)
	at org.junit.platform.engine.support.hierarchical.HierarchicalTestExecutor.execute(HierarchicalTestExecutor.java:57)
	at org.junit.platform.engine.support.hierarchical.HierarchicalTestEngine.execute(HierarchicalTestEngine.java:54)
	at org.junit.platform.launcher.core.EngineExecutionOrchestrator.execute(EngineExecutionOrchestrator.java:198)
	at org.junit.platform.launcher.core.EngineExecutionOrchestrator.execute(EngineExecutionOrchestrator.java:169)
	at org.junit.platform.launcher.core.EngineExecutionOrchestrator.execute(EngineExecutionOrchestrator.java:93)
	at org.junit.platform.launcher.core.EngineExecutionOrchestrator.lambda$execute$0(EngineExecutionOrchestrator.java:58)
	at org.junit.platform.launcher.core.EngineExecutionOrchestrator.withInterceptedStreams(EngineExecutionOrchestrator.java:141)
	at org.junit.platform.launcher.core.EngineExecutionOrchestrator.execute(EngineExecutionOrchestrator.java:57)
	at org.junit.platform.launcher.core.DefaultLauncher.execute(DefaultLauncher.java:103)
	at org.junit.platform.launcher.core.DefaultLauncher.execute(DefaultLauncher.java:85)
	at org.junit.platform.launcher.core.DelegatingLauncher.execute(DelegatingLauncher.java:47)
	at org.apache.maven.surefire.junitplatform.LazyLauncher.execute(LazyLauncher.java:56)
	at org.apache.maven.surefire.junitplatform.JUnitPlatformProvider.execute(JUnitPlatformProvider.java:184)
	at org.apache.maven.surefire.junitplatform.JUnitPlatformProvider.invokeAllTests(JUnitPlatformProvider.java:148)
	at org.apache.maven.surefire.junitplatform.JUnitPlatformProvider.invoke(JUnitPlatformProvider.java:122)
	at org.apache.maven.surefire.booter.ForkedBooter.runSuitesInProcess(ForkedBooter.java:385)
	at org.apache.maven.surefire.booter.ForkedBooter.execute(ForkedBooter.java:162)
	at org.apache.maven.surefire.booter.ForkedBooter.run(ForkedBooter.java:507)
	at org.apache.maven.surefire.booter.ForkedBooter.main(ForkedBooter.java:495)
15:22:38.370 [main] WARN com.tngtech.archunit.core.importer.ClassFileProcessor -- Error during import from jrt:/java.base/java/lang/Iterable.class, falling back to simple import
java.lang.IllegalArgumentException: Unsupported class file major version 69
	at com.tngtech.archunit.thirdparty.org.objectweb.asm.ClassReader.<init>(ClassReader.java:200)
	at com.tngtech.archunit.thirdparty.org.objectweb.asm.ClassReader.<init>(ClassReader.java:180)
	at com.tngtech.archunit.thirdparty.org.objectweb.asm.ClassReader.<init>(ClassReader.java:166)
	at com.tngtech.archunit.thirdparty.org.objectweb.asm.ClassReader.<init>(ClassReader.java:288)
	at com.tngtech.archunit.core.importer.ClassFileProcessor$UriImporterOfProcessor.tryImport(ClassFileProcessor.java:350)
	at com.tngtech.archunit.core.importer.resolvers.ClassResolverFromClasspath.tryResolve(ClassResolverFromClasspath.java:51)
	at com.tngtech.archunit.core.importer.ImportedClasses.resolve(ImportedClasses.java:74)
	at com.tngtech.archunit.core.importer.ImportedClasses.getOrResolve(ImportedClasses.java:61)
	at com.tngtech.archunit.core.importer.DomainBuilders$JavaMemberBuilder.get(DomainBuilders.java:180)
	at com.tngtech.archunit.core.importer.DomainBuilders$JavaCodeUnitBuilder.asJavaClasses(DomainBuilders.java:330)
	at com.tngtech.archunit.core.importer.DomainBuilders$JavaCodeUnitBuilder.getRawParameterTypes(DomainBuilders.java:304)
	at com.tngtech.archunit.core.domain.JavaCodeUnit$Parameters.<init>(JavaCodeUnit.java:317)
	at com.tngtech.archunit.core.domain.JavaCodeUnit.<init>(JavaCodeUnit.java:82)
	at com.tngtech.archunit.core.domain.JavaMethod.<init>(JavaMethod.java:44)
	at com.tngtech.archunit.core.domain.DomainObjectCreationContext.createJavaMethod(DomainObjectCreationContext.java:144)
	at com.tngtech.archunit.core.importer.DomainBuilders$JavaMethodBuilder.construct(DomainBuilders.java:374)
	at com.tngtech.archunit.core.importer.DomainBuilders$JavaMethodBuilder.construct(DomainBuilders.java:359)
	at com.tngtech.archunit.core.importer.DomainBuilders$JavaMemberBuilder.build(DomainBuilders.java:207)
	at com.tngtech.archunit.core.importer.DomainBuilders$JavaMemberBuilder.build(DomainBuilders.java:139)
	at com.tngtech.archunit.core.importer.DomainBuilders$BuilderWithBuildParameter$BuildFinisher.lambda$build$0(DomainBuilders.java:893)
	at java.base/java.util.stream.ReferencePipeline$3$1.accept(ReferencePipeline.java:214)
	at java.base/java.util.stream.ReferencePipeline$2$1.accept(ReferencePipeline.java:197)
	at java.base/java.util.HashMap$KeySpliterator.forEachRemaining(HashMap.java:1716)
	at java.base/java.util.stream.AbstractPipeline.copyInto(AbstractPipeline.java:570)
	at java.base/java.util.stream.AbstractPipeline.wrapAndCopyInto(AbstractPipeline.java:560)
	at java.base/java.util.stream.ReduceOps$ReduceOp.evaluateSequential(ReduceOps.java:921)
	at java.base/java.util.stream.AbstractPipeline.evaluate(AbstractPipeline.java:265)
	at java.base/java.util.stream.ReferencePipeline.collect(ReferencePipeline.java:723)
	at com.tngtech.archunit.core.importer.DomainBuilders$BuilderWithBuildParameter$BuildFinisher.build(DomainBuilders.java:893)
	at com.tngtech.archunit.core.importer.ClassGraphCreator.createMethods(ClassGraphCreator.java:322)
	at com.tngtech.archunit.core.domain.JavaClassMembers.create(JavaClassMembers.java:352)
	at com.tngtech.archunit.core.domain.JavaClass.completeMembers(JavaClass.java:1476)
	at com.tngtech.archunit.core.domain.DomainObjectCreationContext.completeMembers(DomainObjectCreationContext.java:96)
	at com.tngtech.archunit.core.importer.ClassGraphCreator.completeClasses(ClassGraphCreator.java:120)
	at com.tngtech.archunit.core.importer.ClassGraphCreator.complete(ClassGraphCreator.java:108)
	at com.tngtech.archunit.core.importer.ClassFileProcessor.process(ClassFileProcessor.java:75)
	at com.tngtech.archunit.core.importer.ClassFileImporter.importLocations(ClassFileImporter.java:325)
	at com.tngtech.archunit.junit.internal.ClassCache$CacheClassFileImporter.importClasses(ClassCache.java:126)
	at com.tngtech.archunit.junit.internal.ClassCache$LazyJavaClasses.initialize(ClassCache.java:118)
	at com.tngtech.archunit.junit.internal.ClassCache$LazyJavaClasses.get(ClassCache.java:107)
	at com.tngtech.archunit.junit.internal.ClassCache.getClassesToAnalyzeFor(ClassCache.java:84)
	at com.tngtech.archunit.junit.internal.ArchUnitTestDescriptor.lambda$createChildren$1(ArchUnitTestDescriptor.java:89)
	at com.tngtech.archunit.junit.internal.ArchUnitTestDescriptor$ArchUnitRuleDescriptor.execute(ArchUnitTestDescriptor.java:166)
	at com.tngtech.archunit.junit.internal.ArchUnitTestDescriptor$ArchUnitRuleDescriptor.execute(ArchUnitTestDescriptor.java:149)
	at org.junit.platform.engine.support.hierarchical.NodeTestTask.lambda$executeRecursively$6(NodeTestTask.java:151)
	at org.junit.platform.engine.support.hierarchical.ThrowableCollector.execute(ThrowableCollector.java:73)
	at org.junit.platform.engine.support.hierarchical.NodeTestTask.lambda$executeRecursively$8(NodeTestTask.java:141)
	at org.junit.platform.engine.support.hierarchical.Node.around(Node.java:137)
	at org.junit.platform.engine.support.hierarchical.NodeTestTask.lambda$executeRecursively$9(NodeTestTask.java:139)
	at org.junit.platform.engine.support.hierarchical.ThrowableCollector.execute(ThrowableCollector.java:73)
	at org.junit.platform.engine.support.hierarchical.NodeTestTask.executeRecursively(NodeTestTask.java:138)
	at org.junit.platform.engine.support.hierarchical.NodeTestTask.execute(NodeTestTask.java:95)
	at java.base/java.util.ArrayList.forEach(ArrayList.java:1604)
	at org.junit.platform.engine.support.hierarchical.SameThreadHierarchicalTestExecutorService.invokeAll(SameThreadHierarchicalTestExecutorService.java:41)
	at org.junit.platform.engine.support.hierarchical.NodeTestTask.lambda$executeRecursively$6(NodeTestTask.java:155)
	at org.junit.platform.engine.support.hierarchical.ThrowableCollector.execute(ThrowableCollector.java:73)
	at org.junit.platform.engine.support.hierarchical.NodeTestTask.lambda$executeRecursively$8(NodeTestTask.java:141)
	at org.junit.platform.engine.support.hierarchical.Node.around(Node.java:137)
	at org.junit.platform.engine.support.hierarchical.NodeTestTask.lambda$executeRecursively$9(NodeTestTask.java:139)
	at org.junit.platform.engine.support.hierarchical.ThrowableCollector.execute(ThrowableCollector.java:73)
	at org.junit.platform.engine.support.hierarchical.NodeTestTask.executeRecursively(NodeTestTask.java:138)
	at org.junit.platform.engine.support.hierarchical.NodeTestTask.execute(NodeTestTask.java:95)
	at java.base/java.util.ArrayList.forEach(ArrayList.java:1604)
	at org.junit.platform.engine.support.hierarchical.SameThreadHierarchicalTestExecutorService.invokeAll(SameThreadHierarchicalTestExecutorService.java:41)
	at org.junit.platform.engine.support.hierarchical.NodeTestTask.lambda$executeRecursively$6(NodeTestTask.java:155)
	at org.junit.platform.engine.support.hierarchical.ThrowableCollector.execute(ThrowableCollector.java:73)
	at org.junit.platform.engine.support.hierarchical.NodeTestTask.lambda$executeRecursively$8(NodeTestTask.java:141)
	at org.junit.platform.engine.support.hierarchical.Node.around(Node.java:137)
	at org.junit.platform.engine.support.hierarchical.NodeTestTask.lambda$executeRecursively$9(NodeTestTask.java:139)
	at org.junit.platform.engine.support.hierarchical.ThrowableCollector.execute(ThrowableCollector.java:73)
	at org.junit.platform.engine.support.hierarchical.NodeTestTask.executeRecursively(NodeTestTask.java:138)
	at org.junit.platform.engine.support.hierarchical.NodeTestTask.execute(NodeTestTask.java:95)
	at org.junit.platform.engine.support.hierarchical.SameThreadHierarchicalTestExecutorService.submit(SameThreadHierarchicalTestExecutorService.java:35)
	at org.junit.platform.engine.support.hierarchical.HierarchicalTestExecutor.execute(HierarchicalTestExecutor.java:57)
	at org.junit.platform.engine.support.hierarchical.HierarchicalTestEngine.execute(HierarchicalTestEngine.java:54)
	at org.junit.platform.launcher.core.EngineExecutionOrchestrator.execute(EngineExecutionOrchestrator.java:198)
	at org.junit.platform.launcher.core.EngineExecutionOrchestrator.execute(EngineExecutionOrchestrator.java:169)
	at org.junit.platform.launcher.core.EngineExecutionOrchestrator.execute(EngineExecutionOrchestrator.java:93)
	at org.junit.platform.launcher.core.EngineExecutionOrchestrator.lambda$execute$0(EngineExecutionOrchestrator.java:58)
	at org.junit.platform.launcher.core.EngineExecutionOrchestrator.withInterceptedStreams(EngineExecutionOrchestrator.java:141)
	at org.junit.platform.launcher.core.EngineExecutionOrchestrator.execute(EngineExecutionOrchestrator.java:57)
	at org.junit.platform.launcher.core.DefaultLauncher.execute(DefaultLauncher.java:103)
	at org.junit.platform.launcher.core.DefaultLauncher.execute(DefaultLauncher.java:85)
	at org.junit.platform.launcher.core.DelegatingLauncher.execute(DelegatingLauncher.java:47)
	at org.apache.maven.surefire.junitplatform.LazyLauncher.execute(LazyLauncher.java:56)
	at org.apache.maven.surefire.junitplatform.JUnitPlatformProvider.execute(JUnitPlatformProvider.java:184)
	at org.apache.maven.surefire.junitplatform.JUnitPlatformProvider.invokeAllTests(JUnitPlatformProvider.java:148)
	at org.apache.maven.surefire.junitplatform.JUnitPlatformProvider.invoke(JUnitPlatformProvider.java:122)
	at org.apache.maven.surefire.booter.ForkedBooter.runSuitesInProcess(ForkedBooter.java:385)
	at org.apache.maven.surefire.booter.ForkedBooter.execute(ForkedBooter.java:162)
	at org.apache.maven.surefire.booter.ForkedBooter.run(ForkedBooter.java:507)
	at org.apache.maven.surefire.booter.ForkedBooter.main(ForkedBooter.java:495)
15:22:38.371 [main] WARN com.tngtech.archunit.core.importer.ClassFileProcessor -- Error during import from jrt:/java.base/java/util/Map.class, falling back to simple import
java.lang.IllegalArgumentException: Unsupported class file major version 69
	at com.tngtech.archunit.thirdparty.org.objectweb.asm.ClassReader.<init>(ClassReader.java:200)
	at com.tngtech.archunit.thirdparty.org.objectweb.asm.ClassReader.<init>(ClassReader.java:180)
	at com.tngtech.archunit.thirdparty.org.objectweb.asm.ClassReader.<init>(ClassReader.java:166)
	at com.tngtech.archunit.thirdparty.org.objectweb.asm.ClassReader.<init>(ClassReader.java:288)
	at com.tngtech.archunit.core.importer.ClassFileProcessor$UriImporterOfProcessor.tryImport(ClassFileProcessor.java:350)
	at com.tngtech.archunit.core.importer.resolvers.ClassResolverFromClasspath.tryResolve(ClassResolverFromClasspath.java:51)
	at com.tngtech.archunit.core.importer.ImportedClasses.resolve(ImportedClasses.java:74)
	at com.tngtech.archunit.core.importer.ImportedClasses.getOrResolve(ImportedClasses.java:61)
	at com.tngtech.archunit.core.importer.DomainBuilders$JavaParameterizedTypeBuilder.build(DomainBuilders.java:846)
	at com.tngtech.archunit.core.importer.SignatureTypeArgumentProcessor$NewJavaTypeCreationProcess.finish(SignatureTypeArgumentProcessor.java:170)
	at com.tngtech.archunit.core.importer.SignatureTypeArgumentProcessor$NewJavaTypeCreationProcess.finish(SignatureTypeArgumentProcessor.java:155)
	at com.tngtech.archunit.core.importer.DomainBuilders$JavaFieldBuilder.getType(DomainBuilders.java:227)
	at com.tngtech.archunit.core.domain.JavaField.<init>(JavaField.java:40)
	at com.tngtech.archunit.core.domain.DomainObjectCreationContext.createJavaField(DomainObjectCreationContext.java:108)
	at com.tngtech.archunit.core.importer.DomainBuilders$JavaFieldBuilder.construct(DomainBuilders.java:237)
	at com.tngtech.archunit.core.importer.DomainBuilders$JavaFieldBuilder.construct(DomainBuilders.java:211)
	at com.tngtech.archunit.core.importer.DomainBuilders$JavaMemberBuilder.build(DomainBuilders.java:207)
	at com.tngtech.archunit.core.importer.DomainBuilders$JavaMemberBuilder.build(DomainBuilders.java:139)
	at com.tngtech.archunit.core.importer.DomainBuilders$BuilderWithBuildParameter$BuildFinisher.lambda$build$0(DomainBuilders.java:893)
	at java.base/java.util.stream.ReferencePipeline$3$1.accept(ReferencePipeline.java:214)
	at java.base/java.util.HashMap$KeySpliterator.forEachRemaining(HashMap.java:1716)
	at java.base/java.util.stream.AbstractPipeline.copyInto(AbstractPipeline.java:570)
	at java.base/java.util.stream.AbstractPipeline.wrapAndCopyInto(AbstractPipeline.java:560)
	at java.base/java.util.stream.ReduceOps$ReduceOp.evaluateSequential(ReduceOps.java:921)
	at java.base/java.util.stream.AbstractPipeline.evaluate(AbstractPipeline.java:265)
	at java.base/java.util.stream.ReferencePipeline.collect(ReferencePipeline.java:723)
	at com.tngtech.archunit.core.importer.DomainBuilders$BuilderWithBuildParameter$BuildFinisher.build(DomainBuilders.java:893)
	at com.tngtech.archunit.core.importer.DomainBuilders$BuilderWithBuildParameter$BuildFinisher.build(DomainBuilders.java:883)
	at com.tngtech.archunit.core.importer.ClassGraphCreator.createFields(ClassGraphCreator.java:309)
	at com.tngtech.archunit.core.domain.JavaClassMembers.create(JavaClassMembers.java:351)
	at com.tngtech.archunit.core.domain.JavaClass.completeMembers(JavaClass.java:1476)
	at com.tngtech.archunit.core.domain.DomainObjectCreationContext.completeMembers(DomainObjectCreationContext.java:96)
	at com.tngtech.archunit.core.importer.ClassGraphCreator.completeClasses(ClassGraphCreator.java:120)
	at com.tngtech.archunit.core.importer.ClassGraphCreator.complete(ClassGraphCreator.java:108)
	at com.tngtech.archunit.core.importer.ClassFileProcessor.process(ClassFileProcessor.java:75)
	at com.tngtech.archunit.core.importer.ClassFileImporter.importLocations(ClassFileImporter.java:325)
	at com.tngtech.archunit.junit.internal.ClassCache$CacheClassFileImporter.importClasses(ClassCache.java:126)
	at com.tngtech.archunit.junit.internal.ClassCache$LazyJavaClasses.initialize(ClassCache.java:118)
	at com.tngtech.archunit.junit.internal.ClassCache$LazyJavaClasses.get(ClassCache.java:107)
	at com.tngtech.archunit.junit.internal.ClassCache.getClassesToAnalyzeFor(ClassCache.java:84)
	at com.tngtech.archunit.junit.internal.ArchUnitTestDescriptor.lambda$createChildren$1(ArchUnitTestDescriptor.java:89)
	at com.tngtech.archunit.junit.internal.ArchUnitTestDescriptor$ArchUnitRuleDescriptor.execute(ArchUnitTestDescriptor.java:166)
	at com.tngtech.archunit.junit.internal.ArchUnitTestDescriptor$ArchUnitRuleDescriptor.execute(ArchUnitTestDescriptor.java:149)
	at org.junit.platform.engine.support.hierarchical.NodeTestTask.lambda$executeRecursively$6(NodeTestTask.java:151)
	at org.junit.platform.engine.support.hierarchical.ThrowableCollector.execute(ThrowableCollector.java:73)
	at org.junit.platform.engine.support.hierarchical.NodeTestTask.lambda$executeRecursively$8(NodeTestTask.java:141)
	at org.junit.platform.engine.support.hierarchical.Node.around(Node.java:137)
	at org.junit.platform.engine.support.hierarchical.NodeTestTask.lambda$executeRecursively$9(NodeTestTask.java:139)
	at org.junit.platform.engine.support.hierarchical.ThrowableCollector.execute(ThrowableCollector.java:73)
	at org.junit.platform.engine.support.hierarchical.NodeTestTask.executeRecursively(NodeTestTask.java:138)
	at org.junit.platform.engine.support.hierarchical.NodeTestTask.execute(NodeTestTask.java:95)
	at java.base/java.util.ArrayList.forEach(ArrayList.java:1604)
	at org.junit.platform.engine.support.hierarchical.SameThreadHierarchicalTestExecutorService.invokeAll(SameThreadHierarchicalTestExecutorService.java:41)
	at org.junit.platform.engine.support.hierarchical.NodeTestTask.lambda$executeRecursively$6(NodeTestTask.java:155)
	at org.junit.platform.engine.support.hierarchical.ThrowableCollector.execute(ThrowableCollector.java:73)
	at org.junit.platform.engine.support.hierarchical.NodeTestTask.lambda$executeRecursively$8(NodeTestTask.java:141)
	at org.junit.platform.engine.support.hierarchical.Node.around(Node.java:137)
	at org.junit.platform.engine.support.hierarchical.NodeTestTask.lambda$executeRecursively$9(NodeTestTask.java:139)
	at org.junit.platform.engine.support.hierarchical.ThrowableCollector.execute(ThrowableCollector.java:73)
	at org.junit.platform.engine.support.hierarchical.NodeTestTask.executeRecursively(NodeTestTask.java:138)
	at org.junit.platform.engine.support.hierarchical.NodeTestTask.execute(NodeTestTask.java:95)
	at java.base/java.util.ArrayList.forEach(ArrayList.java:1604)
	at org.junit.platform.engine.support.hierarchical.SameThreadHierarchicalTestExecutorService.invokeAll(SameThreadHierarchicalTestExecutorService.java:41)
	at org.junit.platform.engine.support.hierarchical.NodeTestTask.lambda$executeRecursively$6(NodeTestTask.java:155)
	at org.junit.platform.engine.support.hierarchical.ThrowableCollector.execute(ThrowableCollector.java:73)
	at org.junit.platform.engine.support.hierarchical.NodeTestTask.lambda$executeRecursively$8(NodeTestTask.java:141)
	at org.junit.platform.engine.support.hierarchical.Node.around(Node.java:137)
	at org.junit.platform.engine.support.hierarchical.NodeTestTask.lambda$executeRecursively$9(NodeTestTask.java:139)
	at org.junit.platform.engine.support.hierarchical.ThrowableCollector.execute(ThrowableCollector.java:73)
	at org.junit.platform.engine.support.hierarchical.NodeTestTask.executeRecursively(NodeTestTask.java:138)
	at org.junit.platform.engine.support.hierarchical.NodeTestTask.execute(NodeTestTask.java:95)
	at org.junit.platform.engine.support.hierarchical.SameThreadHierarchicalTestExecutorService.submit(SameThreadHierarchicalTestExecutorService.java:35)
	at org.junit.platform.engine.support.hierarchical.HierarchicalTestExecutor.execute(HierarchicalTestExecutor.java:57)
	at org.junit.platform.engine.support.hierarchical.HierarchicalTestEngine.execute(HierarchicalTestEngine.java:54)
	at org.junit.platform.launcher.core.EngineExecutionOrchestrator.execute(EngineExecutionOrchestrator.java:198)
	at org.junit.platform.launcher.core.EngineExecutionOrchestrator.execute(EngineExecutionOrchestrator.java:169)
	at org.junit.platform.launcher.core.EngineExecutionOrchestrator.execute(EngineExecutionOrchestrator.java:93)
	at org.junit.platform.launcher.core.EngineExecutionOrchestrator.lambda$execute$0(EngineExecutionOrchestrator.java:58)
	at org.junit.platform.launcher.core.EngineExecutionOrchestrator.withInterceptedStreams(EngineExecutionOrchestrator.java:141)
	at org.junit.platform.launcher.core.EngineExecutionOrchestrator.execute(EngineExecutionOrchestrator.java:57)
	at org.junit.platform.launcher.core.DefaultLauncher.execute(DefaultLauncher.java:103)
	at org.junit.platform.launcher.core.DefaultLauncher.execute(DefaultLauncher.java:85)
	at org.junit.platform.launcher.core.DelegatingLauncher.execute(DelegatingLauncher.java:47)
	at org.apache.maven.surefire.junitplatform.LazyLauncher.execute(LazyLauncher.java:56)
	at org.apache.maven.surefire.junitplatform.JUnitPlatformProvider.execute(JUnitPlatformProvider.java:184)
	at org.apache.maven.surefire.junitplatform.JUnitPlatformProvider.invokeAllTests(JUnitPlatformProvider.java:148)
	at org.apache.maven.surefire.junitplatform.JUnitPlatformProvider.invoke(JUnitPlatformProvider.java:122)
	at org.apache.maven.surefire.booter.ForkedBooter.runSuitesInProcess(ForkedBooter.java:385)
	at org.apache.maven.surefire.booter.ForkedBooter.execute(ForkedBooter.java:162)
	at org.apache.maven.surefire.booter.ForkedBooter.run(ForkedBooter.java:507)
	at org.apache.maven.surefire.booter.ForkedBooter.main(ForkedBooter.java:495)
15:22:38.379 [main] WARN com.tngtech.archunit.core.importer.ClassFileProcessor -- Error during import from jrt:/java.base/java/lang/reflect/Member.class, falling back to simple import
java.lang.IllegalArgumentException: Unsupported class file major version 69
	at com.tngtech.archunit.thirdparty.org.objectweb.asm.ClassReader.<init>(ClassReader.java:200)
	at com.tngtech.archunit.thirdparty.org.objectweb.asm.ClassReader.<init>(ClassReader.java:180)
	at com.tngtech.archunit.thirdparty.org.objectweb.asm.ClassReader.<init>(ClassReader.java:166)
	at com.tngtech.archunit.thirdparty.org.objectweb.asm.ClassReader.<init>(ClassReader.java:288)
	at com.tngtech.archunit.core.importer.ClassFileProcessor$UriImporterOfProcessor.tryImport(ClassFileProcessor.java:350)
	at com.tngtech.archunit.core.importer.resolvers.ClassResolverFromClasspath.tryResolve(ClassResolverFromClasspath.java:51)
	at com.tngtech.archunit.core.importer.ImportedClasses.resolve(ImportedClasses.java:74)
	at com.tngtech.archunit.core.importer.ImportedClasses.getOrResolve(ImportedClasses.java:61)
	at com.tngtech.archunit.core.importer.DomainBuilders$JavaMemberBuilder.get(DomainBuilders.java:180)
	at com.tngtech.archunit.core.importer.DomainBuilders$JavaCodeUnitBuilder.getRawReturnType(DomainBuilders.java:290)
	at com.tngtech.archunit.core.domain.JavaCodeUnit$ReturnType.<init>(JavaCodeUnit.java:367)
	at com.tngtech.archunit.core.domain.JavaCodeUnit.<init>(JavaCodeUnit.java:81)
	at com.tngtech.archunit.core.domain.JavaMethod.<init>(JavaMethod.java:44)
	at com.tngtech.archunit.core.domain.DomainObjectCreationContext.createJavaMethod(DomainObjectCreationContext.java:144)
	at com.tngtech.archunit.core.importer.DomainBuilders$JavaMethodBuilder.construct(DomainBuilders.java:374)
	at com.tngtech.archunit.core.importer.DomainBuilders$JavaMethodBuilder.construct(DomainBuilders.java:359)
	at com.tngtech.archunit.core.importer.DomainBuilders$JavaMemberBuilder.build(DomainBuilders.java:207)
	at com.tngtech.archunit.core.importer.DomainBuilders$JavaMemberBuilder.build(DomainBuilders.java:139)
	at com.tngtech.archunit.core.importer.DomainBuilders$BuilderWithBuildParameter$BuildFinisher.lambda$build$0(DomainBuilders.java:893)
	at java.base/java.util.stream.ReferencePipeline$3$1.accept(ReferencePipeline.java:214)
	at java.base/java.util.stream.ReferencePipeline$2$1.accept(ReferencePipeline.java:197)
	at java.base/java.util.HashMap$KeySpliterator.forEachRemaining(HashMap.java:1716)
	at java.base/java.util.stream.AbstractPipeline.copyInto(AbstractPipeline.java:570)
	at java.base/java.util.stream.AbstractPipeline.wrapAndCopyInto(AbstractPipeline.java:560)
	at java.base/java.util.stream.ReduceOps$ReduceOp.evaluateSequential(ReduceOps.java:921)
	at java.base/java.util.stream.AbstractPipeline.evaluate(AbstractPipeline.java:265)
	at java.base/java.util.stream.ReferencePipeline.collect(ReferencePipeline.java:723)
	at com.tngtech.archunit.core.importer.DomainBuilders$BuilderWithBuildParameter$BuildFinisher.build(DomainBuilders.java:893)
	at com.tngtech.archunit.core.importer.ClassGraphCreator.createMethods(ClassGraphCreator.java:322)
	at com.tngtech.archunit.core.domain.JavaClassMembers.create(JavaClassMembers.java:352)
	at com.tngtech.archunit.core.domain.JavaClass.completeMembers(JavaClass.java:1476)
	at com.tngtech.archunit.core.domain.DomainObjectCreationContext.completeMembers(DomainObjectCreationContext.java:96)
	at com.tngtech.archunit.core.importer.ClassGraphCreator.completeClasses(ClassGraphCreator.java:120)
	at com.tngtech.archunit.core.importer.ClassGraphCreator.complete(ClassGraphCreator.java:108)
	at com.tngtech.archunit.core.importer.ClassFileProcessor.process(ClassFileProcessor.java:75)
	at com.tngtech.archunit.core.importer.ClassFileImporter.importLocations(ClassFileImporter.java:325)
	at com.tngtech.archunit.junit.internal.ClassCache$CacheClassFileImporter.importClasses(ClassCache.java:126)
	at com.tngtech.archunit.junit.internal.ClassCache$LazyJavaClasses.initialize(ClassCache.java:118)
	at com.tngtech.archunit.junit.internal.ClassCache$LazyJavaClasses.get(ClassCache.java:107)
	at com.tngtech.archunit.junit.internal.ClassCache.getClassesToAnalyzeFor(ClassCache.java:84)
	at com.tngtech.archunit.junit.internal.ArchUnitTestDescriptor.lambda$createChildren$1(ArchUnitTestDescriptor.java:89)
	at com.tngtech.archunit.junit.internal.ArchUnitTestDescriptor$ArchUnitRuleDescriptor.execute(ArchUnitTestDescriptor.java:166)
	at com.tngtech.archunit.junit.internal.ArchUnitTestDescriptor$ArchUnitRuleDescriptor.execute(ArchUnitTestDescriptor.java:149)
	at org.junit.platform.engine.support.hierarchical.NodeTestTask.lambda$executeRecursively$6(NodeTestTask.java:151)
	at org.junit.platform.engine.support.hierarchical.ThrowableCollector.execute(ThrowableCollector.java:73)
	at org.junit.platform.engine.support.hierarchical.NodeTestTask.lambda$executeRecursively$8(NodeTestTask.java:141)
	at org.junit.platform.engine.support.hierarchical.Node.around(Node.java:137)
	at org.junit.platform.engine.support.hierarchical.NodeTestTask.lambda$executeRecursively$9(NodeTestTask.java:139)
	at org.junit.platform.engine.support.hierarchical.ThrowableCollector.execute(ThrowableCollector.java:73)
	at org.junit.platform.engine.support.hierarchical.NodeTestTask.executeRecursively(NodeTestTask.java:138)
	at org.junit.platform.engine.support.hierarchical.NodeTestTask.execute(NodeTestTask.java:95)
	at java.base/java.util.ArrayList.forEach(ArrayList.java:1604)
	at org.junit.platform.engine.support.hierarchical.SameThreadHierarchicalTestExecutorService.invokeAll(SameThreadHierarchicalTestExecutorService.java:41)
	at org.junit.platform.engine.support.hierarchical.NodeTestTask.lambda$executeRecursively$6(NodeTestTask.java:155)
	at org.junit.platform.engine.support.hierarchical.ThrowableCollector.execute(ThrowableCollector.java:73)
	at org.junit.platform.engine.support.hierarchical.NodeTestTask.lambda$executeRecursively$8(NodeTestTask.java:141)
	at org.junit.platform.engine.support.hierarchical.Node.around(Node.java:137)
	at org.junit.platform.engine.support.hierarchical.NodeTestTask.lambda$executeRecursively$9(NodeTestTask.java:139)
	at org.junit.platform.engine.support.hierarchical.ThrowableCollector.execute(ThrowableCollector.java:73)
	at org.junit.platform.engine.support.hierarchical.NodeTestTask.executeRecursively(NodeTestTask.java:138)
	at org.junit.platform.engine.support.hierarchical.NodeTestTask.execute(NodeTestTask.java:95)
	at java.base/java.util.ArrayList.forEach(ArrayList.java:1604)
	at org.junit.platform.engine.support.hierarchical.SameThreadHierarchicalTestExecutorService.invokeAll(SameThreadHierarchicalTestExecutorService.java:41)
	at org.junit.platform.engine.support.hierarchical.NodeTestTask.lambda$executeRecursively$6(NodeTestTask.java:155)
	at org.junit.platform.engine.support.hierarchical.ThrowableCollector.execute(ThrowableCollector.java:73)
	at org.junit.platform.engine.support.hierarchical.NodeTestTask.lambda$executeRecursively$8(NodeTestTask.java:141)
	at org.junit.platform.engine.support.hierarchical.Node.around(Node.java:137)
	at org.junit.platform.engine.support.hierarchical.NodeTestTask.lambda$executeRecursively$9(NodeTestTask.java:139)
	at org.junit.platform.engine.support.hierarchical.ThrowableCollector.execute(ThrowableCollector.java:73)
	at org.junit.platform.engine.support.hierarchical.NodeTestTask.executeRecursively(NodeTestTask.java:138)
	at org.junit.platform.engine.support.hierarchical.NodeTestTask.execute(NodeTestTask.java:95)
	at org.junit.platform.engine.support.hierarchical.SameThreadHierarchicalTestExecutorService.submit(SameThreadHierarchicalTestExecutorService.java:35)
	at org.junit.platform.engine.support.hierarchical.HierarchicalTestExecutor.execute(HierarchicalTestExecutor.java:57)
	at org.junit.platform.engine.support.hierarchical.HierarchicalTestEngine.execute(HierarchicalTestEngine.java:54)
	at org.junit.platform.launcher.core.EngineExecutionOrchestrator.execute(EngineExecutionOrchestrator.java:198)
	at org.junit.platform.launcher.core.EngineExecutionOrchestrator.execute(EngineExecutionOrchestrator.java:169)
	at org.junit.platform.launcher.core.EngineExecutionOrchestrator.execute(EngineExecutionOrchestrator.java:93)
	at org.junit.platform.launcher.core.EngineExecutionOrchestrator.lambda$execute$0(EngineExecutionOrchestrator.java:58)
	at org.junit.platform.launcher.core.EngineExecutionOrchestrator.withInterceptedStreams(EngineExecutionOrchestrator.java:141)
	at org.junit.platform.launcher.core.EngineExecutionOrchestrator.execute(EngineExecutionOrchestrator.java:57)
	at org.junit.platform.launcher.core.DefaultLauncher.execute(DefaultLauncher.java:103)
	at org.junit.platform.launcher.core.DefaultLauncher.execute(DefaultLauncher.java:85)
	at org.junit.platform.launcher.core.DelegatingLauncher.execute(DelegatingLauncher.java:47)
	at org.apache.maven.surefire.junitplatform.LazyLauncher.execute(LazyLauncher.java:56)
	at org.apache.maven.surefire.junitplatform.JUnitPlatformProvider.execute(JUnitPlatformProvider.java:184)
	at org.apache.maven.surefire.junitplatform.JUnitPlatformProvider.invokeAllTests(JUnitPlatformProvider.java:148)
	at org.apache.maven.surefire.junitplatform.JUnitPlatformProvider.invoke(JUnitPlatformProvider.java:122)
	at org.apache.maven.surefire.booter.ForkedBooter.runSuitesInProcess(ForkedBooter.java:385)
	at org.apache.maven.surefire.booter.ForkedBooter.execute(ForkedBooter.java:162)
	at org.apache.maven.surefire.booter.ForkedBooter.run(ForkedBooter.java:507)
	at org.apache.maven.surefire.booter.ForkedBooter.main(ForkedBooter.java:495)
15:22:38.382 [main] WARN com.tngtech.archunit.core.importer.ClassFileProcessor -- Error during import from jrt:/java.base/java/util/function/Function.class, falling back to simple import
java.lang.IllegalArgumentException: Unsupported class file major version 69
	at com.tngtech.archunit.thirdparty.org.objectweb.asm.ClassReader.<init>(ClassReader.java:200)
	at com.tngtech.archunit.thirdparty.org.objectweb.asm.ClassReader.<init>(ClassReader.java:180)
	at com.tngtech.archunit.thirdparty.org.objectweb.asm.ClassReader.<init>(ClassReader.java:166)
	at com.tngtech.archunit.thirdparty.org.objectweb.asm.ClassReader.<init>(ClassReader.java:288)
	at com.tngtech.archunit.core.importer.ClassFileProcessor$UriImporterOfProcessor.tryImport(ClassFileProcessor.java:350)
	at com.tngtech.archunit.core.importer.resolvers.ClassResolverFromClasspath.tryResolve(ClassResolverFromClasspath.java:51)
	at com.tngtech.archunit.core.importer.ImportedClasses.resolve(ImportedClasses.java:74)
	at com.tngtech.archunit.core.importer.ImportedClasses.getOrResolve(ImportedClasses.java:61)
	at com.tngtech.archunit.core.importer.DomainBuilders$JavaMemberBuilder.get(DomainBuilders.java:180)
	at com.tngtech.archunit.core.importer.DomainBuilders$JavaCodeUnitBuilder.asJavaClasses(DomainBuilders.java:330)
	at com.tngtech.archunit.core.importer.DomainBuilders$JavaCodeUnitBuilder.getRawParameterTypes(DomainBuilders.java:304)
	at com.tngtech.archunit.core.domain.JavaCodeUnit$Parameters.<init>(JavaCodeUnit.java:317)
	at com.tngtech.archunit.core.domain.JavaCodeUnit.<init>(JavaCodeUnit.java:82)
	at com.tngtech.archunit.core.domain.JavaConstructor.<init>(JavaConstructor.java:45)
	at com.tngtech.archunit.core.domain.DomainObjectCreationContext.createJavaConstructor(DomainObjectCreationContext.java:124)
	at com.tngtech.archunit.core.importer.DomainBuilders$JavaConstructorBuilder.construct(DomainBuilders.java:385)
	at com.tngtech.archunit.core.importer.DomainBuilders$JavaConstructorBuilder.construct(DomainBuilders.java:378)
	at com.tngtech.archunit.core.importer.DomainBuilders$JavaMemberBuilder.build(DomainBuilders.java:207)
	at com.tngtech.archunit.core.importer.DomainBuilders$JavaMemberBuilder.build(DomainBuilders.java:139)
	at com.tngtech.archunit.core.importer.DomainBuilders$BuilderWithBuildParameter$BuildFinisher.lambda$build$0(DomainBuilders.java:893)
	at java.base/java.util.stream.ReferencePipeline$3$1.accept(ReferencePipeline.java:214)
	at java.base/java.util.HashMap$KeySpliterator.forEachRemaining(HashMap.java:1716)
	at java.base/java.util.stream.AbstractPipeline.copyInto(AbstractPipeline.java:570)
	at java.base/java.util.stream.AbstractPipeline.wrapAndCopyInto(AbstractPipeline.java:560)
	at java.base/java.util.stream.ReduceOps$ReduceOp.evaluateSequential(ReduceOps.java:921)
	at java.base/java.util.stream.AbstractPipeline.evaluate(AbstractPipeline.java:265)
	at java.base/java.util.stream.ReferencePipeline.collect(ReferencePipeline.java:723)
	at com.tngtech.archunit.core.importer.DomainBuilders$BuilderWithBuildParameter$BuildFinisher.build(DomainBuilders.java:893)
	at com.tngtech.archunit.core.importer.DomainBuilders$BuilderWithBuildParameter$BuildFinisher.build(DomainBuilders.java:883)
	at com.tngtech.archunit.core.importer.ClassGraphCreator.createConstructors(ClassGraphCreator.java:334)
	at com.tngtech.archunit.core.domain.JavaClassMembers.create(JavaClassMembers.java:353)
	at com.tngtech.archunit.core.domain.JavaClass.completeMembers(JavaClass.java:1476)
	at com.tngtech.archunit.core.domain.DomainObjectCreationContext.completeMembers(DomainObjectCreationContext.java:96)
	at com.tngtech.archunit.core.importer.ClassGraphCreator.completeClasses(ClassGraphCreator.java:120)
	at com.tngtech.archunit.core.importer.ClassGraphCreator.complete(ClassGraphCreator.java:108)
	at com.tngtech.archunit.core.importer.ClassFileProcessor.process(ClassFileProcessor.java:75)
	at com.tngtech.archunit.core.importer.ClassFileImporter.importLocations(ClassFileImporter.java:325)
	at com.tngtech.archunit.junit.internal.ClassCache$CacheClassFileImporter.importClasses(ClassCache.java:126)
	at com.tngtech.archunit.junit.internal.ClassCache$LazyJavaClasses.initialize(ClassCache.java:118)
	at com.tngtech.archunit.junit.internal.ClassCache$LazyJavaClasses.get(ClassCache.java:107)
	at com.tngtech.archunit.junit.internal.ClassCache.getClassesToAnalyzeFor(ClassCache.java:84)
	at com.tngtech.archunit.junit.internal.ArchUnitTestDescriptor.lambda$createChildren$1(ArchUnitTestDescriptor.java:89)
	at com.tngtech.archunit.junit.internal.ArchUnitTestDescriptor$ArchUnitRuleDescriptor.execute(ArchUnitTestDescriptor.java:166)
	at com.tngtech.archunit.junit.internal.ArchUnitTestDescriptor$ArchUnitRuleDescriptor.execute(ArchUnitTestDescriptor.java:149)
	at org.junit.platform.engine.support.hierarchical.NodeTestTask.lambda$executeRecursively$6(NodeTestTask.java:151)
	at org.junit.platform.engine.support.hierarchical.ThrowableCollector.execute(ThrowableCollector.java:73)
	at org.junit.platform.engine.support.hierarchical.NodeTestTask.lambda$executeRecursively$8(NodeTestTask.java:141)
	at org.junit.platform.engine.support.hierarchical.Node.around(Node.java:137)
	at org.junit.platform.engine.support.hierarchical.NodeTestTask.lambda$executeRecursively$9(NodeTestTask.java:139)
	at org.junit.platform.engine.support.hierarchical.ThrowableCollector.execute(ThrowableCollector.java:73)
	at org.junit.platform.engine.support.hierarchical.NodeTestTask.executeRecursively(NodeTestTask.java:138)
	at org.junit.platform.engine.support.hierarchical.NodeTestTask.execute(NodeTestTask.java:95)
	at java.base/java.util.ArrayList.forEach(ArrayList.java:1604)
	at org.junit.platform.engine.support.hierarchical.SameThreadHierarchicalTestExecutorService.invokeAll(SameThreadHierarchicalTestExecutorService.java:41)
	at org.junit.platform.engine.support.hierarchical.NodeTestTask.lambda$executeRecursively$6(NodeTestTask.java:155)
	at org.junit.platform.engine.support.hierarchical.ThrowableCollector.execute(ThrowableCollector.java:73)
	at org.junit.platform.engine.support.hierarchical.NodeTestTask.lambda$executeRecursively$8(NodeTestTask.java:141)
	at org.junit.platform.engine.support.hierarchical.Node.around(Node.java:137)
	at org.junit.platform.engine.support.hierarchical.NodeTestTask.lambda$executeRecursively$9(NodeTestTask.java:139)
	at org.junit.platform.engine.support.hierarchical.ThrowableCollector.execute(ThrowableCollector.java:73)
	at org.junit.platform.engine.support.hierarchical.NodeTestTask.executeRecursively(NodeTestTask.java:138)
	at org.junit.platform.engine.support.hierarchical.NodeTestTask.execute(NodeTestTask.java:95)
	at java.base/java.util.ArrayList.forEach(ArrayList.java:1604)
	at org.junit.platform.engine.support.hierarchical.SameThreadHierarchicalTestExecutorService.invokeAll(SameThreadHierarchicalTestExecutorService.java:41)
	at org.junit.platform.engine.support.hierarchical.NodeTestTask.lambda$executeRecursively$6(NodeTestTask.java:155)
	at org.junit.platform.engine.support.hierarchical.ThrowableCollector.execute(ThrowableCollector.java:73)
	at org.junit.platform.engine.support.hierarchical.NodeTestTask.lambda$executeRecursively$8(NodeTestTask.java:141)
	at org.junit.platform.engine.support.hierarchical.Node.around(Node.java:137)
	at org.junit.platform.engine.support.hierarchical.NodeTestTask.lambda$executeRecursively$9(NodeTestTask.java:139)
	at org.junit.platform.engine.support.hierarchical.ThrowableCollector.execute(ThrowableCollector.java:73)
	at org.junit.platform.engine.support.hierarchical.NodeTestTask.executeRecursively(NodeTestTask.java:138)
	at org.junit.platform.engine.support.hierarchical.NodeTestTask.execute(NodeTestTask.java:95)
	at org.junit.platform.engine.support.hierarchical.SameThreadHierarchicalTestExecutorService.submit(SameThreadHierarchicalTestExecutorService.java:35)
	at org.junit.platform.engine.support.hierarchical.HierarchicalTestExecutor.execute(HierarchicalTestExecutor.java:57)
	at org.junit.platform.engine.support.hierarchical.HierarchicalTestEngine.execute(HierarchicalTestEngine.java:54)
	at org.junit.platform.launcher.core.EngineExecutionOrchestrator.execute(EngineExecutionOrchestrator.java:198)
	at org.junit.platform.launcher.core.EngineExecutionOrchestrator.execute(EngineExecutionOrchestrator.java:169)
	at org.junit.platform.launcher.core.EngineExecutionOrchestrator.execute(EngineExecutionOrchestrator.java:93)
	at org.junit.platform.launcher.core.EngineExecutionOrchestrator.lambda$execute$0(EngineExecutionOrchestrator.java:58)
	at org.junit.platform.launcher.core.EngineExecutionOrchestrator.withInterceptedStreams(EngineExecutionOrchestrator.java:141)
	at org.junit.platform.launcher.core.EngineExecutionOrchestrator.execute(EngineExecutionOrchestrator.java:57)
	at org.junit.platform.launcher.core.DefaultLauncher.execute(DefaultLauncher.java:103)
	at org.junit.platform.launcher.core.DefaultLauncher.execute(DefaultLauncher.java:85)
	at org.junit.platform.launcher.core.DelegatingLauncher.execute(DelegatingLauncher.java:47)
	at org.apache.maven.surefire.junitplatform.LazyLauncher.execute(LazyLauncher.java:56)
	at org.apache.maven.surefire.junitplatform.JUnitPlatformProvider.execute(JUnitPlatformProvider.java:184)
	at org.apache.maven.surefire.junitplatform.JUnitPlatformProvider.invokeAllTests(JUnitPlatformProvider.java:148)
	at org.apache.maven.surefire.junitplatform.JUnitPlatformProvider.invoke(JUnitPlatformProvider.java:122)
	at org.apache.maven.surefire.booter.ForkedBooter.runSuitesInProcess(ForkedBooter.java:385)
	at org.apache.maven.surefire.booter.ForkedBooter.execute(ForkedBooter.java:162)
	at org.apache.maven.surefire.booter.ForkedBooter.run(ForkedBooter.java:507)
	at org.apache.maven.surefire.booter.ForkedBooter.main(ForkedBooter.java:495)
15:22:38.391 [main] WARN com.tngtech.archunit.core.importer.ClassFileProcessor -- Error during import from jrt:/java.base/java/net/URI.class, falling back to simple import
java.lang.IllegalArgumentException: Unsupported class file major version 69
	at com.tngtech.archunit.thirdparty.org.objectweb.asm.ClassReader.<init>(ClassReader.java:200)
	at com.tngtech.archunit.thirdparty.org.objectweb.asm.ClassReader.<init>(ClassReader.java:180)
	at com.tngtech.archunit.thirdparty.org.objectweb.asm.ClassReader.<init>(ClassReader.java:166)
	at com.tngtech.archunit.thirdparty.org.objectweb.asm.ClassReader.<init>(ClassReader.java:288)
	at com.tngtech.archunit.core.importer.ClassFileProcessor$UriImporterOfProcessor.tryImport(ClassFileProcessor.java:350)
	at com.tngtech.archunit.core.importer.resolvers.ClassResolverFromClasspath.tryResolve(ClassResolverFromClasspath.java:51)
	at com.tngtech.archunit.core.importer.ImportedClasses.resolve(ImportedClasses.java:74)
	at com.tngtech.archunit.core.importer.ImportedClasses.getOrResolve(ImportedClasses.java:61)
	at com.tngtech.archunit.core.importer.DomainBuilders$JavaFieldBuilder.getType(DomainBuilders.java:228)
	at com.tngtech.archunit.core.domain.JavaField.<init>(JavaField.java:40)
	at com.tngtech.archunit.core.domain.DomainObjectCreationContext.createJavaField(DomainObjectCreationContext.java:108)
	at com.tngtech.archunit.core.importer.DomainBuilders$JavaFieldBuilder.construct(DomainBuilders.java:237)
	at com.tngtech.archunit.core.importer.DomainBuilders$JavaFieldBuilder.construct(DomainBuilders.java:211)
	at com.tngtech.archunit.core.importer.DomainBuilders$JavaMemberBuilder.build(DomainBuilders.java:207)
	at com.tngtech.archunit.core.importer.DomainBuilders$JavaMemberBuilder.build(DomainBuilders.java:139)
	at com.tngtech.archunit.core.importer.DomainBuilders$BuilderWithBuildParameter$BuildFinisher.lambda$build$0(DomainBuilders.java:893)
	at java.base/java.util.stream.ReferencePipeline$3$1.accept(ReferencePipeline.java:214)
	at java.base/java.util.HashMap$KeySpliterator.forEachRemaining(HashMap.java:1716)
	at java.base/java.util.stream.AbstractPipeline.copyInto(AbstractPipeline.java:570)
	at java.base/java.util.stream.AbstractPipeline.wrapAndCopyInto(AbstractPipeline.java:560)
	at java.base/java.util.stream.ReduceOps$ReduceOp.evaluateSequential(ReduceOps.java:921)
	at java.base/java.util.stream.AbstractPipeline.evaluate(AbstractPipeline.java:265)
	at java.base/java.util.stream.ReferencePipeline.collect(ReferencePipeline.java:723)
	at com.tngtech.archunit.core.importer.DomainBuilders$BuilderWithBuildParameter$BuildFinisher.build(DomainBuilders.java:893)
	at com.tngtech.archunit.core.importer.DomainBuilders$BuilderWithBuildParameter$BuildFinisher.build(DomainBuilders.java:883)
	at com.tngtech.archunit.core.importer.ClassGraphCreator.createFields(ClassGraphCreator.java:309)
	at com.tngtech.archunit.core.domain.JavaClassMembers.create(JavaClassMembers.java:351)
	at com.tngtech.archunit.core.domain.JavaClass.completeMembers(JavaClass.java:1476)
	at com.tngtech.archunit.core.domain.DomainObjectCreationContext.completeMembers(DomainObjectCreationContext.java:96)
	at com.tngtech.archunit.core.importer.ClassGraphCreator.completeClasses(ClassGraphCreator.java:120)
	at com.tngtech.archunit.core.importer.ClassGraphCreator.complete(ClassGraphCreator.java:108)
	at com.tngtech.archunit.core.importer.ClassFileProcessor.process(ClassFileProcessor.java:75)
	at com.tngtech.archunit.core.importer.ClassFileImporter.importLocations(ClassFileImporter.java:325)
	at com.tngtech.archunit.junit.internal.ClassCache$CacheClassFileImporter.importClasses(ClassCache.java:126)
	at com.tngtech.archunit.junit.internal.ClassCache$LazyJavaClasses.initialize(ClassCache.java:118)
	at com.tngtech.archunit.junit.internal.ClassCache$LazyJavaClasses.get(ClassCache.java:107)
	at com.tngtech.archunit.junit.internal.ClassCache.getClassesToAnalyzeFor(ClassCache.java:84)
	at com.tngtech.archunit.junit.internal.ArchUnitTestDescriptor.lambda$createChildren$1(ArchUnitTestDescriptor.java:89)
	at com.tngtech.archunit.junit.internal.ArchUnitTestDescriptor$ArchUnitRuleDescriptor.execute(ArchUnitTestDescriptor.java:166)
	at com.tngtech.archunit.junit.internal.ArchUnitTestDescriptor$ArchUnitRuleDescriptor.execute(ArchUnitTestDescriptor.java:149)
	at org.junit.platform.engine.support.hierarchical.NodeTestTask.lambda$executeRecursively$6(NodeTestTask.java:151)
	at org.junit.platform.engine.support.hierarchical.ThrowableCollector.execute(ThrowableCollector.java:73)
	at org.junit.platform.engine.support.hierarchical.NodeTestTask.lambda$executeRecursively$8(NodeTestTask.java:141)
	at org.junit.platform.engine.support.hierarchical.Node.around(Node.java:137)
	at org.junit.platform.engine.support.hierarchical.NodeTestTask.lambda$executeRecursively$9(NodeTestTask.java:139)
	at org.junit.platform.engine.support.hierarchical.ThrowableCollector.execute(ThrowableCollector.java:73)
	at org.junit.platform.engine.support.hierarchical.NodeTestTask.executeRecursively(NodeTestTask.java:138)
	at org.junit.platform.engine.support.hierarchical.NodeTestTask.execute(NodeTestTask.java:95)
	at java.base/java.util.ArrayList.forEach(ArrayList.java:1604)
	at org.junit.platform.engine.support.hierarchical.SameThreadHierarchicalTestExecutorService.invokeAll(SameThreadHierarchicalTestExecutorService.java:41)
	at org.junit.platform.engine.support.hierarchical.NodeTestTask.lambda$executeRecursively$6(NodeTestTask.java:155)
	at org.junit.platform.engine.support.hierarchical.ThrowableCollector.execute(ThrowableCollector.java:73)
	at org.junit.platform.engine.support.hierarchical.NodeTestTask.lambda$executeRecursively$8(NodeTestTask.java:141)
	at org.junit.platform.engine.support.hierarchical.Node.around(Node.java:137)
	at org.junit.platform.engine.support.hierarchical.NodeTestTask.lambda$executeRecursively$9(NodeTestTask.java:139)
	at org.junit.platform.engine.support.hierarchical.ThrowableCollector.execute(ThrowableCollector.java:73)
	at org.junit.platform.engine.support.hierarchical.NodeTestTask.executeRecursively(NodeTestTask.java:138)
	at org.junit.platform.engine.support.hierarchical.NodeTestTask.execute(NodeTestTask.java:95)
	at java.base/java.util.ArrayList.forEach(ArrayList.java:1604)
	at org.junit.platform.engine.support.hierarchical.SameThreadHierarchicalTestExecutorService.invokeAll(SameThreadHierarchicalTestExecutorService.java:41)
	at org.junit.platform.engine.support.hierarchical.NodeTestTask.lambda$executeRecursively$6(NodeTestTask.java:155)
	at org.junit.platform.engine.support.hierarchical.ThrowableCollector.execute(ThrowableCollector.java:73)
	at org.junit.platform.engine.support.hierarchical.NodeTestTask.lambda$executeRecursively$8(NodeTestTask.java:141)
	at org.junit.platform.engine.support.hierarchical.Node.around(Node.java:137)
	at org.junit.platform.engine.support.hierarchical.NodeTestTask.lambda$executeRecursively$9(NodeTestTask.java:139)
	at org.junit.platform.engine.support.hierarchical.ThrowableCollector.execute(ThrowableCollector.java:73)
	at org.junit.platform.engine.support.hierarchical.NodeTestTask.executeRecursively(NodeTestTask.java:138)
	at org.junit.platform.engine.support.hierarchical.NodeTestTask.execute(NodeTestTask.java:95)
	at org.junit.platform.engine.support.hierarchical.SameThreadHierarchicalTestExecutorService.submit(SameThreadHierarchicalTestExecutorService.java:35)
	at org.junit.platform.engine.support.hierarchical.HierarchicalTestExecutor.execute(HierarchicalTestExecutor.java:57)
	at org.junit.platform.engine.support.hierarchical.HierarchicalTestEngine.execute(HierarchicalTestEngine.java:54)
	at org.junit.platform.launcher.core.EngineExecutionOrchestrator.execute(EngineExecutionOrchestrator.java:198)
	at org.junit.platform.launcher.core.EngineExecutionOrchestrator.execute(EngineExecutionOrchestrator.java:169)
	at org.junit.platform.launcher.core.EngineExecutionOrchestrator.execute(EngineExecutionOrchestrator.java:93)
	at org.junit.platform.launcher.core.EngineExecutionOrchestrator.lambda$execute$0(EngineExecutionOrchestrator.java:58)
	at org.junit.platform.launcher.core.EngineExecutionOrchestrator.withInterceptedStreams(EngineExecutionOrchestrator.java:141)
	at org.junit.platform.launcher.core.EngineExecutionOrchestrator.execute(EngineExecutionOrchestrator.java:57)
	at org.junit.platform.launcher.core.DefaultLauncher.execute(DefaultLauncher.java:103)
	at org.junit.platform.launcher.core.DefaultLauncher.execute(DefaultLauncher.java:85)
	at org.junit.platform.launcher.core.DelegatingLauncher.execute(DelegatingLauncher.java:47)
	at org.apache.maven.surefire.junitplatform.LazyLauncher.execute(LazyLauncher.java:56)
	at org.apache.maven.surefire.junitplatform.JUnitPlatformProvider.execute(JUnitPlatformProvider.java:184)
	at org.apache.maven.surefire.junitplatform.JUnitPlatformProvider.invokeAllTests(JUnitPlatformProvider.java:148)
	at org.apache.maven.surefire.junitplatform.JUnitPlatformProvider.invoke(JUnitPlatformProvider.java:122)
	at org.apache.maven.surefire.booter.ForkedBooter.runSuitesInProcess(ForkedBooter.java:385)
	at org.apache.maven.surefire.booter.ForkedBooter.execute(ForkedBooter.java:162)
	at org.apache.maven.surefire.booter.ForkedBooter.run(ForkedBooter.java:507)
	at org.apache.maven.surefire.booter.ForkedBooter.main(ForkedBooter.java:495)
15:22:38.394 [main] WARN com.tngtech.archunit.core.importer.ClassFileProcessor -- Error during import from jrt:/java.base/java/net/URL.class, falling back to simple import
java.lang.IllegalArgumentException: Unsupported class file major version 69
	at com.tngtech.archunit.thirdparty.org.objectweb.asm.ClassReader.<init>(ClassReader.java:200)
	at com.tngtech.archunit.thirdparty.org.objectweb.asm.ClassReader.<init>(ClassReader.java:180)
	at com.tngtech.archunit.thirdparty.org.objectweb.asm.ClassReader.<init>(ClassReader.java:166)
	at com.tngtech.archunit.thirdparty.org.objectweb.asm.ClassReader.<init>(ClassReader.java:288)
	at com.tngtech.archunit.core.importer.ClassFileProcessor$UriImporterOfProcessor.tryImport(ClassFileProcessor.java:350)
	at com.tngtech.archunit.core.importer.resolvers.ClassResolverFromClasspath.tryResolve(ClassResolverFromClasspath.java:51)
	at com.tngtech.archunit.core.importer.ImportedClasses.resolve(ImportedClasses.java:74)
	at com.tngtech.archunit.core.importer.ImportedClasses.getOrResolve(ImportedClasses.java:61)
	at com.tngtech.archunit.core.importer.DomainBuilders$JavaMemberBuilder.get(DomainBuilders.java:180)
	at com.tngtech.archunit.core.importer.DomainBuilders$JavaCodeUnitBuilder.asJavaClasses(DomainBuilders.java:330)
	at com.tngtech.archunit.core.importer.DomainBuilders$JavaCodeUnitBuilder.getRawParameterTypes(DomainBuilders.java:304)
	at com.tngtech.archunit.core.domain.JavaCodeUnit$Parameters.<init>(JavaCodeUnit.java:317)
	at com.tngtech.archunit.core.domain.JavaCodeUnit.<init>(JavaCodeUnit.java:82)
	at com.tngtech.archunit.core.domain.JavaMethod.<init>(JavaMethod.java:44)
	at com.tngtech.archunit.core.domain.DomainObjectCreationContext.createJavaMethod(DomainObjectCreationContext.java:144)
	at com.tngtech.archunit.core.importer.DomainBuilders$JavaMethodBuilder.construct(DomainBuilders.java:374)
	at com.tngtech.archunit.core.importer.DomainBuilders$JavaMethodBuilder.construct(DomainBuilders.java:359)
	at com.tngtech.archunit.core.importer.DomainBuilders$JavaMemberBuilder.build(DomainBuilders.java:207)
	at com.tngtech.archunit.core.importer.DomainBuilders$JavaMemberBuilder.build(DomainBuilders.java:139)
	at com.tngtech.archunit.core.importer.DomainBuilders$BuilderWithBuildParameter$BuildFinisher.lambda$build$0(DomainBuilders.java:893)
	at java.base/java.util.stream.ReferencePipeline$3$1.accept(ReferencePipeline.java:214)
	at java.base/java.util.stream.ReferencePipeline$2$1.accept(ReferencePipeline.java:197)
	at java.base/java.util.HashMap$KeySpliterator.forEachRemaining(HashMap.java:1716)
	at java.base/java.util.stream.AbstractPipeline.copyInto(AbstractPipeline.java:570)
	at java.base/java.util.stream.AbstractPipeline.wrapAndCopyInto(AbstractPipeline.java:560)
	at java.base/java.util.stream.ReduceOps$ReduceOp.evaluateSequential(ReduceOps.java:921)
	at java.base/java.util.stream.AbstractPipeline.evaluate(AbstractPipeline.java:265)
	at java.base/java.util.stream.ReferencePipeline.collect(ReferencePipeline.java:723)
	at com.tngtech.archunit.core.importer.DomainBuilders$BuilderWithBuildParameter$BuildFinisher.build(DomainBuilders.java:893)
	at com.tngtech.archunit.core.importer.ClassGraphCreator.createMethods(ClassGraphCreator.java:322)
	at com.tngtech.archunit.core.domain.JavaClassMembers.create(JavaClassMembers.java:352)
	at com.tngtech.archunit.core.domain.JavaClass.completeMembers(JavaClass.java:1476)
	at com.tngtech.archunit.core.domain.DomainObjectCreationContext.completeMembers(DomainObjectCreationContext.java:96)
	at com.tngtech.archunit.core.importer.ClassGraphCreator.completeClasses(ClassGraphCreator.java:120)
	at com.tngtech.archunit.core.importer.ClassGraphCreator.complete(ClassGraphCreator.java:108)
	at com.tngtech.archunit.core.importer.ClassFileProcessor.process(ClassFileProcessor.java:75)
	at com.tngtech.archunit.core.importer.ClassFileImporter.importLocations(ClassFileImporter.java:325)
	at com.tngtech.archunit.junit.internal.ClassCache$CacheClassFileImporter.importClasses(ClassCache.java:126)
	at com.tngtech.archunit.junit.internal.ClassCache$LazyJavaClasses.initialize(ClassCache.java:118)
	at com.tngtech.archunit.junit.internal.ClassCache$LazyJavaClasses.get(ClassCache.java:107)
	at com.tngtech.archunit.junit.internal.ClassCache.getClassesToAnalyzeFor(ClassCache.java:84)
	at com.tngtech.archunit.junit.internal.ArchUnitTestDescriptor.lambda$createChildren$1(ArchUnitTestDescriptor.java:89)
	at com.tngtech.archunit.junit.internal.ArchUnitTestDescriptor$ArchUnitRuleDescriptor.execute(ArchUnitTestDescriptor.java:166)
	at com.tngtech.archunit.junit.internal.ArchUnitTestDescriptor$ArchUnitRuleDescriptor.execute(ArchUnitTestDescriptor.java:149)
	at org.junit.platform.engine.support.hierarchical.NodeTestTask.lambda$executeRecursively$6(NodeTestTask.java:151)
	at org.junit.platform.engine.support.hierarchical.ThrowableCollector.execute(ThrowableCollector.java:73)
	at org.junit.platform.engine.support.hierarchical.NodeTestTask.lambda$executeRecursively$8(NodeTestTask.java:141)
	at org.junit.platform.engine.support.hierarchical.Node.around(Node.java:137)
	at org.junit.platform.engine.support.hierarchical.NodeTestTask.lambda$executeRecursively$9(NodeTestTask.java:139)
	at org.junit.platform.engine.support.hierarchical.ThrowableCollector.execute(ThrowableCollector.java:73)
	at org.junit.platform.engine.support.hierarchical.NodeTestTask.executeRecursively(NodeTestTask.java:138)
	at org.junit.platform.engine.support.hierarchical.NodeTestTask.execute(NodeTestTask.java:95)
	at java.base/java.util.ArrayList.forEach(ArrayList.java:1604)
	at org.junit.platform.engine.support.hierarchical.SameThreadHierarchicalTestExecutorService.invokeAll(SameThreadHierarchicalTestExecutorService.java:41)
	at org.junit.platform.engine.support.hierarchical.NodeTestTask.lambda$executeRecursively$6(NodeTestTask.java:155)
	at org.junit.platform.engine.support.hierarchical.ThrowableCollector.execute(ThrowableCollector.java:73)
	at org.junit.platform.engine.support.hierarchical.NodeTestTask.lambda$executeRecursively$8(NodeTestTask.java:141)
	at org.junit.platform.engine.support.hierarchical.Node.around(Node.java:137)
	at org.junit.platform.engine.support.hierarchical.NodeTestTask.lambda$executeRecursively$9(NodeTestTask.java:139)
	at org.junit.platform.engine.support.hierarchical.ThrowableCollector.execute(ThrowableCollector.java:73)
	at org.junit.platform.engine.support.hierarchical.NodeTestTask.executeRecursively(NodeTestTask.java:138)
	at org.junit.platform.engine.support.hierarchical.NodeTestTask.execute(NodeTestTask.java:95)
	at java.base/java.util.ArrayList.forEach(ArrayList.java:1604)
	at org.junit.platform.engine.support.hierarchical.SameThreadHierarchicalTestExecutorService.invokeAll(SameThreadHierarchicalTestExecutorService.java:41)
	at org.junit.platform.engine.support.hierarchical.NodeTestTask.lambda$executeRecursively$6(NodeTestTask.java:155)
	at org.junit.platform.engine.support.hierarchical.ThrowableCollector.execute(ThrowableCollector.java:73)
	at org.junit.platform.engine.support.hierarchical.NodeTestTask.lambda$executeRecursively$8(NodeTestTask.java:141)
	at org.junit.platform.engine.support.hierarchical.Node.around(Node.java:137)
	at org.junit.platform.engine.support.hierarchical.NodeTestTask.lambda$executeRecursively$9(NodeTestTask.java:139)
	at org.junit.platform.engine.support.hierarchical.ThrowableCollector.execute(ThrowableCollector.java:73)
	at org.junit.platform.engine.support.hierarchical.NodeTestTask.executeRecursively(NodeTestTask.java:138)
	at org.junit.platform.engine.support.hierarchical.NodeTestTask.execute(NodeTestTask.java:95)
	at org.junit.platform.engine.support.hierarchical.SameThreadHierarchicalTestExecutorService.submit(SameThreadHierarchicalTestExecutorService.java:35)
	at org.junit.platform.engine.support.hierarchical.HierarchicalTestExecutor.execute(HierarchicalTestExecutor.java:57)
	at org.junit.platform.engine.support.hierarchical.HierarchicalTestEngine.execute(HierarchicalTestEngine.java:54)
	at org.junit.platform.launcher.core.EngineExecutionOrchestrator.execute(EngineExecutionOrchestrator.java:198)
	at org.junit.platform.launcher.core.EngineExecutionOrchestrator.execute(EngineExecutionOrchestrator.java:169)
	at org.junit.platform.launcher.core.EngineExecutionOrchestrator.execute(EngineExecutionOrchestrator.java:93)
	at org.junit.platform.launcher.core.EngineExecutionOrchestrator.lambda$execute$0(EngineExecutionOrchestrator.java:58)
	at org.junit.platform.launcher.core.EngineExecutionOrchestrator.withInterceptedStreams(EngineExecutionOrchestrator.java:141)
	at org.junit.platform.launcher.core.EngineExecutionOrchestrator.execute(EngineExecutionOrchestrator.java:57)
	at org.junit.platform.launcher.core.DefaultLauncher.execute(DefaultLauncher.java:103)
	at org.junit.platform.launcher.core.DefaultLauncher.execute(DefaultLauncher.java:85)
	at org.junit.platform.launcher.core.DelegatingLauncher.execute(DelegatingLauncher.java:47)
	at org.apache.maven.surefire.junitplatform.LazyLauncher.execute(LazyLauncher.java:56)
	at org.apache.maven.surefire.junitplatform.JUnitPlatformProvider.execute(JUnitPlatformProvider.java:184)
	at org.apache.maven.surefire.junitplatform.JUnitPlatformProvider.invokeAllTests(JUnitPlatformProvider.java:148)
	at org.apache.maven.surefire.junitplatform.JUnitPlatformProvider.invoke(JUnitPlatformProvider.java:122)
	at org.apache.maven.surefire.booter.ForkedBooter.runSuitesInProcess(ForkedBooter.java:385)
	at org.apache.maven.surefire.booter.ForkedBooter.execute(ForkedBooter.java:162)
	at org.apache.maven.surefire.booter.ForkedBooter.run(ForkedBooter.java:507)
	at org.apache.maven.surefire.booter.ForkedBooter.main(ForkedBooter.java:495)
15:22:38.394 [main] WARN com.tngtech.archunit.core.importer.ClassFileProcessor -- Error during import from jrt:/java.base/java/nio/file/Path.class, falling back to simple import
java.lang.IllegalArgumentException: Unsupported class file major version 69
	at com.tngtech.archunit.thirdparty.org.objectweb.asm.ClassReader.<init>(ClassReader.java:200)
	at com.tngtech.archunit.thirdparty.org.objectweb.asm.ClassReader.<init>(ClassReader.java:180)
	at com.tngtech.archunit.thirdparty.org.objectweb.asm.ClassReader.<init>(ClassReader.java:166)
	at com.tngtech.archunit.thirdparty.org.objectweb.asm.ClassReader.<init>(ClassReader.java:288)
	at com.tngtech.archunit.core.importer.ClassFileProcessor$UriImporterOfProcessor.tryImport(ClassFileProcessor.java:350)
	at com.tngtech.archunit.core.importer.resolvers.ClassResolverFromClasspath.tryResolve(ClassResolverFromClasspath.java:51)
	at com.tngtech.archunit.core.importer.ImportedClasses.resolve(ImportedClasses.java:74)
	at com.tngtech.archunit.core.importer.ImportedClasses.getOrResolve(ImportedClasses.java:61)
	at com.tngtech.archunit.core.importer.DomainBuilders$JavaMemberBuilder.get(DomainBuilders.java:180)
	at com.tngtech.archunit.core.importer.DomainBuilders$JavaCodeUnitBuilder.asJavaClasses(DomainBuilders.java:330)
	at com.tngtech.archunit.core.importer.DomainBuilders$JavaCodeUnitBuilder.getRawParameterTypes(DomainBuilders.java:304)
	at com.tngtech.archunit.core.domain.JavaCodeUnit$Parameters.<init>(JavaCodeUnit.java:317)
	at com.tngtech.archunit.core.domain.JavaCodeUnit.<init>(JavaCodeUnit.java:82)
	at com.tngtech.archunit.core.domain.JavaMethod.<init>(JavaMethod.java:44)
	at com.tngtech.archunit.core.domain.DomainObjectCreationContext.createJavaMethod(DomainObjectCreationContext.java:144)
	at com.tngtech.archunit.core.importer.DomainBuilders$JavaMethodBuilder.construct(DomainBuilders.java:374)
	at com.tngtech.archunit.core.importer.DomainBuilders$JavaMethodBuilder.construct(DomainBuilders.java:359)
	at com.tngtech.archunit.core.importer.DomainBuilders$JavaMemberBuilder.build(DomainBuilders.java:207)
	at com.tngtech.archunit.core.importer.DomainBuilders$JavaMemberBuilder.build(DomainBuilders.java:139)
	at com.tngtech.archunit.core.importer.DomainBuilders$BuilderWithBuildParameter$BuildFinisher.lambda$build$0(DomainBuilders.java:893)
	at java.base/java.util.stream.ReferencePipeline$3$1.accept(ReferencePipeline.java:214)
	at java.base/java.util.stream.ReferencePipeline$2$1.accept(ReferencePipeline.java:197)
	at java.base/java.util.HashMap$KeySpliterator.forEachRemaining(HashMap.java:1716)
	at java.base/java.util.stream.AbstractPipeline.copyInto(AbstractPipeline.java:570)
	at java.base/java.util.stream.AbstractPipeline.wrapAndCopyInto(AbstractPipeline.java:560)
	at java.base/java.util.stream.ReduceOps$ReduceOp.evaluateSequential(ReduceOps.java:921)
	at java.base/java.util.stream.AbstractPipeline.evaluate(AbstractPipeline.java:265)
	at java.base/java.util.stream.ReferencePipeline.collect(ReferencePipeline.java:723)
	at com.tngtech.archunit.core.importer.DomainBuilders$BuilderWithBuildParameter$BuildFinisher.build(DomainBuilders.java:893)
	at com.tngtech.archunit.core.importer.ClassGraphCreator.createMethods(ClassGraphCreator.java:322)
	at com.tngtech.archunit.core.domain.JavaClassMembers.create(JavaClassMembers.java:352)
	at com.tngtech.archunit.core.domain.JavaClass.completeMembers(JavaClass.java:1476)
	at com.tngtech.archunit.core.domain.DomainObjectCreationContext.completeMembers(DomainObjectCreationContext.java:96)
	at com.tngtech.archunit.core.importer.ClassGraphCreator.completeClasses(ClassGraphCreator.java:120)
	at com.tngtech.archunit.core.importer.ClassGraphCreator.complete(ClassGraphCreator.java:108)
	at com.tngtech.archunit.core.importer.ClassFileProcessor.process(ClassFileProcessor.java:75)
	at com.tngtech.archunit.core.importer.ClassFileImporter.importLocations(ClassFileImporter.java:325)
	at com.tngtech.archunit.junit.internal.ClassCache$CacheClassFileImporter.importClasses(ClassCache.java:126)
	at com.tngtech.archunit.junit.internal.ClassCache$LazyJavaClasses.initialize(ClassCache.java:118)
	at com.tngtech.archunit.junit.internal.ClassCache$LazyJavaClasses.get(ClassCache.java:107)
	at com.tngtech.archunit.junit.internal.ClassCache.getClassesToAnalyzeFor(ClassCache.java:84)
	at com.tngtech.archunit.junit.internal.ArchUnitTestDescriptor.lambda$createChildren$1(ArchUnitTestDescriptor.java:89)
	at com.tngtech.archunit.junit.internal.ArchUnitTestDescriptor$ArchUnitRuleDescriptor.execute(ArchUnitTestDescriptor.java:166)
	at com.tngtech.archunit.junit.internal.ArchUnitTestDescriptor$ArchUnitRuleDescriptor.execute(ArchUnitTestDescriptor.java:149)
	at org.junit.platform.engine.support.hierarchical.NodeTestTask.lambda$executeRecursively$6(NodeTestTask.java:151)
	at org.junit.platform.engine.support.hierarchical.ThrowableCollector.execute(ThrowableCollector.java:73)
	at org.junit.platform.engine.support.hierarchical.NodeTestTask.lambda$executeRecursively$8(NodeTestTask.java:141)
	at org.junit.platform.engine.support.hierarchical.Node.around(Node.java:137)
	at org.junit.platform.engine.support.hierarchical.NodeTestTask.lambda$executeRecursively$9(NodeTestTask.java:139)
	at org.junit.platform.engine.support.hierarchical.ThrowableCollector.execute(ThrowableCollector.java:73)
	at org.junit.platform.engine.support.hierarchical.NodeTestTask.executeRecursively(NodeTestTask.java:138)
	at org.junit.platform.engine.support.hierarchical.NodeTestTask.execute(NodeTestTask.java:95)
	at java.base/java.util.ArrayList.forEach(ArrayList.java:1604)
	at org.junit.platform.engine.support.hierarchical.SameThreadHierarchicalTestExecutorService.invokeAll(SameThreadHierarchicalTestExecutorService.java:41)
	at org.junit.platform.engine.support.hierarchical.NodeTestTask.lambda$executeRecursively$6(NodeTestTask.java:155)
	at org.junit.platform.engine.support.hierarchical.ThrowableCollector.execute(ThrowableCollector.java:73)
	at org.junit.platform.engine.support.hierarchical.NodeTestTask.lambda$executeRecursively$8(NodeTestTask.java:141)
	at org.junit.platform.engine.support.hierarchical.Node.around(Node.java:137)
	at org.junit.platform.engine.support.hierarchical.NodeTestTask.lambda$executeRecursively$9(NodeTestTask.java:139)
	at org.junit.platform.engine.support.hierarchical.ThrowableCollector.execute(ThrowableCollector.java:73)
	at org.junit.platform.engine.support.hierarchical.NodeTestTask.executeRecursively(NodeTestTask.java:138)
	at org.junit.platform.engine.support.hierarchical.NodeTestTask.execute(NodeTestTask.java:95)
	at java.base/java.util.ArrayList.forEach(ArrayList.java:1604)
	at org.junit.platform.engine.support.hierarchical.SameThreadHierarchicalTestExecutorService.invokeAll(SameThreadHierarchicalTestExecutorService.java:41)
	at org.junit.platform.engine.support.hierarchical.NodeTestTask.lambda$executeRecursively$6(NodeTestTask.java:155)
	at org.junit.platform.engine.support.hierarchical.ThrowableCollector.execute(ThrowableCollector.java:73)
	at org.junit.platform.engine.support.hierarchical.NodeTestTask.lambda$executeRecursively$8(NodeTestTask.java:141)
	at org.junit.platform.engine.support.hierarchical.Node.around(Node.java:137)
	at org.junit.platform.engine.support.hierarchical.NodeTestTask.lambda$executeRecursively$9(NodeTestTask.java:139)
	at org.junit.platform.engine.support.hierarchical.ThrowableCollector.execute(ThrowableCollector.java:73)
	at org.junit.platform.engine.support.hierarchical.NodeTestTask.executeRecursively(NodeTestTask.java:138)
	at org.junit.platform.engine.support.hierarchical.NodeTestTask.execute(NodeTestTask.java:95)
	at org.junit.platform.engine.support.hierarchical.SameThreadHierarchicalTestExecutorService.submit(SameThreadHierarchicalTestExecutorService.java:35)
	at org.junit.platform.engine.support.hierarchical.HierarchicalTestExecutor.execute(HierarchicalTestExecutor.java:57)
	at org.junit.platform.engine.support.hierarchical.HierarchicalTestEngine.execute(HierarchicalTestEngine.java:54)
	at org.junit.platform.launcher.core.EngineExecutionOrchestrator.execute(EngineExecutionOrchestrator.java:198)
	at org.junit.platform.launcher.core.EngineExecutionOrchestrator.execute(EngineExecutionOrchestrator.java:169)
	at org.junit.platform.launcher.core.EngineExecutionOrchestrator.execute(EngineExecutionOrchestrator.java:93)
	at org.junit.platform.launcher.core.EngineExecutionOrchestrator.lambda$execute$0(EngineExecutionOrchestrator.java:58)
	at org.junit.platform.launcher.core.EngineExecutionOrchestrator.withInterceptedStreams(EngineExecutionOrchestrator.java:141)
	at org.junit.platform.launcher.core.EngineExecutionOrchestrator.execute(EngineExecutionOrchestrator.java:57)
	at org.junit.platform.launcher.core.DefaultLauncher.execute(DefaultLauncher.java:103)
	at org.junit.platform.launcher.core.DefaultLauncher.execute(DefaultLauncher.java:85)
	at org.junit.platform.launcher.core.DelegatingLauncher.execute(DelegatingLauncher.java:47)
	at org.apache.maven.surefire.junitplatform.LazyLauncher.execute(LazyLauncher.java:56)
	at org.apache.maven.surefire.junitplatform.JUnitPlatformProvider.execute(JUnitPlatformProvider.java:184)
	at org.apache.maven.surefire.junitplatform.JUnitPlatformProvider.invokeAllTests(JUnitPlatformProvider.java:148)
	at org.apache.maven.surefire.junitplatform.JUnitPlatformProvider.invoke(JUnitPlatformProvider.java:122)
	at org.apache.maven.surefire.booter.ForkedBooter.runSuitesInProcess(ForkedBooter.java:385)
	at org.apache.maven.surefire.booter.ForkedBooter.execute(ForkedBooter.java:162)
	at org.apache.maven.surefire.booter.ForkedBooter.run(ForkedBooter.java:507)
	at org.apache.maven.surefire.booter.ForkedBooter.main(ForkedBooter.java:495)
15:22:38.394 [main] WARN com.tngtech.archunit.core.importer.ClassFileProcessor -- Error during import from jrt:/java.base/java/util/jar/JarFile.class, falling back to simple import
java.lang.IllegalArgumentException: Unsupported class file major version 69
	at com.tngtech.archunit.thirdparty.org.objectweb.asm.ClassReader.<init>(ClassReader.java:200)
	at com.tngtech.archunit.thirdparty.org.objectweb.asm.ClassReader.<init>(ClassReader.java:180)
	at com.tngtech.archunit.thirdparty.org.objectweb.asm.ClassReader.<init>(ClassReader.java:166)
	at com.tngtech.archunit.thirdparty.org.objectweb.asm.ClassReader.<init>(ClassReader.java:288)
	at com.tngtech.archunit.core.importer.ClassFileProcessor$UriImporterOfProcessor.tryImport(ClassFileProcessor.java:350)
	at com.tngtech.archunit.core.importer.resolvers.ClassResolverFromClasspath.tryResolve(ClassResolverFromClasspath.java:51)
	at com.tngtech.archunit.core.importer.ImportedClasses.resolve(ImportedClasses.java:74)
	at com.tngtech.archunit.core.importer.ImportedClasses.getOrResolve(ImportedClasses.java:61)
	at com.tngtech.archunit.core.importer.DomainBuilders$JavaMemberBuilder.get(DomainBuilders.java:180)
	at com.tngtech.archunit.core.importer.DomainBuilders$JavaCodeUnitBuilder.asJavaClasses(DomainBuilders.java:330)
	at com.tngtech.archunit.core.importer.DomainBuilders$JavaCodeUnitBuilder.getRawParameterTypes(DomainBuilders.java:304)
	at com.tngtech.archunit.core.domain.JavaCodeUnit$Parameters.<init>(JavaCodeUnit.java:317)
	at com.tngtech.archunit.core.domain.JavaCodeUnit.<init>(JavaCodeUnit.java:82)
	at com.tngtech.archunit.core.domain.JavaMethod.<init>(JavaMethod.java:44)
	at com.tngtech.archunit.core.domain.DomainObjectCreationContext.createJavaMethod(DomainObjectCreationContext.java:144)
	at com.tngtech.archunit.core.importer.DomainBuilders$JavaMethodBuilder.construct(DomainBuilders.java:374)
	at com.tngtech.archunit.core.importer.DomainBuilders$JavaMethodBuilder.construct(DomainBuilders.java:359)
	at com.tngtech.archunit.core.importer.DomainBuilders$JavaMemberBuilder.build(DomainBuilders.java:207)
	at com.tngtech.archunit.core.importer.DomainBuilders$JavaMemberBuilder.build(DomainBuilders.java:139)
	at com.tngtech.archunit.core.importer.DomainBuilders$BuilderWithBuildParameter$BuildFinisher.lambda$build$0(DomainBuilders.java:893)
	at java.base/java.util.stream.ReferencePipeline$3$1.accept(ReferencePipeline.java:214)
	at java.base/java.util.stream.ReferencePipeline$2$1.accept(ReferencePipeline.java:197)
	at java.base/java.util.HashMap$KeySpliterator.forEachRemaining(HashMap.java:1716)
	at java.base/java.util.stream.AbstractPipeline.copyInto(AbstractPipeline.java:570)
	at java.base/java.util.stream.AbstractPipeline.wrapAndCopyInto(AbstractPipeline.java:560)
	at java.base/java.util.stream.ReduceOps$ReduceOp.evaluateSequential(ReduceOps.java:921)
	at java.base/java.util.stream.AbstractPipeline.evaluate(AbstractPipeline.java:265)
	at java.base/java.util.stream.ReferencePipeline.collect(ReferencePipeline.java:723)
	at com.tngtech.archunit.core.importer.DomainBuilders$BuilderWithBuildParameter$BuildFinisher.build(DomainBuilders.java:893)
	at com.tngtech.archunit.core.importer.ClassGraphCreator.createMethods(ClassGraphCreator.java:322)
	at com.tngtech.archunit.core.domain.JavaClassMembers.create(JavaClassMembers.java:352)
	at com.tngtech.archunit.core.domain.JavaClass.completeMembers(JavaClass.java:1476)
	at com.tngtech.archunit.core.domain.DomainObjectCreationContext.completeMembers(DomainObjectCreationContext.java:96)
	at com.tngtech.archunit.core.importer.ClassGraphCreator.completeClasses(ClassGraphCreator.java:120)
	at com.tngtech.archunit.core.importer.ClassGraphCreator.complete(ClassGraphCreator.java:108)
	at com.tngtech.archunit.core.importer.ClassFileProcessor.process(ClassFileProcessor.java:75)
	at com.tngtech.archunit.core.importer.ClassFileImporter.importLocations(ClassFileImporter.java:325)
	at com.tngtech.archunit.junit.internal.ClassCache$CacheClassFileImporter.importClasses(ClassCache.java:126)
	at com.tngtech.archunit.junit.internal.ClassCache$LazyJavaClasses.initialize(ClassCache.java:118)
	at com.tngtech.archunit.junit.internal.ClassCache$LazyJavaClasses.get(ClassCache.java:107)
	at com.tngtech.archunit.junit.internal.ClassCache.getClassesToAnalyzeFor(ClassCache.java:84)
	at com.tngtech.archunit.junit.internal.ArchUnitTestDescriptor.lambda$createChildren$1(ArchUnitTestDescriptor.java:89)
	at com.tngtech.archunit.junit.internal.ArchUnitTestDescriptor$ArchUnitRuleDescriptor.execute(ArchUnitTestDescriptor.java:166)
	at com.tngtech.archunit.junit.internal.ArchUnitTestDescriptor$ArchUnitRuleDescriptor.execute(ArchUnitTestDescriptor.java:149)
	at org.junit.platform.engine.support.hierarchical.NodeTestTask.lambda$executeRecursively$6(NodeTestTask.java:151)
	at org.junit.platform.engine.support.hierarchical.ThrowableCollector.execute(ThrowableCollector.java:73)
	at org.junit.platform.engine.support.hierarchical.NodeTestTask.lambda$executeRecursively$8(NodeTestTask.java:141)
	at org.junit.platform.engine.support.hierarchical.Node.around(Node.java:137)
	at org.junit.platform.engine.support.hierarchical.NodeTestTask.lambda$executeRecursively$9(NodeTestTask.java:139)
	at org.junit.platform.engine.support.hierarchical.ThrowableCollector.execute(ThrowableCollector.java:73)
	at org.junit.platform.engine.support.hierarchical.NodeTestTask.executeRecursively(NodeTestTask.java:138)
	at org.junit.platform.engine.support.hierarchical.NodeTestTask.execute(NodeTestTask.java:95)
	at java.base/java.util.ArrayList.forEach(ArrayList.java:1604)
	at org.junit.platform.engine.support.hierarchical.SameThreadHierarchicalTestExecutorService.invokeAll(SameThreadHierarchicalTestExecutorService.java:41)
	at org.junit.platform.engine.support.hierarchical.NodeTestTask.lambda$executeRecursively$6(NodeTestTask.java:155)
	at org.junit.platform.engine.support.hierarchical.ThrowableCollector.execute(ThrowableCollector.java:73)
	at org.junit.platform.engine.support.hierarchical.NodeTestTask.lambda$executeRecursively$8(NodeTestTask.java:141)
	at org.junit.platform.engine.support.hierarchical.Node.around(Node.java:137)
	at org.junit.platform.engine.support.hierarchical.NodeTestTask.lambda$executeRecursively$9(NodeTestTask.java:139)
	at org.junit.platform.engine.support.hierarchical.ThrowableCollector.execute(ThrowableCollector.java:73)
	at org.junit.platform.engine.support.hierarchical.NodeTestTask.executeRecursively(NodeTestTask.java:138)
	at org.junit.platform.engine.support.hierarchical.NodeTestTask.execute(NodeTestTask.java:95)
	at java.base/java.util.ArrayList.forEach(ArrayList.java:1604)
	at org.junit.platform.engine.support.hierarchical.SameThreadHierarchicalTestExecutorService.invokeAll(SameThreadHierarchicalTestExecutorService.java:41)
	at org.junit.platform.engine.support.hierarchical.NodeTestTask.lambda$executeRecursively$6(NodeTestTask.java:155)
	at org.junit.platform.engine.support.hierarchical.ThrowableCollector.execute(ThrowableCollector.java:73)
	at org.junit.platform.engine.support.hierarchical.NodeTestTask.lambda$executeRecursively$8(NodeTestTask.java:141)
	at org.junit.platform.engine.support.hierarchical.Node.around(Node.java:137)
	at org.junit.platform.engine.support.hierarchical.NodeTestTask.lambda$executeRecursively$9(NodeTestTask.java:139)
	at org.junit.platform.engine.support.hierarchical.ThrowableCollector.execute(ThrowableCollector.java:73)
	at org.junit.platform.engine.support.hierarchical.NodeTestTask.executeRecursively(NodeTestTask.java:138)
	at org.junit.platform.engine.support.hierarchical.NodeTestTask.execute(NodeTestTask.java:95)
	at org.junit.platform.engine.support.hierarchical.SameThreadHierarchicalTestExecutorService.submit(SameThreadHierarchicalTestExecutorService.java:35)
	at org.junit.platform.engine.support.hierarchical.HierarchicalTestExecutor.execute(HierarchicalTestExecutor.java:57)
	at org.junit.platform.engine.support.hierarchical.HierarchicalTestEngine.execute(HierarchicalTestEngine.java:54)
	at org.junit.platform.launcher.core.EngineExecutionOrchestrator.execute(EngineExecutionOrchestrator.java:198)
	at org.junit.platform.launcher.core.EngineExecutionOrchestrator.execute(EngineExecutionOrchestrator.java:169)
	at org.junit.platform.launcher.core.EngineExecutionOrchestrator.execute(EngineExecutionOrchestrator.java:93)
	at org.junit.platform.launcher.core.EngineExecutionOrchestrator.lambda$execute$0(EngineExecutionOrchestrator.java:58)
	at org.junit.platform.launcher.core.EngineExecutionOrchestrator.withInterceptedStreams(EngineExecutionOrchestrator.java:141)
	at org.junit.platform.launcher.core.EngineExecutionOrchestrator.execute(EngineExecutionOrchestrator.java:57)
	at org.junit.platform.launcher.core.DefaultLauncher.execute(DefaultLauncher.java:103)
	at org.junit.platform.launcher.core.DefaultLauncher.execute(DefaultLauncher.java:85)
	at org.junit.platform.launcher.core.DelegatingLauncher.execute(DelegatingLauncher.java:47)
	at org.apache.maven.surefire.junitplatform.LazyLauncher.execute(LazyLauncher.java:56)
	at org.apache.maven.surefire.junitplatform.JUnitPlatformProvider.execute(JUnitPlatformProvider.java:184)
	at org.apache.maven.surefire.junitplatform.JUnitPlatformProvider.invokeAllTests(JUnitPlatformProvider.java:148)
	at org.apache.maven.surefire.junitplatform.JUnitPlatformProvider.invoke(JUnitPlatformProvider.java:122)
	at org.apache.maven.surefire.booter.ForkedBooter.runSuitesInProcess(ForkedBooter.java:385)
	at org.apache.maven.surefire.booter.ForkedBooter.execute(ForkedBooter.java:162)
	at org.apache.maven.surefire.booter.ForkedBooter.run(ForkedBooter.java:507)
	at org.apache.maven.surefire.booter.ForkedBooter.main(ForkedBooter.java:495)
15:22:38.394 [main] WARN com.tngtech.archunit.core.importer.ClassFileProcessor -- Error during import from jrt:/java.base/java/util/stream/Stream.class, falling back to simple import
java.lang.IllegalArgumentException: Unsupported class file major version 69
	at com.tngtech.archunit.thirdparty.org.objectweb.asm.ClassReader.<init>(ClassReader.java:200)
	at com.tngtech.archunit.thirdparty.org.objectweb.asm.ClassReader.<init>(ClassReader.java:180)
	at com.tngtech.archunit.thirdparty.org.objectweb.asm.ClassReader.<init>(ClassReader.java:166)
	at com.tngtech.archunit.thirdparty.org.objectweb.asm.ClassReader.<init>(ClassReader.java:288)
	at com.tngtech.archunit.core.importer.ClassFileProcessor$UriImporterOfProcessor.tryImport(ClassFileProcessor.java:350)
	at com.tngtech.archunit.core.importer.resolvers.ClassResolverFromClasspath.tryResolve(ClassResolverFromClasspath.java:51)
	at com.tngtech.archunit.core.importer.ImportedClasses.resolve(ImportedClasses.java:74)
	at com.tngtech.archunit.core.importer.ImportedClasses.getOrResolve(ImportedClasses.java:61)
	at com.tngtech.archunit.core.importer.DomainBuilders$JavaMemberBuilder.get(DomainBuilders.java:180)
	at com.tngtech.archunit.core.importer.DomainBuilders$JavaCodeUnitBuilder.getRawReturnType(DomainBuilders.java:290)
	at com.tngtech.archunit.core.domain.JavaCodeUnit$ReturnType.<init>(JavaCodeUnit.java:367)
	at com.tngtech.archunit.core.domain.JavaCodeUnit.<init>(JavaCodeUnit.java:81)
	at com.tngtech.archunit.core.domain.JavaMethod.<init>(JavaMethod.java:44)
	at com.tngtech.archunit.core.domain.DomainObjectCreationContext.createJavaMethod(DomainObjectCreationContext.java:144)
	at com.tngtech.archunit.core.importer.DomainBuilders$JavaMethodBuilder.construct(DomainBuilders.java:374)
	at com.tngtech.archunit.core.importer.DomainBuilders$JavaMethodBuilder.construct(DomainBuilders.java:359)
	at com.tngtech.archunit.core.importer.DomainBuilders$JavaMemberBuilder.build(DomainBuilders.java:207)
	at com.tngtech.archunit.core.importer.DomainBuilders$JavaMemberBuilder.build(DomainBuilders.java:139)
	at com.tngtech.archunit.core.importer.DomainBuilders$BuilderWithBuildParameter$BuildFinisher.lambda$build$0(DomainBuilders.java:893)
	at java.base/java.util.stream.ReferencePipeline$3$1.accept(ReferencePipeline.java:214)
	at java.base/java.util.stream.ReferencePipeline$2$1.accept(ReferencePipeline.java:197)
	at java.base/java.util.HashMap$KeySpliterator.forEachRemaining(HashMap.java:1716)
	at java.base/java.util.stream.AbstractPipeline.copyInto(AbstractPipeline.java:570)
	at java.base/java.util.stream.AbstractPipeline.wrapAndCopyInto(AbstractPipeline.java:560)
	at java.base/java.util.stream.ReduceOps$ReduceOp.evaluateSequential(ReduceOps.java:921)
	at java.base/java.util.stream.AbstractPipeline.evaluate(AbstractPipeline.java:265)
	at java.base/java.util.stream.ReferencePipeline.collect(ReferencePipeline.java:723)
	at com.tngtech.archunit.core.importer.DomainBuilders$BuilderWithBuildParameter$BuildFinisher.build(DomainBuilders.java:893)
	at com.tngtech.archunit.core.importer.ClassGraphCreator.createMethods(ClassGraphCreator.java:322)
	at com.tngtech.archunit.core.domain.JavaClassMembers.create(JavaClassMembers.java:352)
	at com.tngtech.archunit.core.domain.JavaClass.completeMembers(JavaClass.java:1476)
	at com.tngtech.archunit.core.domain.DomainObjectCreationContext.completeMembers(DomainObjectCreationContext.java:96)
	at com.tngtech.archunit.core.importer.ClassGraphCreator.completeClasses(ClassGraphCreator.java:120)
	at com.tngtech.archunit.core.importer.ClassGraphCreator.complete(ClassGraphCreator.java:108)
	at com.tngtech.archunit.core.importer.ClassFileProcessor.process(ClassFileProcessor.java:75)
	at com.tngtech.archunit.core.importer.ClassFileImporter.importLocations(ClassFileImporter.java:325)
	at com.tngtech.archunit.junit.internal.ClassCache$CacheClassFileImporter.importClasses(ClassCache.java:126)
	at com.tngtech.archunit.junit.internal.ClassCache$LazyJavaClasses.initialize(ClassCache.java:118)
	at com.tngtech.archunit.junit.internal.ClassCache$LazyJavaClasses.get(ClassCache.java:107)
	at com.tngtech.archunit.junit.internal.ClassCache.getClassesToAnalyzeFor(ClassCache.java:84)
	at com.tngtech.archunit.junit.internal.ArchUnitTestDescriptor.lambda$createChildren$1(ArchUnitTestDescriptor.java:89)
	at com.tngtech.archunit.junit.internal.ArchUnitTestDescriptor$ArchUnitRuleDescriptor.execute(ArchUnitTestDescriptor.java:166)
	at com.tngtech.archunit.junit.internal.ArchUnitTestDescriptor$ArchUnitRuleDescriptor.execute(ArchUnitTestDescriptor.java:149)
	at org.junit.platform.engine.support.hierarchical.NodeTestTask.lambda$executeRecursively$6(NodeTestTask.java:151)
	at org.junit.platform.engine.support.hierarchical.ThrowableCollector.execute(ThrowableCollector.java:73)
	at org.junit.platform.engine.support.hierarchical.NodeTestTask.lambda$executeRecursively$8(NodeTestTask.java:141)
	at org.junit.platform.engine.support.hierarchical.Node.around(Node.java:137)
	at org.junit.platform.engine.support.hierarchical.NodeTestTask.lambda$executeRecursively$9(NodeTestTask.java:139)
	at org.junit.platform.engine.support.hierarchical.ThrowableCollector.execute(ThrowableCollector.java:73)
	at org.junit.platform.engine.support.hierarchical.NodeTestTask.executeRecursively(NodeTestTask.java:138)
	at org.junit.platform.engine.support.hierarchical.NodeTestTask.execute(NodeTestTask.java:95)
	at java.base/java.util.ArrayList.forEach(ArrayList.java:1604)
	at org.junit.platform.engine.support.hierarchical.SameThreadHierarchicalTestExecutorService.invokeAll(SameThreadHierarchicalTestExecutorService.java:41)
	at org.junit.platform.engine.support.hierarchical.NodeTestTask.lambda$executeRecursively$6(NodeTestTask.java:155)
	at org.junit.platform.engine.support.hierarchical.ThrowableCollector.execute(ThrowableCollector.java:73)
	at org.junit.platform.engine.support.hierarchical.NodeTestTask.lambda$executeRecursively$8(NodeTestTask.java:141)
	at org.junit.platform.engine.support.hierarchical.Node.around(Node.java:137)
	at org.junit.platform.engine.support.hierarchical.NodeTestTask.lambda$executeRecursively$9(NodeTestTask.java:139)
	at org.junit.platform.engine.support.hierarchical.ThrowableCollector.execute(ThrowableCollector.java:73)
	at org.junit.platform.engine.support.hierarchical.NodeTestTask.executeRecursively(NodeTestTask.java:138)
	at org.junit.platform.engine.support.hierarchical.NodeTestTask.execute(NodeTestTask.java:95)
	at java.base/java.util.ArrayList.forEach(ArrayList.java:1604)
	at org.junit.platform.engine.support.hierarchical.SameThreadHierarchicalTestExecutorService.invokeAll(SameThreadHierarchicalTestExecutorService.java:41)
	at org.junit.platform.engine.support.hierarchical.NodeTestTask.lambda$executeRecursively$6(NodeTestTask.java:155)
	at org.junit.platform.engine.support.hierarchical.ThrowableCollector.execute(ThrowableCollector.java:73)
	at org.junit.platform.engine.support.hierarchical.NodeTestTask.lambda$executeRecursively$8(NodeTestTask.java:141)
	at org.junit.platform.engine.support.hierarchical.Node.around(Node.java:137)
	at org.junit.platform.engine.support.hierarchical.NodeTestTask.lambda$executeRecursively$9(NodeTestTask.java:139)
	at org.junit.platform.engine.support.hierarchical.ThrowableCollector.execute(ThrowableCollector.java:73)
	at org.junit.platform.engine.support.hierarchical.NodeTestTask.executeRecursively(NodeTestTask.java:138)
	at org.junit.platform.engine.support.hierarchical.NodeTestTask.execute(NodeTestTask.java:95)
	at org.junit.platform.engine.support.hierarchical.SameThreadHierarchicalTestExecutorService.submit(SameThreadHierarchicalTestExecutorService.java:35)
	at org.junit.platform.engine.support.hierarchical.HierarchicalTestExecutor.execute(HierarchicalTestExecutor.java:57)
	at org.junit.platform.engine.support.hierarchical.HierarchicalTestEngine.execute(HierarchicalTestEngine.java:54)
	at org.junit.platform.launcher.core.EngineExecutionOrchestrator.execute(EngineExecutionOrchestrator.java:198)
	at org.junit.platform.launcher.core.EngineExecutionOrchestrator.execute(EngineExecutionOrchestrator.java:169)
	at org.junit.platform.launcher.core.EngineExecutionOrchestrator.execute(EngineExecutionOrchestrator.java:93)
	at org.junit.platform.launcher.core.EngineExecutionOrchestrator.lambda$execute$0(EngineExecutionOrchestrator.java:58)
	at org.junit.platform.launcher.core.EngineExecutionOrchestrator.withInterceptedStreams(EngineExecutionOrchestrator.java:141)
	at org.junit.platform.launcher.core.EngineExecutionOrchestrator.execute(EngineExecutionOrchestrator.java:57)
	at org.junit.platform.launcher.core.DefaultLauncher.execute(DefaultLauncher.java:103)
	at org.junit.platform.launcher.core.DefaultLauncher.execute(DefaultLauncher.java:85)
	at org.junit.platform.launcher.core.DelegatingLauncher.execute(DelegatingLauncher.java:47)
	at org.apache.maven.surefire.junitplatform.LazyLauncher.execute(LazyLauncher.java:56)
	at org.apache.maven.surefire.junitplatform.JUnitPlatformProvider.execute(JUnitPlatformProvider.java:184)
	at org.apache.maven.surefire.junitplatform.JUnitPlatformProvider.invokeAllTests(JUnitPlatformProvider.java:148)
	at org.apache.maven.surefire.junitplatform.JUnitPlatformProvider.invoke(JUnitPlatformProvider.java:122)
	at org.apache.maven.surefire.booter.ForkedBooter.runSuitesInProcess(ForkedBooter.java:385)
	at org.apache.maven.surefire.booter.ForkedBooter.execute(ForkedBooter.java:162)
	at org.apache.maven.surefire.booter.ForkedBooter.run(ForkedBooter.java:507)
	at org.apache.maven.surefire.booter.ForkedBooter.main(ForkedBooter.java:495)
15:22:38.401 [main] WARN com.tngtech.archunit.core.importer.ClassFileProcessor -- Error during import from jrt:/java.base/java/lang/reflect/AnnotatedElement.class, falling back to simple import
java.lang.IllegalArgumentException: Unsupported class file major version 69
	at com.tngtech.archunit.thirdparty.org.objectweb.asm.ClassReader.<init>(ClassReader.java:200)
	at com.tngtech.archunit.thirdparty.org.objectweb.asm.ClassReader.<init>(ClassReader.java:180)
	at com.tngtech.archunit.thirdparty.org.objectweb.asm.ClassReader.<init>(ClassReader.java:166)
	at com.tngtech.archunit.thirdparty.org.objectweb.asm.ClassReader.<init>(ClassReader.java:288)
	at com.tngtech.archunit.core.importer.ClassFileProcessor$UriImporterOfProcessor.tryImport(ClassFileProcessor.java:350)
	at com.tngtech.archunit.core.importer.resolvers.ClassResolverFromClasspath.tryResolve(ClassResolverFromClasspath.java:51)
	at com.tngtech.archunit.core.importer.ImportedClasses.resolve(ImportedClasses.java:74)
	at com.tngtech.archunit.core.importer.ImportedClasses.getOrResolve(ImportedClasses.java:61)
	at com.tngtech.archunit.core.importer.DomainBuilders$JavaMemberBuilder.get(DomainBuilders.java:180)
	at com.tngtech.archunit.core.importer.DomainBuilders$JavaCodeUnitBuilder.asJavaClasses(DomainBuilders.java:330)
	at com.tngtech.archunit.core.importer.DomainBuilders$JavaCodeUnitBuilder.getRawParameterTypes(DomainBuilders.java:304)
	at com.tngtech.archunit.core.domain.JavaCodeUnit$Parameters.<init>(JavaCodeUnit.java:317)
	at com.tngtech.archunit.core.domain.JavaCodeUnit.<init>(JavaCodeUnit.java:82)
	at com.tngtech.archunit.core.domain.JavaMethod.<init>(JavaMethod.java:44)
	at com.tngtech.archunit.core.domain.DomainObjectCreationContext.createJavaMethod(DomainObjectCreationContext.java:144)
	at com.tngtech.archunit.core.importer.DomainBuilders$JavaMethodBuilder.construct(DomainBuilders.java:374)
	at com.tngtech.archunit.core.importer.DomainBuilders$JavaMethodBuilder.construct(DomainBuilders.java:359)
	at com.tngtech.archunit.core.importer.DomainBuilders$JavaMemberBuilder.build(DomainBuilders.java:207)
	at com.tngtech.archunit.core.importer.DomainBuilders$JavaMemberBuilder.build(DomainBuilders.java:139)
	at com.tngtech.archunit.core.importer.DomainBuilders$BuilderWithBuildParameter$BuildFinisher.lambda$build$0(DomainBuilders.java:893)
	at java.base/java.util.stream.ReferencePipeline$3$1.accept(ReferencePipeline.java:214)
	at java.base/java.util.stream.ReferencePipeline$2$1.accept(ReferencePipeline.java:197)
	at java.base/java.util.HashMap$KeySpliterator.forEachRemaining(HashMap.java:1716)
	at java.base/java.util.stream.AbstractPipeline.copyInto(AbstractPipeline.java:570)
	at java.base/java.util.stream.AbstractPipeline.wrapAndCopyInto(AbstractPipeline.java:560)
	at java.base/java.util.stream.ReduceOps$ReduceOp.evaluateSequential(ReduceOps.java:921)
	at java.base/java.util.stream.AbstractPipeline.evaluate(AbstractPipeline.java:265)
	at java.base/java.util.stream.ReferencePipeline.collect(ReferencePipeline.java:723)
	at com.tngtech.archunit.core.importer.DomainBuilders$BuilderWithBuildParameter$BuildFinisher.build(DomainBuilders.java:893)
	at com.tngtech.archunit.core.importer.ClassGraphCreator.createMethods(ClassGraphCreator.java:322)
	at com.tngtech.archunit.core.domain.JavaClassMembers.create(JavaClassMembers.java:352)
	at com.tngtech.archunit.core.domain.JavaClass.completeMembers(JavaClass.java:1476)
	at com.tngtech.archunit.core.domain.DomainObjectCreationContext.completeMembers(DomainObjectCreationContext.java:96)
	at com.tngtech.archunit.core.importer.ClassGraphCreator.completeClasses(ClassGraphCreator.java:120)
	at com.tngtech.archunit.core.importer.ClassGraphCreator.complete(ClassGraphCreator.java:108)
	at com.tngtech.archunit.core.importer.ClassFileProcessor.process(ClassFileProcessor.java:75)
	at com.tngtech.archunit.core.importer.ClassFileImporter.importLocations(ClassFileImporter.java:325)
	at com.tngtech.archunit.junit.internal.ClassCache$CacheClassFileImporter.importClasses(ClassCache.java:126)
	at com.tngtech.archunit.junit.internal.ClassCache$LazyJavaClasses.initialize(ClassCache.java:118)
	at com.tngtech.archunit.junit.internal.ClassCache$LazyJavaClasses.get(ClassCache.java:107)
	at com.tngtech.archunit.junit.internal.ClassCache.getClassesToAnalyzeFor(ClassCache.java:84)
	at com.tngtech.archunit.junit.internal.ArchUnitTestDescriptor.lambda$createChildren$1(ArchUnitTestDescriptor.java:89)
	at com.tngtech.archunit.junit.internal.ArchUnitTestDescriptor$ArchUnitRuleDescriptor.execute(ArchUnitTestDescriptor.java:166)
	at com.tngtech.archunit.junit.internal.ArchUnitTestDescriptor$ArchUnitRuleDescriptor.execute(ArchUnitTestDescriptor.java:149)
	at org.junit.platform.engine.support.hierarchical.NodeTestTask.lambda$executeRecursively$6(NodeTestTask.java:151)
	at org.junit.platform.engine.support.hierarchical.ThrowableCollector.execute(ThrowableCollector.java:73)
	at org.junit.platform.engine.support.hierarchical.NodeTestTask.lambda$executeRecursively$8(NodeTestTask.java:141)
	at org.junit.platform.engine.support.hierarchical.Node.around(Node.java:137)
	at org.junit.platform.engine.support.hierarchical.NodeTestTask.lambda$executeRecursively$9(NodeTestTask.java:139)
	at org.junit.platform.engine.support.hierarchical.ThrowableCollector.execute(ThrowableCollector.java:73)
	at org.junit.platform.engine.support.hierarchical.NodeTestTask.executeRecursively(NodeTestTask.java:138)
	at org.junit.platform.engine.support.hierarchical.NodeTestTask.execute(NodeTestTask.java:95)
	at java.base/java.util.ArrayList.forEach(ArrayList.java:1604)
	at org.junit.platform.engine.support.hierarchical.SameThreadHierarchicalTestExecutorService.invokeAll(SameThreadHierarchicalTestExecutorService.java:41)
	at org.junit.platform.engine.support.hierarchical.NodeTestTask.lambda$executeRecursively$6(NodeTestTask.java:155)
	at org.junit.platform.engine.support.hierarchical.ThrowableCollector.execute(ThrowableCollector.java:73)
	at org.junit.platform.engine.support.hierarchical.NodeTestTask.lambda$executeRecursively$8(NodeTestTask.java:141)
	at org.junit.platform.engine.support.hierarchical.Node.around(Node.java:137)
	at org.junit.platform.engine.support.hierarchical.NodeTestTask.lambda$executeRecursively$9(NodeTestTask.java:139)
	at org.junit.platform.engine.support.hierarchical.ThrowableCollector.execute(ThrowableCollector.java:73)
	at org.junit.platform.engine.support.hierarchical.NodeTestTask.executeRecursively(NodeTestTask.java:138)
	at org.junit.platform.engine.support.hierarchical.NodeTestTask.execute(NodeTestTask.java:95)
	at java.base/java.util.ArrayList.forEach(ArrayList.java:1604)
	at org.junit.platform.engine.support.hierarchical.SameThreadHierarchicalTestExecutorService.invokeAll(SameThreadHierarchicalTestExecutorService.java:41)
	at org.junit.platform.engine.support.hierarchical.NodeTestTask.lambda$executeRecursively$6(NodeTestTask.java:155)
	at org.junit.platform.engine.support.hierarchical.ThrowableCollector.execute(ThrowableCollector.java:73)
	at org.junit.platform.engine.support.hierarchical.NodeTestTask.lambda$executeRecursively$8(NodeTestTask.java:141)
	at org.junit.platform.engine.support.hierarchical.Node.around(Node.java:137)
	at org.junit.platform.engine.support.hierarchical.NodeTestTask.lambda$executeRecursively$9(NodeTestTask.java:139)
	at org.junit.platform.engine.support.hierarchical.ThrowableCollector.execute(ThrowableCollector.java:73)
	at org.junit.platform.engine.support.hierarchical.NodeTestTask.executeRecursively(NodeTestTask.java:138)
	at org.junit.platform.engine.support.hierarchical.NodeTestTask.execute(NodeTestTask.java:95)
	at org.junit.platform.engine.support.hierarchical.SameThreadHierarchicalTestExecutorService.submit(SameThreadHierarchicalTestExecutorService.java:35)
	at org.junit.platform.engine.support.hierarchical.HierarchicalTestExecutor.execute(HierarchicalTestExecutor.java:57)
	at org.junit.platform.engine.support.hierarchical.HierarchicalTestEngine.execute(HierarchicalTestEngine.java:54)
	at org.junit.platform.launcher.core.EngineExecutionOrchestrator.execute(EngineExecutionOrchestrator.java:198)
	at org.junit.platform.launcher.core.EngineExecutionOrchestrator.execute(EngineExecutionOrchestrator.java:169)
	at org.junit.platform.launcher.core.EngineExecutionOrchestrator.execute(EngineExecutionOrchestrator.java:93)
	at org.junit.platform.launcher.core.EngineExecutionOrchestrator.lambda$execute$0(EngineExecutionOrchestrator.java:58)
	at org.junit.platform.launcher.core.EngineExecutionOrchestrator.withInterceptedStreams(EngineExecutionOrchestrator.java:141)
	at org.junit.platform.launcher.core.EngineExecutionOrchestrator.execute(EngineExecutionOrchestrator.java:57)
	at org.junit.platform.launcher.core.DefaultLauncher.execute(DefaultLauncher.java:103)
	at org.junit.platform.launcher.core.DefaultLauncher.execute(DefaultLauncher.java:85)
	at org.junit.platform.launcher.core.DelegatingLauncher.execute(DelegatingLauncher.java:47)
	at org.apache.maven.surefire.junitplatform.LazyLauncher.execute(LazyLauncher.java:56)
	at org.apache.maven.surefire.junitplatform.JUnitPlatformProvider.execute(JUnitPlatformProvider.java:184)
	at org.apache.maven.surefire.junitplatform.JUnitPlatformProvider.invokeAllTests(JUnitPlatformProvider.java:148)
	at org.apache.maven.surefire.junitplatform.JUnitPlatformProvider.invoke(JUnitPlatformProvider.java:122)
	at org.apache.maven.surefire.booter.ForkedBooter.runSuitesInProcess(ForkedBooter.java:385)
	at org.apache.maven.surefire.booter.ForkedBooter.execute(ForkedBooter.java:162)
	at org.apache.maven.surefire.booter.ForkedBooter.run(ForkedBooter.java:507)
	at org.apache.maven.surefire.booter.ForkedBooter.main(ForkedBooter.java:495)
15:22:38.402 [main] WARN com.tngtech.archunit.core.importer.ClassFileProcessor -- Error during import from jrt:/java.base/java/lang/ClassLoader.class, falling back to simple import
java.lang.IllegalArgumentException: Unsupported class file major version 69
	at com.tngtech.archunit.thirdparty.org.objectweb.asm.ClassReader.<init>(ClassReader.java:200)
	at com.tngtech.archunit.thirdparty.org.objectweb.asm.ClassReader.<init>(ClassReader.java:180)
	at com.tngtech.archunit.thirdparty.org.objectweb.asm.ClassReader.<init>(ClassReader.java:166)
	at com.tngtech.archunit.thirdparty.org.objectweb.asm.ClassReader.<init>(ClassReader.java:288)
	at com.tngtech.archunit.core.importer.ClassFileProcessor$UriImporterOfProcessor.tryImport(ClassFileProcessor.java:350)
	at com.tngtech.archunit.core.importer.resolvers.ClassResolverFromClasspath.tryResolve(ClassResolverFromClasspath.java:51)
	at com.tngtech.archunit.core.importer.ImportedClasses.resolve(ImportedClasses.java:74)
	at com.tngtech.archunit.core.importer.ImportedClasses.getOrResolve(ImportedClasses.java:61)
	at com.tngtech.archunit.core.importer.DomainBuilders$JavaMemberBuilder.get(DomainBuilders.java:180)
	at com.tngtech.archunit.core.importer.DomainBuilders$JavaCodeUnitBuilder.asJavaClasses(DomainBuilders.java:330)
	at com.tngtech.archunit.core.importer.DomainBuilders$JavaCodeUnitBuilder.getRawParameterTypes(DomainBuilders.java:304)
	at com.tngtech.archunit.core.domain.JavaCodeUnit$Parameters.<init>(JavaCodeUnit.java:317)
	at com.tngtech.archunit.core.domain.JavaCodeUnit.<init>(JavaCodeUnit.java:82)
	at com.tngtech.archunit.core.domain.JavaMethod.<init>(JavaMethod.java:44)
	at com.tngtech.archunit.core.domain.DomainObjectCreationContext.createJavaMethod(DomainObjectCreationContext.java:144)
	at com.tngtech.archunit.core.importer.DomainBuilders$JavaMethodBuilder.construct(DomainBuilders.java:374)
	at com.tngtech.archunit.core.importer.DomainBuilders$JavaMethodBuilder.construct(DomainBuilders.java:359)
	at com.tngtech.archunit.core.importer.DomainBuilders$JavaMemberBuilder.build(DomainBuilders.java:207)
	at com.tngtech.archunit.core.importer.DomainBuilders$JavaMemberBuilder.build(DomainBuilders.java:139)
	at com.tngtech.archunit.core.importer.DomainBuilders$BuilderWithBuildParameter$BuildFinisher.lambda$build$0(DomainBuilders.java:893)
	at java.base/java.util.stream.ReferencePipeline$3$1.accept(ReferencePipeline.java:214)
	at java.base/java.util.stream.ReferencePipeline$2$1.accept(ReferencePipeline.java:197)
	at java.base/java.util.HashMap$KeySpliterator.forEachRemaining(HashMap.java:1716)
	at java.base/java.util.stream.AbstractPipeline.copyInto(AbstractPipeline.java:570)
	at java.base/java.util.stream.AbstractPipeline.wrapAndCopyInto(AbstractPipeline.java:560)
	at java.base/java.util.stream.ReduceOps$ReduceOp.evaluateSequential(ReduceOps.java:921)
	at java.base/java.util.stream.AbstractPipeline.evaluate(AbstractPipeline.java:265)
	at java.base/java.util.stream.ReferencePipeline.collect(ReferencePipeline.java:723)
	at com.tngtech.archunit.core.importer.DomainBuilders$BuilderWithBuildParameter$BuildFinisher.build(DomainBuilders.java:893)
	at com.tngtech.archunit.core.importer.ClassGraphCreator.createMethods(ClassGraphCreator.java:322)
	at com.tngtech.archunit.core.domain.JavaClassMembers.create(JavaClassMembers.java:352)
	at com.tngtech.archunit.core.domain.JavaClass.completeMembers(JavaClass.java:1476)
	at com.tngtech.archunit.core.domain.DomainObjectCreationContext.completeMembers(DomainObjectCreationContext.java:96)
	at com.tngtech.archunit.core.importer.ClassGraphCreator.completeClasses(ClassGraphCreator.java:120)
	at com.tngtech.archunit.core.importer.ClassGraphCreator.complete(ClassGraphCreator.java:108)
	at com.tngtech.archunit.core.importer.ClassFileProcessor.process(ClassFileProcessor.java:75)
	at com.tngtech.archunit.core.importer.ClassFileImporter.importLocations(ClassFileImporter.java:325)
	at com.tngtech.archunit.junit.internal.ClassCache$CacheClassFileImporter.importClasses(ClassCache.java:126)
	at com.tngtech.archunit.junit.internal.ClassCache$LazyJavaClasses.initialize(ClassCache.java:118)
	at com.tngtech.archunit.junit.internal.ClassCache$LazyJavaClasses.get(ClassCache.java:107)
	at com.tngtech.archunit.junit.internal.ClassCache.getClassesToAnalyzeFor(ClassCache.java:84)
	at com.tngtech.archunit.junit.internal.ArchUnitTestDescriptor.lambda$createChildren$1(ArchUnitTestDescriptor.java:89)
	at com.tngtech.archunit.junit.internal.ArchUnitTestDescriptor$ArchUnitRuleDescriptor.execute(ArchUnitTestDescriptor.java:166)
	at com.tngtech.archunit.junit.internal.ArchUnitTestDescriptor$ArchUnitRuleDescriptor.execute(ArchUnitTestDescriptor.java:149)
	at org.junit.platform.engine.support.hierarchical.NodeTestTask.lambda$executeRecursively$6(NodeTestTask.java:151)
	at org.junit.platform.engine.support.hierarchical.ThrowableCollector.execute(ThrowableCollector.java:73)
	at org.junit.platform.engine.support.hierarchical.NodeTestTask.lambda$executeRecursively$8(NodeTestTask.java:141)
	at org.junit.platform.engine.support.hierarchical.Node.around(Node.java:137)
	at org.junit.platform.engine.support.hierarchical.NodeTestTask.lambda$executeRecursively$9(NodeTestTask.java:139)
	at org.junit.platform.engine.support.hierarchical.ThrowableCollector.execute(ThrowableCollector.java:73)
	at org.junit.platform.engine.support.hierarchical.NodeTestTask.executeRecursively(NodeTestTask.java:138)
	at org.junit.platform.engine.support.hierarchical.NodeTestTask.execute(NodeTestTask.java:95)
	at java.base/java.util.ArrayList.forEach(ArrayList.java:1604)
	at org.junit.platform.engine.support.hierarchical.SameThreadHierarchicalTestExecutorService.invokeAll(SameThreadHierarchicalTestExecutorService.java:41)
	at org.junit.platform.engine.support.hierarchical.NodeTestTask.lambda$executeRecursively$6(NodeTestTask.java:155)
	at org.junit.platform.engine.support.hierarchical.ThrowableCollector.execute(ThrowableCollector.java:73)
	at org.junit.platform.engine.support.hierarchical.NodeTestTask.lambda$executeRecursively$8(NodeTestTask.java:141)
	at org.junit.platform.engine.support.hierarchical.Node.around(Node.java:137)
	at org.junit.platform.engine.support.hierarchical.NodeTestTask.lambda$executeRecursively$9(NodeTestTask.java:139)
	at org.junit.platform.engine.support.hierarchical.ThrowableCollector.execute(ThrowableCollector.java:73)
	at org.junit.platform.engine.support.hierarchical.NodeTestTask.executeRecursively(NodeTestTask.java:138)
	at org.junit.platform.engine.support.hierarchical.NodeTestTask.execute(NodeTestTask.java:95)
	at java.base/java.util.ArrayList.forEach(ArrayList.java:1604)
	at org.junit.platform.engine.support.hierarchical.SameThreadHierarchicalTestExecutorService.invokeAll(SameThreadHierarchicalTestExecutorService.java:41)
	at org.junit.platform.engine.support.hierarchical.NodeTestTask.lambda$executeRecursively$6(NodeTestTask.java:155)
	at org.junit.platform.engine.support.hierarchical.ThrowableCollector.execute(ThrowableCollector.java:73)
	at org.junit.platform.engine.support.hierarchical.NodeTestTask.lambda$executeRecursively$8(NodeTestTask.java:141)
	at org.junit.platform.engine.support.hierarchical.Node.around(Node.java:137)
	at org.junit.platform.engine.support.hierarchical.NodeTestTask.lambda$executeRecursively$9(NodeTestTask.java:139)
	at org.junit.platform.engine.support.hierarchical.ThrowableCollector.execute(ThrowableCollector.java:73)
	at org.junit.platform.engine.support.hierarchical.NodeTestTask.executeRecursively(NodeTestTask.java:138)
	at org.junit.platform.engine.support.hierarchical.NodeTestTask.execute(NodeTestTask.java:95)
	at org.junit.platform.engine.support.hierarchical.SameThreadHierarchicalTestExecutorService.submit(SameThreadHierarchicalTestExecutorService.java:35)
	at org.junit.platform.engine.support.hierarchical.HierarchicalTestExecutor.execute(HierarchicalTestExecutor.java:57)
	at org.junit.platform.engine.support.hierarchical.HierarchicalTestEngine.execute(HierarchicalTestEngine.java:54)
	at org.junit.platform.launcher.core.EngineExecutionOrchestrator.execute(EngineExecutionOrchestrator.java:198)
	at org.junit.platform.launcher.core.EngineExecutionOrchestrator.execute(EngineExecutionOrchestrator.java:169)
	at org.junit.platform.launcher.core.EngineExecutionOrchestrator.execute(EngineExecutionOrchestrator.java:93)
	at org.junit.platform.launcher.core.EngineExecutionOrchestrator.lambda$execute$0(EngineExecutionOrchestrator.java:58)
	at org.junit.platform.launcher.core.EngineExecutionOrchestrator.withInterceptedStreams(EngineExecutionOrchestrator.java:141)
	at org.junit.platform.launcher.core.EngineExecutionOrchestrator.execute(EngineExecutionOrchestrator.java:57)
	at org.junit.platform.launcher.core.DefaultLauncher.execute(DefaultLauncher.java:103)
	at org.junit.platform.launcher.core.DefaultLauncher.execute(DefaultLauncher.java:85)
	at org.junit.platform.launcher.core.DelegatingLauncher.execute(DelegatingLauncher.java:47)
	at org.apache.maven.surefire.junitplatform.LazyLauncher.execute(LazyLauncher.java:56)
	at org.apache.maven.surefire.junitplatform.JUnitPlatformProvider.execute(JUnitPlatformProvider.java:184)
	at org.apache.maven.surefire.junitplatform.JUnitPlatformProvider.invokeAllTests(JUnitPlatformProvider.java:148)
	at org.apache.maven.surefire.junitplatform.JUnitPlatformProvider.invoke(JUnitPlatformProvider.java:122)
	at org.apache.maven.surefire.booter.ForkedBooter.runSuitesInProcess(ForkedBooter.java:385)
	at org.apache.maven.surefire.booter.ForkedBooter.execute(ForkedBooter.java:162)
	at org.apache.maven.surefire.booter.ForkedBooter.run(ForkedBooter.java:507)
	at org.apache.maven.surefire.booter.ForkedBooter.main(ForkedBooter.java:495)
15:22:38.406 [main] WARN com.tngtech.archunit.core.importer.ClassFileProcessor -- Error during import from jrt:/java.base/java/lang/ThreadLocal.class, falling back to simple import
java.lang.IllegalArgumentException: Unsupported class file major version 69
	at com.tngtech.archunit.thirdparty.org.objectweb.asm.ClassReader.<init>(ClassReader.java:200)
	at com.tngtech.archunit.thirdparty.org.objectweb.asm.ClassReader.<init>(ClassReader.java:180)
	at com.tngtech.archunit.thirdparty.org.objectweb.asm.ClassReader.<init>(ClassReader.java:166)
	at com.tngtech.archunit.thirdparty.org.objectweb.asm.ClassReader.<init>(ClassReader.java:288)
	at com.tngtech.archunit.core.importer.ClassFileProcessor$UriImporterOfProcessor.tryImport(ClassFileProcessor.java:350)
	at com.tngtech.archunit.core.importer.resolvers.ClassResolverFromClasspath.tryResolve(ClassResolverFromClasspath.java:51)
	at com.tngtech.archunit.core.importer.ImportedClasses.resolve(ImportedClasses.java:74)
	at com.tngtech.archunit.core.importer.ImportedClasses.getOrResolve(ImportedClasses.java:61)
	at com.tngtech.archunit.core.importer.DomainBuilders$JavaParameterizedTypeBuilder.build(DomainBuilders.java:846)
	at com.tngtech.archunit.core.importer.SignatureTypeArgumentProcessor$NewJavaTypeCreationProcess.finish(SignatureTypeArgumentProcessor.java:170)
	at com.tngtech.archunit.core.importer.SignatureTypeArgumentProcessor$NewJavaTypeCreationProcess.finish(SignatureTypeArgumentProcessor.java:155)
	at com.tngtech.archunit.core.importer.DomainBuilders$JavaFieldBuilder.getType(DomainBuilders.java:227)
	at com.tngtech.archunit.core.domain.JavaField.<init>(JavaField.java:40)
	at com.tngtech.archunit.core.domain.DomainObjectCreationContext.createJavaField(DomainObjectCreationContext.java:108)
	at com.tngtech.archunit.core.importer.DomainBuilders$JavaFieldBuilder.construct(DomainBuilders.java:237)
	at com.tngtech.archunit.core.importer.DomainBuilders$JavaFieldBuilder.construct(DomainBuilders.java:211)
	at com.tngtech.archunit.core.importer.DomainBuilders$JavaMemberBuilder.build(DomainBuilders.java:207)
	at com.tngtech.archunit.core.importer.DomainBuilders$JavaMemberBuilder.build(DomainBuilders.java:139)
	at com.tngtech.archunit.core.importer.DomainBuilders$BuilderWithBuildParameter$BuildFinisher.lambda$build$0(DomainBuilders.java:893)
	at java.base/java.util.stream.ReferencePipeline$3$1.accept(ReferencePipeline.java:214)
	at java.base/java.util.HashMap$KeySpliterator.forEachRemaining(HashMap.java:1716)
	at java.base/java.util.stream.AbstractPipeline.copyInto(AbstractPipeline.java:570)
	at java.base/java.util.stream.AbstractPipeline.wrapAndCopyInto(AbstractPipeline.java:560)
	at java.base/java.util.stream.ReduceOps$ReduceOp.evaluateSequential(ReduceOps.java:921)
	at java.base/java.util.stream.AbstractPipeline.evaluate(AbstractPipeline.java:265)
	at java.base/java.util.stream.ReferencePipeline.collect(ReferencePipeline.java:723)
	at com.tngtech.archunit.core.importer.DomainBuilders$BuilderWithBuildParameter$BuildFinisher.build(DomainBuilders.java:893)
	at com.tngtech.archunit.core.importer.DomainBuilders$BuilderWithBuildParameter$BuildFinisher.build(DomainBuilders.java:883)
	at com.tngtech.archunit.core.importer.ClassGraphCreator.createFields(ClassGraphCreator.java:309)
	at com.tngtech.archunit.core.domain.JavaClassMembers.create(JavaClassMembers.java:351)
	at com.tngtech.archunit.core.domain.JavaClass.completeMembers(JavaClass.java:1476)
	at com.tngtech.archunit.core.domain.DomainObjectCreationContext.completeMembers(DomainObjectCreationContext.java:96)
	at com.tngtech.archunit.core.importer.ClassGraphCreator.completeClasses(ClassGraphCreator.java:120)
	at com.tngtech.archunit.core.importer.ClassGraphCreator.complete(ClassGraphCreator.java:108)
	at com.tngtech.archunit.core.importer.ClassFileProcessor.process(ClassFileProcessor.java:75)
	at com.tngtech.archunit.core.importer.ClassFileImporter.importLocations(ClassFileImporter.java:325)
	at com.tngtech.archunit.junit.internal.ClassCache$CacheClassFileImporter.importClasses(ClassCache.java:126)
	at com.tngtech.archunit.junit.internal.ClassCache$LazyJavaClasses.initialize(ClassCache.java:118)
	at com.tngtech.archunit.junit.internal.ClassCache$LazyJavaClasses.get(ClassCache.java:107)
	at com.tngtech.archunit.junit.internal.ClassCache.getClassesToAnalyzeFor(ClassCache.java:84)
	at com.tngtech.archunit.junit.internal.ArchUnitTestDescriptor.lambda$createChildren$1(ArchUnitTestDescriptor.java:89)
	at com.tngtech.archunit.junit.internal.ArchUnitTestDescriptor$ArchUnitRuleDescriptor.execute(ArchUnitTestDescriptor.java:166)
	at com.tngtech.archunit.junit.internal.ArchUnitTestDescriptor$ArchUnitRuleDescriptor.execute(ArchUnitTestDescriptor.java:149)
	at org.junit.platform.engine.support.hierarchical.NodeTestTask.lambda$executeRecursively$6(NodeTestTask.java:151)
	at org.junit.platform.engine.support.hierarchical.ThrowableCollector.execute(ThrowableCollector.java:73)
	at org.junit.platform.engine.support.hierarchical.NodeTestTask.lambda$executeRecursively$8(NodeTestTask.java:141)
	at org.junit.platform.engine.support.hierarchical.Node.around(Node.java:137)
	at org.junit.platform.engine.support.hierarchical.NodeTestTask.lambda$executeRecursively$9(NodeTestTask.java:139)
	at org.junit.platform.engine.support.hierarchical.ThrowableCollector.execute(ThrowableCollector.java:73)
	at org.junit.platform.engine.support.hierarchical.NodeTestTask.executeRecursively(NodeTestTask.java:138)
	at org.junit.platform.engine.support.hierarchical.NodeTestTask.execute(NodeTestTask.java:95)
	at java.base/java.util.ArrayList.forEach(ArrayList.java:1604)
	at org.junit.platform.engine.support.hierarchical.SameThreadHierarchicalTestExecutorService.invokeAll(SameThreadHierarchicalTestExecutorService.java:41)
	at org.junit.platform.engine.support.hierarchical.NodeTestTask.lambda$executeRecursively$6(NodeTestTask.java:155)
	at org.junit.platform.engine.support.hierarchical.ThrowableCollector.execute(ThrowableCollector.java:73)
	at org.junit.platform.engine.support.hierarchical.NodeTestTask.lambda$executeRecursively$8(NodeTestTask.java:141)
	at org.junit.platform.engine.support.hierarchical.Node.around(Node.java:137)
	at org.junit.platform.engine.support.hierarchical.NodeTestTask.lambda$executeRecursively$9(NodeTestTask.java:139)
	at org.junit.platform.engine.support.hierarchical.ThrowableCollector.execute(ThrowableCollector.java:73)
	at org.junit.platform.engine.support.hierarchical.NodeTestTask.executeRecursively(NodeTestTask.java:138)
	at org.junit.platform.engine.support.hierarchical.NodeTestTask.execute(NodeTestTask.java:95)
	at java.base/java.util.ArrayList.forEach(ArrayList.java:1604)
	at org.junit.platform.engine.support.hierarchical.SameThreadHierarchicalTestExecutorService.invokeAll(SameThreadHierarchicalTestExecutorService.java:41)
	at org.junit.platform.engine.support.hierarchical.NodeTestTask.lambda$executeRecursively$6(NodeTestTask.java:155)
	at org.junit.platform.engine.support.hierarchical.ThrowableCollector.execute(ThrowableCollector.java:73)
	at org.junit.platform.engine.support.hierarchical.NodeTestTask.lambda$executeRecursively$8(NodeTestTask.java:141)
	at org.junit.platform.engine.support.hierarchical.Node.around(Node.java:137)
	at org.junit.platform.engine.support.hierarchical.NodeTestTask.lambda$executeRecursively$9(NodeTestTask.java:139)
	at org.junit.platform.engine.support.hierarchical.ThrowableCollector.execute(ThrowableCollector.java:73)
	at org.junit.platform.engine.support.hierarchical.NodeTestTask.executeRecursively(NodeTestTask.java:138)
	at org.junit.platform.engine.support.hierarchical.NodeTestTask.execute(NodeTestTask.java:95)
	at org.junit.platform.engine.support.hierarchical.SameThreadHierarchicalTestExecutorService.submit(SameThreadHierarchicalTestExecutorService.java:35)
	at org.junit.platform.engine.support.hierarchical.HierarchicalTestExecutor.execute(HierarchicalTestExecutor.java:57)
	at org.junit.platform.engine.support.hierarchical.HierarchicalTestEngine.execute(HierarchicalTestEngine.java:54)
	at org.junit.platform.launcher.core.EngineExecutionOrchestrator.execute(EngineExecutionOrchestrator.java:198)
	at org.junit.platform.launcher.core.EngineExecutionOrchestrator.execute(EngineExecutionOrchestrator.java:169)
	at org.junit.platform.launcher.core.EngineExecutionOrchestrator.execute(EngineExecutionOrchestrator.java:93)
	at org.junit.platform.launcher.core.EngineExecutionOrchestrator.lambda$execute$0(EngineExecutionOrchestrator.java:58)
	at org.junit.platform.launcher.core.EngineExecutionOrchestrator.withInterceptedStreams(EngineExecutionOrchestrator.java:141)
	at org.junit.platform.launcher.core.EngineExecutionOrchestrator.execute(EngineExecutionOrchestrator.java:57)
	at org.junit.platform.launcher.core.DefaultLauncher.execute(DefaultLauncher.java:103)
	at org.junit.platform.launcher.core.DefaultLauncher.execute(DefaultLauncher.java:85)
	at org.junit.platform.launcher.core.DelegatingLauncher.execute(DelegatingLauncher.java:47)
	at org.apache.maven.surefire.junitplatform.LazyLauncher.execute(LazyLauncher.java:56)
	at org.apache.maven.surefire.junitplatform.JUnitPlatformProvider.execute(JUnitPlatformProvider.java:184)
	at org.apache.maven.surefire.junitplatform.JUnitPlatformProvider.invokeAllTests(JUnitPlatformProvider.java:148)
	at org.apache.maven.surefire.junitplatform.JUnitPlatformProvider.invoke(JUnitPlatformProvider.java:122)
	at org.apache.maven.surefire.booter.ForkedBooter.runSuitesInProcess(ForkedBooter.java:385)
	at org.apache.maven.surefire.booter.ForkedBooter.execute(ForkedBooter.java:162)
	at org.apache.maven.surefire.booter.ForkedBooter.run(ForkedBooter.java:507)
	at org.apache.maven.surefire.booter.ForkedBooter.main(ForkedBooter.java:495)
15:22:38.407 [main] WARN com.tngtech.archunit.core.importer.ClassFileProcessor -- Error during import from jrt:/java.base/java/lang/Runnable.class, falling back to simple import
java.lang.IllegalArgumentException: Unsupported class file major version 69
	at com.tngtech.archunit.thirdparty.org.objectweb.asm.ClassReader.<init>(ClassReader.java:200)
	at com.tngtech.archunit.thirdparty.org.objectweb.asm.ClassReader.<init>(ClassReader.java:180)
	at com.tngtech.archunit.thirdparty.org.objectweb.asm.ClassReader.<init>(ClassReader.java:166)
	at com.tngtech.archunit.thirdparty.org.objectweb.asm.ClassReader.<init>(ClassReader.java:288)
	at com.tngtech.archunit.core.importer.ClassFileProcessor$UriImporterOfProcessor.tryImport(ClassFileProcessor.java:350)
	at com.tngtech.archunit.core.importer.resolvers.ClassResolverFromClasspath.tryResolve(ClassResolverFromClasspath.java:51)
	at com.tngtech.archunit.core.importer.ImportedClasses.resolve(ImportedClasses.java:74)
	at com.tngtech.archunit.core.importer.ImportedClasses.getOrResolve(ImportedClasses.java:61)
	at com.tngtech.archunit.core.importer.DomainBuilders$JavaMemberBuilder.get(DomainBuilders.java:180)
	at com.tngtech.archunit.core.importer.DomainBuilders$JavaCodeUnitBuilder.asJavaClasses(DomainBuilders.java:330)
	at com.tngtech.archunit.core.importer.DomainBuilders$JavaCodeUnitBuilder.getRawParameterTypes(DomainBuilders.java:304)
	at com.tngtech.archunit.core.domain.JavaCodeUnit$Parameters.<init>(JavaCodeUnit.java:317)
	at com.tngtech.archunit.core.domain.JavaCodeUnit.<init>(JavaCodeUnit.java:82)
	at com.tngtech.archunit.core.domain.JavaMethod.<init>(JavaMethod.java:44)
	at com.tngtech.archunit.core.domain.DomainObjectCreationContext.createJavaMethod(DomainObjectCreationContext.java:144)
	at com.tngtech.archunit.core.importer.DomainBuilders$JavaMethodBuilder.construct(DomainBuilders.java:374)
	at com.tngtech.archunit.core.importer.DomainBuilders$JavaMethodBuilder.construct(DomainBuilders.java:359)
	at com.tngtech.archunit.core.importer.DomainBuilders$JavaMemberBuilder.build(DomainBuilders.java:207)
	at com.tngtech.archunit.core.importer.DomainBuilders$JavaMemberBuilder.build(DomainBuilders.java:139)
	at com.tngtech.archunit.core.importer.DomainBuilders$BuilderWithBuildParameter$BuildFinisher.lambda$build$0(DomainBuilders.java:893)
	at java.base/java.util.stream.ReferencePipeline$3$1.accept(ReferencePipeline.java:214)
	at java.base/java.util.stream.ReferencePipeline$2$1.accept(ReferencePipeline.java:197)
	at java.base/java.util.HashMap$KeySpliterator.forEachRemaining(HashMap.java:1716)
	at java.base/java.util.stream.AbstractPipeline.copyInto(AbstractPipeline.java:570)
	at java.base/java.util.stream.AbstractPipeline.wrapAndCopyInto(AbstractPipeline.java:560)
	at java.base/java.util.stream.ReduceOps$ReduceOp.evaluateSequential(ReduceOps.java:921)
	at java.base/java.util.stream.AbstractPipeline.evaluate(AbstractPipeline.java:265)
	at java.base/java.util.stream.ReferencePipeline.collect(ReferencePipeline.java:723)
	at com.tngtech.archunit.core.importer.DomainBuilders$BuilderWithBuildParameter$BuildFinisher.build(DomainBuilders.java:893)
	at com.tngtech.archunit.core.importer.ClassGraphCreator.createMethods(ClassGraphCreator.java:322)
	at com.tngtech.archunit.core.domain.JavaClassMembers.create(JavaClassMembers.java:352)
	at com.tngtech.archunit.core.domain.JavaClass.completeMembers(JavaClass.java:1476)
	at com.tngtech.archunit.core.domain.DomainObjectCreationContext.completeMembers(DomainObjectCreationContext.java:96)
	at com.tngtech.archunit.core.importer.ClassGraphCreator.completeClasses(ClassGraphCreator.java:120)
	at com.tngtech.archunit.core.importer.ClassGraphCreator.complete(ClassGraphCreator.java:108)
	at com.tngtech.archunit.core.importer.ClassFileProcessor.process(ClassFileProcessor.java:75)
	at com.tngtech.archunit.core.importer.ClassFileImporter.importLocations(ClassFileImporter.java:325)
	at com.tngtech.archunit.junit.internal.ClassCache$CacheClassFileImporter.importClasses(ClassCache.java:126)
	at com.tngtech.archunit.junit.internal.ClassCache$LazyJavaClasses.initialize(ClassCache.java:118)
	at com.tngtech.archunit.junit.internal.ClassCache$LazyJavaClasses.get(ClassCache.java:107)
	at com.tngtech.archunit.junit.internal.ClassCache.getClassesToAnalyzeFor(ClassCache.java:84)
	at com.tngtech.archunit.junit.internal.ArchUnitTestDescriptor.lambda$createChildren$1(ArchUnitTestDescriptor.java:89)
	at com.tngtech.archunit.junit.internal.ArchUnitTestDescriptor$ArchUnitRuleDescriptor.execute(ArchUnitTestDescriptor.java:166)
	at com.tngtech.archunit.junit.internal.ArchUnitTestDescriptor$ArchUnitRuleDescriptor.execute(ArchUnitTestDescriptor.java:149)
	at org.junit.platform.engine.support.hierarchical.NodeTestTask.lambda$executeRecursively$6(NodeTestTask.java:151)
	at org.junit.platform.engine.support.hierarchical.ThrowableCollector.execute(ThrowableCollector.java:73)
	at org.junit.platform.engine.support.hierarchical.NodeTestTask.lambda$executeRecursively$8(NodeTestTask.java:141)
	at org.junit.platform.engine.support.hierarchical.Node.around(Node.java:137)
	at org.junit.platform.engine.support.hierarchical.NodeTestTask.lambda$executeRecursively$9(NodeTestTask.java:139)
	at org.junit.platform.engine.support.hierarchical.ThrowableCollector.execute(ThrowableCollector.java:73)
	at org.junit.platform.engine.support.hierarchical.NodeTestTask.executeRecursively(NodeTestTask.java:138)
	at org.junit.platform.engine.support.hierarchical.NodeTestTask.execute(NodeTestTask.java:95)
	at java.base/java.util.ArrayList.forEach(ArrayList.java:1604)
	at org.junit.platform.engine.support.hierarchical.SameThreadHierarchicalTestExecutorService.invokeAll(SameThreadHierarchicalTestExecutorService.java:41)
	at org.junit.platform.engine.support.hierarchical.NodeTestTask.lambda$executeRecursively$6(NodeTestTask.java:155)
	at org.junit.platform.engine.support.hierarchical.ThrowableCollector.execute(ThrowableCollector.java:73)
	at org.junit.platform.engine.support.hierarchical.NodeTestTask.lambda$executeRecursively$8(NodeTestTask.java:141)
	at org.junit.platform.engine.support.hierarchical.Node.around(Node.java:137)
	at org.junit.platform.engine.support.hierarchical.NodeTestTask.lambda$executeRecursively$9(NodeTestTask.java:139)
	at org.junit.platform.engine.support.hierarchical.ThrowableCollector.execute(ThrowableCollector.java:73)
	at org.junit.platform.engine.support.hierarchical.NodeTestTask.executeRecursively(NodeTestTask.java:138)
	at org.junit.platform.engine.support.hierarchical.NodeTestTask.execute(NodeTestTask.java:95)
	at java.base/java.util.ArrayList.forEach(ArrayList.java:1604)
	at org.junit.platform.engine.support.hierarchical.SameThreadHierarchicalTestExecutorService.invokeAll(SameThreadHierarchicalTestExecutorService.java:41)
	at org.junit.platform.engine.support.hierarchical.NodeTestTask.lambda$executeRecursively$6(NodeTestTask.java:155)
	at org.junit.platform.engine.support.hierarchical.ThrowableCollector.execute(ThrowableCollector.java:73)
	at org.junit.platform.engine.support.hierarchical.NodeTestTask.lambda$executeRecursively$8(NodeTestTask.java:141)
	at org.junit.platform.engine.support.hierarchical.Node.around(Node.java:137)
	at org.junit.platform.engine.support.hierarchical.NodeTestTask.lambda$executeRecursively$9(NodeTestTask.java:139)
	at org.junit.platform.engine.support.hierarchical.ThrowableCollector.execute(ThrowableCollector.java:73)
	at org.junit.platform.engine.support.hierarchical.NodeTestTask.executeRecursively(NodeTestTask.java:138)
	at org.junit.platform.engine.support.hierarchical.NodeTestTask.execute(NodeTestTask.java:95)
	at org.junit.platform.engine.support.hierarchical.SameThreadHierarchicalTestExecutorService.submit(SameThreadHierarchicalTestExecutorService.java:35)
	at org.junit.platform.engine.support.hierarchical.HierarchicalTestExecutor.execute(HierarchicalTestExecutor.java:57)
	at org.junit.platform.engine.support.hierarchical.HierarchicalTestEngine.execute(HierarchicalTestEngine.java:54)
	at org.junit.platform.launcher.core.EngineExecutionOrchestrator.execute(EngineExecutionOrchestrator.java:198)
	at org.junit.platform.launcher.core.EngineExecutionOrchestrator.execute(EngineExecutionOrchestrator.java:169)
	at org.junit.platform.launcher.core.EngineExecutionOrchestrator.execute(EngineExecutionOrchestrator.java:93)
	at org.junit.platform.launcher.core.EngineExecutionOrchestrator.lambda$execute$0(EngineExecutionOrchestrator.java:58)
	at org.junit.platform.launcher.core.EngineExecutionOrchestrator.withInterceptedStreams(EngineExecutionOrchestrator.java:141)
	at org.junit.platform.launcher.core.EngineExecutionOrchestrator.execute(EngineExecutionOrchestrator.java:57)
	at org.junit.platform.launcher.core.DefaultLauncher.execute(DefaultLauncher.java:103)
	at org.junit.platform.launcher.core.DefaultLauncher.execute(DefaultLauncher.java:85)
	at org.junit.platform.launcher.core.DelegatingLauncher.execute(DelegatingLauncher.java:47)
	at org.apache.maven.surefire.junitplatform.LazyLauncher.execute(LazyLauncher.java:56)
	at org.apache.maven.surefire.junitplatform.JUnitPlatformProvider.execute(JUnitPlatformProvider.java:184)
	at org.apache.maven.surefire.junitplatform.JUnitPlatformProvider.invokeAllTests(JUnitPlatformProvider.java:148)
	at org.apache.maven.surefire.junitplatform.JUnitPlatformProvider.invoke(JUnitPlatformProvider.java:122)
	at org.apache.maven.surefire.booter.ForkedBooter.runSuitesInProcess(ForkedBooter.java:385)
	at org.apache.maven.surefire.booter.ForkedBooter.execute(ForkedBooter.java:162)
	at org.apache.maven.surefire.booter.ForkedBooter.run(ForkedBooter.java:507)
	at org.apache.maven.surefire.booter.ForkedBooter.main(ForkedBooter.java:495)
15:22:38.409 [main] WARN com.tngtech.archunit.core.importer.ClassFileProcessor -- Error during import from jrt:/java.base/java/lang/Thread.class, falling back to simple import
java.lang.IllegalArgumentException: Unsupported class file major version 69
	at com.tngtech.archunit.thirdparty.org.objectweb.asm.ClassReader.<init>(ClassReader.java:200)
	at com.tngtech.archunit.thirdparty.org.objectweb.asm.ClassReader.<init>(ClassReader.java:180)
	at com.tngtech.archunit.thirdparty.org.objectweb.asm.ClassReader.<init>(ClassReader.java:166)
	at com.tngtech.archunit.thirdparty.org.objectweb.asm.ClassReader.<init>(ClassReader.java:288)
	at com.tngtech.archunit.core.importer.ClassFileProcessor$UriImporterOfProcessor.tryImport(ClassFileProcessor.java:350)
	at com.tngtech.archunit.core.importer.resolvers.ClassResolverFromClasspath.tryResolve(ClassResolverFromClasspath.java:51)
	at com.tngtech.archunit.core.importer.ImportedClasses.resolve(ImportedClasses.java:74)
	at com.tngtech.archunit.core.importer.ImportedClasses.getOrResolve(ImportedClasses.java:61)
	at com.tngtech.archunit.core.importer.DomainBuilders$JavaMemberBuilder.get(DomainBuilders.java:180)
	at com.tngtech.archunit.core.importer.DomainBuilders$JavaCodeUnitBuilder.asJavaClasses(DomainBuilders.java:330)
	at com.tngtech.archunit.core.importer.DomainBuilders$JavaCodeUnitBuilder.getRawParameterTypes(DomainBuilders.java:304)
	at com.tngtech.archunit.core.domain.JavaCodeUnit$Parameters.<init>(JavaCodeUnit.java:317)
	at com.tngtech.archunit.core.domain.JavaCodeUnit.<init>(JavaCodeUnit.java:82)
	at com.tngtech.archunit.core.domain.JavaMethod.<init>(JavaMethod.java:44)
	at com.tngtech.archunit.core.domain.DomainObjectCreationContext.createJavaMethod(DomainObjectCreationContext.java:144)
	at com.tngtech.archunit.core.importer.DomainBuilders$JavaMethodBuilder.construct(DomainBuilders.java:374)
	at com.tngtech.archunit.core.importer.DomainBuilders$JavaMethodBuilder.construct(DomainBuilders.java:359)
	at com.tngtech.archunit.core.importer.DomainBuilders$JavaMemberBuilder.build(DomainBuilders.java:207)
	at com.tngtech.archunit.core.importer.DomainBuilders$JavaMemberBuilder.build(DomainBuilders.java:139)
	at com.tngtech.archunit.core.importer.DomainBuilders$BuilderWithBuildParameter$BuildFinisher.lambda$build$0(DomainBuilders.java:893)
	at java.base/java.util.stream.ReferencePipeline$3$1.accept(ReferencePipeline.java:214)
	at java.base/java.util.stream.ReferencePipeline$2$1.accept(ReferencePipeline.java:197)
	at java.base/java.util.HashMap$KeySpliterator.forEachRemaining(HashMap.java:1716)
	at java.base/java.util.stream.AbstractPipeline.copyInto(AbstractPipeline.java:570)
	at java.base/java.util.stream.AbstractPipeline.wrapAndCopyInto(AbstractPipeline.java:560)
	at java.base/java.util.stream.ReduceOps$ReduceOp.evaluateSequential(ReduceOps.java:921)
	at java.base/java.util.stream.AbstractPipeline.evaluate(AbstractPipeline.java:265)
	at java.base/java.util.stream.ReferencePipeline.collect(ReferencePipeline.java:723)
	at com.tngtech.archunit.core.importer.DomainBuilders$BuilderWithBuildParameter$BuildFinisher.build(DomainBuilders.java:893)
	at com.tngtech.archunit.core.importer.ClassGraphCreator.createMethods(ClassGraphCreator.java:322)
	at com.tngtech.archunit.core.domain.JavaClassMembers.create(JavaClassMembers.java:352)
	at com.tngtech.archunit.core.domain.JavaClass.completeMembers(JavaClass.java:1476)
	at com.tngtech.archunit.core.domain.DomainObjectCreationContext.completeMembers(DomainObjectCreationContext.java:96)
	at com.tngtech.archunit.core.importer.ClassGraphCreator.completeClasses(ClassGraphCreator.java:120)
	at com.tngtech.archunit.core.importer.ClassGraphCreator.complete(ClassGraphCreator.java:108)
	at com.tngtech.archunit.core.importer.ClassFileProcessor.process(ClassFileProcessor.java:75)
	at com.tngtech.archunit.core.importer.ClassFileImporter.importLocations(ClassFileImporter.java:325)
	at com.tngtech.archunit.junit.internal.ClassCache$CacheClassFileImporter.importClasses(ClassCache.java:126)
	at com.tngtech.archunit.junit.internal.ClassCache$LazyJavaClasses.initialize(ClassCache.java:118)
	at com.tngtech.archunit.junit.internal.ClassCache$LazyJavaClasses.get(ClassCache.java:107)
	at com.tngtech.archunit.junit.internal.ClassCache.getClassesToAnalyzeFor(ClassCache.java:84)
	at com.tngtech.archunit.junit.internal.ArchUnitTestDescriptor.lambda$createChildren$1(ArchUnitTestDescriptor.java:89)
	at com.tngtech.archunit.junit.internal.ArchUnitTestDescriptor$ArchUnitRuleDescriptor.execute(ArchUnitTestDescriptor.java:166)
	at com.tngtech.archunit.junit.internal.ArchUnitTestDescriptor$ArchUnitRuleDescriptor.execute(ArchUnitTestDescriptor.java:149)
	at org.junit.platform.engine.support.hierarchical.NodeTestTask.lambda$executeRecursively$6(NodeTestTask.java:151)
	at org.junit.platform.engine.support.hierarchical.ThrowableCollector.execute(ThrowableCollector.java:73)
	at org.junit.platform.engine.support.hierarchical.NodeTestTask.lambda$executeRecursively$8(NodeTestTask.java:141)
	at org.junit.platform.engine.support.hierarchical.Node.around(Node.java:137)
	at org.junit.platform.engine.support.hierarchical.NodeTestTask.lambda$executeRecursively$9(NodeTestTask.java:139)
	at org.junit.platform.engine.support.hierarchical.ThrowableCollector.execute(ThrowableCollector.java:73)
	at org.junit.platform.engine.support.hierarchical.NodeTestTask.executeRecursively(NodeTestTask.java:138)
	at org.junit.platform.engine.support.hierarchical.NodeTestTask.execute(NodeTestTask.java:95)
	at java.base/java.util.ArrayList.forEach(ArrayList.java:1604)
	at org.junit.platform.engine.support.hierarchical.SameThreadHierarchicalTestExecutorService.invokeAll(SameThreadHierarchicalTestExecutorService.java:41)
	at org.junit.platform.engine.support.hierarchical.NodeTestTask.lambda$executeRecursively$6(NodeTestTask.java:155)
	at org.junit.platform.engine.support.hierarchical.ThrowableCollector.execute(ThrowableCollector.java:73)
	at org.junit.platform.engine.support.hierarchical.NodeTestTask.lambda$executeRecursively$8(NodeTestTask.java:141)
	at org.junit.platform.engine.support.hierarchical.Node.around(Node.java:137)
	at org.junit.platform.engine.support.hierarchical.NodeTestTask.lambda$executeRecursively$9(NodeTestTask.java:139)
	at org.junit.platform.engine.support.hierarchical.ThrowableCollector.execute(ThrowableCollector.java:73)
	at org.junit.platform.engine.support.hierarchical.NodeTestTask.executeRecursively(NodeTestTask.java:138)
	at org.junit.platform.engine.support.hierarchical.NodeTestTask.execute(NodeTestTask.java:95)
	at java.base/java.util.ArrayList.forEach(ArrayList.java:1604)
	at org.junit.platform.engine.support.hierarchical.SameThreadHierarchicalTestExecutorService.invokeAll(SameThreadHierarchicalTestExecutorService.java:41)
	at org.junit.platform.engine.support.hierarchical.NodeTestTask.lambda$executeRecursively$6(NodeTestTask.java:155)
	at org.junit.platform.engine.support.hierarchical.ThrowableCollector.execute(ThrowableCollector.java:73)
	at org.junit.platform.engine.support.hierarchical.NodeTestTask.lambda$executeRecursively$8(NodeTestTask.java:141)
	at org.junit.platform.engine.support.hierarchical.Node.around(Node.java:137)
	at org.junit.platform.engine.support.hierarchical.NodeTestTask.lambda$executeRecursively$9(NodeTestTask.java:139)
	at org.junit.platform.engine.support.hierarchical.ThrowableCollector.execute(ThrowableCollector.java:73)
	at org.junit.platform.engine.support.hierarchical.NodeTestTask.executeRecursively(NodeTestTask.java:138)
	at org.junit.platform.engine.support.hierarchical.NodeTestTask.execute(NodeTestTask.java:95)
	at org.junit.platform.engine.support.hierarchical.SameThreadHierarchicalTestExecutorService.submit(SameThreadHierarchicalTestExecutorService.java:35)
	at org.junit.platform.engine.support.hierarchical.HierarchicalTestExecutor.execute(HierarchicalTestExecutor.java:57)
	at org.junit.platform.engine.support.hierarchical.HierarchicalTestEngine.execute(HierarchicalTestEngine.java:54)
	at org.junit.platform.launcher.core.EngineExecutionOrchestrator.execute(EngineExecutionOrchestrator.java:198)
	at org.junit.platform.launcher.core.EngineExecutionOrchestrator.execute(EngineExecutionOrchestrator.java:169)
	at org.junit.platform.launcher.core.EngineExecutionOrchestrator.execute(EngineExecutionOrchestrator.java:93)
	at org.junit.platform.launcher.core.EngineExecutionOrchestrator.lambda$execute$0(EngineExecutionOrchestrator.java:58)
	at org.junit.platform.launcher.core.EngineExecutionOrchestrator.withInterceptedStreams(EngineExecutionOrchestrator.java:141)
	at org.junit.platform.launcher.core.EngineExecutionOrchestrator.execute(EngineExecutionOrchestrator.java:57)
	at org.junit.platform.launcher.core.DefaultLauncher.execute(DefaultLauncher.java:103)
	at org.junit.platform.launcher.core.DefaultLauncher.execute(DefaultLauncher.java:85)
	at org.junit.platform.launcher.core.DelegatingLauncher.execute(DelegatingLauncher.java:47)
	at org.apache.maven.surefire.junitplatform.LazyLauncher.execute(LazyLauncher.java:56)
	at org.apache.maven.surefire.junitplatform.JUnitPlatformProvider.execute(JUnitPlatformProvider.java:184)
	at org.apache.maven.surefire.junitplatform.JUnitPlatformProvider.invokeAllTests(JUnitPlatformProvider.java:148)
	at org.apache.maven.surefire.junitplatform.JUnitPlatformProvider.invoke(JUnitPlatformProvider.java:122)
	at org.apache.maven.surefire.booter.ForkedBooter.runSuitesInProcess(ForkedBooter.java:385)
	at org.apache.maven.surefire.booter.ForkedBooter.execute(ForkedBooter.java:162)
	at org.apache.maven.surefire.booter.ForkedBooter.run(ForkedBooter.java:507)
	at org.apache.maven.surefire.booter.ForkedBooter.main(ForkedBooter.java:495)
15:22:38.409 [main] WARN com.tngtech.archunit.core.importer.ClassFileProcessor -- Error during import from jrt:/java.base/java/lang/Exception.class, falling back to simple import
java.lang.IllegalArgumentException: Unsupported class file major version 69
	at com.tngtech.archunit.thirdparty.org.objectweb.asm.ClassReader.<init>(ClassReader.java:200)
	at com.tngtech.archunit.thirdparty.org.objectweb.asm.ClassReader.<init>(ClassReader.java:180)
	at com.tngtech.archunit.thirdparty.org.objectweb.asm.ClassReader.<init>(ClassReader.java:166)
	at com.tngtech.archunit.thirdparty.org.objectweb.asm.ClassReader.<init>(ClassReader.java:288)
	at com.tngtech.archunit.core.importer.ClassFileProcessor$UriImporterOfProcessor.tryImport(ClassFileProcessor.java:350)
	at com.tngtech.archunit.core.importer.resolvers.ClassResolverFromClasspath.tryResolve(ClassResolverFromClasspath.java:51)
	at com.tngtech.archunit.core.importer.ImportedClasses.resolve(ImportedClasses.java:74)
	at com.tngtech.archunit.core.importer.ImportedClasses.getOrResolve(ImportedClasses.java:61)
	at com.tngtech.archunit.core.importer.DomainBuilders$JavaMemberBuilder.get(DomainBuilders.java:180)
	at com.tngtech.archunit.core.importer.DomainBuilders$JavaCodeUnitBuilder.asJavaClasses(DomainBuilders.java:330)
	at com.tngtech.archunit.core.importer.DomainBuilders$JavaCodeUnitBuilder.getThrowsClause(DomainBuilders.java:324)
	at com.tngtech.archunit.core.domain.JavaMethod.<init>(JavaMethod.java:45)
	at com.tngtech.archunit.core.domain.DomainObjectCreationContext.createJavaMethod(DomainObjectCreationContext.java:144)
	at com.tngtech.archunit.core.importer.DomainBuilders$JavaMethodBuilder.construct(DomainBuilders.java:374)
	at com.tngtech.archunit.core.importer.DomainBuilders$JavaMethodBuilder.construct(DomainBuilders.java:359)
	at com.tngtech.archunit.core.importer.DomainBuilders$JavaMemberBuilder.build(DomainBuilders.java:207)
	at com.tngtech.archunit.core.importer.DomainBuilders$JavaMemberBuilder.build(DomainBuilders.java:139)
	at com.tngtech.archunit.core.importer.DomainBuilders$BuilderWithBuildParameter$BuildFinisher.lambda$build$0(DomainBuilders.java:893)
	at java.base/java.util.stream.ReferencePipeline$3$1.accept(ReferencePipeline.java:214)
	at java.base/java.util.stream.ReferencePipeline$2$1.accept(ReferencePipeline.java:197)
	at java.base/java.util.HashMap$KeySpliterator.forEachRemaining(HashMap.java:1716)
	at java.base/java.util.stream.AbstractPipeline.copyInto(AbstractPipeline.java:570)
	at java.base/java.util.stream.AbstractPipeline.wrapAndCopyInto(AbstractPipeline.java:560)
	at java.base/java.util.stream.ReduceOps$ReduceOp.evaluateSequential(ReduceOps.java:921)
	at java.base/java.util.stream.AbstractPipeline.evaluate(AbstractPipeline.java:265)
	at java.base/java.util.stream.ReferencePipeline.collect(ReferencePipeline.java:723)
	at com.tngtech.archunit.core.importer.DomainBuilders$BuilderWithBuildParameter$BuildFinisher.build(DomainBuilders.java:893)
	at com.tngtech.archunit.core.importer.ClassGraphCreator.createMethods(ClassGraphCreator.java:322)
	at com.tngtech.archunit.core.domain.JavaClassMembers.create(JavaClassMembers.java:352)
	at com.tngtech.archunit.core.domain.JavaClass.completeMembers(JavaClass.java:1476)
	at com.tngtech.archunit.core.domain.DomainObjectCreationContext.completeMembers(DomainObjectCreationContext.java:96)
	at com.tngtech.archunit.core.importer.ClassGraphCreator.completeClasses(ClassGraphCreator.java:120)
	at com.tngtech.archunit.core.importer.ClassGraphCreator.complete(ClassGraphCreator.java:108)
	at com.tngtech.archunit.core.importer.ClassFileProcessor.process(ClassFileProcessor.java:75)
	at com.tngtech.archunit.core.importer.ClassFileImporter.importLocations(ClassFileImporter.java:325)
	at com.tngtech.archunit.junit.internal.ClassCache$CacheClassFileImporter.importClasses(ClassCache.java:126)
	at com.tngtech.archunit.junit.internal.ClassCache$LazyJavaClasses.initialize(ClassCache.java:118)
	at com.tngtech.archunit.junit.internal.ClassCache$LazyJavaClasses.get(ClassCache.java:107)
	at com.tngtech.archunit.junit.internal.ClassCache.getClassesToAnalyzeFor(ClassCache.java:84)
	at com.tngtech.archunit.junit.internal.ArchUnitTestDescriptor.lambda$createChildren$1(ArchUnitTestDescriptor.java:89)
	at com.tngtech.archunit.junit.internal.ArchUnitTestDescriptor$ArchUnitRuleDescriptor.execute(ArchUnitTestDescriptor.java:166)
	at com.tngtech.archunit.junit.internal.ArchUnitTestDescriptor$ArchUnitRuleDescriptor.execute(ArchUnitTestDescriptor.java:149)
	at org.junit.platform.engine.support.hierarchical.NodeTestTask.lambda$executeRecursively$6(NodeTestTask.java:151)
	at org.junit.platform.engine.support.hierarchical.ThrowableCollector.execute(ThrowableCollector.java:73)
	at org.junit.platform.engine.support.hierarchical.NodeTestTask.lambda$executeRecursively$8(NodeTestTask.java:141)
	at org.junit.platform.engine.support.hierarchical.Node.around(Node.java:137)
	at org.junit.platform.engine.support.hierarchical.NodeTestTask.lambda$executeRecursively$9(NodeTestTask.java:139)
	at org.junit.platform.engine.support.hierarchical.ThrowableCollector.execute(ThrowableCollector.java:73)
	at org.junit.platform.engine.support.hierarchical.NodeTestTask.executeRecursively(NodeTestTask.java:138)
	at org.junit.platform.engine.support.hierarchical.NodeTestTask.execute(NodeTestTask.java:95)
	at java.base/java.util.ArrayList.forEach(ArrayList.java:1604)
	at org.junit.platform.engine.support.hierarchical.SameThreadHierarchicalTestExecutorService.invokeAll(SameThreadHierarchicalTestExecutorService.java:41)
	at org.junit.platform.engine.support.hierarchical.NodeTestTask.lambda$executeRecursively$6(NodeTestTask.java:155)
	at org.junit.platform.engine.support.hierarchical.ThrowableCollector.execute(ThrowableCollector.java:73)
	at org.junit.platform.engine.support.hierarchical.NodeTestTask.lambda$executeRecursively$8(NodeTestTask.java:141)
	at org.junit.platform.engine.support.hierarchical.Node.around(Node.java:137)
	at org.junit.platform.engine.support.hierarchical.NodeTestTask.lambda$executeRecursively$9(NodeTestTask.java:139)
	at org.junit.platform.engine.support.hierarchical.ThrowableCollector.execute(ThrowableCollector.java:73)
	at org.junit.platform.engine.support.hierarchical.NodeTestTask.executeRecursively(NodeTestTask.java:138)
	at org.junit.platform.engine.support.hierarchical.NodeTestTask.execute(NodeTestTask.java:95)
	at java.base/java.util.ArrayList.forEach(ArrayList.java:1604)
	at org.junit.platform.engine.support.hierarchical.SameThreadHierarchicalTestExecutorService.invokeAll(SameThreadHierarchicalTestExecutorService.java:41)
	at org.junit.platform.engine.support.hierarchical.NodeTestTask.lambda$executeRecursively$6(NodeTestTask.java:155)
	at org.junit.platform.engine.support.hierarchical.ThrowableCollector.execute(ThrowableCollector.java:73)
	at org.junit.platform.engine.support.hierarchical.NodeTestTask.lambda$executeRecursively$8(NodeTestTask.java:141)
	at org.junit.platform.engine.support.hierarchical.Node.around(Node.java:137)
	at org.junit.platform.engine.support.hierarchical.NodeTestTask.lambda$executeRecursively$9(NodeTestTask.java:139)
	at org.junit.platform.engine.support.hierarchical.ThrowableCollector.execute(ThrowableCollector.java:73)
	at org.junit.platform.engine.support.hierarchical.NodeTestTask.executeRecursively(NodeTestTask.java:138)
	at org.junit.platform.engine.support.hierarchical.NodeTestTask.execute(NodeTestTask.java:95)
	at org.junit.platform.engine.support.hierarchical.SameThreadHierarchicalTestExecutorService.submit(SameThreadHierarchicalTestExecutorService.java:35)
	at org.junit.platform.engine.support.hierarchical.HierarchicalTestExecutor.execute(HierarchicalTestExecutor.java:57)
	at org.junit.platform.engine.support.hierarchical.HierarchicalTestEngine.execute(HierarchicalTestEngine.java:54)
	at org.junit.platform.launcher.core.EngineExecutionOrchestrator.execute(EngineExecutionOrchestrator.java:198)
	at org.junit.platform.launcher.core.EngineExecutionOrchestrator.execute(EngineExecutionOrchestrator.java:169)
	at org.junit.platform.launcher.core.EngineExecutionOrchestrator.execute(EngineExecutionOrchestrator.java:93)
	at org.junit.platform.launcher.core.EngineExecutionOrchestrator.lambda$execute$0(EngineExecutionOrchestrator.java:58)
	at org.junit.platform.launcher.core.EngineExecutionOrchestrator.withInterceptedStreams(EngineExecutionOrchestrator.java:141)
	at org.junit.platform.launcher.core.EngineExecutionOrchestrator.execute(EngineExecutionOrchestrator.java:57)
	at org.junit.platform.launcher.core.DefaultLauncher.execute(DefaultLauncher.java:103)
	at org.junit.platform.launcher.core.DefaultLauncher.execute(DefaultLauncher.java:85)
	at org.junit.platform.launcher.core.DelegatingLauncher.execute(DelegatingLauncher.java:47)
	at org.apache.maven.surefire.junitplatform.LazyLauncher.execute(LazyLauncher.java:56)
	at org.apache.maven.surefire.junitplatform.JUnitPlatformProvider.execute(JUnitPlatformProvider.java:184)
	at org.apache.maven.surefire.junitplatform.JUnitPlatformProvider.invokeAllTests(JUnitPlatformProvider.java:148)
	at org.apache.maven.surefire.junitplatform.JUnitPlatformProvider.invoke(JUnitPlatformProvider.java:122)
	at org.apache.maven.surefire.booter.ForkedBooter.runSuitesInProcess(ForkedBooter.java:385)
	at org.apache.maven.surefire.booter.ForkedBooter.execute(ForkedBooter.java:162)
	at org.apache.maven.surefire.booter.ForkedBooter.run(ForkedBooter.java:507)
	at org.apache.maven.surefire.booter.ForkedBooter.main(ForkedBooter.java:495)
15:22:38.409 [main] WARN com.tngtech.archunit.core.importer.ClassFileProcessor -- Error during import from jrt:/java.base/java/util/Properties.class, falling back to simple import
java.lang.IllegalArgumentException: Unsupported class file major version 69
	at com.tngtech.archunit.thirdparty.org.objectweb.asm.ClassReader.<init>(ClassReader.java:200)
	at com.tngtech.archunit.thirdparty.org.objectweb.asm.ClassReader.<init>(ClassReader.java:180)
	at com.tngtech.archunit.thirdparty.org.objectweb.asm.ClassReader.<init>(ClassReader.java:166)
	at com.tngtech.archunit.thirdparty.org.objectweb.asm.ClassReader.<init>(ClassReader.java:288)
	at com.tngtech.archunit.core.importer.ClassFileProcessor$UriImporterOfProcessor.tryImport(ClassFileProcessor.java:350)
	at com.tngtech.archunit.core.importer.resolvers.ClassResolverFromClasspath.tryResolve(ClassResolverFromClasspath.java:51)
	at com.tngtech.archunit.core.importer.ImportedClasses.resolve(ImportedClasses.java:74)
	at com.tngtech.archunit.core.importer.ImportedClasses.getOrResolve(ImportedClasses.java:61)
	at com.tngtech.archunit.core.importer.DomainBuilders$JavaMemberBuilder.get(DomainBuilders.java:180)
	at com.tngtech.archunit.core.importer.DomainBuilders$JavaCodeUnitBuilder.asJavaClasses(DomainBuilders.java:330)
	at com.tngtech.archunit.core.importer.DomainBuilders$JavaCodeUnitBuilder.getRawParameterTypes(DomainBuilders.java:304)
	at com.tngtech.archunit.core.domain.JavaCodeUnit$Parameters.<init>(JavaCodeUnit.java:317)
	at com.tngtech.archunit.core.domain.JavaCodeUnit.<init>(JavaCodeUnit.java:82)
	at com.tngtech.archunit.core.domain.JavaMethod.<init>(JavaMethod.java:44)
	at com.tngtech.archunit.core.domain.DomainObjectCreationContext.createJavaMethod(DomainObjectCreationContext.java:144)
	at com.tngtech.archunit.core.importer.DomainBuilders$JavaMethodBuilder.construct(DomainBuilders.java:374)
	at com.tngtech.archunit.core.importer.DomainBuilders$JavaMethodBuilder.construct(DomainBuilders.java:359)
	at com.tngtech.archunit.core.importer.DomainBuilders$JavaMemberBuilder.build(DomainBuilders.java:207)
	at com.tngtech.archunit.core.importer.DomainBuilders$JavaMemberBuilder.build(DomainBuilders.java:139)
	at com.tngtech.archunit.core.importer.DomainBuilders$BuilderWithBuildParameter$BuildFinisher.lambda$build$0(DomainBuilders.java:893)
	at java.base/java.util.stream.ReferencePipeline$3$1.accept(ReferencePipeline.java:214)
	at java.base/java.util.stream.ReferencePipeline$2$1.accept(ReferencePipeline.java:197)
	at java.base/java.util.HashMap$KeySpliterator.forEachRemaining(HashMap.java:1716)
	at java.base/java.util.stream.AbstractPipeline.copyInto(AbstractPipeline.java:570)
	at java.base/java.util.stream.AbstractPipeline.wrapAndCopyInto(AbstractPipeline.java:560)
	at java.base/java.util.stream.ReduceOps$ReduceOp.evaluateSequential(ReduceOps.java:921)
	at java.base/java.util.stream.AbstractPipeline.evaluate(AbstractPipeline.java:265)
	at java.base/java.util.stream.ReferencePipeline.collect(ReferencePipeline.java:723)
	at com.tngtech.archunit.core.importer.DomainBuilders$BuilderWithBuildParameter$BuildFinisher.build(DomainBuilders.java:893)
	at com.tngtech.archunit.core.importer.ClassGraphCreator.createMethods(ClassGraphCreator.java:322)
	at com.tngtech.archunit.core.domain.JavaClassMembers.create(JavaClassMembers.java:352)
	at com.tngtech.archunit.core.domain.JavaClass.completeMembers(JavaClass.java:1476)
	at com.tngtech.archunit.core.domain.DomainObjectCreationContext.completeMembers(DomainObjectCreationContext.java:96)
	at com.tngtech.archunit.core.importer.ClassGraphCreator.completeClasses(ClassGraphCreator.java:120)
	at com.tngtech.archunit.core.importer.ClassGraphCreator.complete(ClassGraphCreator.java:108)
	at com.tngtech.archunit.core.importer.ClassFileProcessor.process(ClassFileProcessor.java:75)
	at com.tngtech.archunit.core.importer.ClassFileImporter.importLocations(ClassFileImporter.java:325)
	at com.tngtech.archunit.junit.internal.ClassCache$CacheClassFileImporter.importClasses(ClassCache.java:126)
	at com.tngtech.archunit.junit.internal.ClassCache$LazyJavaClasses.initialize(ClassCache.java:118)
	at com.tngtech.archunit.junit.internal.ClassCache$LazyJavaClasses.get(ClassCache.java:107)
	at com.tngtech.archunit.junit.internal.ClassCache.getClassesToAnalyzeFor(ClassCache.java:84)
	at com.tngtech.archunit.junit.internal.ArchUnitTestDescriptor.lambda$createChildren$1(ArchUnitTestDescriptor.java:89)
	at com.tngtech.archunit.junit.internal.ArchUnitTestDescriptor$ArchUnitRuleDescriptor.execute(ArchUnitTestDescriptor.java:166)
	at com.tngtech.archunit.junit.internal.ArchUnitTestDescriptor$ArchUnitRuleDescriptor.execute(ArchUnitTestDescriptor.java:149)
	at org.junit.platform.engine.support.hierarchical.NodeTestTask.lambda$executeRecursively$6(NodeTestTask.java:151)
	at org.junit.platform.engine.support.hierarchical.ThrowableCollector.execute(ThrowableCollector.java:73)
	at org.junit.platform.engine.support.hierarchical.NodeTestTask.lambda$executeRecursively$8(NodeTestTask.java:141)
	at org.junit.platform.engine.support.hierarchical.Node.around(Node.java:137)
	at org.junit.platform.engine.support.hierarchical.NodeTestTask.lambda$executeRecursively$9(NodeTestTask.java:139)
	at org.junit.platform.engine.support.hierarchical.ThrowableCollector.execute(ThrowableCollector.java:73)
	at org.junit.platform.engine.support.hierarchical.NodeTestTask.executeRecursively(NodeTestTask.java:138)
	at org.junit.platform.engine.support.hierarchical.NodeTestTask.execute(NodeTestTask.java:95)
	at java.base/java.util.ArrayList.forEach(ArrayList.java:1604)
	at org.junit.platform.engine.support.hierarchical.SameThreadHierarchicalTestExecutorService.invokeAll(SameThreadHierarchicalTestExecutorService.java:41)
	at org.junit.platform.engine.support.hierarchical.NodeTestTask.lambda$executeRecursively$6(NodeTestTask.java:155)
	at org.junit.platform.engine.support.hierarchical.ThrowableCollector.execute(ThrowableCollector.java:73)
	at org.junit.platform.engine.support.hierarchical.NodeTestTask.lambda$executeRecursively$8(NodeTestTask.java:141)
	at org.junit.platform.engine.support.hierarchical.Node.around(Node.java:137)
	at org.junit.platform.engine.support.hierarchical.NodeTestTask.lambda$executeRecursively$9(NodeTestTask.java:139)
	at org.junit.platform.engine.support.hierarchical.ThrowableCollector.execute(ThrowableCollector.java:73)
	at org.junit.platform.engine.support.hierarchical.NodeTestTask.executeRecursively(NodeTestTask.java:138)
	at org.junit.platform.engine.support.hierarchical.NodeTestTask.execute(NodeTestTask.java:95)
	at java.base/java.util.ArrayList.forEach(ArrayList.java:1604)
	at org.junit.platform.engine.support.hierarchical.SameThreadHierarchicalTestExecutorService.invokeAll(SameThreadHierarchicalTestExecutorService.java:41)
	at org.junit.platform.engine.support.hierarchical.NodeTestTask.lambda$executeRecursively$6(NodeTestTask.java:155)
	at org.junit.platform.engine.support.hierarchical.ThrowableCollector.execute(ThrowableCollector.java:73)
	at org.junit.platform.engine.support.hierarchical.NodeTestTask.lambda$executeRecursively$8(NodeTestTask.java:141)
	at org.junit.platform.engine.support.hierarchical.Node.around(Node.java:137)
	at org.junit.platform.engine.support.hierarchical.NodeTestTask.lambda$executeRecursively$9(NodeTestTask.java:139)
	at org.junit.platform.engine.support.hierarchical.ThrowableCollector.execute(ThrowableCollector.java:73)
	at org.junit.platform.engine.support.hierarchical.NodeTestTask.executeRecursively(NodeTestTask.java:138)
	at org.junit.platform.engine.support.hierarchical.NodeTestTask.execute(NodeTestTask.java:95)
	at org.junit.platform.engine.support.hierarchical.SameThreadHierarchicalTestExecutorService.submit(SameThreadHierarchicalTestExecutorService.java:35)
	at org.junit.platform.engine.support.hierarchical.HierarchicalTestExecutor.execute(HierarchicalTestExecutor.java:57)
	at org.junit.platform.engine.support.hierarchical.HierarchicalTestEngine.execute(HierarchicalTestEngine.java:54)
	at org.junit.platform.launcher.core.EngineExecutionOrchestrator.execute(EngineExecutionOrchestrator.java:198)
	at org.junit.platform.launcher.core.EngineExecutionOrchestrator.execute(EngineExecutionOrchestrator.java:169)
	at org.junit.platform.launcher.core.EngineExecutionOrchestrator.execute(EngineExecutionOrchestrator.java:93)
	at org.junit.platform.launcher.core.EngineExecutionOrchestrator.lambda$execute$0(EngineExecutionOrchestrator.java:58)
	at org.junit.platform.launcher.core.EngineExecutionOrchestrator.withInterceptedStreams(EngineExecutionOrchestrator.java:141)
	at org.junit.platform.launcher.core.EngineExecutionOrchestrator.execute(EngineExecutionOrchestrator.java:57)
	at org.junit.platform.launcher.core.DefaultLauncher.execute(DefaultLauncher.java:103)
	at org.junit.platform.launcher.core.DefaultLauncher.execute(DefaultLauncher.java:85)
	at org.junit.platform.launcher.core.DelegatingLauncher.execute(DelegatingLauncher.java:47)
	at org.apache.maven.surefire.junitplatform.LazyLauncher.execute(LazyLauncher.java:56)
	at org.apache.maven.surefire.junitplatform.JUnitPlatformProvider.execute(JUnitPlatformProvider.java:184)
	at org.apache.maven.surefire.junitplatform.JUnitPlatformProvider.invokeAllTests(JUnitPlatformProvider.java:148)
	at org.apache.maven.surefire.junitplatform.JUnitPlatformProvider.invoke(JUnitPlatformProvider.java:122)
	at org.apache.maven.surefire.booter.ForkedBooter.runSuitesInProcess(ForkedBooter.java:385)
	at org.apache.maven.surefire.booter.ForkedBooter.execute(ForkedBooter.java:162)
	at org.apache.maven.surefire.booter.ForkedBooter.run(ForkedBooter.java:507)
	at org.apache.maven.surefire.booter.ForkedBooter.main(ForkedBooter.java:495)
15:22:38.411 [main] WARN com.tngtech.archunit.core.importer.ClassFileProcessor -- Error during import from jrt:/java.base/java/io/IOException.class, falling back to simple import
java.lang.IllegalArgumentException: Unsupported class file major version 69
	at com.tngtech.archunit.thirdparty.org.objectweb.asm.ClassReader.<init>(ClassReader.java:200)
	at com.tngtech.archunit.thirdparty.org.objectweb.asm.ClassReader.<init>(ClassReader.java:180)
	at com.tngtech.archunit.thirdparty.org.objectweb.asm.ClassReader.<init>(ClassReader.java:166)
	at com.tngtech.archunit.thirdparty.org.objectweb.asm.ClassReader.<init>(ClassReader.java:288)
	at com.tngtech.archunit.core.importer.ClassFileProcessor$UriImporterOfProcessor.tryImport(ClassFileProcessor.java:350)
	at com.tngtech.archunit.core.importer.resolvers.ClassResolverFromClasspath.tryResolve(ClassResolverFromClasspath.java:51)
	at com.tngtech.archunit.core.importer.ImportedClasses.resolve(ImportedClasses.java:74)
	at com.tngtech.archunit.core.importer.ImportedClasses.getOrResolve(ImportedClasses.java:61)
	at com.tngtech.archunit.core.importer.DomainBuilders$JavaMemberBuilder.get(DomainBuilders.java:180)
	at com.tngtech.archunit.core.importer.DomainBuilders$JavaCodeUnitBuilder.asJavaClasses(DomainBuilders.java:330)
	at com.tngtech.archunit.core.importer.DomainBuilders$JavaCodeUnitBuilder.getThrowsClause(DomainBuilders.java:324)
	at com.tngtech.archunit.core.domain.JavaMethod.<init>(JavaMethod.java:45)
	at com.tngtech.archunit.core.domain.DomainObjectCreationContext.createJavaMethod(DomainObjectCreationContext.java:144)
	at com.tngtech.archunit.core.importer.DomainBuilders$JavaMethodBuilder.construct(DomainBuilders.java:374)
	at com.tngtech.archunit.core.importer.DomainBuilders$JavaMethodBuilder.construct(DomainBuilders.java:359)
	at com.tngtech.archunit.core.importer.DomainBuilders$JavaMemberBuilder.build(DomainBuilders.java:207)
	at com.tngtech.archunit.core.importer.DomainBuilders$JavaMemberBuilder.build(DomainBuilders.java:139)
	at com.tngtech.archunit.core.importer.DomainBuilders$BuilderWithBuildParameter$BuildFinisher.lambda$build$0(DomainBuilders.java:893)
	at java.base/java.util.stream.ReferencePipeline$3$1.accept(ReferencePipeline.java:214)
	at java.base/java.util.stream.ReferencePipeline$2$1.accept(ReferencePipeline.java:197)
	at java.base/java.util.HashMap$KeySpliterator.forEachRemaining(HashMap.java:1716)
	at java.base/java.util.stream.AbstractPipeline.copyInto(AbstractPipeline.java:570)
	at java.base/java.util.stream.AbstractPipeline.wrapAndCopyInto(AbstractPipeline.java:560)
	at java.base/java.util.stream.ReduceOps$ReduceOp.evaluateSequential(ReduceOps.java:921)
	at java.base/java.util.stream.AbstractPipeline.evaluate(AbstractPipeline.java:265)
	at java.base/java.util.stream.ReferencePipeline.collect(ReferencePipeline.java:723)
	at com.tngtech.archunit.core.importer.DomainBuilders$BuilderWithBuildParameter$BuildFinisher.build(DomainBuilders.java:893)
	at com.tngtech.archunit.core.importer.ClassGraphCreator.createMethods(ClassGraphCreator.java:322)
	at com.tngtech.archunit.core.domain.JavaClassMembers.create(JavaClassMembers.java:352)
	at com.tngtech.archunit.core.domain.JavaClass.completeMembers(JavaClass.java:1476)
	at com.tngtech.archunit.core.domain.DomainObjectCreationContext.completeMembers(DomainObjectCreationContext.java:96)
	at com.tngtech.archunit.core.importer.ClassGraphCreator.completeClasses(ClassGraphCreator.java:120)
	at com.tngtech.archunit.core.importer.ClassGraphCreator.complete(ClassGraphCreator.java:108)
	at com.tngtech.archunit.core.importer.ClassFileProcessor.process(ClassFileProcessor.java:75)
	at com.tngtech.archunit.core.importer.ClassFileImporter.importLocations(ClassFileImporter.java:325)
	at com.tngtech.archunit.junit.internal.ClassCache$CacheClassFileImporter.importClasses(ClassCache.java:126)
	at com.tngtech.archunit.junit.internal.ClassCache$LazyJavaClasses.initialize(ClassCache.java:118)
	at com.tngtech.archunit.junit.internal.ClassCache$LazyJavaClasses.get(ClassCache.java:107)
	at com.tngtech.archunit.junit.internal.ClassCache.getClassesToAnalyzeFor(ClassCache.java:84)
	at com.tngtech.archunit.junit.internal.ArchUnitTestDescriptor.lambda$createChildren$1(ArchUnitTestDescriptor.java:89)
	at com.tngtech.archunit.junit.internal.ArchUnitTestDescriptor$ArchUnitRuleDescriptor.execute(ArchUnitTestDescriptor.java:166)
	at com.tngtech.archunit.junit.internal.ArchUnitTestDescriptor$ArchUnitRuleDescriptor.execute(ArchUnitTestDescriptor.java:149)
	at org.junit.platform.engine.support.hierarchical.NodeTestTask.lambda$executeRecursively$6(NodeTestTask.java:151)
	at org.junit.platform.engine.support.hierarchical.ThrowableCollector.execute(ThrowableCollector.java:73)
	at org.junit.platform.engine.support.hierarchical.NodeTestTask.lambda$executeRecursively$8(NodeTestTask.java:141)
	at org.junit.platform.engine.support.hierarchical.Node.around(Node.java:137)
	at org.junit.platform.engine.support.hierarchical.NodeTestTask.lambda$executeRecursively$9(NodeTestTask.java:139)
	at org.junit.platform.engine.support.hierarchical.ThrowableCollector.execute(ThrowableCollector.java:73)
	at org.junit.platform.engine.support.hierarchical.NodeTestTask.executeRecursively(NodeTestTask.java:138)
	at org.junit.platform.engine.support.hierarchical.NodeTestTask.execute(NodeTestTask.java:95)
	at java.base/java.util.ArrayList.forEach(ArrayList.java:1604)
	at org.junit.platform.engine.support.hierarchical.SameThreadHierarchicalTestExecutorService.invokeAll(SameThreadHierarchicalTestExecutorService.java:41)
	at org.junit.platform.engine.support.hierarchical.NodeTestTask.lambda$executeRecursively$6(NodeTestTask.java:155)
	at org.junit.platform.engine.support.hierarchical.ThrowableCollector.execute(ThrowableCollector.java:73)
	at org.junit.platform.engine.support.hierarchical.NodeTestTask.lambda$executeRecursively$8(NodeTestTask.java:141)
	at org.junit.platform.engine.support.hierarchical.Node.around(Node.java:137)
	at org.junit.platform.engine.support.hierarchical.NodeTestTask.lambda$executeRecursively$9(NodeTestTask.java:139)
	at org.junit.platform.engine.support.hierarchical.ThrowableCollector.execute(ThrowableCollector.java:73)
	at org.junit.platform.engine.support.hierarchical.NodeTestTask.executeRecursively(NodeTestTask.java:138)
	at org.junit.platform.engine.support.hierarchical.NodeTestTask.execute(NodeTestTask.java:95)
	at java.base/java.util.ArrayList.forEach(ArrayList.java:1604)
	at org.junit.platform.engine.support.hierarchical.SameThreadHierarchicalTestExecutorService.invokeAll(SameThreadHierarchicalTestExecutorService.java:41)
	at org.junit.platform.engine.support.hierarchical.NodeTestTask.lambda$executeRecursively$6(NodeTestTask.java:155)
	at org.junit.platform.engine.support.hierarchical.ThrowableCollector.execute(ThrowableCollector.java:73)
	at org.junit.platform.engine.support.hierarchical.NodeTestTask.lambda$executeRecursively$8(NodeTestTask.java:141)
	at org.junit.platform.engine.support.hierarchical.Node.around(Node.java:137)
	at org.junit.platform.engine.support.hierarchical.NodeTestTask.lambda$executeRecursively$9(NodeTestTask.java:139)
	at org.junit.platform.engine.support.hierarchical.ThrowableCollector.execute(ThrowableCollector.java:73)
	at org.junit.platform.engine.support.hierarchical.NodeTestTask.executeRecursively(NodeTestTask.java:138)
	at org.junit.platform.engine.support.hierarchical.NodeTestTask.execute(NodeTestTask.java:95)
	at org.junit.platform.engine.support.hierarchical.SameThreadHierarchicalTestExecutorService.submit(SameThreadHierarchicalTestExecutorService.java:35)
	at org.junit.platform.engine.support.hierarchical.HierarchicalTestExecutor.execute(HierarchicalTestExecutor.java:57)
	at org.junit.platform.engine.support.hierarchical.HierarchicalTestEngine.execute(HierarchicalTestEngine.java:54)
	at org.junit.platform.launcher.core.EngineExecutionOrchestrator.execute(EngineExecutionOrchestrator.java:198)
	at org.junit.platform.launcher.core.EngineExecutionOrchestrator.execute(EngineExecutionOrchestrator.java:169)
	at org.junit.platform.launcher.core.EngineExecutionOrchestrator.execute(EngineExecutionOrchestrator.java:93)
	at org.junit.platform.launcher.core.EngineExecutionOrchestrator.lambda$execute$0(EngineExecutionOrchestrator.java:58)
	at org.junit.platform.launcher.core.EngineExecutionOrchestrator.withInterceptedStreams(EngineExecutionOrchestrator.java:141)
	at org.junit.platform.launcher.core.EngineExecutionOrchestrator.execute(EngineExecutionOrchestrator.java:57)
	at org.junit.platform.launcher.core.DefaultLauncher.execute(DefaultLauncher.java:103)
	at org.junit.platform.launcher.core.DefaultLauncher.execute(DefaultLauncher.java:85)
	at org.junit.platform.launcher.core.DelegatingLauncher.execute(DelegatingLauncher.java:47)
	at org.apache.maven.surefire.junitplatform.LazyLauncher.execute(LazyLauncher.java:56)
	at org.apache.maven.surefire.junitplatform.JUnitPlatformProvider.execute(JUnitPlatformProvider.java:184)
	at org.apache.maven.surefire.junitplatform.JUnitPlatformProvider.invokeAllTests(JUnitPlatformProvider.java:148)
	at org.apache.maven.surefire.junitplatform.JUnitPlatformProvider.invoke(JUnitPlatformProvider.java:122)
	at org.apache.maven.surefire.booter.ForkedBooter.runSuitesInProcess(ForkedBooter.java:385)
	at org.apache.maven.surefire.booter.ForkedBooter.execute(ForkedBooter.java:162)
	at org.apache.maven.surefire.booter.ForkedBooter.run(ForkedBooter.java:507)
	at org.apache.maven.surefire.booter.ForkedBooter.main(ForkedBooter.java:495)
15:22:38.413 [main] WARN com.tngtech.archunit.core.importer.ClassFileProcessor -- Error during import from jrt:/java.base/java/util/function/Predicate.class, falling back to simple import
java.lang.IllegalArgumentException: Unsupported class file major version 69
	at com.tngtech.archunit.thirdparty.org.objectweb.asm.ClassReader.<init>(ClassReader.java:200)
	at com.tngtech.archunit.thirdparty.org.objectweb.asm.ClassReader.<init>(ClassReader.java:180)
	at com.tngtech.archunit.thirdparty.org.objectweb.asm.ClassReader.<init>(ClassReader.java:166)
	at com.tngtech.archunit.thirdparty.org.objectweb.asm.ClassReader.<init>(ClassReader.java:288)
	at com.tngtech.archunit.core.importer.ClassFileProcessor$UriImporterOfProcessor.tryImport(ClassFileProcessor.java:350)
	at com.tngtech.archunit.core.importer.resolvers.ClassResolverFromClasspath.tryResolve(ClassResolverFromClasspath.java:51)
	at com.tngtech.archunit.core.importer.ImportedClasses.resolve(ImportedClasses.java:74)
	at com.tngtech.archunit.core.importer.ImportedClasses.getOrResolve(ImportedClasses.java:61)
	at com.tngtech.archunit.core.importer.DomainBuilders$JavaMemberBuilder.get(DomainBuilders.java:180)
	at com.tngtech.archunit.core.importer.DomainBuilders$JavaCodeUnitBuilder.getRawReturnType(DomainBuilders.java:290)
	at com.tngtech.archunit.core.domain.JavaCodeUnit$ReturnType.<init>(JavaCodeUnit.java:367)
	at com.tngtech.archunit.core.domain.JavaCodeUnit.<init>(JavaCodeUnit.java:81)
	at com.tngtech.archunit.core.domain.JavaMethod.<init>(JavaMethod.java:44)
	at com.tngtech.archunit.core.domain.DomainObjectCreationContext.createJavaMethod(DomainObjectCreationContext.java:144)
	at com.tngtech.archunit.core.importer.DomainBuilders$JavaMethodBuilder.construct(DomainBuilders.java:374)
	at com.tngtech.archunit.core.importer.DomainBuilders$JavaMethodBuilder.construct(DomainBuilders.java:359)
	at com.tngtech.archunit.core.importer.DomainBuilders$JavaMemberBuilder.build(DomainBuilders.java:207)
	at com.tngtech.archunit.core.importer.DomainBuilders$JavaMemberBuilder.build(DomainBuilders.java:139)
	at com.tngtech.archunit.core.importer.DomainBuilders$BuilderWithBuildParameter$BuildFinisher.lambda$build$0(DomainBuilders.java:893)
	at java.base/java.util.stream.ReferencePipeline$3$1.accept(ReferencePipeline.java:214)
	at java.base/java.util.stream.ReferencePipeline$2$1.accept(ReferencePipeline.java:197)
	at java.base/java.util.HashMap$KeySpliterator.forEachRemaining(HashMap.java:1716)
	at java.base/java.util.stream.AbstractPipeline.copyInto(AbstractPipeline.java:570)
	at java.base/java.util.stream.AbstractPipeline.wrapAndCopyInto(AbstractPipeline.java:560)
	at java.base/java.util.stream.ReduceOps$ReduceOp.evaluateSequential(ReduceOps.java:921)
	at java.base/java.util.stream.AbstractPipeline.evaluate(AbstractPipeline.java:265)
	at java.base/java.util.stream.ReferencePipeline.collect(ReferencePipeline.java:723)
	at com.tngtech.archunit.core.importer.DomainBuilders$BuilderWithBuildParameter$BuildFinisher.build(DomainBuilders.java:893)
	at com.tngtech.archunit.core.importer.ClassGraphCreator.createMethods(ClassGraphCreator.java:322)
	at com.tngtech.archunit.core.domain.JavaClassMembers.create(JavaClassMembers.java:352)
	at com.tngtech.archunit.core.domain.JavaClass.completeMembers(JavaClass.java:1476)
	at com.tngtech.archunit.core.domain.DomainObjectCreationContext.completeMembers(DomainObjectCreationContext.java:96)
	at com.tngtech.archunit.core.importer.ClassGraphCreator.completeClasses(ClassGraphCreator.java:120)
	at com.tngtech.archunit.core.importer.ClassGraphCreator.complete(ClassGraphCreator.java:108)
	at com.tngtech.archunit.core.importer.ClassFileProcessor.process(ClassFileProcessor.java:75)
	at com.tngtech.archunit.core.importer.ClassFileImporter.importLocations(ClassFileImporter.java:325)
	at com.tngtech.archunit.junit.internal.ClassCache$CacheClassFileImporter.importClasses(ClassCache.java:126)
	at com.tngtech.archunit.junit.internal.ClassCache$LazyJavaClasses.initialize(ClassCache.java:118)
	at com.tngtech.archunit.junit.internal.ClassCache$LazyJavaClasses.get(ClassCache.java:107)
	at com.tngtech.archunit.junit.internal.ClassCache.getClassesToAnalyzeFor(ClassCache.java:84)
	at com.tngtech.archunit.junit.internal.ArchUnitTestDescriptor.lambda$createChildren$1(ArchUnitTestDescriptor.java:89)
	at com.tngtech.archunit.junit.internal.ArchUnitTestDescriptor$ArchUnitRuleDescriptor.execute(ArchUnitTestDescriptor.java:166)
	at com.tngtech.archunit.junit.internal.ArchUnitTestDescriptor$ArchUnitRuleDescriptor.execute(ArchUnitTestDescriptor.java:149)
	at org.junit.platform.engine.support.hierarchical.NodeTestTask.lambda$executeRecursively$6(NodeTestTask.java:151)
	at org.junit.platform.engine.support.hierarchical.ThrowableCollector.execute(ThrowableCollector.java:73)
	at org.junit.platform.engine.support.hierarchical.NodeTestTask.lambda$executeRecursively$8(NodeTestTask.java:141)
	at org.junit.platform.engine.support.hierarchical.Node.around(Node.java:137)
	at org.junit.platform.engine.support.hierarchical.NodeTestTask.lambda$executeRecursively$9(NodeTestTask.java:139)
	at org.junit.platform.engine.support.hierarchical.ThrowableCollector.execute(ThrowableCollector.java:73)
	at org.junit.platform.engine.support.hierarchical.NodeTestTask.executeRecursively(NodeTestTask.java:138)
	at org.junit.platform.engine.support.hierarchical.NodeTestTask.execute(NodeTestTask.java:95)
	at java.base/java.util.ArrayList.forEach(ArrayList.java:1604)
	at org.junit.platform.engine.support.hierarchical.SameThreadHierarchicalTestExecutorService.invokeAll(SameThreadHierarchicalTestExecutorService.java:41)
	at org.junit.platform.engine.support.hierarchical.NodeTestTask.lambda$executeRecursively$6(NodeTestTask.java:155)
	at org.junit.platform.engine.support.hierarchical.ThrowableCollector.execute(ThrowableCollector.java:73)
	at org.junit.platform.engine.support.hierarchical.NodeTestTask.lambda$executeRecursively$8(NodeTestTask.java:141)
	at org.junit.platform.engine.support.hierarchical.Node.around(Node.java:137)
	at org.junit.platform.engine.support.hierarchical.NodeTestTask.lambda$executeRecursively$9(NodeTestTask.java:139)
	at org.junit.platform.engine.support.hierarchical.ThrowableCollector.execute(ThrowableCollector.java:73)
	at org.junit.platform.engine.support.hierarchical.NodeTestTask.executeRecursively(NodeTestTask.java:138)
	at org.junit.platform.engine.support.hierarchical.NodeTestTask.execute(NodeTestTask.java:95)
	at java.base/java.util.ArrayList.forEach(ArrayList.java:1604)
	at org.junit.platform.engine.support.hierarchical.SameThreadHierarchicalTestExecutorService.invokeAll(SameThreadHierarchicalTestExecutorService.java:41)
	at org.junit.platform.engine.support.hierarchical.NodeTestTask.lambda$executeRecursively$6(NodeTestTask.java:155)
	at org.junit.platform.engine.support.hierarchical.ThrowableCollector.execute(ThrowableCollector.java:73)
	at org.junit.platform.engine.support.hierarchical.NodeTestTask.lambda$executeRecursively$8(NodeTestTask.java:141)
	at org.junit.platform.engine.support.hierarchical.Node.around(Node.java:137)
	at org.junit.platform.engine.support.hierarchical.NodeTestTask.lambda$executeRecursively$9(NodeTestTask.java:139)
	at org.junit.platform.engine.support.hierarchical.ThrowableCollector.execute(ThrowableCollector.java:73)
	at org.junit.platform.engine.support.hierarchical.NodeTestTask.executeRecursively(NodeTestTask.java:138)
	at org.junit.platform.engine.support.hierarchical.NodeTestTask.execute(NodeTestTask.java:95)
	at org.junit.platform.engine.support.hierarchical.SameThreadHierarchicalTestExecutorService.submit(SameThreadHierarchicalTestExecutorService.java:35)
	at org.junit.platform.engine.support.hierarchical.HierarchicalTestExecutor.execute(HierarchicalTestExecutor.java:57)
	at org.junit.platform.engine.support.hierarchical.HierarchicalTestEngine.execute(HierarchicalTestEngine.java:54)
	at org.junit.platform.launcher.core.EngineExecutionOrchestrator.execute(EngineExecutionOrchestrator.java:198)
	at org.junit.platform.launcher.core.EngineExecutionOrchestrator.execute(EngineExecutionOrchestrator.java:169)
	at org.junit.platform.launcher.core.EngineExecutionOrchestrator.execute(EngineExecutionOrchestrator.java:93)
	at org.junit.platform.launcher.core.EngineExecutionOrchestrator.lambda$execute$0(EngineExecutionOrchestrator.java:58)
	at org.junit.platform.launcher.core.EngineExecutionOrchestrator.withInterceptedStreams(EngineExecutionOrchestrator.java:141)
	at org.junit.platform.launcher.core.EngineExecutionOrchestrator.execute(EngineExecutionOrchestrator.java:57)
	at org.junit.platform.launcher.core.DefaultLauncher.execute(DefaultLauncher.java:103)
	at org.junit.platform.launcher.core.DefaultLauncher.execute(DefaultLauncher.java:85)
	at org.junit.platform.launcher.core.DelegatingLauncher.execute(DelegatingLauncher.java:47)
	at org.apache.maven.surefire.junitplatform.LazyLauncher.execute(LazyLauncher.java:56)
	at org.apache.maven.surefire.junitplatform.JUnitPlatformProvider.execute(JUnitPlatformProvider.java:184)
	at org.apache.maven.surefire.junitplatform.JUnitPlatformProvider.invokeAllTests(JUnitPlatformProvider.java:148)
	at org.apache.maven.surefire.junitplatform.JUnitPlatformProvider.invoke(JUnitPlatformProvider.java:122)
	at org.apache.maven.surefire.booter.ForkedBooter.runSuitesInProcess(ForkedBooter.java:385)
	at org.apache.maven.surefire.booter.ForkedBooter.execute(ForkedBooter.java:162)
	at org.apache.maven.surefire.booter.ForkedBooter.run(ForkedBooter.java:507)
	at org.apache.maven.surefire.booter.ForkedBooter.main(ForkedBooter.java:495)
15:22:38.414 [main] WARN com.tngtech.archunit.core.importer.ClassFileProcessor -- Error during import from jrt:/java.base/java/lang/IllegalStateException.class, falling back to simple import
java.lang.IllegalArgumentException: Unsupported class file major version 69
	at com.tngtech.archunit.thirdparty.org.objectweb.asm.ClassReader.<init>(ClassReader.java:200)
	at com.tngtech.archunit.thirdparty.org.objectweb.asm.ClassReader.<init>(ClassReader.java:180)
	at com.tngtech.archunit.thirdparty.org.objectweb.asm.ClassReader.<init>(ClassReader.java:166)
	at com.tngtech.archunit.thirdparty.org.objectweb.asm.ClassReader.<init>(ClassReader.java:288)
	at com.tngtech.archunit.core.importer.ClassFileProcessor$UriImporterOfProcessor.tryImport(ClassFileProcessor.java:350)
	at com.tngtech.archunit.core.importer.resolvers.ClassResolverFromClasspath.tryResolve(ClassResolverFromClasspath.java:51)
	at com.tngtech.archunit.core.importer.ImportedClasses.resolve(ImportedClasses.java:74)
	at com.tngtech.archunit.core.importer.ImportedClasses.getOrResolve(ImportedClasses.java:61)
	at com.tngtech.archunit.core.importer.DomainBuilders$JavaMemberBuilder.get(DomainBuilders.java:180)
	at com.tngtech.archunit.core.importer.DomainBuilders$JavaCodeUnitBuilder.asJavaClasses(DomainBuilders.java:330)
	at com.tngtech.archunit.core.importer.DomainBuilders$JavaCodeUnitBuilder.getThrowsClause(DomainBuilders.java:324)
	at com.tngtech.archunit.core.domain.JavaMethod.<init>(JavaMethod.java:45)
	at com.tngtech.archunit.core.domain.DomainObjectCreationContext.createJavaMethod(DomainObjectCreationContext.java:144)
	at com.tngtech.archunit.core.importer.DomainBuilders$JavaMethodBuilder.construct(DomainBuilders.java:374)
	at com.tngtech.archunit.core.importer.DomainBuilders$JavaMethodBuilder.construct(DomainBuilders.java:359)
	at com.tngtech.archunit.core.importer.DomainBuilders$JavaMemberBuilder.build(DomainBuilders.java:207)
	at com.tngtech.archunit.core.importer.DomainBuilders$JavaMemberBuilder.build(DomainBuilders.java:139)
	at com.tngtech.archunit.core.importer.DomainBuilders$BuilderWithBuildParameter$BuildFinisher.lambda$build$0(DomainBuilders.java:893)
	at java.base/java.util.stream.ReferencePipeline$3$1.accept(ReferencePipeline.java:214)
	at java.base/java.util.stream.ReferencePipeline$2$1.accept(ReferencePipeline.java:197)
	at java.base/java.util.HashMap$KeySpliterator.forEachRemaining(HashMap.java:1716)
	at java.base/java.util.stream.AbstractPipeline.copyInto(AbstractPipeline.java:570)
	at java.base/java.util.stream.AbstractPipeline.wrapAndCopyInto(AbstractPipeline.java:560)
	at java.base/java.util.stream.ReduceOps$ReduceOp.evaluateSequential(ReduceOps.java:921)
	at java.base/java.util.stream.AbstractPipeline.evaluate(AbstractPipeline.java:265)
	at java.base/java.util.stream.ReferencePipeline.collect(ReferencePipeline.java:723)
	at com.tngtech.archunit.core.importer.DomainBuilders$BuilderWithBuildParameter$BuildFinisher.build(DomainBuilders.java:893)
	at com.tngtech.archunit.core.importer.ClassGraphCreator.createMethods(ClassGraphCreator.java:322)
	at com.tngtech.archunit.core.domain.JavaClassMembers.create(JavaClassMembers.java:352)
	at com.tngtech.archunit.core.domain.JavaClass.completeMembers(JavaClass.java:1476)
	at com.tngtech.archunit.core.domain.DomainObjectCreationContext.completeMembers(DomainObjectCreationContext.java:96)
	at com.tngtech.archunit.core.importer.ClassGraphCreator.completeClasses(ClassGraphCreator.java:120)
	at com.tngtech.archunit.core.importer.ClassGraphCreator.complete(ClassGraphCreator.java:108)
	at com.tngtech.archunit.core.importer.ClassFileProcessor.process(ClassFileProcessor.java:75)
	at com.tngtech.archunit.core.importer.ClassFileImporter.importLocations(ClassFileImporter.java:325)
	at com.tngtech.archunit.junit.internal.ClassCache$CacheClassFileImporter.importClasses(ClassCache.java:126)
	at com.tngtech.archunit.junit.internal.ClassCache$LazyJavaClasses.initialize(ClassCache.java:118)
	at com.tngtech.archunit.junit.internal.ClassCache$LazyJavaClasses.get(ClassCache.java:107)
	at com.tngtech.archunit.junit.internal.ClassCache.getClassesToAnalyzeFor(ClassCache.java:84)
	at com.tngtech.archunit.junit.internal.ArchUnitTestDescriptor.lambda$createChildren$1(ArchUnitTestDescriptor.java:89)
	at com.tngtech.archunit.junit.internal.ArchUnitTestDescriptor$ArchUnitRuleDescriptor.execute(ArchUnitTestDescriptor.java:166)
	at com.tngtech.archunit.junit.internal.ArchUnitTestDescriptor$ArchUnitRuleDescriptor.execute(ArchUnitTestDescriptor.java:149)
	at org.junit.platform.engine.support.hierarchical.NodeTestTask.lambda$executeRecursively$6(NodeTestTask.java:151)
	at org.junit.platform.engine.support.hierarchical.ThrowableCollector.execute(ThrowableCollector.java:73)
	at org.junit.platform.engine.support.hierarchical.NodeTestTask.lambda$executeRecursively$8(NodeTestTask.java:141)
	at org.junit.platform.engine.support.hierarchical.Node.around(Node.java:137)
	at org.junit.platform.engine.support.hierarchical.NodeTestTask.lambda$executeRecursively$9(NodeTestTask.java:139)
	at org.junit.platform.engine.support.hierarchical.ThrowableCollector.execute(ThrowableCollector.java:73)
	at org.junit.platform.engine.support.hierarchical.NodeTestTask.executeRecursively(NodeTestTask.java:138)
	at org.junit.platform.engine.support.hierarchical.NodeTestTask.execute(NodeTestTask.java:95)
	at java.base/java.util.ArrayList.forEach(ArrayList.java:1604)
	at org.junit.platform.engine.support.hierarchical.SameThreadHierarchicalTestExecutorService.invokeAll(SameThreadHierarchicalTestExecutorService.java:41)
	at org.junit.platform.engine.support.hierarchical.NodeTestTask.lambda$executeRecursively$6(NodeTestTask.java:155)
	at org.junit.platform.engine.support.hierarchical.ThrowableCollector.execute(ThrowableCollector.java:73)
	at org.junit.platform.engine.support.hierarchical.NodeTestTask.lambda$executeRecursively$8(NodeTestTask.java:141)
	at org.junit.platform.engine.support.hierarchical.Node.around(Node.java:137)
	at org.junit.platform.engine.support.hierarchical.NodeTestTask.lambda$executeRecursively$9(NodeTestTask.java:139)
	at org.junit.platform.engine.support.hierarchical.ThrowableCollector.execute(ThrowableCollector.java:73)
	at org.junit.platform.engine.support.hierarchical.NodeTestTask.executeRecursively(NodeTestTask.java:138)
	at org.junit.platform.engine.support.hierarchical.NodeTestTask.execute(NodeTestTask.java:95)
	at java.base/java.util.ArrayList.forEach(ArrayList.java:1604)
	at org.junit.platform.engine.support.hierarchical.SameThreadHierarchicalTestExecutorService.invokeAll(SameThreadHierarchicalTestExecutorService.java:41)
	at org.junit.platform.engine.support.hierarchical.NodeTestTask.lambda$executeRecursively$6(NodeTestTask.java:155)
	at org.junit.platform.engine.support.hierarchical.ThrowableCollector.execute(ThrowableCollector.java:73)
	at org.junit.platform.engine.support.hierarchical.NodeTestTask.lambda$executeRecursively$8(NodeTestTask.java:141)
	at org.junit.platform.engine.support.hierarchical.Node.around(Node.java:137)
	at org.junit.platform.engine.support.hierarchical.NodeTestTask.lambda$executeRecursively$9(NodeTestTask.java:139)
	at org.junit.platform.engine.support.hierarchical.ThrowableCollector.execute(ThrowableCollector.java:73)
	at org.junit.platform.engine.support.hierarchical.NodeTestTask.executeRecursively(NodeTestTask.java:138)
	at org.junit.platform.engine.support.hierarchical.NodeTestTask.execute(NodeTestTask.java:95)
	at org.junit.platform.engine.support.hierarchical.SameThreadHierarchicalTestExecutorService.submit(SameThreadHierarchicalTestExecutorService.java:35)
	at org.junit.platform.engine.support.hierarchical.HierarchicalTestExecutor.execute(HierarchicalTestExecutor.java:57)
	at org.junit.platform.engine.support.hierarchical.HierarchicalTestEngine.execute(HierarchicalTestEngine.java:54)
	at org.junit.platform.launcher.core.EngineExecutionOrchestrator.execute(EngineExecutionOrchestrator.java:198)
	at org.junit.platform.launcher.core.EngineExecutionOrchestrator.execute(EngineExecutionOrchestrator.java:169)
	at org.junit.platform.launcher.core.EngineExecutionOrchestrator.execute(EngineExecutionOrchestrator.java:93)
	at org.junit.platform.launcher.core.EngineExecutionOrchestrator.lambda$execute$0(EngineExecutionOrchestrator.java:58)
	at org.junit.platform.launcher.core.EngineExecutionOrchestrator.withInterceptedStreams(EngineExecutionOrchestrator.java:141)
	at org.junit.platform.launcher.core.EngineExecutionOrchestrator.execute(EngineExecutionOrchestrator.java:57)
	at org.junit.platform.launcher.core.DefaultLauncher.execute(DefaultLauncher.java:103)
	at org.junit.platform.launcher.core.DefaultLauncher.execute(DefaultLauncher.java:85)
	at org.junit.platform.launcher.core.DelegatingLauncher.execute(DelegatingLauncher.java:47)
	at org.apache.maven.surefire.junitplatform.LazyLauncher.execute(LazyLauncher.java:56)
	at org.apache.maven.surefire.junitplatform.JUnitPlatformProvider.execute(JUnitPlatformProvider.java:184)
	at org.apache.maven.surefire.junitplatform.JUnitPlatformProvider.invokeAllTests(JUnitPlatformProvider.java:148)
	at org.apache.maven.surefire.junitplatform.JUnitPlatformProvider.invoke(JUnitPlatformProvider.java:122)
	at org.apache.maven.surefire.booter.ForkedBooter.runSuitesInProcess(ForkedBooter.java:385)
	at org.apache.maven.surefire.booter.ForkedBooter.execute(ForkedBooter.java:162)
	at org.apache.maven.surefire.booter.ForkedBooter.run(ForkedBooter.java:507)
	at org.apache.maven.surefire.booter.ForkedBooter.main(ForkedBooter.java:495)
15:22:38.414 [main] WARN com.tngtech.archunit.core.importer.ClassFileProcessor -- Error during import from jrt:/java.base/java/time/Clock.class, falling back to simple import
java.lang.IllegalArgumentException: Unsupported class file major version 69
	at com.tngtech.archunit.thirdparty.org.objectweb.asm.ClassReader.<init>(ClassReader.java:200)
	at com.tngtech.archunit.thirdparty.org.objectweb.asm.ClassReader.<init>(ClassReader.java:180)
	at com.tngtech.archunit.thirdparty.org.objectweb.asm.ClassReader.<init>(ClassReader.java:166)
	at com.tngtech.archunit.thirdparty.org.objectweb.asm.ClassReader.<init>(ClassReader.java:288)
	at com.tngtech.archunit.core.importer.ClassFileProcessor$UriImporterOfProcessor.tryImport(ClassFileProcessor.java:350)
	at com.tngtech.archunit.core.importer.resolvers.ClassResolverFromClasspath.tryResolve(ClassResolverFromClasspath.java:51)
	at com.tngtech.archunit.core.importer.ImportedClasses.resolve(ImportedClasses.java:74)
	at com.tngtech.archunit.core.importer.ImportedClasses.getOrResolve(ImportedClasses.java:61)
	at com.tngtech.archunit.core.importer.DomainBuilders$JavaMemberBuilder.get(DomainBuilders.java:180)
	at com.tngtech.archunit.core.importer.DomainBuilders$JavaCodeUnitBuilder.asJavaClasses(DomainBuilders.java:330)
	at com.tngtech.archunit.core.importer.DomainBuilders$JavaCodeUnitBuilder.getRawParameterTypes(DomainBuilders.java:304)
	at com.tngtech.archunit.core.domain.JavaCodeUnit$Parameters.<init>(JavaCodeUnit.java:317)
	at com.tngtech.archunit.core.domain.JavaCodeUnit.<init>(JavaCodeUnit.java:82)
	at com.tngtech.archunit.core.domain.JavaConstructor.<init>(JavaConstructor.java:45)
	at com.tngtech.archunit.core.domain.DomainObjectCreationContext.createJavaConstructor(DomainObjectCreationContext.java:124)
	at com.tngtech.archunit.core.importer.DomainBuilders$JavaConstructorBuilder.construct(DomainBuilders.java:385)
	at com.tngtech.archunit.core.importer.DomainBuilders$JavaConstructorBuilder.construct(DomainBuilders.java:378)
	at com.tngtech.archunit.core.importer.DomainBuilders$JavaMemberBuilder.build(DomainBuilders.java:207)
	at com.tngtech.archunit.core.importer.DomainBuilders$JavaMemberBuilder.build(DomainBuilders.java:139)
	at com.tngtech.archunit.core.importer.DomainBuilders$BuilderWithBuildParameter$BuildFinisher.lambda$build$0(DomainBuilders.java:893)
	at java.base/java.util.stream.ReferencePipeline$3$1.accept(ReferencePipeline.java:214)
	at java.base/java.util.HashMap$KeySpliterator.forEachRemaining(HashMap.java:1716)
	at java.base/java.util.stream.AbstractPipeline.copyInto(AbstractPipeline.java:570)
	at java.base/java.util.stream.AbstractPipeline.wrapAndCopyInto(AbstractPipeline.java:560)
	at java.base/java.util.stream.ReduceOps$ReduceOp.evaluateSequential(ReduceOps.java:921)
	at java.base/java.util.stream.AbstractPipeline.evaluate(AbstractPipeline.java:265)
	at java.base/java.util.stream.ReferencePipeline.collect(ReferencePipeline.java:723)
	at com.tngtech.archunit.core.importer.DomainBuilders$BuilderWithBuildParameter$BuildFinisher.build(DomainBuilders.java:893)
	at com.tngtech.archunit.core.importer.DomainBuilders$BuilderWithBuildParameter$BuildFinisher.build(DomainBuilders.java:883)
	at com.tngtech.archunit.core.importer.ClassGraphCreator.createConstructors(ClassGraphCreator.java:334)
	at com.tngtech.archunit.core.domain.JavaClassMembers.create(JavaClassMembers.java:353)
	at com.tngtech.archunit.core.domain.JavaClass.completeMembers(JavaClass.java:1476)
	at com.tngtech.archunit.core.domain.DomainObjectCreationContext.completeMembers(DomainObjectCreationContext.java:96)
	at com.tngtech.archunit.core.importer.ClassGraphCreator.completeClasses(ClassGraphCreator.java:120)
	at com.tngtech.archunit.core.importer.ClassGraphCreator.complete(ClassGraphCreator.java:108)
	at com.tngtech.archunit.core.importer.ClassFileProcessor.process(ClassFileProcessor.java:75)
	at com.tngtech.archunit.core.importer.ClassFileImporter.importLocations(ClassFileImporter.java:325)
	at com.tngtech.archunit.junit.internal.ClassCache$CacheClassFileImporter.importClasses(ClassCache.java:126)
	at com.tngtech.archunit.junit.internal.ClassCache$LazyJavaClasses.initialize(ClassCache.java:118)
	at com.tngtech.archunit.junit.internal.ClassCache$LazyJavaClasses.get(ClassCache.java:107)
	at com.tngtech.archunit.junit.internal.ClassCache.getClassesToAnalyzeFor(ClassCache.java:84)
	at com.tngtech.archunit.junit.internal.ArchUnitTestDescriptor.lambda$createChildren$1(ArchUnitTestDescriptor.java:89)
	at com.tngtech.archunit.junit.internal.ArchUnitTestDescriptor$ArchUnitRuleDescriptor.execute(ArchUnitTestDescriptor.java:166)
	at com.tngtech.archunit.junit.internal.ArchUnitTestDescriptor$ArchUnitRuleDescriptor.execute(ArchUnitTestDescriptor.java:149)
	at org.junit.platform.engine.support.hierarchical.NodeTestTask.lambda$executeRecursively$6(NodeTestTask.java:151)
	at org.junit.platform.engine.support.hierarchical.ThrowableCollector.execute(ThrowableCollector.java:73)
	at org.junit.platform.engine.support.hierarchical.NodeTestTask.lambda$executeRecursively$8(NodeTestTask.java:141)
	at org.junit.platform.engine.support.hierarchical.Node.around(Node.java:137)
	at org.junit.platform.engine.support.hierarchical.NodeTestTask.lambda$executeRecursively$9(NodeTestTask.java:139)
	at org.junit.platform.engine.support.hierarchical.ThrowableCollector.execute(ThrowableCollector.java:73)
	at org.junit.platform.engine.support.hierarchical.NodeTestTask.executeRecursively(NodeTestTask.java:138)
	at org.junit.platform.engine.support.hierarchical.NodeTestTask.execute(NodeTestTask.java:95)
	at java.base/java.util.ArrayList.forEach(ArrayList.java:1604)
	at org.junit.platform.engine.support.hierarchical.SameThreadHierarchicalTestExecutorService.invokeAll(SameThreadHierarchicalTestExecutorService.java:41)
	at org.junit.platform.engine.support.hierarchical.NodeTestTask.lambda$executeRecursively$6(NodeTestTask.java:155)
	at org.junit.platform.engine.support.hierarchical.ThrowableCollector.execute(ThrowableCollector.java:73)
	at org.junit.platform.engine.support.hierarchical.NodeTestTask.lambda$executeRecursively$8(NodeTestTask.java:141)
	at org.junit.platform.engine.support.hierarchical.Node.around(Node.java:137)
	at org.junit.platform.engine.support.hierarchical.NodeTestTask.lambda$executeRecursively$9(NodeTestTask.java:139)
	at org.junit.platform.engine.support.hierarchical.ThrowableCollector.execute(ThrowableCollector.java:73)
	at org.junit.platform.engine.support.hierarchical.NodeTestTask.executeRecursively(NodeTestTask.java:138)
	at org.junit.platform.engine.support.hierarchical.NodeTestTask.execute(NodeTestTask.java:95)
	at java.base/java.util.ArrayList.forEach(ArrayList.java:1604)
	at org.junit.platform.engine.support.hierarchical.SameThreadHierarchicalTestExecutorService.invokeAll(SameThreadHierarchicalTestExecutorService.java:41)
	at org.junit.platform.engine.support.hierarchical.NodeTestTask.lambda$executeRecursively$6(NodeTestTask.java:155)
	at org.junit.platform.engine.support.hierarchical.ThrowableCollector.execute(ThrowableCollector.java:73)
	at org.junit.platform.engine.support.hierarchical.NodeTestTask.lambda$executeRecursively$8(NodeTestTask.java:141)
	at org.junit.platform.engine.support.hierarchical.Node.around(Node.java:137)
	at org.junit.platform.engine.support.hierarchical.NodeTestTask.lambda$executeRecursively$9(NodeTestTask.java:139)
	at org.junit.platform.engine.support.hierarchical.ThrowableCollector.execute(ThrowableCollector.java:73)
	at org.junit.platform.engine.support.hierarchical.NodeTestTask.executeRecursively(NodeTestTask.java:138)
	at org.junit.platform.engine.support.hierarchical.NodeTestTask.execute(NodeTestTask.java:95)
	at org.junit.platform.engine.support.hierarchical.SameThreadHierarchicalTestExecutorService.submit(SameThreadHierarchicalTestExecutorService.java:35)
	at org.junit.platform.engine.support.hierarchical.HierarchicalTestExecutor.execute(HierarchicalTestExecutor.java:57)
	at org.junit.platform.engine.support.hierarchical.HierarchicalTestEngine.execute(HierarchicalTestEngine.java:54)
	at org.junit.platform.launcher.core.EngineExecutionOrchestrator.execute(EngineExecutionOrchestrator.java:198)
	at org.junit.platform.launcher.core.EngineExecutionOrchestrator.execute(EngineExecutionOrchestrator.java:169)
	at org.junit.platform.launcher.core.EngineExecutionOrchestrator.execute(EngineExecutionOrchestrator.java:93)
	at org.junit.platform.launcher.core.EngineExecutionOrchestrator.lambda$execute$0(EngineExecutionOrchestrator.java:58)
	at org.junit.platform.launcher.core.EngineExecutionOrchestrator.withInterceptedStreams(EngineExecutionOrchestrator.java:141)
	at org.junit.platform.launcher.core.EngineExecutionOrchestrator.execute(EngineExecutionOrchestrator.java:57)
	at org.junit.platform.launcher.core.DefaultLauncher.execute(DefaultLauncher.java:103)
	at org.junit.platform.launcher.core.DefaultLauncher.execute(DefaultLauncher.java:85)
	at org.junit.platform.launcher.core.DelegatingLauncher.execute(DelegatingLauncher.java:47)
	at org.apache.maven.surefire.junitplatform.LazyLauncher.execute(LazyLauncher.java:56)
	at org.apache.maven.surefire.junitplatform.JUnitPlatformProvider.execute(JUnitPlatformProvider.java:184)
	at org.apache.maven.surefire.junitplatform.JUnitPlatformProvider.invokeAllTests(JUnitPlatformProvider.java:148)
	at org.apache.maven.surefire.junitplatform.JUnitPlatformProvider.invoke(JUnitPlatformProvider.java:122)
	at org.apache.maven.surefire.booter.ForkedBooter.runSuitesInProcess(ForkedBooter.java:385)
	at org.apache.maven.surefire.booter.ForkedBooter.execute(ForkedBooter.java:162)
	at org.apache.maven.surefire.booter.ForkedBooter.run(ForkedBooter.java:507)
	at org.apache.maven.surefire.booter.ForkedBooter.main(ForkedBooter.java:495)
15:22:38.414 [main] WARN com.tngtech.archunit.core.importer.ClassFileProcessor -- Error during import from jrt:/java.base/java/util/function/Consumer.class, falling back to simple import
java.lang.IllegalArgumentException: Unsupported class file major version 69
	at com.tngtech.archunit.thirdparty.org.objectweb.asm.ClassReader.<init>(ClassReader.java:200)
	at com.tngtech.archunit.thirdparty.org.objectweb.asm.ClassReader.<init>(ClassReader.java:180)
	at com.tngtech.archunit.thirdparty.org.objectweb.asm.ClassReader.<init>(ClassReader.java:166)
	at com.tngtech.archunit.thirdparty.org.objectweb.asm.ClassReader.<init>(ClassReader.java:288)
	at com.tngtech.archunit.core.importer.ClassFileProcessor$UriImporterOfProcessor.tryImport(ClassFileProcessor.java:350)
	at com.tngtech.archunit.core.importer.resolvers.ClassResolverFromClasspath.tryResolve(ClassResolverFromClasspath.java:51)
	at com.tngtech.archunit.core.importer.ImportedClasses.resolve(ImportedClasses.java:74)
	at com.tngtech.archunit.core.importer.ImportedClasses.getOrResolve(ImportedClasses.java:61)
	at com.tngtech.archunit.core.importer.DomainBuilders$JavaMemberBuilder.get(DomainBuilders.java:180)
	at com.tngtech.archunit.core.importer.DomainBuilders$JavaCodeUnitBuilder.asJavaClasses(DomainBuilders.java:330)
	at com.tngtech.archunit.core.importer.DomainBuilders$JavaCodeUnitBuilder.getRawParameterTypes(DomainBuilders.java:304)
	at com.tngtech.archunit.core.domain.JavaCodeUnit$Parameters.<init>(JavaCodeUnit.java:317)
	at com.tngtech.archunit.core.domain.JavaCodeUnit.<init>(JavaCodeUnit.java:82)
	at com.tngtech.archunit.core.domain.JavaMethod.<init>(JavaMethod.java:44)
	at com.tngtech.archunit.core.domain.DomainObjectCreationContext.createJavaMethod(DomainObjectCreationContext.java:144)
	at com.tngtech.archunit.core.importer.DomainBuilders$JavaMethodBuilder.construct(DomainBuilders.java:374)
	at com.tngtech.archunit.core.importer.DomainBuilders$JavaMethodBuilder.construct(DomainBuilders.java:359)
	at com.tngtech.archunit.core.importer.DomainBuilders$JavaMemberBuilder.build(DomainBuilders.java:207)
	at com.tngtech.archunit.core.importer.DomainBuilders$JavaMemberBuilder.build(DomainBuilders.java:139)
	at com.tngtech.archunit.core.importer.DomainBuilders$BuilderWithBuildParameter$BuildFinisher.lambda$build$0(DomainBuilders.java:893)
	at java.base/java.util.stream.ReferencePipeline$3$1.accept(ReferencePipeline.java:214)
	at java.base/java.util.stream.ReferencePipeline$2$1.accept(ReferencePipeline.java:197)
	at java.base/java.util.HashMap$KeySpliterator.forEachRemaining(HashMap.java:1716)
	at java.base/java.util.stream.AbstractPipeline.copyInto(AbstractPipeline.java:570)
	at java.base/java.util.stream.AbstractPipeline.wrapAndCopyInto(AbstractPipeline.java:560)
	at java.base/java.util.stream.ReduceOps$ReduceOp.evaluateSequential(ReduceOps.java:921)
	at java.base/java.util.stream.AbstractPipeline.evaluate(AbstractPipeline.java:265)
	at java.base/java.util.stream.ReferencePipeline.collect(ReferencePipeline.java:723)
	at com.tngtech.archunit.core.importer.DomainBuilders$BuilderWithBuildParameter$BuildFinisher.build(DomainBuilders.java:893)
	at com.tngtech.archunit.core.importer.ClassGraphCreator.createMethods(ClassGraphCreator.java:322)
	at com.tngtech.archunit.core.domain.JavaClassMembers.create(JavaClassMembers.java:352)
	at com.tngtech.archunit.core.domain.JavaClass.completeMembers(JavaClass.java:1476)
	at com.tngtech.archunit.core.domain.DomainObjectCreationContext.completeMembers(DomainObjectCreationContext.java:96)
	at com.tngtech.archunit.core.importer.ClassGraphCreator.completeClasses(ClassGraphCreator.java:120)
	at com.tngtech.archunit.core.importer.ClassGraphCreator.complete(ClassGraphCreator.java:108)
	at com.tngtech.archunit.core.importer.ClassFileProcessor.process(ClassFileProcessor.java:75)
	at com.tngtech.archunit.core.importer.ClassFileImporter.importLocations(ClassFileImporter.java:325)
	at com.tngtech.archunit.junit.internal.ClassCache$CacheClassFileImporter.importClasses(ClassCache.java:126)
	at com.tngtech.archunit.junit.internal.ClassCache$LazyJavaClasses.initialize(ClassCache.java:118)
	at com.tngtech.archunit.junit.internal.ClassCache$LazyJavaClasses.get(ClassCache.java:107)
	at com.tngtech.archunit.junit.internal.ClassCache.getClassesToAnalyzeFor(ClassCache.java:84)
	at com.tngtech.archunit.junit.internal.ArchUnitTestDescriptor.lambda$createChildren$1(ArchUnitTestDescriptor.java:89)
	at com.tngtech.archunit.junit.internal.ArchUnitTestDescriptor$ArchUnitRuleDescriptor.execute(ArchUnitTestDescriptor.java:166)
	at com.tngtech.archunit.junit.internal.ArchUnitTestDescriptor$ArchUnitRuleDescriptor.execute(ArchUnitTestDescriptor.java:149)
	at org.junit.platform.engine.support.hierarchical.NodeTestTask.lambda$executeRecursively$6(NodeTestTask.java:151)
	at org.junit.platform.engine.support.hierarchical.ThrowableCollector.execute(ThrowableCollector.java:73)
	at org.junit.platform.engine.support.hierarchical.NodeTestTask.lambda$executeRecursively$8(NodeTestTask.java:141)
	at org.junit.platform.engine.support.hierarchical.Node.around(Node.java:137)
	at org.junit.platform.engine.support.hierarchical.NodeTestTask.lambda$executeRecursively$9(NodeTestTask.java:139)
	at org.junit.platform.engine.support.hierarchical.ThrowableCollector.execute(ThrowableCollector.java:73)
	at org.junit.platform.engine.support.hierarchical.NodeTestTask.executeRecursively(NodeTestTask.java:138)
	at org.junit.platform.engine.support.hierarchical.NodeTestTask.execute(NodeTestTask.java:95)
	at java.base/java.util.ArrayList.forEach(ArrayList.java:1604)
	at org.junit.platform.engine.support.hierarchical.SameThreadHierarchicalTestExecutorService.invokeAll(SameThreadHierarchicalTestExecutorService.java:41)
	at org.junit.platform.engine.support.hierarchical.NodeTestTask.lambda$executeRecursively$6(NodeTestTask.java:155)
	at org.junit.platform.engine.support.hierarchical.ThrowableCollector.execute(ThrowableCollector.java:73)
	at org.junit.platform.engine.support.hierarchical.NodeTestTask.lambda$executeRecursively$8(NodeTestTask.java:141)
	at org.junit.platform.engine.support.hierarchical.Node.around(Node.java:137)
	at org.junit.platform.engine.support.hierarchical.NodeTestTask.lambda$executeRecursively$9(NodeTestTask.java:139)
	at org.junit.platform.engine.support.hierarchical.ThrowableCollector.execute(ThrowableCollector.java:73)
	at org.junit.platform.engine.support.hierarchical.NodeTestTask.executeRecursively(NodeTestTask.java:138)
	at org.junit.platform.engine.support.hierarchical.NodeTestTask.execute(NodeTestTask.java:95)
	at java.base/java.util.ArrayList.forEach(ArrayList.java:1604)
	at org.junit.platform.engine.support.hierarchical.SameThreadHierarchicalTestExecutorService.invokeAll(SameThreadHierarchicalTestExecutorService.java:41)
	at org.junit.platform.engine.support.hierarchical.NodeTestTask.lambda$executeRecursively$6(NodeTestTask.java:155)
	at org.junit.platform.engine.support.hierarchical.ThrowableCollector.execute(ThrowableCollector.java:73)
	at org.junit.platform.engine.support.hierarchical.NodeTestTask.lambda$executeRecursively$8(NodeTestTask.java:141)
	at org.junit.platform.engine.support.hierarchical.Node.around(Node.java:137)
	at org.junit.platform.engine.support.hierarchical.NodeTestTask.lambda$executeRecursively$9(NodeTestTask.java:139)
	at org.junit.platform.engine.support.hierarchical.ThrowableCollector.execute(ThrowableCollector.java:73)
	at org.junit.platform.engine.support.hierarchical.NodeTestTask.executeRecursively(NodeTestTask.java:138)
	at org.junit.platform.engine.support.hierarchical.NodeTestTask.execute(NodeTestTask.java:95)
	at org.junit.platform.engine.support.hierarchical.SameThreadHierarchicalTestExecutorService.submit(SameThreadHierarchicalTestExecutorService.java:35)
	at org.junit.platform.engine.support.hierarchical.HierarchicalTestExecutor.execute(HierarchicalTestExecutor.java:57)
	at org.junit.platform.engine.support.hierarchical.HierarchicalTestEngine.execute(HierarchicalTestEngine.java:54)
	at org.junit.platform.launcher.core.EngineExecutionOrchestrator.execute(EngineExecutionOrchestrator.java:198)
	at org.junit.platform.launcher.core.EngineExecutionOrchestrator.execute(EngineExecutionOrchestrator.java:169)
	at org.junit.platform.launcher.core.EngineExecutionOrchestrator.execute(EngineExecutionOrchestrator.java:93)
	at org.junit.platform.launcher.core.EngineExecutionOrchestrator.lambda$execute$0(EngineExecutionOrchestrator.java:58)
	at org.junit.platform.launcher.core.EngineExecutionOrchestrator.withInterceptedStreams(EngineExecutionOrchestrator.java:141)
	at org.junit.platform.launcher.core.EngineExecutionOrchestrator.execute(EngineExecutionOrchestrator.java:57)
	at org.junit.platform.launcher.core.DefaultLauncher.execute(DefaultLauncher.java:103)
	at org.junit.platform.launcher.core.DefaultLauncher.execute(DefaultLauncher.java:85)
	at org.junit.platform.launcher.core.DelegatingLauncher.execute(DelegatingLauncher.java:47)
	at org.apache.maven.surefire.junitplatform.LazyLauncher.execute(LazyLauncher.java:56)
	at org.apache.maven.surefire.junitplatform.JUnitPlatformProvider.execute(JUnitPlatformProvider.java:184)
	at org.apache.maven.surefire.junitplatform.JUnitPlatformProvider.invokeAllTests(JUnitPlatformProvider.java:148)
	at org.apache.maven.surefire.junitplatform.JUnitPlatformProvider.invoke(JUnitPlatformProvider.java:122)
	at org.apache.maven.surefire.booter.ForkedBooter.runSuitesInProcess(ForkedBooter.java:385)
	at org.apache.maven.surefire.booter.ForkedBooter.execute(ForkedBooter.java:162)
	at org.apache.maven.surefire.booter.ForkedBooter.run(ForkedBooter.java:507)
	at org.apache.maven.surefire.booter.ForkedBooter.main(ForkedBooter.java:495)
15:22:38.416 [main] WARN com.tngtech.archunit.core.importer.ClassFileProcessor -- Error during import from jrt:/java.base/java/util/Locale.class, falling back to simple import
java.lang.IllegalArgumentException: Unsupported class file major version 69
	at com.tngtech.archunit.thirdparty.org.objectweb.asm.ClassReader.<init>(ClassReader.java:200)
	at com.tngtech.archunit.thirdparty.org.objectweb.asm.ClassReader.<init>(ClassReader.java:180)
	at com.tngtech.archunit.thirdparty.org.objectweb.asm.ClassReader.<init>(ClassReader.java:166)
	at com.tngtech.archunit.thirdparty.org.objectweb.asm.ClassReader.<init>(ClassReader.java:288)
	at com.tngtech.archunit.core.importer.ClassFileProcessor$UriImporterOfProcessor.tryImport(ClassFileProcessor.java:350)
	at com.tngtech.archunit.core.importer.resolvers.ClassResolverFromClasspath.tryResolve(ClassResolverFromClasspath.java:51)
	at com.tngtech.archunit.core.importer.ImportedClasses.resolve(ImportedClasses.java:74)
	at com.tngtech.archunit.core.importer.ImportedClasses.getOrResolve(ImportedClasses.java:61)
	at com.tngtech.archunit.core.importer.DomainBuilders$JavaMemberBuilder.get(DomainBuilders.java:180)
	at com.tngtech.archunit.core.importer.DomainBuilders$JavaCodeUnitBuilder.asJavaClasses(DomainBuilders.java:330)
	at com.tngtech.archunit.core.importer.DomainBuilders$JavaCodeUnitBuilder.getRawParameterTypes(DomainBuilders.java:304)
	at com.tngtech.archunit.core.domain.JavaCodeUnit$Parameters.<init>(JavaCodeUnit.java:317)
	at com.tngtech.archunit.core.domain.JavaCodeUnit.<init>(JavaCodeUnit.java:82)
	at com.tngtech.archunit.core.domain.JavaMethod.<init>(JavaMethod.java:44)
	at com.tngtech.archunit.core.domain.DomainObjectCreationContext.createJavaMethod(DomainObjectCreationContext.java:144)
	at com.tngtech.archunit.core.importer.DomainBuilders$JavaMethodBuilder.construct(DomainBuilders.java:374)
	at com.tngtech.archunit.core.importer.DomainBuilders$JavaMethodBuilder.construct(DomainBuilders.java:359)
	at com.tngtech.archunit.core.importer.DomainBuilders$JavaMemberBuilder.build(DomainBuilders.java:207)
	at com.tngtech.archunit.core.importer.DomainBuilders$JavaMemberBuilder.build(DomainBuilders.java:139)
	at com.tngtech.archunit.core.importer.DomainBuilders$BuilderWithBuildParameter$BuildFinisher.lambda$build$0(DomainBuilders.java:893)
	at java.base/java.util.stream.ReferencePipeline$3$1.accept(ReferencePipeline.java:214)
	at java.base/java.util.stream.ReferencePipeline$2$1.accept(ReferencePipeline.java:197)
	at java.base/java.util.HashMap$KeySpliterator.forEachRemaining(HashMap.java:1716)
	at java.base/java.util.stream.AbstractPipeline.copyInto(AbstractPipeline.java:570)
	at java.base/java.util.stream.AbstractPipeline.wrapAndCopyInto(AbstractPipeline.java:560)
	at java.base/java.util.stream.ReduceOps$ReduceOp.evaluateSequential(ReduceOps.java:921)
	at java.base/java.util.stream.AbstractPipeline.evaluate(AbstractPipeline.java:265)
	at java.base/java.util.stream.ReferencePipeline.collect(ReferencePipeline.java:723)
	at com.tngtech.archunit.core.importer.DomainBuilders$BuilderWithBuildParameter$BuildFinisher.build(DomainBuilders.java:893)
	at com.tngtech.archunit.core.importer.ClassGraphCreator.createMethods(ClassGraphCreator.java:322)
	at com.tngtech.archunit.core.domain.JavaClassMembers.create(JavaClassMembers.java:352)
	at com.tngtech.archunit.core.domain.JavaClass.completeMembers(JavaClass.java:1476)
	at com.tngtech.archunit.core.domain.DomainObjectCreationContext.completeMembers(DomainObjectCreationContext.java:96)
	at com.tngtech.archunit.core.importer.ClassGraphCreator.completeClasses(ClassGraphCreator.java:120)
	at com.tngtech.archunit.core.importer.ClassGraphCreator.complete(ClassGraphCreator.java:108)
	at com.tngtech.archunit.core.importer.ClassFileProcessor.process(ClassFileProcessor.java:75)
	at com.tngtech.archunit.core.importer.ClassFileImporter.importLocations(ClassFileImporter.java:325)
	at com.tngtech.archunit.junit.internal.ClassCache$CacheClassFileImporter.importClasses(ClassCache.java:126)
	at com.tngtech.archunit.junit.internal.ClassCache$LazyJavaClasses.initialize(ClassCache.java:118)
	at com.tngtech.archunit.junit.internal.ClassCache$LazyJavaClasses.get(ClassCache.java:107)
	at com.tngtech.archunit.junit.internal.ClassCache.getClassesToAnalyzeFor(ClassCache.java:84)
	at com.tngtech.archunit.junit.internal.ArchUnitTestDescriptor.lambda$createChildren$1(ArchUnitTestDescriptor.java:89)
	at com.tngtech.archunit.junit.internal.ArchUnitTestDescriptor$ArchUnitRuleDescriptor.execute(ArchUnitTestDescriptor.java:166)
	at com.tngtech.archunit.junit.internal.ArchUnitTestDescriptor$ArchUnitRuleDescriptor.execute(ArchUnitTestDescriptor.java:149)
	at org.junit.platform.engine.support.hierarchical.NodeTestTask.lambda$executeRecursively$6(NodeTestTask.java:151)
	at org.junit.platform.engine.support.hierarchical.ThrowableCollector.execute(ThrowableCollector.java:73)
	at org.junit.platform.engine.support.hierarchical.NodeTestTask.lambda$executeRecursively$8(NodeTestTask.java:141)
	at org.junit.platform.engine.support.hierarchical.Node.around(Node.java:137)
	at org.junit.platform.engine.support.hierarchical.NodeTestTask.lambda$executeRecursively$9(NodeTestTask.java:139)
	at org.junit.platform.engine.support.hierarchical.ThrowableCollector.execute(ThrowableCollector.java:73)
	at org.junit.platform.engine.support.hierarchical.NodeTestTask.executeRecursively(NodeTestTask.java:138)
	at org.junit.platform.engine.support.hierarchical.NodeTestTask.execute(NodeTestTask.java:95)
	at java.base/java.util.ArrayList.forEach(ArrayList.java:1604)
	at org.junit.platform.engine.support.hierarchical.SameThreadHierarchicalTestExecutorService.invokeAll(SameThreadHierarchicalTestExecutorService.java:41)
	at org.junit.platform.engine.support.hierarchical.NodeTestTask.lambda$executeRecursively$6(NodeTestTask.java:155)
	at org.junit.platform.engine.support.hierarchical.ThrowableCollector.execute(ThrowableCollector.java:73)
	at org.junit.platform.engine.support.hierarchical.NodeTestTask.lambda$executeRecursively$8(NodeTestTask.java:141)
	at org.junit.platform.engine.support.hierarchical.Node.around(Node.java:137)
	at org.junit.platform.engine.support.hierarchical.NodeTestTask.lambda$executeRecursively$9(NodeTestTask.java:139)
	at org.junit.platform.engine.support.hierarchical.ThrowableCollector.execute(ThrowableCollector.java:73)
	at org.junit.platform.engine.support.hierarchical.NodeTestTask.executeRecursively(NodeTestTask.java:138)
	at org.junit.platform.engine.support.hierarchical.NodeTestTask.execute(NodeTestTask.java:95)
	at java.base/java.util.ArrayList.forEach(ArrayList.java:1604)
	at org.junit.platform.engine.support.hierarchical.SameThreadHierarchicalTestExecutorService.invokeAll(SameThreadHierarchicalTestExecutorService.java:41)
	at org.junit.platform.engine.support.hierarchical.NodeTestTask.lambda$executeRecursively$6(NodeTestTask.java:155)
	at org.junit.platform.engine.support.hierarchical.ThrowableCollector.execute(ThrowableCollector.java:73)
	at org.junit.platform.engine.support.hierarchical.NodeTestTask.lambda$executeRecursively$8(NodeTestTask.java:141)
	at org.junit.platform.engine.support.hierarchical.Node.around(Node.java:137)
	at org.junit.platform.engine.support.hierarchical.NodeTestTask.lambda$executeRecursively$9(NodeTestTask.java:139)
	at org.junit.platform.engine.support.hierarchical.ThrowableCollector.execute(ThrowableCollector.java:73)
	at org.junit.platform.engine.support.hierarchical.NodeTestTask.executeRecursively(NodeTestTask.java:138)
	at org.junit.platform.engine.support.hierarchical.NodeTestTask.execute(NodeTestTask.java:95)
	at org.junit.platform.engine.support.hierarchical.SameThreadHierarchicalTestExecutorService.submit(SameThreadHierarchicalTestExecutorService.java:35)
	at org.junit.platform.engine.support.hierarchical.HierarchicalTestExecutor.execute(HierarchicalTestExecutor.java:57)
	at org.junit.platform.engine.support.hierarchical.HierarchicalTestEngine.execute(HierarchicalTestEngine.java:54)
	at org.junit.platform.launcher.core.EngineExecutionOrchestrator.execute(EngineExecutionOrchestrator.java:198)
	at org.junit.platform.launcher.core.EngineExecutionOrchestrator.execute(EngineExecutionOrchestrator.java:169)
	at org.junit.platform.launcher.core.EngineExecutionOrchestrator.execute(EngineExecutionOrchestrator.java:93)
	at org.junit.platform.launcher.core.EngineExecutionOrchestrator.lambda$execute$0(EngineExecutionOrchestrator.java:58)
	at org.junit.platform.launcher.core.EngineExecutionOrchestrator.withInterceptedStreams(EngineExecutionOrchestrator.java:141)
	at org.junit.platform.launcher.core.EngineExecutionOrchestrator.execute(EngineExecutionOrchestrator.java:57)
	at org.junit.platform.launcher.core.DefaultLauncher.execute(DefaultLauncher.java:103)
	at org.junit.platform.launcher.core.DefaultLauncher.execute(DefaultLauncher.java:85)
	at org.junit.platform.launcher.core.DelegatingLauncher.execute(DelegatingLauncher.java:47)
	at org.apache.maven.surefire.junitplatform.LazyLauncher.execute(LazyLauncher.java:56)
	at org.apache.maven.surefire.junitplatform.JUnitPlatformProvider.execute(JUnitPlatformProvider.java:184)
	at org.apache.maven.surefire.junitplatform.JUnitPlatformProvider.invokeAllTests(JUnitPlatformProvider.java:148)
	at org.apache.maven.surefire.junitplatform.JUnitPlatformProvider.invoke(JUnitPlatformProvider.java:122)
	at org.apache.maven.surefire.booter.ForkedBooter.runSuitesInProcess(ForkedBooter.java:385)
	at org.apache.maven.surefire.booter.ForkedBooter.execute(ForkedBooter.java:162)
	at org.apache.maven.surefire.booter.ForkedBooter.run(ForkedBooter.java:507)
	at org.apache.maven.surefire.booter.ForkedBooter.main(ForkedBooter.java:495)
15:22:38.424 [main] WARN com.tngtech.archunit.core.importer.ClassFileProcessor -- Error during import from jrt:/java.base/java/lang/reflect/Type.class, falling back to simple import
java.lang.IllegalArgumentException: Unsupported class file major version 69
	at com.tngtech.archunit.thirdparty.org.objectweb.asm.ClassReader.<init>(ClassReader.java:200)
	at com.tngtech.archunit.thirdparty.org.objectweb.asm.ClassReader.<init>(ClassReader.java:180)
	at com.tngtech.archunit.thirdparty.org.objectweb.asm.ClassReader.<init>(ClassReader.java:166)
	at com.tngtech.archunit.thirdparty.org.objectweb.asm.ClassReader.<init>(ClassReader.java:288)
	at com.tngtech.archunit.core.importer.ClassFileProcessor$UriImporterOfProcessor.tryImport(ClassFileProcessor.java:350)
	at com.tngtech.archunit.core.importer.resolvers.ClassResolverFromClasspath.tryResolve(ClassResolverFromClasspath.java:51)
	at com.tngtech.archunit.core.importer.ImportedClasses.resolve(ImportedClasses.java:74)
	at com.tngtech.archunit.core.importer.ImportedClasses.getOrResolve(ImportedClasses.java:61)
	at com.tngtech.archunit.core.importer.DomainBuilders$JavaMemberBuilder.get(DomainBuilders.java:180)
	at com.tngtech.archunit.core.importer.DomainBuilders$JavaCodeUnitBuilder.getRawReturnType(DomainBuilders.java:290)
	at com.tngtech.archunit.core.domain.JavaCodeUnit$ReturnType.<init>(JavaCodeUnit.java:367)
	at com.tngtech.archunit.core.domain.JavaCodeUnit.<init>(JavaCodeUnit.java:81)
	at com.tngtech.archunit.core.domain.JavaMethod.<init>(JavaMethod.java:44)
	at com.tngtech.archunit.core.domain.DomainObjectCreationContext.createJavaMethod(DomainObjectCreationContext.java:144)
	at com.tngtech.archunit.core.importer.DomainBuilders$JavaMethodBuilder.construct(DomainBuilders.java:374)
	at com.tngtech.archunit.core.importer.DomainBuilders$JavaMethodBuilder.construct(DomainBuilders.java:359)
	at com.tngtech.archunit.core.importer.DomainBuilders$JavaMemberBuilder.build(DomainBuilders.java:207)
	at com.tngtech.archunit.core.importer.DomainBuilders$JavaMemberBuilder.build(DomainBuilders.java:139)
	at com.tngtech.archunit.core.importer.DomainBuilders$BuilderWithBuildParameter$BuildFinisher.lambda$build$0(DomainBuilders.java:893)
	at java.base/java.util.stream.ReferencePipeline$3$1.accept(ReferencePipeline.java:214)
	at java.base/java.util.stream.ReferencePipeline$2$1.accept(ReferencePipeline.java:197)
	at java.base/java.util.HashMap$KeySpliterator.forEachRemaining(HashMap.java:1716)
	at java.base/java.util.stream.AbstractPipeline.copyInto(AbstractPipeline.java:570)
	at java.base/java.util.stream.AbstractPipeline.wrapAndCopyInto(AbstractPipeline.java:560)
	at java.base/java.util.stream.ReduceOps$ReduceOp.evaluateSequential(ReduceOps.java:921)
	at java.base/java.util.stream.AbstractPipeline.evaluate(AbstractPipeline.java:265)
	at java.base/java.util.stream.ReferencePipeline.collect(ReferencePipeline.java:723)
	at com.tngtech.archunit.core.importer.DomainBuilders$BuilderWithBuildParameter$BuildFinisher.build(DomainBuilders.java:893)
	at com.tngtech.archunit.core.importer.ClassGraphCreator.createMethods(ClassGraphCreator.java:322)
	at com.tngtech.archunit.core.domain.JavaClassMembers.create(JavaClassMembers.java:352)
	at com.tngtech.archunit.core.domain.JavaClass.completeMembers(JavaClass.java:1476)
	at com.tngtech.archunit.core.domain.DomainObjectCreationContext.completeMembers(DomainObjectCreationContext.java:96)
	at com.tngtech.archunit.core.importer.ClassGraphCreator.completeClasses(ClassGraphCreator.java:120)
	at com.tngtech.archunit.core.importer.ClassGraphCreator.complete(ClassGraphCreator.java:108)
	at com.tngtech.archunit.core.importer.ClassFileProcessor.process(ClassFileProcessor.java:75)
	at com.tngtech.archunit.core.importer.ClassFileImporter.importLocations(ClassFileImporter.java:325)
	at com.tngtech.archunit.junit.internal.ClassCache$CacheClassFileImporter.importClasses(ClassCache.java:126)
	at com.tngtech.archunit.junit.internal.ClassCache$LazyJavaClasses.initialize(ClassCache.java:118)
	at com.tngtech.archunit.junit.internal.ClassCache$LazyJavaClasses.get(ClassCache.java:107)
	at com.tngtech.archunit.junit.internal.ClassCache.getClassesToAnalyzeFor(ClassCache.java:84)
	at com.tngtech.archunit.junit.internal.ArchUnitTestDescriptor.lambda$createChildren$1(ArchUnitTestDescriptor.java:89)
	at com.tngtech.archunit.junit.internal.ArchUnitTestDescriptor$ArchUnitRuleDescriptor.execute(ArchUnitTestDescriptor.java:166)
	at com.tngtech.archunit.junit.internal.ArchUnitTestDescriptor$ArchUnitRuleDescriptor.execute(ArchUnitTestDescriptor.java:149)
	at org.junit.platform.engine.support.hierarchical.NodeTestTask.lambda$executeRecursively$6(NodeTestTask.java:151)
	at org.junit.platform.engine.support.hierarchical.ThrowableCollector.execute(ThrowableCollector.java:73)
	at org.junit.platform.engine.support.hierarchical.NodeTestTask.lambda$executeRecursively$8(NodeTestTask.java:141)
	at org.junit.platform.engine.support.hierarchical.Node.around(Node.java:137)
	at org.junit.platform.engine.support.hierarchical.NodeTestTask.lambda$executeRecursively$9(NodeTestTask.java:139)
	at org.junit.platform.engine.support.hierarchical.ThrowableCollector.execute(ThrowableCollector.java:73)
	at org.junit.platform.engine.support.hierarchical.NodeTestTask.executeRecursively(NodeTestTask.java:138)
	at org.junit.platform.engine.support.hierarchical.NodeTestTask.execute(NodeTestTask.java:95)
	at java.base/java.util.ArrayList.forEach(ArrayList.java:1604)
	at org.junit.platform.engine.support.hierarchical.SameThreadHierarchicalTestExecutorService.invokeAll(SameThreadHierarchicalTestExecutorService.java:41)
	at org.junit.platform.engine.support.hierarchical.NodeTestTask.lambda$executeRecursively$6(NodeTestTask.java:155)
	at org.junit.platform.engine.support.hierarchical.ThrowableCollector.execute(ThrowableCollector.java:73)
	at org.junit.platform.engine.support.hierarchical.NodeTestTask.lambda$executeRecursively$8(NodeTestTask.java:141)
	at org.junit.platform.engine.support.hierarchical.Node.around(Node.java:137)
	at org.junit.platform.engine.support.hierarchical.NodeTestTask.lambda$executeRecursively$9(NodeTestTask.java:139)
	at org.junit.platform.engine.support.hierarchical.ThrowableCollector.execute(ThrowableCollector.java:73)
	at org.junit.platform.engine.support.hierarchical.NodeTestTask.executeRecursively(NodeTestTask.java:138)
	at org.junit.platform.engine.support.hierarchical.NodeTestTask.execute(NodeTestTask.java:95)
	at java.base/java.util.ArrayList.forEach(ArrayList.java:1604)
	at org.junit.platform.engine.support.hierarchical.SameThreadHierarchicalTestExecutorService.invokeAll(SameThreadHierarchicalTestExecutorService.java:41)
	at org.junit.platform.engine.support.hierarchical.NodeTestTask.lambda$executeRecursively$6(NodeTestTask.java:155)
	at org.junit.platform.engine.support.hierarchical.ThrowableCollector.execute(ThrowableCollector.java:73)
	at org.junit.platform.engine.support.hierarchical.NodeTestTask.lambda$executeRecursively$8(NodeTestTask.java:141)
	at org.junit.platform.engine.support.hierarchical.Node.around(Node.java:137)
	at org.junit.platform.engine.support.hierarchical.NodeTestTask.lambda$executeRecursively$9(NodeTestTask.java:139)
	at org.junit.platform.engine.support.hierarchical.ThrowableCollector.execute(ThrowableCollector.java:73)
	at org.junit.platform.engine.support.hierarchical.NodeTestTask.executeRecursively(NodeTestTask.java:138)
	at org.junit.platform.engine.support.hierarchical.NodeTestTask.execute(NodeTestTask.java:95)
	at org.junit.platform.engine.support.hierarchical.SameThreadHierarchicalTestExecutorService.submit(SameThreadHierarchicalTestExecutorService.java:35)
	at org.junit.platform.engine.support.hierarchical.HierarchicalTestExecutor.execute(HierarchicalTestExecutor.java:57)
	at org.junit.platform.engine.support.hierarchical.HierarchicalTestEngine.execute(HierarchicalTestEngine.java:54)
	at org.junit.platform.launcher.core.EngineExecutionOrchestrator.execute(EngineExecutionOrchestrator.java:198)
	at org.junit.platform.launcher.core.EngineExecutionOrchestrator.execute(EngineExecutionOrchestrator.java:169)
	at org.junit.platform.launcher.core.EngineExecutionOrchestrator.execute(EngineExecutionOrchestrator.java:93)
	at org.junit.platform.launcher.core.EngineExecutionOrchestrator.lambda$execute$0(EngineExecutionOrchestrator.java:58)
	at org.junit.platform.launcher.core.EngineExecutionOrchestrator.withInterceptedStreams(EngineExecutionOrchestrator.java:141)
	at org.junit.platform.launcher.core.EngineExecutionOrchestrator.execute(EngineExecutionOrchestrator.java:57)
	at org.junit.platform.launcher.core.DefaultLauncher.execute(DefaultLauncher.java:103)
	at org.junit.platform.launcher.core.DefaultLauncher.execute(DefaultLauncher.java:85)
	at org.junit.platform.launcher.core.DelegatingLauncher.execute(DelegatingLauncher.java:47)
	at org.apache.maven.surefire.junitplatform.LazyLauncher.execute(LazyLauncher.java:56)
	at org.apache.maven.surefire.junitplatform.JUnitPlatformProvider.execute(JUnitPlatformProvider.java:184)
	at org.apache.maven.surefire.junitplatform.JUnitPlatformProvider.invokeAllTests(JUnitPlatformProvider.java:148)
	at org.apache.maven.surefire.junitplatform.JUnitPlatformProvider.invoke(JUnitPlatformProvider.java:122)
	at org.apache.maven.surefire.booter.ForkedBooter.runSuitesInProcess(ForkedBooter.java:385)
	at org.apache.maven.surefire.booter.ForkedBooter.execute(ForkedBooter.java:162)
	at org.apache.maven.surefire.booter.ForkedBooter.run(ForkedBooter.java:507)
	at org.apache.maven.surefire.booter.ForkedBooter.main(ForkedBooter.java:495)
15:22:38.435 [main] WARN com.tngtech.archunit.core.importer.ClassFileProcessor -- Error during import from jrt:/java.base/java/lang/CharSequence.class, falling back to simple import
java.lang.IllegalArgumentException: Unsupported class file major version 69
	at com.tngtech.archunit.thirdparty.org.objectweb.asm.ClassReader.<init>(ClassReader.java:200)
	at com.tngtech.archunit.thirdparty.org.objectweb.asm.ClassReader.<init>(ClassReader.java:180)
	at com.tngtech.archunit.thirdparty.org.objectweb.asm.ClassReader.<init>(ClassReader.java:166)
	at com.tngtech.archunit.thirdparty.org.objectweb.asm.ClassReader.<init>(ClassReader.java:288)
	at com.tngtech.archunit.core.importer.ClassFileProcessor$UriImporterOfProcessor.tryImport(ClassFileProcessor.java:350)
	at com.tngtech.archunit.core.importer.resolvers.ClassResolverFromClasspath.tryResolve(ClassResolverFromClasspath.java:51)
	at com.tngtech.archunit.core.importer.ImportedClasses.resolve(ImportedClasses.java:74)
	at com.tngtech.archunit.core.importer.ImportedClasses.getOrResolve(ImportedClasses.java:61)
	at com.tngtech.archunit.core.importer.AccessRecord$Factory.getArgumentTypesFrom(AccessRecord.java:300)
	at com.tngtech.archunit.core.importer.AccessRecord$Factory.access$700(AccessRecord.java:67)
	at com.tngtech.archunit.core.importer.AccessRecord$Factory$MethodAccessTargetFactory.create(AccessRecord.java:182)
	at com.tngtech.archunit.core.importer.AccessRecord$Factory$MethodAccessTargetFactory.create(AccessRecord.java:172)
	at com.tngtech.archunit.core.importer.AccessRecord$Factory$RawAccessRecordProcessed.getTarget(AccessRecord.java:260)
	at com.tngtech.archunit.core.importer.ClassGraphCreator.accessBuilderFrom(ClassGraphCreator.java:251)
	at com.tngtech.archunit.core.importer.ClassGraphCreator.createMethodCallsFor(ClassGraphCreator.java:203)
	at com.tngtech.archunit.core.domain.JavaCodeUnit.completeFrom(JavaCodeUnit.java:293)
	at com.tngtech.archunit.core.domain.JavaClassMembers.completeFrom(JavaClassMembers.java:323)
	at com.tngtech.archunit.core.domain.JavaClass.completeFrom(JavaClass.java:1488)
	at com.tngtech.archunit.core.domain.JavaClasses.of(JavaClasses.java:203)
	at com.tngtech.archunit.core.domain.DomainObjectCreationContext.createJavaClasses(DomainObjectCreationContext.java:68)
	at com.tngtech.archunit.core.importer.ClassGraphCreator.complete(ClassGraphCreator.java:110)
	at com.tngtech.archunit.core.importer.ClassFileProcessor.process(ClassFileProcessor.java:75)
	at com.tngtech.archunit.core.importer.ClassFileImporter.importLocations(ClassFileImporter.java:325)
	at com.tngtech.archunit.junit.internal.ClassCache$CacheClassFileImporter.importClasses(ClassCache.java:126)
	at com.tngtech.archunit.junit.internal.ClassCache$LazyJavaClasses.initialize(ClassCache.java:118)
	at com.tngtech.archunit.junit.internal.ClassCache$LazyJavaClasses.get(ClassCache.java:107)
	at com.tngtech.archunit.junit.internal.ClassCache.getClassesToAnalyzeFor(ClassCache.java:84)
	at com.tngtech.archunit.junit.internal.ArchUnitTestDescriptor.lambda$createChildren$1(ArchUnitTestDescriptor.java:89)
	at com.tngtech.archunit.junit.internal.ArchUnitTestDescriptor$ArchUnitRuleDescriptor.execute(ArchUnitTestDescriptor.java:166)
	at com.tngtech.archunit.junit.internal.ArchUnitTestDescriptor$ArchUnitRuleDescriptor.execute(ArchUnitTestDescriptor.java:149)
	at org.junit.platform.engine.support.hierarchical.NodeTestTask.lambda$executeRecursively$6(NodeTestTask.java:151)
	at org.junit.platform.engine.support.hierarchical.ThrowableCollector.execute(ThrowableCollector.java:73)
	at org.junit.platform.engine.support.hierarchical.NodeTestTask.lambda$executeRecursively$8(NodeTestTask.java:141)
	at org.junit.platform.engine.support.hierarchical.Node.around(Node.java:137)
	at org.junit.platform.engine.support.hierarchical.NodeTestTask.lambda$executeRecursively$9(NodeTestTask.java:139)
	at org.junit.platform.engine.support.hierarchical.ThrowableCollector.execute(ThrowableCollector.java:73)
	at org.junit.platform.engine.support.hierarchical.NodeTestTask.executeRecursively(NodeTestTask.java:138)
	at org.junit.platform.engine.support.hierarchical.NodeTestTask.execute(NodeTestTask.java:95)
	at java.base/java.util.ArrayList.forEach(ArrayList.java:1604)
	at org.junit.platform.engine.support.hierarchical.SameThreadHierarchicalTestExecutorService.invokeAll(SameThreadHierarchicalTestExecutorService.java:41)
	at org.junit.platform.engine.support.hierarchical.NodeTestTask.lambda$executeRecursively$6(NodeTestTask.java:155)
	at org.junit.platform.engine.support.hierarchical.ThrowableCollector.execute(ThrowableCollector.java:73)
	at org.junit.platform.engine.support.hierarchical.NodeTestTask.lambda$executeRecursively$8(NodeTestTask.java:141)
	at org.junit.platform.engine.support.hierarchical.Node.around(Node.java:137)
	at org.junit.platform.engine.support.hierarchical.NodeTestTask.lambda$executeRecursively$9(NodeTestTask.java:139)
	at org.junit.platform.engine.support.hierarchical.ThrowableCollector.execute(ThrowableCollector.java:73)
	at org.junit.platform.engine.support.hierarchical.NodeTestTask.executeRecursively(NodeTestTask.java:138)
	at org.junit.platform.engine.support.hierarchical.NodeTestTask.execute(NodeTestTask.java:95)
	at java.base/java.util.ArrayList.forEach(ArrayList.java:1604)
	at org.junit.platform.engine.support.hierarchical.SameThreadHierarchicalTestExecutorService.invokeAll(SameThreadHierarchicalTestExecutorService.java:41)
	at org.junit.platform.engine.support.hierarchical.NodeTestTask.lambda$executeRecursively$6(NodeTestTask.java:155)
	at org.junit.platform.engine.support.hierarchical.ThrowableCollector.execute(ThrowableCollector.java:73)
	at org.junit.platform.engine.support.hierarchical.NodeTestTask.lambda$executeRecursively$8(NodeTestTask.java:141)
	at org.junit.platform.engine.support.hierarchical.Node.around(Node.java:137)
	at org.junit.platform.engine.support.hierarchical.NodeTestTask.lambda$executeRecursively$9(NodeTestTask.java:139)
	at org.junit.platform.engine.support.hierarchical.ThrowableCollector.execute(ThrowableCollector.java:73)
	at org.junit.platform.engine.support.hierarchical.NodeTestTask.executeRecursively(NodeTestTask.java:138)
	at org.junit.platform.engine.support.hierarchical.NodeTestTask.execute(NodeTestTask.java:95)
	at org.junit.platform.engine.support.hierarchical.SameThreadHierarchicalTestExecutorService.submit(SameThreadHierarchicalTestExecutorService.java:35)
	at org.junit.platform.engine.support.hierarchical.HierarchicalTestExecutor.execute(HierarchicalTestExecutor.java:57)
	at org.junit.platform.engine.support.hierarchical.HierarchicalTestEngine.execute(HierarchicalTestEngine.java:54)
	at org.junit.platform.launcher.core.EngineExecutionOrchestrator.execute(EngineExecutionOrchestrator.java:198)
	at org.junit.platform.launcher.core.EngineExecutionOrchestrator.execute(EngineExecutionOrchestrator.java:169)
	at org.junit.platform.launcher.core.EngineExecutionOrchestrator.execute(EngineExecutionOrchestrator.java:93)
	at org.junit.platform.launcher.core.EngineExecutionOrchestrator.lambda$execute$0(EngineExecutionOrchestrator.java:58)
	at org.junit.platform.launcher.core.EngineExecutionOrchestrator.withInterceptedStreams(EngineExecutionOrchestrator.java:141)
	at org.junit.platform.launcher.core.EngineExecutionOrchestrator.execute(EngineExecutionOrchestrator.java:57)
	at org.junit.platform.launcher.core.DefaultLauncher.execute(DefaultLauncher.java:103)
	at org.junit.platform.launcher.core.DefaultLauncher.execute(DefaultLauncher.java:85)
	at org.junit.platform.launcher.core.DelegatingLauncher.execute(DelegatingLauncher.java:47)
	at org.apache.maven.surefire.junitplatform.LazyLauncher.execute(LazyLauncher.java:56)
	at org.apache.maven.surefire.junitplatform.JUnitPlatformProvider.execute(JUnitPlatformProvider.java:184)
	at org.apache.maven.surefire.junitplatform.JUnitPlatformProvider.invokeAllTests(JUnitPlatformProvider.java:148)
	at org.apache.maven.surefire.junitplatform.JUnitPlatformProvider.invoke(JUnitPlatformProvider.java:122)
	at org.apache.maven.surefire.booter.ForkedBooter.runSuitesInProcess(ForkedBooter.java:385)
	at org.apache.maven.surefire.booter.ForkedBooter.execute(ForkedBooter.java:162)
	at org.apache.maven.surefire.booter.ForkedBooter.run(ForkedBooter.java:507)
	at org.apache.maven.surefire.booter.ForkedBooter.main(ForkedBooter.java:495)
]]></system-out>
  </testcase>
  <testcase name="application_should_not_depend_on_infrastructure" classname="HexagonalArchitectureTest" time="0.001"/>
  <testcase name="infrastructure_adapters_should_not_depend_on_input_adapters" classname="HexagonalArchitectureTest" time="0.001"/>
  <testcase name="domain_packages_should_follow_conventions" classname="HexagonalArchitectureTest" time="0.0"/>
  <testcase name="application_packages_should_follow_conventions" classname="HexagonalArchitectureTest" time="0.0"/>
  <testcase name="infrastructure_packages_should_follow_conventions" classname="HexagonalArchitectureTest" time="0.0"/>
  <testcase name="domain_should_not_use_spring_annotations" classname="HexagonalArchitectureTest" time="0.001"/>
  <testcase name="controllers_should_be_in_infrastructure_input" classname="HexagonalArchitectureTest" time="0.0"/>
  <testcase name="services_should_be_in_application_or_infrastructure" classname="HexagonalArchitectureTest" time="0.0"/>
  <testcase name="ports_should_be_interfaces_in_application" classname="HexagonalArchitectureTest" time="0.001"/>
  <testcase name="implementations_should_be_in_infrastructure" classname="HexagonalArchitectureTest" time="0.0"/>
</testsuite>