<?xml version="1.0" encoding="UTF-8"?>
<testsuite xmlns:xsi="http://www.w3.org/2001/XMLSchema-instance" xsi:noNamespaceSchemaLocation="https://maven.apache.org/surefire/maven-surefire-plugin/xsd/surefire-test-report-3.0.xsd" version="3.0" name="com.example.hexagonalapp.HexagonalArchitectureTest" time="0.48" tests="11" errors="0" skipped="0" failures="0">
  <properties>
    <property name="java.specification.version" value="25"/>
    <property name="sun.jnu.encoding" value="UTF-8"/>
    <property name="java.class.path" value="/Users/elturcofarid/Desarrollo/Servicio Base/target/test-classes:/Users/elturcofarid/Desarrollo/Servicio Base/target/classes:/Users/elturcofarid/.m2/repository/org/springframework/boot/spring-boot-starter-web/3.2.0/spring-boot-starter-web-3.2.0.jar:/Users/elturcofarid/.m2/repository/org/springframework/boot/spring-boot-starter/3.2.0/spring-boot-starter-3.2.0.jar:/Users/elturcofarid/.m2/repository/org/springframework/boot/spring-boot/3.2.0/spring-boot-3.2.0.jar:/Users/elturcofarid/.m2/repository/org/springframework/boot/spring-boot-autoconfigure/3.2.0/spring-boot-autoconfigure-3.2.0.jar:/Users/elturcofarid/.m2/repository/org/springframework/boot/spring-boot-starter-logging/3.2.0/spring-boot-starter-logging-3.2.0.jar:/Users/elturcofarid/.m2/repository/ch/qos/logback/logback-classic/1.4.11/logback-classic-1.4.11.jar:/Users/elturcofarid/.m2/repository/ch/qos/logback/logback-core/1.4.11/logback-core-1.4.11.jar:/Users/elturcofarid/.m2/repository/org/apache/logging/log4j/log4j-to-slf4j/2.21.1/log4j-to-slf4j-2.21.1.jar:/Users/elturcofarid/.m2/repository/org/apache/logging/log4j/log4j-api/2.21.1/log4j-api-2.21.1.jar:/Users/elturcofarid/.m2/repository/org/slf4j/jul-to-slf4j/2.0.9/jul-to-slf4j-2.0.9.jar:/Users/elturcofarid/.m2/repository/jakarta/annotation/jakarta.annotation-api/2.1.1/jakarta.annotation-api-2.1.1.jar:/Users/elturcofarid/.m2/repository/org/yaml/snakeyaml/2.2/snakeyaml-2.2.jar:/Users/elturcofarid/.m2/repository/org/springframework/boot/spring-boot-starter-json/3.2.0/spring-boot-starter-json-3.2.0.jar:/Users/elturcofarid/.m2/repository/com/fasterxml/jackson/core/jackson-databind/2.15.3/jackson-databind-2.15.3.jar:/Users/elturcofarid/.m2/repository/com/fasterxml/jackson/core/jackson-annotations/2.15.3/jackson-annotations-2.15.3.jar:/Users/elturcofarid/.m2/repository/com/fasterxml/jackson/core/jackson-core/2.15.3/jackson-core-2.15.3.jar:/Users/elturcofarid/.m2/repository/com/fasterxml/jackson/datatype/jackson-datatype-jdk8/2.15.3/jackson-datatype-jdk8-2.15.3.jar:/Users/elturcofarid/.m2/repository/com/fasterxml/jackson/datatype/jackson-datatype-jsr310/2.15.3/jackson-datatype-jsr310-2.15.3.jar:/Users/elturcofarid/.m2/repository/com/fasterxml/jackson/module/jackson-module-parameter-names/2.15.3/jackson-module-parameter-names-2.15.3.jar:/Users/elturcofarid/.m2/repository/org/springframework/boot/spring-boot-starter-tomcat/3.2.0/spring-boot-starter-tomcat-3.2.0.jar:/Users/elturcofarid/.m2/repository/org/apache/tomcat/embed/tomcat-embed-core/10.1.16/tomcat-embed-core-10.1.16.jar:/Users/elturcofarid/.m2/repository/org/apache/tomcat/embed/tomcat-embed-websocket/10.1.16/tomcat-embed-websocket-10.1.16.jar:/Users/elturcofarid/.m2/repository/org/springframework/spring-web/6.1.1/spring-web-6.1.1.jar:/Users/elturcofarid/.m2/repository/org/springframework/spring-beans/6.1.1/spring-beans-6.1.1.jar:/Users/elturcofarid/.m2/repository/io/micrometer/micrometer-observation/1.12.0/micrometer-observation-1.12.0.jar:/Users/elturcofarid/.m2/repository/io/micrometer/micrometer-commons/1.12.0/micrometer-commons-1.12.0.jar:/Users/elturcofarid/.m2/repository/org/springframework/spring-webmvc/6.1.1/spring-webmvc-6.1.1.jar:/Users/elturcofarid/.m2/repository/org/springframework/spring-aop/6.1.1/spring-aop-6.1.1.jar:/Users/elturcofarid/.m2/repository/org/springframework/spring-context/6.1.1/spring-context-6.1.1.jar:/Users/elturcofarid/.m2/repository/org/springframework/spring-expression/6.1.1/spring-expression-6.1.1.jar:/Users/elturcofarid/.m2/repository/org/springframework/boot/spring-boot-starter-data-jpa/3.2.0/spring-boot-starter-data-jpa-3.2.0.jar:/Users/elturcofarid/.m2/repository/org/springframework/boot/spring-boot-starter-aop/3.2.0/spring-boot-starter-aop-3.2.0.jar:/Users/elturcofarid/.m2/repository/org/aspectj/aspectjweaver/1.9.20.1/aspectjweaver-1.9.20.1.jar:/Users/elturcofarid/.m2/repository/org/springframework/boot/spring-boot-starter-jdbc/3.2.0/spring-boot-starter-jdbc-3.2.0.jar:/Users/elturcofarid/.m2/repository/com/zaxxer/HikariCP/5.0.1/HikariCP-5.0.1.jar:/Users/elturcofarid/.m2/repository/org/springframework/spring-jdbc/6.1.1/spring-jdbc-6.1.1.jar:/Users/elturcofarid/.m2/repository/org/hibernate/orm/hibernate-core/6.3.1.Final/hibernate-core-6.3.1.Final.jar:/Users/elturcofarid/.m2/repository/jakarta/persistence/jakarta.persistence-api/3.1.0/jakarta.persistence-api-3.1.0.jar:/Users/elturcofarid/.m2/repository/jakarta/transaction/jakarta.transaction-api/2.0.1/jakarta.transaction-api-2.0.1.jar:/Users/elturcofarid/.m2/repository/org/jboss/logging/jboss-logging/3.5.3.Final/jboss-logging-3.5.3.Final.jar:/Users/elturcofarid/.m2/repository/org/hibernate/common/hibernate-commons-annotations/6.0.6.Final/hibernate-commons-annotations-6.0.6.Final.jar:/Users/elturcofarid/.m2/repository/io/smallrye/jandex/3.1.2/jandex-3.1.2.jar:/Users/elturcofarid/.m2/repository/com/fasterxml/classmate/1.6.0/classmate-1.6.0.jar:/Users/elturcofarid/.m2/repository/org/glassfish/jaxb/jaxb-runtime/4.0.4/jaxb-runtime-4.0.4.jar:/Users/elturcofarid/.m2/repository/org/glassfish/jaxb/jaxb-core/4.0.4/jaxb-core-4.0.4.jar:/Users/elturcofarid/.m2/repository/org/eclipse/angus/angus-activation/2.0.1/angus-activation-2.0.1.jar:/Users/elturcofarid/.m2/repository/org/glassfish/jaxb/txw2/4.0.4/txw2-4.0.4.jar:/Users/elturcofarid/.m2/repository/com/sun/istack/istack-commons-runtime/4.1.2/istack-commons-runtime-4.1.2.jar:/Users/elturcofarid/.m2/repository/jakarta/inject/jakarta.inject-api/2.0.1/jakarta.inject-api-2.0.1.jar:/Users/elturcofarid/.m2/repository/org/antlr/antlr4-runtime/4.10.1/antlr4-runtime-4.10.1.jar:/Users/elturcofarid/.m2/repository/org/springframework/data/spring-data-jpa/3.2.0/spring-data-jpa-3.2.0.jar:/Users/elturcofarid/.m2/repository/org/springframework/data/spring-data-commons/3.2.0/spring-data-commons-3.2.0.jar:/Users/elturcofarid/.m2/repository/org/springframework/spring-orm/6.1.1/spring-orm-6.1.1.jar:/Users/elturcofarid/.m2/repository/org/springframework/spring-tx/6.1.1/spring-tx-6.1.1.jar:/Users/elturcofarid/.m2/repository/org/slf4j/slf4j-api/2.0.9/slf4j-api-2.0.9.jar:/Users/elturcofarid/.m2/repository/org/springframework/spring-aspects/6.1.1/spring-aspects-6.1.1.jar:/Users/elturcofarid/.m2/repository/org/springframework/boot/spring-boot-starter-validation/3.2.0/spring-boot-starter-validation-3.2.0.jar:/Users/elturcofarid/.m2/repository/org/apache/tomcat/embed/tomcat-embed-el/10.1.16/tomcat-embed-el-10.1.16.jar:/Users/elturcofarid/.m2/repository/org/hibernate/validator/hibernate-validator/8.0.1.Final/hibernate-validator-8.0.1.Final.jar:/Users/elturcofarid/.m2/repository/jakarta/validation/jakarta.validation-api/3.0.2/jakarta.validation-api-3.0.2.jar:/Users/elturcofarid/.m2/repository/org/springdoc/springdoc-openapi-starter-webmvc-ui/2.2.0/springdoc-openapi-starter-webmvc-ui-2.2.0.jar:/Users/elturcofarid/.m2/repository/org/springdoc/springdoc-openapi-starter-webmvc-api/2.2.0/springdoc-openapi-starter-webmvc-api-2.2.0.jar:/Users/elturcofarid/.m2/repository/org/springdoc/springdoc-openapi-starter-common/2.2.0/springdoc-openapi-starter-common-2.2.0.jar:/Users/elturcofarid/.m2/repository/io/swagger/core/v3/swagger-core-jakarta/2.2.15/swagger-core-jakarta-2.2.15.jar:/Users/elturcofarid/.m2/repository/org/apache/commons/commons-lang3/3.13.0/commons-lang3-3.13.0.jar:/Users/elturcofarid/.m2/repository/io/swagger/core/v3/swagger-annotations-jakarta/2.2.15/swagger-annotations-jakarta-2.2.15.jar:/Users/elturcofarid/.m2/repository/io/swagger/core/v3/swagger-models-jakarta/2.2.15/swagger-models-jakarta-2.2.15.jar:/Users/elturcofarid/.m2/repository/com/fasterxml/jackson/dataformat/jackson-dataformat-yaml/2.15.3/jackson-dataformat-yaml-2.15.3.jar:/Users/elturcofarid/.m2/repository/org/webjars/swagger-ui/5.2.0/swagger-ui-5.2.0.jar:/Users/elturcofarid/.m2/repository/com/h2database/h2/2.2.224/h2-2.2.224.jar:/Users/elturcofarid/.m2/repository/org/springframework/boot/spring-boot-starter-test/3.2.0/spring-boot-starter-test-3.2.0.jar:/Users/elturcofarid/.m2/repository/org/springframework/boot/spring-boot-test/3.2.0/spring-boot-test-3.2.0.jar:/Users/elturcofarid/.m2/repository/org/springframework/boot/spring-boot-test-autoconfigure/3.2.0/spring-boot-test-autoconfigure-3.2.0.jar:/Users/elturcofarid/.m2/repository/com/jayway/jsonpath/json-path/2.8.0/json-path-2.8.0.jar:/Users/elturcofarid/.m2/repository/jakarta/xml/bind/jakarta.xml.bind-api/4.0.1/jakarta.xml.bind-api-4.0.1.jar:/Users/elturcofarid/.m2/repository/jakarta/activation/jakarta.activation-api/2.1.2/jakarta.activation-api-2.1.2.jar:/Users/elturcofarid/.m2/repository/net/minidev/json-smart/2.5.0/json-smart-2.5.0.jar:/Users/elturcofarid/.m2/repository/net/minidev/accessors-smart/2.5.0/accessors-smart-2.5.0.jar:/Users/elturcofarid/.m2/repository/org/ow2/asm/asm/9.3/asm-9.3.jar:/Users/elturcofarid/.m2/repository/org/assertj/assertj-core/3.24.2/assertj-core-3.24.2.jar:/Users/elturcofarid/.m2/repository/org/awaitility/awaitility/4.2.0/awaitility-4.2.0.jar:/Users/elturcofarid/.m2/repository/org/hamcrest/hamcrest/2.2/hamcrest-2.2.jar:/Users/elturcofarid/.m2/repository/org/junit/jupiter/junit-jupiter/5.10.1/junit-jupiter-5.10.1.jar:/Users/elturcofarid/.m2/repository/org/junit/jupiter/junit-jupiter-api/5.10.1/junit-jupiter-api-5.10.1.jar:/Users/elturcofarid/.m2/repository/org/opentest4j/opentest4j/1.3.0/opentest4j-1.3.0.jar:/Users/elturcofarid/.m2/repository/org/junit/platform/junit-platform-commons/1.10.1/junit-platform-commons-1.10.1.jar:/Users/elturcofarid/.m2/repository/org/apiguardian/apiguardian-api/1.1.2/apiguardian-api-1.1.2.jar:/Users/elturcofarid/.m2/repository/org/junit/jupiter/junit-jupiter-params/5.10.1/junit-jupiter-params-5.10.1.jar:/Users/elturcofarid/.m2/repository/org/junit/jupiter/junit-jupiter-engine/5.10.1/junit-jupiter-engine-5.10.1.jar:/Users/elturcofarid/.m2/repository/org/junit/platform/junit-platform-engine/1.10.1/junit-platform-engine-1.10.1.jar:/Users/elturcofarid/.m2/repository/org/mockito/mockito-junit-jupiter/5.7.0/mockito-junit-jupiter-5.7.0.jar:/Users/elturcofarid/.m2/repository/org/skyscreamer/jsonassert/1.5.1/jsonassert-1.5.1.jar:/Users/elturcofarid/.m2/repository/com/vaadin/external/google/android-json/0.0.20131108.vaadin1/android-json-0.0.20131108.vaadin1.jar:/Users/elturcofarid/.m2/repository/org/springframework/spring-core/6.1.1/spring-core-6.1.1.jar:/Users/elturcofarid/.m2/repository/org/springframework/spring-jcl/6.1.1/spring-jcl-6.1.1.jar:/Users/elturcofarid/.m2/repository/org/springframework/spring-test/6.1.1/spring-test-6.1.1.jar:/Users/elturcofarid/.m2/repository/org/xmlunit/xmlunit-core/2.9.1/xmlunit-core-2.9.1.jar:/Users/elturcofarid/.m2/repository/org/mockito/mockito-core/5.11.0/mockito-core-5.11.0.jar:/Users/elturcofarid/.m2/repository/net/bytebuddy/byte-buddy-agent/1.14.10/byte-buddy-agent-1.14.10.jar:/Users/elturcofarid/.m2/repository/org/objenesis/objenesis/3.3/objenesis-3.3.jar:/Users/elturcofarid/.m2/repository/net/bytebuddy/byte-buddy/1.15.10/byte-buddy-1.15.10.jar:/Users/elturcofarid/.m2/repository/com/tngtech/archunit/archunit-junit5/1.3.0/archunit-junit5-1.3.0.jar:/Users/elturcofarid/.m2/repository/com/tngtech/archunit/archunit-junit5-api/1.3.0/archunit-junit5-api-1.3.0.jar:/Users/elturcofarid/.m2/repository/com/tngtech/archunit/archunit/1.3.0/archunit-1.3.0.jar:/Users/elturcofarid/.m2/repository/com/tngtech/archunit/archunit-junit5-engine/1.3.0/archunit-junit5-engine-1.3.0.jar:/Users/elturcofarid/.m2/repository/com/tngtech/archunit/archunit-junit5-engine-api/1.3.0/archunit-junit5-engine-api-1.3.0.jar:"/>
    <property name="java.vm.vendor" value="Homebrew"/>
    <property name="sun.arch.data.model" value="64"/>
    <property name="java.vendor.url" value="https://github.com/Homebrew/homebrew-core/issues"/>
    <property name="user.timezone" value="Europe/Madrid"/>
    <property name="org.jboss.logging.provider" value="slf4j"/>
    <property name="os.name" value="Mac OS X"/>
    <property name="java.vm.specification.version" value="25"/>
    <property name="sun.java.launcher" value="SUN_STANDARD"/>
    <property name="user.country" value="ES"/>
    <property name="sun.boot.library.path" value="/opt/homebrew/Cellar/openjdk/25/libexec/openjdk.jdk/Contents/Home/lib"/>
    <property name="sun.java.command" value="/Users/elturcofarid/Desarrollo/Servicio Base/target/surefire/surefirebooter-20251013133640946_3.jar /Users/elturcofarid/Desarrollo/Servicio Base/target/surefire 2025-10-13T13-36-40_915-jvmRun1 surefire-20251013133640946_1tmp surefire_0-20251013133640946_2tmp"/>
    <property name="http.nonProxyHosts" value="local|*.local|169.254/16|*.169.254/16"/>
    <property name="jdk.debug" value="release"/>
    <property name="surefire.test.class.path" value="/Users/elturcofarid/Desarrollo/Servicio Base/target/test-classes:/Users/elturcofarid/Desarrollo/Servicio Base/target/classes:/Users/elturcofarid/.m2/repository/org/springframework/boot/spring-boot-starter-web/3.2.0/spring-boot-starter-web-3.2.0.jar:/Users/elturcofarid/.m2/repository/org/springframework/boot/spring-boot-starter/3.2.0/spring-boot-starter-3.2.0.jar:/Users/elturcofarid/.m2/repository/org/springframework/boot/spring-boot/3.2.0/spring-boot-3.2.0.jar:/Users/elturcofarid/.m2/repository/org/springframework/boot/spring-boot-autoconfigure/3.2.0/spring-boot-autoconfigure-3.2.0.jar:/Users/elturcofarid/.m2/repository/org/springframework/boot/spring-boot-starter-logging/3.2.0/spring-boot-starter-logging-3.2.0.jar:/Users/elturcofarid/.m2/repository/ch/qos/logback/logback-classic/1.4.11/logback-classic-1.4.11.jar:/Users/elturcofarid/.m2/repository/ch/qos/logback/logback-core/1.4.11/logback-core-1.4.11.jar:/Users/elturcofarid/.m2/repository/org/apache/logging/log4j/log4j-to-slf4j/2.21.1/log4j-to-slf4j-2.21.1.jar:/Users/elturcofarid/.m2/repository/org/apache/logging/log4j/log4j-api/2.21.1/log4j-api-2.21.1.jar:/Users/elturcofarid/.m2/repository/org/slf4j/jul-to-slf4j/2.0.9/jul-to-slf4j-2.0.9.jar:/Users/elturcofarid/.m2/repository/jakarta/annotation/jakarta.annotation-api/2.1.1/jakarta.annotation-api-2.1.1.jar:/Users/elturcofarid/.m2/repository/org/yaml/snakeyaml/2.2/snakeyaml-2.2.jar:/Users/elturcofarid/.m2/repository/org/springframework/boot/spring-boot-starter-json/3.2.0/spring-boot-starter-json-3.2.0.jar:/Users/elturcofarid/.m2/repository/com/fasterxml/jackson/core/jackson-databind/2.15.3/jackson-databind-2.15.3.jar:/Users/elturcofarid/.m2/repository/com/fasterxml/jackson/core/jackson-annotations/2.15.3/jackson-annotations-2.15.3.jar:/Users/elturcofarid/.m2/repository/com/fasterxml/jackson/core/jackson-core/2.15.3/jackson-core-2.15.3.jar:/Users/elturcofarid/.m2/repository/com/fasterxml/jackson/datatype/jackson-datatype-jdk8/2.15.3/jackson-datatype-jdk8-2.15.3.jar:/Users/elturcofarid/.m2/repository/com/fasterxml/jackson/datatype/jackson-datatype-jsr310/2.15.3/jackson-datatype-jsr310-2.15.3.jar:/Users/elturcofarid/.m2/repository/com/fasterxml/jackson/module/jackson-module-parameter-names/2.15.3/jackson-module-parameter-names-2.15.3.jar:/Users/elturcofarid/.m2/repository/org/springframework/boot/spring-boot-starter-tomcat/3.2.0/spring-boot-starter-tomcat-3.2.0.jar:/Users/elturcofarid/.m2/repository/org/apache/tomcat/embed/tomcat-embed-core/10.1.16/tomcat-embed-core-10.1.16.jar:/Users/elturcofarid/.m2/repository/org/apache/tomcat/embed/tomcat-embed-websocket/10.1.16/tomcat-embed-websocket-10.1.16.jar:/Users/elturcofarid/.m2/repository/org/springframework/spring-web/6.1.1/spring-web-6.1.1.jar:/Users/elturcofarid/.m2/repository/org/springframework/spring-beans/6.1.1/spring-beans-6.1.1.jar:/Users/elturcofarid/.m2/repository/io/micrometer/micrometer-observation/1.12.0/micrometer-observation-1.12.0.jar:/Users/elturcofarid/.m2/repository/io/micrometer/micrometer-commons/1.12.0/micrometer-commons-1.12.0.jar:/Users/elturcofarid/.m2/repository/org/springframework/spring-webmvc/6.1.1/spring-webmvc-6.1.1.jar:/Users/elturcofarid/.m2/repository/org/springframework/spring-aop/6.1.1/spring-aop-6.1.1.jar:/Users/elturcofarid/.m2/repository/org/springframework/spring-context/6.1.1/spring-context-6.1.1.jar:/Users/elturcofarid/.m2/repository/org/springframework/spring-expression/6.1.1/spring-expression-6.1.1.jar:/Users/elturcofarid/.m2/repository/org/springframework/boot/spring-boot-starter-data-jpa/3.2.0/spring-boot-starter-data-jpa-3.2.0.jar:/Users/elturcofarid/.m2/repository/org/springframework/boot/spring-boot-starter-aop/3.2.0/spring-boot-starter-aop-3.2.0.jar:/Users/elturcofarid/.m2/repository/org/aspectj/aspectjweaver/1.9.20.1/aspectjweaver-1.9.20.1.jar:/Users/elturcofarid/.m2/repository/org/springframework/boot/spring-boot-starter-jdbc/3.2.0/spring-boot-starter-jdbc-3.2.0.jar:/Users/elturcofarid/.m2/repository/com/zaxxer/HikariCP/5.0.1/HikariCP-5.0.1.jar:/Users/elturcofarid/.m2/repository/org/springframework/spring-jdbc/6.1.1/spring-jdbc-6.1.1.jar:/Users/elturcofarid/.m2/repository/org/hibernate/orm/hibernate-core/6.3.1.Final/hibernate-core-6.3.1.Final.jar:/Users/elturcofarid/.m2/repository/jakarta/persistence/jakarta.persistence-api/3.1.0/jakarta.persistence-api-3.1.0.jar:/Users/elturcofarid/.m2/repository/jakarta/transaction/jakarta.transaction-api/2.0.1/jakarta.transaction-api-2.0.1.jar:/Users/elturcofarid/.m2/repository/org/jboss/logging/jboss-logging/3.5.3.Final/jboss-logging-3.5.3.Final.jar:/Users/elturcofarid/.m2/repository/org/hibernate/common/hibernate-commons-annotations/6.0.6.Final/hibernate-commons-annotations-6.0.6.Final.jar:/Users/elturcofarid/.m2/repository/io/smallrye/jandex/3.1.2/jandex-3.1.2.jar:/Users/elturcofarid/.m2/repository/com/fasterxml/classmate/1.6.0/classmate-1.6.0.jar:/Users/elturcofarid/.m2/repository/org/glassfish/jaxb/jaxb-runtime/4.0.4/jaxb-runtime-4.0.4.jar:/Users/elturcofarid/.m2/repository/org/glassfish/jaxb/jaxb-core/4.0.4/jaxb-core-4.0.4.jar:/Users/elturcofarid/.m2/repository/org/eclipse/angus/angus-activation/2.0.1/angus-activation-2.0.1.jar:/Users/elturcofarid/.m2/repository/org/glassfish/jaxb/txw2/4.0.4/txw2-4.0.4.jar:/Users/elturcofarid/.m2/repository/com/sun/istack/istack-commons-runtime/4.1.2/istack-commons-runtime-4.1.2.jar:/Users/elturcofarid/.m2/repository/jakarta/inject/jakarta.inject-api/2.0.1/jakarta.inject-api-2.0.1.jar:/Users/elturcofarid/.m2/repository/org/antlr/antlr4-runtime/4.10.1/antlr4-runtime-4.10.1.jar:/Users/elturcofarid/.m2/repository/org/springframework/data/spring-data-jpa/3.2.0/spring-data-jpa-3.2.0.jar:/Users/elturcofarid/.m2/repository/org/springframework/data/spring-data-commons/3.2.0/spring-data-commons-3.2.0.jar:/Users/elturcofarid/.m2/repository/org/springframework/spring-orm/6.1.1/spring-orm-6.1.1.jar:/Users/elturcofarid/.m2/repository/org/springframework/spring-tx/6.1.1/spring-tx-6.1.1.jar:/Users/elturcofarid/.m2/repository/org/slf4j/slf4j-api/2.0.9/slf4j-api-2.0.9.jar:/Users/elturcofarid/.m2/repository/org/springframework/spring-aspects/6.1.1/spring-aspects-6.1.1.jar:/Users/elturcofarid/.m2/repository/org/springframework/boot/spring-boot-starter-validation/3.2.0/spring-boot-starter-validation-3.2.0.jar:/Users/elturcofarid/.m2/repository/org/apache/tomcat/embed/tomcat-embed-el/10.1.16/tomcat-embed-el-10.1.16.jar:/Users/elturcofarid/.m2/repository/org/hibernate/validator/hibernate-validator/8.0.1.Final/hibernate-validator-8.0.1.Final.jar:/Users/elturcofarid/.m2/repository/jakarta/validation/jakarta.validation-api/3.0.2/jakarta.validation-api-3.0.2.jar:/Users/elturcofarid/.m2/repository/org/springdoc/springdoc-openapi-starter-webmvc-ui/2.2.0/springdoc-openapi-starter-webmvc-ui-2.2.0.jar:/Users/elturcofarid/.m2/repository/org/springdoc/springdoc-openapi-starter-webmvc-api/2.2.0/springdoc-openapi-starter-webmvc-api-2.2.0.jar:/Users/elturcofarid/.m2/repository/org/springdoc/springdoc-openapi-starter-common/2.2.0/springdoc-openapi-starter-common-2.2.0.jar:/Users/elturcofarid/.m2/repository/io/swagger/core/v3/swagger-core-jakarta/2.2.15/swagger-core-jakarta-2.2.15.jar:/Users/elturcofarid/.m2/repository/org/apache/commons/commons-lang3/3.13.0/commons-lang3-3.13.0.jar:/Users/elturcofarid/.m2/repository/io/swagger/core/v3/swagger-annotations-jakarta/2.2.15/swagger-annotations-jakarta-2.2.15.jar:/Users/elturcofarid/.m2/repository/io/swagger/core/v3/swagger-models-jakarta/2.2.15/swagger-models-jakarta-2.2.15.jar:/Users/elturcofarid/.m2/repository/com/fasterxml/jackson/dataformat/jackson-dataformat-yaml/2.15.3/jackson-dataformat-yaml-2.15.3.jar:/Users/elturcofarid/.m2/repository/org/webjars/swagger-ui/5.2.0/swagger-ui-5.2.0.jar:/Users/elturcofarid/.m2/repository/com/h2database/h2/2.2.224/h2-2.2.224.jar:/Users/elturcofarid/.m2/repository/org/springframework/boot/spring-boot-starter-test/3.2.0/spring-boot-starter-test-3.2.0.jar:/Users/elturcofarid/.m2/repository/org/springframework/boot/spring-boot-test/3.2.0/spring-boot-test-3.2.0.jar:/Users/elturcofarid/.m2/repository/org/springframework/boot/spring-boot-test-autoconfigure/3.2.0/spring-boot-test-autoconfigure-3.2.0.jar:/Users/elturcofarid/.m2/repository/com/jayway/jsonpath/json-path/2.8.0/json-path-2.8.0.jar:/Users/elturcofarid/.m2/repository/jakarta/xml/bind/jakarta.xml.bind-api/4.0.1/jakarta.xml.bind-api-4.0.1.jar:/Users/elturcofarid/.m2/repository/jakarta/activation/jakarta.activation-api/2.1.2/jakarta.activation-api-2.1.2.jar:/Users/elturcofarid/.m2/repository/net/minidev/json-smart/2.5.0/json-smart-2.5.0.jar:/Users/elturcofarid/.m2/repository/net/minidev/accessors-smart/2.5.0/accessors-smart-2.5.0.jar:/Users/elturcofarid/.m2/repository/org/ow2/asm/asm/9.3/asm-9.3.jar:/Users/elturcofarid/.m2/repository/org/assertj/assertj-core/3.24.2/assertj-core-3.24.2.jar:/Users/elturcofarid/.m2/repository/org/awaitility/awaitility/4.2.0/awaitility-4.2.0.jar:/Users/elturcofarid/.m2/repository/org/hamcrest/hamcrest/2.2/hamcrest-2.2.jar:/Users/elturcofarid/.m2/repository/org/junit/jupiter/junit-jupiter/5.10.1/junit-jupiter-5.10.1.jar:/Users/elturcofarid/.m2/repository/org/junit/jupiter/junit-jupiter-api/5.10.1/junit-jupiter-api-5.10.1.jar:/Users/elturcofarid/.m2/repository/org/opentest4j/opentest4j/1.3.0/opentest4j-1.3.0.jar:/Users/elturcofarid/.m2/repository/org/junit/platform/junit-platform-commons/1.10.1/junit-platform-commons-1.10.1.jar:/Users/elturcofarid/.m2/repository/org/apiguardian/apiguardian-api/1.1.2/apiguardian-api-1.1.2.jar:/Users/elturcofarid/.m2/repository/org/junit/jupiter/junit-jupiter-params/5.10.1/junit-jupiter-params-5.10.1.jar:/Users/elturcofarid/.m2/repository/org/junit/jupiter/junit-jupiter-engine/5.10.1/junit-jupiter-engine-5.10.1.jar:/Users/elturcofarid/.m2/repository/org/junit/platform/junit-platform-engine/1.10.1/junit-platform-engine-1.10.1.jar:/Users/elturcofarid/.m2/repository/org/mockito/mockito-junit-jupiter/5.7.0/mockito-junit-jupiter-5.7.0.jar:/Users/elturcofarid/.m2/repository/org/skyscreamer/jsonassert/1.5.1/jsonassert-1.5.1.jar:/Users/elturcofarid/.m2/repository/com/vaadin/external/google/android-json/0.0.20131108.vaadin1/android-json-0.0.20131108.vaadin1.jar:/Users/elturcofarid/.m2/repository/org/springframework/spring-core/6.1.1/spring-core-6.1.1.jar:/Users/elturcofarid/.m2/repository/org/springframework/spring-jcl/6.1.1/spring-jcl-6.1.1.jar:/Users/elturcofarid/.m2/repository/org/springframework/spring-test/6.1.1/spring-test-6.1.1.jar:/Users/elturcofarid/.m2/repository/org/xmlunit/xmlunit-core/2.9.1/xmlunit-core-2.9.1.jar:/Users/elturcofarid/.m2/repository/org/mockito/mockito-core/5.11.0/mockito-core-5.11.0.jar:/Users/elturcofarid/.m2/repository/net/bytebuddy/byte-buddy-agent/1.14.10/byte-buddy-agent-1.14.10.jar:/Users/elturcofarid/.m2/repository/org/objenesis/objenesis/3.3/objenesis-3.3.jar:/Users/elturcofarid/.m2/repository/net/bytebuddy/byte-buddy/1.15.10/byte-buddy-1.15.10.jar:/Users/elturcofarid/.m2/repository/com/tngtech/archunit/archunit-junit5/1.3.0/archunit-junit5-1.3.0.jar:/Users/elturcofarid/.m2/repository/com/tngtech/archunit/archunit-junit5-api/1.3.0/archunit-junit5-api-1.3.0.jar:/Users/elturcofarid/.m2/repository/com/tngtech/archunit/archunit/1.3.0/archunit-1.3.0.jar:/Users/elturcofarid/.m2/repository/com/tngtech/archunit/archunit-junit5-engine/1.3.0/archunit-junit5-engine-1.3.0.jar:/Users/elturcofarid/.m2/repository/com/tngtech/archunit/archunit-junit5-engine-api/1.3.0/archunit-junit5-engine-api-1.3.0.jar:"/>
    <property name="sun.cpu.endian" value="little"/>
    <property name="user.home" value="/Users/elturcofarid"/>
    <property name="user.language" value="es"/>
    <property name="java.specification.vendor" value="Oracle Corporation"/>
    <property name="java.version.date" value="2025-09-16"/>
    <property name="java.home" value="/opt/homebrew/Cellar/openjdk/25/libexec/openjdk.jdk/Contents/Home"/>
    <property name="file.separator" value="/"/>
    <property name="basedir" value="/Users/elturcofarid/Desarrollo/Servicio Base"/>
    <property name="java.vm.compressedOopsMode" value="Zero based"/>
    <property name="line.separator" value="&#10;"/>
    <property name="java.vm.specification.vendor" value="Oracle Corporation"/>
    <property name="java.specification.name" value="Java Platform API Specification"/>
    <property name="FILE_LOG_CHARSET" value="UTF-8"/>
    <property name="java.awt.headless" value="true"/>
    <property name="apple.awt.application.name" value="ForkedBooter"/>
    <property name="surefire.real.class.path" value="/Users/elturcofarid/Desarrollo/Servicio Base/target/surefire/surefirebooter-20251013133640946_3.jar"/>
    <property name="sun.management.compiler" value="HotSpot 64-Bit Tiered Compilers"/>
    <property name="ftp.nonProxyHosts" value="local|*.local|169.254/16|*.169.254/16"/>
    <property name="java.runtime.version" value="25"/>
    <property name="user.name" value="elturcofarid"/>
    <property name="stdout.encoding" value="UTF-8"/>
    <property name="path.separator" value=":"/>
    <property name="os.version" value="26.0"/>
    <property name="java.runtime.name" value="OpenJDK Runtime Environment"/>
    <property name="file.encoding" value="UTF-8"/>
    <property name="java.vm.name" value="OpenJDK 64-Bit Server VM"/>
    <property name="java.vendor.version" value="Homebrew"/>
    <property name="localRepository" value="/Users/elturcofarid/.m2/repository"/>
    <property name="java.vendor.url.bug" value="https://github.com/Homebrew/homebrew-core/issues"/>
    <property name="java.io.tmpdir" value="/var/folders/8k/wsqqkvxj5fd9qfg1drlfxh3m0000gn/T/"/>
    <property name="java.version" value="25"/>
    <property name="user.dir" value="/Users/elturcofarid/Desarrollo/Servicio Base"/>
    <property name="os.arch" value="aarch64"/>
    <property name="java.vm.specification.name" value="Java Virtual Machine Specification"/>
    <property name="PID" value="80616"/>
    <property name="CONSOLE_LOG_CHARSET" value="UTF-8"/>
    <property name="native.encoding" value="UTF-8"/>
    <property name="java.library.path" value="/Users/elturcofarid/Library/Java/Extensions:/Library/Java/Extensions:/Network/Library/Java/Extensions:/System/Library/Java/Extensions:/usr/lib/java:."/>
    <property name="java.vm.info" value="mixed mode, sharing"/>
    <property name="stderr.encoding" value="UTF-8"/>
    <property name="java.vendor" value="Homebrew"/>
    <property name="java.vm.version" value="25"/>
    <property name="stdin.encoding" value="UTF-8"/>
    <property name="sun.io.unicode.encoding" value="UnicodeBig"/>
    <property name="socksNonProxyHosts" value="local|*.local|169.254/16|*.169.254/16"/>
    <property name="java.class.version" value="69.0"/>
    <property name="LOGGED_APPLICATION_NAME" value="[hexagonal-app] "/>
  </properties>
  <testcase name="domain_should_not_depend_on_application_or_infrastructure" classname="HexagonalArchitectureTest" time="0.475">
    <system-out><![CDATA[2025-10-13T13:36:42.241+02:00  INFO 80616 --- [hexagonal-app] [           main] com.tngtech.archunit.core.PluginLoader   : Detected Java version 25
2025-10-13T13:36:42.469+02:00  WARN 80616 --- [hexagonal-app] [           main] c.t.a.core.importer.ClassFileProcessor   : Error during import from jrt:/java.base/java/lang/System.class, falling back to simple import

java.lang.IllegalArgumentException: Unsupported class file major version 69
	at com.tngtech.archunit.thirdparty.org.objectweb.asm.ClassReader.<init>(ClassReader.java:200) ~[archunit-1.3.0.jar:1.3.0]
	at com.tngtech.archunit.thirdparty.org.objectweb.asm.ClassReader.<init>(ClassReader.java:180) ~[archunit-1.3.0.jar:1.3.0]
	at com.tngtech.archunit.thirdparty.org.objectweb.asm.ClassReader.<init>(ClassReader.java:166) ~[archunit-1.3.0.jar:1.3.0]
	at com.tngtech.archunit.thirdparty.org.objectweb.asm.ClassReader.<init>(ClassReader.java:288) ~[archunit-1.3.0.jar:1.3.0]
	at com.tngtech.archunit.core.importer.ClassFileProcessor$UriImporterOfProcessor.tryImport(ClassFileProcessor.java:350) ~[archunit-1.3.0.jar:1.3.0]
	at com.tngtech.archunit.core.importer.resolvers.ClassResolverFromClasspath.tryResolve(ClassResolverFromClasspath.java:51) ~[archunit-1.3.0.jar:1.3.0]
	at com.tngtech.archunit.core.importer.ImportedClasses.resolve(ImportedClasses.java:80) ~[archunit-1.3.0.jar:1.3.0]
	at com.tngtech.archunit.core.importer.ImportedClasses.ensurePresent(ImportedClasses.java:75) ~[archunit-1.3.0.jar:1.3.0]
	at com.tngtech.archunit.core.importer.DependencyResolutionProcess.executeRun(DependencyResolutionProcess.java:146) ~[archunit-1.3.0.jar:1.3.0]
	at com.tngtech.archunit.core.importer.DependencyResolutionProcess.resolve(DependencyResolutionProcess.java:122) ~[archunit-1.3.0.jar:1.3.0]
	at com.tngtech.archunit.core.importer.ClassGraphCreator.complete(ClassGraphCreator.java:107) ~[archunit-1.3.0.jar:1.3.0]
	at com.tngtech.archunit.core.importer.ClassFileProcessor.process(ClassFileProcessor.java:75) ~[archunit-1.3.0.jar:1.3.0]
	at com.tngtech.archunit.core.importer.ClassFileImporter.importLocations(ClassFileImporter.java:325) ~[archunit-1.3.0.jar:1.3.0]
	at com.tngtech.archunit.junit.internal.ClassCache$CacheClassFileImporter.importClasses(ClassCache.java:126) ~[archunit-junit5-engine-1.3.0.jar:1.3.0]
	at com.tngtech.archunit.junit.internal.ClassCache$LazyJavaClasses.initialize(ClassCache.java:118) ~[archunit-junit5-engine-1.3.0.jar:1.3.0]
	at com.tngtech.archunit.junit.internal.ClassCache$LazyJavaClasses.get(ClassCache.java:107) ~[archunit-junit5-engine-1.3.0.jar:1.3.0]
	at com.tngtech.archunit.junit.internal.ClassCache.getClassesToAnalyzeFor(ClassCache.java:84) ~[archunit-junit5-engine-1.3.0.jar:1.3.0]
	at com.tngtech.archunit.junit.internal.ArchUnitTestDescriptor.lambda$createChildren$1(ArchUnitTestDescriptor.java:90) ~[archunit-junit5-engine-1.3.0.jar:1.3.0]
	at com.tngtech.archunit.junit.internal.ArchUnitTestDescriptor$ArchUnitRuleDescriptor.execute(ArchUnitTestDescriptor.java:167) ~[archunit-junit5-engine-1.3.0.jar:1.3.0]
	at com.tngtech.archunit.junit.internal.ArchUnitTestDescriptor$ArchUnitRuleDescriptor.execute(ArchUnitTestDescriptor.java:150) ~[archunit-junit5-engine-1.3.0.jar:1.3.0]
	at org.junit.platform.engine.support.hierarchical.NodeTestTask.lambda$executeRecursively$6(NodeTestTask.java:151) ~[junit-platform-engine-1.10.1.jar:1.10.1]
	at org.junit.platform.engine.support.hierarchical.ThrowableCollector.execute(ThrowableCollector.java:73) ~[junit-platform-engine-1.10.1.jar:1.10.1]
	at org.junit.platform.engine.support.hierarchical.NodeTestTask.lambda$executeRecursively$8(NodeTestTask.java:141) ~[junit-platform-engine-1.10.1.jar:1.10.1]
	at org.junit.platform.engine.support.hierarchical.Node.around(Node.java:137) ~[junit-platform-engine-1.10.1.jar:1.10.1]
	at org.junit.platform.engine.support.hierarchical.NodeTestTask.lambda$executeRecursively$9(NodeTestTask.java:139) ~[junit-platform-engine-1.10.1.jar:1.10.1]
	at org.junit.platform.engine.support.hierarchical.ThrowableCollector.execute(ThrowableCollector.java:73) ~[junit-platform-engine-1.10.1.jar:1.10.1]
	at org.junit.platform.engine.support.hierarchical.NodeTestTask.executeRecursively(NodeTestTask.java:138) ~[junit-platform-engine-1.10.1.jar:1.10.1]
	at org.junit.platform.engine.support.hierarchical.NodeTestTask.execute(NodeTestTask.java:95) ~[junit-platform-engine-1.10.1.jar:1.10.1]
	at java.base/java.util.ArrayList.forEach(ArrayList.java:1604) ~[na:na]
	at org.junit.platform.engine.support.hierarchical.SameThreadHierarchicalTestExecutorService.invokeAll(SameThreadHierarchicalTestExecutorService.java:41) ~[junit-platform-engine-1.10.1.jar:1.10.1]
	at org.junit.platform.engine.support.hierarchical.NodeTestTask.lambda$executeRecursively$6(NodeTestTask.java:155) ~[junit-platform-engine-1.10.1.jar:1.10.1]
	at org.junit.platform.engine.support.hierarchical.ThrowableCollector.execute(ThrowableCollector.java:73) ~[junit-platform-engine-1.10.1.jar:1.10.1]
	at org.junit.platform.engine.support.hierarchical.NodeTestTask.lambda$executeRecursively$8(NodeTestTask.java:141) ~[junit-platform-engine-1.10.1.jar:1.10.1]
	at org.junit.platform.engine.support.hierarchical.Node.around(Node.java:137) ~[junit-platform-engine-1.10.1.jar:1.10.1]
	at org.junit.platform.engine.support.hierarchical.NodeTestTask.lambda$executeRecursively$9(NodeTestTask.java:139) ~[junit-platform-engine-1.10.1.jar:1.10.1]
	at org.junit.platform.engine.support.hierarchical.ThrowableCollector.execute(ThrowableCollector.java:73) ~[junit-platform-engine-1.10.1.jar:1.10.1]
	at org.junit.platform.engine.support.hierarchical.NodeTestTask.executeRecursively(NodeTestTask.java:138) ~[junit-platform-engine-1.10.1.jar:1.10.1]
	at org.junit.platform.engine.support.hierarchical.NodeTestTask.execute(NodeTestTask.java:95) ~[junit-platform-engine-1.10.1.jar:1.10.1]
	at java.base/java.util.ArrayList.forEach(ArrayList.java:1604) ~[na:na]
	at org.junit.platform.engine.support.hierarchical.SameThreadHierarchicalTestExecutorService.invokeAll(SameThreadHierarchicalTestExecutorService.java:41) ~[junit-platform-engine-1.10.1.jar:1.10.1]
	at org.junit.platform.engine.support.hierarchical.NodeTestTask.lambda$executeRecursively$6(NodeTestTask.java:155) ~[junit-platform-engine-1.10.1.jar:1.10.1]
	at org.junit.platform.engine.support.hierarchical.ThrowableCollector.execute(ThrowableCollector.java:73) ~[junit-platform-engine-1.10.1.jar:1.10.1]
	at org.junit.platform.engine.support.hierarchical.NodeTestTask.lambda$executeRecursively$8(NodeTestTask.java:141) ~[junit-platform-engine-1.10.1.jar:1.10.1]
	at org.junit.platform.engine.support.hierarchical.Node.around(Node.java:137) ~[junit-platform-engine-1.10.1.jar:1.10.1]
	at org.junit.platform.engine.support.hierarchical.NodeTestTask.lambda$executeRecursively$9(NodeTestTask.java:139) ~[junit-platform-engine-1.10.1.jar:1.10.1]
	at org.junit.platform.engine.support.hierarchical.ThrowableCollector.execute(ThrowableCollector.java:73) ~[junit-platform-engine-1.10.1.jar:1.10.1]
	at org.junit.platform.engine.support.hierarchical.NodeTestTask.executeRecursively(NodeTestTask.java:138) ~[junit-platform-engine-1.10.1.jar:1.10.1]
	at org.junit.platform.engine.support.hierarchical.NodeTestTask.execute(NodeTestTask.java:95) ~[junit-platform-engine-1.10.1.jar:1.10.1]
	at org.junit.platform.engine.support.hierarchical.SameThreadHierarchicalTestExecutorService.submit(SameThreadHierarchicalTestExecutorService.java:35) ~[junit-platform-engine-1.10.1.jar:1.10.1]
	at org.junit.platform.engine.support.hierarchical.HierarchicalTestExecutor.execute(HierarchicalTestExecutor.java:57) ~[junit-platform-engine-1.10.1.jar:1.10.1]
	at org.junit.platform.engine.support.hierarchical.HierarchicalTestEngine.execute(HierarchicalTestEngine.java:54) ~[junit-platform-engine-1.10.1.jar:1.10.1]
	at org.junit.platform.launcher.core.EngineExecutionOrchestrator.execute(EngineExecutionOrchestrator.java:198) ~[junit-platform-launcher-1.10.1.jar:1.10.1]
	at org.junit.platform.launcher.core.EngineExecutionOrchestrator.execute(EngineExecutionOrchestrator.java:169) ~[junit-platform-launcher-1.10.1.jar:1.10.1]
	at org.junit.platform.launcher.core.EngineExecutionOrchestrator.execute(EngineExecutionOrchestrator.java:93) ~[junit-platform-launcher-1.10.1.jar:1.10.1]
	at org.junit.platform.launcher.core.EngineExecutionOrchestrator.lambda$execute$0(EngineExecutionOrchestrator.java:58) ~[junit-platform-launcher-1.10.1.jar:1.10.1]
	at org.junit.platform.launcher.core.EngineExecutionOrchestrator.withInterceptedStreams(EngineExecutionOrchestrator.java:141) ~[junit-platform-launcher-1.10.1.jar:1.10.1]
	at org.junit.platform.launcher.core.EngineExecutionOrchestrator.execute(EngineExecutionOrchestrator.java:57) ~[junit-platform-launcher-1.10.1.jar:1.10.1]
	at org.junit.platform.launcher.core.DefaultLauncher.execute(DefaultLauncher.java:103) ~[junit-platform-launcher-1.10.1.jar:1.10.1]
	at org.junit.platform.launcher.core.DefaultLauncher.execute(DefaultLauncher.java:85) ~[junit-platform-launcher-1.10.1.jar:1.10.1]
	at org.junit.platform.launcher.core.DelegatingLauncher.execute(DelegatingLauncher.java:47) ~[junit-platform-launcher-1.10.1.jar:1.10.1]
	at org.apache.maven.surefire.junitplatform.LazyLauncher.execute(LazyLauncher.java:56) ~[surefire-junit-platform-3.1.2.jar:3.1.2]
	at org.apache.maven.surefire.junitplatform.JUnitPlatformProvider.execute(JUnitPlatformProvider.java:184) ~[surefire-junit-platform-3.1.2.jar:3.1.2]
	at org.apache.maven.surefire.junitplatform.JUnitPlatformProvider.invokeAllTests(JUnitPlatformProvider.java:148) ~[surefire-junit-platform-3.1.2.jar:3.1.2]
	at org.apache.maven.surefire.junitplatform.JUnitPlatformProvider.invoke(JUnitPlatformProvider.java:122) ~[surefire-junit-platform-3.1.2.jar:3.1.2]
	at org.apache.maven.surefire.booter.ForkedBooter.runSuitesInProcess(ForkedBooter.java:385) ~[surefire-booter-3.1.2.jar:3.1.2]
	at org.apache.maven.surefire.booter.ForkedBooter.execute(ForkedBooter.java:162) ~[surefire-booter-3.1.2.jar:3.1.2]
	at org.apache.maven.surefire.booter.ForkedBooter.run(ForkedBooter.java:507) ~[surefire-booter-3.1.2.jar:3.1.2]
	at org.apache.maven.surefire.booter.ForkedBooter.main(ForkedBooter.java:495) ~[surefire-booter-3.1.2.jar:3.1.2]

2025-10-13T13:36:42.471+02:00  WARN 80616 --- [hexagonal-app] [           main] c.t.a.core.importer.ClassFileProcessor   : Error during import from jrt:/java.base/java/lang/Integer.class, falling back to simple import

java.lang.IllegalArgumentException: Unsupported class file major version 69
	at com.tngtech.archunit.thirdparty.org.objectweb.asm.ClassReader.<init>(ClassReader.java:200) ~[archunit-1.3.0.jar:1.3.0]
	at com.tngtech.archunit.thirdparty.org.objectweb.asm.ClassReader.<init>(ClassReader.java:180) ~[archunit-1.3.0.jar:1.3.0]
	at com.tngtech.archunit.thirdparty.org.objectweb.asm.ClassReader.<init>(ClassReader.java:166) ~[archunit-1.3.0.jar:1.3.0]
	at com.tngtech.archunit.thirdparty.org.objectweb.asm.ClassReader.<init>(ClassReader.java:288) ~[archunit-1.3.0.jar:1.3.0]
	at com.tngtech.archunit.core.importer.ClassFileProcessor$UriImporterOfProcessor.tryImport(ClassFileProcessor.java:350) ~[archunit-1.3.0.jar:1.3.0]
	at com.tngtech.archunit.core.importer.resolvers.ClassResolverFromClasspath.tryResolve(ClassResolverFromClasspath.java:51) ~[archunit-1.3.0.jar:1.3.0]
	at com.tngtech.archunit.core.importer.ImportedClasses.resolve(ImportedClasses.java:80) ~[archunit-1.3.0.jar:1.3.0]
	at com.tngtech.archunit.core.importer.ImportedClasses.ensurePresent(ImportedClasses.java:75) ~[archunit-1.3.0.jar:1.3.0]
	at com.tngtech.archunit.core.importer.DependencyResolutionProcess.executeRun(DependencyResolutionProcess.java:146) ~[archunit-1.3.0.jar:1.3.0]
	at com.tngtech.archunit.core.importer.DependencyResolutionProcess.resolve(DependencyResolutionProcess.java:122) ~[archunit-1.3.0.jar:1.3.0]
	at com.tngtech.archunit.core.importer.ClassGraphCreator.complete(ClassGraphCreator.java:107) ~[archunit-1.3.0.jar:1.3.0]
	at com.tngtech.archunit.core.importer.ClassFileProcessor.process(ClassFileProcessor.java:75) ~[archunit-1.3.0.jar:1.3.0]
	at com.tngtech.archunit.core.importer.ClassFileImporter.importLocations(ClassFileImporter.java:325) ~[archunit-1.3.0.jar:1.3.0]
	at com.tngtech.archunit.junit.internal.ClassCache$CacheClassFileImporter.importClasses(ClassCache.java:126) ~[archunit-junit5-engine-1.3.0.jar:1.3.0]
	at com.tngtech.archunit.junit.internal.ClassCache$LazyJavaClasses.initialize(ClassCache.java:118) ~[archunit-junit5-engine-1.3.0.jar:1.3.0]
	at com.tngtech.archunit.junit.internal.ClassCache$LazyJavaClasses.get(ClassCache.java:107) ~[archunit-junit5-engine-1.3.0.jar:1.3.0]
	at com.tngtech.archunit.junit.internal.ClassCache.getClassesToAnalyzeFor(ClassCache.java:84) ~[archunit-junit5-engine-1.3.0.jar:1.3.0]
	at com.tngtech.archunit.junit.internal.ArchUnitTestDescriptor.lambda$createChildren$1(ArchUnitTestDescriptor.java:90) ~[archunit-junit5-engine-1.3.0.jar:1.3.0]
	at com.tngtech.archunit.junit.internal.ArchUnitTestDescriptor$ArchUnitRuleDescriptor.execute(ArchUnitTestDescriptor.java:167) ~[archunit-junit5-engine-1.3.0.jar:1.3.0]
	at com.tngtech.archunit.junit.internal.ArchUnitTestDescriptor$ArchUnitRuleDescriptor.execute(ArchUnitTestDescriptor.java:150) ~[archunit-junit5-engine-1.3.0.jar:1.3.0]
	at org.junit.platform.engine.support.hierarchical.NodeTestTask.lambda$executeRecursively$6(NodeTestTask.java:151) ~[junit-platform-engine-1.10.1.jar:1.10.1]
	at org.junit.platform.engine.support.hierarchical.ThrowableCollector.execute(ThrowableCollector.java:73) ~[junit-platform-engine-1.10.1.jar:1.10.1]
	at org.junit.platform.engine.support.hierarchical.NodeTestTask.lambda$executeRecursively$8(NodeTestTask.java:141) ~[junit-platform-engine-1.10.1.jar:1.10.1]
	at org.junit.platform.engine.support.hierarchical.Node.around(Node.java:137) ~[junit-platform-engine-1.10.1.jar:1.10.1]
	at org.junit.platform.engine.support.hierarchical.NodeTestTask.lambda$executeRecursively$9(NodeTestTask.java:139) ~[junit-platform-engine-1.10.1.jar:1.10.1]
	at org.junit.platform.engine.support.hierarchical.ThrowableCollector.execute(ThrowableCollector.java:73) ~[junit-platform-engine-1.10.1.jar:1.10.1]
	at org.junit.platform.engine.support.hierarchical.NodeTestTask.executeRecursively(NodeTestTask.java:138) ~[junit-platform-engine-1.10.1.jar:1.10.1]
	at org.junit.platform.engine.support.hierarchical.NodeTestTask.execute(NodeTestTask.java:95) ~[junit-platform-engine-1.10.1.jar:1.10.1]
	at java.base/java.util.ArrayList.forEach(ArrayList.java:1604) ~[na:na]
	at org.junit.platform.engine.support.hierarchical.SameThreadHierarchicalTestExecutorService.invokeAll(SameThreadHierarchicalTestExecutorService.java:41) ~[junit-platform-engine-1.10.1.jar:1.10.1]
	at org.junit.platform.engine.support.hierarchical.NodeTestTask.lambda$executeRecursively$6(NodeTestTask.java:155) ~[junit-platform-engine-1.10.1.jar:1.10.1]
	at org.junit.platform.engine.support.hierarchical.ThrowableCollector.execute(ThrowableCollector.java:73) ~[junit-platform-engine-1.10.1.jar:1.10.1]
	at org.junit.platform.engine.support.hierarchical.NodeTestTask.lambda$executeRecursively$8(NodeTestTask.java:141) ~[junit-platform-engine-1.10.1.jar:1.10.1]
	at org.junit.platform.engine.support.hierarchical.Node.around(Node.java:137) ~[junit-platform-engine-1.10.1.jar:1.10.1]
	at org.junit.platform.engine.support.hierarchical.NodeTestTask.lambda$executeRecursively$9(NodeTestTask.java:139) ~[junit-platform-engine-1.10.1.jar:1.10.1]
	at org.junit.platform.engine.support.hierarchical.ThrowableCollector.execute(ThrowableCollector.java:73) ~[junit-platform-engine-1.10.1.jar:1.10.1]
	at org.junit.platform.engine.support.hierarchical.NodeTestTask.executeRecursively(NodeTestTask.java:138) ~[junit-platform-engine-1.10.1.jar:1.10.1]
	at org.junit.platform.engine.support.hierarchical.NodeTestTask.execute(NodeTestTask.java:95) ~[junit-platform-engine-1.10.1.jar:1.10.1]
	at java.base/java.util.ArrayList.forEach(ArrayList.java:1604) ~[na:na]
	at org.junit.platform.engine.support.hierarchical.SameThreadHierarchicalTestExecutorService.invokeAll(SameThreadHierarchicalTestExecutorService.java:41) ~[junit-platform-engine-1.10.1.jar:1.10.1]
	at org.junit.platform.engine.support.hierarchical.NodeTestTask.lambda$executeRecursively$6(NodeTestTask.java:155) ~[junit-platform-engine-1.10.1.jar:1.10.1]
	at org.junit.platform.engine.support.hierarchical.ThrowableCollector.execute(ThrowableCollector.java:73) ~[junit-platform-engine-1.10.1.jar:1.10.1]
	at org.junit.platform.engine.support.hierarchical.NodeTestTask.lambda$executeRecursively$8(NodeTestTask.java:141) ~[junit-platform-engine-1.10.1.jar:1.10.1]
	at org.junit.platform.engine.support.hierarchical.Node.around(Node.java:137) ~[junit-platform-engine-1.10.1.jar:1.10.1]
	at org.junit.platform.engine.support.hierarchical.NodeTestTask.lambda$executeRecursively$9(NodeTestTask.java:139) ~[junit-platform-engine-1.10.1.jar:1.10.1]
	at org.junit.platform.engine.support.hierarchical.ThrowableCollector.execute(ThrowableCollector.java:73) ~[junit-platform-engine-1.10.1.jar:1.10.1]
	at org.junit.platform.engine.support.hierarchical.NodeTestTask.executeRecursively(NodeTestTask.java:138) ~[junit-platform-engine-1.10.1.jar:1.10.1]
	at org.junit.platform.engine.support.hierarchical.NodeTestTask.execute(NodeTestTask.java:95) ~[junit-platform-engine-1.10.1.jar:1.10.1]
	at org.junit.platform.engine.support.hierarchical.SameThreadHierarchicalTestExecutorService.submit(SameThreadHierarchicalTestExecutorService.java:35) ~[junit-platform-engine-1.10.1.jar:1.10.1]
	at org.junit.platform.engine.support.hierarchical.HierarchicalTestExecutor.execute(HierarchicalTestExecutor.java:57) ~[junit-platform-engine-1.10.1.jar:1.10.1]
	at org.junit.platform.engine.support.hierarchical.HierarchicalTestEngine.execute(HierarchicalTestEngine.java:54) ~[junit-platform-engine-1.10.1.jar:1.10.1]
	at org.junit.platform.launcher.core.EngineExecutionOrchestrator.execute(EngineExecutionOrchestrator.java:198) ~[junit-platform-launcher-1.10.1.jar:1.10.1]
	at org.junit.platform.launcher.core.EngineExecutionOrchestrator.execute(EngineExecutionOrchestrator.java:169) ~[junit-platform-launcher-1.10.1.jar:1.10.1]
	at org.junit.platform.launcher.core.EngineExecutionOrchestrator.execute(EngineExecutionOrchestrator.java:93) ~[junit-platform-launcher-1.10.1.jar:1.10.1]
	at org.junit.platform.launcher.core.EngineExecutionOrchestrator.lambda$execute$0(EngineExecutionOrchestrator.java:58) ~[junit-platform-launcher-1.10.1.jar:1.10.1]
	at org.junit.platform.launcher.core.EngineExecutionOrchestrator.withInterceptedStreams(EngineExecutionOrchestrator.java:141) ~[junit-platform-launcher-1.10.1.jar:1.10.1]
	at org.junit.platform.launcher.core.EngineExecutionOrchestrator.execute(EngineExecutionOrchestrator.java:57) ~[junit-platform-launcher-1.10.1.jar:1.10.1]
	at org.junit.platform.launcher.core.DefaultLauncher.execute(DefaultLauncher.java:103) ~[junit-platform-launcher-1.10.1.jar:1.10.1]
	at org.junit.platform.launcher.core.DefaultLauncher.execute(DefaultLauncher.java:85) ~[junit-platform-launcher-1.10.1.jar:1.10.1]
	at org.junit.platform.launcher.core.DelegatingLauncher.execute(DelegatingLauncher.java:47) ~[junit-platform-launcher-1.10.1.jar:1.10.1]
	at org.apache.maven.surefire.junitplatform.LazyLauncher.execute(LazyLauncher.java:56) ~[surefire-junit-platform-3.1.2.jar:3.1.2]
	at org.apache.maven.surefire.junitplatform.JUnitPlatformProvider.execute(JUnitPlatformProvider.java:184) ~[surefire-junit-platform-3.1.2.jar:3.1.2]
	at org.apache.maven.surefire.junitplatform.JUnitPlatformProvider.invokeAllTests(JUnitPlatformProvider.java:148) ~[surefire-junit-platform-3.1.2.jar:3.1.2]
	at org.apache.maven.surefire.junitplatform.JUnitPlatformProvider.invoke(JUnitPlatformProvider.java:122) ~[surefire-junit-platform-3.1.2.jar:3.1.2]
	at org.apache.maven.surefire.booter.ForkedBooter.runSuitesInProcess(ForkedBooter.java:385) ~[surefire-booter-3.1.2.jar:3.1.2]
	at org.apache.maven.surefire.booter.ForkedBooter.execute(ForkedBooter.java:162) ~[surefire-booter-3.1.2.jar:3.1.2]
	at org.apache.maven.surefire.booter.ForkedBooter.run(ForkedBooter.java:507) ~[surefire-booter-3.1.2.jar:3.1.2]
	at org.apache.maven.surefire.booter.ForkedBooter.main(ForkedBooter.java:495) ~[surefire-booter-3.1.2.jar:3.1.2]

2025-10-13T13:36:42.472+02:00  WARN 80616 --- [hexagonal-app] [           main] c.t.a.core.importer.ClassFileProcessor   : Error during import from jrt:/java.base/java/util/regex/Matcher.class, falling back to simple import

java.lang.IllegalArgumentException: Unsupported class file major version 69
	at com.tngtech.archunit.thirdparty.org.objectweb.asm.ClassReader.<init>(ClassReader.java:200) ~[archunit-1.3.0.jar:1.3.0]
	at com.tngtech.archunit.thirdparty.org.objectweb.asm.ClassReader.<init>(ClassReader.java:180) ~[archunit-1.3.0.jar:1.3.0]
	at com.tngtech.archunit.thirdparty.org.objectweb.asm.ClassReader.<init>(ClassReader.java:166) ~[archunit-1.3.0.jar:1.3.0]
	at com.tngtech.archunit.thirdparty.org.objectweb.asm.ClassReader.<init>(ClassReader.java:288) ~[archunit-1.3.0.jar:1.3.0]
	at com.tngtech.archunit.core.importer.ClassFileProcessor$UriImporterOfProcessor.tryImport(ClassFileProcessor.java:350) ~[archunit-1.3.0.jar:1.3.0]
	at com.tngtech.archunit.core.importer.resolvers.ClassResolverFromClasspath.tryResolve(ClassResolverFromClasspath.java:51) ~[archunit-1.3.0.jar:1.3.0]
	at com.tngtech.archunit.core.importer.ImportedClasses.resolve(ImportedClasses.java:80) ~[archunit-1.3.0.jar:1.3.0]
	at com.tngtech.archunit.core.importer.ImportedClasses.ensurePresent(ImportedClasses.java:75) ~[archunit-1.3.0.jar:1.3.0]
	at com.tngtech.archunit.core.importer.DependencyResolutionProcess.executeRun(DependencyResolutionProcess.java:146) ~[archunit-1.3.0.jar:1.3.0]
	at com.tngtech.archunit.core.importer.DependencyResolutionProcess.resolve(DependencyResolutionProcess.java:122) ~[archunit-1.3.0.jar:1.3.0]
	at com.tngtech.archunit.core.importer.ClassGraphCreator.complete(ClassGraphCreator.java:107) ~[archunit-1.3.0.jar:1.3.0]
	at com.tngtech.archunit.core.importer.ClassFileProcessor.process(ClassFileProcessor.java:75) ~[archunit-1.3.0.jar:1.3.0]
	at com.tngtech.archunit.core.importer.ClassFileImporter.importLocations(ClassFileImporter.java:325) ~[archunit-1.3.0.jar:1.3.0]
	at com.tngtech.archunit.junit.internal.ClassCache$CacheClassFileImporter.importClasses(ClassCache.java:126) ~[archunit-junit5-engine-1.3.0.jar:1.3.0]
	at com.tngtech.archunit.junit.internal.ClassCache$LazyJavaClasses.initialize(ClassCache.java:118) ~[archunit-junit5-engine-1.3.0.jar:1.3.0]
	at com.tngtech.archunit.junit.internal.ClassCache$LazyJavaClasses.get(ClassCache.java:107) ~[archunit-junit5-engine-1.3.0.jar:1.3.0]
	at com.tngtech.archunit.junit.internal.ClassCache.getClassesToAnalyzeFor(ClassCache.java:84) ~[archunit-junit5-engine-1.3.0.jar:1.3.0]
	at com.tngtech.archunit.junit.internal.ArchUnitTestDescriptor.lambda$createChildren$1(ArchUnitTestDescriptor.java:90) ~[archunit-junit5-engine-1.3.0.jar:1.3.0]
	at com.tngtech.archunit.junit.internal.ArchUnitTestDescriptor$ArchUnitRuleDescriptor.execute(ArchUnitTestDescriptor.java:167) ~[archunit-junit5-engine-1.3.0.jar:1.3.0]
	at com.tngtech.archunit.junit.internal.ArchUnitTestDescriptor$ArchUnitRuleDescriptor.execute(ArchUnitTestDescriptor.java:150) ~[archunit-junit5-engine-1.3.0.jar:1.3.0]
	at org.junit.platform.engine.support.hierarchical.NodeTestTask.lambda$executeRecursively$6(NodeTestTask.java:151) ~[junit-platform-engine-1.10.1.jar:1.10.1]
	at org.junit.platform.engine.support.hierarchical.ThrowableCollector.execute(ThrowableCollector.java:73) ~[junit-platform-engine-1.10.1.jar:1.10.1]
	at org.junit.platform.engine.support.hierarchical.NodeTestTask.lambda$executeRecursively$8(NodeTestTask.java:141) ~[junit-platform-engine-1.10.1.jar:1.10.1]
	at org.junit.platform.engine.support.hierarchical.Node.around(Node.java:137) ~[junit-platform-engine-1.10.1.jar:1.10.1]
	at org.junit.platform.engine.support.hierarchical.NodeTestTask.lambda$executeRecursively$9(NodeTestTask.java:139) ~[junit-platform-engine-1.10.1.jar:1.10.1]
	at org.junit.platform.engine.support.hierarchical.ThrowableCollector.execute(ThrowableCollector.java:73) ~[junit-platform-engine-1.10.1.jar:1.10.1]
	at org.junit.platform.engine.support.hierarchical.NodeTestTask.executeRecursively(NodeTestTask.java:138) ~[junit-platform-engine-1.10.1.jar:1.10.1]
	at org.junit.platform.engine.support.hierarchical.NodeTestTask.execute(NodeTestTask.java:95) ~[junit-platform-engine-1.10.1.jar:1.10.1]
	at java.base/java.util.ArrayList.forEach(ArrayList.java:1604) ~[na:na]
	at org.junit.platform.engine.support.hierarchical.SameThreadHierarchicalTestExecutorService.invokeAll(SameThreadHierarchicalTestExecutorService.java:41) ~[junit-platform-engine-1.10.1.jar:1.10.1]
	at org.junit.platform.engine.support.hierarchical.NodeTestTask.lambda$executeRecursively$6(NodeTestTask.java:155) ~[junit-platform-engine-1.10.1.jar:1.10.1]
	at org.junit.platform.engine.support.hierarchical.ThrowableCollector.execute(ThrowableCollector.java:73) ~[junit-platform-engine-1.10.1.jar:1.10.1]
	at org.junit.platform.engine.support.hierarchical.NodeTestTask.lambda$executeRecursively$8(NodeTestTask.java:141) ~[junit-platform-engine-1.10.1.jar:1.10.1]
	at org.junit.platform.engine.support.hierarchical.Node.around(Node.java:137) ~[junit-platform-engine-1.10.1.jar:1.10.1]
	at org.junit.platform.engine.support.hierarchical.NodeTestTask.lambda$executeRecursively$9(NodeTestTask.java:139) ~[junit-platform-engine-1.10.1.jar:1.10.1]
	at org.junit.platform.engine.support.hierarchical.ThrowableCollector.execute(ThrowableCollector.java:73) ~[junit-platform-engine-1.10.1.jar:1.10.1]
	at org.junit.platform.engine.support.hierarchical.NodeTestTask.executeRecursively(NodeTestTask.java:138) ~[junit-platform-engine-1.10.1.jar:1.10.1]
	at org.junit.platform.engine.support.hierarchical.NodeTestTask.execute(NodeTestTask.java:95) ~[junit-platform-engine-1.10.1.jar:1.10.1]
	at java.base/java.util.ArrayList.forEach(ArrayList.java:1604) ~[na:na]
	at org.junit.platform.engine.support.hierarchical.SameThreadHierarchicalTestExecutorService.invokeAll(SameThreadHierarchicalTestExecutorService.java:41) ~[junit-platform-engine-1.10.1.jar:1.10.1]
	at org.junit.platform.engine.support.hierarchical.NodeTestTask.lambda$executeRecursively$6(NodeTestTask.java:155) ~[junit-platform-engine-1.10.1.jar:1.10.1]
	at org.junit.platform.engine.support.hierarchical.ThrowableCollector.execute(ThrowableCollector.java:73) ~[junit-platform-engine-1.10.1.jar:1.10.1]
	at org.junit.platform.engine.support.hierarchical.NodeTestTask.lambda$executeRecursively$8(NodeTestTask.java:141) ~[junit-platform-engine-1.10.1.jar:1.10.1]
	at org.junit.platform.engine.support.hierarchical.Node.around(Node.java:137) ~[junit-platform-engine-1.10.1.jar:1.10.1]
	at org.junit.platform.engine.support.hierarchical.NodeTestTask.lambda$executeRecursively$9(NodeTestTask.java:139) ~[junit-platform-engine-1.10.1.jar:1.10.1]
	at org.junit.platform.engine.support.hierarchical.ThrowableCollector.execute(ThrowableCollector.java:73) ~[junit-platform-engine-1.10.1.jar:1.10.1]
	at org.junit.platform.engine.support.hierarchical.NodeTestTask.executeRecursively(NodeTestTask.java:138) ~[junit-platform-engine-1.10.1.jar:1.10.1]
	at org.junit.platform.engine.support.hierarchical.NodeTestTask.execute(NodeTestTask.java:95) ~[junit-platform-engine-1.10.1.jar:1.10.1]
	at org.junit.platform.engine.support.hierarchical.SameThreadHierarchicalTestExecutorService.submit(SameThreadHierarchicalTestExecutorService.java:35) ~[junit-platform-engine-1.10.1.jar:1.10.1]
	at org.junit.platform.engine.support.hierarchical.HierarchicalTestExecutor.execute(HierarchicalTestExecutor.java:57) ~[junit-platform-engine-1.10.1.jar:1.10.1]
	at org.junit.platform.engine.support.hierarchical.HierarchicalTestEngine.execute(HierarchicalTestEngine.java:54) ~[junit-platform-engine-1.10.1.jar:1.10.1]
	at org.junit.platform.launcher.core.EngineExecutionOrchestrator.execute(EngineExecutionOrchestrator.java:198) ~[junit-platform-launcher-1.10.1.jar:1.10.1]
	at org.junit.platform.launcher.core.EngineExecutionOrchestrator.execute(EngineExecutionOrchestrator.java:169) ~[junit-platform-launcher-1.10.1.jar:1.10.1]
	at org.junit.platform.launcher.core.EngineExecutionOrchestrator.execute(EngineExecutionOrchestrator.java:93) ~[junit-platform-launcher-1.10.1.jar:1.10.1]
	at org.junit.platform.launcher.core.EngineExecutionOrchestrator.lambda$execute$0(EngineExecutionOrchestrator.java:58) ~[junit-platform-launcher-1.10.1.jar:1.10.1]
	at org.junit.platform.launcher.core.EngineExecutionOrchestrator.withInterceptedStreams(EngineExecutionOrchestrator.java:141) ~[junit-platform-launcher-1.10.1.jar:1.10.1]
	at org.junit.platform.launcher.core.EngineExecutionOrchestrator.execute(EngineExecutionOrchestrator.java:57) ~[junit-platform-launcher-1.10.1.jar:1.10.1]
	at org.junit.platform.launcher.core.DefaultLauncher.execute(DefaultLauncher.java:103) ~[junit-platform-launcher-1.10.1.jar:1.10.1]
	at org.junit.platform.launcher.core.DefaultLauncher.execute(DefaultLauncher.java:85) ~[junit-platform-launcher-1.10.1.jar:1.10.1]
	at org.junit.platform.launcher.core.DelegatingLauncher.execute(DelegatingLauncher.java:47) ~[junit-platform-launcher-1.10.1.jar:1.10.1]
	at org.apache.maven.surefire.junitplatform.LazyLauncher.execute(LazyLauncher.java:56) ~[surefire-junit-platform-3.1.2.jar:3.1.2]
	at org.apache.maven.surefire.junitplatform.JUnitPlatformProvider.execute(JUnitPlatformProvider.java:184) ~[surefire-junit-platform-3.1.2.jar:3.1.2]
	at org.apache.maven.surefire.junitplatform.JUnitPlatformProvider.invokeAllTests(JUnitPlatformProvider.java:148) ~[surefire-junit-platform-3.1.2.jar:3.1.2]
	at org.apache.maven.surefire.junitplatform.JUnitPlatformProvider.invoke(JUnitPlatformProvider.java:122) ~[surefire-junit-platform-3.1.2.jar:3.1.2]
	at org.apache.maven.surefire.booter.ForkedBooter.runSuitesInProcess(ForkedBooter.java:385) ~[surefire-booter-3.1.2.jar:3.1.2]
	at org.apache.maven.surefire.booter.ForkedBooter.execute(ForkedBooter.java:162) ~[surefire-booter-3.1.2.jar:3.1.2]
	at org.apache.maven.surefire.booter.ForkedBooter.run(ForkedBooter.java:507) ~[surefire-booter-3.1.2.jar:3.1.2]
	at org.apache.maven.surefire.booter.ForkedBooter.main(ForkedBooter.java:495) ~[surefire-booter-3.1.2.jar:3.1.2]

2025-10-13T13:36:42.473+02:00  WARN 80616 --- [hexagonal-app] [           main] c.t.a.core.importer.ClassFileProcessor   : Error during import from jrt:/java.base/java/lang/Long.class, falling back to simple import

java.lang.IllegalArgumentException: Unsupported class file major version 69
	at com.tngtech.archunit.thirdparty.org.objectweb.asm.ClassReader.<init>(ClassReader.java:200) ~[archunit-1.3.0.jar:1.3.0]
	at com.tngtech.archunit.thirdparty.org.objectweb.asm.ClassReader.<init>(ClassReader.java:180) ~[archunit-1.3.0.jar:1.3.0]
	at com.tngtech.archunit.thirdparty.org.objectweb.asm.ClassReader.<init>(ClassReader.java:166) ~[archunit-1.3.0.jar:1.3.0]
	at com.tngtech.archunit.thirdparty.org.objectweb.asm.ClassReader.<init>(ClassReader.java:288) ~[archunit-1.3.0.jar:1.3.0]
	at com.tngtech.archunit.core.importer.ClassFileProcessor$UriImporterOfProcessor.tryImport(ClassFileProcessor.java:350) ~[archunit-1.3.0.jar:1.3.0]
	at com.tngtech.archunit.core.importer.resolvers.ClassResolverFromClasspath.tryResolve(ClassResolverFromClasspath.java:51) ~[archunit-1.3.0.jar:1.3.0]
	at com.tngtech.archunit.core.importer.ImportedClasses.resolve(ImportedClasses.java:80) ~[archunit-1.3.0.jar:1.3.0]
	at com.tngtech.archunit.core.importer.ImportedClasses.ensurePresent(ImportedClasses.java:75) ~[archunit-1.3.0.jar:1.3.0]
	at com.tngtech.archunit.core.importer.DependencyResolutionProcess.executeRun(DependencyResolutionProcess.java:146) ~[archunit-1.3.0.jar:1.3.0]
	at com.tngtech.archunit.core.importer.DependencyResolutionProcess.resolve(DependencyResolutionProcess.java:122) ~[archunit-1.3.0.jar:1.3.0]
	at com.tngtech.archunit.core.importer.ClassGraphCreator.complete(ClassGraphCreator.java:107) ~[archunit-1.3.0.jar:1.3.0]
	at com.tngtech.archunit.core.importer.ClassFileProcessor.process(ClassFileProcessor.java:75) ~[archunit-1.3.0.jar:1.3.0]
	at com.tngtech.archunit.core.importer.ClassFileImporter.importLocations(ClassFileImporter.java:325) ~[archunit-1.3.0.jar:1.3.0]
	at com.tngtech.archunit.junit.internal.ClassCache$CacheClassFileImporter.importClasses(ClassCache.java:126) ~[archunit-junit5-engine-1.3.0.jar:1.3.0]
	at com.tngtech.archunit.junit.internal.ClassCache$LazyJavaClasses.initialize(ClassCache.java:118) ~[archunit-junit5-engine-1.3.0.jar:1.3.0]
	at com.tngtech.archunit.junit.internal.ClassCache$LazyJavaClasses.get(ClassCache.java:107) ~[archunit-junit5-engine-1.3.0.jar:1.3.0]
	at com.tngtech.archunit.junit.internal.ClassCache.getClassesToAnalyzeFor(ClassCache.java:84) ~[archunit-junit5-engine-1.3.0.jar:1.3.0]
	at com.tngtech.archunit.junit.internal.ArchUnitTestDescriptor.lambda$createChildren$1(ArchUnitTestDescriptor.java:90) ~[archunit-junit5-engine-1.3.0.jar:1.3.0]
	at com.tngtech.archunit.junit.internal.ArchUnitTestDescriptor$ArchUnitRuleDescriptor.execute(ArchUnitTestDescriptor.java:167) ~[archunit-junit5-engine-1.3.0.jar:1.3.0]
	at com.tngtech.archunit.junit.internal.ArchUnitTestDescriptor$ArchUnitRuleDescriptor.execute(ArchUnitTestDescriptor.java:150) ~[archunit-junit5-engine-1.3.0.jar:1.3.0]
	at org.junit.platform.engine.support.hierarchical.NodeTestTask.lambda$executeRecursively$6(NodeTestTask.java:151) ~[junit-platform-engine-1.10.1.jar:1.10.1]
	at org.junit.platform.engine.support.hierarchical.ThrowableCollector.execute(ThrowableCollector.java:73) ~[junit-platform-engine-1.10.1.jar:1.10.1]
	at org.junit.platform.engine.support.hierarchical.NodeTestTask.lambda$executeRecursively$8(NodeTestTask.java:141) ~[junit-platform-engine-1.10.1.jar:1.10.1]
	at org.junit.platform.engine.support.hierarchical.Node.around(Node.java:137) ~[junit-platform-engine-1.10.1.jar:1.10.1]
	at org.junit.platform.engine.support.hierarchical.NodeTestTask.lambda$executeRecursively$9(NodeTestTask.java:139) ~[junit-platform-engine-1.10.1.jar:1.10.1]
	at org.junit.platform.engine.support.hierarchical.ThrowableCollector.execute(ThrowableCollector.java:73) ~[junit-platform-engine-1.10.1.jar:1.10.1]
	at org.junit.platform.engine.support.hierarchical.NodeTestTask.executeRecursively(NodeTestTask.java:138) ~[junit-platform-engine-1.10.1.jar:1.10.1]
	at org.junit.platform.engine.support.hierarchical.NodeTestTask.execute(NodeTestTask.java:95) ~[junit-platform-engine-1.10.1.jar:1.10.1]
	at java.base/java.util.ArrayList.forEach(ArrayList.java:1604) ~[na:na]
	at org.junit.platform.engine.support.hierarchical.SameThreadHierarchicalTestExecutorService.invokeAll(SameThreadHierarchicalTestExecutorService.java:41) ~[junit-platform-engine-1.10.1.jar:1.10.1]
	at org.junit.platform.engine.support.hierarchical.NodeTestTask.lambda$executeRecursively$6(NodeTestTask.java:155) ~[junit-platform-engine-1.10.1.jar:1.10.1]
	at org.junit.platform.engine.support.hierarchical.ThrowableCollector.execute(ThrowableCollector.java:73) ~[junit-platform-engine-1.10.1.jar:1.10.1]
	at org.junit.platform.engine.support.hierarchical.NodeTestTask.lambda$executeRecursively$8(NodeTestTask.java:141) ~[junit-platform-engine-1.10.1.jar:1.10.1]
	at org.junit.platform.engine.support.hierarchical.Node.around(Node.java:137) ~[junit-platform-engine-1.10.1.jar:1.10.1]
	at org.junit.platform.engine.support.hierarchical.NodeTestTask.lambda$executeRecursively$9(NodeTestTask.java:139) ~[junit-platform-engine-1.10.1.jar:1.10.1]
	at org.junit.platform.engine.support.hierarchical.ThrowableCollector.execute(ThrowableCollector.java:73) ~[junit-platform-engine-1.10.1.jar:1.10.1]
	at org.junit.platform.engine.support.hierarchical.NodeTestTask.executeRecursively(NodeTestTask.java:138) ~[junit-platform-engine-1.10.1.jar:1.10.1]
	at org.junit.platform.engine.support.hierarchical.NodeTestTask.execute(NodeTestTask.java:95) ~[junit-platform-engine-1.10.1.jar:1.10.1]
	at java.base/java.util.ArrayList.forEach(ArrayList.java:1604) ~[na:na]
	at org.junit.platform.engine.support.hierarchical.SameThreadHierarchicalTestExecutorService.invokeAll(SameThreadHierarchicalTestExecutorService.java:41) ~[junit-platform-engine-1.10.1.jar:1.10.1]
	at org.junit.platform.engine.support.hierarchical.NodeTestTask.lambda$executeRecursively$6(NodeTestTask.java:155) ~[junit-platform-engine-1.10.1.jar:1.10.1]
	at org.junit.platform.engine.support.hierarchical.ThrowableCollector.execute(ThrowableCollector.java:73) ~[junit-platform-engine-1.10.1.jar:1.10.1]
	at org.junit.platform.engine.support.hierarchical.NodeTestTask.lambda$executeRecursively$8(NodeTestTask.java:141) ~[junit-platform-engine-1.10.1.jar:1.10.1]
	at org.junit.platform.engine.support.hierarchical.Node.around(Node.java:137) ~[junit-platform-engine-1.10.1.jar:1.10.1]
	at org.junit.platform.engine.support.hierarchical.NodeTestTask.lambda$executeRecursively$9(NodeTestTask.java:139) ~[junit-platform-engine-1.10.1.jar:1.10.1]
	at org.junit.platform.engine.support.hierarchical.ThrowableCollector.execute(ThrowableCollector.java:73) ~[junit-platform-engine-1.10.1.jar:1.10.1]
	at org.junit.platform.engine.support.hierarchical.NodeTestTask.executeRecursively(NodeTestTask.java:138) ~[junit-platform-engine-1.10.1.jar:1.10.1]
	at org.junit.platform.engine.support.hierarchical.NodeTestTask.execute(NodeTestTask.java:95) ~[junit-platform-engine-1.10.1.jar:1.10.1]
	at org.junit.platform.engine.support.hierarchical.SameThreadHierarchicalTestExecutorService.submit(SameThreadHierarchicalTestExecutorService.java:35) ~[junit-platform-engine-1.10.1.jar:1.10.1]
	at org.junit.platform.engine.support.hierarchical.HierarchicalTestExecutor.execute(HierarchicalTestExecutor.java:57) ~[junit-platform-engine-1.10.1.jar:1.10.1]
	at org.junit.platform.engine.support.hierarchical.HierarchicalTestEngine.execute(HierarchicalTestEngine.java:54) ~[junit-platform-engine-1.10.1.jar:1.10.1]
	at org.junit.platform.launcher.core.EngineExecutionOrchestrator.execute(EngineExecutionOrchestrator.java:198) ~[junit-platform-launcher-1.10.1.jar:1.10.1]
	at org.junit.platform.launcher.core.EngineExecutionOrchestrator.execute(EngineExecutionOrchestrator.java:169) ~[junit-platform-launcher-1.10.1.jar:1.10.1]
	at org.junit.platform.launcher.core.EngineExecutionOrchestrator.execute(EngineExecutionOrchestrator.java:93) ~[junit-platform-launcher-1.10.1.jar:1.10.1]
	at org.junit.platform.launcher.core.EngineExecutionOrchestrator.lambda$execute$0(EngineExecutionOrchestrator.java:58) ~[junit-platform-launcher-1.10.1.jar:1.10.1]
	at org.junit.platform.launcher.core.EngineExecutionOrchestrator.withInterceptedStreams(EngineExecutionOrchestrator.java:141) ~[junit-platform-launcher-1.10.1.jar:1.10.1]
	at org.junit.platform.launcher.core.EngineExecutionOrchestrator.execute(EngineExecutionOrchestrator.java:57) ~[junit-platform-launcher-1.10.1.jar:1.10.1]
	at org.junit.platform.launcher.core.DefaultLauncher.execute(DefaultLauncher.java:103) ~[junit-platform-launcher-1.10.1.jar:1.10.1]
	at org.junit.platform.launcher.core.DefaultLauncher.execute(DefaultLauncher.java:85) ~[junit-platform-launcher-1.10.1.jar:1.10.1]
	at org.junit.platform.launcher.core.DelegatingLauncher.execute(DelegatingLauncher.java:47) ~[junit-platform-launcher-1.10.1.jar:1.10.1]
	at org.apache.maven.surefire.junitplatform.LazyLauncher.execute(LazyLauncher.java:56) ~[surefire-junit-platform-3.1.2.jar:3.1.2]
	at org.apache.maven.surefire.junitplatform.JUnitPlatformProvider.execute(JUnitPlatformProvider.java:184) ~[surefire-junit-platform-3.1.2.jar:3.1.2]
	at org.apache.maven.surefire.junitplatform.JUnitPlatformProvider.invokeAllTests(JUnitPlatformProvider.java:148) ~[surefire-junit-platform-3.1.2.jar:3.1.2]
	at org.apache.maven.surefire.junitplatform.JUnitPlatformProvider.invoke(JUnitPlatformProvider.java:122) ~[surefire-junit-platform-3.1.2.jar:3.1.2]
	at org.apache.maven.surefire.booter.ForkedBooter.runSuitesInProcess(ForkedBooter.java:385) ~[surefire-booter-3.1.2.jar:3.1.2]
	at org.apache.maven.surefire.booter.ForkedBooter.execute(ForkedBooter.java:162) ~[surefire-booter-3.1.2.jar:3.1.2]
	at org.apache.maven.surefire.booter.ForkedBooter.run(ForkedBooter.java:507) ~[surefire-booter-3.1.2.jar:3.1.2]
	at org.apache.maven.surefire.booter.ForkedBooter.main(ForkedBooter.java:495) ~[surefire-booter-3.1.2.jar:3.1.2]

2025-10-13T13:36:42.475+02:00  WARN 80616 --- [hexagonal-app] [           main] c.t.a.core.importer.ClassFileProcessor   : Error during import from jrt:/java.base/java/lang/String.class, falling back to simple import

java.lang.IllegalArgumentException: Unsupported class file major version 69
	at com.tngtech.archunit.thirdparty.org.objectweb.asm.ClassReader.<init>(ClassReader.java:200) ~[archunit-1.3.0.jar:1.3.0]
	at com.tngtech.archunit.thirdparty.org.objectweb.asm.ClassReader.<init>(ClassReader.java:180) ~[archunit-1.3.0.jar:1.3.0]
	at com.tngtech.archunit.thirdparty.org.objectweb.asm.ClassReader.<init>(ClassReader.java:166) ~[archunit-1.3.0.jar:1.3.0]
	at com.tngtech.archunit.thirdparty.org.objectweb.asm.ClassReader.<init>(ClassReader.java:288) ~[archunit-1.3.0.jar:1.3.0]
	at com.tngtech.archunit.core.importer.ClassFileProcessor$UriImporterOfProcessor.tryImport(ClassFileProcessor.java:350) ~[archunit-1.3.0.jar:1.3.0]
	at com.tngtech.archunit.core.importer.resolvers.ClassResolverFromClasspath.tryResolve(ClassResolverFromClasspath.java:51) ~[archunit-1.3.0.jar:1.3.0]
	at com.tngtech.archunit.core.importer.ImportedClasses.resolve(ImportedClasses.java:80) ~[archunit-1.3.0.jar:1.3.0]
	at com.tngtech.archunit.core.importer.ImportedClasses.getOrResolve(ImportedClasses.java:67) ~[archunit-1.3.0.jar:1.3.0]
	at com.tngtech.archunit.core.importer.ImportedClasses.addModifiersIfPossible(ImportedClasses.java:115) ~[archunit-1.3.0.jar:1.3.0]
	at com.tngtech.archunit.core.importer.ImportedClasses.stubClassOf(ImportedClasses.java:104) ~[archunit-1.3.0.jar:1.3.0]
	at com.tngtech.archunit.core.importer.ImportedClasses.resolve(ImportedClasses.java:81) ~[archunit-1.3.0.jar:1.3.0]
	at com.tngtech.archunit.core.importer.ImportedClasses.ensurePresent(ImportedClasses.java:75) ~[archunit-1.3.0.jar:1.3.0]
	at com.tngtech.archunit.core.importer.DependencyResolutionProcess.executeRun(DependencyResolutionProcess.java:146) ~[archunit-1.3.0.jar:1.3.0]
	at com.tngtech.archunit.core.importer.DependencyResolutionProcess.resolve(DependencyResolutionProcess.java:122) ~[archunit-1.3.0.jar:1.3.0]
	at com.tngtech.archunit.core.importer.ClassGraphCreator.complete(ClassGraphCreator.java:107) ~[archunit-1.3.0.jar:1.3.0]
	at com.tngtech.archunit.core.importer.ClassFileProcessor.process(ClassFileProcessor.java:75) ~[archunit-1.3.0.jar:1.3.0]
	at com.tngtech.archunit.core.importer.ClassFileImporter.importLocations(ClassFileImporter.java:325) ~[archunit-1.3.0.jar:1.3.0]
	at com.tngtech.archunit.junit.internal.ClassCache$CacheClassFileImporter.importClasses(ClassCache.java:126) ~[archunit-junit5-engine-1.3.0.jar:1.3.0]
	at com.tngtech.archunit.junit.internal.ClassCache$LazyJavaClasses.initialize(ClassCache.java:118) ~[archunit-junit5-engine-1.3.0.jar:1.3.0]
	at com.tngtech.archunit.junit.internal.ClassCache$LazyJavaClasses.get(ClassCache.java:107) ~[archunit-junit5-engine-1.3.0.jar:1.3.0]
	at com.tngtech.archunit.junit.internal.ClassCache.getClassesToAnalyzeFor(ClassCache.java:84) ~[archunit-junit5-engine-1.3.0.jar:1.3.0]
	at com.tngtech.archunit.junit.internal.ArchUnitTestDescriptor.lambda$createChildren$1(ArchUnitTestDescriptor.java:90) ~[archunit-junit5-engine-1.3.0.jar:1.3.0]
	at com.tngtech.archunit.junit.internal.ArchUnitTestDescriptor$ArchUnitRuleDescriptor.execute(ArchUnitTestDescriptor.java:167) ~[archunit-junit5-engine-1.3.0.jar:1.3.0]
	at com.tngtech.archunit.junit.internal.ArchUnitTestDescriptor$ArchUnitRuleDescriptor.execute(ArchUnitTestDescriptor.java:150) ~[archunit-junit5-engine-1.3.0.jar:1.3.0]
	at org.junit.platform.engine.support.hierarchical.NodeTestTask.lambda$executeRecursively$6(NodeTestTask.java:151) ~[junit-platform-engine-1.10.1.jar:1.10.1]
	at org.junit.platform.engine.support.hierarchical.ThrowableCollector.execute(ThrowableCollector.java:73) ~[junit-platform-engine-1.10.1.jar:1.10.1]
	at org.junit.platform.engine.support.hierarchical.NodeTestTask.lambda$executeRecursively$8(NodeTestTask.java:141) ~[junit-platform-engine-1.10.1.jar:1.10.1]
	at org.junit.platform.engine.support.hierarchical.Node.around(Node.java:137) ~[junit-platform-engine-1.10.1.jar:1.10.1]
	at org.junit.platform.engine.support.hierarchical.NodeTestTask.lambda$executeRecursively$9(NodeTestTask.java:139) ~[junit-platform-engine-1.10.1.jar:1.10.1]
	at org.junit.platform.engine.support.hierarchical.ThrowableCollector.execute(ThrowableCollector.java:73) ~[junit-platform-engine-1.10.1.jar:1.10.1]
	at org.junit.platform.engine.support.hierarchical.NodeTestTask.executeRecursively(NodeTestTask.java:138) ~[junit-platform-engine-1.10.1.jar:1.10.1]
	at org.junit.platform.engine.support.hierarchical.NodeTestTask.execute(NodeTestTask.java:95) ~[junit-platform-engine-1.10.1.jar:1.10.1]
	at java.base/java.util.ArrayList.forEach(ArrayList.java:1604) ~[na:na]
	at org.junit.platform.engine.support.hierarchical.SameThreadHierarchicalTestExecutorService.invokeAll(SameThreadHierarchicalTestExecutorService.java:41) ~[junit-platform-engine-1.10.1.jar:1.10.1]
	at org.junit.platform.engine.support.hierarchical.NodeTestTask.lambda$executeRecursively$6(NodeTestTask.java:155) ~[junit-platform-engine-1.10.1.jar:1.10.1]
	at org.junit.platform.engine.support.hierarchical.ThrowableCollector.execute(ThrowableCollector.java:73) ~[junit-platform-engine-1.10.1.jar:1.10.1]
	at org.junit.platform.engine.support.hierarchical.NodeTestTask.lambda$executeRecursively$8(NodeTestTask.java:141) ~[junit-platform-engine-1.10.1.jar:1.10.1]
	at org.junit.platform.engine.support.hierarchical.Node.around(Node.java:137) ~[junit-platform-engine-1.10.1.jar:1.10.1]
	at org.junit.platform.engine.support.hierarchical.NodeTestTask.lambda$executeRecursively$9(NodeTestTask.java:139) ~[junit-platform-engine-1.10.1.jar:1.10.1]
	at org.junit.platform.engine.support.hierarchical.ThrowableCollector.execute(ThrowableCollector.java:73) ~[junit-platform-engine-1.10.1.jar:1.10.1]
	at org.junit.platform.engine.support.hierarchical.NodeTestTask.executeRecursively(NodeTestTask.java:138) ~[junit-platform-engine-1.10.1.jar:1.10.1]
	at org.junit.platform.engine.support.hierarchical.NodeTestTask.execute(NodeTestTask.java:95) ~[junit-platform-engine-1.10.1.jar:1.10.1]
	at java.base/java.util.ArrayList.forEach(ArrayList.java:1604) ~[na:na]
	at org.junit.platform.engine.support.hierarchical.SameThreadHierarchicalTestExecutorService.invokeAll(SameThreadHierarchicalTestExecutorService.java:41) ~[junit-platform-engine-1.10.1.jar:1.10.1]
	at org.junit.platform.engine.support.hierarchical.NodeTestTask.lambda$executeRecursively$6(NodeTestTask.java:155) ~[junit-platform-engine-1.10.1.jar:1.10.1]
	at org.junit.platform.engine.support.hierarchical.ThrowableCollector.execute(ThrowableCollector.java:73) ~[junit-platform-engine-1.10.1.jar:1.10.1]
	at org.junit.platform.engine.support.hierarchical.NodeTestTask.lambda$executeRecursively$8(NodeTestTask.java:141) ~[junit-platform-engine-1.10.1.jar:1.10.1]
	at org.junit.platform.engine.support.hierarchical.Node.around(Node.java:137) ~[junit-platform-engine-1.10.1.jar:1.10.1]
	at org.junit.platform.engine.support.hierarchical.NodeTestTask.lambda$executeRecursively$9(NodeTestTask.java:139) ~[junit-platform-engine-1.10.1.jar:1.10.1]
	at org.junit.platform.engine.support.hierarchical.ThrowableCollector.execute(ThrowableCollector.java:73) ~[junit-platform-engine-1.10.1.jar:1.10.1]
	at org.junit.platform.engine.support.hierarchical.NodeTestTask.executeRecursively(NodeTestTask.java:138) ~[junit-platform-engine-1.10.1.jar:1.10.1]
	at org.junit.platform.engine.support.hierarchical.NodeTestTask.execute(NodeTestTask.java:95) ~[junit-platform-engine-1.10.1.jar:1.10.1]
	at org.junit.platform.engine.support.hierarchical.SameThreadHierarchicalTestExecutorService.submit(SameThreadHierarchicalTestExecutorService.java:35) ~[junit-platform-engine-1.10.1.jar:1.10.1]
	at org.junit.platform.engine.support.hierarchical.HierarchicalTestExecutor.execute(HierarchicalTestExecutor.java:57) ~[junit-platform-engine-1.10.1.jar:1.10.1]
	at org.junit.platform.engine.support.hierarchical.HierarchicalTestEngine.execute(HierarchicalTestEngine.java:54) ~[junit-platform-engine-1.10.1.jar:1.10.1]
	at org.junit.platform.launcher.core.EngineExecutionOrchestrator.execute(EngineExecutionOrchestrator.java:198) ~[junit-platform-launcher-1.10.1.jar:1.10.1]
	at org.junit.platform.launcher.core.EngineExecutionOrchestrator.execute(EngineExecutionOrchestrator.java:169) ~[junit-platform-launcher-1.10.1.jar:1.10.1]
	at org.junit.platform.launcher.core.EngineExecutionOrchestrator.execute(EngineExecutionOrchestrator.java:93) ~[junit-platform-launcher-1.10.1.jar:1.10.1]
	at org.junit.platform.launcher.core.EngineExecutionOrchestrator.lambda$execute$0(EngineExecutionOrchestrator.java:58) ~[junit-platform-launcher-1.10.1.jar:1.10.1]
	at org.junit.platform.launcher.core.EngineExecutionOrchestrator.withInterceptedStreams(EngineExecutionOrchestrator.java:141) ~[junit-platform-launcher-1.10.1.jar:1.10.1]
	at org.junit.platform.launcher.core.EngineExecutionOrchestrator.execute(EngineExecutionOrchestrator.java:57) ~[junit-platform-launcher-1.10.1.jar:1.10.1]
	at org.junit.platform.launcher.core.DefaultLauncher.execute(DefaultLauncher.java:103) ~[junit-platform-launcher-1.10.1.jar:1.10.1]
	at org.junit.platform.launcher.core.DefaultLauncher.execute(DefaultLauncher.java:85) ~[junit-platform-launcher-1.10.1.jar:1.10.1]
	at org.junit.platform.launcher.core.DelegatingLauncher.execute(DelegatingLauncher.java:47) ~[junit-platform-launcher-1.10.1.jar:1.10.1]
	at org.apache.maven.surefire.junitplatform.LazyLauncher.execute(LazyLauncher.java:56) ~[surefire-junit-platform-3.1.2.jar:3.1.2]
	at org.apache.maven.surefire.junitplatform.JUnitPlatformProvider.execute(JUnitPlatformProvider.java:184) ~[surefire-junit-platform-3.1.2.jar:3.1.2]
	at org.apache.maven.surefire.junitplatform.JUnitPlatformProvider.invokeAllTests(JUnitPlatformProvider.java:148) ~[surefire-junit-platform-3.1.2.jar:3.1.2]
	at org.apache.maven.surefire.junitplatform.JUnitPlatformProvider.invoke(JUnitPlatformProvider.java:122) ~[surefire-junit-platform-3.1.2.jar:3.1.2]
	at org.apache.maven.surefire.booter.ForkedBooter.runSuitesInProcess(ForkedBooter.java:385) ~[surefire-booter-3.1.2.jar:3.1.2]
	at org.apache.maven.surefire.booter.ForkedBooter.execute(ForkedBooter.java:162) ~[surefire-booter-3.1.2.jar:3.1.2]
	at org.apache.maven.surefire.booter.ForkedBooter.run(ForkedBooter.java:507) ~[surefire-booter-3.1.2.jar:3.1.2]
	at org.apache.maven.surefire.booter.ForkedBooter.main(ForkedBooter.java:495) ~[surefire-booter-3.1.2.jar:3.1.2]

2025-10-13T13:36:42.476+02:00  WARN 80616 --- [hexagonal-app] [           main] c.t.a.core.importer.ClassFileProcessor   : Error during import from jrt:/java.base/java/lang/Exception.class, falling back to simple import

java.lang.IllegalArgumentException: Unsupported class file major version 69
	at com.tngtech.archunit.thirdparty.org.objectweb.asm.ClassReader.<init>(ClassReader.java:200) ~[archunit-1.3.0.jar:1.3.0]
	at com.tngtech.archunit.thirdparty.org.objectweb.asm.ClassReader.<init>(ClassReader.java:180) ~[archunit-1.3.0.jar:1.3.0]
	at com.tngtech.archunit.thirdparty.org.objectweb.asm.ClassReader.<init>(ClassReader.java:166) ~[archunit-1.3.0.jar:1.3.0]
	at com.tngtech.archunit.thirdparty.org.objectweb.asm.ClassReader.<init>(ClassReader.java:288) ~[archunit-1.3.0.jar:1.3.0]
	at com.tngtech.archunit.core.importer.ClassFileProcessor$UriImporterOfProcessor.tryImport(ClassFileProcessor.java:350) ~[archunit-1.3.0.jar:1.3.0]
	at com.tngtech.archunit.core.importer.resolvers.ClassResolverFromClasspath.tryResolve(ClassResolverFromClasspath.java:51) ~[archunit-1.3.0.jar:1.3.0]
	at com.tngtech.archunit.core.importer.ImportedClasses.resolve(ImportedClasses.java:80) ~[archunit-1.3.0.jar:1.3.0]
	at com.tngtech.archunit.core.importer.ImportedClasses.ensurePresent(ImportedClasses.java:75) ~[archunit-1.3.0.jar:1.3.0]
	at com.tngtech.archunit.core.importer.DependencyResolutionProcess.executeRun(DependencyResolutionProcess.java:146) ~[archunit-1.3.0.jar:1.3.0]
	at com.tngtech.archunit.core.importer.DependencyResolutionProcess.resolve(DependencyResolutionProcess.java:122) ~[archunit-1.3.0.jar:1.3.0]
	at com.tngtech.archunit.core.importer.ClassGraphCreator.complete(ClassGraphCreator.java:107) ~[archunit-1.3.0.jar:1.3.0]
	at com.tngtech.archunit.core.importer.ClassFileProcessor.process(ClassFileProcessor.java:75) ~[archunit-1.3.0.jar:1.3.0]
	at com.tngtech.archunit.core.importer.ClassFileImporter.importLocations(ClassFileImporter.java:325) ~[archunit-1.3.0.jar:1.3.0]
	at com.tngtech.archunit.junit.internal.ClassCache$CacheClassFileImporter.importClasses(ClassCache.java:126) ~[archunit-junit5-engine-1.3.0.jar:1.3.0]
	at com.tngtech.archunit.junit.internal.ClassCache$LazyJavaClasses.initialize(ClassCache.java:118) ~[archunit-junit5-engine-1.3.0.jar:1.3.0]
	at com.tngtech.archunit.junit.internal.ClassCache$LazyJavaClasses.get(ClassCache.java:107) ~[archunit-junit5-engine-1.3.0.jar:1.3.0]
	at com.tngtech.archunit.junit.internal.ClassCache.getClassesToAnalyzeFor(ClassCache.java:84) ~[archunit-junit5-engine-1.3.0.jar:1.3.0]
	at com.tngtech.archunit.junit.internal.ArchUnitTestDescriptor.lambda$createChildren$1(ArchUnitTestDescriptor.java:90) ~[archunit-junit5-engine-1.3.0.jar:1.3.0]
	at com.tngtech.archunit.junit.internal.ArchUnitTestDescriptor$ArchUnitRuleDescriptor.execute(ArchUnitTestDescriptor.java:167) ~[archunit-junit5-engine-1.3.0.jar:1.3.0]
	at com.tngtech.archunit.junit.internal.ArchUnitTestDescriptor$ArchUnitRuleDescriptor.execute(ArchUnitTestDescriptor.java:150) ~[archunit-junit5-engine-1.3.0.jar:1.3.0]
	at org.junit.platform.engine.support.hierarchical.NodeTestTask.lambda$executeRecursively$6(NodeTestTask.java:151) ~[junit-platform-engine-1.10.1.jar:1.10.1]
	at org.junit.platform.engine.support.hierarchical.ThrowableCollector.execute(ThrowableCollector.java:73) ~[junit-platform-engine-1.10.1.jar:1.10.1]
	at org.junit.platform.engine.support.hierarchical.NodeTestTask.lambda$executeRecursively$8(NodeTestTask.java:141) ~[junit-platform-engine-1.10.1.jar:1.10.1]
	at org.junit.platform.engine.support.hierarchical.Node.around(Node.java:137) ~[junit-platform-engine-1.10.1.jar:1.10.1]
	at org.junit.platform.engine.support.hierarchical.NodeTestTask.lambda$executeRecursively$9(NodeTestTask.java:139) ~[junit-platform-engine-1.10.1.jar:1.10.1]
	at org.junit.platform.engine.support.hierarchical.ThrowableCollector.execute(ThrowableCollector.java:73) ~[junit-platform-engine-1.10.1.jar:1.10.1]
	at org.junit.platform.engine.support.hierarchical.NodeTestTask.executeRecursively(NodeTestTask.java:138) ~[junit-platform-engine-1.10.1.jar:1.10.1]
	at org.junit.platform.engine.support.hierarchical.NodeTestTask.execute(NodeTestTask.java:95) ~[junit-platform-engine-1.10.1.jar:1.10.1]
	at java.base/java.util.ArrayList.forEach(ArrayList.java:1604) ~[na:na]
	at org.junit.platform.engine.support.hierarchical.SameThreadHierarchicalTestExecutorService.invokeAll(SameThreadHierarchicalTestExecutorService.java:41) ~[junit-platform-engine-1.10.1.jar:1.10.1]
	at org.junit.platform.engine.support.hierarchical.NodeTestTask.lambda$executeRecursively$6(NodeTestTask.java:155) ~[junit-platform-engine-1.10.1.jar:1.10.1]
	at org.junit.platform.engine.support.hierarchical.ThrowableCollector.execute(ThrowableCollector.java:73) ~[junit-platform-engine-1.10.1.jar:1.10.1]
	at org.junit.platform.engine.support.hierarchical.NodeTestTask.lambda$executeRecursively$8(NodeTestTask.java:141) ~[junit-platform-engine-1.10.1.jar:1.10.1]
	at org.junit.platform.engine.support.hierarchical.Node.around(Node.java:137) ~[junit-platform-engine-1.10.1.jar:1.10.1]
	at org.junit.platform.engine.support.hierarchical.NodeTestTask.lambda$executeRecursively$9(NodeTestTask.java:139) ~[junit-platform-engine-1.10.1.jar:1.10.1]
	at org.junit.platform.engine.support.hierarchical.ThrowableCollector.execute(ThrowableCollector.java:73) ~[junit-platform-engine-1.10.1.jar:1.10.1]
	at org.junit.platform.engine.support.hierarchical.NodeTestTask.executeRecursively(NodeTestTask.java:138) ~[junit-platform-engine-1.10.1.jar:1.10.1]
	at org.junit.platform.engine.support.hierarchical.NodeTestTask.execute(NodeTestTask.java:95) ~[junit-platform-engine-1.10.1.jar:1.10.1]
	at java.base/java.util.ArrayList.forEach(ArrayList.java:1604) ~[na:na]
	at org.junit.platform.engine.support.hierarchical.SameThreadHierarchicalTestExecutorService.invokeAll(SameThreadHierarchicalTestExecutorService.java:41) ~[junit-platform-engine-1.10.1.jar:1.10.1]
	at org.junit.platform.engine.support.hierarchical.NodeTestTask.lambda$executeRecursively$6(NodeTestTask.java:155) ~[junit-platform-engine-1.10.1.jar:1.10.1]
	at org.junit.platform.engine.support.hierarchical.ThrowableCollector.execute(ThrowableCollector.java:73) ~[junit-platform-engine-1.10.1.jar:1.10.1]
	at org.junit.platform.engine.support.hierarchical.NodeTestTask.lambda$executeRecursively$8(NodeTestTask.java:141) ~[junit-platform-engine-1.10.1.jar:1.10.1]
	at org.junit.platform.engine.support.hierarchical.Node.around(Node.java:137) ~[junit-platform-engine-1.10.1.jar:1.10.1]
	at org.junit.platform.engine.support.hierarchical.NodeTestTask.lambda$executeRecursively$9(NodeTestTask.java:139) ~[junit-platform-engine-1.10.1.jar:1.10.1]
	at org.junit.platform.engine.support.hierarchical.ThrowableCollector.execute(ThrowableCollector.java:73) ~[junit-platform-engine-1.10.1.jar:1.10.1]
	at org.junit.platform.engine.support.hierarchical.NodeTestTask.executeRecursively(NodeTestTask.java:138) ~[junit-platform-engine-1.10.1.jar:1.10.1]
	at org.junit.platform.engine.support.hierarchical.NodeTestTask.execute(NodeTestTask.java:95) ~[junit-platform-engine-1.10.1.jar:1.10.1]
	at org.junit.platform.engine.support.hierarchical.SameThreadHierarchicalTestExecutorService.submit(SameThreadHierarchicalTestExecutorService.java:35) ~[junit-platform-engine-1.10.1.jar:1.10.1]
	at org.junit.platform.engine.support.hierarchical.HierarchicalTestExecutor.execute(HierarchicalTestExecutor.java:57) ~[junit-platform-engine-1.10.1.jar:1.10.1]
	at org.junit.platform.engine.support.hierarchical.HierarchicalTestEngine.execute(HierarchicalTestEngine.java:54) ~[junit-platform-engine-1.10.1.jar:1.10.1]
	at org.junit.platform.launcher.core.EngineExecutionOrchestrator.execute(EngineExecutionOrchestrator.java:198) ~[junit-platform-launcher-1.10.1.jar:1.10.1]
	at org.junit.platform.launcher.core.EngineExecutionOrchestrator.execute(EngineExecutionOrchestrator.java:169) ~[junit-platform-launcher-1.10.1.jar:1.10.1]
	at org.junit.platform.launcher.core.EngineExecutionOrchestrator.execute(EngineExecutionOrchestrator.java:93) ~[junit-platform-launcher-1.10.1.jar:1.10.1]
	at org.junit.platform.launcher.core.EngineExecutionOrchestrator.lambda$execute$0(EngineExecutionOrchestrator.java:58) ~[junit-platform-launcher-1.10.1.jar:1.10.1]
	at org.junit.platform.launcher.core.EngineExecutionOrchestrator.withInterceptedStreams(EngineExecutionOrchestrator.java:141) ~[junit-platform-launcher-1.10.1.jar:1.10.1]
	at org.junit.platform.launcher.core.EngineExecutionOrchestrator.execute(EngineExecutionOrchestrator.java:57) ~[junit-platform-launcher-1.10.1.jar:1.10.1]
	at org.junit.platform.launcher.core.DefaultLauncher.execute(DefaultLauncher.java:103) ~[junit-platform-launcher-1.10.1.jar:1.10.1]
	at org.junit.platform.launcher.core.DefaultLauncher.execute(DefaultLauncher.java:85) ~[junit-platform-launcher-1.10.1.jar:1.10.1]
	at org.junit.platform.launcher.core.DelegatingLauncher.execute(DelegatingLauncher.java:47) ~[junit-platform-launcher-1.10.1.jar:1.10.1]
	at org.apache.maven.surefire.junitplatform.LazyLauncher.execute(LazyLauncher.java:56) ~[surefire-junit-platform-3.1.2.jar:3.1.2]
	at org.apache.maven.surefire.junitplatform.JUnitPlatformProvider.execute(JUnitPlatformProvider.java:184) ~[surefire-junit-platform-3.1.2.jar:3.1.2]
	at org.apache.maven.surefire.junitplatform.JUnitPlatformProvider.invokeAllTests(JUnitPlatformProvider.java:148) ~[surefire-junit-platform-3.1.2.jar:3.1.2]
	at org.apache.maven.surefire.junitplatform.JUnitPlatformProvider.invoke(JUnitPlatformProvider.java:122) ~[surefire-junit-platform-3.1.2.jar:3.1.2]
	at org.apache.maven.surefire.booter.ForkedBooter.runSuitesInProcess(ForkedBooter.java:385) ~[surefire-booter-3.1.2.jar:3.1.2]
	at org.apache.maven.surefire.booter.ForkedBooter.execute(ForkedBooter.java:162) ~[surefire-booter-3.1.2.jar:3.1.2]
	at org.apache.maven.surefire.booter.ForkedBooter.run(ForkedBooter.java:507) ~[surefire-booter-3.1.2.jar:3.1.2]
	at org.apache.maven.surefire.booter.ForkedBooter.main(ForkedBooter.java:495) ~[surefire-booter-3.1.2.jar:3.1.2]

2025-10-13T13:36:42.477+02:00  WARN 80616 --- [hexagonal-app] [           main] c.t.a.core.importer.ClassFileProcessor   : Error during import from jrt:/java.base/java/lang/Throwable.class, falling back to simple import

java.lang.IllegalArgumentException: Unsupported class file major version 69
	at com.tngtech.archunit.thirdparty.org.objectweb.asm.ClassReader.<init>(ClassReader.java:200) ~[archunit-1.3.0.jar:1.3.0]
	at com.tngtech.archunit.thirdparty.org.objectweb.asm.ClassReader.<init>(ClassReader.java:180) ~[archunit-1.3.0.jar:1.3.0]
	at com.tngtech.archunit.thirdparty.org.objectweb.asm.ClassReader.<init>(ClassReader.java:166) ~[archunit-1.3.0.jar:1.3.0]
	at com.tngtech.archunit.thirdparty.org.objectweb.asm.ClassReader.<init>(ClassReader.java:288) ~[archunit-1.3.0.jar:1.3.0]
	at com.tngtech.archunit.core.importer.ClassFileProcessor$UriImporterOfProcessor.tryImport(ClassFileProcessor.java:350) ~[archunit-1.3.0.jar:1.3.0]
	at com.tngtech.archunit.core.importer.resolvers.ClassResolverFromClasspath.tryResolve(ClassResolverFromClasspath.java:51) ~[archunit-1.3.0.jar:1.3.0]
	at com.tngtech.archunit.core.importer.ImportedClasses.resolve(ImportedClasses.java:80) ~[archunit-1.3.0.jar:1.3.0]
	at com.tngtech.archunit.core.importer.ImportedClasses.ensurePresent(ImportedClasses.java:75) ~[archunit-1.3.0.jar:1.3.0]
	at com.tngtech.archunit.core.importer.DependencyResolutionProcess.executeRun(DependencyResolutionProcess.java:146) ~[archunit-1.3.0.jar:1.3.0]
	at com.tngtech.archunit.core.importer.DependencyResolutionProcess.resolve(DependencyResolutionProcess.java:122) ~[archunit-1.3.0.jar:1.3.0]
	at com.tngtech.archunit.core.importer.ClassGraphCreator.complete(ClassGraphCreator.java:107) ~[archunit-1.3.0.jar:1.3.0]
	at com.tngtech.archunit.core.importer.ClassFileProcessor.process(ClassFileProcessor.java:75) ~[archunit-1.3.0.jar:1.3.0]
	at com.tngtech.archunit.core.importer.ClassFileImporter.importLocations(ClassFileImporter.java:325) ~[archunit-1.3.0.jar:1.3.0]
	at com.tngtech.archunit.junit.internal.ClassCache$CacheClassFileImporter.importClasses(ClassCache.java:126) ~[archunit-junit5-engine-1.3.0.jar:1.3.0]
	at com.tngtech.archunit.junit.internal.ClassCache$LazyJavaClasses.initialize(ClassCache.java:118) ~[archunit-junit5-engine-1.3.0.jar:1.3.0]
	at com.tngtech.archunit.junit.internal.ClassCache$LazyJavaClasses.get(ClassCache.java:107) ~[archunit-junit5-engine-1.3.0.jar:1.3.0]
	at com.tngtech.archunit.junit.internal.ClassCache.getClassesToAnalyzeFor(ClassCache.java:84) ~[archunit-junit5-engine-1.3.0.jar:1.3.0]
	at com.tngtech.archunit.junit.internal.ArchUnitTestDescriptor.lambda$createChildren$1(ArchUnitTestDescriptor.java:90) ~[archunit-junit5-engine-1.3.0.jar:1.3.0]
	at com.tngtech.archunit.junit.internal.ArchUnitTestDescriptor$ArchUnitRuleDescriptor.execute(ArchUnitTestDescriptor.java:167) ~[archunit-junit5-engine-1.3.0.jar:1.3.0]
	at com.tngtech.archunit.junit.internal.ArchUnitTestDescriptor$ArchUnitRuleDescriptor.execute(ArchUnitTestDescriptor.java:150) ~[archunit-junit5-engine-1.3.0.jar:1.3.0]
	at org.junit.platform.engine.support.hierarchical.NodeTestTask.lambda$executeRecursively$6(NodeTestTask.java:151) ~[junit-platform-engine-1.10.1.jar:1.10.1]
	at org.junit.platform.engine.support.hierarchical.ThrowableCollector.execute(ThrowableCollector.java:73) ~[junit-platform-engine-1.10.1.jar:1.10.1]
	at org.junit.platform.engine.support.hierarchical.NodeTestTask.lambda$executeRecursively$8(NodeTestTask.java:141) ~[junit-platform-engine-1.10.1.jar:1.10.1]
	at org.junit.platform.engine.support.hierarchical.Node.around(Node.java:137) ~[junit-platform-engine-1.10.1.jar:1.10.1]
	at org.junit.platform.engine.support.hierarchical.NodeTestTask.lambda$executeRecursively$9(NodeTestTask.java:139) ~[junit-platform-engine-1.10.1.jar:1.10.1]
	at org.junit.platform.engine.support.hierarchical.ThrowableCollector.execute(ThrowableCollector.java:73) ~[junit-platform-engine-1.10.1.jar:1.10.1]
	at org.junit.platform.engine.support.hierarchical.NodeTestTask.executeRecursively(NodeTestTask.java:138) ~[junit-platform-engine-1.10.1.jar:1.10.1]
	at org.junit.platform.engine.support.hierarchical.NodeTestTask.execute(NodeTestTask.java:95) ~[junit-platform-engine-1.10.1.jar:1.10.1]
	at java.base/java.util.ArrayList.forEach(ArrayList.java:1604) ~[na:na]
	at org.junit.platform.engine.support.hierarchical.SameThreadHierarchicalTestExecutorService.invokeAll(SameThreadHierarchicalTestExecutorService.java:41) ~[junit-platform-engine-1.10.1.jar:1.10.1]
	at org.junit.platform.engine.support.hierarchical.NodeTestTask.lambda$executeRecursively$6(NodeTestTask.java:155) ~[junit-platform-engine-1.10.1.jar:1.10.1]
	at org.junit.platform.engine.support.hierarchical.ThrowableCollector.execute(ThrowableCollector.java:73) ~[junit-platform-engine-1.10.1.jar:1.10.1]
	at org.junit.platform.engine.support.hierarchical.NodeTestTask.lambda$executeRecursively$8(NodeTestTask.java:141) ~[junit-platform-engine-1.10.1.jar:1.10.1]
	at org.junit.platform.engine.support.hierarchical.Node.around(Node.java:137) ~[junit-platform-engine-1.10.1.jar:1.10.1]
	at org.junit.platform.engine.support.hierarchical.NodeTestTask.lambda$executeRecursively$9(NodeTestTask.java:139) ~[junit-platform-engine-1.10.1.jar:1.10.1]
	at org.junit.platform.engine.support.hierarchical.ThrowableCollector.execute(ThrowableCollector.java:73) ~[junit-platform-engine-1.10.1.jar:1.10.1]
	at org.junit.platform.engine.support.hierarchical.NodeTestTask.executeRecursively(NodeTestTask.java:138) ~[junit-platform-engine-1.10.1.jar:1.10.1]
	at org.junit.platform.engine.support.hierarchical.NodeTestTask.execute(NodeTestTask.java:95) ~[junit-platform-engine-1.10.1.jar:1.10.1]
	at java.base/java.util.ArrayList.forEach(ArrayList.java:1604) ~[na:na]
	at org.junit.platform.engine.support.hierarchical.SameThreadHierarchicalTestExecutorService.invokeAll(SameThreadHierarchicalTestExecutorService.java:41) ~[junit-platform-engine-1.10.1.jar:1.10.1]
	at org.junit.platform.engine.support.hierarchical.NodeTestTask.lambda$executeRecursively$6(NodeTestTask.java:155) ~[junit-platform-engine-1.10.1.jar:1.10.1]
	at org.junit.platform.engine.support.hierarchical.ThrowableCollector.execute(ThrowableCollector.java:73) ~[junit-platform-engine-1.10.1.jar:1.10.1]
	at org.junit.platform.engine.support.hierarchical.NodeTestTask.lambda$executeRecursively$8(NodeTestTask.java:141) ~[junit-platform-engine-1.10.1.jar:1.10.1]
	at org.junit.platform.engine.support.hierarchical.Node.around(Node.java:137) ~[junit-platform-engine-1.10.1.jar:1.10.1]
	at org.junit.platform.engine.support.hierarchical.NodeTestTask.lambda$executeRecursively$9(NodeTestTask.java:139) ~[junit-platform-engine-1.10.1.jar:1.10.1]
	at org.junit.platform.engine.support.hierarchical.ThrowableCollector.execute(ThrowableCollector.java:73) ~[junit-platform-engine-1.10.1.jar:1.10.1]
	at org.junit.platform.engine.support.hierarchical.NodeTestTask.executeRecursively(NodeTestTask.java:138) ~[junit-platform-engine-1.10.1.jar:1.10.1]
	at org.junit.platform.engine.support.hierarchical.NodeTestTask.execute(NodeTestTask.java:95) ~[junit-platform-engine-1.10.1.jar:1.10.1]
	at org.junit.platform.engine.support.hierarchical.SameThreadHierarchicalTestExecutorService.submit(SameThreadHierarchicalTestExecutorService.java:35) ~[junit-platform-engine-1.10.1.jar:1.10.1]
	at org.junit.platform.engine.support.hierarchical.HierarchicalTestExecutor.execute(HierarchicalTestExecutor.java:57) ~[junit-platform-engine-1.10.1.jar:1.10.1]
	at org.junit.platform.engine.support.hierarchical.HierarchicalTestEngine.execute(HierarchicalTestEngine.java:54) ~[junit-platform-engine-1.10.1.jar:1.10.1]
	at org.junit.platform.launcher.core.EngineExecutionOrchestrator.execute(EngineExecutionOrchestrator.java:198) ~[junit-platform-launcher-1.10.1.jar:1.10.1]
	at org.junit.platform.launcher.core.EngineExecutionOrchestrator.execute(EngineExecutionOrchestrator.java:169) ~[junit-platform-launcher-1.10.1.jar:1.10.1]
	at org.junit.platform.launcher.core.EngineExecutionOrchestrator.execute(EngineExecutionOrchestrator.java:93) ~[junit-platform-launcher-1.10.1.jar:1.10.1]
	at org.junit.platform.launcher.core.EngineExecutionOrchestrator.lambda$execute$0(EngineExecutionOrchestrator.java:58) ~[junit-platform-launcher-1.10.1.jar:1.10.1]
	at org.junit.platform.launcher.core.EngineExecutionOrchestrator.withInterceptedStreams(EngineExecutionOrchestrator.java:141) ~[junit-platform-launcher-1.10.1.jar:1.10.1]
	at org.junit.platform.launcher.core.EngineExecutionOrchestrator.execute(EngineExecutionOrchestrator.java:57) ~[junit-platform-launcher-1.10.1.jar:1.10.1]
	at org.junit.platform.launcher.core.DefaultLauncher.execute(DefaultLauncher.java:103) ~[junit-platform-launcher-1.10.1.jar:1.10.1]
	at org.junit.platform.launcher.core.DefaultLauncher.execute(DefaultLauncher.java:85) ~[junit-platform-launcher-1.10.1.jar:1.10.1]
	at org.junit.platform.launcher.core.DelegatingLauncher.execute(DelegatingLauncher.java:47) ~[junit-platform-launcher-1.10.1.jar:1.10.1]
	at org.apache.maven.surefire.junitplatform.LazyLauncher.execute(LazyLauncher.java:56) ~[surefire-junit-platform-3.1.2.jar:3.1.2]
	at org.apache.maven.surefire.junitplatform.JUnitPlatformProvider.execute(JUnitPlatformProvider.java:184) ~[surefire-junit-platform-3.1.2.jar:3.1.2]
	at org.apache.maven.surefire.junitplatform.JUnitPlatformProvider.invokeAllTests(JUnitPlatformProvider.java:148) ~[surefire-junit-platform-3.1.2.jar:3.1.2]
	at org.apache.maven.surefire.junitplatform.JUnitPlatformProvider.invoke(JUnitPlatformProvider.java:122) ~[surefire-junit-platform-3.1.2.jar:3.1.2]
	at org.apache.maven.surefire.booter.ForkedBooter.runSuitesInProcess(ForkedBooter.java:385) ~[surefire-booter-3.1.2.jar:3.1.2]
	at org.apache.maven.surefire.booter.ForkedBooter.execute(ForkedBooter.java:162) ~[surefire-booter-3.1.2.jar:3.1.2]
	at org.apache.maven.surefire.booter.ForkedBooter.run(ForkedBooter.java:507) ~[surefire-booter-3.1.2.jar:3.1.2]
	at org.apache.maven.surefire.booter.ForkedBooter.main(ForkedBooter.java:495) ~[surefire-booter-3.1.2.jar:3.1.2]

2025-10-13T13:36:42.480+02:00  WARN 80616 --- [hexagonal-app] [           main] c.t.a.core.importer.ClassFileProcessor   : Error during import from jrt:/java.base/java/time/LocalDateTime.class, falling back to simple import

java.lang.IllegalArgumentException: Unsupported class file major version 69
	at com.tngtech.archunit.thirdparty.org.objectweb.asm.ClassReader.<init>(ClassReader.java:200) ~[archunit-1.3.0.jar:1.3.0]
	at com.tngtech.archunit.thirdparty.org.objectweb.asm.ClassReader.<init>(ClassReader.java:180) ~[archunit-1.3.0.jar:1.3.0]
	at com.tngtech.archunit.thirdparty.org.objectweb.asm.ClassReader.<init>(ClassReader.java:166) ~[archunit-1.3.0.jar:1.3.0]
	at com.tngtech.archunit.thirdparty.org.objectweb.asm.ClassReader.<init>(ClassReader.java:288) ~[archunit-1.3.0.jar:1.3.0]
	at com.tngtech.archunit.core.importer.ClassFileProcessor$UriImporterOfProcessor.tryImport(ClassFileProcessor.java:350) ~[archunit-1.3.0.jar:1.3.0]
	at com.tngtech.archunit.core.importer.resolvers.ClassResolverFromClasspath.tryResolve(ClassResolverFromClasspath.java:51) ~[archunit-1.3.0.jar:1.3.0]
	at com.tngtech.archunit.core.importer.ImportedClasses.resolve(ImportedClasses.java:80) ~[archunit-1.3.0.jar:1.3.0]
	at com.tngtech.archunit.core.importer.ImportedClasses.ensurePresent(ImportedClasses.java:75) ~[archunit-1.3.0.jar:1.3.0]
	at com.tngtech.archunit.core.importer.DependencyResolutionProcess.executeRun(DependencyResolutionProcess.java:146) ~[archunit-1.3.0.jar:1.3.0]
	at com.tngtech.archunit.core.importer.DependencyResolutionProcess.resolve(DependencyResolutionProcess.java:122) ~[archunit-1.3.0.jar:1.3.0]
	at com.tngtech.archunit.core.importer.ClassGraphCreator.complete(ClassGraphCreator.java:107) ~[archunit-1.3.0.jar:1.3.0]
	at com.tngtech.archunit.core.importer.ClassFileProcessor.process(ClassFileProcessor.java:75) ~[archunit-1.3.0.jar:1.3.0]
	at com.tngtech.archunit.core.importer.ClassFileImporter.importLocations(ClassFileImporter.java:325) ~[archunit-1.3.0.jar:1.3.0]
	at com.tngtech.archunit.junit.internal.ClassCache$CacheClassFileImporter.importClasses(ClassCache.java:126) ~[archunit-junit5-engine-1.3.0.jar:1.3.0]
	at com.tngtech.archunit.junit.internal.ClassCache$LazyJavaClasses.initialize(ClassCache.java:118) ~[archunit-junit5-engine-1.3.0.jar:1.3.0]
	at com.tngtech.archunit.junit.internal.ClassCache$LazyJavaClasses.get(ClassCache.java:107) ~[archunit-junit5-engine-1.3.0.jar:1.3.0]
	at com.tngtech.archunit.junit.internal.ClassCache.getClassesToAnalyzeFor(ClassCache.java:84) ~[archunit-junit5-engine-1.3.0.jar:1.3.0]
	at com.tngtech.archunit.junit.internal.ArchUnitTestDescriptor.lambda$createChildren$1(ArchUnitTestDescriptor.java:90) ~[archunit-junit5-engine-1.3.0.jar:1.3.0]
	at com.tngtech.archunit.junit.internal.ArchUnitTestDescriptor$ArchUnitRuleDescriptor.execute(ArchUnitTestDescriptor.java:167) ~[archunit-junit5-engine-1.3.0.jar:1.3.0]
	at com.tngtech.archunit.junit.internal.ArchUnitTestDescriptor$ArchUnitRuleDescriptor.execute(ArchUnitTestDescriptor.java:150) ~[archunit-junit5-engine-1.3.0.jar:1.3.0]
	at org.junit.platform.engine.support.hierarchical.NodeTestTask.lambda$executeRecursively$6(NodeTestTask.java:151) ~[junit-platform-engine-1.10.1.jar:1.10.1]
	at org.junit.platform.engine.support.hierarchical.ThrowableCollector.execute(ThrowableCollector.java:73) ~[junit-platform-engine-1.10.1.jar:1.10.1]
	at org.junit.platform.engine.support.hierarchical.NodeTestTask.lambda$executeRecursively$8(NodeTestTask.java:141) ~[junit-platform-engine-1.10.1.jar:1.10.1]
	at org.junit.platform.engine.support.hierarchical.Node.around(Node.java:137) ~[junit-platform-engine-1.10.1.jar:1.10.1]
	at org.junit.platform.engine.support.hierarchical.NodeTestTask.lambda$executeRecursively$9(NodeTestTask.java:139) ~[junit-platform-engine-1.10.1.jar:1.10.1]
	at org.junit.platform.engine.support.hierarchical.ThrowableCollector.execute(ThrowableCollector.java:73) ~[junit-platform-engine-1.10.1.jar:1.10.1]
	at org.junit.platform.engine.support.hierarchical.NodeTestTask.executeRecursively(NodeTestTask.java:138) ~[junit-platform-engine-1.10.1.jar:1.10.1]
	at org.junit.platform.engine.support.hierarchical.NodeTestTask.execute(NodeTestTask.java:95) ~[junit-platform-engine-1.10.1.jar:1.10.1]
	at java.base/java.util.ArrayList.forEach(ArrayList.java:1604) ~[na:na]
	at org.junit.platform.engine.support.hierarchical.SameThreadHierarchicalTestExecutorService.invokeAll(SameThreadHierarchicalTestExecutorService.java:41) ~[junit-platform-engine-1.10.1.jar:1.10.1]
	at org.junit.platform.engine.support.hierarchical.NodeTestTask.lambda$executeRecursively$6(NodeTestTask.java:155) ~[junit-platform-engine-1.10.1.jar:1.10.1]
	at org.junit.platform.engine.support.hierarchical.ThrowableCollector.execute(ThrowableCollector.java:73) ~[junit-platform-engine-1.10.1.jar:1.10.1]
	at org.junit.platform.engine.support.hierarchical.NodeTestTask.lambda$executeRecursively$8(NodeTestTask.java:141) ~[junit-platform-engine-1.10.1.jar:1.10.1]
	at org.junit.platform.engine.support.hierarchical.Node.around(Node.java:137) ~[junit-platform-engine-1.10.1.jar:1.10.1]
	at org.junit.platform.engine.support.hierarchical.NodeTestTask.lambda$executeRecursively$9(NodeTestTask.java:139) ~[junit-platform-engine-1.10.1.jar:1.10.1]
	at org.junit.platform.engine.support.hierarchical.ThrowableCollector.execute(ThrowableCollector.java:73) ~[junit-platform-engine-1.10.1.jar:1.10.1]
	at org.junit.platform.engine.support.hierarchical.NodeTestTask.executeRecursively(NodeTestTask.java:138) ~[junit-platform-engine-1.10.1.jar:1.10.1]
	at org.junit.platform.engine.support.hierarchical.NodeTestTask.execute(NodeTestTask.java:95) ~[junit-platform-engine-1.10.1.jar:1.10.1]
	at java.base/java.util.ArrayList.forEach(ArrayList.java:1604) ~[na:na]
	at org.junit.platform.engine.support.hierarchical.SameThreadHierarchicalTestExecutorService.invokeAll(SameThreadHierarchicalTestExecutorService.java:41) ~[junit-platform-engine-1.10.1.jar:1.10.1]
	at org.junit.platform.engine.support.hierarchical.NodeTestTask.lambda$executeRecursively$6(NodeTestTask.java:155) ~[junit-platform-engine-1.10.1.jar:1.10.1]
	at org.junit.platform.engine.support.hierarchical.ThrowableCollector.execute(ThrowableCollector.java:73) ~[junit-platform-engine-1.10.1.jar:1.10.1]
	at org.junit.platform.engine.support.hierarchical.NodeTestTask.lambda$executeRecursively$8(NodeTestTask.java:141) ~[junit-platform-engine-1.10.1.jar:1.10.1]
	at org.junit.platform.engine.support.hierarchical.Node.around(Node.java:137) ~[junit-platform-engine-1.10.1.jar:1.10.1]
	at org.junit.platform.engine.support.hierarchical.NodeTestTask.lambda$executeRecursively$9(NodeTestTask.java:139) ~[junit-platform-engine-1.10.1.jar:1.10.1]
	at org.junit.platform.engine.support.hierarchical.ThrowableCollector.execute(ThrowableCollector.java:73) ~[junit-platform-engine-1.10.1.jar:1.10.1]
	at org.junit.platform.engine.support.hierarchical.NodeTestTask.executeRecursively(NodeTestTask.java:138) ~[junit-platform-engine-1.10.1.jar:1.10.1]
	at org.junit.platform.engine.support.hierarchical.NodeTestTask.execute(NodeTestTask.java:95) ~[junit-platform-engine-1.10.1.jar:1.10.1]
	at org.junit.platform.engine.support.hierarchical.SameThreadHierarchicalTestExecutorService.submit(SameThreadHierarchicalTestExecutorService.java:35) ~[junit-platform-engine-1.10.1.jar:1.10.1]
	at org.junit.platform.engine.support.hierarchical.HierarchicalTestExecutor.execute(HierarchicalTestExecutor.java:57) ~[junit-platform-engine-1.10.1.jar:1.10.1]
	at org.junit.platform.engine.support.hierarchical.HierarchicalTestEngine.execute(HierarchicalTestEngine.java:54) ~[junit-platform-engine-1.10.1.jar:1.10.1]
	at org.junit.platform.launcher.core.EngineExecutionOrchestrator.execute(EngineExecutionOrchestrator.java:198) ~[junit-platform-launcher-1.10.1.jar:1.10.1]
	at org.junit.platform.launcher.core.EngineExecutionOrchestrator.execute(EngineExecutionOrchestrator.java:169) ~[junit-platform-launcher-1.10.1.jar:1.10.1]
	at org.junit.platform.launcher.core.EngineExecutionOrchestrator.execute(EngineExecutionOrchestrator.java:93) ~[junit-platform-launcher-1.10.1.jar:1.10.1]
	at org.junit.platform.launcher.core.EngineExecutionOrchestrator.lambda$execute$0(EngineExecutionOrchestrator.java:58) ~[junit-platform-launcher-1.10.1.jar:1.10.1]
	at org.junit.platform.launcher.core.EngineExecutionOrchestrator.withInterceptedStreams(EngineExecutionOrchestrator.java:141) ~[junit-platform-launcher-1.10.1.jar:1.10.1]
	at org.junit.platform.launcher.core.EngineExecutionOrchestrator.execute(EngineExecutionOrchestrator.java:57) ~[junit-platform-launcher-1.10.1.jar:1.10.1]
	at org.junit.platform.launcher.core.DefaultLauncher.execute(DefaultLauncher.java:103) ~[junit-platform-launcher-1.10.1.jar:1.10.1]
	at org.junit.platform.launcher.core.DefaultLauncher.execute(DefaultLauncher.java:85) ~[junit-platform-launcher-1.10.1.jar:1.10.1]
	at org.junit.platform.launcher.core.DelegatingLauncher.execute(DelegatingLauncher.java:47) ~[junit-platform-launcher-1.10.1.jar:1.10.1]
	at org.apache.maven.surefire.junitplatform.LazyLauncher.execute(LazyLauncher.java:56) ~[surefire-junit-platform-3.1.2.jar:3.1.2]
	at org.apache.maven.surefire.junitplatform.JUnitPlatformProvider.execute(JUnitPlatformProvider.java:184) ~[surefire-junit-platform-3.1.2.jar:3.1.2]
	at org.apache.maven.surefire.junitplatform.JUnitPlatformProvider.invokeAllTests(JUnitPlatformProvider.java:148) ~[surefire-junit-platform-3.1.2.jar:3.1.2]
	at org.apache.maven.surefire.junitplatform.JUnitPlatformProvider.invoke(JUnitPlatformProvider.java:122) ~[surefire-junit-platform-3.1.2.jar:3.1.2]
	at org.apache.maven.surefire.booter.ForkedBooter.runSuitesInProcess(ForkedBooter.java:385) ~[surefire-booter-3.1.2.jar:3.1.2]
	at org.apache.maven.surefire.booter.ForkedBooter.execute(ForkedBooter.java:162) ~[surefire-booter-3.1.2.jar:3.1.2]
	at org.apache.maven.surefire.booter.ForkedBooter.run(ForkedBooter.java:507) ~[surefire-booter-3.1.2.jar:3.1.2]
	at org.apache.maven.surefire.booter.ForkedBooter.main(ForkedBooter.java:495) ~[surefire-booter-3.1.2.jar:3.1.2]

2025-10-13T13:36:42.483+02:00  WARN 80616 --- [hexagonal-app] [           main] c.t.a.core.importer.ClassFileProcessor   : Error during import from jrt:/java.base/java/lang/RuntimeException.class, falling back to simple import

java.lang.IllegalArgumentException: Unsupported class file major version 69
	at com.tngtech.archunit.thirdparty.org.objectweb.asm.ClassReader.<init>(ClassReader.java:200) ~[archunit-1.3.0.jar:1.3.0]
	at com.tngtech.archunit.thirdparty.org.objectweb.asm.ClassReader.<init>(ClassReader.java:180) ~[archunit-1.3.0.jar:1.3.0]
	at com.tngtech.archunit.thirdparty.org.objectweb.asm.ClassReader.<init>(ClassReader.java:166) ~[archunit-1.3.0.jar:1.3.0]
	at com.tngtech.archunit.thirdparty.org.objectweb.asm.ClassReader.<init>(ClassReader.java:288) ~[archunit-1.3.0.jar:1.3.0]
	at com.tngtech.archunit.core.importer.ClassFileProcessor$UriImporterOfProcessor.tryImport(ClassFileProcessor.java:350) ~[archunit-1.3.0.jar:1.3.0]
	at com.tngtech.archunit.core.importer.resolvers.ClassResolverFromClasspath.tryResolve(ClassResolverFromClasspath.java:51) ~[archunit-1.3.0.jar:1.3.0]
	at com.tngtech.archunit.core.importer.ImportedClasses.resolve(ImportedClasses.java:80) ~[archunit-1.3.0.jar:1.3.0]
	at com.tngtech.archunit.core.importer.ImportedClasses.ensurePresent(ImportedClasses.java:75) ~[archunit-1.3.0.jar:1.3.0]
	at com.tngtech.archunit.core.importer.DependencyResolutionProcess.executeRun(DependencyResolutionProcess.java:146) ~[archunit-1.3.0.jar:1.3.0]
	at com.tngtech.archunit.core.importer.DependencyResolutionProcess.resolve(DependencyResolutionProcess.java:122) ~[archunit-1.3.0.jar:1.3.0]
	at com.tngtech.archunit.core.importer.ClassGraphCreator.complete(ClassGraphCreator.java:107) ~[archunit-1.3.0.jar:1.3.0]
	at com.tngtech.archunit.core.importer.ClassFileProcessor.process(ClassFileProcessor.java:75) ~[archunit-1.3.0.jar:1.3.0]
	at com.tngtech.archunit.core.importer.ClassFileImporter.importLocations(ClassFileImporter.java:325) ~[archunit-1.3.0.jar:1.3.0]
	at com.tngtech.archunit.junit.internal.ClassCache$CacheClassFileImporter.importClasses(ClassCache.java:126) ~[archunit-junit5-engine-1.3.0.jar:1.3.0]
	at com.tngtech.archunit.junit.internal.ClassCache$LazyJavaClasses.initialize(ClassCache.java:118) ~[archunit-junit5-engine-1.3.0.jar:1.3.0]
	at com.tngtech.archunit.junit.internal.ClassCache$LazyJavaClasses.get(ClassCache.java:107) ~[archunit-junit5-engine-1.3.0.jar:1.3.0]
	at com.tngtech.archunit.junit.internal.ClassCache.getClassesToAnalyzeFor(ClassCache.java:84) ~[archunit-junit5-engine-1.3.0.jar:1.3.0]
	at com.tngtech.archunit.junit.internal.ArchUnitTestDescriptor.lambda$createChildren$1(ArchUnitTestDescriptor.java:90) ~[archunit-junit5-engine-1.3.0.jar:1.3.0]
	at com.tngtech.archunit.junit.internal.ArchUnitTestDescriptor$ArchUnitRuleDescriptor.execute(ArchUnitTestDescriptor.java:167) ~[archunit-junit5-engine-1.3.0.jar:1.3.0]
	at com.tngtech.archunit.junit.internal.ArchUnitTestDescriptor$ArchUnitRuleDescriptor.execute(ArchUnitTestDescriptor.java:150) ~[archunit-junit5-engine-1.3.0.jar:1.3.0]
	at org.junit.platform.engine.support.hierarchical.NodeTestTask.lambda$executeRecursively$6(NodeTestTask.java:151) ~[junit-platform-engine-1.10.1.jar:1.10.1]
	at org.junit.platform.engine.support.hierarchical.ThrowableCollector.execute(ThrowableCollector.java:73) ~[junit-platform-engine-1.10.1.jar:1.10.1]
	at org.junit.platform.engine.support.hierarchical.NodeTestTask.lambda$executeRecursively$8(NodeTestTask.java:141) ~[junit-platform-engine-1.10.1.jar:1.10.1]
	at org.junit.platform.engine.support.hierarchical.Node.around(Node.java:137) ~[junit-platform-engine-1.10.1.jar:1.10.1]
	at org.junit.platform.engine.support.hierarchical.NodeTestTask.lambda$executeRecursively$9(NodeTestTask.java:139) ~[junit-platform-engine-1.10.1.jar:1.10.1]
	at org.junit.platform.engine.support.hierarchical.ThrowableCollector.execute(ThrowableCollector.java:73) ~[junit-platform-engine-1.10.1.jar:1.10.1]
	at org.junit.platform.engine.support.hierarchical.NodeTestTask.executeRecursively(NodeTestTask.java:138) ~[junit-platform-engine-1.10.1.jar:1.10.1]
	at org.junit.platform.engine.support.hierarchical.NodeTestTask.execute(NodeTestTask.java:95) ~[junit-platform-engine-1.10.1.jar:1.10.1]
	at java.base/java.util.ArrayList.forEach(ArrayList.java:1604) ~[na:na]
	at org.junit.platform.engine.support.hierarchical.SameThreadHierarchicalTestExecutorService.invokeAll(SameThreadHierarchicalTestExecutorService.java:41) ~[junit-platform-engine-1.10.1.jar:1.10.1]
	at org.junit.platform.engine.support.hierarchical.NodeTestTask.lambda$executeRecursively$6(NodeTestTask.java:155) ~[junit-platform-engine-1.10.1.jar:1.10.1]
	at org.junit.platform.engine.support.hierarchical.ThrowableCollector.execute(ThrowableCollector.java:73) ~[junit-platform-engine-1.10.1.jar:1.10.1]
	at org.junit.platform.engine.support.hierarchical.NodeTestTask.lambda$executeRecursively$8(NodeTestTask.java:141) ~[junit-platform-engine-1.10.1.jar:1.10.1]
	at org.junit.platform.engine.support.hierarchical.Node.around(Node.java:137) ~[junit-platform-engine-1.10.1.jar:1.10.1]
	at org.junit.platform.engine.support.hierarchical.NodeTestTask.lambda$executeRecursively$9(NodeTestTask.java:139) ~[junit-platform-engine-1.10.1.jar:1.10.1]
	at org.junit.platform.engine.support.hierarchical.ThrowableCollector.execute(ThrowableCollector.java:73) ~[junit-platform-engine-1.10.1.jar:1.10.1]
	at org.junit.platform.engine.support.hierarchical.NodeTestTask.executeRecursively(NodeTestTask.java:138) ~[junit-platform-engine-1.10.1.jar:1.10.1]
	at org.junit.platform.engine.support.hierarchical.NodeTestTask.execute(NodeTestTask.java:95) ~[junit-platform-engine-1.10.1.jar:1.10.1]
	at java.base/java.util.ArrayList.forEach(ArrayList.java:1604) ~[na:na]
	at org.junit.platform.engine.support.hierarchical.SameThreadHierarchicalTestExecutorService.invokeAll(SameThreadHierarchicalTestExecutorService.java:41) ~[junit-platform-engine-1.10.1.jar:1.10.1]
	at org.junit.platform.engine.support.hierarchical.NodeTestTask.lambda$executeRecursively$6(NodeTestTask.java:155) ~[junit-platform-engine-1.10.1.jar:1.10.1]
	at org.junit.platform.engine.support.hierarchical.ThrowableCollector.execute(ThrowableCollector.java:73) ~[junit-platform-engine-1.10.1.jar:1.10.1]
	at org.junit.platform.engine.support.hierarchical.NodeTestTask.lambda$executeRecursively$8(NodeTestTask.java:141) ~[junit-platform-engine-1.10.1.jar:1.10.1]
	at org.junit.platform.engine.support.hierarchical.Node.around(Node.java:137) ~[junit-platform-engine-1.10.1.jar:1.10.1]
	at org.junit.platform.engine.support.hierarchical.NodeTestTask.lambda$executeRecursively$9(NodeTestTask.java:139) ~[junit-platform-engine-1.10.1.jar:1.10.1]
	at org.junit.platform.engine.support.hierarchical.ThrowableCollector.execute(ThrowableCollector.java:73) ~[junit-platform-engine-1.10.1.jar:1.10.1]
	at org.junit.platform.engine.support.hierarchical.NodeTestTask.executeRecursively(NodeTestTask.java:138) ~[junit-platform-engine-1.10.1.jar:1.10.1]
	at org.junit.platform.engine.support.hierarchical.NodeTestTask.execute(NodeTestTask.java:95) ~[junit-platform-engine-1.10.1.jar:1.10.1]
	at org.junit.platform.engine.support.hierarchical.SameThreadHierarchicalTestExecutorService.submit(SameThreadHierarchicalTestExecutorService.java:35) ~[junit-platform-engine-1.10.1.jar:1.10.1]
	at org.junit.platform.engine.support.hierarchical.HierarchicalTestExecutor.execute(HierarchicalTestExecutor.java:57) ~[junit-platform-engine-1.10.1.jar:1.10.1]
	at org.junit.platform.engine.support.hierarchical.HierarchicalTestEngine.execute(HierarchicalTestEngine.java:54) ~[junit-platform-engine-1.10.1.jar:1.10.1]
	at org.junit.platform.launcher.core.EngineExecutionOrchestrator.execute(EngineExecutionOrchestrator.java:198) ~[junit-platform-launcher-1.10.1.jar:1.10.1]
	at org.junit.platform.launcher.core.EngineExecutionOrchestrator.execute(EngineExecutionOrchestrator.java:169) ~[junit-platform-launcher-1.10.1.jar:1.10.1]
	at org.junit.platform.launcher.core.EngineExecutionOrchestrator.execute(EngineExecutionOrchestrator.java:93) ~[junit-platform-launcher-1.10.1.jar:1.10.1]
	at org.junit.platform.launcher.core.EngineExecutionOrchestrator.lambda$execute$0(EngineExecutionOrchestrator.java:58) ~[junit-platform-launcher-1.10.1.jar:1.10.1]
	at org.junit.platform.launcher.core.EngineExecutionOrchestrator.withInterceptedStreams(EngineExecutionOrchestrator.java:141) ~[junit-platform-launcher-1.10.1.jar:1.10.1]
	at org.junit.platform.launcher.core.EngineExecutionOrchestrator.execute(EngineExecutionOrchestrator.java:57) ~[junit-platform-launcher-1.10.1.jar:1.10.1]
	at org.junit.platform.launcher.core.DefaultLauncher.execute(DefaultLauncher.java:103) ~[junit-platform-launcher-1.10.1.jar:1.10.1]
	at org.junit.platform.launcher.core.DefaultLauncher.execute(DefaultLauncher.java:85) ~[junit-platform-launcher-1.10.1.jar:1.10.1]
	at org.junit.platform.launcher.core.DelegatingLauncher.execute(DelegatingLauncher.java:47) ~[junit-platform-launcher-1.10.1.jar:1.10.1]
	at org.apache.maven.surefire.junitplatform.LazyLauncher.execute(LazyLauncher.java:56) ~[surefire-junit-platform-3.1.2.jar:3.1.2]
	at org.apache.maven.surefire.junitplatform.JUnitPlatformProvider.execute(JUnitPlatformProvider.java:184) ~[surefire-junit-platform-3.1.2.jar:3.1.2]
	at org.apache.maven.surefire.junitplatform.JUnitPlatformProvider.invokeAllTests(JUnitPlatformProvider.java:148) ~[surefire-junit-platform-3.1.2.jar:3.1.2]
	at org.apache.maven.surefire.junitplatform.JUnitPlatformProvider.invoke(JUnitPlatformProvider.java:122) ~[surefire-junit-platform-3.1.2.jar:3.1.2]
	at org.apache.maven.surefire.booter.ForkedBooter.runSuitesInProcess(ForkedBooter.java:385) ~[surefire-booter-3.1.2.jar:3.1.2]
	at org.apache.maven.surefire.booter.ForkedBooter.execute(ForkedBooter.java:162) ~[surefire-booter-3.1.2.jar:3.1.2]
	at org.apache.maven.surefire.booter.ForkedBooter.run(ForkedBooter.java:507) ~[surefire-booter-3.1.2.jar:3.1.2]
	at org.apache.maven.surefire.booter.ForkedBooter.main(ForkedBooter.java:495) ~[surefire-booter-3.1.2.jar:3.1.2]

2025-10-13T13:36:42.491+02:00  WARN 80616 --- [hexagonal-app] [           main] c.t.a.core.importer.ClassFileProcessor   : Error during import from jrt:/java.base/java/util/Objects.class, falling back to simple import

java.lang.IllegalArgumentException: Unsupported class file major version 69
	at com.tngtech.archunit.thirdparty.org.objectweb.asm.ClassReader.<init>(ClassReader.java:200) ~[archunit-1.3.0.jar:1.3.0]
	at com.tngtech.archunit.thirdparty.org.objectweb.asm.ClassReader.<init>(ClassReader.java:180) ~[archunit-1.3.0.jar:1.3.0]
	at com.tngtech.archunit.thirdparty.org.objectweb.asm.ClassReader.<init>(ClassReader.java:166) ~[archunit-1.3.0.jar:1.3.0]
	at com.tngtech.archunit.thirdparty.org.objectweb.asm.ClassReader.<init>(ClassReader.java:288) ~[archunit-1.3.0.jar:1.3.0]
	at com.tngtech.archunit.core.importer.ClassFileProcessor$UriImporterOfProcessor.tryImport(ClassFileProcessor.java:350) ~[archunit-1.3.0.jar:1.3.0]
	at com.tngtech.archunit.core.importer.resolvers.ClassResolverFromClasspath.tryResolve(ClassResolverFromClasspath.java:51) ~[archunit-1.3.0.jar:1.3.0]
	at com.tngtech.archunit.core.importer.ImportedClasses.resolve(ImportedClasses.java:80) ~[archunit-1.3.0.jar:1.3.0]
	at com.tngtech.archunit.core.importer.ImportedClasses.ensurePresent(ImportedClasses.java:75) ~[archunit-1.3.0.jar:1.3.0]
	at com.tngtech.archunit.core.importer.DependencyResolutionProcess.executeRun(DependencyResolutionProcess.java:146) ~[archunit-1.3.0.jar:1.3.0]
	at com.tngtech.archunit.core.importer.DependencyResolutionProcess.resolve(DependencyResolutionProcess.java:122) ~[archunit-1.3.0.jar:1.3.0]
	at com.tngtech.archunit.core.importer.ClassGraphCreator.complete(ClassGraphCreator.java:107) ~[archunit-1.3.0.jar:1.3.0]
	at com.tngtech.archunit.core.importer.ClassFileProcessor.process(ClassFileProcessor.java:75) ~[archunit-1.3.0.jar:1.3.0]
	at com.tngtech.archunit.core.importer.ClassFileImporter.importLocations(ClassFileImporter.java:325) ~[archunit-1.3.0.jar:1.3.0]
	at com.tngtech.archunit.junit.internal.ClassCache$CacheClassFileImporter.importClasses(ClassCache.java:126) ~[archunit-junit5-engine-1.3.0.jar:1.3.0]
	at com.tngtech.archunit.junit.internal.ClassCache$LazyJavaClasses.initialize(ClassCache.java:118) ~[archunit-junit5-engine-1.3.0.jar:1.3.0]
	at com.tngtech.archunit.junit.internal.ClassCache$LazyJavaClasses.get(ClassCache.java:107) ~[archunit-junit5-engine-1.3.0.jar:1.3.0]
	at com.tngtech.archunit.junit.internal.ClassCache.getClassesToAnalyzeFor(ClassCache.java:84) ~[archunit-junit5-engine-1.3.0.jar:1.3.0]
	at com.tngtech.archunit.junit.internal.ArchUnitTestDescriptor.lambda$createChildren$1(ArchUnitTestDescriptor.java:90) ~[archunit-junit5-engine-1.3.0.jar:1.3.0]
	at com.tngtech.archunit.junit.internal.ArchUnitTestDescriptor$ArchUnitRuleDescriptor.execute(ArchUnitTestDescriptor.java:167) ~[archunit-junit5-engine-1.3.0.jar:1.3.0]
	at com.tngtech.archunit.junit.internal.ArchUnitTestDescriptor$ArchUnitRuleDescriptor.execute(ArchUnitTestDescriptor.java:150) ~[archunit-junit5-engine-1.3.0.jar:1.3.0]
	at org.junit.platform.engine.support.hierarchical.NodeTestTask.lambda$executeRecursively$6(NodeTestTask.java:151) ~[junit-platform-engine-1.10.1.jar:1.10.1]
	at org.junit.platform.engine.support.hierarchical.ThrowableCollector.execute(ThrowableCollector.java:73) ~[junit-platform-engine-1.10.1.jar:1.10.1]
	at org.junit.platform.engine.support.hierarchical.NodeTestTask.lambda$executeRecursively$8(NodeTestTask.java:141) ~[junit-platform-engine-1.10.1.jar:1.10.1]
	at org.junit.platform.engine.support.hierarchical.Node.around(Node.java:137) ~[junit-platform-engine-1.10.1.jar:1.10.1]
	at org.junit.platform.engine.support.hierarchical.NodeTestTask.lambda$executeRecursively$9(NodeTestTask.java:139) ~[junit-platform-engine-1.10.1.jar:1.10.1]
	at org.junit.platform.engine.support.hierarchical.ThrowableCollector.execute(ThrowableCollector.java:73) ~[junit-platform-engine-1.10.1.jar:1.10.1]
	at org.junit.platform.engine.support.hierarchical.NodeTestTask.executeRecursively(NodeTestTask.java:138) ~[junit-platform-engine-1.10.1.jar:1.10.1]
	at org.junit.platform.engine.support.hierarchical.NodeTestTask.execute(NodeTestTask.java:95) ~[junit-platform-engine-1.10.1.jar:1.10.1]
	at java.base/java.util.ArrayList.forEach(ArrayList.java:1604) ~[na:na]
	at org.junit.platform.engine.support.hierarchical.SameThreadHierarchicalTestExecutorService.invokeAll(SameThreadHierarchicalTestExecutorService.java:41) ~[junit-platform-engine-1.10.1.jar:1.10.1]
	at org.junit.platform.engine.support.hierarchical.NodeTestTask.lambda$executeRecursively$6(NodeTestTask.java:155) ~[junit-platform-engine-1.10.1.jar:1.10.1]
	at org.junit.platform.engine.support.hierarchical.ThrowableCollector.execute(ThrowableCollector.java:73) ~[junit-platform-engine-1.10.1.jar:1.10.1]
	at org.junit.platform.engine.support.hierarchical.NodeTestTask.lambda$executeRecursively$8(NodeTestTask.java:141) ~[junit-platform-engine-1.10.1.jar:1.10.1]
	at org.junit.platform.engine.support.hierarchical.Node.around(Node.java:137) ~[junit-platform-engine-1.10.1.jar:1.10.1]
	at org.junit.platform.engine.support.hierarchical.NodeTestTask.lambda$executeRecursively$9(NodeTestTask.java:139) ~[junit-platform-engine-1.10.1.jar:1.10.1]
	at org.junit.platform.engine.support.hierarchical.ThrowableCollector.execute(ThrowableCollector.java:73) ~[junit-platform-engine-1.10.1.jar:1.10.1]
	at org.junit.platform.engine.support.hierarchical.NodeTestTask.executeRecursively(NodeTestTask.java:138) ~[junit-platform-engine-1.10.1.jar:1.10.1]
	at org.junit.platform.engine.support.hierarchical.NodeTestTask.execute(NodeTestTask.java:95) ~[junit-platform-engine-1.10.1.jar:1.10.1]
	at java.base/java.util.ArrayList.forEach(ArrayList.java:1604) ~[na:na]
	at org.junit.platform.engine.support.hierarchical.SameThreadHierarchicalTestExecutorService.invokeAll(SameThreadHierarchicalTestExecutorService.java:41) ~[junit-platform-engine-1.10.1.jar:1.10.1]
	at org.junit.platform.engine.support.hierarchical.NodeTestTask.lambda$executeRecursively$6(NodeTestTask.java:155) ~[junit-platform-engine-1.10.1.jar:1.10.1]
	at org.junit.platform.engine.support.hierarchical.ThrowableCollector.execute(ThrowableCollector.java:73) ~[junit-platform-engine-1.10.1.jar:1.10.1]
	at org.junit.platform.engine.support.hierarchical.NodeTestTask.lambda$executeRecursively$8(NodeTestTask.java:141) ~[junit-platform-engine-1.10.1.jar:1.10.1]
	at org.junit.platform.engine.support.hierarchical.Node.around(Node.java:137) ~[junit-platform-engine-1.10.1.jar:1.10.1]
	at org.junit.platform.engine.support.hierarchical.NodeTestTask.lambda$executeRecursively$9(NodeTestTask.java:139) ~[junit-platform-engine-1.10.1.jar:1.10.1]
	at org.junit.platform.engine.support.hierarchical.ThrowableCollector.execute(ThrowableCollector.java:73) ~[junit-platform-engine-1.10.1.jar:1.10.1]
	at org.junit.platform.engine.support.hierarchical.NodeTestTask.executeRecursively(NodeTestTask.java:138) ~[junit-platform-engine-1.10.1.jar:1.10.1]
	at org.junit.platform.engine.support.hierarchical.NodeTestTask.execute(NodeTestTask.java:95) ~[junit-platform-engine-1.10.1.jar:1.10.1]
	at org.junit.platform.engine.support.hierarchical.SameThreadHierarchicalTestExecutorService.submit(SameThreadHierarchicalTestExecutorService.java:35) ~[junit-platform-engine-1.10.1.jar:1.10.1]
	at org.junit.platform.engine.support.hierarchical.HierarchicalTestExecutor.execute(HierarchicalTestExecutor.java:57) ~[junit-platform-engine-1.10.1.jar:1.10.1]
	at org.junit.platform.engine.support.hierarchical.HierarchicalTestEngine.execute(HierarchicalTestEngine.java:54) ~[junit-platform-engine-1.10.1.jar:1.10.1]
	at org.junit.platform.launcher.core.EngineExecutionOrchestrator.execute(EngineExecutionOrchestrator.java:198) ~[junit-platform-launcher-1.10.1.jar:1.10.1]
	at org.junit.platform.launcher.core.EngineExecutionOrchestrator.execute(EngineExecutionOrchestrator.java:169) ~[junit-platform-launcher-1.10.1.jar:1.10.1]
	at org.junit.platform.launcher.core.EngineExecutionOrchestrator.execute(EngineExecutionOrchestrator.java:93) ~[junit-platform-launcher-1.10.1.jar:1.10.1]
	at org.junit.platform.launcher.core.EngineExecutionOrchestrator.lambda$execute$0(EngineExecutionOrchestrator.java:58) ~[junit-platform-launcher-1.10.1.jar:1.10.1]
	at org.junit.platform.launcher.core.EngineExecutionOrchestrator.withInterceptedStreams(EngineExecutionOrchestrator.java:141) ~[junit-platform-launcher-1.10.1.jar:1.10.1]
	at org.junit.platform.launcher.core.EngineExecutionOrchestrator.execute(EngineExecutionOrchestrator.java:57) ~[junit-platform-launcher-1.10.1.jar:1.10.1]
	at org.junit.platform.launcher.core.DefaultLauncher.execute(DefaultLauncher.java:103) ~[junit-platform-launcher-1.10.1.jar:1.10.1]
	at org.junit.platform.launcher.core.DefaultLauncher.execute(DefaultLauncher.java:85) ~[junit-platform-launcher-1.10.1.jar:1.10.1]
	at org.junit.platform.launcher.core.DelegatingLauncher.execute(DelegatingLauncher.java:47) ~[junit-platform-launcher-1.10.1.jar:1.10.1]
	at org.apache.maven.surefire.junitplatform.LazyLauncher.execute(LazyLauncher.java:56) ~[surefire-junit-platform-3.1.2.jar:3.1.2]
	at org.apache.maven.surefire.junitplatform.JUnitPlatformProvider.execute(JUnitPlatformProvider.java:184) ~[surefire-junit-platform-3.1.2.jar:3.1.2]
	at org.apache.maven.surefire.junitplatform.JUnitPlatformProvider.invokeAllTests(JUnitPlatformProvider.java:148) ~[surefire-junit-platform-3.1.2.jar:3.1.2]
	at org.apache.maven.surefire.junitplatform.JUnitPlatformProvider.invoke(JUnitPlatformProvider.java:122) ~[surefire-junit-platform-3.1.2.jar:3.1.2]
	at org.apache.maven.surefire.booter.ForkedBooter.runSuitesInProcess(ForkedBooter.java:385) ~[surefire-booter-3.1.2.jar:3.1.2]
	at org.apache.maven.surefire.booter.ForkedBooter.execute(ForkedBooter.java:162) ~[surefire-booter-3.1.2.jar:3.1.2]
	at org.apache.maven.surefire.booter.ForkedBooter.run(ForkedBooter.java:507) ~[surefire-booter-3.1.2.jar:3.1.2]
	at org.apache.maven.surefire.booter.ForkedBooter.main(ForkedBooter.java:495) ~[surefire-booter-3.1.2.jar:3.1.2]

2025-10-13T13:36:42.492+02:00  WARN 80616 --- [hexagonal-app] [           main] c.t.a.core.importer.ClassFileProcessor   : Error during import from jrt:/java.base/java/util/Optional.class, falling back to simple import

java.lang.IllegalArgumentException: Unsupported class file major version 69
	at com.tngtech.archunit.thirdparty.org.objectweb.asm.ClassReader.<init>(ClassReader.java:200) ~[archunit-1.3.0.jar:1.3.0]
	at com.tngtech.archunit.thirdparty.org.objectweb.asm.ClassReader.<init>(ClassReader.java:180) ~[archunit-1.3.0.jar:1.3.0]
	at com.tngtech.archunit.thirdparty.org.objectweb.asm.ClassReader.<init>(ClassReader.java:166) ~[archunit-1.3.0.jar:1.3.0]
	at com.tngtech.archunit.thirdparty.org.objectweb.asm.ClassReader.<init>(ClassReader.java:288) ~[archunit-1.3.0.jar:1.3.0]
	at com.tngtech.archunit.core.importer.ClassFileProcessor$UriImporterOfProcessor.tryImport(ClassFileProcessor.java:350) ~[archunit-1.3.0.jar:1.3.0]
	at com.tngtech.archunit.core.importer.resolvers.ClassResolverFromClasspath.tryResolve(ClassResolverFromClasspath.java:51) ~[archunit-1.3.0.jar:1.3.0]
	at com.tngtech.archunit.core.importer.ImportedClasses.resolve(ImportedClasses.java:80) ~[archunit-1.3.0.jar:1.3.0]
	at com.tngtech.archunit.core.importer.ImportedClasses.ensurePresent(ImportedClasses.java:75) ~[archunit-1.3.0.jar:1.3.0]
	at com.tngtech.archunit.core.importer.DependencyResolutionProcess.executeRun(DependencyResolutionProcess.java:146) ~[archunit-1.3.0.jar:1.3.0]
	at com.tngtech.archunit.core.importer.DependencyResolutionProcess.resolve(DependencyResolutionProcess.java:122) ~[archunit-1.3.0.jar:1.3.0]
	at com.tngtech.archunit.core.importer.ClassGraphCreator.complete(ClassGraphCreator.java:107) ~[archunit-1.3.0.jar:1.3.0]
	at com.tngtech.archunit.core.importer.ClassFileProcessor.process(ClassFileProcessor.java:75) ~[archunit-1.3.0.jar:1.3.0]
	at com.tngtech.archunit.core.importer.ClassFileImporter.importLocations(ClassFileImporter.java:325) ~[archunit-1.3.0.jar:1.3.0]
	at com.tngtech.archunit.junit.internal.ClassCache$CacheClassFileImporter.importClasses(ClassCache.java:126) ~[archunit-junit5-engine-1.3.0.jar:1.3.0]
	at com.tngtech.archunit.junit.internal.ClassCache$LazyJavaClasses.initialize(ClassCache.java:118) ~[archunit-junit5-engine-1.3.0.jar:1.3.0]
	at com.tngtech.archunit.junit.internal.ClassCache$LazyJavaClasses.get(ClassCache.java:107) ~[archunit-junit5-engine-1.3.0.jar:1.3.0]
	at com.tngtech.archunit.junit.internal.ClassCache.getClassesToAnalyzeFor(ClassCache.java:84) ~[archunit-junit5-engine-1.3.0.jar:1.3.0]
	at com.tngtech.archunit.junit.internal.ArchUnitTestDescriptor.lambda$createChildren$1(ArchUnitTestDescriptor.java:90) ~[archunit-junit5-engine-1.3.0.jar:1.3.0]
	at com.tngtech.archunit.junit.internal.ArchUnitTestDescriptor$ArchUnitRuleDescriptor.execute(ArchUnitTestDescriptor.java:167) ~[archunit-junit5-engine-1.3.0.jar:1.3.0]
	at com.tngtech.archunit.junit.internal.ArchUnitTestDescriptor$ArchUnitRuleDescriptor.execute(ArchUnitTestDescriptor.java:150) ~[archunit-junit5-engine-1.3.0.jar:1.3.0]
	at org.junit.platform.engine.support.hierarchical.NodeTestTask.lambda$executeRecursively$6(NodeTestTask.java:151) ~[junit-platform-engine-1.10.1.jar:1.10.1]
	at org.junit.platform.engine.support.hierarchical.ThrowableCollector.execute(ThrowableCollector.java:73) ~[junit-platform-engine-1.10.1.jar:1.10.1]
	at org.junit.platform.engine.support.hierarchical.NodeTestTask.lambda$executeRecursively$8(NodeTestTask.java:141) ~[junit-platform-engine-1.10.1.jar:1.10.1]
	at org.junit.platform.engine.support.hierarchical.Node.around(Node.java:137) ~[junit-platform-engine-1.10.1.jar:1.10.1]
	at org.junit.platform.engine.support.hierarchical.NodeTestTask.lambda$executeRecursively$9(NodeTestTask.java:139) ~[junit-platform-engine-1.10.1.jar:1.10.1]
	at org.junit.platform.engine.support.hierarchical.ThrowableCollector.execute(ThrowableCollector.java:73) ~[junit-platform-engine-1.10.1.jar:1.10.1]
	at org.junit.platform.engine.support.hierarchical.NodeTestTask.executeRecursively(NodeTestTask.java:138) ~[junit-platform-engine-1.10.1.jar:1.10.1]
	at org.junit.platform.engine.support.hierarchical.NodeTestTask.execute(NodeTestTask.java:95) ~[junit-platform-engine-1.10.1.jar:1.10.1]
	at java.base/java.util.ArrayList.forEach(ArrayList.java:1604) ~[na:na]
	at org.junit.platform.engine.support.hierarchical.SameThreadHierarchicalTestExecutorService.invokeAll(SameThreadHierarchicalTestExecutorService.java:41) ~[junit-platform-engine-1.10.1.jar:1.10.1]
	at org.junit.platform.engine.support.hierarchical.NodeTestTask.lambda$executeRecursively$6(NodeTestTask.java:155) ~[junit-platform-engine-1.10.1.jar:1.10.1]
	at org.junit.platform.engine.support.hierarchical.ThrowableCollector.execute(ThrowableCollector.java:73) ~[junit-platform-engine-1.10.1.jar:1.10.1]
	at org.junit.platform.engine.support.hierarchical.NodeTestTask.lambda$executeRecursively$8(NodeTestTask.java:141) ~[junit-platform-engine-1.10.1.jar:1.10.1]
	at org.junit.platform.engine.support.hierarchical.Node.around(Node.java:137) ~[junit-platform-engine-1.10.1.jar:1.10.1]
	at org.junit.platform.engine.support.hierarchical.NodeTestTask.lambda$executeRecursively$9(NodeTestTask.java:139) ~[junit-platform-engine-1.10.1.jar:1.10.1]
	at org.junit.platform.engine.support.hierarchical.ThrowableCollector.execute(ThrowableCollector.java:73) ~[junit-platform-engine-1.10.1.jar:1.10.1]
	at org.junit.platform.engine.support.hierarchical.NodeTestTask.executeRecursively(NodeTestTask.java:138) ~[junit-platform-engine-1.10.1.jar:1.10.1]
	at org.junit.platform.engine.support.hierarchical.NodeTestTask.execute(NodeTestTask.java:95) ~[junit-platform-engine-1.10.1.jar:1.10.1]
	at java.base/java.util.ArrayList.forEach(ArrayList.java:1604) ~[na:na]
	at org.junit.platform.engine.support.hierarchical.SameThreadHierarchicalTestExecutorService.invokeAll(SameThreadHierarchicalTestExecutorService.java:41) ~[junit-platform-engine-1.10.1.jar:1.10.1]
	at org.junit.platform.engine.support.hierarchical.NodeTestTask.lambda$executeRecursively$6(NodeTestTask.java:155) ~[junit-platform-engine-1.10.1.jar:1.10.1]
	at org.junit.platform.engine.support.hierarchical.ThrowableCollector.execute(ThrowableCollector.java:73) ~[junit-platform-engine-1.10.1.jar:1.10.1]
	at org.junit.platform.engine.support.hierarchical.NodeTestTask.lambda$executeRecursively$8(NodeTestTask.java:141) ~[junit-platform-engine-1.10.1.jar:1.10.1]
	at org.junit.platform.engine.support.hierarchical.Node.around(Node.java:137) ~[junit-platform-engine-1.10.1.jar:1.10.1]
	at org.junit.platform.engine.support.hierarchical.NodeTestTask.lambda$executeRecursively$9(NodeTestTask.java:139) ~[junit-platform-engine-1.10.1.jar:1.10.1]
	at org.junit.platform.engine.support.hierarchical.ThrowableCollector.execute(ThrowableCollector.java:73) ~[junit-platform-engine-1.10.1.jar:1.10.1]
	at org.junit.platform.engine.support.hierarchical.NodeTestTask.executeRecursively(NodeTestTask.java:138) ~[junit-platform-engine-1.10.1.jar:1.10.1]
	at org.junit.platform.engine.support.hierarchical.NodeTestTask.execute(NodeTestTask.java:95) ~[junit-platform-engine-1.10.1.jar:1.10.1]
	at org.junit.platform.engine.support.hierarchical.SameThreadHierarchicalTestExecutorService.submit(SameThreadHierarchicalTestExecutorService.java:35) ~[junit-platform-engine-1.10.1.jar:1.10.1]
	at org.junit.platform.engine.support.hierarchical.HierarchicalTestExecutor.execute(HierarchicalTestExecutor.java:57) ~[junit-platform-engine-1.10.1.jar:1.10.1]
	at org.junit.platform.engine.support.hierarchical.HierarchicalTestEngine.execute(HierarchicalTestEngine.java:54) ~[junit-platform-engine-1.10.1.jar:1.10.1]
	at org.junit.platform.launcher.core.EngineExecutionOrchestrator.execute(EngineExecutionOrchestrator.java:198) ~[junit-platform-launcher-1.10.1.jar:1.10.1]
	at org.junit.platform.launcher.core.EngineExecutionOrchestrator.execute(EngineExecutionOrchestrator.java:169) ~[junit-platform-launcher-1.10.1.jar:1.10.1]
	at org.junit.platform.launcher.core.EngineExecutionOrchestrator.execute(EngineExecutionOrchestrator.java:93) ~[junit-platform-launcher-1.10.1.jar:1.10.1]
	at org.junit.platform.launcher.core.EngineExecutionOrchestrator.lambda$execute$0(EngineExecutionOrchestrator.java:58) ~[junit-platform-launcher-1.10.1.jar:1.10.1]
	at org.junit.platform.launcher.core.EngineExecutionOrchestrator.withInterceptedStreams(EngineExecutionOrchestrator.java:141) ~[junit-platform-launcher-1.10.1.jar:1.10.1]
	at org.junit.platform.launcher.core.EngineExecutionOrchestrator.execute(EngineExecutionOrchestrator.java:57) ~[junit-platform-launcher-1.10.1.jar:1.10.1]
	at org.junit.platform.launcher.core.DefaultLauncher.execute(DefaultLauncher.java:103) ~[junit-platform-launcher-1.10.1.jar:1.10.1]
	at org.junit.platform.launcher.core.DefaultLauncher.execute(DefaultLauncher.java:85) ~[junit-platform-launcher-1.10.1.jar:1.10.1]
	at org.junit.platform.launcher.core.DelegatingLauncher.execute(DelegatingLauncher.java:47) ~[junit-platform-launcher-1.10.1.jar:1.10.1]
	at org.apache.maven.surefire.junitplatform.LazyLauncher.execute(LazyLauncher.java:56) ~[surefire-junit-platform-3.1.2.jar:3.1.2]
	at org.apache.maven.surefire.junitplatform.JUnitPlatformProvider.execute(JUnitPlatformProvider.java:184) ~[surefire-junit-platform-3.1.2.jar:3.1.2]
	at org.apache.maven.surefire.junitplatform.JUnitPlatformProvider.invokeAllTests(JUnitPlatformProvider.java:148) ~[surefire-junit-platform-3.1.2.jar:3.1.2]
	at org.apache.maven.surefire.junitplatform.JUnitPlatformProvider.invoke(JUnitPlatformProvider.java:122) ~[surefire-junit-platform-3.1.2.jar:3.1.2]
	at org.apache.maven.surefire.booter.ForkedBooter.runSuitesInProcess(ForkedBooter.java:385) ~[surefire-booter-3.1.2.jar:3.1.2]
	at org.apache.maven.surefire.booter.ForkedBooter.execute(ForkedBooter.java:162) ~[surefire-booter-3.1.2.jar:3.1.2]
	at org.apache.maven.surefire.booter.ForkedBooter.run(ForkedBooter.java:507) ~[surefire-booter-3.1.2.jar:3.1.2]
	at org.apache.maven.surefire.booter.ForkedBooter.main(ForkedBooter.java:495) ~[surefire-booter-3.1.2.jar:3.1.2]

2025-10-13T13:36:42.492+02:00  WARN 80616 --- [hexagonal-app] [           main] c.t.a.core.importer.ClassFileProcessor   : Error during import from jrt:/java.base/java/util/regex/Pattern.class, falling back to simple import

java.lang.IllegalArgumentException: Unsupported class file major version 69
	at com.tngtech.archunit.thirdparty.org.objectweb.asm.ClassReader.<init>(ClassReader.java:200) ~[archunit-1.3.0.jar:1.3.0]
	at com.tngtech.archunit.thirdparty.org.objectweb.asm.ClassReader.<init>(ClassReader.java:180) ~[archunit-1.3.0.jar:1.3.0]
	at com.tngtech.archunit.thirdparty.org.objectweb.asm.ClassReader.<init>(ClassReader.java:166) ~[archunit-1.3.0.jar:1.3.0]
	at com.tngtech.archunit.thirdparty.org.objectweb.asm.ClassReader.<init>(ClassReader.java:288) ~[archunit-1.3.0.jar:1.3.0]
	at com.tngtech.archunit.core.importer.ClassFileProcessor$UriImporterOfProcessor.tryImport(ClassFileProcessor.java:350) ~[archunit-1.3.0.jar:1.3.0]
	at com.tngtech.archunit.core.importer.resolvers.ClassResolverFromClasspath.tryResolve(ClassResolverFromClasspath.java:51) ~[archunit-1.3.0.jar:1.3.0]
	at com.tngtech.archunit.core.importer.ImportedClasses.resolve(ImportedClasses.java:80) ~[archunit-1.3.0.jar:1.3.0]
	at com.tngtech.archunit.core.importer.ImportedClasses.ensurePresent(ImportedClasses.java:75) ~[archunit-1.3.0.jar:1.3.0]
	at com.tngtech.archunit.core.importer.DependencyResolutionProcess.executeRun(DependencyResolutionProcess.java:146) ~[archunit-1.3.0.jar:1.3.0]
	at com.tngtech.archunit.core.importer.DependencyResolutionProcess.resolve(DependencyResolutionProcess.java:122) ~[archunit-1.3.0.jar:1.3.0]
	at com.tngtech.archunit.core.importer.ClassGraphCreator.complete(ClassGraphCreator.java:107) ~[archunit-1.3.0.jar:1.3.0]
	at com.tngtech.archunit.core.importer.ClassFileProcessor.process(ClassFileProcessor.java:75) ~[archunit-1.3.0.jar:1.3.0]
	at com.tngtech.archunit.core.importer.ClassFileImporter.importLocations(ClassFileImporter.java:325) ~[archunit-1.3.0.jar:1.3.0]
	at com.tngtech.archunit.junit.internal.ClassCache$CacheClassFileImporter.importClasses(ClassCache.java:126) ~[archunit-junit5-engine-1.3.0.jar:1.3.0]
	at com.tngtech.archunit.junit.internal.ClassCache$LazyJavaClasses.initialize(ClassCache.java:118) ~[archunit-junit5-engine-1.3.0.jar:1.3.0]
	at com.tngtech.archunit.junit.internal.ClassCache$LazyJavaClasses.get(ClassCache.java:107) ~[archunit-junit5-engine-1.3.0.jar:1.3.0]
	at com.tngtech.archunit.junit.internal.ClassCache.getClassesToAnalyzeFor(ClassCache.java:84) ~[archunit-junit5-engine-1.3.0.jar:1.3.0]
	at com.tngtech.archunit.junit.internal.ArchUnitTestDescriptor.lambda$createChildren$1(ArchUnitTestDescriptor.java:90) ~[archunit-junit5-engine-1.3.0.jar:1.3.0]
	at com.tngtech.archunit.junit.internal.ArchUnitTestDescriptor$ArchUnitRuleDescriptor.execute(ArchUnitTestDescriptor.java:167) ~[archunit-junit5-engine-1.3.0.jar:1.3.0]
	at com.tngtech.archunit.junit.internal.ArchUnitTestDescriptor$ArchUnitRuleDescriptor.execute(ArchUnitTestDescriptor.java:150) ~[archunit-junit5-engine-1.3.0.jar:1.3.0]
	at org.junit.platform.engine.support.hierarchical.NodeTestTask.lambda$executeRecursively$6(NodeTestTask.java:151) ~[junit-platform-engine-1.10.1.jar:1.10.1]
	at org.junit.platform.engine.support.hierarchical.ThrowableCollector.execute(ThrowableCollector.java:73) ~[junit-platform-engine-1.10.1.jar:1.10.1]
	at org.junit.platform.engine.support.hierarchical.NodeTestTask.lambda$executeRecursively$8(NodeTestTask.java:141) ~[junit-platform-engine-1.10.1.jar:1.10.1]
	at org.junit.platform.engine.support.hierarchical.Node.around(Node.java:137) ~[junit-platform-engine-1.10.1.jar:1.10.1]
	at org.junit.platform.engine.support.hierarchical.NodeTestTask.lambda$executeRecursively$9(NodeTestTask.java:139) ~[junit-platform-engine-1.10.1.jar:1.10.1]
	at org.junit.platform.engine.support.hierarchical.ThrowableCollector.execute(ThrowableCollector.java:73) ~[junit-platform-engine-1.10.1.jar:1.10.1]
	at org.junit.platform.engine.support.hierarchical.NodeTestTask.executeRecursively(NodeTestTask.java:138) ~[junit-platform-engine-1.10.1.jar:1.10.1]
	at org.junit.platform.engine.support.hierarchical.NodeTestTask.execute(NodeTestTask.java:95) ~[junit-platform-engine-1.10.1.jar:1.10.1]
	at java.base/java.util.ArrayList.forEach(ArrayList.java:1604) ~[na:na]
	at org.junit.platform.engine.support.hierarchical.SameThreadHierarchicalTestExecutorService.invokeAll(SameThreadHierarchicalTestExecutorService.java:41) ~[junit-platform-engine-1.10.1.jar:1.10.1]
	at org.junit.platform.engine.support.hierarchical.NodeTestTask.lambda$executeRecursively$6(NodeTestTask.java:155) ~[junit-platform-engine-1.10.1.jar:1.10.1]
	at org.junit.platform.engine.support.hierarchical.ThrowableCollector.execute(ThrowableCollector.java:73) ~[junit-platform-engine-1.10.1.jar:1.10.1]
	at org.junit.platform.engine.support.hierarchical.NodeTestTask.lambda$executeRecursively$8(NodeTestTask.java:141) ~[junit-platform-engine-1.10.1.jar:1.10.1]
	at org.junit.platform.engine.support.hierarchical.Node.around(Node.java:137) ~[junit-platform-engine-1.10.1.jar:1.10.1]
	at org.junit.platform.engine.support.hierarchical.NodeTestTask.lambda$executeRecursively$9(NodeTestTask.java:139) ~[junit-platform-engine-1.10.1.jar:1.10.1]
	at org.junit.platform.engine.support.hierarchical.ThrowableCollector.execute(ThrowableCollector.java:73) ~[junit-platform-engine-1.10.1.jar:1.10.1]
	at org.junit.platform.engine.support.hierarchical.NodeTestTask.executeRecursively(NodeTestTask.java:138) ~[junit-platform-engine-1.10.1.jar:1.10.1]
	at org.junit.platform.engine.support.hierarchical.NodeTestTask.execute(NodeTestTask.java:95) ~[junit-platform-engine-1.10.1.jar:1.10.1]
	at java.base/java.util.ArrayList.forEach(ArrayList.java:1604) ~[na:na]
	at org.junit.platform.engine.support.hierarchical.SameThreadHierarchicalTestExecutorService.invokeAll(SameThreadHierarchicalTestExecutorService.java:41) ~[junit-platform-engine-1.10.1.jar:1.10.1]
	at org.junit.platform.engine.support.hierarchical.NodeTestTask.lambda$executeRecursively$6(NodeTestTask.java:155) ~[junit-platform-engine-1.10.1.jar:1.10.1]
	at org.junit.platform.engine.support.hierarchical.ThrowableCollector.execute(ThrowableCollector.java:73) ~[junit-platform-engine-1.10.1.jar:1.10.1]
	at org.junit.platform.engine.support.hierarchical.NodeTestTask.lambda$executeRecursively$8(NodeTestTask.java:141) ~[junit-platform-engine-1.10.1.jar:1.10.1]
	at org.junit.platform.engine.support.hierarchical.Node.around(Node.java:137) ~[junit-platform-engine-1.10.1.jar:1.10.1]
	at org.junit.platform.engine.support.hierarchical.NodeTestTask.lambda$executeRecursively$9(NodeTestTask.java:139) ~[junit-platform-engine-1.10.1.jar:1.10.1]
	at org.junit.platform.engine.support.hierarchical.ThrowableCollector.execute(ThrowableCollector.java:73) ~[junit-platform-engine-1.10.1.jar:1.10.1]
	at org.junit.platform.engine.support.hierarchical.NodeTestTask.executeRecursively(NodeTestTask.java:138) ~[junit-platform-engine-1.10.1.jar:1.10.1]
	at org.junit.platform.engine.support.hierarchical.NodeTestTask.execute(NodeTestTask.java:95) ~[junit-platform-engine-1.10.1.jar:1.10.1]
	at org.junit.platform.engine.support.hierarchical.SameThreadHierarchicalTestExecutorService.submit(SameThreadHierarchicalTestExecutorService.java:35) ~[junit-platform-engine-1.10.1.jar:1.10.1]
	at org.junit.platform.engine.support.hierarchical.HierarchicalTestExecutor.execute(HierarchicalTestExecutor.java:57) ~[junit-platform-engine-1.10.1.jar:1.10.1]
	at org.junit.platform.engine.support.hierarchical.HierarchicalTestEngine.execute(HierarchicalTestEngine.java:54) ~[junit-platform-engine-1.10.1.jar:1.10.1]
	at org.junit.platform.launcher.core.EngineExecutionOrchestrator.execute(EngineExecutionOrchestrator.java:198) ~[junit-platform-launcher-1.10.1.jar:1.10.1]
	at org.junit.platform.launcher.core.EngineExecutionOrchestrator.execute(EngineExecutionOrchestrator.java:169) ~[junit-platform-launcher-1.10.1.jar:1.10.1]
	at org.junit.platform.launcher.core.EngineExecutionOrchestrator.execute(EngineExecutionOrchestrator.java:93) ~[junit-platform-launcher-1.10.1.jar:1.10.1]
	at org.junit.platform.launcher.core.EngineExecutionOrchestrator.lambda$execute$0(EngineExecutionOrchestrator.java:58) ~[junit-platform-launcher-1.10.1.jar:1.10.1]
	at org.junit.platform.launcher.core.EngineExecutionOrchestrator.withInterceptedStreams(EngineExecutionOrchestrator.java:141) ~[junit-platform-launcher-1.10.1.jar:1.10.1]
	at org.junit.platform.launcher.core.EngineExecutionOrchestrator.execute(EngineExecutionOrchestrator.java:57) ~[junit-platform-launcher-1.10.1.jar:1.10.1]
	at org.junit.platform.launcher.core.DefaultLauncher.execute(DefaultLauncher.java:103) ~[junit-platform-launcher-1.10.1.jar:1.10.1]
	at org.junit.platform.launcher.core.DefaultLauncher.execute(DefaultLauncher.java:85) ~[junit-platform-launcher-1.10.1.jar:1.10.1]
	at org.junit.platform.launcher.core.DelegatingLauncher.execute(DelegatingLauncher.java:47) ~[junit-platform-launcher-1.10.1.jar:1.10.1]
	at org.apache.maven.surefire.junitplatform.LazyLauncher.execute(LazyLauncher.java:56) ~[surefire-junit-platform-3.1.2.jar:3.1.2]
	at org.apache.maven.surefire.junitplatform.JUnitPlatformProvider.execute(JUnitPlatformProvider.java:184) ~[surefire-junit-platform-3.1.2.jar:3.1.2]
	at org.apache.maven.surefire.junitplatform.JUnitPlatformProvider.invokeAllTests(JUnitPlatformProvider.java:148) ~[surefire-junit-platform-3.1.2.jar:3.1.2]
	at org.apache.maven.surefire.junitplatform.JUnitPlatformProvider.invoke(JUnitPlatformProvider.java:122) ~[surefire-junit-platform-3.1.2.jar:3.1.2]
	at org.apache.maven.surefire.booter.ForkedBooter.runSuitesInProcess(ForkedBooter.java:385) ~[surefire-booter-3.1.2.jar:3.1.2]
	at org.apache.maven.surefire.booter.ForkedBooter.execute(ForkedBooter.java:162) ~[surefire-booter-3.1.2.jar:3.1.2]
	at org.apache.maven.surefire.booter.ForkedBooter.run(ForkedBooter.java:507) ~[surefire-booter-3.1.2.jar:3.1.2]
	at org.apache.maven.surefire.booter.ForkedBooter.main(ForkedBooter.java:495) ~[surefire-booter-3.1.2.jar:3.1.2]

2025-10-13T13:36:42.494+02:00  WARN 80616 --- [hexagonal-app] [           main] c.t.a.core.importer.ClassFileProcessor   : Error during import from jrt:/java.base/java/lang/Boolean.class, falling back to simple import

java.lang.IllegalArgumentException: Unsupported class file major version 69
	at com.tngtech.archunit.thirdparty.org.objectweb.asm.ClassReader.<init>(ClassReader.java:200) ~[archunit-1.3.0.jar:1.3.0]
	at com.tngtech.archunit.thirdparty.org.objectweb.asm.ClassReader.<init>(ClassReader.java:180) ~[archunit-1.3.0.jar:1.3.0]
	at com.tngtech.archunit.thirdparty.org.objectweb.asm.ClassReader.<init>(ClassReader.java:166) ~[archunit-1.3.0.jar:1.3.0]
	at com.tngtech.archunit.thirdparty.org.objectweb.asm.ClassReader.<init>(ClassReader.java:288) ~[archunit-1.3.0.jar:1.3.0]
	at com.tngtech.archunit.core.importer.ClassFileProcessor$UriImporterOfProcessor.tryImport(ClassFileProcessor.java:350) ~[archunit-1.3.0.jar:1.3.0]
	at com.tngtech.archunit.core.importer.resolvers.ClassResolverFromClasspath.tryResolve(ClassResolverFromClasspath.java:51) ~[archunit-1.3.0.jar:1.3.0]
	at com.tngtech.archunit.core.importer.ImportedClasses.resolve(ImportedClasses.java:80) ~[archunit-1.3.0.jar:1.3.0]
	at com.tngtech.archunit.core.importer.ImportedClasses.ensurePresent(ImportedClasses.java:75) ~[archunit-1.3.0.jar:1.3.0]
	at com.tngtech.archunit.core.importer.DependencyResolutionProcess.executeRun(DependencyResolutionProcess.java:146) ~[archunit-1.3.0.jar:1.3.0]
	at com.tngtech.archunit.core.importer.DependencyResolutionProcess.resolve(DependencyResolutionProcess.java:122) ~[archunit-1.3.0.jar:1.3.0]
	at com.tngtech.archunit.core.importer.ClassGraphCreator.complete(ClassGraphCreator.java:107) ~[archunit-1.3.0.jar:1.3.0]
	at com.tngtech.archunit.core.importer.ClassFileProcessor.process(ClassFileProcessor.java:75) ~[archunit-1.3.0.jar:1.3.0]
	at com.tngtech.archunit.core.importer.ClassFileImporter.importLocations(ClassFileImporter.java:325) ~[archunit-1.3.0.jar:1.3.0]
	at com.tngtech.archunit.junit.internal.ClassCache$CacheClassFileImporter.importClasses(ClassCache.java:126) ~[archunit-junit5-engine-1.3.0.jar:1.3.0]
	at com.tngtech.archunit.junit.internal.ClassCache$LazyJavaClasses.initialize(ClassCache.java:118) ~[archunit-junit5-engine-1.3.0.jar:1.3.0]
	at com.tngtech.archunit.junit.internal.ClassCache$LazyJavaClasses.get(ClassCache.java:107) ~[archunit-junit5-engine-1.3.0.jar:1.3.0]
	at com.tngtech.archunit.junit.internal.ClassCache.getClassesToAnalyzeFor(ClassCache.java:84) ~[archunit-junit5-engine-1.3.0.jar:1.3.0]
	at com.tngtech.archunit.junit.internal.ArchUnitTestDescriptor.lambda$createChildren$1(ArchUnitTestDescriptor.java:90) ~[archunit-junit5-engine-1.3.0.jar:1.3.0]
	at com.tngtech.archunit.junit.internal.ArchUnitTestDescriptor$ArchUnitRuleDescriptor.execute(ArchUnitTestDescriptor.java:167) ~[archunit-junit5-engine-1.3.0.jar:1.3.0]
	at com.tngtech.archunit.junit.internal.ArchUnitTestDescriptor$ArchUnitRuleDescriptor.execute(ArchUnitTestDescriptor.java:150) ~[archunit-junit5-engine-1.3.0.jar:1.3.0]
	at org.junit.platform.engine.support.hierarchical.NodeTestTask.lambda$executeRecursively$6(NodeTestTask.java:151) ~[junit-platform-engine-1.10.1.jar:1.10.1]
	at org.junit.platform.engine.support.hierarchical.ThrowableCollector.execute(ThrowableCollector.java:73) ~[junit-platform-engine-1.10.1.jar:1.10.1]
	at org.junit.platform.engine.support.hierarchical.NodeTestTask.lambda$executeRecursively$8(NodeTestTask.java:141) ~[junit-platform-engine-1.10.1.jar:1.10.1]
	at org.junit.platform.engine.support.hierarchical.Node.around(Node.java:137) ~[junit-platform-engine-1.10.1.jar:1.10.1]
	at org.junit.platform.engine.support.hierarchical.NodeTestTask.lambda$executeRecursively$9(NodeTestTask.java:139) ~[junit-platform-engine-1.10.1.jar:1.10.1]
	at org.junit.platform.engine.support.hierarchical.ThrowableCollector.execute(ThrowableCollector.java:73) ~[junit-platform-engine-1.10.1.jar:1.10.1]
	at org.junit.platform.engine.support.hierarchical.NodeTestTask.executeRecursively(NodeTestTask.java:138) ~[junit-platform-engine-1.10.1.jar:1.10.1]
	at org.junit.platform.engine.support.hierarchical.NodeTestTask.execute(NodeTestTask.java:95) ~[junit-platform-engine-1.10.1.jar:1.10.1]
	at java.base/java.util.ArrayList.forEach(ArrayList.java:1604) ~[na:na]
	at org.junit.platform.engine.support.hierarchical.SameThreadHierarchicalTestExecutorService.invokeAll(SameThreadHierarchicalTestExecutorService.java:41) ~[junit-platform-engine-1.10.1.jar:1.10.1]
	at org.junit.platform.engine.support.hierarchical.NodeTestTask.lambda$executeRecursively$6(NodeTestTask.java:155) ~[junit-platform-engine-1.10.1.jar:1.10.1]
	at org.junit.platform.engine.support.hierarchical.ThrowableCollector.execute(ThrowableCollector.java:73) ~[junit-platform-engine-1.10.1.jar:1.10.1]
	at org.junit.platform.engine.support.hierarchical.NodeTestTask.lambda$executeRecursively$8(NodeTestTask.java:141) ~[junit-platform-engine-1.10.1.jar:1.10.1]
	at org.junit.platform.engine.support.hierarchical.Node.around(Node.java:137) ~[junit-platform-engine-1.10.1.jar:1.10.1]
	at org.junit.platform.engine.support.hierarchical.NodeTestTask.lambda$executeRecursively$9(NodeTestTask.java:139) ~[junit-platform-engine-1.10.1.jar:1.10.1]
	at org.junit.platform.engine.support.hierarchical.ThrowableCollector.execute(ThrowableCollector.java:73) ~[junit-platform-engine-1.10.1.jar:1.10.1]
	at org.junit.platform.engine.support.hierarchical.NodeTestTask.executeRecursively(NodeTestTask.java:138) ~[junit-platform-engine-1.10.1.jar:1.10.1]
	at org.junit.platform.engine.support.hierarchical.NodeTestTask.execute(NodeTestTask.java:95) ~[junit-platform-engine-1.10.1.jar:1.10.1]
	at java.base/java.util.ArrayList.forEach(ArrayList.java:1604) ~[na:na]
	at org.junit.platform.engine.support.hierarchical.SameThreadHierarchicalTestExecutorService.invokeAll(SameThreadHierarchicalTestExecutorService.java:41) ~[junit-platform-engine-1.10.1.jar:1.10.1]
	at org.junit.platform.engine.support.hierarchical.NodeTestTask.lambda$executeRecursively$6(NodeTestTask.java:155) ~[junit-platform-engine-1.10.1.jar:1.10.1]
	at org.junit.platform.engine.support.hierarchical.ThrowableCollector.execute(ThrowableCollector.java:73) ~[junit-platform-engine-1.10.1.jar:1.10.1]
	at org.junit.platform.engine.support.hierarchical.NodeTestTask.lambda$executeRecursively$8(NodeTestTask.java:141) ~[junit-platform-engine-1.10.1.jar:1.10.1]
	at org.junit.platform.engine.support.hierarchical.Node.around(Node.java:137) ~[junit-platform-engine-1.10.1.jar:1.10.1]
	at org.junit.platform.engine.support.hierarchical.NodeTestTask.lambda$executeRecursively$9(NodeTestTask.java:139) ~[junit-platform-engine-1.10.1.jar:1.10.1]
	at org.junit.platform.engine.support.hierarchical.ThrowableCollector.execute(ThrowableCollector.java:73) ~[junit-platform-engine-1.10.1.jar:1.10.1]
	at org.junit.platform.engine.support.hierarchical.NodeTestTask.executeRecursively(NodeTestTask.java:138) ~[junit-platform-engine-1.10.1.jar:1.10.1]
	at org.junit.platform.engine.support.hierarchical.NodeTestTask.execute(NodeTestTask.java:95) ~[junit-platform-engine-1.10.1.jar:1.10.1]
	at org.junit.platform.engine.support.hierarchical.SameThreadHierarchicalTestExecutorService.submit(SameThreadHierarchicalTestExecutorService.java:35) ~[junit-platform-engine-1.10.1.jar:1.10.1]
	at org.junit.platform.engine.support.hierarchical.HierarchicalTestExecutor.execute(HierarchicalTestExecutor.java:57) ~[junit-platform-engine-1.10.1.jar:1.10.1]
	at org.junit.platform.engine.support.hierarchical.HierarchicalTestEngine.execute(HierarchicalTestEngine.java:54) ~[junit-platform-engine-1.10.1.jar:1.10.1]
	at org.junit.platform.launcher.core.EngineExecutionOrchestrator.execute(EngineExecutionOrchestrator.java:198) ~[junit-platform-launcher-1.10.1.jar:1.10.1]
	at org.junit.platform.launcher.core.EngineExecutionOrchestrator.execute(EngineExecutionOrchestrator.java:169) ~[junit-platform-launcher-1.10.1.jar:1.10.1]
	at org.junit.platform.launcher.core.EngineExecutionOrchestrator.execute(EngineExecutionOrchestrator.java:93) ~[junit-platform-launcher-1.10.1.jar:1.10.1]
	at org.junit.platform.launcher.core.EngineExecutionOrchestrator.lambda$execute$0(EngineExecutionOrchestrator.java:58) ~[junit-platform-launcher-1.10.1.jar:1.10.1]
	at org.junit.platform.launcher.core.EngineExecutionOrchestrator.withInterceptedStreams(EngineExecutionOrchestrator.java:141) ~[junit-platform-launcher-1.10.1.jar:1.10.1]
	at org.junit.platform.launcher.core.EngineExecutionOrchestrator.execute(EngineExecutionOrchestrator.java:57) ~[junit-platform-launcher-1.10.1.jar:1.10.1]
	at org.junit.platform.launcher.core.DefaultLauncher.execute(DefaultLauncher.java:103) ~[junit-platform-launcher-1.10.1.jar:1.10.1]
	at org.junit.platform.launcher.core.DefaultLauncher.execute(DefaultLauncher.java:85) ~[junit-platform-launcher-1.10.1.jar:1.10.1]
	at org.junit.platform.launcher.core.DelegatingLauncher.execute(DelegatingLauncher.java:47) ~[junit-platform-launcher-1.10.1.jar:1.10.1]
	at org.apache.maven.surefire.junitplatform.LazyLauncher.execute(LazyLauncher.java:56) ~[surefire-junit-platform-3.1.2.jar:3.1.2]
	at org.apache.maven.surefire.junitplatform.JUnitPlatformProvider.execute(JUnitPlatformProvider.java:184) ~[surefire-junit-platform-3.1.2.jar:3.1.2]
	at org.apache.maven.surefire.junitplatform.JUnitPlatformProvider.invokeAllTests(JUnitPlatformProvider.java:148) ~[surefire-junit-platform-3.1.2.jar:3.1.2]
	at org.apache.maven.surefire.junitplatform.JUnitPlatformProvider.invoke(JUnitPlatformProvider.java:122) ~[surefire-junit-platform-3.1.2.jar:3.1.2]
	at org.apache.maven.surefire.booter.ForkedBooter.runSuitesInProcess(ForkedBooter.java:385) ~[surefire-booter-3.1.2.jar:3.1.2]
	at org.apache.maven.surefire.booter.ForkedBooter.execute(ForkedBooter.java:162) ~[surefire-booter-3.1.2.jar:3.1.2]
	at org.apache.maven.surefire.booter.ForkedBooter.run(ForkedBooter.java:507) ~[surefire-booter-3.1.2.jar:3.1.2]
	at org.apache.maven.surefire.booter.ForkedBooter.main(ForkedBooter.java:495) ~[surefire-booter-3.1.2.jar:3.1.2]

2025-10-13T13:36:42.494+02:00  WARN 80616 --- [hexagonal-app] [           main] c.t.a.core.importer.ClassFileProcessor   : Error during import from jrt:/java.base/java/io/PrintStream.class, falling back to simple import

java.lang.IllegalArgumentException: Unsupported class file major version 69
	at com.tngtech.archunit.thirdparty.org.objectweb.asm.ClassReader.<init>(ClassReader.java:200) ~[archunit-1.3.0.jar:1.3.0]
	at com.tngtech.archunit.thirdparty.org.objectweb.asm.ClassReader.<init>(ClassReader.java:180) ~[archunit-1.3.0.jar:1.3.0]
	at com.tngtech.archunit.thirdparty.org.objectweb.asm.ClassReader.<init>(ClassReader.java:166) ~[archunit-1.3.0.jar:1.3.0]
	at com.tngtech.archunit.thirdparty.org.objectweb.asm.ClassReader.<init>(ClassReader.java:288) ~[archunit-1.3.0.jar:1.3.0]
	at com.tngtech.archunit.core.importer.ClassFileProcessor$UriImporterOfProcessor.tryImport(ClassFileProcessor.java:350) ~[archunit-1.3.0.jar:1.3.0]
	at com.tngtech.archunit.core.importer.resolvers.ClassResolverFromClasspath.tryResolve(ClassResolverFromClasspath.java:51) ~[archunit-1.3.0.jar:1.3.0]
	at com.tngtech.archunit.core.importer.ImportedClasses.resolve(ImportedClasses.java:80) ~[archunit-1.3.0.jar:1.3.0]
	at com.tngtech.archunit.core.importer.ImportedClasses.ensurePresent(ImportedClasses.java:75) ~[archunit-1.3.0.jar:1.3.0]
	at com.tngtech.archunit.core.importer.DependencyResolutionProcess.executeRun(DependencyResolutionProcess.java:146) ~[archunit-1.3.0.jar:1.3.0]
	at com.tngtech.archunit.core.importer.DependencyResolutionProcess.resolve(DependencyResolutionProcess.java:122) ~[archunit-1.3.0.jar:1.3.0]
	at com.tngtech.archunit.core.importer.ClassGraphCreator.complete(ClassGraphCreator.java:107) ~[archunit-1.3.0.jar:1.3.0]
	at com.tngtech.archunit.core.importer.ClassFileProcessor.process(ClassFileProcessor.java:75) ~[archunit-1.3.0.jar:1.3.0]
	at com.tngtech.archunit.core.importer.ClassFileImporter.importLocations(ClassFileImporter.java:325) ~[archunit-1.3.0.jar:1.3.0]
	at com.tngtech.archunit.junit.internal.ClassCache$CacheClassFileImporter.importClasses(ClassCache.java:126) ~[archunit-junit5-engine-1.3.0.jar:1.3.0]
	at com.tngtech.archunit.junit.internal.ClassCache$LazyJavaClasses.initialize(ClassCache.java:118) ~[archunit-junit5-engine-1.3.0.jar:1.3.0]
	at com.tngtech.archunit.junit.internal.ClassCache$LazyJavaClasses.get(ClassCache.java:107) ~[archunit-junit5-engine-1.3.0.jar:1.3.0]
	at com.tngtech.archunit.junit.internal.ClassCache.getClassesToAnalyzeFor(ClassCache.java:84) ~[archunit-junit5-engine-1.3.0.jar:1.3.0]
	at com.tngtech.archunit.junit.internal.ArchUnitTestDescriptor.lambda$createChildren$1(ArchUnitTestDescriptor.java:90) ~[archunit-junit5-engine-1.3.0.jar:1.3.0]
	at com.tngtech.archunit.junit.internal.ArchUnitTestDescriptor$ArchUnitRuleDescriptor.execute(ArchUnitTestDescriptor.java:167) ~[archunit-junit5-engine-1.3.0.jar:1.3.0]
	at com.tngtech.archunit.junit.internal.ArchUnitTestDescriptor$ArchUnitRuleDescriptor.execute(ArchUnitTestDescriptor.java:150) ~[archunit-junit5-engine-1.3.0.jar:1.3.0]
	at org.junit.platform.engine.support.hierarchical.NodeTestTask.lambda$executeRecursively$6(NodeTestTask.java:151) ~[junit-platform-engine-1.10.1.jar:1.10.1]
	at org.junit.platform.engine.support.hierarchical.ThrowableCollector.execute(ThrowableCollector.java:73) ~[junit-platform-engine-1.10.1.jar:1.10.1]
	at org.junit.platform.engine.support.hierarchical.NodeTestTask.lambda$executeRecursively$8(NodeTestTask.java:141) ~[junit-platform-engine-1.10.1.jar:1.10.1]
	at org.junit.platform.engine.support.hierarchical.Node.around(Node.java:137) ~[junit-platform-engine-1.10.1.jar:1.10.1]
	at org.junit.platform.engine.support.hierarchical.NodeTestTask.lambda$executeRecursively$9(NodeTestTask.java:139) ~[junit-platform-engine-1.10.1.jar:1.10.1]
	at org.junit.platform.engine.support.hierarchical.ThrowableCollector.execute(ThrowableCollector.java:73) ~[junit-platform-engine-1.10.1.jar:1.10.1]
	at org.junit.platform.engine.support.hierarchical.NodeTestTask.executeRecursively(NodeTestTask.java:138) ~[junit-platform-engine-1.10.1.jar:1.10.1]
	at org.junit.platform.engine.support.hierarchical.NodeTestTask.execute(NodeTestTask.java:95) ~[junit-platform-engine-1.10.1.jar:1.10.1]
	at java.base/java.util.ArrayList.forEach(ArrayList.java:1604) ~[na:na]
	at org.junit.platform.engine.support.hierarchical.SameThreadHierarchicalTestExecutorService.invokeAll(SameThreadHierarchicalTestExecutorService.java:41) ~[junit-platform-engine-1.10.1.jar:1.10.1]
	at org.junit.platform.engine.support.hierarchical.NodeTestTask.lambda$executeRecursively$6(NodeTestTask.java:155) ~[junit-platform-engine-1.10.1.jar:1.10.1]
	at org.junit.platform.engine.support.hierarchical.ThrowableCollector.execute(ThrowableCollector.java:73) ~[junit-platform-engine-1.10.1.jar:1.10.1]
	at org.junit.platform.engine.support.hierarchical.NodeTestTask.lambda$executeRecursively$8(NodeTestTask.java:141) ~[junit-platform-engine-1.10.1.jar:1.10.1]
	at org.junit.platform.engine.support.hierarchical.Node.around(Node.java:137) ~[junit-platform-engine-1.10.1.jar:1.10.1]
	at org.junit.platform.engine.support.hierarchical.NodeTestTask.lambda$executeRecursively$9(NodeTestTask.java:139) ~[junit-platform-engine-1.10.1.jar:1.10.1]
	at org.junit.platform.engine.support.hierarchical.ThrowableCollector.execute(ThrowableCollector.java:73) ~[junit-platform-engine-1.10.1.jar:1.10.1]
	at org.junit.platform.engine.support.hierarchical.NodeTestTask.executeRecursively(NodeTestTask.java:138) ~[junit-platform-engine-1.10.1.jar:1.10.1]
	at org.junit.platform.engine.support.hierarchical.NodeTestTask.execute(NodeTestTask.java:95) ~[junit-platform-engine-1.10.1.jar:1.10.1]
	at java.base/java.util.ArrayList.forEach(ArrayList.java:1604) ~[na:na]
	at org.junit.platform.engine.support.hierarchical.SameThreadHierarchicalTestExecutorService.invokeAll(SameThreadHierarchicalTestExecutorService.java:41) ~[junit-platform-engine-1.10.1.jar:1.10.1]
	at org.junit.platform.engine.support.hierarchical.NodeTestTask.lambda$executeRecursively$6(NodeTestTask.java:155) ~[junit-platform-engine-1.10.1.jar:1.10.1]
	at org.junit.platform.engine.support.hierarchical.ThrowableCollector.execute(ThrowableCollector.java:73) ~[junit-platform-engine-1.10.1.jar:1.10.1]
	at org.junit.platform.engine.support.hierarchical.NodeTestTask.lambda$executeRecursively$8(NodeTestTask.java:141) ~[junit-platform-engine-1.10.1.jar:1.10.1]
	at org.junit.platform.engine.support.hierarchical.Node.around(Node.java:137) ~[junit-platform-engine-1.10.1.jar:1.10.1]
	at org.junit.platform.engine.support.hierarchical.NodeTestTask.lambda$executeRecursively$9(NodeTestTask.java:139) ~[junit-platform-engine-1.10.1.jar:1.10.1]
	at org.junit.platform.engine.support.hierarchical.ThrowableCollector.execute(ThrowableCollector.java:73) ~[junit-platform-engine-1.10.1.jar:1.10.1]
	at org.junit.platform.engine.support.hierarchical.NodeTestTask.executeRecursively(NodeTestTask.java:138) ~[junit-platform-engine-1.10.1.jar:1.10.1]
	at org.junit.platform.engine.support.hierarchical.NodeTestTask.execute(NodeTestTask.java:95) ~[junit-platform-engine-1.10.1.jar:1.10.1]
	at org.junit.platform.engine.support.hierarchical.SameThreadHierarchicalTestExecutorService.submit(SameThreadHierarchicalTestExecutorService.java:35) ~[junit-platform-engine-1.10.1.jar:1.10.1]
	at org.junit.platform.engine.support.hierarchical.HierarchicalTestExecutor.execute(HierarchicalTestExecutor.java:57) ~[junit-platform-engine-1.10.1.jar:1.10.1]
	at org.junit.platform.engine.support.hierarchical.HierarchicalTestEngine.execute(HierarchicalTestEngine.java:54) ~[junit-platform-engine-1.10.1.jar:1.10.1]
	at org.junit.platform.launcher.core.EngineExecutionOrchestrator.execute(EngineExecutionOrchestrator.java:198) ~[junit-platform-launcher-1.10.1.jar:1.10.1]
	at org.junit.platform.launcher.core.EngineExecutionOrchestrator.execute(EngineExecutionOrchestrator.java:169) ~[junit-platform-launcher-1.10.1.jar:1.10.1]
	at org.junit.platform.launcher.core.EngineExecutionOrchestrator.execute(EngineExecutionOrchestrator.java:93) ~[junit-platform-launcher-1.10.1.jar:1.10.1]
	at org.junit.platform.launcher.core.EngineExecutionOrchestrator.lambda$execute$0(EngineExecutionOrchestrator.java:58) ~[junit-platform-launcher-1.10.1.jar:1.10.1]
	at org.junit.platform.launcher.core.EngineExecutionOrchestrator.withInterceptedStreams(EngineExecutionOrchestrator.java:141) ~[junit-platform-launcher-1.10.1.jar:1.10.1]
	at org.junit.platform.launcher.core.EngineExecutionOrchestrator.execute(EngineExecutionOrchestrator.java:57) ~[junit-platform-launcher-1.10.1.jar:1.10.1]
	at org.junit.platform.launcher.core.DefaultLauncher.execute(DefaultLauncher.java:103) ~[junit-platform-launcher-1.10.1.jar:1.10.1]
	at org.junit.platform.launcher.core.DefaultLauncher.execute(DefaultLauncher.java:85) ~[junit-platform-launcher-1.10.1.jar:1.10.1]
	at org.junit.platform.launcher.core.DelegatingLauncher.execute(DelegatingLauncher.java:47) ~[junit-platform-launcher-1.10.1.jar:1.10.1]
	at org.apache.maven.surefire.junitplatform.LazyLauncher.execute(LazyLauncher.java:56) ~[surefire-junit-platform-3.1.2.jar:3.1.2]
	at org.apache.maven.surefire.junitplatform.JUnitPlatformProvider.execute(JUnitPlatformProvider.java:184) ~[surefire-junit-platform-3.1.2.jar:3.1.2]
	at org.apache.maven.surefire.junitplatform.JUnitPlatformProvider.invokeAllTests(JUnitPlatformProvider.java:148) ~[surefire-junit-platform-3.1.2.jar:3.1.2]
	at org.apache.maven.surefire.junitplatform.JUnitPlatformProvider.invoke(JUnitPlatformProvider.java:122) ~[surefire-junit-platform-3.1.2.jar:3.1.2]
	at org.apache.maven.surefire.booter.ForkedBooter.runSuitesInProcess(ForkedBooter.java:385) ~[surefire-booter-3.1.2.jar:3.1.2]
	at org.apache.maven.surefire.booter.ForkedBooter.execute(ForkedBooter.java:162) ~[surefire-booter-3.1.2.jar:3.1.2]
	at org.apache.maven.surefire.booter.ForkedBooter.run(ForkedBooter.java:507) ~[surefire-booter-3.1.2.jar:3.1.2]
	at org.apache.maven.surefire.booter.ForkedBooter.main(ForkedBooter.java:495) ~[surefire-booter-3.1.2.jar:3.1.2]

2025-10-13T13:36:42.499+02:00  WARN 80616 --- [hexagonal-app] [           main] c.t.a.core.importer.ClassFileProcessor   : Error during import from jrt:/java.base/java/lang/IllegalArgumentException.class, falling back to simple import

java.lang.IllegalArgumentException: Unsupported class file major version 69
	at com.tngtech.archunit.thirdparty.org.objectweb.asm.ClassReader.<init>(ClassReader.java:200) ~[archunit-1.3.0.jar:1.3.0]
	at com.tngtech.archunit.thirdparty.org.objectweb.asm.ClassReader.<init>(ClassReader.java:180) ~[archunit-1.3.0.jar:1.3.0]
	at com.tngtech.archunit.thirdparty.org.objectweb.asm.ClassReader.<init>(ClassReader.java:166) ~[archunit-1.3.0.jar:1.3.0]
	at com.tngtech.archunit.thirdparty.org.objectweb.asm.ClassReader.<init>(ClassReader.java:288) ~[archunit-1.3.0.jar:1.3.0]
	at com.tngtech.archunit.core.importer.ClassFileProcessor$UriImporterOfProcessor.tryImport(ClassFileProcessor.java:350) ~[archunit-1.3.0.jar:1.3.0]
	at com.tngtech.archunit.core.importer.resolvers.ClassResolverFromClasspath.tryResolve(ClassResolverFromClasspath.java:51) ~[archunit-1.3.0.jar:1.3.0]
	at com.tngtech.archunit.core.importer.ImportedClasses.resolve(ImportedClasses.java:80) ~[archunit-1.3.0.jar:1.3.0]
	at com.tngtech.archunit.core.importer.ImportedClasses.ensurePresent(ImportedClasses.java:75) ~[archunit-1.3.0.jar:1.3.0]
	at com.tngtech.archunit.core.importer.DependencyResolutionProcess.executeRun(DependencyResolutionProcess.java:146) ~[archunit-1.3.0.jar:1.3.0]
	at com.tngtech.archunit.core.importer.DependencyResolutionProcess.resolve(DependencyResolutionProcess.java:122) ~[archunit-1.3.0.jar:1.3.0]
	at com.tngtech.archunit.core.importer.ClassGraphCreator.complete(ClassGraphCreator.java:107) ~[archunit-1.3.0.jar:1.3.0]
	at com.tngtech.archunit.core.importer.ClassFileProcessor.process(ClassFileProcessor.java:75) ~[archunit-1.3.0.jar:1.3.0]
	at com.tngtech.archunit.core.importer.ClassFileImporter.importLocations(ClassFileImporter.java:325) ~[archunit-1.3.0.jar:1.3.0]
	at com.tngtech.archunit.junit.internal.ClassCache$CacheClassFileImporter.importClasses(ClassCache.java:126) ~[archunit-junit5-engine-1.3.0.jar:1.3.0]
	at com.tngtech.archunit.junit.internal.ClassCache$LazyJavaClasses.initialize(ClassCache.java:118) ~[archunit-junit5-engine-1.3.0.jar:1.3.0]
	at com.tngtech.archunit.junit.internal.ClassCache$LazyJavaClasses.get(ClassCache.java:107) ~[archunit-junit5-engine-1.3.0.jar:1.3.0]
	at com.tngtech.archunit.junit.internal.ClassCache.getClassesToAnalyzeFor(ClassCache.java:84) ~[archunit-junit5-engine-1.3.0.jar:1.3.0]
	at com.tngtech.archunit.junit.internal.ArchUnitTestDescriptor.lambda$createChildren$1(ArchUnitTestDescriptor.java:90) ~[archunit-junit5-engine-1.3.0.jar:1.3.0]
	at com.tngtech.archunit.junit.internal.ArchUnitTestDescriptor$ArchUnitRuleDescriptor.execute(ArchUnitTestDescriptor.java:167) ~[archunit-junit5-engine-1.3.0.jar:1.3.0]
	at com.tngtech.archunit.junit.internal.ArchUnitTestDescriptor$ArchUnitRuleDescriptor.execute(ArchUnitTestDescriptor.java:150) ~[archunit-junit5-engine-1.3.0.jar:1.3.0]
	at org.junit.platform.engine.support.hierarchical.NodeTestTask.lambda$executeRecursively$6(NodeTestTask.java:151) ~[junit-platform-engine-1.10.1.jar:1.10.1]
	at org.junit.platform.engine.support.hierarchical.ThrowableCollector.execute(ThrowableCollector.java:73) ~[junit-platform-engine-1.10.1.jar:1.10.1]
	at org.junit.platform.engine.support.hierarchical.NodeTestTask.lambda$executeRecursively$8(NodeTestTask.java:141) ~[junit-platform-engine-1.10.1.jar:1.10.1]
	at org.junit.platform.engine.support.hierarchical.Node.around(Node.java:137) ~[junit-platform-engine-1.10.1.jar:1.10.1]
	at org.junit.platform.engine.support.hierarchical.NodeTestTask.lambda$executeRecursively$9(NodeTestTask.java:139) ~[junit-platform-engine-1.10.1.jar:1.10.1]
	at org.junit.platform.engine.support.hierarchical.ThrowableCollector.execute(ThrowableCollector.java:73) ~[junit-platform-engine-1.10.1.jar:1.10.1]
	at org.junit.platform.engine.support.hierarchical.NodeTestTask.executeRecursively(NodeTestTask.java:138) ~[junit-platform-engine-1.10.1.jar:1.10.1]
	at org.junit.platform.engine.support.hierarchical.NodeTestTask.execute(NodeTestTask.java:95) ~[junit-platform-engine-1.10.1.jar:1.10.1]
	at java.base/java.util.ArrayList.forEach(ArrayList.java:1604) ~[na:na]
	at org.junit.platform.engine.support.hierarchical.SameThreadHierarchicalTestExecutorService.invokeAll(SameThreadHierarchicalTestExecutorService.java:41) ~[junit-platform-engine-1.10.1.jar:1.10.1]
	at org.junit.platform.engine.support.hierarchical.NodeTestTask.lambda$executeRecursively$6(NodeTestTask.java:155) ~[junit-platform-engine-1.10.1.jar:1.10.1]
	at org.junit.platform.engine.support.hierarchical.ThrowableCollector.execute(ThrowableCollector.java:73) ~[junit-platform-engine-1.10.1.jar:1.10.1]
	at org.junit.platform.engine.support.hierarchical.NodeTestTask.lambda$executeRecursively$8(NodeTestTask.java:141) ~[junit-platform-engine-1.10.1.jar:1.10.1]
	at org.junit.platform.engine.support.hierarchical.Node.around(Node.java:137) ~[junit-platform-engine-1.10.1.jar:1.10.1]
	at org.junit.platform.engine.support.hierarchical.NodeTestTask.lambda$executeRecursively$9(NodeTestTask.java:139) ~[junit-platform-engine-1.10.1.jar:1.10.1]
	at org.junit.platform.engine.support.hierarchical.ThrowableCollector.execute(ThrowableCollector.java:73) ~[junit-platform-engine-1.10.1.jar:1.10.1]
	at org.junit.platform.engine.support.hierarchical.NodeTestTask.executeRecursively(NodeTestTask.java:138) ~[junit-platform-engine-1.10.1.jar:1.10.1]
	at org.junit.platform.engine.support.hierarchical.NodeTestTask.execute(NodeTestTask.java:95) ~[junit-platform-engine-1.10.1.jar:1.10.1]
	at java.base/java.util.ArrayList.forEach(ArrayList.java:1604) ~[na:na]
	at org.junit.platform.engine.support.hierarchical.SameThreadHierarchicalTestExecutorService.invokeAll(SameThreadHierarchicalTestExecutorService.java:41) ~[junit-platform-engine-1.10.1.jar:1.10.1]
	at org.junit.platform.engine.support.hierarchical.NodeTestTask.lambda$executeRecursively$6(NodeTestTask.java:155) ~[junit-platform-engine-1.10.1.jar:1.10.1]
	at org.junit.platform.engine.support.hierarchical.ThrowableCollector.execute(ThrowableCollector.java:73) ~[junit-platform-engine-1.10.1.jar:1.10.1]
	at org.junit.platform.engine.support.hierarchical.NodeTestTask.lambda$executeRecursively$8(NodeTestTask.java:141) ~[junit-platform-engine-1.10.1.jar:1.10.1]
	at org.junit.platform.engine.support.hierarchical.Node.around(Node.java:137) ~[junit-platform-engine-1.10.1.jar:1.10.1]
	at org.junit.platform.engine.support.hierarchical.NodeTestTask.lambda$executeRecursively$9(NodeTestTask.java:139) ~[junit-platform-engine-1.10.1.jar:1.10.1]
	at org.junit.platform.engine.support.hierarchical.ThrowableCollector.execute(ThrowableCollector.java:73) ~[junit-platform-engine-1.10.1.jar:1.10.1]
	at org.junit.platform.engine.support.hierarchical.NodeTestTask.executeRecursively(NodeTestTask.java:138) ~[junit-platform-engine-1.10.1.jar:1.10.1]
	at org.junit.platform.engine.support.hierarchical.NodeTestTask.execute(NodeTestTask.java:95) ~[junit-platform-engine-1.10.1.jar:1.10.1]
	at org.junit.platform.engine.support.hierarchical.SameThreadHierarchicalTestExecutorService.submit(SameThreadHierarchicalTestExecutorService.java:35) ~[junit-platform-engine-1.10.1.jar:1.10.1]
	at org.junit.platform.engine.support.hierarchical.HierarchicalTestExecutor.execute(HierarchicalTestExecutor.java:57) ~[junit-platform-engine-1.10.1.jar:1.10.1]
	at org.junit.platform.engine.support.hierarchical.HierarchicalTestEngine.execute(HierarchicalTestEngine.java:54) ~[junit-platform-engine-1.10.1.jar:1.10.1]
	at org.junit.platform.launcher.core.EngineExecutionOrchestrator.execute(EngineExecutionOrchestrator.java:198) ~[junit-platform-launcher-1.10.1.jar:1.10.1]
	at org.junit.platform.launcher.core.EngineExecutionOrchestrator.execute(EngineExecutionOrchestrator.java:169) ~[junit-platform-launcher-1.10.1.jar:1.10.1]
	at org.junit.platform.launcher.core.EngineExecutionOrchestrator.execute(EngineExecutionOrchestrator.java:93) ~[junit-platform-launcher-1.10.1.jar:1.10.1]
	at org.junit.platform.launcher.core.EngineExecutionOrchestrator.lambda$execute$0(EngineExecutionOrchestrator.java:58) ~[junit-platform-launcher-1.10.1.jar:1.10.1]
	at org.junit.platform.launcher.core.EngineExecutionOrchestrator.withInterceptedStreams(EngineExecutionOrchestrator.java:141) ~[junit-platform-launcher-1.10.1.jar:1.10.1]
	at org.junit.platform.launcher.core.EngineExecutionOrchestrator.execute(EngineExecutionOrchestrator.java:57) ~[junit-platform-launcher-1.10.1.jar:1.10.1]
	at org.junit.platform.launcher.core.DefaultLauncher.execute(DefaultLauncher.java:103) ~[junit-platform-launcher-1.10.1.jar:1.10.1]
	at org.junit.platform.launcher.core.DefaultLauncher.execute(DefaultLauncher.java:85) ~[junit-platform-launcher-1.10.1.jar:1.10.1]
	at org.junit.platform.launcher.core.DelegatingLauncher.execute(DelegatingLauncher.java:47) ~[junit-platform-launcher-1.10.1.jar:1.10.1]
	at org.apache.maven.surefire.junitplatform.LazyLauncher.execute(LazyLauncher.java:56) ~[surefire-junit-platform-3.1.2.jar:3.1.2]
	at org.apache.maven.surefire.junitplatform.JUnitPlatformProvider.execute(JUnitPlatformProvider.java:184) ~[surefire-junit-platform-3.1.2.jar:3.1.2]
	at org.apache.maven.surefire.junitplatform.JUnitPlatformProvider.invokeAllTests(JUnitPlatformProvider.java:148) ~[surefire-junit-platform-3.1.2.jar:3.1.2]
	at org.apache.maven.surefire.junitplatform.JUnitPlatformProvider.invoke(JUnitPlatformProvider.java:122) ~[surefire-junit-platform-3.1.2.jar:3.1.2]
	at org.apache.maven.surefire.booter.ForkedBooter.runSuitesInProcess(ForkedBooter.java:385) ~[surefire-booter-3.1.2.jar:3.1.2]
	at org.apache.maven.surefire.booter.ForkedBooter.execute(ForkedBooter.java:162) ~[surefire-booter-3.1.2.jar:3.1.2]
	at org.apache.maven.surefire.booter.ForkedBooter.run(ForkedBooter.java:507) ~[surefire-booter-3.1.2.jar:3.1.2]
	at org.apache.maven.surefire.booter.ForkedBooter.main(ForkedBooter.java:495) ~[surefire-booter-3.1.2.jar:3.1.2]

2025-10-13T13:36:42.504+02:00  WARN 80616 --- [hexagonal-app] [           main] c.t.a.core.importer.ClassFileProcessor   : Error during import from jrt:/java.base/java/lang/Object.class, falling back to simple import

java.lang.IllegalArgumentException: Unsupported class file major version 69
	at com.tngtech.archunit.thirdparty.org.objectweb.asm.ClassReader.<init>(ClassReader.java:200) ~[archunit-1.3.0.jar:1.3.0]
	at com.tngtech.archunit.thirdparty.org.objectweb.asm.ClassReader.<init>(ClassReader.java:180) ~[archunit-1.3.0.jar:1.3.0]
	at com.tngtech.archunit.thirdparty.org.objectweb.asm.ClassReader.<init>(ClassReader.java:166) ~[archunit-1.3.0.jar:1.3.0]
	at com.tngtech.archunit.thirdparty.org.objectweb.asm.ClassReader.<init>(ClassReader.java:288) ~[archunit-1.3.0.jar:1.3.0]
	at com.tngtech.archunit.core.importer.ClassFileProcessor$UriImporterOfProcessor.tryImport(ClassFileProcessor.java:350) ~[archunit-1.3.0.jar:1.3.0]
	at com.tngtech.archunit.core.importer.resolvers.ClassResolverFromClasspath.tryResolve(ClassResolverFromClasspath.java:51) ~[archunit-1.3.0.jar:1.3.0]
	at com.tngtech.archunit.core.importer.ImportedClasses.resolve(ImportedClasses.java:80) ~[archunit-1.3.0.jar:1.3.0]
	at com.tngtech.archunit.core.importer.ImportedClasses.ensurePresent(ImportedClasses.java:75) ~[archunit-1.3.0.jar:1.3.0]
	at com.tngtech.archunit.core.importer.DependencyResolutionProcess.executeRun(DependencyResolutionProcess.java:146) ~[archunit-1.3.0.jar:1.3.0]
	at com.tngtech.archunit.core.importer.DependencyResolutionProcess.resolve(DependencyResolutionProcess.java:122) ~[archunit-1.3.0.jar:1.3.0]
	at com.tngtech.archunit.core.importer.ClassGraphCreator.complete(ClassGraphCreator.java:107) ~[archunit-1.3.0.jar:1.3.0]
	at com.tngtech.archunit.core.importer.ClassFileProcessor.process(ClassFileProcessor.java:75) ~[archunit-1.3.0.jar:1.3.0]
	at com.tngtech.archunit.core.importer.ClassFileImporter.importLocations(ClassFileImporter.java:325) ~[archunit-1.3.0.jar:1.3.0]
	at com.tngtech.archunit.junit.internal.ClassCache$CacheClassFileImporter.importClasses(ClassCache.java:126) ~[archunit-junit5-engine-1.3.0.jar:1.3.0]
	at com.tngtech.archunit.junit.internal.ClassCache$LazyJavaClasses.initialize(ClassCache.java:118) ~[archunit-junit5-engine-1.3.0.jar:1.3.0]
	at com.tngtech.archunit.junit.internal.ClassCache$LazyJavaClasses.get(ClassCache.java:107) ~[archunit-junit5-engine-1.3.0.jar:1.3.0]
	at com.tngtech.archunit.junit.internal.ClassCache.getClassesToAnalyzeFor(ClassCache.java:84) ~[archunit-junit5-engine-1.3.0.jar:1.3.0]
	at com.tngtech.archunit.junit.internal.ArchUnitTestDescriptor.lambda$createChildren$1(ArchUnitTestDescriptor.java:90) ~[archunit-junit5-engine-1.3.0.jar:1.3.0]
	at com.tngtech.archunit.junit.internal.ArchUnitTestDescriptor$ArchUnitRuleDescriptor.execute(ArchUnitTestDescriptor.java:167) ~[archunit-junit5-engine-1.3.0.jar:1.3.0]
	at com.tngtech.archunit.junit.internal.ArchUnitTestDescriptor$ArchUnitRuleDescriptor.execute(ArchUnitTestDescriptor.java:150) ~[archunit-junit5-engine-1.3.0.jar:1.3.0]
	at org.junit.platform.engine.support.hierarchical.NodeTestTask.lambda$executeRecursively$6(NodeTestTask.java:151) ~[junit-platform-engine-1.10.1.jar:1.10.1]
	at org.junit.platform.engine.support.hierarchical.ThrowableCollector.execute(ThrowableCollector.java:73) ~[junit-platform-engine-1.10.1.jar:1.10.1]
	at org.junit.platform.engine.support.hierarchical.NodeTestTask.lambda$executeRecursively$8(NodeTestTask.java:141) ~[junit-platform-engine-1.10.1.jar:1.10.1]
	at org.junit.platform.engine.support.hierarchical.Node.around(Node.java:137) ~[junit-platform-engine-1.10.1.jar:1.10.1]
	at org.junit.platform.engine.support.hierarchical.NodeTestTask.lambda$executeRecursively$9(NodeTestTask.java:139) ~[junit-platform-engine-1.10.1.jar:1.10.1]
	at org.junit.platform.engine.support.hierarchical.ThrowableCollector.execute(ThrowableCollector.java:73) ~[junit-platform-engine-1.10.1.jar:1.10.1]
	at org.junit.platform.engine.support.hierarchical.NodeTestTask.executeRecursively(NodeTestTask.java:138) ~[junit-platform-engine-1.10.1.jar:1.10.1]
	at org.junit.platform.engine.support.hierarchical.NodeTestTask.execute(NodeTestTask.java:95) ~[junit-platform-engine-1.10.1.jar:1.10.1]
	at java.base/java.util.ArrayList.forEach(ArrayList.java:1604) ~[na:na]
	at org.junit.platform.engine.support.hierarchical.SameThreadHierarchicalTestExecutorService.invokeAll(SameThreadHierarchicalTestExecutorService.java:41) ~[junit-platform-engine-1.10.1.jar:1.10.1]
	at org.junit.platform.engine.support.hierarchical.NodeTestTask.lambda$executeRecursively$6(NodeTestTask.java:155) ~[junit-platform-engine-1.10.1.jar:1.10.1]
	at org.junit.platform.engine.support.hierarchical.ThrowableCollector.execute(ThrowableCollector.java:73) ~[junit-platform-engine-1.10.1.jar:1.10.1]
	at org.junit.platform.engine.support.hierarchical.NodeTestTask.lambda$executeRecursively$8(NodeTestTask.java:141) ~[junit-platform-engine-1.10.1.jar:1.10.1]
	at org.junit.platform.engine.support.hierarchical.Node.around(Node.java:137) ~[junit-platform-engine-1.10.1.jar:1.10.1]
	at org.junit.platform.engine.support.hierarchical.NodeTestTask.lambda$executeRecursively$9(NodeTestTask.java:139) ~[junit-platform-engine-1.10.1.jar:1.10.1]
	at org.junit.platform.engine.support.hierarchical.ThrowableCollector.execute(ThrowableCollector.java:73) ~[junit-platform-engine-1.10.1.jar:1.10.1]
	at org.junit.platform.engine.support.hierarchical.NodeTestTask.executeRecursively(NodeTestTask.java:138) ~[junit-platform-engine-1.10.1.jar:1.10.1]
	at org.junit.platform.engine.support.hierarchical.NodeTestTask.execute(NodeTestTask.java:95) ~[junit-platform-engine-1.10.1.jar:1.10.1]
	at java.base/java.util.ArrayList.forEach(ArrayList.java:1604) ~[na:na]
	at org.junit.platform.engine.support.hierarchical.SameThreadHierarchicalTestExecutorService.invokeAll(SameThreadHierarchicalTestExecutorService.java:41) ~[junit-platform-engine-1.10.1.jar:1.10.1]
	at org.junit.platform.engine.support.hierarchical.NodeTestTask.lambda$executeRecursively$6(NodeTestTask.java:155) ~[junit-platform-engine-1.10.1.jar:1.10.1]
	at org.junit.platform.engine.support.hierarchical.ThrowableCollector.execute(ThrowableCollector.java:73) ~[junit-platform-engine-1.10.1.jar:1.10.1]
	at org.junit.platform.engine.support.hierarchical.NodeTestTask.lambda$executeRecursively$8(NodeTestTask.java:141) ~[junit-platform-engine-1.10.1.jar:1.10.1]
	at org.junit.platform.engine.support.hierarchical.Node.around(Node.java:137) ~[junit-platform-engine-1.10.1.jar:1.10.1]
	at org.junit.platform.engine.support.hierarchical.NodeTestTask.lambda$executeRecursively$9(NodeTestTask.java:139) ~[junit-platform-engine-1.10.1.jar:1.10.1]
	at org.junit.platform.engine.support.hierarchical.ThrowableCollector.execute(ThrowableCollector.java:73) ~[junit-platform-engine-1.10.1.jar:1.10.1]
	at org.junit.platform.engine.support.hierarchical.NodeTestTask.executeRecursively(NodeTestTask.java:138) ~[junit-platform-engine-1.10.1.jar:1.10.1]
	at org.junit.platform.engine.support.hierarchical.NodeTestTask.execute(NodeTestTask.java:95) ~[junit-platform-engine-1.10.1.jar:1.10.1]
	at org.junit.platform.engine.support.hierarchical.SameThreadHierarchicalTestExecutorService.submit(SameThreadHierarchicalTestExecutorService.java:35) ~[junit-platform-engine-1.10.1.jar:1.10.1]
	at org.junit.platform.engine.support.hierarchical.HierarchicalTestExecutor.execute(HierarchicalTestExecutor.java:57) ~[junit-platform-engine-1.10.1.jar:1.10.1]
	at org.junit.platform.engine.support.hierarchical.HierarchicalTestEngine.execute(HierarchicalTestEngine.java:54) ~[junit-platform-engine-1.10.1.jar:1.10.1]
	at org.junit.platform.launcher.core.EngineExecutionOrchestrator.execute(EngineExecutionOrchestrator.java:198) ~[junit-platform-launcher-1.10.1.jar:1.10.1]
	at org.junit.platform.launcher.core.EngineExecutionOrchestrator.execute(EngineExecutionOrchestrator.java:169) ~[junit-platform-launcher-1.10.1.jar:1.10.1]
	at org.junit.platform.launcher.core.EngineExecutionOrchestrator.execute(EngineExecutionOrchestrator.java:93) ~[junit-platform-launcher-1.10.1.jar:1.10.1]
	at org.junit.platform.launcher.core.EngineExecutionOrchestrator.lambda$execute$0(EngineExecutionOrchestrator.java:58) ~[junit-platform-launcher-1.10.1.jar:1.10.1]
	at org.junit.platform.launcher.core.EngineExecutionOrchestrator.withInterceptedStreams(EngineExecutionOrchestrator.java:141) ~[junit-platform-launcher-1.10.1.jar:1.10.1]
	at org.junit.platform.launcher.core.EngineExecutionOrchestrator.execute(EngineExecutionOrchestrator.java:57) ~[junit-platform-launcher-1.10.1.jar:1.10.1]
	at org.junit.platform.launcher.core.DefaultLauncher.execute(DefaultLauncher.java:103) ~[junit-platform-launcher-1.10.1.jar:1.10.1]
	at org.junit.platform.launcher.core.DefaultLauncher.execute(DefaultLauncher.java:85) ~[junit-platform-launcher-1.10.1.jar:1.10.1]
	at org.junit.platform.launcher.core.DelegatingLauncher.execute(DelegatingLauncher.java:47) ~[junit-platform-launcher-1.10.1.jar:1.10.1]
	at org.apache.maven.surefire.junitplatform.LazyLauncher.execute(LazyLauncher.java:56) ~[surefire-junit-platform-3.1.2.jar:3.1.2]
	at org.apache.maven.surefire.junitplatform.JUnitPlatformProvider.execute(JUnitPlatformProvider.java:184) ~[surefire-junit-platform-3.1.2.jar:3.1.2]
	at org.apache.maven.surefire.junitplatform.JUnitPlatformProvider.invokeAllTests(JUnitPlatformProvider.java:148) ~[surefire-junit-platform-3.1.2.jar:3.1.2]
	at org.apache.maven.surefire.junitplatform.JUnitPlatformProvider.invoke(JUnitPlatformProvider.java:122) ~[surefire-junit-platform-3.1.2.jar:3.1.2]
	at org.apache.maven.surefire.booter.ForkedBooter.runSuitesInProcess(ForkedBooter.java:385) ~[surefire-booter-3.1.2.jar:3.1.2]
	at org.apache.maven.surefire.booter.ForkedBooter.execute(ForkedBooter.java:162) ~[surefire-booter-3.1.2.jar:3.1.2]
	at org.apache.maven.surefire.booter.ForkedBooter.run(ForkedBooter.java:507) ~[surefire-booter-3.1.2.jar:3.1.2]
	at org.apache.maven.surefire.booter.ForkedBooter.main(ForkedBooter.java:495) ~[surefire-booter-3.1.2.jar:3.1.2]

2025-10-13T13:36:42.505+02:00  WARN 80616 --- [hexagonal-app] [           main] c.t.a.core.importer.ClassFileProcessor   : Error during import from jrt:/java.base/java/lang/Float.class, falling back to simple import

java.lang.IllegalArgumentException: Unsupported class file major version 69
	at com.tngtech.archunit.thirdparty.org.objectweb.asm.ClassReader.<init>(ClassReader.java:200) ~[archunit-1.3.0.jar:1.3.0]
	at com.tngtech.archunit.thirdparty.org.objectweb.asm.ClassReader.<init>(ClassReader.java:180) ~[archunit-1.3.0.jar:1.3.0]
	at com.tngtech.archunit.thirdparty.org.objectweb.asm.ClassReader.<init>(ClassReader.java:166) ~[archunit-1.3.0.jar:1.3.0]
	at com.tngtech.archunit.thirdparty.org.objectweb.asm.ClassReader.<init>(ClassReader.java:288) ~[archunit-1.3.0.jar:1.3.0]
	at com.tngtech.archunit.core.importer.ClassFileProcessor$UriImporterOfProcessor.tryImport(ClassFileProcessor.java:350) ~[archunit-1.3.0.jar:1.3.0]
	at com.tngtech.archunit.core.importer.resolvers.ClassResolverFromClasspath.tryResolve(ClassResolverFromClasspath.java:51) ~[archunit-1.3.0.jar:1.3.0]
	at com.tngtech.archunit.core.importer.ImportedClasses.resolve(ImportedClasses.java:80) ~[archunit-1.3.0.jar:1.3.0]
	at com.tngtech.archunit.core.importer.ImportedClasses.ensurePresent(ImportedClasses.java:75) ~[archunit-1.3.0.jar:1.3.0]
	at com.tngtech.archunit.core.importer.DependencyResolutionProcess.executeRun(DependencyResolutionProcess.java:146) ~[archunit-1.3.0.jar:1.3.0]
	at com.tngtech.archunit.core.importer.DependencyResolutionProcess.resolve(DependencyResolutionProcess.java:122) ~[archunit-1.3.0.jar:1.3.0]
	at com.tngtech.archunit.core.importer.ClassGraphCreator.complete(ClassGraphCreator.java:107) ~[archunit-1.3.0.jar:1.3.0]
	at com.tngtech.archunit.core.importer.ClassFileProcessor.process(ClassFileProcessor.java:75) ~[archunit-1.3.0.jar:1.3.0]
	at com.tngtech.archunit.core.importer.ClassFileImporter.importLocations(ClassFileImporter.java:325) ~[archunit-1.3.0.jar:1.3.0]
	at com.tngtech.archunit.junit.internal.ClassCache$CacheClassFileImporter.importClasses(ClassCache.java:126) ~[archunit-junit5-engine-1.3.0.jar:1.3.0]
	at com.tngtech.archunit.junit.internal.ClassCache$LazyJavaClasses.initialize(ClassCache.java:118) ~[archunit-junit5-engine-1.3.0.jar:1.3.0]
	at com.tngtech.archunit.junit.internal.ClassCache$LazyJavaClasses.get(ClassCache.java:107) ~[archunit-junit5-engine-1.3.0.jar:1.3.0]
	at com.tngtech.archunit.junit.internal.ClassCache.getClassesToAnalyzeFor(ClassCache.java:84) ~[archunit-junit5-engine-1.3.0.jar:1.3.0]
	at com.tngtech.archunit.junit.internal.ArchUnitTestDescriptor.lambda$createChildren$1(ArchUnitTestDescriptor.java:90) ~[archunit-junit5-engine-1.3.0.jar:1.3.0]
	at com.tngtech.archunit.junit.internal.ArchUnitTestDescriptor$ArchUnitRuleDescriptor.execute(ArchUnitTestDescriptor.java:167) ~[archunit-junit5-engine-1.3.0.jar:1.3.0]
	at com.tngtech.archunit.junit.internal.ArchUnitTestDescriptor$ArchUnitRuleDescriptor.execute(ArchUnitTestDescriptor.java:150) ~[archunit-junit5-engine-1.3.0.jar:1.3.0]
	at org.junit.platform.engine.support.hierarchical.NodeTestTask.lambda$executeRecursively$6(NodeTestTask.java:151) ~[junit-platform-engine-1.10.1.jar:1.10.1]
	at org.junit.platform.engine.support.hierarchical.ThrowableCollector.execute(ThrowableCollector.java:73) ~[junit-platform-engine-1.10.1.jar:1.10.1]
	at org.junit.platform.engine.support.hierarchical.NodeTestTask.lambda$executeRecursively$8(NodeTestTask.java:141) ~[junit-platform-engine-1.10.1.jar:1.10.1]
	at org.junit.platform.engine.support.hierarchical.Node.around(Node.java:137) ~[junit-platform-engine-1.10.1.jar:1.10.1]
	at org.junit.platform.engine.support.hierarchical.NodeTestTask.lambda$executeRecursively$9(NodeTestTask.java:139) ~[junit-platform-engine-1.10.1.jar:1.10.1]
	at org.junit.platform.engine.support.hierarchical.ThrowableCollector.execute(ThrowableCollector.java:73) ~[junit-platform-engine-1.10.1.jar:1.10.1]
	at org.junit.platform.engine.support.hierarchical.NodeTestTask.executeRecursively(NodeTestTask.java:138) ~[junit-platform-engine-1.10.1.jar:1.10.1]
	at org.junit.platform.engine.support.hierarchical.NodeTestTask.execute(NodeTestTask.java:95) ~[junit-platform-engine-1.10.1.jar:1.10.1]
	at java.base/java.util.ArrayList.forEach(ArrayList.java:1604) ~[na:na]
	at org.junit.platform.engine.support.hierarchical.SameThreadHierarchicalTestExecutorService.invokeAll(SameThreadHierarchicalTestExecutorService.java:41) ~[junit-platform-engine-1.10.1.jar:1.10.1]
	at org.junit.platform.engine.support.hierarchical.NodeTestTask.lambda$executeRecursively$6(NodeTestTask.java:155) ~[junit-platform-engine-1.10.1.jar:1.10.1]
	at org.junit.platform.engine.support.hierarchical.ThrowableCollector.execute(ThrowableCollector.java:73) ~[junit-platform-engine-1.10.1.jar:1.10.1]
	at org.junit.platform.engine.support.hierarchical.NodeTestTask.lambda$executeRecursively$8(NodeTestTask.java:141) ~[junit-platform-engine-1.10.1.jar:1.10.1]
	at org.junit.platform.engine.support.hierarchical.Node.around(Node.java:137) ~[junit-platform-engine-1.10.1.jar:1.10.1]
	at org.junit.platform.engine.support.hierarchical.NodeTestTask.lambda$executeRecursively$9(NodeTestTask.java:139) ~[junit-platform-engine-1.10.1.jar:1.10.1]
	at org.junit.platform.engine.support.hierarchical.ThrowableCollector.execute(ThrowableCollector.java:73) ~[junit-platform-engine-1.10.1.jar:1.10.1]
	at org.junit.platform.engine.support.hierarchical.NodeTestTask.executeRecursively(NodeTestTask.java:138) ~[junit-platform-engine-1.10.1.jar:1.10.1]
	at org.junit.platform.engine.support.hierarchical.NodeTestTask.execute(NodeTestTask.java:95) ~[junit-platform-engine-1.10.1.jar:1.10.1]
	at java.base/java.util.ArrayList.forEach(ArrayList.java:1604) ~[na:na]
	at org.junit.platform.engine.support.hierarchical.SameThreadHierarchicalTestExecutorService.invokeAll(SameThreadHierarchicalTestExecutorService.java:41) ~[junit-platform-engine-1.10.1.jar:1.10.1]
	at org.junit.platform.engine.support.hierarchical.NodeTestTask.lambda$executeRecursively$6(NodeTestTask.java:155) ~[junit-platform-engine-1.10.1.jar:1.10.1]
	at org.junit.platform.engine.support.hierarchical.ThrowableCollector.execute(ThrowableCollector.java:73) ~[junit-platform-engine-1.10.1.jar:1.10.1]
	at org.junit.platform.engine.support.hierarchical.NodeTestTask.lambda$executeRecursively$8(NodeTestTask.java:141) ~[junit-platform-engine-1.10.1.jar:1.10.1]
	at org.junit.platform.engine.support.hierarchical.Node.around(Node.java:137) ~[junit-platform-engine-1.10.1.jar:1.10.1]
	at org.junit.platform.engine.support.hierarchical.NodeTestTask.lambda$executeRecursively$9(NodeTestTask.java:139) ~[junit-platform-engine-1.10.1.jar:1.10.1]
	at org.junit.platform.engine.support.hierarchical.ThrowableCollector.execute(ThrowableCollector.java:73) ~[junit-platform-engine-1.10.1.jar:1.10.1]
	at org.junit.platform.engine.support.hierarchical.NodeTestTask.executeRecursively(NodeTestTask.java:138) ~[junit-platform-engine-1.10.1.jar:1.10.1]
	at org.junit.platform.engine.support.hierarchical.NodeTestTask.execute(NodeTestTask.java:95) ~[junit-platform-engine-1.10.1.jar:1.10.1]
	at org.junit.platform.engine.support.hierarchical.SameThreadHierarchicalTestExecutorService.submit(SameThreadHierarchicalTestExecutorService.java:35) ~[junit-platform-engine-1.10.1.jar:1.10.1]
	at org.junit.platform.engine.support.hierarchical.HierarchicalTestExecutor.execute(HierarchicalTestExecutor.java:57) ~[junit-platform-engine-1.10.1.jar:1.10.1]
	at org.junit.platform.engine.support.hierarchical.HierarchicalTestEngine.execute(HierarchicalTestEngine.java:54) ~[junit-platform-engine-1.10.1.jar:1.10.1]
	at org.junit.platform.launcher.core.EngineExecutionOrchestrator.execute(EngineExecutionOrchestrator.java:198) ~[junit-platform-launcher-1.10.1.jar:1.10.1]
	at org.junit.platform.launcher.core.EngineExecutionOrchestrator.execute(EngineExecutionOrchestrator.java:169) ~[junit-platform-launcher-1.10.1.jar:1.10.1]
	at org.junit.platform.launcher.core.EngineExecutionOrchestrator.execute(EngineExecutionOrchestrator.java:93) ~[junit-platform-launcher-1.10.1.jar:1.10.1]
	at org.junit.platform.launcher.core.EngineExecutionOrchestrator.lambda$execute$0(EngineExecutionOrchestrator.java:58) ~[junit-platform-launcher-1.10.1.jar:1.10.1]
	at org.junit.platform.launcher.core.EngineExecutionOrchestrator.withInterceptedStreams(EngineExecutionOrchestrator.java:141) ~[junit-platform-launcher-1.10.1.jar:1.10.1]
	at org.junit.platform.launcher.core.EngineExecutionOrchestrator.execute(EngineExecutionOrchestrator.java:57) ~[junit-platform-launcher-1.10.1.jar:1.10.1]
	at org.junit.platform.launcher.core.DefaultLauncher.execute(DefaultLauncher.java:103) ~[junit-platform-launcher-1.10.1.jar:1.10.1]
	at org.junit.platform.launcher.core.DefaultLauncher.execute(DefaultLauncher.java:85) ~[junit-platform-launcher-1.10.1.jar:1.10.1]
	at org.junit.platform.launcher.core.DelegatingLauncher.execute(DelegatingLauncher.java:47) ~[junit-platform-launcher-1.10.1.jar:1.10.1]
	at org.apache.maven.surefire.junitplatform.LazyLauncher.execute(LazyLauncher.java:56) ~[surefire-junit-platform-3.1.2.jar:3.1.2]
	at org.apache.maven.surefire.junitplatform.JUnitPlatformProvider.execute(JUnitPlatformProvider.java:184) ~[surefire-junit-platform-3.1.2.jar:3.1.2]
	at org.apache.maven.surefire.junitplatform.JUnitPlatformProvider.invokeAllTests(JUnitPlatformProvider.java:148) ~[surefire-junit-platform-3.1.2.jar:3.1.2]
	at org.apache.maven.surefire.junitplatform.JUnitPlatformProvider.invoke(JUnitPlatformProvider.java:122) ~[surefire-junit-platform-3.1.2.jar:3.1.2]
	at org.apache.maven.surefire.booter.ForkedBooter.runSuitesInProcess(ForkedBooter.java:385) ~[surefire-booter-3.1.2.jar:3.1.2]
	at org.apache.maven.surefire.booter.ForkedBooter.execute(ForkedBooter.java:162) ~[surefire-booter-3.1.2.jar:3.1.2]
	at org.apache.maven.surefire.booter.ForkedBooter.run(ForkedBooter.java:507) ~[surefire-booter-3.1.2.jar:3.1.2]
	at org.apache.maven.surefire.booter.ForkedBooter.main(ForkedBooter.java:495) ~[surefire-booter-3.1.2.jar:3.1.2]

2025-10-13T13:36:42.506+02:00  WARN 80616 --- [hexagonal-app] [           main] c.t.a.core.importer.ClassFileProcessor   : Error during import from jrt:/java.base/java/lang/annotation/Inherited.class, falling back to simple import

java.lang.IllegalArgumentException: Unsupported class file major version 69
	at com.tngtech.archunit.thirdparty.org.objectweb.asm.ClassReader.<init>(ClassReader.java:200) ~[archunit-1.3.0.jar:1.3.0]
	at com.tngtech.archunit.thirdparty.org.objectweb.asm.ClassReader.<init>(ClassReader.java:180) ~[archunit-1.3.0.jar:1.3.0]
	at com.tngtech.archunit.thirdparty.org.objectweb.asm.ClassReader.<init>(ClassReader.java:166) ~[archunit-1.3.0.jar:1.3.0]
	at com.tngtech.archunit.thirdparty.org.objectweb.asm.ClassReader.<init>(ClassReader.java:288) ~[archunit-1.3.0.jar:1.3.0]
	at com.tngtech.archunit.core.importer.ClassFileProcessor$UriImporterOfProcessor.tryImport(ClassFileProcessor.java:350) ~[archunit-1.3.0.jar:1.3.0]
	at com.tngtech.archunit.core.importer.resolvers.ClassResolverFromClasspath.tryResolve(ClassResolverFromClasspath.java:51) ~[archunit-1.3.0.jar:1.3.0]
	at com.tngtech.archunit.core.importer.ImportedClasses.resolve(ImportedClasses.java:80) ~[archunit-1.3.0.jar:1.3.0]
	at com.tngtech.archunit.core.importer.ImportedClasses.ensurePresent(ImportedClasses.java:75) ~[archunit-1.3.0.jar:1.3.0]
	at com.tngtech.archunit.core.importer.DependencyResolutionProcess.executeRun(DependencyResolutionProcess.java:146) ~[archunit-1.3.0.jar:1.3.0]
	at com.tngtech.archunit.core.importer.DependencyResolutionProcess.resolve(DependencyResolutionProcess.java:122) ~[archunit-1.3.0.jar:1.3.0]
	at com.tngtech.archunit.core.importer.ClassGraphCreator.complete(ClassGraphCreator.java:107) ~[archunit-1.3.0.jar:1.3.0]
	at com.tngtech.archunit.core.importer.ClassFileProcessor.process(ClassFileProcessor.java:75) ~[archunit-1.3.0.jar:1.3.0]
	at com.tngtech.archunit.core.importer.ClassFileImporter.importLocations(ClassFileImporter.java:325) ~[archunit-1.3.0.jar:1.3.0]
	at com.tngtech.archunit.junit.internal.ClassCache$CacheClassFileImporter.importClasses(ClassCache.java:126) ~[archunit-junit5-engine-1.3.0.jar:1.3.0]
	at com.tngtech.archunit.junit.internal.ClassCache$LazyJavaClasses.initialize(ClassCache.java:118) ~[archunit-junit5-engine-1.3.0.jar:1.3.0]
	at com.tngtech.archunit.junit.internal.ClassCache$LazyJavaClasses.get(ClassCache.java:107) ~[archunit-junit5-engine-1.3.0.jar:1.3.0]
	at com.tngtech.archunit.junit.internal.ClassCache.getClassesToAnalyzeFor(ClassCache.java:84) ~[archunit-junit5-engine-1.3.0.jar:1.3.0]
	at com.tngtech.archunit.junit.internal.ArchUnitTestDescriptor.lambda$createChildren$1(ArchUnitTestDescriptor.java:90) ~[archunit-junit5-engine-1.3.0.jar:1.3.0]
	at com.tngtech.archunit.junit.internal.ArchUnitTestDescriptor$ArchUnitRuleDescriptor.execute(ArchUnitTestDescriptor.java:167) ~[archunit-junit5-engine-1.3.0.jar:1.3.0]
	at com.tngtech.archunit.junit.internal.ArchUnitTestDescriptor$ArchUnitRuleDescriptor.execute(ArchUnitTestDescriptor.java:150) ~[archunit-junit5-engine-1.3.0.jar:1.3.0]
	at org.junit.platform.engine.support.hierarchical.NodeTestTask.lambda$executeRecursively$6(NodeTestTask.java:151) ~[junit-platform-engine-1.10.1.jar:1.10.1]
	at org.junit.platform.engine.support.hierarchical.ThrowableCollector.execute(ThrowableCollector.java:73) ~[junit-platform-engine-1.10.1.jar:1.10.1]
	at org.junit.platform.engine.support.hierarchical.NodeTestTask.lambda$executeRecursively$8(NodeTestTask.java:141) ~[junit-platform-engine-1.10.1.jar:1.10.1]
	at org.junit.platform.engine.support.hierarchical.Node.around(Node.java:137) ~[junit-platform-engine-1.10.1.jar:1.10.1]
	at org.junit.platform.engine.support.hierarchical.NodeTestTask.lambda$executeRecursively$9(NodeTestTask.java:139) ~[junit-platform-engine-1.10.1.jar:1.10.1]
	at org.junit.platform.engine.support.hierarchical.ThrowableCollector.execute(ThrowableCollector.java:73) ~[junit-platform-engine-1.10.1.jar:1.10.1]
	at org.junit.platform.engine.support.hierarchical.NodeTestTask.executeRecursively(NodeTestTask.java:138) ~[junit-platform-engine-1.10.1.jar:1.10.1]
	at org.junit.platform.engine.support.hierarchical.NodeTestTask.execute(NodeTestTask.java:95) ~[junit-platform-engine-1.10.1.jar:1.10.1]
	at java.base/java.util.ArrayList.forEach(ArrayList.java:1604) ~[na:na]
	at org.junit.platform.engine.support.hierarchical.SameThreadHierarchicalTestExecutorService.invokeAll(SameThreadHierarchicalTestExecutorService.java:41) ~[junit-platform-engine-1.10.1.jar:1.10.1]
	at org.junit.platform.engine.support.hierarchical.NodeTestTask.lambda$executeRecursively$6(NodeTestTask.java:155) ~[junit-platform-engine-1.10.1.jar:1.10.1]
	at org.junit.platform.engine.support.hierarchical.ThrowableCollector.execute(ThrowableCollector.java:73) ~[junit-platform-engine-1.10.1.jar:1.10.1]
	at org.junit.platform.engine.support.hierarchical.NodeTestTask.lambda$executeRecursively$8(NodeTestTask.java:141) ~[junit-platform-engine-1.10.1.jar:1.10.1]
	at org.junit.platform.engine.support.hierarchical.Node.around(Node.java:137) ~[junit-platform-engine-1.10.1.jar:1.10.1]
	at org.junit.platform.engine.support.hierarchical.NodeTestTask.lambda$executeRecursively$9(NodeTestTask.java:139) ~[junit-platform-engine-1.10.1.jar:1.10.1]
	at org.junit.platform.engine.support.hierarchical.ThrowableCollector.execute(ThrowableCollector.java:73) ~[junit-platform-engine-1.10.1.jar:1.10.1]
	at org.junit.platform.engine.support.hierarchical.NodeTestTask.executeRecursively(NodeTestTask.java:138) ~[junit-platform-engine-1.10.1.jar:1.10.1]
	at org.junit.platform.engine.support.hierarchical.NodeTestTask.execute(NodeTestTask.java:95) ~[junit-platform-engine-1.10.1.jar:1.10.1]
	at java.base/java.util.ArrayList.forEach(ArrayList.java:1604) ~[na:na]
	at org.junit.platform.engine.support.hierarchical.SameThreadHierarchicalTestExecutorService.invokeAll(SameThreadHierarchicalTestExecutorService.java:41) ~[junit-platform-engine-1.10.1.jar:1.10.1]
	at org.junit.platform.engine.support.hierarchical.NodeTestTask.lambda$executeRecursively$6(NodeTestTask.java:155) ~[junit-platform-engine-1.10.1.jar:1.10.1]
	at org.junit.platform.engine.support.hierarchical.ThrowableCollector.execute(ThrowableCollector.java:73) ~[junit-platform-engine-1.10.1.jar:1.10.1]
	at org.junit.platform.engine.support.hierarchical.NodeTestTask.lambda$executeRecursively$8(NodeTestTask.java:141) ~[junit-platform-engine-1.10.1.jar:1.10.1]
	at org.junit.platform.engine.support.hierarchical.Node.around(Node.java:137) ~[junit-platform-engine-1.10.1.jar:1.10.1]
	at org.junit.platform.engine.support.hierarchical.NodeTestTask.lambda$executeRecursively$9(NodeTestTask.java:139) ~[junit-platform-engine-1.10.1.jar:1.10.1]
	at org.junit.platform.engine.support.hierarchical.ThrowableCollector.execute(ThrowableCollector.java:73) ~[junit-platform-engine-1.10.1.jar:1.10.1]
	at org.junit.platform.engine.support.hierarchical.NodeTestTask.executeRecursively(NodeTestTask.java:138) ~[junit-platform-engine-1.10.1.jar:1.10.1]
	at org.junit.platform.engine.support.hierarchical.NodeTestTask.execute(NodeTestTask.java:95) ~[junit-platform-engine-1.10.1.jar:1.10.1]
	at org.junit.platform.engine.support.hierarchical.SameThreadHierarchicalTestExecutorService.submit(SameThreadHierarchicalTestExecutorService.java:35) ~[junit-platform-engine-1.10.1.jar:1.10.1]
	at org.junit.platform.engine.support.hierarchical.HierarchicalTestExecutor.execute(HierarchicalTestExecutor.java:57) ~[junit-platform-engine-1.10.1.jar:1.10.1]
	at org.junit.platform.engine.support.hierarchical.HierarchicalTestEngine.execute(HierarchicalTestEngine.java:54) ~[junit-platform-engine-1.10.1.jar:1.10.1]
	at org.junit.platform.launcher.core.EngineExecutionOrchestrator.execute(EngineExecutionOrchestrator.java:198) ~[junit-platform-launcher-1.10.1.jar:1.10.1]
	at org.junit.platform.launcher.core.EngineExecutionOrchestrator.execute(EngineExecutionOrchestrator.java:169) ~[junit-platform-launcher-1.10.1.jar:1.10.1]
	at org.junit.platform.launcher.core.EngineExecutionOrchestrator.execute(EngineExecutionOrchestrator.java:93) ~[junit-platform-launcher-1.10.1.jar:1.10.1]
	at org.junit.platform.launcher.core.EngineExecutionOrchestrator.lambda$execute$0(EngineExecutionOrchestrator.java:58) ~[junit-platform-launcher-1.10.1.jar:1.10.1]
	at org.junit.platform.launcher.core.EngineExecutionOrchestrator.withInterceptedStreams(EngineExecutionOrchestrator.java:141) ~[junit-platform-launcher-1.10.1.jar:1.10.1]
	at org.junit.platform.launcher.core.EngineExecutionOrchestrator.execute(EngineExecutionOrchestrator.java:57) ~[junit-platform-launcher-1.10.1.jar:1.10.1]
	at org.junit.platform.launcher.core.DefaultLauncher.execute(DefaultLauncher.java:103) ~[junit-platform-launcher-1.10.1.jar:1.10.1]
	at org.junit.platform.launcher.core.DefaultLauncher.execute(DefaultLauncher.java:85) ~[junit-platform-launcher-1.10.1.jar:1.10.1]
	at org.junit.platform.launcher.core.DelegatingLauncher.execute(DelegatingLauncher.java:47) ~[junit-platform-launcher-1.10.1.jar:1.10.1]
	at org.apache.maven.surefire.junitplatform.LazyLauncher.execute(LazyLauncher.java:56) ~[surefire-junit-platform-3.1.2.jar:3.1.2]
	at org.apache.maven.surefire.junitplatform.JUnitPlatformProvider.execute(JUnitPlatformProvider.java:184) ~[surefire-junit-platform-3.1.2.jar:3.1.2]
	at org.apache.maven.surefire.junitplatform.JUnitPlatformProvider.invokeAllTests(JUnitPlatformProvider.java:148) ~[surefire-junit-platform-3.1.2.jar:3.1.2]
	at org.apache.maven.surefire.junitplatform.JUnitPlatformProvider.invoke(JUnitPlatformProvider.java:122) ~[surefire-junit-platform-3.1.2.jar:3.1.2]
	at org.apache.maven.surefire.booter.ForkedBooter.runSuitesInProcess(ForkedBooter.java:385) ~[surefire-booter-3.1.2.jar:3.1.2]
	at org.apache.maven.surefire.booter.ForkedBooter.execute(ForkedBooter.java:162) ~[surefire-booter-3.1.2.jar:3.1.2]
	at org.apache.maven.surefire.booter.ForkedBooter.run(ForkedBooter.java:507) ~[surefire-booter-3.1.2.jar:3.1.2]
	at org.apache.maven.surefire.booter.ForkedBooter.main(ForkedBooter.java:495) ~[surefire-booter-3.1.2.jar:3.1.2]

2025-10-13T13:36:42.507+02:00  WARN 80616 --- [hexagonal-app] [           main] c.t.a.core.importer.ClassFileProcessor   : Error during import from jrt:/java.base/java/lang/Character.class, falling back to simple import

java.lang.IllegalArgumentException: Unsupported class file major version 69
	at com.tngtech.archunit.thirdparty.org.objectweb.asm.ClassReader.<init>(ClassReader.java:200) ~[archunit-1.3.0.jar:1.3.0]
	at com.tngtech.archunit.thirdparty.org.objectweb.asm.ClassReader.<init>(ClassReader.java:180) ~[archunit-1.3.0.jar:1.3.0]
	at com.tngtech.archunit.thirdparty.org.objectweb.asm.ClassReader.<init>(ClassReader.java:166) ~[archunit-1.3.0.jar:1.3.0]
	at com.tngtech.archunit.thirdparty.org.objectweb.asm.ClassReader.<init>(ClassReader.java:288) ~[archunit-1.3.0.jar:1.3.0]
	at com.tngtech.archunit.core.importer.ClassFileProcessor$UriImporterOfProcessor.tryImport(ClassFileProcessor.java:350) ~[archunit-1.3.0.jar:1.3.0]
	at com.tngtech.archunit.core.importer.resolvers.ClassResolverFromClasspath.tryResolve(ClassResolverFromClasspath.java:51) ~[archunit-1.3.0.jar:1.3.0]
	at com.tngtech.archunit.core.importer.ImportedClasses.resolve(ImportedClasses.java:80) ~[archunit-1.3.0.jar:1.3.0]
	at com.tngtech.archunit.core.importer.ImportedClasses.ensurePresent(ImportedClasses.java:75) ~[archunit-1.3.0.jar:1.3.0]
	at com.tngtech.archunit.core.importer.DependencyResolutionProcess.executeRun(DependencyResolutionProcess.java:146) ~[archunit-1.3.0.jar:1.3.0]
	at com.tngtech.archunit.core.importer.DependencyResolutionProcess.resolve(DependencyResolutionProcess.java:122) ~[archunit-1.3.0.jar:1.3.0]
	at com.tngtech.archunit.core.importer.ClassGraphCreator.complete(ClassGraphCreator.java:107) ~[archunit-1.3.0.jar:1.3.0]
	at com.tngtech.archunit.core.importer.ClassFileProcessor.process(ClassFileProcessor.java:75) ~[archunit-1.3.0.jar:1.3.0]
	at com.tngtech.archunit.core.importer.ClassFileImporter.importLocations(ClassFileImporter.java:325) ~[archunit-1.3.0.jar:1.3.0]
	at com.tngtech.archunit.junit.internal.ClassCache$CacheClassFileImporter.importClasses(ClassCache.java:126) ~[archunit-junit5-engine-1.3.0.jar:1.3.0]
	at com.tngtech.archunit.junit.internal.ClassCache$LazyJavaClasses.initialize(ClassCache.java:118) ~[archunit-junit5-engine-1.3.0.jar:1.3.0]
	at com.tngtech.archunit.junit.internal.ClassCache$LazyJavaClasses.get(ClassCache.java:107) ~[archunit-junit5-engine-1.3.0.jar:1.3.0]
	at com.tngtech.archunit.junit.internal.ClassCache.getClassesToAnalyzeFor(ClassCache.java:84) ~[archunit-junit5-engine-1.3.0.jar:1.3.0]
	at com.tngtech.archunit.junit.internal.ArchUnitTestDescriptor.lambda$createChildren$1(ArchUnitTestDescriptor.java:90) ~[archunit-junit5-engine-1.3.0.jar:1.3.0]
	at com.tngtech.archunit.junit.internal.ArchUnitTestDescriptor$ArchUnitRuleDescriptor.execute(ArchUnitTestDescriptor.java:167) ~[archunit-junit5-engine-1.3.0.jar:1.3.0]
	at com.tngtech.archunit.junit.internal.ArchUnitTestDescriptor$ArchUnitRuleDescriptor.execute(ArchUnitTestDescriptor.java:150) ~[archunit-junit5-engine-1.3.0.jar:1.3.0]
	at org.junit.platform.engine.support.hierarchical.NodeTestTask.lambda$executeRecursively$6(NodeTestTask.java:151) ~[junit-platform-engine-1.10.1.jar:1.10.1]
	at org.junit.platform.engine.support.hierarchical.ThrowableCollector.execute(ThrowableCollector.java:73) ~[junit-platform-engine-1.10.1.jar:1.10.1]
	at org.junit.platform.engine.support.hierarchical.NodeTestTask.lambda$executeRecursively$8(NodeTestTask.java:141) ~[junit-platform-engine-1.10.1.jar:1.10.1]
	at org.junit.platform.engine.support.hierarchical.Node.around(Node.java:137) ~[junit-platform-engine-1.10.1.jar:1.10.1]
	at org.junit.platform.engine.support.hierarchical.NodeTestTask.lambda$executeRecursively$9(NodeTestTask.java:139) ~[junit-platform-engine-1.10.1.jar:1.10.1]
	at org.junit.platform.engine.support.hierarchical.ThrowableCollector.execute(ThrowableCollector.java:73) ~[junit-platform-engine-1.10.1.jar:1.10.1]
	at org.junit.platform.engine.support.hierarchical.NodeTestTask.executeRecursively(NodeTestTask.java:138) ~[junit-platform-engine-1.10.1.jar:1.10.1]
	at org.junit.platform.engine.support.hierarchical.NodeTestTask.execute(NodeTestTask.java:95) ~[junit-platform-engine-1.10.1.jar:1.10.1]
	at java.base/java.util.ArrayList.forEach(ArrayList.java:1604) ~[na:na]
	at org.junit.platform.engine.support.hierarchical.SameThreadHierarchicalTestExecutorService.invokeAll(SameThreadHierarchicalTestExecutorService.java:41) ~[junit-platform-engine-1.10.1.jar:1.10.1]
	at org.junit.platform.engine.support.hierarchical.NodeTestTask.lambda$executeRecursively$6(NodeTestTask.java:155) ~[junit-platform-engine-1.10.1.jar:1.10.1]
	at org.junit.platform.engine.support.hierarchical.ThrowableCollector.execute(ThrowableCollector.java:73) ~[junit-platform-engine-1.10.1.jar:1.10.1]
	at org.junit.platform.engine.support.hierarchical.NodeTestTask.lambda$executeRecursively$8(NodeTestTask.java:141) ~[junit-platform-engine-1.10.1.jar:1.10.1]
	at org.junit.platform.engine.support.hierarchical.Node.around(Node.java:137) ~[junit-platform-engine-1.10.1.jar:1.10.1]
	at org.junit.platform.engine.support.hierarchical.NodeTestTask.lambda$executeRecursively$9(NodeTestTask.java:139) ~[junit-platform-engine-1.10.1.jar:1.10.1]
	at org.junit.platform.engine.support.hierarchical.ThrowableCollector.execute(ThrowableCollector.java:73) ~[junit-platform-engine-1.10.1.jar:1.10.1]
	at org.junit.platform.engine.support.hierarchical.NodeTestTask.executeRecursively(NodeTestTask.java:138) ~[junit-platform-engine-1.10.1.jar:1.10.1]
	at org.junit.platform.engine.support.hierarchical.NodeTestTask.execute(NodeTestTask.java:95) ~[junit-platform-engine-1.10.1.jar:1.10.1]
	at java.base/java.util.ArrayList.forEach(ArrayList.java:1604) ~[na:na]
	at org.junit.platform.engine.support.hierarchical.SameThreadHierarchicalTestExecutorService.invokeAll(SameThreadHierarchicalTestExecutorService.java:41) ~[junit-platform-engine-1.10.1.jar:1.10.1]
	at org.junit.platform.engine.support.hierarchical.NodeTestTask.lambda$executeRecursively$6(NodeTestTask.java:155) ~[junit-platform-engine-1.10.1.jar:1.10.1]
	at org.junit.platform.engine.support.hierarchical.ThrowableCollector.execute(ThrowableCollector.java:73) ~[junit-platform-engine-1.10.1.jar:1.10.1]
	at org.junit.platform.engine.support.hierarchical.NodeTestTask.lambda$executeRecursively$8(NodeTestTask.java:141) ~[junit-platform-engine-1.10.1.jar:1.10.1]
	at org.junit.platform.engine.support.hierarchical.Node.around(Node.java:137) ~[junit-platform-engine-1.10.1.jar:1.10.1]
	at org.junit.platform.engine.support.hierarchical.NodeTestTask.lambda$executeRecursively$9(NodeTestTask.java:139) ~[junit-platform-engine-1.10.1.jar:1.10.1]
	at org.junit.platform.engine.support.hierarchical.ThrowableCollector.execute(ThrowableCollector.java:73) ~[junit-platform-engine-1.10.1.jar:1.10.1]
	at org.junit.platform.engine.support.hierarchical.NodeTestTask.executeRecursively(NodeTestTask.java:138) ~[junit-platform-engine-1.10.1.jar:1.10.1]
	at org.junit.platform.engine.support.hierarchical.NodeTestTask.execute(NodeTestTask.java:95) ~[junit-platform-engine-1.10.1.jar:1.10.1]
	at org.junit.platform.engine.support.hierarchical.SameThreadHierarchicalTestExecutorService.submit(SameThreadHierarchicalTestExecutorService.java:35) ~[junit-platform-engine-1.10.1.jar:1.10.1]
	at org.junit.platform.engine.support.hierarchical.HierarchicalTestExecutor.execute(HierarchicalTestExecutor.java:57) ~[junit-platform-engine-1.10.1.jar:1.10.1]
	at org.junit.platform.engine.support.hierarchical.HierarchicalTestEngine.execute(HierarchicalTestEngine.java:54) ~[junit-platform-engine-1.10.1.jar:1.10.1]
	at org.junit.platform.launcher.core.EngineExecutionOrchestrator.execute(EngineExecutionOrchestrator.java:198) ~[junit-platform-launcher-1.10.1.jar:1.10.1]
	at org.junit.platform.launcher.core.EngineExecutionOrchestrator.execute(EngineExecutionOrchestrator.java:169) ~[junit-platform-launcher-1.10.1.jar:1.10.1]
	at org.junit.platform.launcher.core.EngineExecutionOrchestrator.execute(EngineExecutionOrchestrator.java:93) ~[junit-platform-launcher-1.10.1.jar:1.10.1]
	at org.junit.platform.launcher.core.EngineExecutionOrchestrator.lambda$execute$0(EngineExecutionOrchestrator.java:58) ~[junit-platform-launcher-1.10.1.jar:1.10.1]
	at org.junit.platform.launcher.core.EngineExecutionOrchestrator.withInterceptedStreams(EngineExecutionOrchestrator.java:141) ~[junit-platform-launcher-1.10.1.jar:1.10.1]
	at org.junit.platform.launcher.core.EngineExecutionOrchestrator.execute(EngineExecutionOrchestrator.java:57) ~[junit-platform-launcher-1.10.1.jar:1.10.1]
	at org.junit.platform.launcher.core.DefaultLauncher.execute(DefaultLauncher.java:103) ~[junit-platform-launcher-1.10.1.jar:1.10.1]
	at org.junit.platform.launcher.core.DefaultLauncher.execute(DefaultLauncher.java:85) ~[junit-platform-launcher-1.10.1.jar:1.10.1]
	at org.junit.platform.launcher.core.DelegatingLauncher.execute(DelegatingLauncher.java:47) ~[junit-platform-launcher-1.10.1.jar:1.10.1]
	at org.apache.maven.surefire.junitplatform.LazyLauncher.execute(LazyLauncher.java:56) ~[surefire-junit-platform-3.1.2.jar:3.1.2]
	at org.apache.maven.surefire.junitplatform.JUnitPlatformProvider.execute(JUnitPlatformProvider.java:184) ~[surefire-junit-platform-3.1.2.jar:3.1.2]
	at org.apache.maven.surefire.junitplatform.JUnitPlatformProvider.invokeAllTests(JUnitPlatformProvider.java:148) ~[surefire-junit-platform-3.1.2.jar:3.1.2]
	at org.apache.maven.surefire.junitplatform.JUnitPlatformProvider.invoke(JUnitPlatformProvider.java:122) ~[surefire-junit-platform-3.1.2.jar:3.1.2]
	at org.apache.maven.surefire.booter.ForkedBooter.runSuitesInProcess(ForkedBooter.java:385) ~[surefire-booter-3.1.2.jar:3.1.2]
	at org.apache.maven.surefire.booter.ForkedBooter.execute(ForkedBooter.java:162) ~[surefire-booter-3.1.2.jar:3.1.2]
	at org.apache.maven.surefire.booter.ForkedBooter.run(ForkedBooter.java:507) ~[surefire-booter-3.1.2.jar:3.1.2]
	at org.apache.maven.surefire.booter.ForkedBooter.main(ForkedBooter.java:495) ~[surefire-booter-3.1.2.jar:3.1.2]

2025-10-13T13:36:42.512+02:00  WARN 80616 --- [hexagonal-app] [           main] c.t.a.core.importer.ClassFileProcessor   : Error during import from jrt:/java.base/java/io/Serializable.class, falling back to simple import

java.lang.IllegalArgumentException: Unsupported class file major version 69
	at com.tngtech.archunit.thirdparty.org.objectweb.asm.ClassReader.<init>(ClassReader.java:200) ~[archunit-1.3.0.jar:1.3.0]
	at com.tngtech.archunit.thirdparty.org.objectweb.asm.ClassReader.<init>(ClassReader.java:180) ~[archunit-1.3.0.jar:1.3.0]
	at com.tngtech.archunit.thirdparty.org.objectweb.asm.ClassReader.<init>(ClassReader.java:166) ~[archunit-1.3.0.jar:1.3.0]
	at com.tngtech.archunit.thirdparty.org.objectweb.asm.ClassReader.<init>(ClassReader.java:288) ~[archunit-1.3.0.jar:1.3.0]
	at com.tngtech.archunit.core.importer.ClassFileProcessor$UriImporterOfProcessor.tryImport(ClassFileProcessor.java:350) ~[archunit-1.3.0.jar:1.3.0]
	at com.tngtech.archunit.core.importer.resolvers.ClassResolverFromClasspath.tryResolve(ClassResolverFromClasspath.java:51) ~[archunit-1.3.0.jar:1.3.0]
	at com.tngtech.archunit.core.importer.ImportedClasses.resolve(ImportedClasses.java:80) ~[archunit-1.3.0.jar:1.3.0]
	at com.tngtech.archunit.core.importer.ImportedClasses.ensurePresent(ImportedClasses.java:75) ~[archunit-1.3.0.jar:1.3.0]
	at com.tngtech.archunit.core.importer.DependencyResolutionProcess.executeRun(DependencyResolutionProcess.java:146) ~[archunit-1.3.0.jar:1.3.0]
	at com.tngtech.archunit.core.importer.DependencyResolutionProcess.resolve(DependencyResolutionProcess.java:122) ~[archunit-1.3.0.jar:1.3.0]
	at com.tngtech.archunit.core.importer.ClassGraphCreator.complete(ClassGraphCreator.java:107) ~[archunit-1.3.0.jar:1.3.0]
	at com.tngtech.archunit.core.importer.ClassFileProcessor.process(ClassFileProcessor.java:75) ~[archunit-1.3.0.jar:1.3.0]
	at com.tngtech.archunit.core.importer.ClassFileImporter.importLocations(ClassFileImporter.java:325) ~[archunit-1.3.0.jar:1.3.0]
	at com.tngtech.archunit.junit.internal.ClassCache$CacheClassFileImporter.importClasses(ClassCache.java:126) ~[archunit-junit5-engine-1.3.0.jar:1.3.0]
	at com.tngtech.archunit.junit.internal.ClassCache$LazyJavaClasses.initialize(ClassCache.java:118) ~[archunit-junit5-engine-1.3.0.jar:1.3.0]
	at com.tngtech.archunit.junit.internal.ClassCache$LazyJavaClasses.get(ClassCache.java:107) ~[archunit-junit5-engine-1.3.0.jar:1.3.0]
	at com.tngtech.archunit.junit.internal.ClassCache.getClassesToAnalyzeFor(ClassCache.java:84) ~[archunit-junit5-engine-1.3.0.jar:1.3.0]
	at com.tngtech.archunit.junit.internal.ArchUnitTestDescriptor.lambda$createChildren$1(ArchUnitTestDescriptor.java:90) ~[archunit-junit5-engine-1.3.0.jar:1.3.0]
	at com.tngtech.archunit.junit.internal.ArchUnitTestDescriptor$ArchUnitRuleDescriptor.execute(ArchUnitTestDescriptor.java:167) ~[archunit-junit5-engine-1.3.0.jar:1.3.0]
	at com.tngtech.archunit.junit.internal.ArchUnitTestDescriptor$ArchUnitRuleDescriptor.execute(ArchUnitTestDescriptor.java:150) ~[archunit-junit5-engine-1.3.0.jar:1.3.0]
	at org.junit.platform.engine.support.hierarchical.NodeTestTask.lambda$executeRecursively$6(NodeTestTask.java:151) ~[junit-platform-engine-1.10.1.jar:1.10.1]
	at org.junit.platform.engine.support.hierarchical.ThrowableCollector.execute(ThrowableCollector.java:73) ~[junit-platform-engine-1.10.1.jar:1.10.1]
	at org.junit.platform.engine.support.hierarchical.NodeTestTask.lambda$executeRecursively$8(NodeTestTask.java:141) ~[junit-platform-engine-1.10.1.jar:1.10.1]
	at org.junit.platform.engine.support.hierarchical.Node.around(Node.java:137) ~[junit-platform-engine-1.10.1.jar:1.10.1]
	at org.junit.platform.engine.support.hierarchical.NodeTestTask.lambda$executeRecursively$9(NodeTestTask.java:139) ~[junit-platform-engine-1.10.1.jar:1.10.1]
	at org.junit.platform.engine.support.hierarchical.ThrowableCollector.execute(ThrowableCollector.java:73) ~[junit-platform-engine-1.10.1.jar:1.10.1]
	at org.junit.platform.engine.support.hierarchical.NodeTestTask.executeRecursively(NodeTestTask.java:138) ~[junit-platform-engine-1.10.1.jar:1.10.1]
	at org.junit.platform.engine.support.hierarchical.NodeTestTask.execute(NodeTestTask.java:95) ~[junit-platform-engine-1.10.1.jar:1.10.1]
	at java.base/java.util.ArrayList.forEach(ArrayList.java:1604) ~[na:na]
	at org.junit.platform.engine.support.hierarchical.SameThreadHierarchicalTestExecutorService.invokeAll(SameThreadHierarchicalTestExecutorService.java:41) ~[junit-platform-engine-1.10.1.jar:1.10.1]
	at org.junit.platform.engine.support.hierarchical.NodeTestTask.lambda$executeRecursively$6(NodeTestTask.java:155) ~[junit-platform-engine-1.10.1.jar:1.10.1]
	at org.junit.platform.engine.support.hierarchical.ThrowableCollector.execute(ThrowableCollector.java:73) ~[junit-platform-engine-1.10.1.jar:1.10.1]
	at org.junit.platform.engine.support.hierarchical.NodeTestTask.lambda$executeRecursively$8(NodeTestTask.java:141) ~[junit-platform-engine-1.10.1.jar:1.10.1]
	at org.junit.platform.engine.support.hierarchical.Node.around(Node.java:137) ~[junit-platform-engine-1.10.1.jar:1.10.1]
	at org.junit.platform.engine.support.hierarchical.NodeTestTask.lambda$executeRecursively$9(NodeTestTask.java:139) ~[junit-platform-engine-1.10.1.jar:1.10.1]
	at org.junit.platform.engine.support.hierarchical.ThrowableCollector.execute(ThrowableCollector.java:73) ~[junit-platform-engine-1.10.1.jar:1.10.1]
	at org.junit.platform.engine.support.hierarchical.NodeTestTask.executeRecursively(NodeTestTask.java:138) ~[junit-platform-engine-1.10.1.jar:1.10.1]
	at org.junit.platform.engine.support.hierarchical.NodeTestTask.execute(NodeTestTask.java:95) ~[junit-platform-engine-1.10.1.jar:1.10.1]
	at java.base/java.util.ArrayList.forEach(ArrayList.java:1604) ~[na:na]
	at org.junit.platform.engine.support.hierarchical.SameThreadHierarchicalTestExecutorService.invokeAll(SameThreadHierarchicalTestExecutorService.java:41) ~[junit-platform-engine-1.10.1.jar:1.10.1]
	at org.junit.platform.engine.support.hierarchical.NodeTestTask.lambda$executeRecursively$6(NodeTestTask.java:155) ~[junit-platform-engine-1.10.1.jar:1.10.1]
	at org.junit.platform.engine.support.hierarchical.ThrowableCollector.execute(ThrowableCollector.java:73) ~[junit-platform-engine-1.10.1.jar:1.10.1]
	at org.junit.platform.engine.support.hierarchical.NodeTestTask.lambda$executeRecursively$8(NodeTestTask.java:141) ~[junit-platform-engine-1.10.1.jar:1.10.1]
	at org.junit.platform.engine.support.hierarchical.Node.around(Node.java:137) ~[junit-platform-engine-1.10.1.jar:1.10.1]
	at org.junit.platform.engine.support.hierarchical.NodeTestTask.lambda$executeRecursively$9(NodeTestTask.java:139) ~[junit-platform-engine-1.10.1.jar:1.10.1]
	at org.junit.platform.engine.support.hierarchical.ThrowableCollector.execute(ThrowableCollector.java:73) ~[junit-platform-engine-1.10.1.jar:1.10.1]
	at org.junit.platform.engine.support.hierarchical.NodeTestTask.executeRecursively(NodeTestTask.java:138) ~[junit-platform-engine-1.10.1.jar:1.10.1]
	at org.junit.platform.engine.support.hierarchical.NodeTestTask.execute(NodeTestTask.java:95) ~[junit-platform-engine-1.10.1.jar:1.10.1]
	at org.junit.platform.engine.support.hierarchical.SameThreadHierarchicalTestExecutorService.submit(SameThreadHierarchicalTestExecutorService.java:35) ~[junit-platform-engine-1.10.1.jar:1.10.1]
	at org.junit.platform.engine.support.hierarchical.HierarchicalTestExecutor.execute(HierarchicalTestExecutor.java:57) ~[junit-platform-engine-1.10.1.jar:1.10.1]
	at org.junit.platform.engine.support.hierarchical.HierarchicalTestEngine.execute(HierarchicalTestEngine.java:54) ~[junit-platform-engine-1.10.1.jar:1.10.1]
	at org.junit.platform.launcher.core.EngineExecutionOrchestrator.execute(EngineExecutionOrchestrator.java:198) ~[junit-platform-launcher-1.10.1.jar:1.10.1]
	at org.junit.platform.launcher.core.EngineExecutionOrchestrator.execute(EngineExecutionOrchestrator.java:169) ~[junit-platform-launcher-1.10.1.jar:1.10.1]
	at org.junit.platform.launcher.core.EngineExecutionOrchestrator.execute(EngineExecutionOrchestrator.java:93) ~[junit-platform-launcher-1.10.1.jar:1.10.1]
	at org.junit.platform.launcher.core.EngineExecutionOrchestrator.lambda$execute$0(EngineExecutionOrchestrator.java:58) ~[junit-platform-launcher-1.10.1.jar:1.10.1]
	at org.junit.platform.launcher.core.EngineExecutionOrchestrator.withInterceptedStreams(EngineExecutionOrchestrator.java:141) ~[junit-platform-launcher-1.10.1.jar:1.10.1]
	at org.junit.platform.launcher.core.EngineExecutionOrchestrator.execute(EngineExecutionOrchestrator.java:57) ~[junit-platform-launcher-1.10.1.jar:1.10.1]
	at org.junit.platform.launcher.core.DefaultLauncher.execute(DefaultLauncher.java:103) ~[junit-platform-launcher-1.10.1.jar:1.10.1]
	at org.junit.platform.launcher.core.DefaultLauncher.execute(DefaultLauncher.java:85) ~[junit-platform-launcher-1.10.1.jar:1.10.1]
	at org.junit.platform.launcher.core.DelegatingLauncher.execute(DelegatingLauncher.java:47) ~[junit-platform-launcher-1.10.1.jar:1.10.1]
	at org.apache.maven.surefire.junitplatform.LazyLauncher.execute(LazyLauncher.java:56) ~[surefire-junit-platform-3.1.2.jar:3.1.2]
	at org.apache.maven.surefire.junitplatform.JUnitPlatformProvider.execute(JUnitPlatformProvider.java:184) ~[surefire-junit-platform-3.1.2.jar:3.1.2]
	at org.apache.maven.surefire.junitplatform.JUnitPlatformProvider.invokeAllTests(JUnitPlatformProvider.java:148) ~[surefire-junit-platform-3.1.2.jar:3.1.2]
	at org.apache.maven.surefire.junitplatform.JUnitPlatformProvider.invoke(JUnitPlatformProvider.java:122) ~[surefire-junit-platform-3.1.2.jar:3.1.2]
	at org.apache.maven.surefire.booter.ForkedBooter.runSuitesInProcess(ForkedBooter.java:385) ~[surefire-booter-3.1.2.jar:3.1.2]
	at org.apache.maven.surefire.booter.ForkedBooter.execute(ForkedBooter.java:162) ~[surefire-booter-3.1.2.jar:3.1.2]
	at org.apache.maven.surefire.booter.ForkedBooter.run(ForkedBooter.java:507) ~[surefire-booter-3.1.2.jar:3.1.2]
	at org.apache.maven.surefire.booter.ForkedBooter.main(ForkedBooter.java:495) ~[surefire-booter-3.1.2.jar:3.1.2]

2025-10-13T13:36:42.513+02:00  WARN 80616 --- [hexagonal-app] [           main] c.t.a.core.importer.ClassFileProcessor   : Error during import from jrt:/java.base/java/lang/Double.class, falling back to simple import

java.lang.IllegalArgumentException: Unsupported class file major version 69
	at com.tngtech.archunit.thirdparty.org.objectweb.asm.ClassReader.<init>(ClassReader.java:200) ~[archunit-1.3.0.jar:1.3.0]
	at com.tngtech.archunit.thirdparty.org.objectweb.asm.ClassReader.<init>(ClassReader.java:180) ~[archunit-1.3.0.jar:1.3.0]
	at com.tngtech.archunit.thirdparty.org.objectweb.asm.ClassReader.<init>(ClassReader.java:166) ~[archunit-1.3.0.jar:1.3.0]
	at com.tngtech.archunit.thirdparty.org.objectweb.asm.ClassReader.<init>(ClassReader.java:288) ~[archunit-1.3.0.jar:1.3.0]
	at com.tngtech.archunit.core.importer.ClassFileProcessor$UriImporterOfProcessor.tryImport(ClassFileProcessor.java:350) ~[archunit-1.3.0.jar:1.3.0]
	at com.tngtech.archunit.core.importer.resolvers.ClassResolverFromClasspath.tryResolve(ClassResolverFromClasspath.java:51) ~[archunit-1.3.0.jar:1.3.0]
	at com.tngtech.archunit.core.importer.ImportedClasses.resolve(ImportedClasses.java:80) ~[archunit-1.3.0.jar:1.3.0]
	at com.tngtech.archunit.core.importer.ImportedClasses.ensurePresent(ImportedClasses.java:75) ~[archunit-1.3.0.jar:1.3.0]
	at com.tngtech.archunit.core.importer.DependencyResolutionProcess.executeRun(DependencyResolutionProcess.java:146) ~[archunit-1.3.0.jar:1.3.0]
	at com.tngtech.archunit.core.importer.DependencyResolutionProcess.resolve(DependencyResolutionProcess.java:122) ~[archunit-1.3.0.jar:1.3.0]
	at com.tngtech.archunit.core.importer.ClassGraphCreator.complete(ClassGraphCreator.java:107) ~[archunit-1.3.0.jar:1.3.0]
	at com.tngtech.archunit.core.importer.ClassFileProcessor.process(ClassFileProcessor.java:75) ~[archunit-1.3.0.jar:1.3.0]
	at com.tngtech.archunit.core.importer.ClassFileImporter.importLocations(ClassFileImporter.java:325) ~[archunit-1.3.0.jar:1.3.0]
	at com.tngtech.archunit.junit.internal.ClassCache$CacheClassFileImporter.importClasses(ClassCache.java:126) ~[archunit-junit5-engine-1.3.0.jar:1.3.0]
	at com.tngtech.archunit.junit.internal.ClassCache$LazyJavaClasses.initialize(ClassCache.java:118) ~[archunit-junit5-engine-1.3.0.jar:1.3.0]
	at com.tngtech.archunit.junit.internal.ClassCache$LazyJavaClasses.get(ClassCache.java:107) ~[archunit-junit5-engine-1.3.0.jar:1.3.0]
	at com.tngtech.archunit.junit.internal.ClassCache.getClassesToAnalyzeFor(ClassCache.java:84) ~[archunit-junit5-engine-1.3.0.jar:1.3.0]
	at com.tngtech.archunit.junit.internal.ArchUnitTestDescriptor.lambda$createChildren$1(ArchUnitTestDescriptor.java:90) ~[archunit-junit5-engine-1.3.0.jar:1.3.0]
	at com.tngtech.archunit.junit.internal.ArchUnitTestDescriptor$ArchUnitRuleDescriptor.execute(ArchUnitTestDescriptor.java:167) ~[archunit-junit5-engine-1.3.0.jar:1.3.0]
	at com.tngtech.archunit.junit.internal.ArchUnitTestDescriptor$ArchUnitRuleDescriptor.execute(ArchUnitTestDescriptor.java:150) ~[archunit-junit5-engine-1.3.0.jar:1.3.0]
	at org.junit.platform.engine.support.hierarchical.NodeTestTask.lambda$executeRecursively$6(NodeTestTask.java:151) ~[junit-platform-engine-1.10.1.jar:1.10.1]
	at org.junit.platform.engine.support.hierarchical.ThrowableCollector.execute(ThrowableCollector.java:73) ~[junit-platform-engine-1.10.1.jar:1.10.1]
	at org.junit.platform.engine.support.hierarchical.NodeTestTask.lambda$executeRecursively$8(NodeTestTask.java:141) ~[junit-platform-engine-1.10.1.jar:1.10.1]
	at org.junit.platform.engine.support.hierarchical.Node.around(Node.java:137) ~[junit-platform-engine-1.10.1.jar:1.10.1]
	at org.junit.platform.engine.support.hierarchical.NodeTestTask.lambda$executeRecursively$9(NodeTestTask.java:139) ~[junit-platform-engine-1.10.1.jar:1.10.1]
	at org.junit.platform.engine.support.hierarchical.ThrowableCollector.execute(ThrowableCollector.java:73) ~[junit-platform-engine-1.10.1.jar:1.10.1]
	at org.junit.platform.engine.support.hierarchical.NodeTestTask.executeRecursively(NodeTestTask.java:138) ~[junit-platform-engine-1.10.1.jar:1.10.1]
	at org.junit.platform.engine.support.hierarchical.NodeTestTask.execute(NodeTestTask.java:95) ~[junit-platform-engine-1.10.1.jar:1.10.1]
	at java.base/java.util.ArrayList.forEach(ArrayList.java:1604) ~[na:na]
	at org.junit.platform.engine.support.hierarchical.SameThreadHierarchicalTestExecutorService.invokeAll(SameThreadHierarchicalTestExecutorService.java:41) ~[junit-platform-engine-1.10.1.jar:1.10.1]
	at org.junit.platform.engine.support.hierarchical.NodeTestTask.lambda$executeRecursively$6(NodeTestTask.java:155) ~[junit-platform-engine-1.10.1.jar:1.10.1]
	at org.junit.platform.engine.support.hierarchical.ThrowableCollector.execute(ThrowableCollector.java:73) ~[junit-platform-engine-1.10.1.jar:1.10.1]
	at org.junit.platform.engine.support.hierarchical.NodeTestTask.lambda$executeRecursively$8(NodeTestTask.java:141) ~[junit-platform-engine-1.10.1.jar:1.10.1]
	at org.junit.platform.engine.support.hierarchical.Node.around(Node.java:137) ~[junit-platform-engine-1.10.1.jar:1.10.1]
	at org.junit.platform.engine.support.hierarchical.NodeTestTask.lambda$executeRecursively$9(NodeTestTask.java:139) ~[junit-platform-engine-1.10.1.jar:1.10.1]
	at org.junit.platform.engine.support.hierarchical.ThrowableCollector.execute(ThrowableCollector.java:73) ~[junit-platform-engine-1.10.1.jar:1.10.1]
	at org.junit.platform.engine.support.hierarchical.NodeTestTask.executeRecursively(NodeTestTask.java:138) ~[junit-platform-engine-1.10.1.jar:1.10.1]
	at org.junit.platform.engine.support.hierarchical.NodeTestTask.execute(NodeTestTask.java:95) ~[junit-platform-engine-1.10.1.jar:1.10.1]
	at java.base/java.util.ArrayList.forEach(ArrayList.java:1604) ~[na:na]
	at org.junit.platform.engine.support.hierarchical.SameThreadHierarchicalTestExecutorService.invokeAll(SameThreadHierarchicalTestExecutorService.java:41) ~[junit-platform-engine-1.10.1.jar:1.10.1]
	at org.junit.platform.engine.support.hierarchical.NodeTestTask.lambda$executeRecursively$6(NodeTestTask.java:155) ~[junit-platform-engine-1.10.1.jar:1.10.1]
	at org.junit.platform.engine.support.hierarchical.ThrowableCollector.execute(ThrowableCollector.java:73) ~[junit-platform-engine-1.10.1.jar:1.10.1]
	at org.junit.platform.engine.support.hierarchical.NodeTestTask.lambda$executeRecursively$8(NodeTestTask.java:141) ~[junit-platform-engine-1.10.1.jar:1.10.1]
	at org.junit.platform.engine.support.hierarchical.Node.around(Node.java:137) ~[junit-platform-engine-1.10.1.jar:1.10.1]
	at org.junit.platform.engine.support.hierarchical.NodeTestTask.lambda$executeRecursively$9(NodeTestTask.java:139) ~[junit-platform-engine-1.10.1.jar:1.10.1]
	at org.junit.platform.engine.support.hierarchical.ThrowableCollector.execute(ThrowableCollector.java:73) ~[junit-platform-engine-1.10.1.jar:1.10.1]
	at org.junit.platform.engine.support.hierarchical.NodeTestTask.executeRecursively(NodeTestTask.java:138) ~[junit-platform-engine-1.10.1.jar:1.10.1]
	at org.junit.platform.engine.support.hierarchical.NodeTestTask.execute(NodeTestTask.java:95) ~[junit-platform-engine-1.10.1.jar:1.10.1]
	at org.junit.platform.engine.support.hierarchical.SameThreadHierarchicalTestExecutorService.submit(SameThreadHierarchicalTestExecutorService.java:35) ~[junit-platform-engine-1.10.1.jar:1.10.1]
	at org.junit.platform.engine.support.hierarchical.HierarchicalTestExecutor.execute(HierarchicalTestExecutor.java:57) ~[junit-platform-engine-1.10.1.jar:1.10.1]
	at org.junit.platform.engine.support.hierarchical.HierarchicalTestEngine.execute(HierarchicalTestEngine.java:54) ~[junit-platform-engine-1.10.1.jar:1.10.1]
	at org.junit.platform.launcher.core.EngineExecutionOrchestrator.execute(EngineExecutionOrchestrator.java:198) ~[junit-platform-launcher-1.10.1.jar:1.10.1]
	at org.junit.platform.launcher.core.EngineExecutionOrchestrator.execute(EngineExecutionOrchestrator.java:169) ~[junit-platform-launcher-1.10.1.jar:1.10.1]
	at org.junit.platform.launcher.core.EngineExecutionOrchestrator.execute(EngineExecutionOrchestrator.java:93) ~[junit-platform-launcher-1.10.1.jar:1.10.1]
	at org.junit.platform.launcher.core.EngineExecutionOrchestrator.lambda$execute$0(EngineExecutionOrchestrator.java:58) ~[junit-platform-launcher-1.10.1.jar:1.10.1]
	at org.junit.platform.launcher.core.EngineExecutionOrchestrator.withInterceptedStreams(EngineExecutionOrchestrator.java:141) ~[junit-platform-launcher-1.10.1.jar:1.10.1]
	at org.junit.platform.launcher.core.EngineExecutionOrchestrator.execute(EngineExecutionOrchestrator.java:57) ~[junit-platform-launcher-1.10.1.jar:1.10.1]
	at org.junit.platform.launcher.core.DefaultLauncher.execute(DefaultLauncher.java:103) ~[junit-platform-launcher-1.10.1.jar:1.10.1]
	at org.junit.platform.launcher.core.DefaultLauncher.execute(DefaultLauncher.java:85) ~[junit-platform-launcher-1.10.1.jar:1.10.1]
	at org.junit.platform.launcher.core.DelegatingLauncher.execute(DelegatingLauncher.java:47) ~[junit-platform-launcher-1.10.1.jar:1.10.1]
	at org.apache.maven.surefire.junitplatform.LazyLauncher.execute(LazyLauncher.java:56) ~[surefire-junit-platform-3.1.2.jar:3.1.2]
	at org.apache.maven.surefire.junitplatform.JUnitPlatformProvider.execute(JUnitPlatformProvider.java:184) ~[surefire-junit-platform-3.1.2.jar:3.1.2]
	at org.apache.maven.surefire.junitplatform.JUnitPlatformProvider.invokeAllTests(JUnitPlatformProvider.java:148) ~[surefire-junit-platform-3.1.2.jar:3.1.2]
	at org.apache.maven.surefire.junitplatform.JUnitPlatformProvider.invoke(JUnitPlatformProvider.java:122) ~[surefire-junit-platform-3.1.2.jar:3.1.2]
	at org.apache.maven.surefire.booter.ForkedBooter.runSuitesInProcess(ForkedBooter.java:385) ~[surefire-booter-3.1.2.jar:3.1.2]
	at org.apache.maven.surefire.booter.ForkedBooter.execute(ForkedBooter.java:162) ~[surefire-booter-3.1.2.jar:3.1.2]
	at org.apache.maven.surefire.booter.ForkedBooter.run(ForkedBooter.java:507) ~[surefire-booter-3.1.2.jar:3.1.2]
	at org.apache.maven.surefire.booter.ForkedBooter.main(ForkedBooter.java:495) ~[surefire-booter-3.1.2.jar:3.1.2]

2025-10-13T13:36:42.514+02:00  WARN 80616 --- [hexagonal-app] [           main] c.t.a.core.importer.ClassFileProcessor   : Error during import from jrt:/java.xml/javax/xml/transform/Source.class, falling back to simple import

java.lang.IllegalArgumentException: Unsupported class file major version 69
	at com.tngtech.archunit.thirdparty.org.objectweb.asm.ClassReader.<init>(ClassReader.java:200) ~[archunit-1.3.0.jar:1.3.0]
	at com.tngtech.archunit.thirdparty.org.objectweb.asm.ClassReader.<init>(ClassReader.java:180) ~[archunit-1.3.0.jar:1.3.0]
	at com.tngtech.archunit.thirdparty.org.objectweb.asm.ClassReader.<init>(ClassReader.java:166) ~[archunit-1.3.0.jar:1.3.0]
	at com.tngtech.archunit.thirdparty.org.objectweb.asm.ClassReader.<init>(ClassReader.java:288) ~[archunit-1.3.0.jar:1.3.0]
	at com.tngtech.archunit.core.importer.ClassFileProcessor$UriImporterOfProcessor.tryImport(ClassFileProcessor.java:350) ~[archunit-1.3.0.jar:1.3.0]
	at com.tngtech.archunit.core.importer.resolvers.ClassResolverFromClasspath.tryResolve(ClassResolverFromClasspath.java:51) ~[archunit-1.3.0.jar:1.3.0]
	at com.tngtech.archunit.core.importer.ImportedClasses.resolve(ImportedClasses.java:80) ~[archunit-1.3.0.jar:1.3.0]
	at com.tngtech.archunit.core.importer.ImportedClasses.ensurePresent(ImportedClasses.java:75) ~[archunit-1.3.0.jar:1.3.0]
	at com.tngtech.archunit.core.importer.DependencyResolutionProcess.executeRun(DependencyResolutionProcess.java:146) ~[archunit-1.3.0.jar:1.3.0]
	at com.tngtech.archunit.core.importer.DependencyResolutionProcess.resolve(DependencyResolutionProcess.java:122) ~[archunit-1.3.0.jar:1.3.0]
	at com.tngtech.archunit.core.importer.ClassGraphCreator.complete(ClassGraphCreator.java:107) ~[archunit-1.3.0.jar:1.3.0]
	at com.tngtech.archunit.core.importer.ClassFileProcessor.process(ClassFileProcessor.java:75) ~[archunit-1.3.0.jar:1.3.0]
	at com.tngtech.archunit.core.importer.ClassFileImporter.importLocations(ClassFileImporter.java:325) ~[archunit-1.3.0.jar:1.3.0]
	at com.tngtech.archunit.junit.internal.ClassCache$CacheClassFileImporter.importClasses(ClassCache.java:126) ~[archunit-junit5-engine-1.3.0.jar:1.3.0]
	at com.tngtech.archunit.junit.internal.ClassCache$LazyJavaClasses.initialize(ClassCache.java:118) ~[archunit-junit5-engine-1.3.0.jar:1.3.0]
	at com.tngtech.archunit.junit.internal.ClassCache$LazyJavaClasses.get(ClassCache.java:107) ~[archunit-junit5-engine-1.3.0.jar:1.3.0]
	at com.tngtech.archunit.junit.internal.ClassCache.getClassesToAnalyzeFor(ClassCache.java:84) ~[archunit-junit5-engine-1.3.0.jar:1.3.0]
	at com.tngtech.archunit.junit.internal.ArchUnitTestDescriptor.lambda$createChildren$1(ArchUnitTestDescriptor.java:90) ~[archunit-junit5-engine-1.3.0.jar:1.3.0]
	at com.tngtech.archunit.junit.internal.ArchUnitTestDescriptor$ArchUnitRuleDescriptor.execute(ArchUnitTestDescriptor.java:167) ~[archunit-junit5-engine-1.3.0.jar:1.3.0]
	at com.tngtech.archunit.junit.internal.ArchUnitTestDescriptor$ArchUnitRuleDescriptor.execute(ArchUnitTestDescriptor.java:150) ~[archunit-junit5-engine-1.3.0.jar:1.3.0]
	at org.junit.platform.engine.support.hierarchical.NodeTestTask.lambda$executeRecursively$6(NodeTestTask.java:151) ~[junit-platform-engine-1.10.1.jar:1.10.1]
	at org.junit.platform.engine.support.hierarchical.ThrowableCollector.execute(ThrowableCollector.java:73) ~[junit-platform-engine-1.10.1.jar:1.10.1]
	at org.junit.platform.engine.support.hierarchical.NodeTestTask.lambda$executeRecursively$8(NodeTestTask.java:141) ~[junit-platform-engine-1.10.1.jar:1.10.1]
	at org.junit.platform.engine.support.hierarchical.Node.around(Node.java:137) ~[junit-platform-engine-1.10.1.jar:1.10.1]
	at org.junit.platform.engine.support.hierarchical.NodeTestTask.lambda$executeRecursively$9(NodeTestTask.java:139) ~[junit-platform-engine-1.10.1.jar:1.10.1]
	at org.junit.platform.engine.support.hierarchical.ThrowableCollector.execute(ThrowableCollector.java:73) ~[junit-platform-engine-1.10.1.jar:1.10.1]
	at org.junit.platform.engine.support.hierarchical.NodeTestTask.executeRecursively(NodeTestTask.java:138) ~[junit-platform-engine-1.10.1.jar:1.10.1]
	at org.junit.platform.engine.support.hierarchical.NodeTestTask.execute(NodeTestTask.java:95) ~[junit-platform-engine-1.10.1.jar:1.10.1]
	at java.base/java.util.ArrayList.forEach(ArrayList.java:1604) ~[na:na]
	at org.junit.platform.engine.support.hierarchical.SameThreadHierarchicalTestExecutorService.invokeAll(SameThreadHierarchicalTestExecutorService.java:41) ~[junit-platform-engine-1.10.1.jar:1.10.1]
	at org.junit.platform.engine.support.hierarchical.NodeTestTask.lambda$executeRecursively$6(NodeTestTask.java:155) ~[junit-platform-engine-1.10.1.jar:1.10.1]
	at org.junit.platform.engine.support.hierarchical.ThrowableCollector.execute(ThrowableCollector.java:73) ~[junit-platform-engine-1.10.1.jar:1.10.1]
	at org.junit.platform.engine.support.hierarchical.NodeTestTask.lambda$executeRecursively$8(NodeTestTask.java:141) ~[junit-platform-engine-1.10.1.jar:1.10.1]
	at org.junit.platform.engine.support.hierarchical.Node.around(Node.java:137) ~[junit-platform-engine-1.10.1.jar:1.10.1]
	at org.junit.platform.engine.support.hierarchical.NodeTestTask.lambda$executeRecursively$9(NodeTestTask.java:139) ~[junit-platform-engine-1.10.1.jar:1.10.1]
	at org.junit.platform.engine.support.hierarchical.ThrowableCollector.execute(ThrowableCollector.java:73) ~[junit-platform-engine-1.10.1.jar:1.10.1]
	at org.junit.platform.engine.support.hierarchical.NodeTestTask.executeRecursively(NodeTestTask.java:138) ~[junit-platform-engine-1.10.1.jar:1.10.1]
	at org.junit.platform.engine.support.hierarchical.NodeTestTask.execute(NodeTestTask.java:95) ~[junit-platform-engine-1.10.1.jar:1.10.1]
	at java.base/java.util.ArrayList.forEach(ArrayList.java:1604) ~[na:na]
	at org.junit.platform.engine.support.hierarchical.SameThreadHierarchicalTestExecutorService.invokeAll(SameThreadHierarchicalTestExecutorService.java:41) ~[junit-platform-engine-1.10.1.jar:1.10.1]
	at org.junit.platform.engine.support.hierarchical.NodeTestTask.lambda$executeRecursively$6(NodeTestTask.java:155) ~[junit-platform-engine-1.10.1.jar:1.10.1]
	at org.junit.platform.engine.support.hierarchical.ThrowableCollector.execute(ThrowableCollector.java:73) ~[junit-platform-engine-1.10.1.jar:1.10.1]
	at org.junit.platform.engine.support.hierarchical.NodeTestTask.lambda$executeRecursively$8(NodeTestTask.java:141) ~[junit-platform-engine-1.10.1.jar:1.10.1]
	at org.junit.platform.engine.support.hierarchical.Node.around(Node.java:137) ~[junit-platform-engine-1.10.1.jar:1.10.1]
	at org.junit.platform.engine.support.hierarchical.NodeTestTask.lambda$executeRecursively$9(NodeTestTask.java:139) ~[junit-platform-engine-1.10.1.jar:1.10.1]
	at org.junit.platform.engine.support.hierarchical.ThrowableCollector.execute(ThrowableCollector.java:73) ~[junit-platform-engine-1.10.1.jar:1.10.1]
	at org.junit.platform.engine.support.hierarchical.NodeTestTask.executeRecursively(NodeTestTask.java:138) ~[junit-platform-engine-1.10.1.jar:1.10.1]
	at org.junit.platform.engine.support.hierarchical.NodeTestTask.execute(NodeTestTask.java:95) ~[junit-platform-engine-1.10.1.jar:1.10.1]
	at org.junit.platform.engine.support.hierarchical.SameThreadHierarchicalTestExecutorService.submit(SameThreadHierarchicalTestExecutorService.java:35) ~[junit-platform-engine-1.10.1.jar:1.10.1]
	at org.junit.platform.engine.support.hierarchical.HierarchicalTestExecutor.execute(HierarchicalTestExecutor.java:57) ~[junit-platform-engine-1.10.1.jar:1.10.1]
	at org.junit.platform.engine.support.hierarchical.HierarchicalTestEngine.execute(HierarchicalTestEngine.java:54) ~[junit-platform-engine-1.10.1.jar:1.10.1]
	at org.junit.platform.launcher.core.EngineExecutionOrchestrator.execute(EngineExecutionOrchestrator.java:198) ~[junit-platform-launcher-1.10.1.jar:1.10.1]
	at org.junit.platform.launcher.core.EngineExecutionOrchestrator.execute(EngineExecutionOrchestrator.java:169) ~[junit-platform-launcher-1.10.1.jar:1.10.1]
	at org.junit.platform.launcher.core.EngineExecutionOrchestrator.execute(EngineExecutionOrchestrator.java:93) ~[junit-platform-launcher-1.10.1.jar:1.10.1]
	at org.junit.platform.launcher.core.EngineExecutionOrchestrator.lambda$execute$0(EngineExecutionOrchestrator.java:58) ~[junit-platform-launcher-1.10.1.jar:1.10.1]
	at org.junit.platform.launcher.core.EngineExecutionOrchestrator.withInterceptedStreams(EngineExecutionOrchestrator.java:141) ~[junit-platform-launcher-1.10.1.jar:1.10.1]
	at org.junit.platform.launcher.core.EngineExecutionOrchestrator.execute(EngineExecutionOrchestrator.java:57) ~[junit-platform-launcher-1.10.1.jar:1.10.1]
	at org.junit.platform.launcher.core.DefaultLauncher.execute(DefaultLauncher.java:103) ~[junit-platform-launcher-1.10.1.jar:1.10.1]
	at org.junit.platform.launcher.core.DefaultLauncher.execute(DefaultLauncher.java:85) ~[junit-platform-launcher-1.10.1.jar:1.10.1]
	at org.junit.platform.launcher.core.DelegatingLauncher.execute(DelegatingLauncher.java:47) ~[junit-platform-launcher-1.10.1.jar:1.10.1]
	at org.apache.maven.surefire.junitplatform.LazyLauncher.execute(LazyLauncher.java:56) ~[surefire-junit-platform-3.1.2.jar:3.1.2]
	at org.apache.maven.surefire.junitplatform.JUnitPlatformProvider.execute(JUnitPlatformProvider.java:184) ~[surefire-junit-platform-3.1.2.jar:3.1.2]
	at org.apache.maven.surefire.junitplatform.JUnitPlatformProvider.invokeAllTests(JUnitPlatformProvider.java:148) ~[surefire-junit-platform-3.1.2.jar:3.1.2]
	at org.apache.maven.surefire.junitplatform.JUnitPlatformProvider.invoke(JUnitPlatformProvider.java:122) ~[surefire-junit-platform-3.1.2.jar:3.1.2]
	at org.apache.maven.surefire.booter.ForkedBooter.runSuitesInProcess(ForkedBooter.java:385) ~[surefire-booter-3.1.2.jar:3.1.2]
	at org.apache.maven.surefire.booter.ForkedBooter.execute(ForkedBooter.java:162) ~[surefire-booter-3.1.2.jar:3.1.2]
	at org.apache.maven.surefire.booter.ForkedBooter.run(ForkedBooter.java:507) ~[surefire-booter-3.1.2.jar:3.1.2]
	at org.apache.maven.surefire.booter.ForkedBooter.main(ForkedBooter.java:495) ~[surefire-booter-3.1.2.jar:3.1.2]

2025-10-13T13:36:42.517+02:00  WARN 80616 --- [hexagonal-app] [           main] c.t.a.core.importer.ClassFileProcessor   : Error during import from jrt:/java.base/java/lang/SafeVarargs.class, falling back to simple import

java.lang.IllegalArgumentException: Unsupported class file major version 69
	at com.tngtech.archunit.thirdparty.org.objectweb.asm.ClassReader.<init>(ClassReader.java:200) ~[archunit-1.3.0.jar:1.3.0]
	at com.tngtech.archunit.thirdparty.org.objectweb.asm.ClassReader.<init>(ClassReader.java:180) ~[archunit-1.3.0.jar:1.3.0]
	at com.tngtech.archunit.thirdparty.org.objectweb.asm.ClassReader.<init>(ClassReader.java:166) ~[archunit-1.3.0.jar:1.3.0]
	at com.tngtech.archunit.thirdparty.org.objectweb.asm.ClassReader.<init>(ClassReader.java:288) ~[archunit-1.3.0.jar:1.3.0]
	at com.tngtech.archunit.core.importer.ClassFileProcessor$UriImporterOfProcessor.tryImport(ClassFileProcessor.java:350) ~[archunit-1.3.0.jar:1.3.0]
	at com.tngtech.archunit.core.importer.resolvers.ClassResolverFromClasspath.tryResolve(ClassResolverFromClasspath.java:51) ~[archunit-1.3.0.jar:1.3.0]
	at com.tngtech.archunit.core.importer.ImportedClasses.resolve(ImportedClasses.java:80) ~[archunit-1.3.0.jar:1.3.0]
	at com.tngtech.archunit.core.importer.ImportedClasses.ensurePresent(ImportedClasses.java:75) ~[archunit-1.3.0.jar:1.3.0]
	at com.tngtech.archunit.core.importer.DependencyResolutionProcess.executeRun(DependencyResolutionProcess.java:146) ~[archunit-1.3.0.jar:1.3.0]
	at com.tngtech.archunit.core.importer.DependencyResolutionProcess.resolve(DependencyResolutionProcess.java:122) ~[archunit-1.3.0.jar:1.3.0]
	at com.tngtech.archunit.core.importer.ClassGraphCreator.complete(ClassGraphCreator.java:107) ~[archunit-1.3.0.jar:1.3.0]
	at com.tngtech.archunit.core.importer.ClassFileProcessor.process(ClassFileProcessor.java:75) ~[archunit-1.3.0.jar:1.3.0]
	at com.tngtech.archunit.core.importer.ClassFileImporter.importLocations(ClassFileImporter.java:325) ~[archunit-1.3.0.jar:1.3.0]
	at com.tngtech.archunit.junit.internal.ClassCache$CacheClassFileImporter.importClasses(ClassCache.java:126) ~[archunit-junit5-engine-1.3.0.jar:1.3.0]
	at com.tngtech.archunit.junit.internal.ClassCache$LazyJavaClasses.initialize(ClassCache.java:118) ~[archunit-junit5-engine-1.3.0.jar:1.3.0]
	at com.tngtech.archunit.junit.internal.ClassCache$LazyJavaClasses.get(ClassCache.java:107) ~[archunit-junit5-engine-1.3.0.jar:1.3.0]
	at com.tngtech.archunit.junit.internal.ClassCache.getClassesToAnalyzeFor(ClassCache.java:84) ~[archunit-junit5-engine-1.3.0.jar:1.3.0]
	at com.tngtech.archunit.junit.internal.ArchUnitTestDescriptor.lambda$createChildren$1(ArchUnitTestDescriptor.java:90) ~[archunit-junit5-engine-1.3.0.jar:1.3.0]
	at com.tngtech.archunit.junit.internal.ArchUnitTestDescriptor$ArchUnitRuleDescriptor.execute(ArchUnitTestDescriptor.java:167) ~[archunit-junit5-engine-1.3.0.jar:1.3.0]
	at com.tngtech.archunit.junit.internal.ArchUnitTestDescriptor$ArchUnitRuleDescriptor.execute(ArchUnitTestDescriptor.java:150) ~[archunit-junit5-engine-1.3.0.jar:1.3.0]
	at org.junit.platform.engine.support.hierarchical.NodeTestTask.lambda$executeRecursively$6(NodeTestTask.java:151) ~[junit-platform-engine-1.10.1.jar:1.10.1]
	at org.junit.platform.engine.support.hierarchical.ThrowableCollector.execute(ThrowableCollector.java:73) ~[junit-platform-engine-1.10.1.jar:1.10.1]
	at org.junit.platform.engine.support.hierarchical.NodeTestTask.lambda$executeRecursively$8(NodeTestTask.java:141) ~[junit-platform-engine-1.10.1.jar:1.10.1]
	at org.junit.platform.engine.support.hierarchical.Node.around(Node.java:137) ~[junit-platform-engine-1.10.1.jar:1.10.1]
	at org.junit.platform.engine.support.hierarchical.NodeTestTask.lambda$executeRecursively$9(NodeTestTask.java:139) ~[junit-platform-engine-1.10.1.jar:1.10.1]
	at org.junit.platform.engine.support.hierarchical.ThrowableCollector.execute(ThrowableCollector.java:73) ~[junit-platform-engine-1.10.1.jar:1.10.1]
	at org.junit.platform.engine.support.hierarchical.NodeTestTask.executeRecursively(NodeTestTask.java:138) ~[junit-platform-engine-1.10.1.jar:1.10.1]
	at org.junit.platform.engine.support.hierarchical.NodeTestTask.execute(NodeTestTask.java:95) ~[junit-platform-engine-1.10.1.jar:1.10.1]
	at java.base/java.util.ArrayList.forEach(ArrayList.java:1604) ~[na:na]
	at org.junit.platform.engine.support.hierarchical.SameThreadHierarchicalTestExecutorService.invokeAll(SameThreadHierarchicalTestExecutorService.java:41) ~[junit-platform-engine-1.10.1.jar:1.10.1]
	at org.junit.platform.engine.support.hierarchical.NodeTestTask.lambda$executeRecursively$6(NodeTestTask.java:155) ~[junit-platform-engine-1.10.1.jar:1.10.1]
	at org.junit.platform.engine.support.hierarchical.ThrowableCollector.execute(ThrowableCollector.java:73) ~[junit-platform-engine-1.10.1.jar:1.10.1]
	at org.junit.platform.engine.support.hierarchical.NodeTestTask.lambda$executeRecursively$8(NodeTestTask.java:141) ~[junit-platform-engine-1.10.1.jar:1.10.1]
	at org.junit.platform.engine.support.hierarchical.Node.around(Node.java:137) ~[junit-platform-engine-1.10.1.jar:1.10.1]
	at org.junit.platform.engine.support.hierarchical.NodeTestTask.lambda$executeRecursively$9(NodeTestTask.java:139) ~[junit-platform-engine-1.10.1.jar:1.10.1]
	at org.junit.platform.engine.support.hierarchical.ThrowableCollector.execute(ThrowableCollector.java:73) ~[junit-platform-engine-1.10.1.jar:1.10.1]
	at org.junit.platform.engine.support.hierarchical.NodeTestTask.executeRecursively(NodeTestTask.java:138) ~[junit-platform-engine-1.10.1.jar:1.10.1]
	at org.junit.platform.engine.support.hierarchical.NodeTestTask.execute(NodeTestTask.java:95) ~[junit-platform-engine-1.10.1.jar:1.10.1]
	at java.base/java.util.ArrayList.forEach(ArrayList.java:1604) ~[na:na]
	at org.junit.platform.engine.support.hierarchical.SameThreadHierarchicalTestExecutorService.invokeAll(SameThreadHierarchicalTestExecutorService.java:41) ~[junit-platform-engine-1.10.1.jar:1.10.1]
	at org.junit.platform.engine.support.hierarchical.NodeTestTask.lambda$executeRecursively$6(NodeTestTask.java:155) ~[junit-platform-engine-1.10.1.jar:1.10.1]
	at org.junit.platform.engine.support.hierarchical.ThrowableCollector.execute(ThrowableCollector.java:73) ~[junit-platform-engine-1.10.1.jar:1.10.1]
	at org.junit.platform.engine.support.hierarchical.NodeTestTask.lambda$executeRecursively$8(NodeTestTask.java:141) ~[junit-platform-engine-1.10.1.jar:1.10.1]
	at org.junit.platform.engine.support.hierarchical.Node.around(Node.java:137) ~[junit-platform-engine-1.10.1.jar:1.10.1]
	at org.junit.platform.engine.support.hierarchical.NodeTestTask.lambda$executeRecursively$9(NodeTestTask.java:139) ~[junit-platform-engine-1.10.1.jar:1.10.1]
	at org.junit.platform.engine.support.hierarchical.ThrowableCollector.execute(ThrowableCollector.java:73) ~[junit-platform-engine-1.10.1.jar:1.10.1]
	at org.junit.platform.engine.support.hierarchical.NodeTestTask.executeRecursively(NodeTestTask.java:138) ~[junit-platform-engine-1.10.1.jar:1.10.1]
	at org.junit.platform.engine.support.hierarchical.NodeTestTask.execute(NodeTestTask.java:95) ~[junit-platform-engine-1.10.1.jar:1.10.1]
	at org.junit.platform.engine.support.hierarchical.SameThreadHierarchicalTestExecutorService.submit(SameThreadHierarchicalTestExecutorService.java:35) ~[junit-platform-engine-1.10.1.jar:1.10.1]
	at org.junit.platform.engine.support.hierarchical.HierarchicalTestExecutor.execute(HierarchicalTestExecutor.java:57) ~[junit-platform-engine-1.10.1.jar:1.10.1]
	at org.junit.platform.engine.support.hierarchical.HierarchicalTestEngine.execute(HierarchicalTestEngine.java:54) ~[junit-platform-engine-1.10.1.jar:1.10.1]
	at org.junit.platform.launcher.core.EngineExecutionOrchestrator.execute(EngineExecutionOrchestrator.java:198) ~[junit-platform-launcher-1.10.1.jar:1.10.1]
	at org.junit.platform.launcher.core.EngineExecutionOrchestrator.execute(EngineExecutionOrchestrator.java:169) ~[junit-platform-launcher-1.10.1.jar:1.10.1]
	at org.junit.platform.launcher.core.EngineExecutionOrchestrator.execute(EngineExecutionOrchestrator.java:93) ~[junit-platform-launcher-1.10.1.jar:1.10.1]
	at org.junit.platform.launcher.core.EngineExecutionOrchestrator.lambda$execute$0(EngineExecutionOrchestrator.java:58) ~[junit-platform-launcher-1.10.1.jar:1.10.1]
	at org.junit.platform.launcher.core.EngineExecutionOrchestrator.withInterceptedStreams(EngineExecutionOrchestrator.java:141) ~[junit-platform-launcher-1.10.1.jar:1.10.1]
	at org.junit.platform.launcher.core.EngineExecutionOrchestrator.execute(EngineExecutionOrchestrator.java:57) ~[junit-platform-launcher-1.10.1.jar:1.10.1]
	at org.junit.platform.launcher.core.DefaultLauncher.execute(DefaultLauncher.java:103) ~[junit-platform-launcher-1.10.1.jar:1.10.1]
	at org.junit.platform.launcher.core.DefaultLauncher.execute(DefaultLauncher.java:85) ~[junit-platform-launcher-1.10.1.jar:1.10.1]
	at org.junit.platform.launcher.core.DelegatingLauncher.execute(DelegatingLauncher.java:47) ~[junit-platform-launcher-1.10.1.jar:1.10.1]
	at org.apache.maven.surefire.junitplatform.LazyLauncher.execute(LazyLauncher.java:56) ~[surefire-junit-platform-3.1.2.jar:3.1.2]
	at org.apache.maven.surefire.junitplatform.JUnitPlatformProvider.execute(JUnitPlatformProvider.java:184) ~[surefire-junit-platform-3.1.2.jar:3.1.2]
	at org.apache.maven.surefire.junitplatform.JUnitPlatformProvider.invokeAllTests(JUnitPlatformProvider.java:148) ~[surefire-junit-platform-3.1.2.jar:3.1.2]
	at org.apache.maven.surefire.junitplatform.JUnitPlatformProvider.invoke(JUnitPlatformProvider.java:122) ~[surefire-junit-platform-3.1.2.jar:3.1.2]
	at org.apache.maven.surefire.booter.ForkedBooter.runSuitesInProcess(ForkedBooter.java:385) ~[surefire-booter-3.1.2.jar:3.1.2]
	at org.apache.maven.surefire.booter.ForkedBooter.execute(ForkedBooter.java:162) ~[surefire-booter-3.1.2.jar:3.1.2]
	at org.apache.maven.surefire.booter.ForkedBooter.run(ForkedBooter.java:507) ~[surefire-booter-3.1.2.jar:3.1.2]
	at org.apache.maven.surefire.booter.ForkedBooter.main(ForkedBooter.java:495) ~[surefire-booter-3.1.2.jar:3.1.2]

2025-10-13T13:36:42.518+02:00  WARN 80616 --- [hexagonal-app] [           main] c.t.a.core.importer.ClassFileProcessor   : Error during import from jrt:/java.base/java/lang/Deprecated.class, falling back to simple import

java.lang.IllegalArgumentException: Unsupported class file major version 69
	at com.tngtech.archunit.thirdparty.org.objectweb.asm.ClassReader.<init>(ClassReader.java:200) ~[archunit-1.3.0.jar:1.3.0]
	at com.tngtech.archunit.thirdparty.org.objectweb.asm.ClassReader.<init>(ClassReader.java:180) ~[archunit-1.3.0.jar:1.3.0]
	at com.tngtech.archunit.thirdparty.org.objectweb.asm.ClassReader.<init>(ClassReader.java:166) ~[archunit-1.3.0.jar:1.3.0]
	at com.tngtech.archunit.thirdparty.org.objectweb.asm.ClassReader.<init>(ClassReader.java:288) ~[archunit-1.3.0.jar:1.3.0]
	at com.tngtech.archunit.core.importer.ClassFileProcessor$UriImporterOfProcessor.tryImport(ClassFileProcessor.java:350) ~[archunit-1.3.0.jar:1.3.0]
	at com.tngtech.archunit.core.importer.resolvers.ClassResolverFromClasspath.tryResolve(ClassResolverFromClasspath.java:51) ~[archunit-1.3.0.jar:1.3.0]
	at com.tngtech.archunit.core.importer.ImportedClasses.resolve(ImportedClasses.java:80) ~[archunit-1.3.0.jar:1.3.0]
	at com.tngtech.archunit.core.importer.ImportedClasses.ensurePresent(ImportedClasses.java:75) ~[archunit-1.3.0.jar:1.3.0]
	at com.tngtech.archunit.core.importer.DependencyResolutionProcess.executeRun(DependencyResolutionProcess.java:146) ~[archunit-1.3.0.jar:1.3.0]
	at com.tngtech.archunit.core.importer.DependencyResolutionProcess.resolve(DependencyResolutionProcess.java:122) ~[archunit-1.3.0.jar:1.3.0]
	at com.tngtech.archunit.core.importer.ClassGraphCreator.complete(ClassGraphCreator.java:107) ~[archunit-1.3.0.jar:1.3.0]
	at com.tngtech.archunit.core.importer.ClassFileProcessor.process(ClassFileProcessor.java:75) ~[archunit-1.3.0.jar:1.3.0]
	at com.tngtech.archunit.core.importer.ClassFileImporter.importLocations(ClassFileImporter.java:325) ~[archunit-1.3.0.jar:1.3.0]
	at com.tngtech.archunit.junit.internal.ClassCache$CacheClassFileImporter.importClasses(ClassCache.java:126) ~[archunit-junit5-engine-1.3.0.jar:1.3.0]
	at com.tngtech.archunit.junit.internal.ClassCache$LazyJavaClasses.initialize(ClassCache.java:118) ~[archunit-junit5-engine-1.3.0.jar:1.3.0]
	at com.tngtech.archunit.junit.internal.ClassCache$LazyJavaClasses.get(ClassCache.java:107) ~[archunit-junit5-engine-1.3.0.jar:1.3.0]
	at com.tngtech.archunit.junit.internal.ClassCache.getClassesToAnalyzeFor(ClassCache.java:84) ~[archunit-junit5-engine-1.3.0.jar:1.3.0]
	at com.tngtech.archunit.junit.internal.ArchUnitTestDescriptor.lambda$createChildren$1(ArchUnitTestDescriptor.java:90) ~[archunit-junit5-engine-1.3.0.jar:1.3.0]
	at com.tngtech.archunit.junit.internal.ArchUnitTestDescriptor$ArchUnitRuleDescriptor.execute(ArchUnitTestDescriptor.java:167) ~[archunit-junit5-engine-1.3.0.jar:1.3.0]
	at com.tngtech.archunit.junit.internal.ArchUnitTestDescriptor$ArchUnitRuleDescriptor.execute(ArchUnitTestDescriptor.java:150) ~[archunit-junit5-engine-1.3.0.jar:1.3.0]
	at org.junit.platform.engine.support.hierarchical.NodeTestTask.lambda$executeRecursively$6(NodeTestTask.java:151) ~[junit-platform-engine-1.10.1.jar:1.10.1]
	at org.junit.platform.engine.support.hierarchical.ThrowableCollector.execute(ThrowableCollector.java:73) ~[junit-platform-engine-1.10.1.jar:1.10.1]
	at org.junit.platform.engine.support.hierarchical.NodeTestTask.lambda$executeRecursively$8(NodeTestTask.java:141) ~[junit-platform-engine-1.10.1.jar:1.10.1]
	at org.junit.platform.engine.support.hierarchical.Node.around(Node.java:137) ~[junit-platform-engine-1.10.1.jar:1.10.1]
	at org.junit.platform.engine.support.hierarchical.NodeTestTask.lambda$executeRecursively$9(NodeTestTask.java:139) ~[junit-platform-engine-1.10.1.jar:1.10.1]
	at org.junit.platform.engine.support.hierarchical.ThrowableCollector.execute(ThrowableCollector.java:73) ~[junit-platform-engine-1.10.1.jar:1.10.1]
	at org.junit.platform.engine.support.hierarchical.NodeTestTask.executeRecursively(NodeTestTask.java:138) ~[junit-platform-engine-1.10.1.jar:1.10.1]
	at org.junit.platform.engine.support.hierarchical.NodeTestTask.execute(NodeTestTask.java:95) ~[junit-platform-engine-1.10.1.jar:1.10.1]
	at java.base/java.util.ArrayList.forEach(ArrayList.java:1604) ~[na:na]
	at org.junit.platform.engine.support.hierarchical.SameThreadHierarchicalTestExecutorService.invokeAll(SameThreadHierarchicalTestExecutorService.java:41) ~[junit-platform-engine-1.10.1.jar:1.10.1]
	at org.junit.platform.engine.support.hierarchical.NodeTestTask.lambda$executeRecursively$6(NodeTestTask.java:155) ~[junit-platform-engine-1.10.1.jar:1.10.1]
	at org.junit.platform.engine.support.hierarchical.ThrowableCollector.execute(ThrowableCollector.java:73) ~[junit-platform-engine-1.10.1.jar:1.10.1]
	at org.junit.platform.engine.support.hierarchical.NodeTestTask.lambda$executeRecursively$8(NodeTestTask.java:141) ~[junit-platform-engine-1.10.1.jar:1.10.1]
	at org.junit.platform.engine.support.hierarchical.Node.around(Node.java:137) ~[junit-platform-engine-1.10.1.jar:1.10.1]
	at org.junit.platform.engine.support.hierarchical.NodeTestTask.lambda$executeRecursively$9(NodeTestTask.java:139) ~[junit-platform-engine-1.10.1.jar:1.10.1]
	at org.junit.platform.engine.support.hierarchical.ThrowableCollector.execute(ThrowableCollector.java:73) ~[junit-platform-engine-1.10.1.jar:1.10.1]
	at org.junit.platform.engine.support.hierarchical.NodeTestTask.executeRecursively(NodeTestTask.java:138) ~[junit-platform-engine-1.10.1.jar:1.10.1]
	at org.junit.platform.engine.support.hierarchical.NodeTestTask.execute(NodeTestTask.java:95) ~[junit-platform-engine-1.10.1.jar:1.10.1]
	at java.base/java.util.ArrayList.forEach(ArrayList.java:1604) ~[na:na]
	at org.junit.platform.engine.support.hierarchical.SameThreadHierarchicalTestExecutorService.invokeAll(SameThreadHierarchicalTestExecutorService.java:41) ~[junit-platform-engine-1.10.1.jar:1.10.1]
	at org.junit.platform.engine.support.hierarchical.NodeTestTask.lambda$executeRecursively$6(NodeTestTask.java:155) ~[junit-platform-engine-1.10.1.jar:1.10.1]
	at org.junit.platform.engine.support.hierarchical.ThrowableCollector.execute(ThrowableCollector.java:73) ~[junit-platform-engine-1.10.1.jar:1.10.1]
	at org.junit.platform.engine.support.hierarchical.NodeTestTask.lambda$executeRecursively$8(NodeTestTask.java:141) ~[junit-platform-engine-1.10.1.jar:1.10.1]
	at org.junit.platform.engine.support.hierarchical.Node.around(Node.java:137) ~[junit-platform-engine-1.10.1.jar:1.10.1]
	at org.junit.platform.engine.support.hierarchical.NodeTestTask.lambda$executeRecursively$9(NodeTestTask.java:139) ~[junit-platform-engine-1.10.1.jar:1.10.1]
	at org.junit.platform.engine.support.hierarchical.ThrowableCollector.execute(ThrowableCollector.java:73) ~[junit-platform-engine-1.10.1.jar:1.10.1]
	at org.junit.platform.engine.support.hierarchical.NodeTestTask.executeRecursively(NodeTestTask.java:138) ~[junit-platform-engine-1.10.1.jar:1.10.1]
	at org.junit.platform.engine.support.hierarchical.NodeTestTask.execute(NodeTestTask.java:95) ~[junit-platform-engine-1.10.1.jar:1.10.1]
	at org.junit.platform.engine.support.hierarchical.SameThreadHierarchicalTestExecutorService.submit(SameThreadHierarchicalTestExecutorService.java:35) ~[junit-platform-engine-1.10.1.jar:1.10.1]
	at org.junit.platform.engine.support.hierarchical.HierarchicalTestExecutor.execute(HierarchicalTestExecutor.java:57) ~[junit-platform-engine-1.10.1.jar:1.10.1]
	at org.junit.platform.engine.support.hierarchical.HierarchicalTestEngine.execute(HierarchicalTestEngine.java:54) ~[junit-platform-engine-1.10.1.jar:1.10.1]
	at org.junit.platform.launcher.core.EngineExecutionOrchestrator.execute(EngineExecutionOrchestrator.java:198) ~[junit-platform-launcher-1.10.1.jar:1.10.1]
	at org.junit.platform.launcher.core.EngineExecutionOrchestrator.execute(EngineExecutionOrchestrator.java:169) ~[junit-platform-launcher-1.10.1.jar:1.10.1]
	at org.junit.platform.launcher.core.EngineExecutionOrchestrator.execute(EngineExecutionOrchestrator.java:93) ~[junit-platform-launcher-1.10.1.jar:1.10.1]
	at org.junit.platform.launcher.core.EngineExecutionOrchestrator.lambda$execute$0(EngineExecutionOrchestrator.java:58) ~[junit-platform-launcher-1.10.1.jar:1.10.1]
	at org.junit.platform.launcher.core.EngineExecutionOrchestrator.withInterceptedStreams(EngineExecutionOrchestrator.java:141) ~[junit-platform-launcher-1.10.1.jar:1.10.1]
	at org.junit.platform.launcher.core.EngineExecutionOrchestrator.execute(EngineExecutionOrchestrator.java:57) ~[junit-platform-launcher-1.10.1.jar:1.10.1]
	at org.junit.platform.launcher.core.DefaultLauncher.execute(DefaultLauncher.java:103) ~[junit-platform-launcher-1.10.1.jar:1.10.1]
	at org.junit.platform.launcher.core.DefaultLauncher.execute(DefaultLauncher.java:85) ~[junit-platform-launcher-1.10.1.jar:1.10.1]
	at org.junit.platform.launcher.core.DelegatingLauncher.execute(DelegatingLauncher.java:47) ~[junit-platform-launcher-1.10.1.jar:1.10.1]
	at org.apache.maven.surefire.junitplatform.LazyLauncher.execute(LazyLauncher.java:56) ~[surefire-junit-platform-3.1.2.jar:3.1.2]
	at org.apache.maven.surefire.junitplatform.JUnitPlatformProvider.execute(JUnitPlatformProvider.java:184) ~[surefire-junit-platform-3.1.2.jar:3.1.2]
	at org.apache.maven.surefire.junitplatform.JUnitPlatformProvider.invokeAllTests(JUnitPlatformProvider.java:148) ~[surefire-junit-platform-3.1.2.jar:3.1.2]
	at org.apache.maven.surefire.junitplatform.JUnitPlatformProvider.invoke(JUnitPlatformProvider.java:122) ~[surefire-junit-platform-3.1.2.jar:3.1.2]
	at org.apache.maven.surefire.booter.ForkedBooter.runSuitesInProcess(ForkedBooter.java:385) ~[surefire-booter-3.1.2.jar:3.1.2]
	at org.apache.maven.surefire.booter.ForkedBooter.execute(ForkedBooter.java:162) ~[surefire-booter-3.1.2.jar:3.1.2]
	at org.apache.maven.surefire.booter.ForkedBooter.run(ForkedBooter.java:507) ~[surefire-booter-3.1.2.jar:3.1.2]
	at org.apache.maven.surefire.booter.ForkedBooter.main(ForkedBooter.java:495) ~[surefire-booter-3.1.2.jar:3.1.2]

2025-10-13T13:36:42.519+02:00  WARN 80616 --- [hexagonal-app] [           main] c.t.a.core.importer.ClassFileProcessor   : Error during import from jrt:/java.base/java/lang/annotation/Target.class, falling back to simple import

java.lang.IllegalArgumentException: Unsupported class file major version 69
	at com.tngtech.archunit.thirdparty.org.objectweb.asm.ClassReader.<init>(ClassReader.java:200) ~[archunit-1.3.0.jar:1.3.0]
	at com.tngtech.archunit.thirdparty.org.objectweb.asm.ClassReader.<init>(ClassReader.java:180) ~[archunit-1.3.0.jar:1.3.0]
	at com.tngtech.archunit.thirdparty.org.objectweb.asm.ClassReader.<init>(ClassReader.java:166) ~[archunit-1.3.0.jar:1.3.0]
	at com.tngtech.archunit.thirdparty.org.objectweb.asm.ClassReader.<init>(ClassReader.java:288) ~[archunit-1.3.0.jar:1.3.0]
	at com.tngtech.archunit.core.importer.ClassFileProcessor$UriImporterOfProcessor.tryImport(ClassFileProcessor.java:350) ~[archunit-1.3.0.jar:1.3.0]
	at com.tngtech.archunit.core.importer.resolvers.ClassResolverFromClasspath.tryResolve(ClassResolverFromClasspath.java:51) ~[archunit-1.3.0.jar:1.3.0]
	at com.tngtech.archunit.core.importer.ImportedClasses.resolve(ImportedClasses.java:80) ~[archunit-1.3.0.jar:1.3.0]
	at com.tngtech.archunit.core.importer.ImportedClasses.ensurePresent(ImportedClasses.java:75) ~[archunit-1.3.0.jar:1.3.0]
	at com.tngtech.archunit.core.importer.DependencyResolutionProcess.executeRun(DependencyResolutionProcess.java:146) ~[archunit-1.3.0.jar:1.3.0]
	at com.tngtech.archunit.core.importer.DependencyResolutionProcess.resolve(DependencyResolutionProcess.java:122) ~[archunit-1.3.0.jar:1.3.0]
	at com.tngtech.archunit.core.importer.ClassGraphCreator.complete(ClassGraphCreator.java:107) ~[archunit-1.3.0.jar:1.3.0]
	at com.tngtech.archunit.core.importer.ClassFileProcessor.process(ClassFileProcessor.java:75) ~[archunit-1.3.0.jar:1.3.0]
	at com.tngtech.archunit.core.importer.ClassFileImporter.importLocations(ClassFileImporter.java:325) ~[archunit-1.3.0.jar:1.3.0]
	at com.tngtech.archunit.junit.internal.ClassCache$CacheClassFileImporter.importClasses(ClassCache.java:126) ~[archunit-junit5-engine-1.3.0.jar:1.3.0]
	at com.tngtech.archunit.junit.internal.ClassCache$LazyJavaClasses.initialize(ClassCache.java:118) ~[archunit-junit5-engine-1.3.0.jar:1.3.0]
	at com.tngtech.archunit.junit.internal.ClassCache$LazyJavaClasses.get(ClassCache.java:107) ~[archunit-junit5-engine-1.3.0.jar:1.3.0]
	at com.tngtech.archunit.junit.internal.ClassCache.getClassesToAnalyzeFor(ClassCache.java:84) ~[archunit-junit5-engine-1.3.0.jar:1.3.0]
	at com.tngtech.archunit.junit.internal.ArchUnitTestDescriptor.lambda$createChildren$1(ArchUnitTestDescriptor.java:90) ~[archunit-junit5-engine-1.3.0.jar:1.3.0]
	at com.tngtech.archunit.junit.internal.ArchUnitTestDescriptor$ArchUnitRuleDescriptor.execute(ArchUnitTestDescriptor.java:167) ~[archunit-junit5-engine-1.3.0.jar:1.3.0]
	at com.tngtech.archunit.junit.internal.ArchUnitTestDescriptor$ArchUnitRuleDescriptor.execute(ArchUnitTestDescriptor.java:150) ~[archunit-junit5-engine-1.3.0.jar:1.3.0]
	at org.junit.platform.engine.support.hierarchical.NodeTestTask.lambda$executeRecursively$6(NodeTestTask.java:151) ~[junit-platform-engine-1.10.1.jar:1.10.1]
	at org.junit.platform.engine.support.hierarchical.ThrowableCollector.execute(ThrowableCollector.java:73) ~[junit-platform-engine-1.10.1.jar:1.10.1]
	at org.junit.platform.engine.support.hierarchical.NodeTestTask.lambda$executeRecursively$8(NodeTestTask.java:141) ~[junit-platform-engine-1.10.1.jar:1.10.1]
	at org.junit.platform.engine.support.hierarchical.Node.around(Node.java:137) ~[junit-platform-engine-1.10.1.jar:1.10.1]
	at org.junit.platform.engine.support.hierarchical.NodeTestTask.lambda$executeRecursively$9(NodeTestTask.java:139) ~[junit-platform-engine-1.10.1.jar:1.10.1]
	at org.junit.platform.engine.support.hierarchical.ThrowableCollector.execute(ThrowableCollector.java:73) ~[junit-platform-engine-1.10.1.jar:1.10.1]
	at org.junit.platform.engine.support.hierarchical.NodeTestTask.executeRecursively(NodeTestTask.java:138) ~[junit-platform-engine-1.10.1.jar:1.10.1]
	at org.junit.platform.engine.support.hierarchical.NodeTestTask.execute(NodeTestTask.java:95) ~[junit-platform-engine-1.10.1.jar:1.10.1]
	at java.base/java.util.ArrayList.forEach(ArrayList.java:1604) ~[na:na]
	at org.junit.platform.engine.support.hierarchical.SameThreadHierarchicalTestExecutorService.invokeAll(SameThreadHierarchicalTestExecutorService.java:41) ~[junit-platform-engine-1.10.1.jar:1.10.1]
	at org.junit.platform.engine.support.hierarchical.NodeTestTask.lambda$executeRecursively$6(NodeTestTask.java:155) ~[junit-platform-engine-1.10.1.jar:1.10.1]
	at org.junit.platform.engine.support.hierarchical.ThrowableCollector.execute(ThrowableCollector.java:73) ~[junit-platform-engine-1.10.1.jar:1.10.1]
	at org.junit.platform.engine.support.hierarchical.NodeTestTask.lambda$executeRecursively$8(NodeTestTask.java:141) ~[junit-platform-engine-1.10.1.jar:1.10.1]
	at org.junit.platform.engine.support.hierarchical.Node.around(Node.java:137) ~[junit-platform-engine-1.10.1.jar:1.10.1]
	at org.junit.platform.engine.support.hierarchical.NodeTestTask.lambda$executeRecursively$9(NodeTestTask.java:139) ~[junit-platform-engine-1.10.1.jar:1.10.1]
	at org.junit.platform.engine.support.hierarchical.ThrowableCollector.execute(ThrowableCollector.java:73) ~[junit-platform-engine-1.10.1.jar:1.10.1]
	at org.junit.platform.engine.support.hierarchical.NodeTestTask.executeRecursively(NodeTestTask.java:138) ~[junit-platform-engine-1.10.1.jar:1.10.1]
	at org.junit.platform.engine.support.hierarchical.NodeTestTask.execute(NodeTestTask.java:95) ~[junit-platform-engine-1.10.1.jar:1.10.1]
	at java.base/java.util.ArrayList.forEach(ArrayList.java:1604) ~[na:na]
	at org.junit.platform.engine.support.hierarchical.SameThreadHierarchicalTestExecutorService.invokeAll(SameThreadHierarchicalTestExecutorService.java:41) ~[junit-platform-engine-1.10.1.jar:1.10.1]
	at org.junit.platform.engine.support.hierarchical.NodeTestTask.lambda$executeRecursively$6(NodeTestTask.java:155) ~[junit-platform-engine-1.10.1.jar:1.10.1]
	at org.junit.platform.engine.support.hierarchical.ThrowableCollector.execute(ThrowableCollector.java:73) ~[junit-platform-engine-1.10.1.jar:1.10.1]
	at org.junit.platform.engine.support.hierarchical.NodeTestTask.lambda$executeRecursively$8(NodeTestTask.java:141) ~[junit-platform-engine-1.10.1.jar:1.10.1]
	at org.junit.platform.engine.support.hierarchical.Node.around(Node.java:137) ~[junit-platform-engine-1.10.1.jar:1.10.1]
	at org.junit.platform.engine.support.hierarchical.NodeTestTask.lambda$executeRecursively$9(NodeTestTask.java:139) ~[junit-platform-engine-1.10.1.jar:1.10.1]
	at org.junit.platform.engine.support.hierarchical.ThrowableCollector.execute(ThrowableCollector.java:73) ~[junit-platform-engine-1.10.1.jar:1.10.1]
	at org.junit.platform.engine.support.hierarchical.NodeTestTask.executeRecursively(NodeTestTask.java:138) ~[junit-platform-engine-1.10.1.jar:1.10.1]
	at org.junit.platform.engine.support.hierarchical.NodeTestTask.execute(NodeTestTask.java:95) ~[junit-platform-engine-1.10.1.jar:1.10.1]
	at org.junit.platform.engine.support.hierarchical.SameThreadHierarchicalTestExecutorService.submit(SameThreadHierarchicalTestExecutorService.java:35) ~[junit-platform-engine-1.10.1.jar:1.10.1]
	at org.junit.platform.engine.support.hierarchical.HierarchicalTestExecutor.execute(HierarchicalTestExecutor.java:57) ~[junit-platform-engine-1.10.1.jar:1.10.1]
	at org.junit.platform.engine.support.hierarchical.HierarchicalTestEngine.execute(HierarchicalTestEngine.java:54) ~[junit-platform-engine-1.10.1.jar:1.10.1]
	at org.junit.platform.launcher.core.EngineExecutionOrchestrator.execute(EngineExecutionOrchestrator.java:198) ~[junit-platform-launcher-1.10.1.jar:1.10.1]
	at org.junit.platform.launcher.core.EngineExecutionOrchestrator.execute(EngineExecutionOrchestrator.java:169) ~[junit-platform-launcher-1.10.1.jar:1.10.1]
	at org.junit.platform.launcher.core.EngineExecutionOrchestrator.execute(EngineExecutionOrchestrator.java:93) ~[junit-platform-launcher-1.10.1.jar:1.10.1]
	at org.junit.platform.launcher.core.EngineExecutionOrchestrator.lambda$execute$0(EngineExecutionOrchestrator.java:58) ~[junit-platform-launcher-1.10.1.jar:1.10.1]
	at org.junit.platform.launcher.core.EngineExecutionOrchestrator.withInterceptedStreams(EngineExecutionOrchestrator.java:141) ~[junit-platform-launcher-1.10.1.jar:1.10.1]
	at org.junit.platform.launcher.core.EngineExecutionOrchestrator.execute(EngineExecutionOrchestrator.java:57) ~[junit-platform-launcher-1.10.1.jar:1.10.1]
	at org.junit.platform.launcher.core.DefaultLauncher.execute(DefaultLauncher.java:103) ~[junit-platform-launcher-1.10.1.jar:1.10.1]
	at org.junit.platform.launcher.core.DefaultLauncher.execute(DefaultLauncher.java:85) ~[junit-platform-launcher-1.10.1.jar:1.10.1]
	at org.junit.platform.launcher.core.DelegatingLauncher.execute(DelegatingLauncher.java:47) ~[junit-platform-launcher-1.10.1.jar:1.10.1]
	at org.apache.maven.surefire.junitplatform.LazyLauncher.execute(LazyLauncher.java:56) ~[surefire-junit-platform-3.1.2.jar:3.1.2]
	at org.apache.maven.surefire.junitplatform.JUnitPlatformProvider.execute(JUnitPlatformProvider.java:184) ~[surefire-junit-platform-3.1.2.jar:3.1.2]
	at org.apache.maven.surefire.junitplatform.JUnitPlatformProvider.invokeAllTests(JUnitPlatformProvider.java:148) ~[surefire-junit-platform-3.1.2.jar:3.1.2]
	at org.apache.maven.surefire.junitplatform.JUnitPlatformProvider.invoke(JUnitPlatformProvider.java:122) ~[surefire-junit-platform-3.1.2.jar:3.1.2]
	at org.apache.maven.surefire.booter.ForkedBooter.runSuitesInProcess(ForkedBooter.java:385) ~[surefire-booter-3.1.2.jar:3.1.2]
	at org.apache.maven.surefire.booter.ForkedBooter.execute(ForkedBooter.java:162) ~[surefire-booter-3.1.2.jar:3.1.2]
	at org.apache.maven.surefire.booter.ForkedBooter.run(ForkedBooter.java:507) ~[surefire-booter-3.1.2.jar:3.1.2]
	at org.apache.maven.surefire.booter.ForkedBooter.main(ForkedBooter.java:495) ~[surefire-booter-3.1.2.jar:3.1.2]

2025-10-13T13:36:42.522+02:00  WARN 80616 --- [hexagonal-app] [           main] c.t.a.core.importer.ClassFileProcessor   : Error during import from jrt:/java.base/java/lang/Enum.class, falling back to simple import

java.lang.IllegalArgumentException: Unsupported class file major version 69
	at com.tngtech.archunit.thirdparty.org.objectweb.asm.ClassReader.<init>(ClassReader.java:200) ~[archunit-1.3.0.jar:1.3.0]
	at com.tngtech.archunit.thirdparty.org.objectweb.asm.ClassReader.<init>(ClassReader.java:180) ~[archunit-1.3.0.jar:1.3.0]
	at com.tngtech.archunit.thirdparty.org.objectweb.asm.ClassReader.<init>(ClassReader.java:166) ~[archunit-1.3.0.jar:1.3.0]
	at com.tngtech.archunit.thirdparty.org.objectweb.asm.ClassReader.<init>(ClassReader.java:288) ~[archunit-1.3.0.jar:1.3.0]
	at com.tngtech.archunit.core.importer.ClassFileProcessor$UriImporterOfProcessor.tryImport(ClassFileProcessor.java:350) ~[archunit-1.3.0.jar:1.3.0]
	at com.tngtech.archunit.core.importer.resolvers.ClassResolverFromClasspath.tryResolve(ClassResolverFromClasspath.java:51) ~[archunit-1.3.0.jar:1.3.0]
	at com.tngtech.archunit.core.importer.ImportedClasses.resolve(ImportedClasses.java:80) ~[archunit-1.3.0.jar:1.3.0]
	at com.tngtech.archunit.core.importer.ImportedClasses.ensurePresent(ImportedClasses.java:75) ~[archunit-1.3.0.jar:1.3.0]
	at com.tngtech.archunit.core.importer.DependencyResolutionProcess.executeRun(DependencyResolutionProcess.java:146) ~[archunit-1.3.0.jar:1.3.0]
	at com.tngtech.archunit.core.importer.DependencyResolutionProcess.resolve(DependencyResolutionProcess.java:122) ~[archunit-1.3.0.jar:1.3.0]
	at com.tngtech.archunit.core.importer.ClassGraphCreator.complete(ClassGraphCreator.java:107) ~[archunit-1.3.0.jar:1.3.0]
	at com.tngtech.archunit.core.importer.ClassFileProcessor.process(ClassFileProcessor.java:75) ~[archunit-1.3.0.jar:1.3.0]
	at com.tngtech.archunit.core.importer.ClassFileImporter.importLocations(ClassFileImporter.java:325) ~[archunit-1.3.0.jar:1.3.0]
	at com.tngtech.archunit.junit.internal.ClassCache$CacheClassFileImporter.importClasses(ClassCache.java:126) ~[archunit-junit5-engine-1.3.0.jar:1.3.0]
	at com.tngtech.archunit.junit.internal.ClassCache$LazyJavaClasses.initialize(ClassCache.java:118) ~[archunit-junit5-engine-1.3.0.jar:1.3.0]
	at com.tngtech.archunit.junit.internal.ClassCache$LazyJavaClasses.get(ClassCache.java:107) ~[archunit-junit5-engine-1.3.0.jar:1.3.0]
	at com.tngtech.archunit.junit.internal.ClassCache.getClassesToAnalyzeFor(ClassCache.java:84) ~[archunit-junit5-engine-1.3.0.jar:1.3.0]
	at com.tngtech.archunit.junit.internal.ArchUnitTestDescriptor.lambda$createChildren$1(ArchUnitTestDescriptor.java:90) ~[archunit-junit5-engine-1.3.0.jar:1.3.0]
	at com.tngtech.archunit.junit.internal.ArchUnitTestDescriptor$ArchUnitRuleDescriptor.execute(ArchUnitTestDescriptor.java:167) ~[archunit-junit5-engine-1.3.0.jar:1.3.0]
	at com.tngtech.archunit.junit.internal.ArchUnitTestDescriptor$ArchUnitRuleDescriptor.execute(ArchUnitTestDescriptor.java:150) ~[archunit-junit5-engine-1.3.0.jar:1.3.0]
	at org.junit.platform.engine.support.hierarchical.NodeTestTask.lambda$executeRecursively$6(NodeTestTask.java:151) ~[junit-platform-engine-1.10.1.jar:1.10.1]
	at org.junit.platform.engine.support.hierarchical.ThrowableCollector.execute(ThrowableCollector.java:73) ~[junit-platform-engine-1.10.1.jar:1.10.1]
	at org.junit.platform.engine.support.hierarchical.NodeTestTask.lambda$executeRecursively$8(NodeTestTask.java:141) ~[junit-platform-engine-1.10.1.jar:1.10.1]
	at org.junit.platform.engine.support.hierarchical.Node.around(Node.java:137) ~[junit-platform-engine-1.10.1.jar:1.10.1]
	at org.junit.platform.engine.support.hierarchical.NodeTestTask.lambda$executeRecursively$9(NodeTestTask.java:139) ~[junit-platform-engine-1.10.1.jar:1.10.1]
	at org.junit.platform.engine.support.hierarchical.ThrowableCollector.execute(ThrowableCollector.java:73) ~[junit-platform-engine-1.10.1.jar:1.10.1]
	at org.junit.platform.engine.support.hierarchical.NodeTestTask.executeRecursively(NodeTestTask.java:138) ~[junit-platform-engine-1.10.1.jar:1.10.1]
	at org.junit.platform.engine.support.hierarchical.NodeTestTask.execute(NodeTestTask.java:95) ~[junit-platform-engine-1.10.1.jar:1.10.1]
	at java.base/java.util.ArrayList.forEach(ArrayList.java:1604) ~[na:na]
	at org.junit.platform.engine.support.hierarchical.SameThreadHierarchicalTestExecutorService.invokeAll(SameThreadHierarchicalTestExecutorService.java:41) ~[junit-platform-engine-1.10.1.jar:1.10.1]
	at org.junit.platform.engine.support.hierarchical.NodeTestTask.lambda$executeRecursively$6(NodeTestTask.java:155) ~[junit-platform-engine-1.10.1.jar:1.10.1]
	at org.junit.platform.engine.support.hierarchical.ThrowableCollector.execute(ThrowableCollector.java:73) ~[junit-platform-engine-1.10.1.jar:1.10.1]
	at org.junit.platform.engine.support.hierarchical.NodeTestTask.lambda$executeRecursively$8(NodeTestTask.java:141) ~[junit-platform-engine-1.10.1.jar:1.10.1]
	at org.junit.platform.engine.support.hierarchical.Node.around(Node.java:137) ~[junit-platform-engine-1.10.1.jar:1.10.1]
	at org.junit.platform.engine.support.hierarchical.NodeTestTask.lambda$executeRecursively$9(NodeTestTask.java:139) ~[junit-platform-engine-1.10.1.jar:1.10.1]
	at org.junit.platform.engine.support.hierarchical.ThrowableCollector.execute(ThrowableCollector.java:73) ~[junit-platform-engine-1.10.1.jar:1.10.1]
	at org.junit.platform.engine.support.hierarchical.NodeTestTask.executeRecursively(NodeTestTask.java:138) ~[junit-platform-engine-1.10.1.jar:1.10.1]
	at org.junit.platform.engine.support.hierarchical.NodeTestTask.execute(NodeTestTask.java:95) ~[junit-platform-engine-1.10.1.jar:1.10.1]
	at java.base/java.util.ArrayList.forEach(ArrayList.java:1604) ~[na:na]
	at org.junit.platform.engine.support.hierarchical.SameThreadHierarchicalTestExecutorService.invokeAll(SameThreadHierarchicalTestExecutorService.java:41) ~[junit-platform-engine-1.10.1.jar:1.10.1]
	at org.junit.platform.engine.support.hierarchical.NodeTestTask.lambda$executeRecursively$6(NodeTestTask.java:155) ~[junit-platform-engine-1.10.1.jar:1.10.1]
	at org.junit.platform.engine.support.hierarchical.ThrowableCollector.execute(ThrowableCollector.java:73) ~[junit-platform-engine-1.10.1.jar:1.10.1]
	at org.junit.platform.engine.support.hierarchical.NodeTestTask.lambda$executeRecursively$8(NodeTestTask.java:141) ~[junit-platform-engine-1.10.1.jar:1.10.1]
	at org.junit.platform.engine.support.hierarchical.Node.around(Node.java:137) ~[junit-platform-engine-1.10.1.jar:1.10.1]
	at org.junit.platform.engine.support.hierarchical.NodeTestTask.lambda$executeRecursively$9(NodeTestTask.java:139) ~[junit-platform-engine-1.10.1.jar:1.10.1]
	at org.junit.platform.engine.support.hierarchical.ThrowableCollector.execute(ThrowableCollector.java:73) ~[junit-platform-engine-1.10.1.jar:1.10.1]
	at org.junit.platform.engine.support.hierarchical.NodeTestTask.executeRecursively(NodeTestTask.java:138) ~[junit-platform-engine-1.10.1.jar:1.10.1]
	at org.junit.platform.engine.support.hierarchical.NodeTestTask.execute(NodeTestTask.java:95) ~[junit-platform-engine-1.10.1.jar:1.10.1]
	at org.junit.platform.engine.support.hierarchical.SameThreadHierarchicalTestExecutorService.submit(SameThreadHierarchicalTestExecutorService.java:35) ~[junit-platform-engine-1.10.1.jar:1.10.1]
	at org.junit.platform.engine.support.hierarchical.HierarchicalTestExecutor.execute(HierarchicalTestExecutor.java:57) ~[junit-platform-engine-1.10.1.jar:1.10.1]
	at org.junit.platform.engine.support.hierarchical.HierarchicalTestEngine.execute(HierarchicalTestEngine.java:54) ~[junit-platform-engine-1.10.1.jar:1.10.1]
	at org.junit.platform.launcher.core.EngineExecutionOrchestrator.execute(EngineExecutionOrchestrator.java:198) ~[junit-platform-launcher-1.10.1.jar:1.10.1]
	at org.junit.platform.launcher.core.EngineExecutionOrchestrator.execute(EngineExecutionOrchestrator.java:169) ~[junit-platform-launcher-1.10.1.jar:1.10.1]
	at org.junit.platform.launcher.core.EngineExecutionOrchestrator.execute(EngineExecutionOrchestrator.java:93) ~[junit-platform-launcher-1.10.1.jar:1.10.1]
	at org.junit.platform.launcher.core.EngineExecutionOrchestrator.lambda$execute$0(EngineExecutionOrchestrator.java:58) ~[junit-platform-launcher-1.10.1.jar:1.10.1]
	at org.junit.platform.launcher.core.EngineExecutionOrchestrator.withInterceptedStreams(EngineExecutionOrchestrator.java:141) ~[junit-platform-launcher-1.10.1.jar:1.10.1]
	at org.junit.platform.launcher.core.EngineExecutionOrchestrator.execute(EngineExecutionOrchestrator.java:57) ~[junit-platform-launcher-1.10.1.jar:1.10.1]
	at org.junit.platform.launcher.core.DefaultLauncher.execute(DefaultLauncher.java:103) ~[junit-platform-launcher-1.10.1.jar:1.10.1]
	at org.junit.platform.launcher.core.DefaultLauncher.execute(DefaultLauncher.java:85) ~[junit-platform-launcher-1.10.1.jar:1.10.1]
	at org.junit.platform.launcher.core.DelegatingLauncher.execute(DelegatingLauncher.java:47) ~[junit-platform-launcher-1.10.1.jar:1.10.1]
	at org.apache.maven.surefire.junitplatform.LazyLauncher.execute(LazyLauncher.java:56) ~[surefire-junit-platform-3.1.2.jar:3.1.2]
	at org.apache.maven.surefire.junitplatform.JUnitPlatformProvider.execute(JUnitPlatformProvider.java:184) ~[surefire-junit-platform-3.1.2.jar:3.1.2]
	at org.apache.maven.surefire.junitplatform.JUnitPlatformProvider.invokeAllTests(JUnitPlatformProvider.java:148) ~[surefire-junit-platform-3.1.2.jar:3.1.2]
	at org.apache.maven.surefire.junitplatform.JUnitPlatformProvider.invoke(JUnitPlatformProvider.java:122) ~[surefire-junit-platform-3.1.2.jar:3.1.2]
	at org.apache.maven.surefire.booter.ForkedBooter.runSuitesInProcess(ForkedBooter.java:385) ~[surefire-booter-3.1.2.jar:3.1.2]
	at org.apache.maven.surefire.booter.ForkedBooter.execute(ForkedBooter.java:162) ~[surefire-booter-3.1.2.jar:3.1.2]
	at org.apache.maven.surefire.booter.ForkedBooter.run(ForkedBooter.java:507) ~[surefire-booter-3.1.2.jar:3.1.2]
	at org.apache.maven.surefire.booter.ForkedBooter.main(ForkedBooter.java:495) ~[surefire-booter-3.1.2.jar:3.1.2]

2025-10-13T13:36:42.523+02:00  WARN 80616 --- [hexagonal-app] [           main] c.t.a.core.importer.ClassFileProcessor   : Error during import from jrt:/java.base/java/lang/Short.class, falling back to simple import

java.lang.IllegalArgumentException: Unsupported class file major version 69
	at com.tngtech.archunit.thirdparty.org.objectweb.asm.ClassReader.<init>(ClassReader.java:200) ~[archunit-1.3.0.jar:1.3.0]
	at com.tngtech.archunit.thirdparty.org.objectweb.asm.ClassReader.<init>(ClassReader.java:180) ~[archunit-1.3.0.jar:1.3.0]
	at com.tngtech.archunit.thirdparty.org.objectweb.asm.ClassReader.<init>(ClassReader.java:166) ~[archunit-1.3.0.jar:1.3.0]
	at com.tngtech.archunit.thirdparty.org.objectweb.asm.ClassReader.<init>(ClassReader.java:288) ~[archunit-1.3.0.jar:1.3.0]
	at com.tngtech.archunit.core.importer.ClassFileProcessor$UriImporterOfProcessor.tryImport(ClassFileProcessor.java:350) ~[archunit-1.3.0.jar:1.3.0]
	at com.tngtech.archunit.core.importer.resolvers.ClassResolverFromClasspath.tryResolve(ClassResolverFromClasspath.java:51) ~[archunit-1.3.0.jar:1.3.0]
	at com.tngtech.archunit.core.importer.ImportedClasses.resolve(ImportedClasses.java:80) ~[archunit-1.3.0.jar:1.3.0]
	at com.tngtech.archunit.core.importer.ImportedClasses.ensurePresent(ImportedClasses.java:75) ~[archunit-1.3.0.jar:1.3.0]
	at com.tngtech.archunit.core.importer.DependencyResolutionProcess.executeRun(DependencyResolutionProcess.java:146) ~[archunit-1.3.0.jar:1.3.0]
	at com.tngtech.archunit.core.importer.DependencyResolutionProcess.resolve(DependencyResolutionProcess.java:122) ~[archunit-1.3.0.jar:1.3.0]
	at com.tngtech.archunit.core.importer.ClassGraphCreator.complete(ClassGraphCreator.java:107) ~[archunit-1.3.0.jar:1.3.0]
	at com.tngtech.archunit.core.importer.ClassFileProcessor.process(ClassFileProcessor.java:75) ~[archunit-1.3.0.jar:1.3.0]
	at com.tngtech.archunit.core.importer.ClassFileImporter.importLocations(ClassFileImporter.java:325) ~[archunit-1.3.0.jar:1.3.0]
	at com.tngtech.archunit.junit.internal.ClassCache$CacheClassFileImporter.importClasses(ClassCache.java:126) ~[archunit-junit5-engine-1.3.0.jar:1.3.0]
	at com.tngtech.archunit.junit.internal.ClassCache$LazyJavaClasses.initialize(ClassCache.java:118) ~[archunit-junit5-engine-1.3.0.jar:1.3.0]
	at com.tngtech.archunit.junit.internal.ClassCache$LazyJavaClasses.get(ClassCache.java:107) ~[archunit-junit5-engine-1.3.0.jar:1.3.0]
	at com.tngtech.archunit.junit.internal.ClassCache.getClassesToAnalyzeFor(ClassCache.java:84) ~[archunit-junit5-engine-1.3.0.jar:1.3.0]
	at com.tngtech.archunit.junit.internal.ArchUnitTestDescriptor.lambda$createChildren$1(ArchUnitTestDescriptor.java:90) ~[archunit-junit5-engine-1.3.0.jar:1.3.0]
	at com.tngtech.archunit.junit.internal.ArchUnitTestDescriptor$ArchUnitRuleDescriptor.execute(ArchUnitTestDescriptor.java:167) ~[archunit-junit5-engine-1.3.0.jar:1.3.0]
	at com.tngtech.archunit.junit.internal.ArchUnitTestDescriptor$ArchUnitRuleDescriptor.execute(ArchUnitTestDescriptor.java:150) ~[archunit-junit5-engine-1.3.0.jar:1.3.0]
	at org.junit.platform.engine.support.hierarchical.NodeTestTask.lambda$executeRecursively$6(NodeTestTask.java:151) ~[junit-platform-engine-1.10.1.jar:1.10.1]
	at org.junit.platform.engine.support.hierarchical.ThrowableCollector.execute(ThrowableCollector.java:73) ~[junit-platform-engine-1.10.1.jar:1.10.1]
	at org.junit.platform.engine.support.hierarchical.NodeTestTask.lambda$executeRecursively$8(NodeTestTask.java:141) ~[junit-platform-engine-1.10.1.jar:1.10.1]
	at org.junit.platform.engine.support.hierarchical.Node.around(Node.java:137) ~[junit-platform-engine-1.10.1.jar:1.10.1]
	at org.junit.platform.engine.support.hierarchical.NodeTestTask.lambda$executeRecursively$9(NodeTestTask.java:139) ~[junit-platform-engine-1.10.1.jar:1.10.1]
	at org.junit.platform.engine.support.hierarchical.ThrowableCollector.execute(ThrowableCollector.java:73) ~[junit-platform-engine-1.10.1.jar:1.10.1]
	at org.junit.platform.engine.support.hierarchical.NodeTestTask.executeRecursively(NodeTestTask.java:138) ~[junit-platform-engine-1.10.1.jar:1.10.1]
	at org.junit.platform.engine.support.hierarchical.NodeTestTask.execute(NodeTestTask.java:95) ~[junit-platform-engine-1.10.1.jar:1.10.1]
	at java.base/java.util.ArrayList.forEach(ArrayList.java:1604) ~[na:na]
	at org.junit.platform.engine.support.hierarchical.SameThreadHierarchicalTestExecutorService.invokeAll(SameThreadHierarchicalTestExecutorService.java:41) ~[junit-platform-engine-1.10.1.jar:1.10.1]
	at org.junit.platform.engine.support.hierarchical.NodeTestTask.lambda$executeRecursively$6(NodeTestTask.java:155) ~[junit-platform-engine-1.10.1.jar:1.10.1]
	at org.junit.platform.engine.support.hierarchical.ThrowableCollector.execute(ThrowableCollector.java:73) ~[junit-platform-engine-1.10.1.jar:1.10.1]
	at org.junit.platform.engine.support.hierarchical.NodeTestTask.lambda$executeRecursively$8(NodeTestTask.java:141) ~[junit-platform-engine-1.10.1.jar:1.10.1]
	at org.junit.platform.engine.support.hierarchical.Node.around(Node.java:137) ~[junit-platform-engine-1.10.1.jar:1.10.1]
	at org.junit.platform.engine.support.hierarchical.NodeTestTask.lambda$executeRecursively$9(NodeTestTask.java:139) ~[junit-platform-engine-1.10.1.jar:1.10.1]
	at org.junit.platform.engine.support.hierarchical.ThrowableCollector.execute(ThrowableCollector.java:73) ~[junit-platform-engine-1.10.1.jar:1.10.1]
	at org.junit.platform.engine.support.hierarchical.NodeTestTask.executeRecursively(NodeTestTask.java:138) ~[junit-platform-engine-1.10.1.jar:1.10.1]
	at org.junit.platform.engine.support.hierarchical.NodeTestTask.execute(NodeTestTask.java:95) ~[junit-platform-engine-1.10.1.jar:1.10.1]
	at java.base/java.util.ArrayList.forEach(ArrayList.java:1604) ~[na:na]
	at org.junit.platform.engine.support.hierarchical.SameThreadHierarchicalTestExecutorService.invokeAll(SameThreadHierarchicalTestExecutorService.java:41) ~[junit-platform-engine-1.10.1.jar:1.10.1]
	at org.junit.platform.engine.support.hierarchical.NodeTestTask.lambda$executeRecursively$6(NodeTestTask.java:155) ~[junit-platform-engine-1.10.1.jar:1.10.1]
	at org.junit.platform.engine.support.hierarchical.ThrowableCollector.execute(ThrowableCollector.java:73) ~[junit-platform-engine-1.10.1.jar:1.10.1]
	at org.junit.platform.engine.support.hierarchical.NodeTestTask.lambda$executeRecursively$8(NodeTestTask.java:141) ~[junit-platform-engine-1.10.1.jar:1.10.1]
	at org.junit.platform.engine.support.hierarchical.Node.around(Node.java:137) ~[junit-platform-engine-1.10.1.jar:1.10.1]
	at org.junit.platform.engine.support.hierarchical.NodeTestTask.lambda$executeRecursively$9(NodeTestTask.java:139) ~[junit-platform-engine-1.10.1.jar:1.10.1]
	at org.junit.platform.engine.support.hierarchical.ThrowableCollector.execute(ThrowableCollector.java:73) ~[junit-platform-engine-1.10.1.jar:1.10.1]
	at org.junit.platform.engine.support.hierarchical.NodeTestTask.executeRecursively(NodeTestTask.java:138) ~[junit-platform-engine-1.10.1.jar:1.10.1]
	at org.junit.platform.engine.support.hierarchical.NodeTestTask.execute(NodeTestTask.java:95) ~[junit-platform-engine-1.10.1.jar:1.10.1]
	at org.junit.platform.engine.support.hierarchical.SameThreadHierarchicalTestExecutorService.submit(SameThreadHierarchicalTestExecutorService.java:35) ~[junit-platform-engine-1.10.1.jar:1.10.1]
	at org.junit.platform.engine.support.hierarchical.HierarchicalTestExecutor.execute(HierarchicalTestExecutor.java:57) ~[junit-platform-engine-1.10.1.jar:1.10.1]
	at org.junit.platform.engine.support.hierarchical.HierarchicalTestEngine.execute(HierarchicalTestEngine.java:54) ~[junit-platform-engine-1.10.1.jar:1.10.1]
	at org.junit.platform.launcher.core.EngineExecutionOrchestrator.execute(EngineExecutionOrchestrator.java:198) ~[junit-platform-launcher-1.10.1.jar:1.10.1]
	at org.junit.platform.launcher.core.EngineExecutionOrchestrator.execute(EngineExecutionOrchestrator.java:169) ~[junit-platform-launcher-1.10.1.jar:1.10.1]
	at org.junit.platform.launcher.core.EngineExecutionOrchestrator.execute(EngineExecutionOrchestrator.java:93) ~[junit-platform-launcher-1.10.1.jar:1.10.1]
	at org.junit.platform.launcher.core.EngineExecutionOrchestrator.lambda$execute$0(EngineExecutionOrchestrator.java:58) ~[junit-platform-launcher-1.10.1.jar:1.10.1]
	at org.junit.platform.launcher.core.EngineExecutionOrchestrator.withInterceptedStreams(EngineExecutionOrchestrator.java:141) ~[junit-platform-launcher-1.10.1.jar:1.10.1]
	at org.junit.platform.launcher.core.EngineExecutionOrchestrator.execute(EngineExecutionOrchestrator.java:57) ~[junit-platform-launcher-1.10.1.jar:1.10.1]
	at org.junit.platform.launcher.core.DefaultLauncher.execute(DefaultLauncher.java:103) ~[junit-platform-launcher-1.10.1.jar:1.10.1]
	at org.junit.platform.launcher.core.DefaultLauncher.execute(DefaultLauncher.java:85) ~[junit-platform-launcher-1.10.1.jar:1.10.1]
	at org.junit.platform.launcher.core.DelegatingLauncher.execute(DelegatingLauncher.java:47) ~[junit-platform-launcher-1.10.1.jar:1.10.1]
	at org.apache.maven.surefire.junitplatform.LazyLauncher.execute(LazyLauncher.java:56) ~[surefire-junit-platform-3.1.2.jar:3.1.2]
	at org.apache.maven.surefire.junitplatform.JUnitPlatformProvider.execute(JUnitPlatformProvider.java:184) ~[surefire-junit-platform-3.1.2.jar:3.1.2]
	at org.apache.maven.surefire.junitplatform.JUnitPlatformProvider.invokeAllTests(JUnitPlatformProvider.java:148) ~[surefire-junit-platform-3.1.2.jar:3.1.2]
	at org.apache.maven.surefire.junitplatform.JUnitPlatformProvider.invoke(JUnitPlatformProvider.java:122) ~[surefire-junit-platform-3.1.2.jar:3.1.2]
	at org.apache.maven.surefire.booter.ForkedBooter.runSuitesInProcess(ForkedBooter.java:385) ~[surefire-booter-3.1.2.jar:3.1.2]
	at org.apache.maven.surefire.booter.ForkedBooter.execute(ForkedBooter.java:162) ~[surefire-booter-3.1.2.jar:3.1.2]
	at org.apache.maven.surefire.booter.ForkedBooter.run(ForkedBooter.java:507) ~[surefire-booter-3.1.2.jar:3.1.2]
	at org.apache.maven.surefire.booter.ForkedBooter.main(ForkedBooter.java:495) ~[surefire-booter-3.1.2.jar:3.1.2]

2025-10-13T13:36:42.523+02:00  WARN 80616 --- [hexagonal-app] [           main] c.t.a.core.importer.ClassFileProcessor   : Error during import from jrt:/java.base/java/util/Locale.class, falling back to simple import

java.lang.IllegalArgumentException: Unsupported class file major version 69
	at com.tngtech.archunit.thirdparty.org.objectweb.asm.ClassReader.<init>(ClassReader.java:200) ~[archunit-1.3.0.jar:1.3.0]
	at com.tngtech.archunit.thirdparty.org.objectweb.asm.ClassReader.<init>(ClassReader.java:180) ~[archunit-1.3.0.jar:1.3.0]
	at com.tngtech.archunit.thirdparty.org.objectweb.asm.ClassReader.<init>(ClassReader.java:166) ~[archunit-1.3.0.jar:1.3.0]
	at com.tngtech.archunit.thirdparty.org.objectweb.asm.ClassReader.<init>(ClassReader.java:288) ~[archunit-1.3.0.jar:1.3.0]
	at com.tngtech.archunit.core.importer.ClassFileProcessor$UriImporterOfProcessor.tryImport(ClassFileProcessor.java:350) ~[archunit-1.3.0.jar:1.3.0]
	at com.tngtech.archunit.core.importer.resolvers.ClassResolverFromClasspath.tryResolve(ClassResolverFromClasspath.java:51) ~[archunit-1.3.0.jar:1.3.0]
	at com.tngtech.archunit.core.importer.ImportedClasses.resolve(ImportedClasses.java:80) ~[archunit-1.3.0.jar:1.3.0]
	at com.tngtech.archunit.core.importer.ImportedClasses.ensurePresent(ImportedClasses.java:75) ~[archunit-1.3.0.jar:1.3.0]
	at com.tngtech.archunit.core.importer.DependencyResolutionProcess.executeRun(DependencyResolutionProcess.java:146) ~[archunit-1.3.0.jar:1.3.0]
	at com.tngtech.archunit.core.importer.DependencyResolutionProcess.resolve(DependencyResolutionProcess.java:122) ~[archunit-1.3.0.jar:1.3.0]
	at com.tngtech.archunit.core.importer.ClassGraphCreator.complete(ClassGraphCreator.java:107) ~[archunit-1.3.0.jar:1.3.0]
	at com.tngtech.archunit.core.importer.ClassFileProcessor.process(ClassFileProcessor.java:75) ~[archunit-1.3.0.jar:1.3.0]
	at com.tngtech.archunit.core.importer.ClassFileImporter.importLocations(ClassFileImporter.java:325) ~[archunit-1.3.0.jar:1.3.0]
	at com.tngtech.archunit.junit.internal.ClassCache$CacheClassFileImporter.importClasses(ClassCache.java:126) ~[archunit-junit5-engine-1.3.0.jar:1.3.0]
	at com.tngtech.archunit.junit.internal.ClassCache$LazyJavaClasses.initialize(ClassCache.java:118) ~[archunit-junit5-engine-1.3.0.jar:1.3.0]
	at com.tngtech.archunit.junit.internal.ClassCache$LazyJavaClasses.get(ClassCache.java:107) ~[archunit-junit5-engine-1.3.0.jar:1.3.0]
	at com.tngtech.archunit.junit.internal.ClassCache.getClassesToAnalyzeFor(ClassCache.java:84) ~[archunit-junit5-engine-1.3.0.jar:1.3.0]
	at com.tngtech.archunit.junit.internal.ArchUnitTestDescriptor.lambda$createChildren$1(ArchUnitTestDescriptor.java:90) ~[archunit-junit5-engine-1.3.0.jar:1.3.0]
	at com.tngtech.archunit.junit.internal.ArchUnitTestDescriptor$ArchUnitRuleDescriptor.execute(ArchUnitTestDescriptor.java:167) ~[archunit-junit5-engine-1.3.0.jar:1.3.0]
	at com.tngtech.archunit.junit.internal.ArchUnitTestDescriptor$ArchUnitRuleDescriptor.execute(ArchUnitTestDescriptor.java:150) ~[archunit-junit5-engine-1.3.0.jar:1.3.0]
	at org.junit.platform.engine.support.hierarchical.NodeTestTask.lambda$executeRecursively$6(NodeTestTask.java:151) ~[junit-platform-engine-1.10.1.jar:1.10.1]
	at org.junit.platform.engine.support.hierarchical.ThrowableCollector.execute(ThrowableCollector.java:73) ~[junit-platform-engine-1.10.1.jar:1.10.1]
	at org.junit.platform.engine.support.hierarchical.NodeTestTask.lambda$executeRecursively$8(NodeTestTask.java:141) ~[junit-platform-engine-1.10.1.jar:1.10.1]
	at org.junit.platform.engine.support.hierarchical.Node.around(Node.java:137) ~[junit-platform-engine-1.10.1.jar:1.10.1]
	at org.junit.platform.engine.support.hierarchical.NodeTestTask.lambda$executeRecursively$9(NodeTestTask.java:139) ~[junit-platform-engine-1.10.1.jar:1.10.1]
	at org.junit.platform.engine.support.hierarchical.ThrowableCollector.execute(ThrowableCollector.java:73) ~[junit-platform-engine-1.10.1.jar:1.10.1]
	at org.junit.platform.engine.support.hierarchical.NodeTestTask.executeRecursively(NodeTestTask.java:138) ~[junit-platform-engine-1.10.1.jar:1.10.1]
	at org.junit.platform.engine.support.hierarchical.NodeTestTask.execute(NodeTestTask.java:95) ~[junit-platform-engine-1.10.1.jar:1.10.1]
	at java.base/java.util.ArrayList.forEach(ArrayList.java:1604) ~[na:na]
	at org.junit.platform.engine.support.hierarchical.SameThreadHierarchicalTestExecutorService.invokeAll(SameThreadHierarchicalTestExecutorService.java:41) ~[junit-platform-engine-1.10.1.jar:1.10.1]
	at org.junit.platform.engine.support.hierarchical.NodeTestTask.lambda$executeRecursively$6(NodeTestTask.java:155) ~[junit-platform-engine-1.10.1.jar:1.10.1]
	at org.junit.platform.engine.support.hierarchical.ThrowableCollector.execute(ThrowableCollector.java:73) ~[junit-platform-engine-1.10.1.jar:1.10.1]
	at org.junit.platform.engine.support.hierarchical.NodeTestTask.lambda$executeRecursively$8(NodeTestTask.java:141) ~[junit-platform-engine-1.10.1.jar:1.10.1]
	at org.junit.platform.engine.support.hierarchical.Node.around(Node.java:137) ~[junit-platform-engine-1.10.1.jar:1.10.1]
	at org.junit.platform.engine.support.hierarchical.NodeTestTask.lambda$executeRecursively$9(NodeTestTask.java:139) ~[junit-platform-engine-1.10.1.jar:1.10.1]
	at org.junit.platform.engine.support.hierarchical.ThrowableCollector.execute(ThrowableCollector.java:73) ~[junit-platform-engine-1.10.1.jar:1.10.1]
	at org.junit.platform.engine.support.hierarchical.NodeTestTask.executeRecursively(NodeTestTask.java:138) ~[junit-platform-engine-1.10.1.jar:1.10.1]
	at org.junit.platform.engine.support.hierarchical.NodeTestTask.execute(NodeTestTask.java:95) ~[junit-platform-engine-1.10.1.jar:1.10.1]
	at java.base/java.util.ArrayList.forEach(ArrayList.java:1604) ~[na:na]
	at org.junit.platform.engine.support.hierarchical.SameThreadHierarchicalTestExecutorService.invokeAll(SameThreadHierarchicalTestExecutorService.java:41) ~[junit-platform-engine-1.10.1.jar:1.10.1]
	at org.junit.platform.engine.support.hierarchical.NodeTestTask.lambda$executeRecursively$6(NodeTestTask.java:155) ~[junit-platform-engine-1.10.1.jar:1.10.1]
	at org.junit.platform.engine.support.hierarchical.ThrowableCollector.execute(ThrowableCollector.java:73) ~[junit-platform-engine-1.10.1.jar:1.10.1]
	at org.junit.platform.engine.support.hierarchical.NodeTestTask.lambda$executeRecursively$8(NodeTestTask.java:141) ~[junit-platform-engine-1.10.1.jar:1.10.1]
	at org.junit.platform.engine.support.hierarchical.Node.around(Node.java:137) ~[junit-platform-engine-1.10.1.jar:1.10.1]
	at org.junit.platform.engine.support.hierarchical.NodeTestTask.lambda$executeRecursively$9(NodeTestTask.java:139) ~[junit-platform-engine-1.10.1.jar:1.10.1]
	at org.junit.platform.engine.support.hierarchical.ThrowableCollector.execute(ThrowableCollector.java:73) ~[junit-platform-engine-1.10.1.jar:1.10.1]
	at org.junit.platform.engine.support.hierarchical.NodeTestTask.executeRecursively(NodeTestTask.java:138) ~[junit-platform-engine-1.10.1.jar:1.10.1]
	at org.junit.platform.engine.support.hierarchical.NodeTestTask.execute(NodeTestTask.java:95) ~[junit-platform-engine-1.10.1.jar:1.10.1]
	at org.junit.platform.engine.support.hierarchical.SameThreadHierarchicalTestExecutorService.submit(SameThreadHierarchicalTestExecutorService.java:35) ~[junit-platform-engine-1.10.1.jar:1.10.1]
	at org.junit.platform.engine.support.hierarchical.HierarchicalTestExecutor.execute(HierarchicalTestExecutor.java:57) ~[junit-platform-engine-1.10.1.jar:1.10.1]
	at org.junit.platform.engine.support.hierarchical.HierarchicalTestEngine.execute(HierarchicalTestEngine.java:54) ~[junit-platform-engine-1.10.1.jar:1.10.1]
	at org.junit.platform.launcher.core.EngineExecutionOrchestrator.execute(EngineExecutionOrchestrator.java:198) ~[junit-platform-launcher-1.10.1.jar:1.10.1]
	at org.junit.platform.launcher.core.EngineExecutionOrchestrator.execute(EngineExecutionOrchestrator.java:169) ~[junit-platform-launcher-1.10.1.jar:1.10.1]
	at org.junit.platform.launcher.core.EngineExecutionOrchestrator.execute(EngineExecutionOrchestrator.java:93) ~[junit-platform-launcher-1.10.1.jar:1.10.1]
	at org.junit.platform.launcher.core.EngineExecutionOrchestrator.lambda$execute$0(EngineExecutionOrchestrator.java:58) ~[junit-platform-launcher-1.10.1.jar:1.10.1]
	at org.junit.platform.launcher.core.EngineExecutionOrchestrator.withInterceptedStreams(EngineExecutionOrchestrator.java:141) ~[junit-platform-launcher-1.10.1.jar:1.10.1]
	at org.junit.platform.launcher.core.EngineExecutionOrchestrator.execute(EngineExecutionOrchestrator.java:57) ~[junit-platform-launcher-1.10.1.jar:1.10.1]
	at org.junit.platform.launcher.core.DefaultLauncher.execute(DefaultLauncher.java:103) ~[junit-platform-launcher-1.10.1.jar:1.10.1]
	at org.junit.platform.launcher.core.DefaultLauncher.execute(DefaultLauncher.java:85) ~[junit-platform-launcher-1.10.1.jar:1.10.1]
	at org.junit.platform.launcher.core.DelegatingLauncher.execute(DelegatingLauncher.java:47) ~[junit-platform-launcher-1.10.1.jar:1.10.1]
	at org.apache.maven.surefire.junitplatform.LazyLauncher.execute(LazyLauncher.java:56) ~[surefire-junit-platform-3.1.2.jar:3.1.2]
	at org.apache.maven.surefire.junitplatform.JUnitPlatformProvider.execute(JUnitPlatformProvider.java:184) ~[surefire-junit-platform-3.1.2.jar:3.1.2]
	at org.apache.maven.surefire.junitplatform.JUnitPlatformProvider.invokeAllTests(JUnitPlatformProvider.java:148) ~[surefire-junit-platform-3.1.2.jar:3.1.2]
	at org.apache.maven.surefire.junitplatform.JUnitPlatformProvider.invoke(JUnitPlatformProvider.java:122) ~[surefire-junit-platform-3.1.2.jar:3.1.2]
	at org.apache.maven.surefire.booter.ForkedBooter.runSuitesInProcess(ForkedBooter.java:385) ~[surefire-booter-3.1.2.jar:3.1.2]
	at org.apache.maven.surefire.booter.ForkedBooter.execute(ForkedBooter.java:162) ~[surefire-booter-3.1.2.jar:3.1.2]
	at org.apache.maven.surefire.booter.ForkedBooter.run(ForkedBooter.java:507) ~[surefire-booter-3.1.2.jar:3.1.2]
	at org.apache.maven.surefire.booter.ForkedBooter.main(ForkedBooter.java:495) ~[surefire-booter-3.1.2.jar:3.1.2]

2025-10-13T13:36:42.523+02:00  WARN 80616 --- [hexagonal-app] [           main] c.t.a.core.importer.ClassFileProcessor   : Error during import from jrt:/java.base/java/lang/annotation/Documented.class, falling back to simple import

java.lang.IllegalArgumentException: Unsupported class file major version 69
	at com.tngtech.archunit.thirdparty.org.objectweb.asm.ClassReader.<init>(ClassReader.java:200) ~[archunit-1.3.0.jar:1.3.0]
	at com.tngtech.archunit.thirdparty.org.objectweb.asm.ClassReader.<init>(ClassReader.java:180) ~[archunit-1.3.0.jar:1.3.0]
	at com.tngtech.archunit.thirdparty.org.objectweb.asm.ClassReader.<init>(ClassReader.java:166) ~[archunit-1.3.0.jar:1.3.0]
	at com.tngtech.archunit.thirdparty.org.objectweb.asm.ClassReader.<init>(ClassReader.java:288) ~[archunit-1.3.0.jar:1.3.0]
	at com.tngtech.archunit.core.importer.ClassFileProcessor$UriImporterOfProcessor.tryImport(ClassFileProcessor.java:350) ~[archunit-1.3.0.jar:1.3.0]
	at com.tngtech.archunit.core.importer.resolvers.ClassResolverFromClasspath.tryResolve(ClassResolverFromClasspath.java:51) ~[archunit-1.3.0.jar:1.3.0]
	at com.tngtech.archunit.core.importer.ImportedClasses.resolve(ImportedClasses.java:80) ~[archunit-1.3.0.jar:1.3.0]
	at com.tngtech.archunit.core.importer.ImportedClasses.ensurePresent(ImportedClasses.java:75) ~[archunit-1.3.0.jar:1.3.0]
	at com.tngtech.archunit.core.importer.DependencyResolutionProcess.executeRun(DependencyResolutionProcess.java:146) ~[archunit-1.3.0.jar:1.3.0]
	at com.tngtech.archunit.core.importer.DependencyResolutionProcess.resolve(DependencyResolutionProcess.java:122) ~[archunit-1.3.0.jar:1.3.0]
	at com.tngtech.archunit.core.importer.ClassGraphCreator.complete(ClassGraphCreator.java:107) ~[archunit-1.3.0.jar:1.3.0]
	at com.tngtech.archunit.core.importer.ClassFileProcessor.process(ClassFileProcessor.java:75) ~[archunit-1.3.0.jar:1.3.0]
	at com.tngtech.archunit.core.importer.ClassFileImporter.importLocations(ClassFileImporter.java:325) ~[archunit-1.3.0.jar:1.3.0]
	at com.tngtech.archunit.junit.internal.ClassCache$CacheClassFileImporter.importClasses(ClassCache.java:126) ~[archunit-junit5-engine-1.3.0.jar:1.3.0]
	at com.tngtech.archunit.junit.internal.ClassCache$LazyJavaClasses.initialize(ClassCache.java:118) ~[archunit-junit5-engine-1.3.0.jar:1.3.0]
	at com.tngtech.archunit.junit.internal.ClassCache$LazyJavaClasses.get(ClassCache.java:107) ~[archunit-junit5-engine-1.3.0.jar:1.3.0]
	at com.tngtech.archunit.junit.internal.ClassCache.getClassesToAnalyzeFor(ClassCache.java:84) ~[archunit-junit5-engine-1.3.0.jar:1.3.0]
	at com.tngtech.archunit.junit.internal.ArchUnitTestDescriptor.lambda$createChildren$1(ArchUnitTestDescriptor.java:90) ~[archunit-junit5-engine-1.3.0.jar:1.3.0]
	at com.tngtech.archunit.junit.internal.ArchUnitTestDescriptor$ArchUnitRuleDescriptor.execute(ArchUnitTestDescriptor.java:167) ~[archunit-junit5-engine-1.3.0.jar:1.3.0]
	at com.tngtech.archunit.junit.internal.ArchUnitTestDescriptor$ArchUnitRuleDescriptor.execute(ArchUnitTestDescriptor.java:150) ~[archunit-junit5-engine-1.3.0.jar:1.3.0]
	at org.junit.platform.engine.support.hierarchical.NodeTestTask.lambda$executeRecursively$6(NodeTestTask.java:151) ~[junit-platform-engine-1.10.1.jar:1.10.1]
	at org.junit.platform.engine.support.hierarchical.ThrowableCollector.execute(ThrowableCollector.java:73) ~[junit-platform-engine-1.10.1.jar:1.10.1]
	at org.junit.platform.engine.support.hierarchical.NodeTestTask.lambda$executeRecursively$8(NodeTestTask.java:141) ~[junit-platform-engine-1.10.1.jar:1.10.1]
	at org.junit.platform.engine.support.hierarchical.Node.around(Node.java:137) ~[junit-platform-engine-1.10.1.jar:1.10.1]
	at org.junit.platform.engine.support.hierarchical.NodeTestTask.lambda$executeRecursively$9(NodeTestTask.java:139) ~[junit-platform-engine-1.10.1.jar:1.10.1]
	at org.junit.platform.engine.support.hierarchical.ThrowableCollector.execute(ThrowableCollector.java:73) ~[junit-platform-engine-1.10.1.jar:1.10.1]
	at org.junit.platform.engine.support.hierarchical.NodeTestTask.executeRecursively(NodeTestTask.java:138) ~[junit-platform-engine-1.10.1.jar:1.10.1]
	at org.junit.platform.engine.support.hierarchical.NodeTestTask.execute(NodeTestTask.java:95) ~[junit-platform-engine-1.10.1.jar:1.10.1]
	at java.base/java.util.ArrayList.forEach(ArrayList.java:1604) ~[na:na]
	at org.junit.platform.engine.support.hierarchical.SameThreadHierarchicalTestExecutorService.invokeAll(SameThreadHierarchicalTestExecutorService.java:41) ~[junit-platform-engine-1.10.1.jar:1.10.1]
	at org.junit.platform.engine.support.hierarchical.NodeTestTask.lambda$executeRecursively$6(NodeTestTask.java:155) ~[junit-platform-engine-1.10.1.jar:1.10.1]
	at org.junit.platform.engine.support.hierarchical.ThrowableCollector.execute(ThrowableCollector.java:73) ~[junit-platform-engine-1.10.1.jar:1.10.1]
	at org.junit.platform.engine.support.hierarchical.NodeTestTask.lambda$executeRecursively$8(NodeTestTask.java:141) ~[junit-platform-engine-1.10.1.jar:1.10.1]
	at org.junit.platform.engine.support.hierarchical.Node.around(Node.java:137) ~[junit-platform-engine-1.10.1.jar:1.10.1]
	at org.junit.platform.engine.support.hierarchical.NodeTestTask.lambda$executeRecursively$9(NodeTestTask.java:139) ~[junit-platform-engine-1.10.1.jar:1.10.1]
	at org.junit.platform.engine.support.hierarchical.ThrowableCollector.execute(ThrowableCollector.java:73) ~[junit-platform-engine-1.10.1.jar:1.10.1]
	at org.junit.platform.engine.support.hierarchical.NodeTestTask.executeRecursively(NodeTestTask.java:138) ~[junit-platform-engine-1.10.1.jar:1.10.1]
	at org.junit.platform.engine.support.hierarchical.NodeTestTask.execute(NodeTestTask.java:95) ~[junit-platform-engine-1.10.1.jar:1.10.1]
	at java.base/java.util.ArrayList.forEach(ArrayList.java:1604) ~[na:na]
	at org.junit.platform.engine.support.hierarchical.SameThreadHierarchicalTestExecutorService.invokeAll(SameThreadHierarchicalTestExecutorService.java:41) ~[junit-platform-engine-1.10.1.jar:1.10.1]
	at org.junit.platform.engine.support.hierarchical.NodeTestTask.lambda$executeRecursively$6(NodeTestTask.java:155) ~[junit-platform-engine-1.10.1.jar:1.10.1]
	at org.junit.platform.engine.support.hierarchical.ThrowableCollector.execute(ThrowableCollector.java:73) ~[junit-platform-engine-1.10.1.jar:1.10.1]
	at org.junit.platform.engine.support.hierarchical.NodeTestTask.lambda$executeRecursively$8(NodeTestTask.java:141) ~[junit-platform-engine-1.10.1.jar:1.10.1]
	at org.junit.platform.engine.support.hierarchical.Node.around(Node.java:137) ~[junit-platform-engine-1.10.1.jar:1.10.1]
	at org.junit.platform.engine.support.hierarchical.NodeTestTask.lambda$executeRecursively$9(NodeTestTask.java:139) ~[junit-platform-engine-1.10.1.jar:1.10.1]
	at org.junit.platform.engine.support.hierarchical.ThrowableCollector.execute(ThrowableCollector.java:73) ~[junit-platform-engine-1.10.1.jar:1.10.1]
	at org.junit.platform.engine.support.hierarchical.NodeTestTask.executeRecursively(NodeTestTask.java:138) ~[junit-platform-engine-1.10.1.jar:1.10.1]
	at org.junit.platform.engine.support.hierarchical.NodeTestTask.execute(NodeTestTask.java:95) ~[junit-platform-engine-1.10.1.jar:1.10.1]
	at org.junit.platform.engine.support.hierarchical.SameThreadHierarchicalTestExecutorService.submit(SameThreadHierarchicalTestExecutorService.java:35) ~[junit-platform-engine-1.10.1.jar:1.10.1]
	at org.junit.platform.engine.support.hierarchical.HierarchicalTestExecutor.execute(HierarchicalTestExecutor.java:57) ~[junit-platform-engine-1.10.1.jar:1.10.1]
	at org.junit.platform.engine.support.hierarchical.HierarchicalTestEngine.execute(HierarchicalTestEngine.java:54) ~[junit-platform-engine-1.10.1.jar:1.10.1]
	at org.junit.platform.launcher.core.EngineExecutionOrchestrator.execute(EngineExecutionOrchestrator.java:198) ~[junit-platform-launcher-1.10.1.jar:1.10.1]
	at org.junit.platform.launcher.core.EngineExecutionOrchestrator.execute(EngineExecutionOrchestrator.java:169) ~[junit-platform-launcher-1.10.1.jar:1.10.1]
	at org.junit.platform.launcher.core.EngineExecutionOrchestrator.execute(EngineExecutionOrchestrator.java:93) ~[junit-platform-launcher-1.10.1.jar:1.10.1]
	at org.junit.platform.launcher.core.EngineExecutionOrchestrator.lambda$execute$0(EngineExecutionOrchestrator.java:58) ~[junit-platform-launcher-1.10.1.jar:1.10.1]
	at org.junit.platform.launcher.core.EngineExecutionOrchestrator.withInterceptedStreams(EngineExecutionOrchestrator.java:141) ~[junit-platform-launcher-1.10.1.jar:1.10.1]
	at org.junit.platform.launcher.core.EngineExecutionOrchestrator.execute(EngineExecutionOrchestrator.java:57) ~[junit-platform-launcher-1.10.1.jar:1.10.1]
	at org.junit.platform.launcher.core.DefaultLauncher.execute(DefaultLauncher.java:103) ~[junit-platform-launcher-1.10.1.jar:1.10.1]
	at org.junit.platform.launcher.core.DefaultLauncher.execute(DefaultLauncher.java:85) ~[junit-platform-launcher-1.10.1.jar:1.10.1]
	at org.junit.platform.launcher.core.DelegatingLauncher.execute(DelegatingLauncher.java:47) ~[junit-platform-launcher-1.10.1.jar:1.10.1]
	at org.apache.maven.surefire.junitplatform.LazyLauncher.execute(LazyLauncher.java:56) ~[surefire-junit-platform-3.1.2.jar:3.1.2]
	at org.apache.maven.surefire.junitplatform.JUnitPlatformProvider.execute(JUnitPlatformProvider.java:184) ~[surefire-junit-platform-3.1.2.jar:3.1.2]
	at org.apache.maven.surefire.junitplatform.JUnitPlatformProvider.invokeAllTests(JUnitPlatformProvider.java:148) ~[surefire-junit-platform-3.1.2.jar:3.1.2]
	at org.apache.maven.surefire.junitplatform.JUnitPlatformProvider.invoke(JUnitPlatformProvider.java:122) ~[surefire-junit-platform-3.1.2.jar:3.1.2]
	at org.apache.maven.surefire.booter.ForkedBooter.runSuitesInProcess(ForkedBooter.java:385) ~[surefire-booter-3.1.2.jar:3.1.2]
	at org.apache.maven.surefire.booter.ForkedBooter.execute(ForkedBooter.java:162) ~[surefire-booter-3.1.2.jar:3.1.2]
	at org.apache.maven.surefire.booter.ForkedBooter.run(ForkedBooter.java:507) ~[surefire-booter-3.1.2.jar:3.1.2]
	at org.apache.maven.surefire.booter.ForkedBooter.main(ForkedBooter.java:495) ~[surefire-booter-3.1.2.jar:3.1.2]

2025-10-13T13:36:42.526+02:00  WARN 80616 --- [hexagonal-app] [           main] c.t.a.core.importer.ClassFileProcessor   : Error during import from jrt:/java.base/java/lang/Byte.class, falling back to simple import

java.lang.IllegalArgumentException: Unsupported class file major version 69
	at com.tngtech.archunit.thirdparty.org.objectweb.asm.ClassReader.<init>(ClassReader.java:200) ~[archunit-1.3.0.jar:1.3.0]
	at com.tngtech.archunit.thirdparty.org.objectweb.asm.ClassReader.<init>(ClassReader.java:180) ~[archunit-1.3.0.jar:1.3.0]
	at com.tngtech.archunit.thirdparty.org.objectweb.asm.ClassReader.<init>(ClassReader.java:166) ~[archunit-1.3.0.jar:1.3.0]
	at com.tngtech.archunit.thirdparty.org.objectweb.asm.ClassReader.<init>(ClassReader.java:288) ~[archunit-1.3.0.jar:1.3.0]
	at com.tngtech.archunit.core.importer.ClassFileProcessor$UriImporterOfProcessor.tryImport(ClassFileProcessor.java:350) ~[archunit-1.3.0.jar:1.3.0]
	at com.tngtech.archunit.core.importer.resolvers.ClassResolverFromClasspath.tryResolve(ClassResolverFromClasspath.java:51) ~[archunit-1.3.0.jar:1.3.0]
	at com.tngtech.archunit.core.importer.ImportedClasses.resolve(ImportedClasses.java:80) ~[archunit-1.3.0.jar:1.3.0]
	at com.tngtech.archunit.core.importer.ImportedClasses.ensurePresent(ImportedClasses.java:75) ~[archunit-1.3.0.jar:1.3.0]
	at com.tngtech.archunit.core.importer.DependencyResolutionProcess.executeRun(DependencyResolutionProcess.java:146) ~[archunit-1.3.0.jar:1.3.0]
	at com.tngtech.archunit.core.importer.DependencyResolutionProcess.resolve(DependencyResolutionProcess.java:122) ~[archunit-1.3.0.jar:1.3.0]
	at com.tngtech.archunit.core.importer.ClassGraphCreator.complete(ClassGraphCreator.java:107) ~[archunit-1.3.0.jar:1.3.0]
	at com.tngtech.archunit.core.importer.ClassFileProcessor.process(ClassFileProcessor.java:75) ~[archunit-1.3.0.jar:1.3.0]
	at com.tngtech.archunit.core.importer.ClassFileImporter.importLocations(ClassFileImporter.java:325) ~[archunit-1.3.0.jar:1.3.0]
	at com.tngtech.archunit.junit.internal.ClassCache$CacheClassFileImporter.importClasses(ClassCache.java:126) ~[archunit-junit5-engine-1.3.0.jar:1.3.0]
	at com.tngtech.archunit.junit.internal.ClassCache$LazyJavaClasses.initialize(ClassCache.java:118) ~[archunit-junit5-engine-1.3.0.jar:1.3.0]
	at com.tngtech.archunit.junit.internal.ClassCache$LazyJavaClasses.get(ClassCache.java:107) ~[archunit-junit5-engine-1.3.0.jar:1.3.0]
	at com.tngtech.archunit.junit.internal.ClassCache.getClassesToAnalyzeFor(ClassCache.java:84) ~[archunit-junit5-engine-1.3.0.jar:1.3.0]
	at com.tngtech.archunit.junit.internal.ArchUnitTestDescriptor.lambda$createChildren$1(ArchUnitTestDescriptor.java:90) ~[archunit-junit5-engine-1.3.0.jar:1.3.0]
	at com.tngtech.archunit.junit.internal.ArchUnitTestDescriptor$ArchUnitRuleDescriptor.execute(ArchUnitTestDescriptor.java:167) ~[archunit-junit5-engine-1.3.0.jar:1.3.0]
	at com.tngtech.archunit.junit.internal.ArchUnitTestDescriptor$ArchUnitRuleDescriptor.execute(ArchUnitTestDescriptor.java:150) ~[archunit-junit5-engine-1.3.0.jar:1.3.0]
	at org.junit.platform.engine.support.hierarchical.NodeTestTask.lambda$executeRecursively$6(NodeTestTask.java:151) ~[junit-platform-engine-1.10.1.jar:1.10.1]
	at org.junit.platform.engine.support.hierarchical.ThrowableCollector.execute(ThrowableCollector.java:73) ~[junit-platform-engine-1.10.1.jar:1.10.1]
	at org.junit.platform.engine.support.hierarchical.NodeTestTask.lambda$executeRecursively$8(NodeTestTask.java:141) ~[junit-platform-engine-1.10.1.jar:1.10.1]
	at org.junit.platform.engine.support.hierarchical.Node.around(Node.java:137) ~[junit-platform-engine-1.10.1.jar:1.10.1]
	at org.junit.platform.engine.support.hierarchical.NodeTestTask.lambda$executeRecursively$9(NodeTestTask.java:139) ~[junit-platform-engine-1.10.1.jar:1.10.1]
	at org.junit.platform.engine.support.hierarchical.ThrowableCollector.execute(ThrowableCollector.java:73) ~[junit-platform-engine-1.10.1.jar:1.10.1]
	at org.junit.platform.engine.support.hierarchical.NodeTestTask.executeRecursively(NodeTestTask.java:138) ~[junit-platform-engine-1.10.1.jar:1.10.1]
	at org.junit.platform.engine.support.hierarchical.NodeTestTask.execute(NodeTestTask.java:95) ~[junit-platform-engine-1.10.1.jar:1.10.1]
	at java.base/java.util.ArrayList.forEach(ArrayList.java:1604) ~[na:na]
	at org.junit.platform.engine.support.hierarchical.SameThreadHierarchicalTestExecutorService.invokeAll(SameThreadHierarchicalTestExecutorService.java:41) ~[junit-platform-engine-1.10.1.jar:1.10.1]
	at org.junit.platform.engine.support.hierarchical.NodeTestTask.lambda$executeRecursively$6(NodeTestTask.java:155) ~[junit-platform-engine-1.10.1.jar:1.10.1]
	at org.junit.platform.engine.support.hierarchical.ThrowableCollector.execute(ThrowableCollector.java:73) ~[junit-platform-engine-1.10.1.jar:1.10.1]
	at org.junit.platform.engine.support.hierarchical.NodeTestTask.lambda$executeRecursively$8(NodeTestTask.java:141) ~[junit-platform-engine-1.10.1.jar:1.10.1]
	at org.junit.platform.engine.support.hierarchical.Node.around(Node.java:137) ~[junit-platform-engine-1.10.1.jar:1.10.1]
	at org.junit.platform.engine.support.hierarchical.NodeTestTask.lambda$executeRecursively$9(NodeTestTask.java:139) ~[junit-platform-engine-1.10.1.jar:1.10.1]
	at org.junit.platform.engine.support.hierarchical.ThrowableCollector.execute(ThrowableCollector.java:73) ~[junit-platform-engine-1.10.1.jar:1.10.1]
	at org.junit.platform.engine.support.hierarchical.NodeTestTask.executeRecursively(NodeTestTask.java:138) ~[junit-platform-engine-1.10.1.jar:1.10.1]
	at org.junit.platform.engine.support.hierarchical.NodeTestTask.execute(NodeTestTask.java:95) ~[junit-platform-engine-1.10.1.jar:1.10.1]
	at java.base/java.util.ArrayList.forEach(ArrayList.java:1604) ~[na:na]
	at org.junit.platform.engine.support.hierarchical.SameThreadHierarchicalTestExecutorService.invokeAll(SameThreadHierarchicalTestExecutorService.java:41) ~[junit-platform-engine-1.10.1.jar:1.10.1]
	at org.junit.platform.engine.support.hierarchical.NodeTestTask.lambda$executeRecursively$6(NodeTestTask.java:155) ~[junit-platform-engine-1.10.1.jar:1.10.1]
	at org.junit.platform.engine.support.hierarchical.ThrowableCollector.execute(ThrowableCollector.java:73) ~[junit-platform-engine-1.10.1.jar:1.10.1]
	at org.junit.platform.engine.support.hierarchical.NodeTestTask.lambda$executeRecursively$8(NodeTestTask.java:141) ~[junit-platform-engine-1.10.1.jar:1.10.1]
	at org.junit.platform.engine.support.hierarchical.Node.around(Node.java:137) ~[junit-platform-engine-1.10.1.jar:1.10.1]
	at org.junit.platform.engine.support.hierarchical.NodeTestTask.lambda$executeRecursively$9(NodeTestTask.java:139) ~[junit-platform-engine-1.10.1.jar:1.10.1]
	at org.junit.platform.engine.support.hierarchical.ThrowableCollector.execute(ThrowableCollector.java:73) ~[junit-platform-engine-1.10.1.jar:1.10.1]
	at org.junit.platform.engine.support.hierarchical.NodeTestTask.executeRecursively(NodeTestTask.java:138) ~[junit-platform-engine-1.10.1.jar:1.10.1]
	at org.junit.platform.engine.support.hierarchical.NodeTestTask.execute(NodeTestTask.java:95) ~[junit-platform-engine-1.10.1.jar:1.10.1]
	at org.junit.platform.engine.support.hierarchical.SameThreadHierarchicalTestExecutorService.submit(SameThreadHierarchicalTestExecutorService.java:35) ~[junit-platform-engine-1.10.1.jar:1.10.1]
	at org.junit.platform.engine.support.hierarchical.HierarchicalTestExecutor.execute(HierarchicalTestExecutor.java:57) ~[junit-platform-engine-1.10.1.jar:1.10.1]
	at org.junit.platform.engine.support.hierarchical.HierarchicalTestEngine.execute(HierarchicalTestEngine.java:54) ~[junit-platform-engine-1.10.1.jar:1.10.1]
	at org.junit.platform.launcher.core.EngineExecutionOrchestrator.execute(EngineExecutionOrchestrator.java:198) ~[junit-platform-launcher-1.10.1.jar:1.10.1]
	at org.junit.platform.launcher.core.EngineExecutionOrchestrator.execute(EngineExecutionOrchestrator.java:169) ~[junit-platform-launcher-1.10.1.jar:1.10.1]
	at org.junit.platform.launcher.core.EngineExecutionOrchestrator.execute(EngineExecutionOrchestrator.java:93) ~[junit-platform-launcher-1.10.1.jar:1.10.1]
	at org.junit.platform.launcher.core.EngineExecutionOrchestrator.lambda$execute$0(EngineExecutionOrchestrator.java:58) ~[junit-platform-launcher-1.10.1.jar:1.10.1]
	at org.junit.platform.launcher.core.EngineExecutionOrchestrator.withInterceptedStreams(EngineExecutionOrchestrator.java:141) ~[junit-platform-launcher-1.10.1.jar:1.10.1]
	at org.junit.platform.launcher.core.EngineExecutionOrchestrator.execute(EngineExecutionOrchestrator.java:57) ~[junit-platform-launcher-1.10.1.jar:1.10.1]
	at org.junit.platform.launcher.core.DefaultLauncher.execute(DefaultLauncher.java:103) ~[junit-platform-launcher-1.10.1.jar:1.10.1]
	at org.junit.platform.launcher.core.DefaultLauncher.execute(DefaultLauncher.java:85) ~[junit-platform-launcher-1.10.1.jar:1.10.1]
	at org.junit.platform.launcher.core.DelegatingLauncher.execute(DelegatingLauncher.java:47) ~[junit-platform-launcher-1.10.1.jar:1.10.1]
	at org.apache.maven.surefire.junitplatform.LazyLauncher.execute(LazyLauncher.java:56) ~[surefire-junit-platform-3.1.2.jar:3.1.2]
	at org.apache.maven.surefire.junitplatform.JUnitPlatformProvider.execute(JUnitPlatformProvider.java:184) ~[surefire-junit-platform-3.1.2.jar:3.1.2]
	at org.apache.maven.surefire.junitplatform.JUnitPlatformProvider.invokeAllTests(JUnitPlatformProvider.java:148) ~[surefire-junit-platform-3.1.2.jar:3.1.2]
	at org.apache.maven.surefire.junitplatform.JUnitPlatformProvider.invoke(JUnitPlatformProvider.java:122) ~[surefire-junit-platform-3.1.2.jar:3.1.2]
	at org.apache.maven.surefire.booter.ForkedBooter.runSuitesInProcess(ForkedBooter.java:385) ~[surefire-booter-3.1.2.jar:3.1.2]
	at org.apache.maven.surefire.booter.ForkedBooter.execute(ForkedBooter.java:162) ~[surefire-booter-3.1.2.jar:3.1.2]
	at org.apache.maven.surefire.booter.ForkedBooter.run(ForkedBooter.java:507) ~[surefire-booter-3.1.2.jar:3.1.2]
	at org.apache.maven.surefire.booter.ForkedBooter.main(ForkedBooter.java:495) ~[surefire-booter-3.1.2.jar:3.1.2]

2025-10-13T13:36:42.529+02:00  WARN 80616 --- [hexagonal-app] [           main] c.t.a.core.importer.ClassFileProcessor   : Error during import from jrt:/java.base/java/lang/annotation/Annotation.class, falling back to simple import

java.lang.IllegalArgumentException: Unsupported class file major version 69
	at com.tngtech.archunit.thirdparty.org.objectweb.asm.ClassReader.<init>(ClassReader.java:200) ~[archunit-1.3.0.jar:1.3.0]
	at com.tngtech.archunit.thirdparty.org.objectweb.asm.ClassReader.<init>(ClassReader.java:180) ~[archunit-1.3.0.jar:1.3.0]
	at com.tngtech.archunit.thirdparty.org.objectweb.asm.ClassReader.<init>(ClassReader.java:166) ~[archunit-1.3.0.jar:1.3.0]
	at com.tngtech.archunit.thirdparty.org.objectweb.asm.ClassReader.<init>(ClassReader.java:288) ~[archunit-1.3.0.jar:1.3.0]
	at com.tngtech.archunit.core.importer.ClassFileProcessor$UriImporterOfProcessor.tryImport(ClassFileProcessor.java:350) ~[archunit-1.3.0.jar:1.3.0]
	at com.tngtech.archunit.core.importer.resolvers.ClassResolverFromClasspath.tryResolve(ClassResolverFromClasspath.java:51) ~[archunit-1.3.0.jar:1.3.0]
	at com.tngtech.archunit.core.importer.ImportedClasses.resolve(ImportedClasses.java:80) ~[archunit-1.3.0.jar:1.3.0]
	at com.tngtech.archunit.core.importer.ImportedClasses.ensurePresent(ImportedClasses.java:75) ~[archunit-1.3.0.jar:1.3.0]
	at com.tngtech.archunit.core.importer.DependencyResolutionProcess.executeRun(DependencyResolutionProcess.java:146) ~[archunit-1.3.0.jar:1.3.0]
	at com.tngtech.archunit.core.importer.DependencyResolutionProcess.resolve(DependencyResolutionProcess.java:122) ~[archunit-1.3.0.jar:1.3.0]
	at com.tngtech.archunit.core.importer.ClassGraphCreator.complete(ClassGraphCreator.java:107) ~[archunit-1.3.0.jar:1.3.0]
	at com.tngtech.archunit.core.importer.ClassFileProcessor.process(ClassFileProcessor.java:75) ~[archunit-1.3.0.jar:1.3.0]
	at com.tngtech.archunit.core.importer.ClassFileImporter.importLocations(ClassFileImporter.java:325) ~[archunit-1.3.0.jar:1.3.0]
	at com.tngtech.archunit.junit.internal.ClassCache$CacheClassFileImporter.importClasses(ClassCache.java:126) ~[archunit-junit5-engine-1.3.0.jar:1.3.0]
	at com.tngtech.archunit.junit.internal.ClassCache$LazyJavaClasses.initialize(ClassCache.java:118) ~[archunit-junit5-engine-1.3.0.jar:1.3.0]
	at com.tngtech.archunit.junit.internal.ClassCache$LazyJavaClasses.get(ClassCache.java:107) ~[archunit-junit5-engine-1.3.0.jar:1.3.0]
	at com.tngtech.archunit.junit.internal.ClassCache.getClassesToAnalyzeFor(ClassCache.java:84) ~[archunit-junit5-engine-1.3.0.jar:1.3.0]
	at com.tngtech.archunit.junit.internal.ArchUnitTestDescriptor.lambda$createChildren$1(ArchUnitTestDescriptor.java:90) ~[archunit-junit5-engine-1.3.0.jar:1.3.0]
	at com.tngtech.archunit.junit.internal.ArchUnitTestDescriptor$ArchUnitRuleDescriptor.execute(ArchUnitTestDescriptor.java:167) ~[archunit-junit5-engine-1.3.0.jar:1.3.0]
	at com.tngtech.archunit.junit.internal.ArchUnitTestDescriptor$ArchUnitRuleDescriptor.execute(ArchUnitTestDescriptor.java:150) ~[archunit-junit5-engine-1.3.0.jar:1.3.0]
	at org.junit.platform.engine.support.hierarchical.NodeTestTask.lambda$executeRecursively$6(NodeTestTask.java:151) ~[junit-platform-engine-1.10.1.jar:1.10.1]
	at org.junit.platform.engine.support.hierarchical.ThrowableCollector.execute(ThrowableCollector.java:73) ~[junit-platform-engine-1.10.1.jar:1.10.1]
	at org.junit.platform.engine.support.hierarchical.NodeTestTask.lambda$executeRecursively$8(NodeTestTask.java:141) ~[junit-platform-engine-1.10.1.jar:1.10.1]
	at org.junit.platform.engine.support.hierarchical.Node.around(Node.java:137) ~[junit-platform-engine-1.10.1.jar:1.10.1]
	at org.junit.platform.engine.support.hierarchical.NodeTestTask.lambda$executeRecursively$9(NodeTestTask.java:139) ~[junit-platform-engine-1.10.1.jar:1.10.1]
	at org.junit.platform.engine.support.hierarchical.ThrowableCollector.execute(ThrowableCollector.java:73) ~[junit-platform-engine-1.10.1.jar:1.10.1]
	at org.junit.platform.engine.support.hierarchical.NodeTestTask.executeRecursively(NodeTestTask.java:138) ~[junit-platform-engine-1.10.1.jar:1.10.1]
	at org.junit.platform.engine.support.hierarchical.NodeTestTask.execute(NodeTestTask.java:95) ~[junit-platform-engine-1.10.1.jar:1.10.1]
	at java.base/java.util.ArrayList.forEach(ArrayList.java:1604) ~[na:na]
	at org.junit.platform.engine.support.hierarchical.SameThreadHierarchicalTestExecutorService.invokeAll(SameThreadHierarchicalTestExecutorService.java:41) ~[junit-platform-engine-1.10.1.jar:1.10.1]
	at org.junit.platform.engine.support.hierarchical.NodeTestTask.lambda$executeRecursively$6(NodeTestTask.java:155) ~[junit-platform-engine-1.10.1.jar:1.10.1]
	at org.junit.platform.engine.support.hierarchical.ThrowableCollector.execute(ThrowableCollector.java:73) ~[junit-platform-engine-1.10.1.jar:1.10.1]
	at org.junit.platform.engine.support.hierarchical.NodeTestTask.lambda$executeRecursively$8(NodeTestTask.java:141) ~[junit-platform-engine-1.10.1.jar:1.10.1]
	at org.junit.platform.engine.support.hierarchical.Node.around(Node.java:137) ~[junit-platform-engine-1.10.1.jar:1.10.1]
	at org.junit.platform.engine.support.hierarchical.NodeTestTask.lambda$executeRecursively$9(NodeTestTask.java:139) ~[junit-platform-engine-1.10.1.jar:1.10.1]
	at org.junit.platform.engine.support.hierarchical.ThrowableCollector.execute(ThrowableCollector.java:73) ~[junit-platform-engine-1.10.1.jar:1.10.1]
	at org.junit.platform.engine.support.hierarchical.NodeTestTask.executeRecursively(NodeTestTask.java:138) ~[junit-platform-engine-1.10.1.jar:1.10.1]
	at org.junit.platform.engine.support.hierarchical.NodeTestTask.execute(NodeTestTask.java:95) ~[junit-platform-engine-1.10.1.jar:1.10.1]
	at java.base/java.util.ArrayList.forEach(ArrayList.java:1604) ~[na:na]
	at org.junit.platform.engine.support.hierarchical.SameThreadHierarchicalTestExecutorService.invokeAll(SameThreadHierarchicalTestExecutorService.java:41) ~[junit-platform-engine-1.10.1.jar:1.10.1]
	at org.junit.platform.engine.support.hierarchical.NodeTestTask.lambda$executeRecursively$6(NodeTestTask.java:155) ~[junit-platform-engine-1.10.1.jar:1.10.1]
	at org.junit.platform.engine.support.hierarchical.ThrowableCollector.execute(ThrowableCollector.java:73) ~[junit-platform-engine-1.10.1.jar:1.10.1]
	at org.junit.platform.engine.support.hierarchical.NodeTestTask.lambda$executeRecursively$8(NodeTestTask.java:141) ~[junit-platform-engine-1.10.1.jar:1.10.1]
	at org.junit.platform.engine.support.hierarchical.Node.around(Node.java:137) ~[junit-platform-engine-1.10.1.jar:1.10.1]
	at org.junit.platform.engine.support.hierarchical.NodeTestTask.lambda$executeRecursively$9(NodeTestTask.java:139) ~[junit-platform-engine-1.10.1.jar:1.10.1]
	at org.junit.platform.engine.support.hierarchical.ThrowableCollector.execute(ThrowableCollector.java:73) ~[junit-platform-engine-1.10.1.jar:1.10.1]
	at org.junit.platform.engine.support.hierarchical.NodeTestTask.executeRecursively(NodeTestTask.java:138) ~[junit-platform-engine-1.10.1.jar:1.10.1]
	at org.junit.platform.engine.support.hierarchical.NodeTestTask.execute(NodeTestTask.java:95) ~[junit-platform-engine-1.10.1.jar:1.10.1]
	at org.junit.platform.engine.support.hierarchical.SameThreadHierarchicalTestExecutorService.submit(SameThreadHierarchicalTestExecutorService.java:35) ~[junit-platform-engine-1.10.1.jar:1.10.1]
	at org.junit.platform.engine.support.hierarchical.HierarchicalTestExecutor.execute(HierarchicalTestExecutor.java:57) ~[junit-platform-engine-1.10.1.jar:1.10.1]
	at org.junit.platform.engine.support.hierarchical.HierarchicalTestEngine.execute(HierarchicalTestEngine.java:54) ~[junit-platform-engine-1.10.1.jar:1.10.1]
	at org.junit.platform.launcher.core.EngineExecutionOrchestrator.execute(EngineExecutionOrchestrator.java:198) ~[junit-platform-launcher-1.10.1.jar:1.10.1]
	at org.junit.platform.launcher.core.EngineExecutionOrchestrator.execute(EngineExecutionOrchestrator.java:169) ~[junit-platform-launcher-1.10.1.jar:1.10.1]
	at org.junit.platform.launcher.core.EngineExecutionOrchestrator.execute(EngineExecutionOrchestrator.java:93) ~[junit-platform-launcher-1.10.1.jar:1.10.1]
	at org.junit.platform.launcher.core.EngineExecutionOrchestrator.lambda$execute$0(EngineExecutionOrchestrator.java:58) ~[junit-platform-launcher-1.10.1.jar:1.10.1]
	at org.junit.platform.launcher.core.EngineExecutionOrchestrator.withInterceptedStreams(EngineExecutionOrchestrator.java:141) ~[junit-platform-launcher-1.10.1.jar:1.10.1]
	at org.junit.platform.launcher.core.EngineExecutionOrchestrator.execute(EngineExecutionOrchestrator.java:57) ~[junit-platform-launcher-1.10.1.jar:1.10.1]
	at org.junit.platform.launcher.core.DefaultLauncher.execute(DefaultLauncher.java:103) ~[junit-platform-launcher-1.10.1.jar:1.10.1]
	at org.junit.platform.launcher.core.DefaultLauncher.execute(DefaultLauncher.java:85) ~[junit-platform-launcher-1.10.1.jar:1.10.1]
	at org.junit.platform.launcher.core.DelegatingLauncher.execute(DelegatingLauncher.java:47) ~[junit-platform-launcher-1.10.1.jar:1.10.1]
	at org.apache.maven.surefire.junitplatform.LazyLauncher.execute(LazyLauncher.java:56) ~[surefire-junit-platform-3.1.2.jar:3.1.2]
	at org.apache.maven.surefire.junitplatform.JUnitPlatformProvider.execute(JUnitPlatformProvider.java:184) ~[surefire-junit-platform-3.1.2.jar:3.1.2]
	at org.apache.maven.surefire.junitplatform.JUnitPlatformProvider.invokeAllTests(JUnitPlatformProvider.java:148) ~[surefire-junit-platform-3.1.2.jar:3.1.2]
	at org.apache.maven.surefire.junitplatform.JUnitPlatformProvider.invoke(JUnitPlatformProvider.java:122) ~[surefire-junit-platform-3.1.2.jar:3.1.2]
	at org.apache.maven.surefire.booter.ForkedBooter.runSuitesInProcess(ForkedBooter.java:385) ~[surefire-booter-3.1.2.jar:3.1.2]
	at org.apache.maven.surefire.booter.ForkedBooter.execute(ForkedBooter.java:162) ~[surefire-booter-3.1.2.jar:3.1.2]
	at org.apache.maven.surefire.booter.ForkedBooter.run(ForkedBooter.java:507) ~[surefire-booter-3.1.2.jar:3.1.2]
	at org.apache.maven.surefire.booter.ForkedBooter.main(ForkedBooter.java:495) ~[surefire-booter-3.1.2.jar:3.1.2]

2025-10-13T13:36:42.532+02:00  WARN 80616 --- [hexagonal-app] [           main] c.t.a.core.importer.ClassFileProcessor   : Error during import from jrt:/java.base/java/lang/annotation/Retention.class, falling back to simple import

java.lang.IllegalArgumentException: Unsupported class file major version 69
	at com.tngtech.archunit.thirdparty.org.objectweb.asm.ClassReader.<init>(ClassReader.java:200) ~[archunit-1.3.0.jar:1.3.0]
	at com.tngtech.archunit.thirdparty.org.objectweb.asm.ClassReader.<init>(ClassReader.java:180) ~[archunit-1.3.0.jar:1.3.0]
	at com.tngtech.archunit.thirdparty.org.objectweb.asm.ClassReader.<init>(ClassReader.java:166) ~[archunit-1.3.0.jar:1.3.0]
	at com.tngtech.archunit.thirdparty.org.objectweb.asm.ClassReader.<init>(ClassReader.java:288) ~[archunit-1.3.0.jar:1.3.0]
	at com.tngtech.archunit.core.importer.ClassFileProcessor$UriImporterOfProcessor.tryImport(ClassFileProcessor.java:350) ~[archunit-1.3.0.jar:1.3.0]
	at com.tngtech.archunit.core.importer.resolvers.ClassResolverFromClasspath.tryResolve(ClassResolverFromClasspath.java:51) ~[archunit-1.3.0.jar:1.3.0]
	at com.tngtech.archunit.core.importer.ImportedClasses.resolve(ImportedClasses.java:80) ~[archunit-1.3.0.jar:1.3.0]
	at com.tngtech.archunit.core.importer.ImportedClasses.ensurePresent(ImportedClasses.java:75) ~[archunit-1.3.0.jar:1.3.0]
	at com.tngtech.archunit.core.importer.DependencyResolutionProcess.executeRun(DependencyResolutionProcess.java:146) ~[archunit-1.3.0.jar:1.3.0]
	at com.tngtech.archunit.core.importer.DependencyResolutionProcess.resolve(DependencyResolutionProcess.java:122) ~[archunit-1.3.0.jar:1.3.0]
	at com.tngtech.archunit.core.importer.ClassGraphCreator.complete(ClassGraphCreator.java:107) ~[archunit-1.3.0.jar:1.3.0]
	at com.tngtech.archunit.core.importer.ClassFileProcessor.process(ClassFileProcessor.java:75) ~[archunit-1.3.0.jar:1.3.0]
	at com.tngtech.archunit.core.importer.ClassFileImporter.importLocations(ClassFileImporter.java:325) ~[archunit-1.3.0.jar:1.3.0]
	at com.tngtech.archunit.junit.internal.ClassCache$CacheClassFileImporter.importClasses(ClassCache.java:126) ~[archunit-junit5-engine-1.3.0.jar:1.3.0]
	at com.tngtech.archunit.junit.internal.ClassCache$LazyJavaClasses.initialize(ClassCache.java:118) ~[archunit-junit5-engine-1.3.0.jar:1.3.0]
	at com.tngtech.archunit.junit.internal.ClassCache$LazyJavaClasses.get(ClassCache.java:107) ~[archunit-junit5-engine-1.3.0.jar:1.3.0]
	at com.tngtech.archunit.junit.internal.ClassCache.getClassesToAnalyzeFor(ClassCache.java:84) ~[archunit-junit5-engine-1.3.0.jar:1.3.0]
	at com.tngtech.archunit.junit.internal.ArchUnitTestDescriptor.lambda$createChildren$1(ArchUnitTestDescriptor.java:90) ~[archunit-junit5-engine-1.3.0.jar:1.3.0]
	at com.tngtech.archunit.junit.internal.ArchUnitTestDescriptor$ArchUnitRuleDescriptor.execute(ArchUnitTestDescriptor.java:167) ~[archunit-junit5-engine-1.3.0.jar:1.3.0]
	at com.tngtech.archunit.junit.internal.ArchUnitTestDescriptor$ArchUnitRuleDescriptor.execute(ArchUnitTestDescriptor.java:150) ~[archunit-junit5-engine-1.3.0.jar:1.3.0]
	at org.junit.platform.engine.support.hierarchical.NodeTestTask.lambda$executeRecursively$6(NodeTestTask.java:151) ~[junit-platform-engine-1.10.1.jar:1.10.1]
	at org.junit.platform.engine.support.hierarchical.ThrowableCollector.execute(ThrowableCollector.java:73) ~[junit-platform-engine-1.10.1.jar:1.10.1]
	at org.junit.platform.engine.support.hierarchical.NodeTestTask.lambda$executeRecursively$8(NodeTestTask.java:141) ~[junit-platform-engine-1.10.1.jar:1.10.1]
	at org.junit.platform.engine.support.hierarchical.Node.around(Node.java:137) ~[junit-platform-engine-1.10.1.jar:1.10.1]
	at org.junit.platform.engine.support.hierarchical.NodeTestTask.lambda$executeRecursively$9(NodeTestTask.java:139) ~[junit-platform-engine-1.10.1.jar:1.10.1]
	at org.junit.platform.engine.support.hierarchical.ThrowableCollector.execute(ThrowableCollector.java:73) ~[junit-platform-engine-1.10.1.jar:1.10.1]
	at org.junit.platform.engine.support.hierarchical.NodeTestTask.executeRecursively(NodeTestTask.java:138) ~[junit-platform-engine-1.10.1.jar:1.10.1]
	at org.junit.platform.engine.support.hierarchical.NodeTestTask.execute(NodeTestTask.java:95) ~[junit-platform-engine-1.10.1.jar:1.10.1]
	at java.base/java.util.ArrayList.forEach(ArrayList.java:1604) ~[na:na]
	at org.junit.platform.engine.support.hierarchical.SameThreadHierarchicalTestExecutorService.invokeAll(SameThreadHierarchicalTestExecutorService.java:41) ~[junit-platform-engine-1.10.1.jar:1.10.1]
	at org.junit.platform.engine.support.hierarchical.NodeTestTask.lambda$executeRecursively$6(NodeTestTask.java:155) ~[junit-platform-engine-1.10.1.jar:1.10.1]
	at org.junit.platform.engine.support.hierarchical.ThrowableCollector.execute(ThrowableCollector.java:73) ~[junit-platform-engine-1.10.1.jar:1.10.1]
	at org.junit.platform.engine.support.hierarchical.NodeTestTask.lambda$executeRecursively$8(NodeTestTask.java:141) ~[junit-platform-engine-1.10.1.jar:1.10.1]
	at org.junit.platform.engine.support.hierarchical.Node.around(Node.java:137) ~[junit-platform-engine-1.10.1.jar:1.10.1]
	at org.junit.platform.engine.support.hierarchical.NodeTestTask.lambda$executeRecursively$9(NodeTestTask.java:139) ~[junit-platform-engine-1.10.1.jar:1.10.1]
	at org.junit.platform.engine.support.hierarchical.ThrowableCollector.execute(ThrowableCollector.java:73) ~[junit-platform-engine-1.10.1.jar:1.10.1]
	at org.junit.platform.engine.support.hierarchical.NodeTestTask.executeRecursively(NodeTestTask.java:138) ~[junit-platform-engine-1.10.1.jar:1.10.1]
	at org.junit.platform.engine.support.hierarchical.NodeTestTask.execute(NodeTestTask.java:95) ~[junit-platform-engine-1.10.1.jar:1.10.1]
	at java.base/java.util.ArrayList.forEach(ArrayList.java:1604) ~[na:na]
	at org.junit.platform.engine.support.hierarchical.SameThreadHierarchicalTestExecutorService.invokeAll(SameThreadHierarchicalTestExecutorService.java:41) ~[junit-platform-engine-1.10.1.jar:1.10.1]
	at org.junit.platform.engine.support.hierarchical.NodeTestTask.lambda$executeRecursively$6(NodeTestTask.java:155) ~[junit-platform-engine-1.10.1.jar:1.10.1]
	at org.junit.platform.engine.support.hierarchical.ThrowableCollector.execute(ThrowableCollector.java:73) ~[junit-platform-engine-1.10.1.jar:1.10.1]
	at org.junit.platform.engine.support.hierarchical.NodeTestTask.lambda$executeRecursively$8(NodeTestTask.java:141) ~[junit-platform-engine-1.10.1.jar:1.10.1]
	at org.junit.platform.engine.support.hierarchical.Node.around(Node.java:137) ~[junit-platform-engine-1.10.1.jar:1.10.1]
	at org.junit.platform.engine.support.hierarchical.NodeTestTask.lambda$executeRecursively$9(NodeTestTask.java:139) ~[junit-platform-engine-1.10.1.jar:1.10.1]
	at org.junit.platform.engine.support.hierarchical.ThrowableCollector.execute(ThrowableCollector.java:73) ~[junit-platform-engine-1.10.1.jar:1.10.1]
	at org.junit.platform.engine.support.hierarchical.NodeTestTask.executeRecursively(NodeTestTask.java:138) ~[junit-platform-engine-1.10.1.jar:1.10.1]
	at org.junit.platform.engine.support.hierarchical.NodeTestTask.execute(NodeTestTask.java:95) ~[junit-platform-engine-1.10.1.jar:1.10.1]
	at org.junit.platform.engine.support.hierarchical.SameThreadHierarchicalTestExecutorService.submit(SameThreadHierarchicalTestExecutorService.java:35) ~[junit-platform-engine-1.10.1.jar:1.10.1]
	at org.junit.platform.engine.support.hierarchical.HierarchicalTestExecutor.execute(HierarchicalTestExecutor.java:57) ~[junit-platform-engine-1.10.1.jar:1.10.1]
	at org.junit.platform.engine.support.hierarchical.HierarchicalTestEngine.execute(HierarchicalTestEngine.java:54) ~[junit-platform-engine-1.10.1.jar:1.10.1]
	at org.junit.platform.launcher.core.EngineExecutionOrchestrator.execute(EngineExecutionOrchestrator.java:198) ~[junit-platform-launcher-1.10.1.jar:1.10.1]
	at org.junit.platform.launcher.core.EngineExecutionOrchestrator.execute(EngineExecutionOrchestrator.java:169) ~[junit-platform-launcher-1.10.1.jar:1.10.1]
	at org.junit.platform.launcher.core.EngineExecutionOrchestrator.execute(EngineExecutionOrchestrator.java:93) ~[junit-platform-launcher-1.10.1.jar:1.10.1]
	at org.junit.platform.launcher.core.EngineExecutionOrchestrator.lambda$execute$0(EngineExecutionOrchestrator.java:58) ~[junit-platform-launcher-1.10.1.jar:1.10.1]
	at org.junit.platform.launcher.core.EngineExecutionOrchestrator.withInterceptedStreams(EngineExecutionOrchestrator.java:141) ~[junit-platform-launcher-1.10.1.jar:1.10.1]
	at org.junit.platform.launcher.core.EngineExecutionOrchestrator.execute(EngineExecutionOrchestrator.java:57) ~[junit-platform-launcher-1.10.1.jar:1.10.1]
	at org.junit.platform.launcher.core.DefaultLauncher.execute(DefaultLauncher.java:103) ~[junit-platform-launcher-1.10.1.jar:1.10.1]
	at org.junit.platform.launcher.core.DefaultLauncher.execute(DefaultLauncher.java:85) ~[junit-platform-launcher-1.10.1.jar:1.10.1]
	at org.junit.platform.launcher.core.DelegatingLauncher.execute(DelegatingLauncher.java:47) ~[junit-platform-launcher-1.10.1.jar:1.10.1]
	at org.apache.maven.surefire.junitplatform.LazyLauncher.execute(LazyLauncher.java:56) ~[surefire-junit-platform-3.1.2.jar:3.1.2]
	at org.apache.maven.surefire.junitplatform.JUnitPlatformProvider.execute(JUnitPlatformProvider.java:184) ~[surefire-junit-platform-3.1.2.jar:3.1.2]
	at org.apache.maven.surefire.junitplatform.JUnitPlatformProvider.invokeAllTests(JUnitPlatformProvider.java:148) ~[surefire-junit-platform-3.1.2.jar:3.1.2]
	at org.apache.maven.surefire.junitplatform.JUnitPlatformProvider.invoke(JUnitPlatformProvider.java:122) ~[surefire-junit-platform-3.1.2.jar:3.1.2]
	at org.apache.maven.surefire.booter.ForkedBooter.runSuitesInProcess(ForkedBooter.java:385) ~[surefire-booter-3.1.2.jar:3.1.2]
	at org.apache.maven.surefire.booter.ForkedBooter.execute(ForkedBooter.java:162) ~[surefire-booter-3.1.2.jar:3.1.2]
	at org.apache.maven.surefire.booter.ForkedBooter.run(ForkedBooter.java:507) ~[surefire-booter-3.1.2.jar:3.1.2]
	at org.apache.maven.surefire.booter.ForkedBooter.main(ForkedBooter.java:495) ~[surefire-booter-3.1.2.jar:3.1.2]

2025-10-13T13:36:42.533+02:00  WARN 80616 --- [hexagonal-app] [           main] c.t.a.core.importer.ClassFileProcessor   : Error during import from jrt:/java.base/java/lang/annotation/Repeatable.class, falling back to simple import

java.lang.IllegalArgumentException: Unsupported class file major version 69
	at com.tngtech.archunit.thirdparty.org.objectweb.asm.ClassReader.<init>(ClassReader.java:200) ~[archunit-1.3.0.jar:1.3.0]
	at com.tngtech.archunit.thirdparty.org.objectweb.asm.ClassReader.<init>(ClassReader.java:180) ~[archunit-1.3.0.jar:1.3.0]
	at com.tngtech.archunit.thirdparty.org.objectweb.asm.ClassReader.<init>(ClassReader.java:166) ~[archunit-1.3.0.jar:1.3.0]
	at com.tngtech.archunit.thirdparty.org.objectweb.asm.ClassReader.<init>(ClassReader.java:288) ~[archunit-1.3.0.jar:1.3.0]
	at com.tngtech.archunit.core.importer.ClassFileProcessor$UriImporterOfProcessor.tryImport(ClassFileProcessor.java:350) ~[archunit-1.3.0.jar:1.3.0]
	at com.tngtech.archunit.core.importer.resolvers.ClassResolverFromClasspath.tryResolve(ClassResolverFromClasspath.java:51) ~[archunit-1.3.0.jar:1.3.0]
	at com.tngtech.archunit.core.importer.ImportedClasses.resolve(ImportedClasses.java:80) ~[archunit-1.3.0.jar:1.3.0]
	at com.tngtech.archunit.core.importer.ImportedClasses.ensurePresent(ImportedClasses.java:75) ~[archunit-1.3.0.jar:1.3.0]
	at com.tngtech.archunit.core.importer.DependencyResolutionProcess.executeRun(DependencyResolutionProcess.java:146) ~[archunit-1.3.0.jar:1.3.0]
	at com.tngtech.archunit.core.importer.DependencyResolutionProcess.resolve(DependencyResolutionProcess.java:122) ~[archunit-1.3.0.jar:1.3.0]
	at com.tngtech.archunit.core.importer.ClassGraphCreator.complete(ClassGraphCreator.java:107) ~[archunit-1.3.0.jar:1.3.0]
	at com.tngtech.archunit.core.importer.ClassFileProcessor.process(ClassFileProcessor.java:75) ~[archunit-1.3.0.jar:1.3.0]
	at com.tngtech.archunit.core.importer.ClassFileImporter.importLocations(ClassFileImporter.java:325) ~[archunit-1.3.0.jar:1.3.0]
	at com.tngtech.archunit.junit.internal.ClassCache$CacheClassFileImporter.importClasses(ClassCache.java:126) ~[archunit-junit5-engine-1.3.0.jar:1.3.0]
	at com.tngtech.archunit.junit.internal.ClassCache$LazyJavaClasses.initialize(ClassCache.java:118) ~[archunit-junit5-engine-1.3.0.jar:1.3.0]
	at com.tngtech.archunit.junit.internal.ClassCache$LazyJavaClasses.get(ClassCache.java:107) ~[archunit-junit5-engine-1.3.0.jar:1.3.0]
	at com.tngtech.archunit.junit.internal.ClassCache.getClassesToAnalyzeFor(ClassCache.java:84) ~[archunit-junit5-engine-1.3.0.jar:1.3.0]
	at com.tngtech.archunit.junit.internal.ArchUnitTestDescriptor.lambda$createChildren$1(ArchUnitTestDescriptor.java:90) ~[archunit-junit5-engine-1.3.0.jar:1.3.0]
	at com.tngtech.archunit.junit.internal.ArchUnitTestDescriptor$ArchUnitRuleDescriptor.execute(ArchUnitTestDescriptor.java:167) ~[archunit-junit5-engine-1.3.0.jar:1.3.0]
	at com.tngtech.archunit.junit.internal.ArchUnitTestDescriptor$ArchUnitRuleDescriptor.execute(ArchUnitTestDescriptor.java:150) ~[archunit-junit5-engine-1.3.0.jar:1.3.0]
	at org.junit.platform.engine.support.hierarchical.NodeTestTask.lambda$executeRecursively$6(NodeTestTask.java:151) ~[junit-platform-engine-1.10.1.jar:1.10.1]
	at org.junit.platform.engine.support.hierarchical.ThrowableCollector.execute(ThrowableCollector.java:73) ~[junit-platform-engine-1.10.1.jar:1.10.1]
	at org.junit.platform.engine.support.hierarchical.NodeTestTask.lambda$executeRecursively$8(NodeTestTask.java:141) ~[junit-platform-engine-1.10.1.jar:1.10.1]
	at org.junit.platform.engine.support.hierarchical.Node.around(Node.java:137) ~[junit-platform-engine-1.10.1.jar:1.10.1]
	at org.junit.platform.engine.support.hierarchical.NodeTestTask.lambda$executeRecursively$9(NodeTestTask.java:139) ~[junit-platform-engine-1.10.1.jar:1.10.1]
	at org.junit.platform.engine.support.hierarchical.ThrowableCollector.execute(ThrowableCollector.java:73) ~[junit-platform-engine-1.10.1.jar:1.10.1]
	at org.junit.platform.engine.support.hierarchical.NodeTestTask.executeRecursively(NodeTestTask.java:138) ~[junit-platform-engine-1.10.1.jar:1.10.1]
	at org.junit.platform.engine.support.hierarchical.NodeTestTask.execute(NodeTestTask.java:95) ~[junit-platform-engine-1.10.1.jar:1.10.1]
	at java.base/java.util.ArrayList.forEach(ArrayList.java:1604) ~[na:na]
	at org.junit.platform.engine.support.hierarchical.SameThreadHierarchicalTestExecutorService.invokeAll(SameThreadHierarchicalTestExecutorService.java:41) ~[junit-platform-engine-1.10.1.jar:1.10.1]
	at org.junit.platform.engine.support.hierarchical.NodeTestTask.lambda$executeRecursively$6(NodeTestTask.java:155) ~[junit-platform-engine-1.10.1.jar:1.10.1]
	at org.junit.platform.engine.support.hierarchical.ThrowableCollector.execute(ThrowableCollector.java:73) ~[junit-platform-engine-1.10.1.jar:1.10.1]
	at org.junit.platform.engine.support.hierarchical.NodeTestTask.lambda$executeRecursively$8(NodeTestTask.java:141) ~[junit-platform-engine-1.10.1.jar:1.10.1]
	at org.junit.platform.engine.support.hierarchical.Node.around(Node.java:137) ~[junit-platform-engine-1.10.1.jar:1.10.1]
	at org.junit.platform.engine.support.hierarchical.NodeTestTask.lambda$executeRecursively$9(NodeTestTask.java:139) ~[junit-platform-engine-1.10.1.jar:1.10.1]
	at org.junit.platform.engine.support.hierarchical.ThrowableCollector.execute(ThrowableCollector.java:73) ~[junit-platform-engine-1.10.1.jar:1.10.1]
	at org.junit.platform.engine.support.hierarchical.NodeTestTask.executeRecursively(NodeTestTask.java:138) ~[junit-platform-engine-1.10.1.jar:1.10.1]
	at org.junit.platform.engine.support.hierarchical.NodeTestTask.execute(NodeTestTask.java:95) ~[junit-platform-engine-1.10.1.jar:1.10.1]
	at java.base/java.util.ArrayList.forEach(ArrayList.java:1604) ~[na:na]
	at org.junit.platform.engine.support.hierarchical.SameThreadHierarchicalTestExecutorService.invokeAll(SameThreadHierarchicalTestExecutorService.java:41) ~[junit-platform-engine-1.10.1.jar:1.10.1]
	at org.junit.platform.engine.support.hierarchical.NodeTestTask.lambda$executeRecursively$6(NodeTestTask.java:155) ~[junit-platform-engine-1.10.1.jar:1.10.1]
	at org.junit.platform.engine.support.hierarchical.ThrowableCollector.execute(ThrowableCollector.java:73) ~[junit-platform-engine-1.10.1.jar:1.10.1]
	at org.junit.platform.engine.support.hierarchical.NodeTestTask.lambda$executeRecursively$8(NodeTestTask.java:141) ~[junit-platform-engine-1.10.1.jar:1.10.1]
	at org.junit.platform.engine.support.hierarchical.Node.around(Node.java:137) ~[junit-platform-engine-1.10.1.jar:1.10.1]
	at org.junit.platform.engine.support.hierarchical.NodeTestTask.lambda$executeRecursively$9(NodeTestTask.java:139) ~[junit-platform-engine-1.10.1.jar:1.10.1]
	at org.junit.platform.engine.support.hierarchical.ThrowableCollector.execute(ThrowableCollector.java:73) ~[junit-platform-engine-1.10.1.jar:1.10.1]
	at org.junit.platform.engine.support.hierarchical.NodeTestTask.executeRecursively(NodeTestTask.java:138) ~[junit-platform-engine-1.10.1.jar:1.10.1]
	at org.junit.platform.engine.support.hierarchical.NodeTestTask.execute(NodeTestTask.java:95) ~[junit-platform-engine-1.10.1.jar:1.10.1]
	at org.junit.platform.engine.support.hierarchical.SameThreadHierarchicalTestExecutorService.submit(SameThreadHierarchicalTestExecutorService.java:35) ~[junit-platform-engine-1.10.1.jar:1.10.1]
	at org.junit.platform.engine.support.hierarchical.HierarchicalTestExecutor.execute(HierarchicalTestExecutor.java:57) ~[junit-platform-engine-1.10.1.jar:1.10.1]
	at org.junit.platform.engine.support.hierarchical.HierarchicalTestEngine.execute(HierarchicalTestEngine.java:54) ~[junit-platform-engine-1.10.1.jar:1.10.1]
	at org.junit.platform.launcher.core.EngineExecutionOrchestrator.execute(EngineExecutionOrchestrator.java:198) ~[junit-platform-launcher-1.10.1.jar:1.10.1]
	at org.junit.platform.launcher.core.EngineExecutionOrchestrator.execute(EngineExecutionOrchestrator.java:169) ~[junit-platform-launcher-1.10.1.jar:1.10.1]
	at org.junit.platform.launcher.core.EngineExecutionOrchestrator.execute(EngineExecutionOrchestrator.java:93) ~[junit-platform-launcher-1.10.1.jar:1.10.1]
	at org.junit.platform.launcher.core.EngineExecutionOrchestrator.lambda$execute$0(EngineExecutionOrchestrator.java:58) ~[junit-platform-launcher-1.10.1.jar:1.10.1]
	at org.junit.platform.launcher.core.EngineExecutionOrchestrator.withInterceptedStreams(EngineExecutionOrchestrator.java:141) ~[junit-platform-launcher-1.10.1.jar:1.10.1]
	at org.junit.platform.launcher.core.EngineExecutionOrchestrator.execute(EngineExecutionOrchestrator.java:57) ~[junit-platform-launcher-1.10.1.jar:1.10.1]
	at org.junit.platform.launcher.core.DefaultLauncher.execute(DefaultLauncher.java:103) ~[junit-platform-launcher-1.10.1.jar:1.10.1]
	at org.junit.platform.launcher.core.DefaultLauncher.execute(DefaultLauncher.java:85) ~[junit-platform-launcher-1.10.1.jar:1.10.1]
	at org.junit.platform.launcher.core.DelegatingLauncher.execute(DelegatingLauncher.java:47) ~[junit-platform-launcher-1.10.1.jar:1.10.1]
	at org.apache.maven.surefire.junitplatform.LazyLauncher.execute(LazyLauncher.java:56) ~[surefire-junit-platform-3.1.2.jar:3.1.2]
	at org.apache.maven.surefire.junitplatform.JUnitPlatformProvider.execute(JUnitPlatformProvider.java:184) ~[surefire-junit-platform-3.1.2.jar:3.1.2]
	at org.apache.maven.surefire.junitplatform.JUnitPlatformProvider.invokeAllTests(JUnitPlatformProvider.java:148) ~[surefire-junit-platform-3.1.2.jar:3.1.2]
	at org.apache.maven.surefire.junitplatform.JUnitPlatformProvider.invoke(JUnitPlatformProvider.java:122) ~[surefire-junit-platform-3.1.2.jar:3.1.2]
	at org.apache.maven.surefire.booter.ForkedBooter.runSuitesInProcess(ForkedBooter.java:385) ~[surefire-booter-3.1.2.jar:3.1.2]
	at org.apache.maven.surefire.booter.ForkedBooter.execute(ForkedBooter.java:162) ~[surefire-booter-3.1.2.jar:3.1.2]
	at org.apache.maven.surefire.booter.ForkedBooter.run(ForkedBooter.java:507) ~[surefire-booter-3.1.2.jar:3.1.2]
	at org.apache.maven.surefire.booter.ForkedBooter.main(ForkedBooter.java:495) ~[surefire-booter-3.1.2.jar:3.1.2]

2025-10-13T13:36:42.533+02:00  WARN 80616 --- [hexagonal-app] [           main] c.t.a.core.importer.ClassFileProcessor   : Error during import from jrt:/java.xml/org/w3c/dom/Node.class, falling back to simple import

java.lang.IllegalArgumentException: Unsupported class file major version 69
	at com.tngtech.archunit.thirdparty.org.objectweb.asm.ClassReader.<init>(ClassReader.java:200) ~[archunit-1.3.0.jar:1.3.0]
	at com.tngtech.archunit.thirdparty.org.objectweb.asm.ClassReader.<init>(ClassReader.java:180) ~[archunit-1.3.0.jar:1.3.0]
	at com.tngtech.archunit.thirdparty.org.objectweb.asm.ClassReader.<init>(ClassReader.java:166) ~[archunit-1.3.0.jar:1.3.0]
	at com.tngtech.archunit.thirdparty.org.objectweb.asm.ClassReader.<init>(ClassReader.java:288) ~[archunit-1.3.0.jar:1.3.0]
	at com.tngtech.archunit.core.importer.ClassFileProcessor$UriImporterOfProcessor.tryImport(ClassFileProcessor.java:350) ~[archunit-1.3.0.jar:1.3.0]
	at com.tngtech.archunit.core.importer.resolvers.ClassResolverFromClasspath.tryResolve(ClassResolverFromClasspath.java:51) ~[archunit-1.3.0.jar:1.3.0]
	at com.tngtech.archunit.core.importer.ImportedClasses.resolve(ImportedClasses.java:80) ~[archunit-1.3.0.jar:1.3.0]
	at com.tngtech.archunit.core.importer.ImportedClasses.ensurePresent(ImportedClasses.java:75) ~[archunit-1.3.0.jar:1.3.0]
	at com.tngtech.archunit.core.importer.DependencyResolutionProcess.executeRun(DependencyResolutionProcess.java:146) ~[archunit-1.3.0.jar:1.3.0]
	at com.tngtech.archunit.core.importer.DependencyResolutionProcess.resolve(DependencyResolutionProcess.java:122) ~[archunit-1.3.0.jar:1.3.0]
	at com.tngtech.archunit.core.importer.ClassGraphCreator.complete(ClassGraphCreator.java:107) ~[archunit-1.3.0.jar:1.3.0]
	at com.tngtech.archunit.core.importer.ClassFileProcessor.process(ClassFileProcessor.java:75) ~[archunit-1.3.0.jar:1.3.0]
	at com.tngtech.archunit.core.importer.ClassFileImporter.importLocations(ClassFileImporter.java:325) ~[archunit-1.3.0.jar:1.3.0]
	at com.tngtech.archunit.junit.internal.ClassCache$CacheClassFileImporter.importClasses(ClassCache.java:126) ~[archunit-junit5-engine-1.3.0.jar:1.3.0]
	at com.tngtech.archunit.junit.internal.ClassCache$LazyJavaClasses.initialize(ClassCache.java:118) ~[archunit-junit5-engine-1.3.0.jar:1.3.0]
	at com.tngtech.archunit.junit.internal.ClassCache$LazyJavaClasses.get(ClassCache.java:107) ~[archunit-junit5-engine-1.3.0.jar:1.3.0]
	at com.tngtech.archunit.junit.internal.ClassCache.getClassesToAnalyzeFor(ClassCache.java:84) ~[archunit-junit5-engine-1.3.0.jar:1.3.0]
	at com.tngtech.archunit.junit.internal.ArchUnitTestDescriptor.lambda$createChildren$1(ArchUnitTestDescriptor.java:90) ~[archunit-junit5-engine-1.3.0.jar:1.3.0]
	at com.tngtech.archunit.junit.internal.ArchUnitTestDescriptor$ArchUnitRuleDescriptor.execute(ArchUnitTestDescriptor.java:167) ~[archunit-junit5-engine-1.3.0.jar:1.3.0]
	at com.tngtech.archunit.junit.internal.ArchUnitTestDescriptor$ArchUnitRuleDescriptor.execute(ArchUnitTestDescriptor.java:150) ~[archunit-junit5-engine-1.3.0.jar:1.3.0]
	at org.junit.platform.engine.support.hierarchical.NodeTestTask.lambda$executeRecursively$6(NodeTestTask.java:151) ~[junit-platform-engine-1.10.1.jar:1.10.1]
	at org.junit.platform.engine.support.hierarchical.ThrowableCollector.execute(ThrowableCollector.java:73) ~[junit-platform-engine-1.10.1.jar:1.10.1]
	at org.junit.platform.engine.support.hierarchical.NodeTestTask.lambda$executeRecursively$8(NodeTestTask.java:141) ~[junit-platform-engine-1.10.1.jar:1.10.1]
	at org.junit.platform.engine.support.hierarchical.Node.around(Node.java:137) ~[junit-platform-engine-1.10.1.jar:1.10.1]
	at org.junit.platform.engine.support.hierarchical.NodeTestTask.lambda$executeRecursively$9(NodeTestTask.java:139) ~[junit-platform-engine-1.10.1.jar:1.10.1]
	at org.junit.platform.engine.support.hierarchical.ThrowableCollector.execute(ThrowableCollector.java:73) ~[junit-platform-engine-1.10.1.jar:1.10.1]
	at org.junit.platform.engine.support.hierarchical.NodeTestTask.executeRecursively(NodeTestTask.java:138) ~[junit-platform-engine-1.10.1.jar:1.10.1]
	at org.junit.platform.engine.support.hierarchical.NodeTestTask.execute(NodeTestTask.java:95) ~[junit-platform-engine-1.10.1.jar:1.10.1]
	at java.base/java.util.ArrayList.forEach(ArrayList.java:1604) ~[na:na]
	at org.junit.platform.engine.support.hierarchical.SameThreadHierarchicalTestExecutorService.invokeAll(SameThreadHierarchicalTestExecutorService.java:41) ~[junit-platform-engine-1.10.1.jar:1.10.1]
	at org.junit.platform.engine.support.hierarchical.NodeTestTask.lambda$executeRecursively$6(NodeTestTask.java:155) ~[junit-platform-engine-1.10.1.jar:1.10.1]
	at org.junit.platform.engine.support.hierarchical.ThrowableCollector.execute(ThrowableCollector.java:73) ~[junit-platform-engine-1.10.1.jar:1.10.1]
	at org.junit.platform.engine.support.hierarchical.NodeTestTask.lambda$executeRecursively$8(NodeTestTask.java:141) ~[junit-platform-engine-1.10.1.jar:1.10.1]
	at org.junit.platform.engine.support.hierarchical.Node.around(Node.java:137) ~[junit-platform-engine-1.10.1.jar:1.10.1]
	at org.junit.platform.engine.support.hierarchical.NodeTestTask.lambda$executeRecursively$9(NodeTestTask.java:139) ~[junit-platform-engine-1.10.1.jar:1.10.1]
	at org.junit.platform.engine.support.hierarchical.ThrowableCollector.execute(ThrowableCollector.java:73) ~[junit-platform-engine-1.10.1.jar:1.10.1]
	at org.junit.platform.engine.support.hierarchical.NodeTestTask.executeRecursively(NodeTestTask.java:138) ~[junit-platform-engine-1.10.1.jar:1.10.1]
	at org.junit.platform.engine.support.hierarchical.NodeTestTask.execute(NodeTestTask.java:95) ~[junit-platform-engine-1.10.1.jar:1.10.1]
	at java.base/java.util.ArrayList.forEach(ArrayList.java:1604) ~[na:na]
	at org.junit.platform.engine.support.hierarchical.SameThreadHierarchicalTestExecutorService.invokeAll(SameThreadHierarchicalTestExecutorService.java:41) ~[junit-platform-engine-1.10.1.jar:1.10.1]
	at org.junit.platform.engine.support.hierarchical.NodeTestTask.lambda$executeRecursively$6(NodeTestTask.java:155) ~[junit-platform-engine-1.10.1.jar:1.10.1]
	at org.junit.platform.engine.support.hierarchical.ThrowableCollector.execute(ThrowableCollector.java:73) ~[junit-platform-engine-1.10.1.jar:1.10.1]
	at org.junit.platform.engine.support.hierarchical.NodeTestTask.lambda$executeRecursively$8(NodeTestTask.java:141) ~[junit-platform-engine-1.10.1.jar:1.10.1]
	at org.junit.platform.engine.support.hierarchical.Node.around(Node.java:137) ~[junit-platform-engine-1.10.1.jar:1.10.1]
	at org.junit.platform.engine.support.hierarchical.NodeTestTask.lambda$executeRecursively$9(NodeTestTask.java:139) ~[junit-platform-engine-1.10.1.jar:1.10.1]
	at org.junit.platform.engine.support.hierarchical.ThrowableCollector.execute(ThrowableCollector.java:73) ~[junit-platform-engine-1.10.1.jar:1.10.1]
	at org.junit.platform.engine.support.hierarchical.NodeTestTask.executeRecursively(NodeTestTask.java:138) ~[junit-platform-engine-1.10.1.jar:1.10.1]
	at org.junit.platform.engine.support.hierarchical.NodeTestTask.execute(NodeTestTask.java:95) ~[junit-platform-engine-1.10.1.jar:1.10.1]
	at org.junit.platform.engine.support.hierarchical.SameThreadHierarchicalTestExecutorService.submit(SameThreadHierarchicalTestExecutorService.java:35) ~[junit-platform-engine-1.10.1.jar:1.10.1]
	at org.junit.platform.engine.support.hierarchical.HierarchicalTestExecutor.execute(HierarchicalTestExecutor.java:57) ~[junit-platform-engine-1.10.1.jar:1.10.1]
	at org.junit.platform.engine.support.hierarchical.HierarchicalTestEngine.execute(HierarchicalTestEngine.java:54) ~[junit-platform-engine-1.10.1.jar:1.10.1]
	at org.junit.platform.launcher.core.EngineExecutionOrchestrator.execute(EngineExecutionOrchestrator.java:198) ~[junit-platform-launcher-1.10.1.jar:1.10.1]
	at org.junit.platform.launcher.core.EngineExecutionOrchestrator.execute(EngineExecutionOrchestrator.java:169) ~[junit-platform-launcher-1.10.1.jar:1.10.1]
	at org.junit.platform.launcher.core.EngineExecutionOrchestrator.execute(EngineExecutionOrchestrator.java:93) ~[junit-platform-launcher-1.10.1.jar:1.10.1]
	at org.junit.platform.launcher.core.EngineExecutionOrchestrator.lambda$execute$0(EngineExecutionOrchestrator.java:58) ~[junit-platform-launcher-1.10.1.jar:1.10.1]
	at org.junit.platform.launcher.core.EngineExecutionOrchestrator.withInterceptedStreams(EngineExecutionOrchestrator.java:141) ~[junit-platform-launcher-1.10.1.jar:1.10.1]
	at org.junit.platform.launcher.core.EngineExecutionOrchestrator.execute(EngineExecutionOrchestrator.java:57) ~[junit-platform-launcher-1.10.1.jar:1.10.1]
	at org.junit.platform.launcher.core.DefaultLauncher.execute(DefaultLauncher.java:103) ~[junit-platform-launcher-1.10.1.jar:1.10.1]
	at org.junit.platform.launcher.core.DefaultLauncher.execute(DefaultLauncher.java:85) ~[junit-platform-launcher-1.10.1.jar:1.10.1]
	at org.junit.platform.launcher.core.DelegatingLauncher.execute(DelegatingLauncher.java:47) ~[junit-platform-launcher-1.10.1.jar:1.10.1]
	at org.apache.maven.surefire.junitplatform.LazyLauncher.execute(LazyLauncher.java:56) ~[surefire-junit-platform-3.1.2.jar:3.1.2]
	at org.apache.maven.surefire.junitplatform.JUnitPlatformProvider.execute(JUnitPlatformProvider.java:184) ~[surefire-junit-platform-3.1.2.jar:3.1.2]
	at org.apache.maven.surefire.junitplatform.JUnitPlatformProvider.invokeAllTests(JUnitPlatformProvider.java:148) ~[surefire-junit-platform-3.1.2.jar:3.1.2]
	at org.apache.maven.surefire.junitplatform.JUnitPlatformProvider.invoke(JUnitPlatformProvider.java:122) ~[surefire-junit-platform-3.1.2.jar:3.1.2]
	at org.apache.maven.surefire.booter.ForkedBooter.runSuitesInProcess(ForkedBooter.java:385) ~[surefire-booter-3.1.2.jar:3.1.2]
	at org.apache.maven.surefire.booter.ForkedBooter.execute(ForkedBooter.java:162) ~[surefire-booter-3.1.2.jar:3.1.2]
	at org.apache.maven.surefire.booter.ForkedBooter.run(ForkedBooter.java:507) ~[surefire-booter-3.1.2.jar:3.1.2]
	at org.apache.maven.surefire.booter.ForkedBooter.main(ForkedBooter.java:495) ~[surefire-booter-3.1.2.jar:3.1.2]

2025-10-13T13:36:42.535+02:00  WARN 80616 --- [hexagonal-app] [           main] c.t.a.core.importer.ClassFileProcessor   : Error during import from jrt:/java.base/java/lang/StackWalker$StackFrame.class, falling back to simple import

java.lang.IllegalArgumentException: Unsupported class file major version 69
	at com.tngtech.archunit.thirdparty.org.objectweb.asm.ClassReader.<init>(ClassReader.java:200) ~[archunit-1.3.0.jar:1.3.0]
	at com.tngtech.archunit.thirdparty.org.objectweb.asm.ClassReader.<init>(ClassReader.java:180) ~[archunit-1.3.0.jar:1.3.0]
	at com.tngtech.archunit.thirdparty.org.objectweb.asm.ClassReader.<init>(ClassReader.java:166) ~[archunit-1.3.0.jar:1.3.0]
	at com.tngtech.archunit.thirdparty.org.objectweb.asm.ClassReader.<init>(ClassReader.java:288) ~[archunit-1.3.0.jar:1.3.0]
	at com.tngtech.archunit.core.importer.ClassFileProcessor$UriImporterOfProcessor.tryImport(ClassFileProcessor.java:350) ~[archunit-1.3.0.jar:1.3.0]
	at com.tngtech.archunit.core.importer.resolvers.ClassResolverFromClasspath.tryResolve(ClassResolverFromClasspath.java:51) ~[archunit-1.3.0.jar:1.3.0]
	at com.tngtech.archunit.core.importer.ImportedClasses.resolve(ImportedClasses.java:80) ~[archunit-1.3.0.jar:1.3.0]
	at com.tngtech.archunit.core.importer.ImportedClasses.ensurePresent(ImportedClasses.java:75) ~[archunit-1.3.0.jar:1.3.0]
	at com.tngtech.archunit.core.importer.DependencyResolutionProcess.executeRun(DependencyResolutionProcess.java:146) ~[archunit-1.3.0.jar:1.3.0]
	at com.tngtech.archunit.core.importer.DependencyResolutionProcess.resolve(DependencyResolutionProcess.java:122) ~[archunit-1.3.0.jar:1.3.0]
	at com.tngtech.archunit.core.importer.ClassGraphCreator.complete(ClassGraphCreator.java:107) ~[archunit-1.3.0.jar:1.3.0]
	at com.tngtech.archunit.core.importer.ClassFileProcessor.process(ClassFileProcessor.java:75) ~[archunit-1.3.0.jar:1.3.0]
	at com.tngtech.archunit.core.importer.ClassFileImporter.importLocations(ClassFileImporter.java:325) ~[archunit-1.3.0.jar:1.3.0]
	at com.tngtech.archunit.junit.internal.ClassCache$CacheClassFileImporter.importClasses(ClassCache.java:126) ~[archunit-junit5-engine-1.3.0.jar:1.3.0]
	at com.tngtech.archunit.junit.internal.ClassCache$LazyJavaClasses.initialize(ClassCache.java:118) ~[archunit-junit5-engine-1.3.0.jar:1.3.0]
	at com.tngtech.archunit.junit.internal.ClassCache$LazyJavaClasses.get(ClassCache.java:107) ~[archunit-junit5-engine-1.3.0.jar:1.3.0]
	at com.tngtech.archunit.junit.internal.ClassCache.getClassesToAnalyzeFor(ClassCache.java:84) ~[archunit-junit5-engine-1.3.0.jar:1.3.0]
	at com.tngtech.archunit.junit.internal.ArchUnitTestDescriptor.lambda$createChildren$1(ArchUnitTestDescriptor.java:90) ~[archunit-junit5-engine-1.3.0.jar:1.3.0]
	at com.tngtech.archunit.junit.internal.ArchUnitTestDescriptor$ArchUnitRuleDescriptor.execute(ArchUnitTestDescriptor.java:167) ~[archunit-junit5-engine-1.3.0.jar:1.3.0]
	at com.tngtech.archunit.junit.internal.ArchUnitTestDescriptor$ArchUnitRuleDescriptor.execute(ArchUnitTestDescriptor.java:150) ~[archunit-junit5-engine-1.3.0.jar:1.3.0]
	at org.junit.platform.engine.support.hierarchical.NodeTestTask.lambda$executeRecursively$6(NodeTestTask.java:151) ~[junit-platform-engine-1.10.1.jar:1.10.1]
	at org.junit.platform.engine.support.hierarchical.ThrowableCollector.execute(ThrowableCollector.java:73) ~[junit-platform-engine-1.10.1.jar:1.10.1]
	at org.junit.platform.engine.support.hierarchical.NodeTestTask.lambda$executeRecursively$8(NodeTestTask.java:141) ~[junit-platform-engine-1.10.1.jar:1.10.1]
	at org.junit.platform.engine.support.hierarchical.Node.around(Node.java:137) ~[junit-platform-engine-1.10.1.jar:1.10.1]
	at org.junit.platform.engine.support.hierarchical.NodeTestTask.lambda$executeRecursively$9(NodeTestTask.java:139) ~[junit-platform-engine-1.10.1.jar:1.10.1]
	at org.junit.platform.engine.support.hierarchical.ThrowableCollector.execute(ThrowableCollector.java:73) ~[junit-platform-engine-1.10.1.jar:1.10.1]
	at org.junit.platform.engine.support.hierarchical.NodeTestTask.executeRecursively(NodeTestTask.java:138) ~[junit-platform-engine-1.10.1.jar:1.10.1]
	at org.junit.platform.engine.support.hierarchical.NodeTestTask.execute(NodeTestTask.java:95) ~[junit-platform-engine-1.10.1.jar:1.10.1]
	at java.base/java.util.ArrayList.forEach(ArrayList.java:1604) ~[na:na]
	at org.junit.platform.engine.support.hierarchical.SameThreadHierarchicalTestExecutorService.invokeAll(SameThreadHierarchicalTestExecutorService.java:41) ~[junit-platform-engine-1.10.1.jar:1.10.1]
	at org.junit.platform.engine.support.hierarchical.NodeTestTask.lambda$executeRecursively$6(NodeTestTask.java:155) ~[junit-platform-engine-1.10.1.jar:1.10.1]
	at org.junit.platform.engine.support.hierarchical.ThrowableCollector.execute(ThrowableCollector.java:73) ~[junit-platform-engine-1.10.1.jar:1.10.1]
	at org.junit.platform.engine.support.hierarchical.NodeTestTask.lambda$executeRecursively$8(NodeTestTask.java:141) ~[junit-platform-engine-1.10.1.jar:1.10.1]
	at org.junit.platform.engine.support.hierarchical.Node.around(Node.java:137) ~[junit-platform-engine-1.10.1.jar:1.10.1]
	at org.junit.platform.engine.support.hierarchical.NodeTestTask.lambda$executeRecursively$9(NodeTestTask.java:139) ~[junit-platform-engine-1.10.1.jar:1.10.1]
	at org.junit.platform.engine.support.hierarchical.ThrowableCollector.execute(ThrowableCollector.java:73) ~[junit-platform-engine-1.10.1.jar:1.10.1]
	at org.junit.platform.engine.support.hierarchical.NodeTestTask.executeRecursively(NodeTestTask.java:138) ~[junit-platform-engine-1.10.1.jar:1.10.1]
	at org.junit.platform.engine.support.hierarchical.NodeTestTask.execute(NodeTestTask.java:95) ~[junit-platform-engine-1.10.1.jar:1.10.1]
	at java.base/java.util.ArrayList.forEach(ArrayList.java:1604) ~[na:na]
	at org.junit.platform.engine.support.hierarchical.SameThreadHierarchicalTestExecutorService.invokeAll(SameThreadHierarchicalTestExecutorService.java:41) ~[junit-platform-engine-1.10.1.jar:1.10.1]
	at org.junit.platform.engine.support.hierarchical.NodeTestTask.lambda$executeRecursively$6(NodeTestTask.java:155) ~[junit-platform-engine-1.10.1.jar:1.10.1]
	at org.junit.platform.engine.support.hierarchical.ThrowableCollector.execute(ThrowableCollector.java:73) ~[junit-platform-engine-1.10.1.jar:1.10.1]
	at org.junit.platform.engine.support.hierarchical.NodeTestTask.lambda$executeRecursively$8(NodeTestTask.java:141) ~[junit-platform-engine-1.10.1.jar:1.10.1]
	at org.junit.platform.engine.support.hierarchical.Node.around(Node.java:137) ~[junit-platform-engine-1.10.1.jar:1.10.1]
	at org.junit.platform.engine.support.hierarchical.NodeTestTask.lambda$executeRecursively$9(NodeTestTask.java:139) ~[junit-platform-engine-1.10.1.jar:1.10.1]
	at org.junit.platform.engine.support.hierarchical.ThrowableCollector.execute(ThrowableCollector.java:73) ~[junit-platform-engine-1.10.1.jar:1.10.1]
	at org.junit.platform.engine.support.hierarchical.NodeTestTask.executeRecursively(NodeTestTask.java:138) ~[junit-platform-engine-1.10.1.jar:1.10.1]
	at org.junit.platform.engine.support.hierarchical.NodeTestTask.execute(NodeTestTask.java:95) ~[junit-platform-engine-1.10.1.jar:1.10.1]
	at org.junit.platform.engine.support.hierarchical.SameThreadHierarchicalTestExecutorService.submit(SameThreadHierarchicalTestExecutorService.java:35) ~[junit-platform-engine-1.10.1.jar:1.10.1]
	at org.junit.platform.engine.support.hierarchical.HierarchicalTestExecutor.execute(HierarchicalTestExecutor.java:57) ~[junit-platform-engine-1.10.1.jar:1.10.1]
	at org.junit.platform.engine.support.hierarchical.HierarchicalTestEngine.execute(HierarchicalTestEngine.java:54) ~[junit-platform-engine-1.10.1.jar:1.10.1]
	at org.junit.platform.launcher.core.EngineExecutionOrchestrator.execute(EngineExecutionOrchestrator.java:198) ~[junit-platform-launcher-1.10.1.jar:1.10.1]
	at org.junit.platform.launcher.core.EngineExecutionOrchestrator.execute(EngineExecutionOrchestrator.java:169) ~[junit-platform-launcher-1.10.1.jar:1.10.1]
	at org.junit.platform.launcher.core.EngineExecutionOrchestrator.execute(EngineExecutionOrchestrator.java:93) ~[junit-platform-launcher-1.10.1.jar:1.10.1]
	at org.junit.platform.launcher.core.EngineExecutionOrchestrator.lambda$execute$0(EngineExecutionOrchestrator.java:58) ~[junit-platform-launcher-1.10.1.jar:1.10.1]
	at org.junit.platform.launcher.core.EngineExecutionOrchestrator.withInterceptedStreams(EngineExecutionOrchestrator.java:141) ~[junit-platform-launcher-1.10.1.jar:1.10.1]
	at org.junit.platform.launcher.core.EngineExecutionOrchestrator.execute(EngineExecutionOrchestrator.java:57) ~[junit-platform-launcher-1.10.1.jar:1.10.1]
	at org.junit.platform.launcher.core.DefaultLauncher.execute(DefaultLauncher.java:103) ~[junit-platform-launcher-1.10.1.jar:1.10.1]
	at org.junit.platform.launcher.core.DefaultLauncher.execute(DefaultLauncher.java:85) ~[junit-platform-launcher-1.10.1.jar:1.10.1]
	at org.junit.platform.launcher.core.DelegatingLauncher.execute(DelegatingLauncher.java:47) ~[junit-platform-launcher-1.10.1.jar:1.10.1]
	at org.apache.maven.surefire.junitplatform.LazyLauncher.execute(LazyLauncher.java:56) ~[surefire-junit-platform-3.1.2.jar:3.1.2]
	at org.apache.maven.surefire.junitplatform.JUnitPlatformProvider.execute(JUnitPlatformProvider.java:184) ~[surefire-junit-platform-3.1.2.jar:3.1.2]
	at org.apache.maven.surefire.junitplatform.JUnitPlatformProvider.invokeAllTests(JUnitPlatformProvider.java:148) ~[surefire-junit-platform-3.1.2.jar:3.1.2]
	at org.apache.maven.surefire.junitplatform.JUnitPlatformProvider.invoke(JUnitPlatformProvider.java:122) ~[surefire-junit-platform-3.1.2.jar:3.1.2]
	at org.apache.maven.surefire.booter.ForkedBooter.runSuitesInProcess(ForkedBooter.java:385) ~[surefire-booter-3.1.2.jar:3.1.2]
	at org.apache.maven.surefire.booter.ForkedBooter.execute(ForkedBooter.java:162) ~[surefire-booter-3.1.2.jar:3.1.2]
	at org.apache.maven.surefire.booter.ForkedBooter.run(ForkedBooter.java:507) ~[surefire-booter-3.1.2.jar:3.1.2]
	at org.apache.maven.surefire.booter.ForkedBooter.main(ForkedBooter.java:495) ~[surefire-booter-3.1.2.jar:3.1.2]

2025-10-13T13:36:42.536+02:00  WARN 80616 --- [hexagonal-app] [           main] c.t.a.core.importer.ClassFileProcessor   : Error during import from jrt:/java.base/java/lang/annotation/ElementType.class, falling back to simple import

java.lang.IllegalArgumentException: Unsupported class file major version 69
	at com.tngtech.archunit.thirdparty.org.objectweb.asm.ClassReader.<init>(ClassReader.java:200) ~[archunit-1.3.0.jar:1.3.0]
	at com.tngtech.archunit.thirdparty.org.objectweb.asm.ClassReader.<init>(ClassReader.java:180) ~[archunit-1.3.0.jar:1.3.0]
	at com.tngtech.archunit.thirdparty.org.objectweb.asm.ClassReader.<init>(ClassReader.java:166) ~[archunit-1.3.0.jar:1.3.0]
	at com.tngtech.archunit.thirdparty.org.objectweb.asm.ClassReader.<init>(ClassReader.java:288) ~[archunit-1.3.0.jar:1.3.0]
	at com.tngtech.archunit.core.importer.ClassFileProcessor$UriImporterOfProcessor.tryImport(ClassFileProcessor.java:350) ~[archunit-1.3.0.jar:1.3.0]
	at com.tngtech.archunit.core.importer.resolvers.ClassResolverFromClasspath.tryResolve(ClassResolverFromClasspath.java:51) ~[archunit-1.3.0.jar:1.3.0]
	at com.tngtech.archunit.core.importer.ImportedClasses.resolve(ImportedClasses.java:80) ~[archunit-1.3.0.jar:1.3.0]
	at com.tngtech.archunit.core.importer.ImportedClasses.ensurePresent(ImportedClasses.java:75) ~[archunit-1.3.0.jar:1.3.0]
	at com.tngtech.archunit.core.importer.DependencyResolutionProcess.executeRun(DependencyResolutionProcess.java:146) ~[archunit-1.3.0.jar:1.3.0]
	at com.tngtech.archunit.core.importer.DependencyResolutionProcess.resolve(DependencyResolutionProcess.java:122) ~[archunit-1.3.0.jar:1.3.0]
	at com.tngtech.archunit.core.importer.ClassGraphCreator.complete(ClassGraphCreator.java:107) ~[archunit-1.3.0.jar:1.3.0]
	at com.tngtech.archunit.core.importer.ClassFileProcessor.process(ClassFileProcessor.java:75) ~[archunit-1.3.0.jar:1.3.0]
	at com.tngtech.archunit.core.importer.ClassFileImporter.importLocations(ClassFileImporter.java:325) ~[archunit-1.3.0.jar:1.3.0]
	at com.tngtech.archunit.junit.internal.ClassCache$CacheClassFileImporter.importClasses(ClassCache.java:126) ~[archunit-junit5-engine-1.3.0.jar:1.3.0]
	at com.tngtech.archunit.junit.internal.ClassCache$LazyJavaClasses.initialize(ClassCache.java:118) ~[archunit-junit5-engine-1.3.0.jar:1.3.0]
	at com.tngtech.archunit.junit.internal.ClassCache$LazyJavaClasses.get(ClassCache.java:107) ~[archunit-junit5-engine-1.3.0.jar:1.3.0]
	at com.tngtech.archunit.junit.internal.ClassCache.getClassesToAnalyzeFor(ClassCache.java:84) ~[archunit-junit5-engine-1.3.0.jar:1.3.0]
	at com.tngtech.archunit.junit.internal.ArchUnitTestDescriptor.lambda$createChildren$1(ArchUnitTestDescriptor.java:90) ~[archunit-junit5-engine-1.3.0.jar:1.3.0]
	at com.tngtech.archunit.junit.internal.ArchUnitTestDescriptor$ArchUnitRuleDescriptor.execute(ArchUnitTestDescriptor.java:167) ~[archunit-junit5-engine-1.3.0.jar:1.3.0]
	at com.tngtech.archunit.junit.internal.ArchUnitTestDescriptor$ArchUnitRuleDescriptor.execute(ArchUnitTestDescriptor.java:150) ~[archunit-junit5-engine-1.3.0.jar:1.3.0]
	at org.junit.platform.engine.support.hierarchical.NodeTestTask.lambda$executeRecursively$6(NodeTestTask.java:151) ~[junit-platform-engine-1.10.1.jar:1.10.1]
	at org.junit.platform.engine.support.hierarchical.ThrowableCollector.execute(ThrowableCollector.java:73) ~[junit-platform-engine-1.10.1.jar:1.10.1]
	at org.junit.platform.engine.support.hierarchical.NodeTestTask.lambda$executeRecursively$8(NodeTestTask.java:141) ~[junit-platform-engine-1.10.1.jar:1.10.1]
	at org.junit.platform.engine.support.hierarchical.Node.around(Node.java:137) ~[junit-platform-engine-1.10.1.jar:1.10.1]
	at org.junit.platform.engine.support.hierarchical.NodeTestTask.lambda$executeRecursively$9(NodeTestTask.java:139) ~[junit-platform-engine-1.10.1.jar:1.10.1]
	at org.junit.platform.engine.support.hierarchical.ThrowableCollector.execute(ThrowableCollector.java:73) ~[junit-platform-engine-1.10.1.jar:1.10.1]
	at org.junit.platform.engine.support.hierarchical.NodeTestTask.executeRecursively(NodeTestTask.java:138) ~[junit-platform-engine-1.10.1.jar:1.10.1]
	at org.junit.platform.engine.support.hierarchical.NodeTestTask.execute(NodeTestTask.java:95) ~[junit-platform-engine-1.10.1.jar:1.10.1]
	at java.base/java.util.ArrayList.forEach(ArrayList.java:1604) ~[na:na]
	at org.junit.platform.engine.support.hierarchical.SameThreadHierarchicalTestExecutorService.invokeAll(SameThreadHierarchicalTestExecutorService.java:41) ~[junit-platform-engine-1.10.1.jar:1.10.1]
	at org.junit.platform.engine.support.hierarchical.NodeTestTask.lambda$executeRecursively$6(NodeTestTask.java:155) ~[junit-platform-engine-1.10.1.jar:1.10.1]
	at org.junit.platform.engine.support.hierarchical.ThrowableCollector.execute(ThrowableCollector.java:73) ~[junit-platform-engine-1.10.1.jar:1.10.1]
	at org.junit.platform.engine.support.hierarchical.NodeTestTask.lambda$executeRecursively$8(NodeTestTask.java:141) ~[junit-platform-engine-1.10.1.jar:1.10.1]
	at org.junit.platform.engine.support.hierarchical.Node.around(Node.java:137) ~[junit-platform-engine-1.10.1.jar:1.10.1]
	at org.junit.platform.engine.support.hierarchical.NodeTestTask.lambda$executeRecursively$9(NodeTestTask.java:139) ~[junit-platform-engine-1.10.1.jar:1.10.1]
	at org.junit.platform.engine.support.hierarchical.ThrowableCollector.execute(ThrowableCollector.java:73) ~[junit-platform-engine-1.10.1.jar:1.10.1]
	at org.junit.platform.engine.support.hierarchical.NodeTestTask.executeRecursively(NodeTestTask.java:138) ~[junit-platform-engine-1.10.1.jar:1.10.1]
	at org.junit.platform.engine.support.hierarchical.NodeTestTask.execute(NodeTestTask.java:95) ~[junit-platform-engine-1.10.1.jar:1.10.1]
	at java.base/java.util.ArrayList.forEach(ArrayList.java:1604) ~[na:na]
	at org.junit.platform.engine.support.hierarchical.SameThreadHierarchicalTestExecutorService.invokeAll(SameThreadHierarchicalTestExecutorService.java:41) ~[junit-platform-engine-1.10.1.jar:1.10.1]
	at org.junit.platform.engine.support.hierarchical.NodeTestTask.lambda$executeRecursively$6(NodeTestTask.java:155) ~[junit-platform-engine-1.10.1.jar:1.10.1]
	at org.junit.platform.engine.support.hierarchical.ThrowableCollector.execute(ThrowableCollector.java:73) ~[junit-platform-engine-1.10.1.jar:1.10.1]
	at org.junit.platform.engine.support.hierarchical.NodeTestTask.lambda$executeRecursively$8(NodeTestTask.java:141) ~[junit-platform-engine-1.10.1.jar:1.10.1]
	at org.junit.platform.engine.support.hierarchical.Node.around(Node.java:137) ~[junit-platform-engine-1.10.1.jar:1.10.1]
	at org.junit.platform.engine.support.hierarchical.NodeTestTask.lambda$executeRecursively$9(NodeTestTask.java:139) ~[junit-platform-engine-1.10.1.jar:1.10.1]
	at org.junit.platform.engine.support.hierarchical.ThrowableCollector.execute(ThrowableCollector.java:73) ~[junit-platform-engine-1.10.1.jar:1.10.1]
	at org.junit.platform.engine.support.hierarchical.NodeTestTask.executeRecursively(NodeTestTask.java:138) ~[junit-platform-engine-1.10.1.jar:1.10.1]
	at org.junit.platform.engine.support.hierarchical.NodeTestTask.execute(NodeTestTask.java:95) ~[junit-platform-engine-1.10.1.jar:1.10.1]
	at org.junit.platform.engine.support.hierarchical.SameThreadHierarchicalTestExecutorService.submit(SameThreadHierarchicalTestExecutorService.java:35) ~[junit-platform-engine-1.10.1.jar:1.10.1]
	at org.junit.platform.engine.support.hierarchical.HierarchicalTestExecutor.execute(HierarchicalTestExecutor.java:57) ~[junit-platform-engine-1.10.1.jar:1.10.1]
	at org.junit.platform.engine.support.hierarchical.HierarchicalTestEngine.execute(HierarchicalTestEngine.java:54) ~[junit-platform-engine-1.10.1.jar:1.10.1]
	at org.junit.platform.launcher.core.EngineExecutionOrchestrator.execute(EngineExecutionOrchestrator.java:198) ~[junit-platform-launcher-1.10.1.jar:1.10.1]
	at org.junit.platform.launcher.core.EngineExecutionOrchestrator.execute(EngineExecutionOrchestrator.java:169) ~[junit-platform-launcher-1.10.1.jar:1.10.1]
	at org.junit.platform.launcher.core.EngineExecutionOrchestrator.execute(EngineExecutionOrchestrator.java:93) ~[junit-platform-launcher-1.10.1.jar:1.10.1]
	at org.junit.platform.launcher.core.EngineExecutionOrchestrator.lambda$execute$0(EngineExecutionOrchestrator.java:58) ~[junit-platform-launcher-1.10.1.jar:1.10.1]
	at org.junit.platform.launcher.core.EngineExecutionOrchestrator.withInterceptedStreams(EngineExecutionOrchestrator.java:141) ~[junit-platform-launcher-1.10.1.jar:1.10.1]
	at org.junit.platform.launcher.core.EngineExecutionOrchestrator.execute(EngineExecutionOrchestrator.java:57) ~[junit-platform-launcher-1.10.1.jar:1.10.1]
	at org.junit.platform.launcher.core.DefaultLauncher.execute(DefaultLauncher.java:103) ~[junit-platform-launcher-1.10.1.jar:1.10.1]
	at org.junit.platform.launcher.core.DefaultLauncher.execute(DefaultLauncher.java:85) ~[junit-platform-launcher-1.10.1.jar:1.10.1]
	at org.junit.platform.launcher.core.DelegatingLauncher.execute(DelegatingLauncher.java:47) ~[junit-platform-launcher-1.10.1.jar:1.10.1]
	at org.apache.maven.surefire.junitplatform.LazyLauncher.execute(LazyLauncher.java:56) ~[surefire-junit-platform-3.1.2.jar:3.1.2]
	at org.apache.maven.surefire.junitplatform.JUnitPlatformProvider.execute(JUnitPlatformProvider.java:184) ~[surefire-junit-platform-3.1.2.jar:3.1.2]
	at org.apache.maven.surefire.junitplatform.JUnitPlatformProvider.invokeAllTests(JUnitPlatformProvider.java:148) ~[surefire-junit-platform-3.1.2.jar:3.1.2]
	at org.apache.maven.surefire.junitplatform.JUnitPlatformProvider.invoke(JUnitPlatformProvider.java:122) ~[surefire-junit-platform-3.1.2.jar:3.1.2]
	at org.apache.maven.surefire.booter.ForkedBooter.runSuitesInProcess(ForkedBooter.java:385) ~[surefire-booter-3.1.2.jar:3.1.2]
	at org.apache.maven.surefire.booter.ForkedBooter.execute(ForkedBooter.java:162) ~[surefire-booter-3.1.2.jar:3.1.2]
	at org.apache.maven.surefire.booter.ForkedBooter.run(ForkedBooter.java:507) ~[surefire-booter-3.1.2.jar:3.1.2]
	at org.apache.maven.surefire.booter.ForkedBooter.main(ForkedBooter.java:495) ~[surefire-booter-3.1.2.jar:3.1.2]

2025-10-13T13:36:42.537+02:00  WARN 80616 --- [hexagonal-app] [           main] c.t.a.core.importer.ClassFileProcessor   : Error during import from jrt:/java.base/java/lang/Class.class, falling back to simple import

java.lang.IllegalArgumentException: Unsupported class file major version 69
	at com.tngtech.archunit.thirdparty.org.objectweb.asm.ClassReader.<init>(ClassReader.java:200) ~[archunit-1.3.0.jar:1.3.0]
	at com.tngtech.archunit.thirdparty.org.objectweb.asm.ClassReader.<init>(ClassReader.java:180) ~[archunit-1.3.0.jar:1.3.0]
	at com.tngtech.archunit.thirdparty.org.objectweb.asm.ClassReader.<init>(ClassReader.java:166) ~[archunit-1.3.0.jar:1.3.0]
	at com.tngtech.archunit.thirdparty.org.objectweb.asm.ClassReader.<init>(ClassReader.java:288) ~[archunit-1.3.0.jar:1.3.0]
	at com.tngtech.archunit.core.importer.ClassFileProcessor$UriImporterOfProcessor.tryImport(ClassFileProcessor.java:350) ~[archunit-1.3.0.jar:1.3.0]
	at com.tngtech.archunit.core.importer.resolvers.ClassResolverFromClasspath.tryResolve(ClassResolverFromClasspath.java:51) ~[archunit-1.3.0.jar:1.3.0]
	at com.tngtech.archunit.core.importer.ImportedClasses.resolve(ImportedClasses.java:80) ~[archunit-1.3.0.jar:1.3.0]
	at com.tngtech.archunit.core.importer.ImportedClasses.ensurePresent(ImportedClasses.java:75) ~[archunit-1.3.0.jar:1.3.0]
	at com.tngtech.archunit.core.importer.DependencyResolutionProcess.executeRun(DependencyResolutionProcess.java:146) ~[archunit-1.3.0.jar:1.3.0]
	at com.tngtech.archunit.core.importer.DependencyResolutionProcess.resolve(DependencyResolutionProcess.java:122) ~[archunit-1.3.0.jar:1.3.0]
	at com.tngtech.archunit.core.importer.ClassGraphCreator.complete(ClassGraphCreator.java:107) ~[archunit-1.3.0.jar:1.3.0]
	at com.tngtech.archunit.core.importer.ClassFileProcessor.process(ClassFileProcessor.java:75) ~[archunit-1.3.0.jar:1.3.0]
	at com.tngtech.archunit.core.importer.ClassFileImporter.importLocations(ClassFileImporter.java:325) ~[archunit-1.3.0.jar:1.3.0]
	at com.tngtech.archunit.junit.internal.ClassCache$CacheClassFileImporter.importClasses(ClassCache.java:126) ~[archunit-junit5-engine-1.3.0.jar:1.3.0]
	at com.tngtech.archunit.junit.internal.ClassCache$LazyJavaClasses.initialize(ClassCache.java:118) ~[archunit-junit5-engine-1.3.0.jar:1.3.0]
	at com.tngtech.archunit.junit.internal.ClassCache$LazyJavaClasses.get(ClassCache.java:107) ~[archunit-junit5-engine-1.3.0.jar:1.3.0]
	at com.tngtech.archunit.junit.internal.ClassCache.getClassesToAnalyzeFor(ClassCache.java:84) ~[archunit-junit5-engine-1.3.0.jar:1.3.0]
	at com.tngtech.archunit.junit.internal.ArchUnitTestDescriptor.lambda$createChildren$1(ArchUnitTestDescriptor.java:90) ~[archunit-junit5-engine-1.3.0.jar:1.3.0]
	at com.tngtech.archunit.junit.internal.ArchUnitTestDescriptor$ArchUnitRuleDescriptor.execute(ArchUnitTestDescriptor.java:167) ~[archunit-junit5-engine-1.3.0.jar:1.3.0]
	at com.tngtech.archunit.junit.internal.ArchUnitTestDescriptor$ArchUnitRuleDescriptor.execute(ArchUnitTestDescriptor.java:150) ~[archunit-junit5-engine-1.3.0.jar:1.3.0]
	at org.junit.platform.engine.support.hierarchical.NodeTestTask.lambda$executeRecursively$6(NodeTestTask.java:151) ~[junit-platform-engine-1.10.1.jar:1.10.1]
	at org.junit.platform.engine.support.hierarchical.ThrowableCollector.execute(ThrowableCollector.java:73) ~[junit-platform-engine-1.10.1.jar:1.10.1]
	at org.junit.platform.engine.support.hierarchical.NodeTestTask.lambda$executeRecursively$8(NodeTestTask.java:141) ~[junit-platform-engine-1.10.1.jar:1.10.1]
	at org.junit.platform.engine.support.hierarchical.Node.around(Node.java:137) ~[junit-platform-engine-1.10.1.jar:1.10.1]
	at org.junit.platform.engine.support.hierarchical.NodeTestTask.lambda$executeRecursively$9(NodeTestTask.java:139) ~[junit-platform-engine-1.10.1.jar:1.10.1]
	at org.junit.platform.engine.support.hierarchical.ThrowableCollector.execute(ThrowableCollector.java:73) ~[junit-platform-engine-1.10.1.jar:1.10.1]
	at org.junit.platform.engine.support.hierarchical.NodeTestTask.executeRecursively(NodeTestTask.java:138) ~[junit-platform-engine-1.10.1.jar:1.10.1]
	at org.junit.platform.engine.support.hierarchical.NodeTestTask.execute(NodeTestTask.java:95) ~[junit-platform-engine-1.10.1.jar:1.10.1]
	at java.base/java.util.ArrayList.forEach(ArrayList.java:1604) ~[na:na]
	at org.junit.platform.engine.support.hierarchical.SameThreadHierarchicalTestExecutorService.invokeAll(SameThreadHierarchicalTestExecutorService.java:41) ~[junit-platform-engine-1.10.1.jar:1.10.1]
	at org.junit.platform.engine.support.hierarchical.NodeTestTask.lambda$executeRecursively$6(NodeTestTask.java:155) ~[junit-platform-engine-1.10.1.jar:1.10.1]
	at org.junit.platform.engine.support.hierarchical.ThrowableCollector.execute(ThrowableCollector.java:73) ~[junit-platform-engine-1.10.1.jar:1.10.1]
	at org.junit.platform.engine.support.hierarchical.NodeTestTask.lambda$executeRecursively$8(NodeTestTask.java:141) ~[junit-platform-engine-1.10.1.jar:1.10.1]
	at org.junit.platform.engine.support.hierarchical.Node.around(Node.java:137) ~[junit-platform-engine-1.10.1.jar:1.10.1]
	at org.junit.platform.engine.support.hierarchical.NodeTestTask.lambda$executeRecursively$9(NodeTestTask.java:139) ~[junit-platform-engine-1.10.1.jar:1.10.1]
	at org.junit.platform.engine.support.hierarchical.ThrowableCollector.execute(ThrowableCollector.java:73) ~[junit-platform-engine-1.10.1.jar:1.10.1]
	at org.junit.platform.engine.support.hierarchical.NodeTestTask.executeRecursively(NodeTestTask.java:138) ~[junit-platform-engine-1.10.1.jar:1.10.1]
	at org.junit.platform.engine.support.hierarchical.NodeTestTask.execute(NodeTestTask.java:95) ~[junit-platform-engine-1.10.1.jar:1.10.1]
	at java.base/java.util.ArrayList.forEach(ArrayList.java:1604) ~[na:na]
	at org.junit.platform.engine.support.hierarchical.SameThreadHierarchicalTestExecutorService.invokeAll(SameThreadHierarchicalTestExecutorService.java:41) ~[junit-platform-engine-1.10.1.jar:1.10.1]
	at org.junit.platform.engine.support.hierarchical.NodeTestTask.lambda$executeRecursively$6(NodeTestTask.java:155) ~[junit-platform-engine-1.10.1.jar:1.10.1]
	at org.junit.platform.engine.support.hierarchical.ThrowableCollector.execute(ThrowableCollector.java:73) ~[junit-platform-engine-1.10.1.jar:1.10.1]
	at org.junit.platform.engine.support.hierarchical.NodeTestTask.lambda$executeRecursively$8(NodeTestTask.java:141) ~[junit-platform-engine-1.10.1.jar:1.10.1]
	at org.junit.platform.engine.support.hierarchical.Node.around(Node.java:137) ~[junit-platform-engine-1.10.1.jar:1.10.1]
	at org.junit.platform.engine.support.hierarchical.NodeTestTask.lambda$executeRecursively$9(NodeTestTask.java:139) ~[junit-platform-engine-1.10.1.jar:1.10.1]
	at org.junit.platform.engine.support.hierarchical.ThrowableCollector.execute(ThrowableCollector.java:73) ~[junit-platform-engine-1.10.1.jar:1.10.1]
	at org.junit.platform.engine.support.hierarchical.NodeTestTask.executeRecursively(NodeTestTask.java:138) ~[junit-platform-engine-1.10.1.jar:1.10.1]
	at org.junit.platform.engine.support.hierarchical.NodeTestTask.execute(NodeTestTask.java:95) ~[junit-platform-engine-1.10.1.jar:1.10.1]
	at org.junit.platform.engine.support.hierarchical.SameThreadHierarchicalTestExecutorService.submit(SameThreadHierarchicalTestExecutorService.java:35) ~[junit-platform-engine-1.10.1.jar:1.10.1]
	at org.junit.platform.engine.support.hierarchical.HierarchicalTestExecutor.execute(HierarchicalTestExecutor.java:57) ~[junit-platform-engine-1.10.1.jar:1.10.1]
	at org.junit.platform.engine.support.hierarchical.HierarchicalTestEngine.execute(HierarchicalTestEngine.java:54) ~[junit-platform-engine-1.10.1.jar:1.10.1]
	at org.junit.platform.launcher.core.EngineExecutionOrchestrator.execute(EngineExecutionOrchestrator.java:198) ~[junit-platform-launcher-1.10.1.jar:1.10.1]
	at org.junit.platform.launcher.core.EngineExecutionOrchestrator.execute(EngineExecutionOrchestrator.java:169) ~[junit-platform-launcher-1.10.1.jar:1.10.1]
	at org.junit.platform.launcher.core.EngineExecutionOrchestrator.execute(EngineExecutionOrchestrator.java:93) ~[junit-platform-launcher-1.10.1.jar:1.10.1]
	at org.junit.platform.launcher.core.EngineExecutionOrchestrator.lambda$execute$0(EngineExecutionOrchestrator.java:58) ~[junit-platform-launcher-1.10.1.jar:1.10.1]
	at org.junit.platform.launcher.core.EngineExecutionOrchestrator.withInterceptedStreams(EngineExecutionOrchestrator.java:141) ~[junit-platform-launcher-1.10.1.jar:1.10.1]
	at org.junit.platform.launcher.core.EngineExecutionOrchestrator.execute(EngineExecutionOrchestrator.java:57) ~[junit-platform-launcher-1.10.1.jar:1.10.1]
	at org.junit.platform.launcher.core.DefaultLauncher.execute(DefaultLauncher.java:103) ~[junit-platform-launcher-1.10.1.jar:1.10.1]
	at org.junit.platform.launcher.core.DefaultLauncher.execute(DefaultLauncher.java:85) ~[junit-platform-launcher-1.10.1.jar:1.10.1]
	at org.junit.platform.launcher.core.DelegatingLauncher.execute(DelegatingLauncher.java:47) ~[junit-platform-launcher-1.10.1.jar:1.10.1]
	at org.apache.maven.surefire.junitplatform.LazyLauncher.execute(LazyLauncher.java:56) ~[surefire-junit-platform-3.1.2.jar:3.1.2]
	at org.apache.maven.surefire.junitplatform.JUnitPlatformProvider.execute(JUnitPlatformProvider.java:184) ~[surefire-junit-platform-3.1.2.jar:3.1.2]
	at org.apache.maven.surefire.junitplatform.JUnitPlatformProvider.invokeAllTests(JUnitPlatformProvider.java:148) ~[surefire-junit-platform-3.1.2.jar:3.1.2]
	at org.apache.maven.surefire.junitplatform.JUnitPlatformProvider.invoke(JUnitPlatformProvider.java:122) ~[surefire-junit-platform-3.1.2.jar:3.1.2]
	at org.apache.maven.surefire.booter.ForkedBooter.runSuitesInProcess(ForkedBooter.java:385) ~[surefire-booter-3.1.2.jar:3.1.2]
	at org.apache.maven.surefire.booter.ForkedBooter.execute(ForkedBooter.java:162) ~[surefire-booter-3.1.2.jar:3.1.2]
	at org.apache.maven.surefire.booter.ForkedBooter.run(ForkedBooter.java:507) ~[surefire-booter-3.1.2.jar:3.1.2]
	at org.apache.maven.surefire.booter.ForkedBooter.main(ForkedBooter.java:495) ~[surefire-booter-3.1.2.jar:3.1.2]

2025-10-13T13:36:42.538+02:00  WARN 80616 --- [hexagonal-app] [           main] c.t.a.core.importer.ClassFileProcessor   : Error during import from jrt:/java.base/java/lang/annotation/RetentionPolicy.class, falling back to simple import

java.lang.IllegalArgumentException: Unsupported class file major version 69
	at com.tngtech.archunit.thirdparty.org.objectweb.asm.ClassReader.<init>(ClassReader.java:200) ~[archunit-1.3.0.jar:1.3.0]
	at com.tngtech.archunit.thirdparty.org.objectweb.asm.ClassReader.<init>(ClassReader.java:180) ~[archunit-1.3.0.jar:1.3.0]
	at com.tngtech.archunit.thirdparty.org.objectweb.asm.ClassReader.<init>(ClassReader.java:166) ~[archunit-1.3.0.jar:1.3.0]
	at com.tngtech.archunit.thirdparty.org.objectweb.asm.ClassReader.<init>(ClassReader.java:288) ~[archunit-1.3.0.jar:1.3.0]
	at com.tngtech.archunit.core.importer.ClassFileProcessor$UriImporterOfProcessor.tryImport(ClassFileProcessor.java:350) ~[archunit-1.3.0.jar:1.3.0]
	at com.tngtech.archunit.core.importer.resolvers.ClassResolverFromClasspath.tryResolve(ClassResolverFromClasspath.java:51) ~[archunit-1.3.0.jar:1.3.0]
	at com.tngtech.archunit.core.importer.ImportedClasses.resolve(ImportedClasses.java:80) ~[archunit-1.3.0.jar:1.3.0]
	at com.tngtech.archunit.core.importer.ImportedClasses.ensurePresent(ImportedClasses.java:75) ~[archunit-1.3.0.jar:1.3.0]
	at com.tngtech.archunit.core.importer.DependencyResolutionProcess.executeRun(DependencyResolutionProcess.java:146) ~[archunit-1.3.0.jar:1.3.0]
	at com.tngtech.archunit.core.importer.DependencyResolutionProcess.resolve(DependencyResolutionProcess.java:122) ~[archunit-1.3.0.jar:1.3.0]
	at com.tngtech.archunit.core.importer.ClassGraphCreator.complete(ClassGraphCreator.java:107) ~[archunit-1.3.0.jar:1.3.0]
	at com.tngtech.archunit.core.importer.ClassFileProcessor.process(ClassFileProcessor.java:75) ~[archunit-1.3.0.jar:1.3.0]
	at com.tngtech.archunit.core.importer.ClassFileImporter.importLocations(ClassFileImporter.java:325) ~[archunit-1.3.0.jar:1.3.0]
	at com.tngtech.archunit.junit.internal.ClassCache$CacheClassFileImporter.importClasses(ClassCache.java:126) ~[archunit-junit5-engine-1.3.0.jar:1.3.0]
	at com.tngtech.archunit.junit.internal.ClassCache$LazyJavaClasses.initialize(ClassCache.java:118) ~[archunit-junit5-engine-1.3.0.jar:1.3.0]
	at com.tngtech.archunit.junit.internal.ClassCache$LazyJavaClasses.get(ClassCache.java:107) ~[archunit-junit5-engine-1.3.0.jar:1.3.0]
	at com.tngtech.archunit.junit.internal.ClassCache.getClassesToAnalyzeFor(ClassCache.java:84) ~[archunit-junit5-engine-1.3.0.jar:1.3.0]
	at com.tngtech.archunit.junit.internal.ArchUnitTestDescriptor.lambda$createChildren$1(ArchUnitTestDescriptor.java:90) ~[archunit-junit5-engine-1.3.0.jar:1.3.0]
	at com.tngtech.archunit.junit.internal.ArchUnitTestDescriptor$ArchUnitRuleDescriptor.execute(ArchUnitTestDescriptor.java:167) ~[archunit-junit5-engine-1.3.0.jar:1.3.0]
	at com.tngtech.archunit.junit.internal.ArchUnitTestDescriptor$ArchUnitRuleDescriptor.execute(ArchUnitTestDescriptor.java:150) ~[archunit-junit5-engine-1.3.0.jar:1.3.0]
	at org.junit.platform.engine.support.hierarchical.NodeTestTask.lambda$executeRecursively$6(NodeTestTask.java:151) ~[junit-platform-engine-1.10.1.jar:1.10.1]
	at org.junit.platform.engine.support.hierarchical.ThrowableCollector.execute(ThrowableCollector.java:73) ~[junit-platform-engine-1.10.1.jar:1.10.1]
	at org.junit.platform.engine.support.hierarchical.NodeTestTask.lambda$executeRecursively$8(NodeTestTask.java:141) ~[junit-platform-engine-1.10.1.jar:1.10.1]
	at org.junit.platform.engine.support.hierarchical.Node.around(Node.java:137) ~[junit-platform-engine-1.10.1.jar:1.10.1]
	at org.junit.platform.engine.support.hierarchical.NodeTestTask.lambda$executeRecursively$9(NodeTestTask.java:139) ~[junit-platform-engine-1.10.1.jar:1.10.1]
	at org.junit.platform.engine.support.hierarchical.ThrowableCollector.execute(ThrowableCollector.java:73) ~[junit-platform-engine-1.10.1.jar:1.10.1]
	at org.junit.platform.engine.support.hierarchical.NodeTestTask.executeRecursively(NodeTestTask.java:138) ~[junit-platform-engine-1.10.1.jar:1.10.1]
	at org.junit.platform.engine.support.hierarchical.NodeTestTask.execute(NodeTestTask.java:95) ~[junit-platform-engine-1.10.1.jar:1.10.1]
	at java.base/java.util.ArrayList.forEach(ArrayList.java:1604) ~[na:na]
	at org.junit.platform.engine.support.hierarchical.SameThreadHierarchicalTestExecutorService.invokeAll(SameThreadHierarchicalTestExecutorService.java:41) ~[junit-platform-engine-1.10.1.jar:1.10.1]
	at org.junit.platform.engine.support.hierarchical.NodeTestTask.lambda$executeRecursively$6(NodeTestTask.java:155) ~[junit-platform-engine-1.10.1.jar:1.10.1]
	at org.junit.platform.engine.support.hierarchical.ThrowableCollector.execute(ThrowableCollector.java:73) ~[junit-platform-engine-1.10.1.jar:1.10.1]
	at org.junit.platform.engine.support.hierarchical.NodeTestTask.lambda$executeRecursively$8(NodeTestTask.java:141) ~[junit-platform-engine-1.10.1.jar:1.10.1]
	at org.junit.platform.engine.support.hierarchical.Node.around(Node.java:137) ~[junit-platform-engine-1.10.1.jar:1.10.1]
	at org.junit.platform.engine.support.hierarchical.NodeTestTask.lambda$executeRecursively$9(NodeTestTask.java:139) ~[junit-platform-engine-1.10.1.jar:1.10.1]
	at org.junit.platform.engine.support.hierarchical.ThrowableCollector.execute(ThrowableCollector.java:73) ~[junit-platform-engine-1.10.1.jar:1.10.1]
	at org.junit.platform.engine.support.hierarchical.NodeTestTask.executeRecursively(NodeTestTask.java:138) ~[junit-platform-engine-1.10.1.jar:1.10.1]
	at org.junit.platform.engine.support.hierarchical.NodeTestTask.execute(NodeTestTask.java:95) ~[junit-platform-engine-1.10.1.jar:1.10.1]
	at java.base/java.util.ArrayList.forEach(ArrayList.java:1604) ~[na:na]
	at org.junit.platform.engine.support.hierarchical.SameThreadHierarchicalTestExecutorService.invokeAll(SameThreadHierarchicalTestExecutorService.java:41) ~[junit-platform-engine-1.10.1.jar:1.10.1]
	at org.junit.platform.engine.support.hierarchical.NodeTestTask.lambda$executeRecursively$6(NodeTestTask.java:155) ~[junit-platform-engine-1.10.1.jar:1.10.1]
	at org.junit.platform.engine.support.hierarchical.ThrowableCollector.execute(ThrowableCollector.java:73) ~[junit-platform-engine-1.10.1.jar:1.10.1]
	at org.junit.platform.engine.support.hierarchical.NodeTestTask.lambda$executeRecursively$8(NodeTestTask.java:141) ~[junit-platform-engine-1.10.1.jar:1.10.1]
	at org.junit.platform.engine.support.hierarchical.Node.around(Node.java:137) ~[junit-platform-engine-1.10.1.jar:1.10.1]
	at org.junit.platform.engine.support.hierarchical.NodeTestTask.lambda$executeRecursively$9(NodeTestTask.java:139) ~[junit-platform-engine-1.10.1.jar:1.10.1]
	at org.junit.platform.engine.support.hierarchical.ThrowableCollector.execute(ThrowableCollector.java:73) ~[junit-platform-engine-1.10.1.jar:1.10.1]
	at org.junit.platform.engine.support.hierarchical.NodeTestTask.executeRecursively(NodeTestTask.java:138) ~[junit-platform-engine-1.10.1.jar:1.10.1]
	at org.junit.platform.engine.support.hierarchical.NodeTestTask.execute(NodeTestTask.java:95) ~[junit-platform-engine-1.10.1.jar:1.10.1]
	at org.junit.platform.engine.support.hierarchical.SameThreadHierarchicalTestExecutorService.submit(SameThreadHierarchicalTestExecutorService.java:35) ~[junit-platform-engine-1.10.1.jar:1.10.1]
	at org.junit.platform.engine.support.hierarchical.HierarchicalTestExecutor.execute(HierarchicalTestExecutor.java:57) ~[junit-platform-engine-1.10.1.jar:1.10.1]
	at org.junit.platform.engine.support.hierarchical.HierarchicalTestEngine.execute(HierarchicalTestEngine.java:54) ~[junit-platform-engine-1.10.1.jar:1.10.1]
	at org.junit.platform.launcher.core.EngineExecutionOrchestrator.execute(EngineExecutionOrchestrator.java:198) ~[junit-platform-launcher-1.10.1.jar:1.10.1]
	at org.junit.platform.launcher.core.EngineExecutionOrchestrator.execute(EngineExecutionOrchestrator.java:169) ~[junit-platform-launcher-1.10.1.jar:1.10.1]
	at org.junit.platform.launcher.core.EngineExecutionOrchestrator.execute(EngineExecutionOrchestrator.java:93) ~[junit-platform-launcher-1.10.1.jar:1.10.1]
	at org.junit.platform.launcher.core.EngineExecutionOrchestrator.lambda$execute$0(EngineExecutionOrchestrator.java:58) ~[junit-platform-launcher-1.10.1.jar:1.10.1]
	at org.junit.platform.launcher.core.EngineExecutionOrchestrator.withInterceptedStreams(EngineExecutionOrchestrator.java:141) ~[junit-platform-launcher-1.10.1.jar:1.10.1]
	at org.junit.platform.launcher.core.EngineExecutionOrchestrator.execute(EngineExecutionOrchestrator.java:57) ~[junit-platform-launcher-1.10.1.jar:1.10.1]
	at org.junit.platform.launcher.core.DefaultLauncher.execute(DefaultLauncher.java:103) ~[junit-platform-launcher-1.10.1.jar:1.10.1]
	at org.junit.platform.launcher.core.DefaultLauncher.execute(DefaultLauncher.java:85) ~[junit-platform-launcher-1.10.1.jar:1.10.1]
	at org.junit.platform.launcher.core.DelegatingLauncher.execute(DelegatingLauncher.java:47) ~[junit-platform-launcher-1.10.1.jar:1.10.1]
	at org.apache.maven.surefire.junitplatform.LazyLauncher.execute(LazyLauncher.java:56) ~[surefire-junit-platform-3.1.2.jar:3.1.2]
	at org.apache.maven.surefire.junitplatform.JUnitPlatformProvider.execute(JUnitPlatformProvider.java:184) ~[surefire-junit-platform-3.1.2.jar:3.1.2]
	at org.apache.maven.surefire.junitplatform.JUnitPlatformProvider.invokeAllTests(JUnitPlatformProvider.java:148) ~[surefire-junit-platform-3.1.2.jar:3.1.2]
	at org.apache.maven.surefire.junitplatform.JUnitPlatformProvider.invoke(JUnitPlatformProvider.java:122) ~[surefire-junit-platform-3.1.2.jar:3.1.2]
	at org.apache.maven.surefire.booter.ForkedBooter.runSuitesInProcess(ForkedBooter.java:385) ~[surefire-booter-3.1.2.jar:3.1.2]
	at org.apache.maven.surefire.booter.ForkedBooter.execute(ForkedBooter.java:162) ~[surefire-booter-3.1.2.jar:3.1.2]
	at org.apache.maven.surefire.booter.ForkedBooter.run(ForkedBooter.java:507) ~[surefire-booter-3.1.2.jar:3.1.2]
	at org.apache.maven.surefire.booter.ForkedBooter.main(ForkedBooter.java:495) ~[surefire-booter-3.1.2.jar:3.1.2]

2025-10-13T13:36:42.543+02:00  WARN 80616 --- [hexagonal-app] [           main] c.t.a.core.importer.ClassFileProcessor   : Error during import from jrt:/java.base/java/util/Set.class, falling back to simple import

java.lang.IllegalArgumentException: Unsupported class file major version 69
	at com.tngtech.archunit.thirdparty.org.objectweb.asm.ClassReader.<init>(ClassReader.java:200) ~[archunit-1.3.0.jar:1.3.0]
	at com.tngtech.archunit.thirdparty.org.objectweb.asm.ClassReader.<init>(ClassReader.java:180) ~[archunit-1.3.0.jar:1.3.0]
	at com.tngtech.archunit.thirdparty.org.objectweb.asm.ClassReader.<init>(ClassReader.java:166) ~[archunit-1.3.0.jar:1.3.0]
	at com.tngtech.archunit.thirdparty.org.objectweb.asm.ClassReader.<init>(ClassReader.java:288) ~[archunit-1.3.0.jar:1.3.0]
	at com.tngtech.archunit.core.importer.ClassFileProcessor$UriImporterOfProcessor.tryImport(ClassFileProcessor.java:350) ~[archunit-1.3.0.jar:1.3.0]
	at com.tngtech.archunit.core.importer.resolvers.ClassResolverFromClasspath.tryResolve(ClassResolverFromClasspath.java:51) ~[archunit-1.3.0.jar:1.3.0]
	at com.tngtech.archunit.core.importer.ImportedClasses.resolve(ImportedClasses.java:80) ~[archunit-1.3.0.jar:1.3.0]
	at com.tngtech.archunit.core.importer.ImportedClasses.ensurePresent(ImportedClasses.java:75) ~[archunit-1.3.0.jar:1.3.0]
	at com.tngtech.archunit.core.importer.DependencyResolutionProcess.executeRun(DependencyResolutionProcess.java:146) ~[archunit-1.3.0.jar:1.3.0]
	at com.tngtech.archunit.core.importer.DependencyResolutionProcess.resolve(DependencyResolutionProcess.java:122) ~[archunit-1.3.0.jar:1.3.0]
	at com.tngtech.archunit.core.importer.ClassGraphCreator.complete(ClassGraphCreator.java:107) ~[archunit-1.3.0.jar:1.3.0]
	at com.tngtech.archunit.core.importer.ClassFileProcessor.process(ClassFileProcessor.java:75) ~[archunit-1.3.0.jar:1.3.0]
	at com.tngtech.archunit.core.importer.ClassFileImporter.importLocations(ClassFileImporter.java:325) ~[archunit-1.3.0.jar:1.3.0]
	at com.tngtech.archunit.junit.internal.ClassCache$CacheClassFileImporter.importClasses(ClassCache.java:126) ~[archunit-junit5-engine-1.3.0.jar:1.3.0]
	at com.tngtech.archunit.junit.internal.ClassCache$LazyJavaClasses.initialize(ClassCache.java:118) ~[archunit-junit5-engine-1.3.0.jar:1.3.0]
	at com.tngtech.archunit.junit.internal.ClassCache$LazyJavaClasses.get(ClassCache.java:107) ~[archunit-junit5-engine-1.3.0.jar:1.3.0]
	at com.tngtech.archunit.junit.internal.ClassCache.getClassesToAnalyzeFor(ClassCache.java:84) ~[archunit-junit5-engine-1.3.0.jar:1.3.0]
	at com.tngtech.archunit.junit.internal.ArchUnitTestDescriptor.lambda$createChildren$1(ArchUnitTestDescriptor.java:90) ~[archunit-junit5-engine-1.3.0.jar:1.3.0]
	at com.tngtech.archunit.junit.internal.ArchUnitTestDescriptor$ArchUnitRuleDescriptor.execute(ArchUnitTestDescriptor.java:167) ~[archunit-junit5-engine-1.3.0.jar:1.3.0]
	at com.tngtech.archunit.junit.internal.ArchUnitTestDescriptor$ArchUnitRuleDescriptor.execute(ArchUnitTestDescriptor.java:150) ~[archunit-junit5-engine-1.3.0.jar:1.3.0]
	at org.junit.platform.engine.support.hierarchical.NodeTestTask.lambda$executeRecursively$6(NodeTestTask.java:151) ~[junit-platform-engine-1.10.1.jar:1.10.1]
	at org.junit.platform.engine.support.hierarchical.ThrowableCollector.execute(ThrowableCollector.java:73) ~[junit-platform-engine-1.10.1.jar:1.10.1]
	at org.junit.platform.engine.support.hierarchical.NodeTestTask.lambda$executeRecursively$8(NodeTestTask.java:141) ~[junit-platform-engine-1.10.1.jar:1.10.1]
	at org.junit.platform.engine.support.hierarchical.Node.around(Node.java:137) ~[junit-platform-engine-1.10.1.jar:1.10.1]
	at org.junit.platform.engine.support.hierarchical.NodeTestTask.lambda$executeRecursively$9(NodeTestTask.java:139) ~[junit-platform-engine-1.10.1.jar:1.10.1]
	at org.junit.platform.engine.support.hierarchical.ThrowableCollector.execute(ThrowableCollector.java:73) ~[junit-platform-engine-1.10.1.jar:1.10.1]
	at org.junit.platform.engine.support.hierarchical.NodeTestTask.executeRecursively(NodeTestTask.java:138) ~[junit-platform-engine-1.10.1.jar:1.10.1]
	at org.junit.platform.engine.support.hierarchical.NodeTestTask.execute(NodeTestTask.java:95) ~[junit-platform-engine-1.10.1.jar:1.10.1]
	at java.base/java.util.ArrayList.forEach(ArrayList.java:1604) ~[na:na]
	at org.junit.platform.engine.support.hierarchical.SameThreadHierarchicalTestExecutorService.invokeAll(SameThreadHierarchicalTestExecutorService.java:41) ~[junit-platform-engine-1.10.1.jar:1.10.1]
	at org.junit.platform.engine.support.hierarchical.NodeTestTask.lambda$executeRecursively$6(NodeTestTask.java:155) ~[junit-platform-engine-1.10.1.jar:1.10.1]
	at org.junit.platform.engine.support.hierarchical.ThrowableCollector.execute(ThrowableCollector.java:73) ~[junit-platform-engine-1.10.1.jar:1.10.1]
	at org.junit.platform.engine.support.hierarchical.NodeTestTask.lambda$executeRecursively$8(NodeTestTask.java:141) ~[junit-platform-engine-1.10.1.jar:1.10.1]
	at org.junit.platform.engine.support.hierarchical.Node.around(Node.java:137) ~[junit-platform-engine-1.10.1.jar:1.10.1]
	at org.junit.platform.engine.support.hierarchical.NodeTestTask.lambda$executeRecursively$9(NodeTestTask.java:139) ~[junit-platform-engine-1.10.1.jar:1.10.1]
	at org.junit.platform.engine.support.hierarchical.ThrowableCollector.execute(ThrowableCollector.java:73) ~[junit-platform-engine-1.10.1.jar:1.10.1]
	at org.junit.platform.engine.support.hierarchical.NodeTestTask.executeRecursively(NodeTestTask.java:138) ~[junit-platform-engine-1.10.1.jar:1.10.1]
	at org.junit.platform.engine.support.hierarchical.NodeTestTask.execute(NodeTestTask.java:95) ~[junit-platform-engine-1.10.1.jar:1.10.1]
	at java.base/java.util.ArrayList.forEach(ArrayList.java:1604) ~[na:na]
	at org.junit.platform.engine.support.hierarchical.SameThreadHierarchicalTestExecutorService.invokeAll(SameThreadHierarchicalTestExecutorService.java:41) ~[junit-platform-engine-1.10.1.jar:1.10.1]
	at org.junit.platform.engine.support.hierarchical.NodeTestTask.lambda$executeRecursively$6(NodeTestTask.java:155) ~[junit-platform-engine-1.10.1.jar:1.10.1]
	at org.junit.platform.engine.support.hierarchical.ThrowableCollector.execute(ThrowableCollector.java:73) ~[junit-platform-engine-1.10.1.jar:1.10.1]
	at org.junit.platform.engine.support.hierarchical.NodeTestTask.lambda$executeRecursively$8(NodeTestTask.java:141) ~[junit-platform-engine-1.10.1.jar:1.10.1]
	at org.junit.platform.engine.support.hierarchical.Node.around(Node.java:137) ~[junit-platform-engine-1.10.1.jar:1.10.1]
	at org.junit.platform.engine.support.hierarchical.NodeTestTask.lambda$executeRecursively$9(NodeTestTask.java:139) ~[junit-platform-engine-1.10.1.jar:1.10.1]
	at org.junit.platform.engine.support.hierarchical.ThrowableCollector.execute(ThrowableCollector.java:73) ~[junit-platform-engine-1.10.1.jar:1.10.1]
	at org.junit.platform.engine.support.hierarchical.NodeTestTask.executeRecursively(NodeTestTask.java:138) ~[junit-platform-engine-1.10.1.jar:1.10.1]
	at org.junit.platform.engine.support.hierarchical.NodeTestTask.execute(NodeTestTask.java:95) ~[junit-platform-engine-1.10.1.jar:1.10.1]
	at org.junit.platform.engine.support.hierarchical.SameThreadHierarchicalTestExecutorService.submit(SameThreadHierarchicalTestExecutorService.java:35) ~[junit-platform-engine-1.10.1.jar:1.10.1]
	at org.junit.platform.engine.support.hierarchical.HierarchicalTestExecutor.execute(HierarchicalTestExecutor.java:57) ~[junit-platform-engine-1.10.1.jar:1.10.1]
	at org.junit.platform.engine.support.hierarchical.HierarchicalTestEngine.execute(HierarchicalTestEngine.java:54) ~[junit-platform-engine-1.10.1.jar:1.10.1]
	at org.junit.platform.launcher.core.EngineExecutionOrchestrator.execute(EngineExecutionOrchestrator.java:198) ~[junit-platform-launcher-1.10.1.jar:1.10.1]
	at org.junit.platform.launcher.core.EngineExecutionOrchestrator.execute(EngineExecutionOrchestrator.java:169) ~[junit-platform-launcher-1.10.1.jar:1.10.1]
	at org.junit.platform.launcher.core.EngineExecutionOrchestrator.execute(EngineExecutionOrchestrator.java:93) ~[junit-platform-launcher-1.10.1.jar:1.10.1]
	at org.junit.platform.launcher.core.EngineExecutionOrchestrator.lambda$execute$0(EngineExecutionOrchestrator.java:58) ~[junit-platform-launcher-1.10.1.jar:1.10.1]
	at org.junit.platform.launcher.core.EngineExecutionOrchestrator.withInterceptedStreams(EngineExecutionOrchestrator.java:141) ~[junit-platform-launcher-1.10.1.jar:1.10.1]
	at org.junit.platform.launcher.core.EngineExecutionOrchestrator.execute(EngineExecutionOrchestrator.java:57) ~[junit-platform-launcher-1.10.1.jar:1.10.1]
	at org.junit.platform.launcher.core.DefaultLauncher.execute(DefaultLauncher.java:103) ~[junit-platform-launcher-1.10.1.jar:1.10.1]
	at org.junit.platform.launcher.core.DefaultLauncher.execute(DefaultLauncher.java:85) ~[junit-platform-launcher-1.10.1.jar:1.10.1]
	at org.junit.platform.launcher.core.DelegatingLauncher.execute(DelegatingLauncher.java:47) ~[junit-platform-launcher-1.10.1.jar:1.10.1]
	at org.apache.maven.surefire.junitplatform.LazyLauncher.execute(LazyLauncher.java:56) ~[surefire-junit-platform-3.1.2.jar:3.1.2]
	at org.apache.maven.surefire.junitplatform.JUnitPlatformProvider.execute(JUnitPlatformProvider.java:184) ~[surefire-junit-platform-3.1.2.jar:3.1.2]
	at org.apache.maven.surefire.junitplatform.JUnitPlatformProvider.invokeAllTests(JUnitPlatformProvider.java:148) ~[surefire-junit-platform-3.1.2.jar:3.1.2]
	at org.apache.maven.surefire.junitplatform.JUnitPlatformProvider.invoke(JUnitPlatformProvider.java:122) ~[surefire-junit-platform-3.1.2.jar:3.1.2]
	at org.apache.maven.surefire.booter.ForkedBooter.runSuitesInProcess(ForkedBooter.java:385) ~[surefire-booter-3.1.2.jar:3.1.2]
	at org.apache.maven.surefire.booter.ForkedBooter.execute(ForkedBooter.java:162) ~[surefire-booter-3.1.2.jar:3.1.2]
	at org.apache.maven.surefire.booter.ForkedBooter.run(ForkedBooter.java:507) ~[surefire-booter-3.1.2.jar:3.1.2]
	at org.apache.maven.surefire.booter.ForkedBooter.main(ForkedBooter.java:495) ~[surefire-booter-3.1.2.jar:3.1.2]

2025-10-13T13:36:42.543+02:00  WARN 80616 --- [hexagonal-app] [           main] c.t.a.core.importer.ClassFileProcessor   : Error during import from jrt:/java.base/java/util/EventListener.class, falling back to simple import

java.lang.IllegalArgumentException: Unsupported class file major version 69
	at com.tngtech.archunit.thirdparty.org.objectweb.asm.ClassReader.<init>(ClassReader.java:200) ~[archunit-1.3.0.jar:1.3.0]
	at com.tngtech.archunit.thirdparty.org.objectweb.asm.ClassReader.<init>(ClassReader.java:180) ~[archunit-1.3.0.jar:1.3.0]
	at com.tngtech.archunit.thirdparty.org.objectweb.asm.ClassReader.<init>(ClassReader.java:166) ~[archunit-1.3.0.jar:1.3.0]
	at com.tngtech.archunit.thirdparty.org.objectweb.asm.ClassReader.<init>(ClassReader.java:288) ~[archunit-1.3.0.jar:1.3.0]
	at com.tngtech.archunit.core.importer.ClassFileProcessor$UriImporterOfProcessor.tryImport(ClassFileProcessor.java:350) ~[archunit-1.3.0.jar:1.3.0]
	at com.tngtech.archunit.core.importer.resolvers.ClassResolverFromClasspath.tryResolve(ClassResolverFromClasspath.java:51) ~[archunit-1.3.0.jar:1.3.0]
	at com.tngtech.archunit.core.importer.ImportedClasses.resolve(ImportedClasses.java:80) ~[archunit-1.3.0.jar:1.3.0]
	at com.tngtech.archunit.core.importer.ImportedClasses.ensurePresent(ImportedClasses.java:75) ~[archunit-1.3.0.jar:1.3.0]
	at com.tngtech.archunit.core.importer.DependencyResolutionProcess.executeRun(DependencyResolutionProcess.java:146) ~[archunit-1.3.0.jar:1.3.0]
	at com.tngtech.archunit.core.importer.DependencyResolutionProcess.resolve(DependencyResolutionProcess.java:122) ~[archunit-1.3.0.jar:1.3.0]
	at com.tngtech.archunit.core.importer.ClassGraphCreator.complete(ClassGraphCreator.java:107) ~[archunit-1.3.0.jar:1.3.0]
	at com.tngtech.archunit.core.importer.ClassFileProcessor.process(ClassFileProcessor.java:75) ~[archunit-1.3.0.jar:1.3.0]
	at com.tngtech.archunit.core.importer.ClassFileImporter.importLocations(ClassFileImporter.java:325) ~[archunit-1.3.0.jar:1.3.0]
	at com.tngtech.archunit.junit.internal.ClassCache$CacheClassFileImporter.importClasses(ClassCache.java:126) ~[archunit-junit5-engine-1.3.0.jar:1.3.0]
	at com.tngtech.archunit.junit.internal.ClassCache$LazyJavaClasses.initialize(ClassCache.java:118) ~[archunit-junit5-engine-1.3.0.jar:1.3.0]
	at com.tngtech.archunit.junit.internal.ClassCache$LazyJavaClasses.get(ClassCache.java:107) ~[archunit-junit5-engine-1.3.0.jar:1.3.0]
	at com.tngtech.archunit.junit.internal.ClassCache.getClassesToAnalyzeFor(ClassCache.java:84) ~[archunit-junit5-engine-1.3.0.jar:1.3.0]
	at com.tngtech.archunit.junit.internal.ArchUnitTestDescriptor.lambda$createChildren$1(ArchUnitTestDescriptor.java:90) ~[archunit-junit5-engine-1.3.0.jar:1.3.0]
	at com.tngtech.archunit.junit.internal.ArchUnitTestDescriptor$ArchUnitRuleDescriptor.execute(ArchUnitTestDescriptor.java:167) ~[archunit-junit5-engine-1.3.0.jar:1.3.0]
	at com.tngtech.archunit.junit.internal.ArchUnitTestDescriptor$ArchUnitRuleDescriptor.execute(ArchUnitTestDescriptor.java:150) ~[archunit-junit5-engine-1.3.0.jar:1.3.0]
	at org.junit.platform.engine.support.hierarchical.NodeTestTask.lambda$executeRecursively$6(NodeTestTask.java:151) ~[junit-platform-engine-1.10.1.jar:1.10.1]
	at org.junit.platform.engine.support.hierarchical.ThrowableCollector.execute(ThrowableCollector.java:73) ~[junit-platform-engine-1.10.1.jar:1.10.1]
	at org.junit.platform.engine.support.hierarchical.NodeTestTask.lambda$executeRecursively$8(NodeTestTask.java:141) ~[junit-platform-engine-1.10.1.jar:1.10.1]
	at org.junit.platform.engine.support.hierarchical.Node.around(Node.java:137) ~[junit-platform-engine-1.10.1.jar:1.10.1]
	at org.junit.platform.engine.support.hierarchical.NodeTestTask.lambda$executeRecursively$9(NodeTestTask.java:139) ~[junit-platform-engine-1.10.1.jar:1.10.1]
	at org.junit.platform.engine.support.hierarchical.ThrowableCollector.execute(ThrowableCollector.java:73) ~[junit-platform-engine-1.10.1.jar:1.10.1]
	at org.junit.platform.engine.support.hierarchical.NodeTestTask.executeRecursively(NodeTestTask.java:138) ~[junit-platform-engine-1.10.1.jar:1.10.1]
	at org.junit.platform.engine.support.hierarchical.NodeTestTask.execute(NodeTestTask.java:95) ~[junit-platform-engine-1.10.1.jar:1.10.1]
	at java.base/java.util.ArrayList.forEach(ArrayList.java:1604) ~[na:na]
	at org.junit.platform.engine.support.hierarchical.SameThreadHierarchicalTestExecutorService.invokeAll(SameThreadHierarchicalTestExecutorService.java:41) ~[junit-platform-engine-1.10.1.jar:1.10.1]
	at org.junit.platform.engine.support.hierarchical.NodeTestTask.lambda$executeRecursively$6(NodeTestTask.java:155) ~[junit-platform-engine-1.10.1.jar:1.10.1]
	at org.junit.platform.engine.support.hierarchical.ThrowableCollector.execute(ThrowableCollector.java:73) ~[junit-platform-engine-1.10.1.jar:1.10.1]
	at org.junit.platform.engine.support.hierarchical.NodeTestTask.lambda$executeRecursively$8(NodeTestTask.java:141) ~[junit-platform-engine-1.10.1.jar:1.10.1]
	at org.junit.platform.engine.support.hierarchical.Node.around(Node.java:137) ~[junit-platform-engine-1.10.1.jar:1.10.1]
	at org.junit.platform.engine.support.hierarchical.NodeTestTask.lambda$executeRecursively$9(NodeTestTask.java:139) ~[junit-platform-engine-1.10.1.jar:1.10.1]
	at org.junit.platform.engine.support.hierarchical.ThrowableCollector.execute(ThrowableCollector.java:73) ~[junit-platform-engine-1.10.1.jar:1.10.1]
	at org.junit.platform.engine.support.hierarchical.NodeTestTask.executeRecursively(NodeTestTask.java:138) ~[junit-platform-engine-1.10.1.jar:1.10.1]
	at org.junit.platform.engine.support.hierarchical.NodeTestTask.execute(NodeTestTask.java:95) ~[junit-platform-engine-1.10.1.jar:1.10.1]
	at java.base/java.util.ArrayList.forEach(ArrayList.java:1604) ~[na:na]
	at org.junit.platform.engine.support.hierarchical.SameThreadHierarchicalTestExecutorService.invokeAll(SameThreadHierarchicalTestExecutorService.java:41) ~[junit-platform-engine-1.10.1.jar:1.10.1]
	at org.junit.platform.engine.support.hierarchical.NodeTestTask.lambda$executeRecursively$6(NodeTestTask.java:155) ~[junit-platform-engine-1.10.1.jar:1.10.1]
	at org.junit.platform.engine.support.hierarchical.ThrowableCollector.execute(ThrowableCollector.java:73) ~[junit-platform-engine-1.10.1.jar:1.10.1]
	at org.junit.platform.engine.support.hierarchical.NodeTestTask.lambda$executeRecursively$8(NodeTestTask.java:141) ~[junit-platform-engine-1.10.1.jar:1.10.1]
	at org.junit.platform.engine.support.hierarchical.Node.around(Node.java:137) ~[junit-platform-engine-1.10.1.jar:1.10.1]
	at org.junit.platform.engine.support.hierarchical.NodeTestTask.lambda$executeRecursively$9(NodeTestTask.java:139) ~[junit-platform-engine-1.10.1.jar:1.10.1]
	at org.junit.platform.engine.support.hierarchical.ThrowableCollector.execute(ThrowableCollector.java:73) ~[junit-platform-engine-1.10.1.jar:1.10.1]
	at org.junit.platform.engine.support.hierarchical.NodeTestTask.executeRecursively(NodeTestTask.java:138) ~[junit-platform-engine-1.10.1.jar:1.10.1]
	at org.junit.platform.engine.support.hierarchical.NodeTestTask.execute(NodeTestTask.java:95) ~[junit-platform-engine-1.10.1.jar:1.10.1]
	at org.junit.platform.engine.support.hierarchical.SameThreadHierarchicalTestExecutorService.submit(SameThreadHierarchicalTestExecutorService.java:35) ~[junit-platform-engine-1.10.1.jar:1.10.1]
	at org.junit.platform.engine.support.hierarchical.HierarchicalTestExecutor.execute(HierarchicalTestExecutor.java:57) ~[junit-platform-engine-1.10.1.jar:1.10.1]
	at org.junit.platform.engine.support.hierarchical.HierarchicalTestEngine.execute(HierarchicalTestEngine.java:54) ~[junit-platform-engine-1.10.1.jar:1.10.1]
	at org.junit.platform.launcher.core.EngineExecutionOrchestrator.execute(EngineExecutionOrchestrator.java:198) ~[junit-platform-launcher-1.10.1.jar:1.10.1]
	at org.junit.platform.launcher.core.EngineExecutionOrchestrator.execute(EngineExecutionOrchestrator.java:169) ~[junit-platform-launcher-1.10.1.jar:1.10.1]
	at org.junit.platform.launcher.core.EngineExecutionOrchestrator.execute(EngineExecutionOrchestrator.java:93) ~[junit-platform-launcher-1.10.1.jar:1.10.1]
	at org.junit.platform.launcher.core.EngineExecutionOrchestrator.lambda$execute$0(EngineExecutionOrchestrator.java:58) ~[junit-platform-launcher-1.10.1.jar:1.10.1]
	at org.junit.platform.launcher.core.EngineExecutionOrchestrator.withInterceptedStreams(EngineExecutionOrchestrator.java:141) ~[junit-platform-launcher-1.10.1.jar:1.10.1]
	at org.junit.platform.launcher.core.EngineExecutionOrchestrator.execute(EngineExecutionOrchestrator.java:57) ~[junit-platform-launcher-1.10.1.jar:1.10.1]
	at org.junit.platform.launcher.core.DefaultLauncher.execute(DefaultLauncher.java:103) ~[junit-platform-launcher-1.10.1.jar:1.10.1]
	at org.junit.platform.launcher.core.DefaultLauncher.execute(DefaultLauncher.java:85) ~[junit-platform-launcher-1.10.1.jar:1.10.1]
	at org.junit.platform.launcher.core.DelegatingLauncher.execute(DelegatingLauncher.java:47) ~[junit-platform-launcher-1.10.1.jar:1.10.1]
	at org.apache.maven.surefire.junitplatform.LazyLauncher.execute(LazyLauncher.java:56) ~[surefire-junit-platform-3.1.2.jar:3.1.2]
	at org.apache.maven.surefire.junitplatform.JUnitPlatformProvider.execute(JUnitPlatformProvider.java:184) ~[surefire-junit-platform-3.1.2.jar:3.1.2]
	at org.apache.maven.surefire.junitplatform.JUnitPlatformProvider.invokeAllTests(JUnitPlatformProvider.java:148) ~[surefire-junit-platform-3.1.2.jar:3.1.2]
	at org.apache.maven.surefire.junitplatform.JUnitPlatformProvider.invoke(JUnitPlatformProvider.java:122) ~[surefire-junit-platform-3.1.2.jar:3.1.2]
	at org.apache.maven.surefire.booter.ForkedBooter.runSuitesInProcess(ForkedBooter.java:385) ~[surefire-booter-3.1.2.jar:3.1.2]
	at org.apache.maven.surefire.booter.ForkedBooter.execute(ForkedBooter.java:162) ~[surefire-booter-3.1.2.jar:3.1.2]
	at org.apache.maven.surefire.booter.ForkedBooter.run(ForkedBooter.java:507) ~[surefire-booter-3.1.2.jar:3.1.2]
	at org.apache.maven.surefire.booter.ForkedBooter.main(ForkedBooter.java:495) ~[surefire-booter-3.1.2.jar:3.1.2]

2025-10-13T13:36:42.546+02:00  WARN 80616 --- [hexagonal-app] [           main] c.t.a.core.importer.ClassFileProcessor   : Error during import from jrt:/java.base/java/lang/reflect/Constructor.class, falling back to simple import

java.lang.IllegalArgumentException: Unsupported class file major version 69
	at com.tngtech.archunit.thirdparty.org.objectweb.asm.ClassReader.<init>(ClassReader.java:200) ~[archunit-1.3.0.jar:1.3.0]
	at com.tngtech.archunit.thirdparty.org.objectweb.asm.ClassReader.<init>(ClassReader.java:180) ~[archunit-1.3.0.jar:1.3.0]
	at com.tngtech.archunit.thirdparty.org.objectweb.asm.ClassReader.<init>(ClassReader.java:166) ~[archunit-1.3.0.jar:1.3.0]
	at com.tngtech.archunit.thirdparty.org.objectweb.asm.ClassReader.<init>(ClassReader.java:288) ~[archunit-1.3.0.jar:1.3.0]
	at com.tngtech.archunit.core.importer.ClassFileProcessor$UriImporterOfProcessor.tryImport(ClassFileProcessor.java:350) ~[archunit-1.3.0.jar:1.3.0]
	at com.tngtech.archunit.core.importer.resolvers.ClassResolverFromClasspath.tryResolve(ClassResolverFromClasspath.java:51) ~[archunit-1.3.0.jar:1.3.0]
	at com.tngtech.archunit.core.importer.ImportedClasses.resolve(ImportedClasses.java:80) ~[archunit-1.3.0.jar:1.3.0]
	at com.tngtech.archunit.core.importer.ImportedClasses.ensurePresent(ImportedClasses.java:75) ~[archunit-1.3.0.jar:1.3.0]
	at com.tngtech.archunit.core.importer.DependencyResolutionProcess.executeRun(DependencyResolutionProcess.java:146) ~[archunit-1.3.0.jar:1.3.0]
	at com.tngtech.archunit.core.importer.DependencyResolutionProcess.resolve(DependencyResolutionProcess.java:122) ~[archunit-1.3.0.jar:1.3.0]
	at com.tngtech.archunit.core.importer.ClassGraphCreator.complete(ClassGraphCreator.java:107) ~[archunit-1.3.0.jar:1.3.0]
	at com.tngtech.archunit.core.importer.ClassFileProcessor.process(ClassFileProcessor.java:75) ~[archunit-1.3.0.jar:1.3.0]
	at com.tngtech.archunit.core.importer.ClassFileImporter.importLocations(ClassFileImporter.java:325) ~[archunit-1.3.0.jar:1.3.0]
	at com.tngtech.archunit.junit.internal.ClassCache$CacheClassFileImporter.importClasses(ClassCache.java:126) ~[archunit-junit5-engine-1.3.0.jar:1.3.0]
	at com.tngtech.archunit.junit.internal.ClassCache$LazyJavaClasses.initialize(ClassCache.java:118) ~[archunit-junit5-engine-1.3.0.jar:1.3.0]
	at com.tngtech.archunit.junit.internal.ClassCache$LazyJavaClasses.get(ClassCache.java:107) ~[archunit-junit5-engine-1.3.0.jar:1.3.0]
	at com.tngtech.archunit.junit.internal.ClassCache.getClassesToAnalyzeFor(ClassCache.java:84) ~[archunit-junit5-engine-1.3.0.jar:1.3.0]
	at com.tngtech.archunit.junit.internal.ArchUnitTestDescriptor.lambda$createChildren$1(ArchUnitTestDescriptor.java:90) ~[archunit-junit5-engine-1.3.0.jar:1.3.0]
	at com.tngtech.archunit.junit.internal.ArchUnitTestDescriptor$ArchUnitRuleDescriptor.execute(ArchUnitTestDescriptor.java:167) ~[archunit-junit5-engine-1.3.0.jar:1.3.0]
	at com.tngtech.archunit.junit.internal.ArchUnitTestDescriptor$ArchUnitRuleDescriptor.execute(ArchUnitTestDescriptor.java:150) ~[archunit-junit5-engine-1.3.0.jar:1.3.0]
	at org.junit.platform.engine.support.hierarchical.NodeTestTask.lambda$executeRecursively$6(NodeTestTask.java:151) ~[junit-platform-engine-1.10.1.jar:1.10.1]
	at org.junit.platform.engine.support.hierarchical.ThrowableCollector.execute(ThrowableCollector.java:73) ~[junit-platform-engine-1.10.1.jar:1.10.1]
	at org.junit.platform.engine.support.hierarchical.NodeTestTask.lambda$executeRecursively$8(NodeTestTask.java:141) ~[junit-platform-engine-1.10.1.jar:1.10.1]
	at org.junit.platform.engine.support.hierarchical.Node.around(Node.java:137) ~[junit-platform-engine-1.10.1.jar:1.10.1]
	at org.junit.platform.engine.support.hierarchical.NodeTestTask.lambda$executeRecursively$9(NodeTestTask.java:139) ~[junit-platform-engine-1.10.1.jar:1.10.1]
	at org.junit.platform.engine.support.hierarchical.ThrowableCollector.execute(ThrowableCollector.java:73) ~[junit-platform-engine-1.10.1.jar:1.10.1]
	at org.junit.platform.engine.support.hierarchical.NodeTestTask.executeRecursively(NodeTestTask.java:138) ~[junit-platform-engine-1.10.1.jar:1.10.1]
	at org.junit.platform.engine.support.hierarchical.NodeTestTask.execute(NodeTestTask.java:95) ~[junit-platform-engine-1.10.1.jar:1.10.1]
	at java.base/java.util.ArrayList.forEach(ArrayList.java:1604) ~[na:na]
	at org.junit.platform.engine.support.hierarchical.SameThreadHierarchicalTestExecutorService.invokeAll(SameThreadHierarchicalTestExecutorService.java:41) ~[junit-platform-engine-1.10.1.jar:1.10.1]
	at org.junit.platform.engine.support.hierarchical.NodeTestTask.lambda$executeRecursively$6(NodeTestTask.java:155) ~[junit-platform-engine-1.10.1.jar:1.10.1]
	at org.junit.platform.engine.support.hierarchical.ThrowableCollector.execute(ThrowableCollector.java:73) ~[junit-platform-engine-1.10.1.jar:1.10.1]
	at org.junit.platform.engine.support.hierarchical.NodeTestTask.lambda$executeRecursively$8(NodeTestTask.java:141) ~[junit-platform-engine-1.10.1.jar:1.10.1]
	at org.junit.platform.engine.support.hierarchical.Node.around(Node.java:137) ~[junit-platform-engine-1.10.1.jar:1.10.1]
	at org.junit.platform.engine.support.hierarchical.NodeTestTask.lambda$executeRecursively$9(NodeTestTask.java:139) ~[junit-platform-engine-1.10.1.jar:1.10.1]
	at org.junit.platform.engine.support.hierarchical.ThrowableCollector.execute(ThrowableCollector.java:73) ~[junit-platform-engine-1.10.1.jar:1.10.1]
	at org.junit.platform.engine.support.hierarchical.NodeTestTask.executeRecursively(NodeTestTask.java:138) ~[junit-platform-engine-1.10.1.jar:1.10.1]
	at org.junit.platform.engine.support.hierarchical.NodeTestTask.execute(NodeTestTask.java:95) ~[junit-platform-engine-1.10.1.jar:1.10.1]
	at java.base/java.util.ArrayList.forEach(ArrayList.java:1604) ~[na:na]
	at org.junit.platform.engine.support.hierarchical.SameThreadHierarchicalTestExecutorService.invokeAll(SameThreadHierarchicalTestExecutorService.java:41) ~[junit-platform-engine-1.10.1.jar:1.10.1]
	at org.junit.platform.engine.support.hierarchical.NodeTestTask.lambda$executeRecursively$6(NodeTestTask.java:155) ~[junit-platform-engine-1.10.1.jar:1.10.1]
	at org.junit.platform.engine.support.hierarchical.ThrowableCollector.execute(ThrowableCollector.java:73) ~[junit-platform-engine-1.10.1.jar:1.10.1]
	at org.junit.platform.engine.support.hierarchical.NodeTestTask.lambda$executeRecursively$8(NodeTestTask.java:141) ~[junit-platform-engine-1.10.1.jar:1.10.1]
	at org.junit.platform.engine.support.hierarchical.Node.around(Node.java:137) ~[junit-platform-engine-1.10.1.jar:1.10.1]
	at org.junit.platform.engine.support.hierarchical.NodeTestTask.lambda$executeRecursively$9(NodeTestTask.java:139) ~[junit-platform-engine-1.10.1.jar:1.10.1]
	at org.junit.platform.engine.support.hierarchical.ThrowableCollector.execute(ThrowableCollector.java:73) ~[junit-platform-engine-1.10.1.jar:1.10.1]
	at org.junit.platform.engine.support.hierarchical.NodeTestTask.executeRecursively(NodeTestTask.java:138) ~[junit-platform-engine-1.10.1.jar:1.10.1]
	at org.junit.platform.engine.support.hierarchical.NodeTestTask.execute(NodeTestTask.java:95) ~[junit-platform-engine-1.10.1.jar:1.10.1]
	at org.junit.platform.engine.support.hierarchical.SameThreadHierarchicalTestExecutorService.submit(SameThreadHierarchicalTestExecutorService.java:35) ~[junit-platform-engine-1.10.1.jar:1.10.1]
	at org.junit.platform.engine.support.hierarchical.HierarchicalTestExecutor.execute(HierarchicalTestExecutor.java:57) ~[junit-platform-engine-1.10.1.jar:1.10.1]
	at org.junit.platform.engine.support.hierarchical.HierarchicalTestEngine.execute(HierarchicalTestEngine.java:54) ~[junit-platform-engine-1.10.1.jar:1.10.1]
	at org.junit.platform.launcher.core.EngineExecutionOrchestrator.execute(EngineExecutionOrchestrator.java:198) ~[junit-platform-launcher-1.10.1.jar:1.10.1]
	at org.junit.platform.launcher.core.EngineExecutionOrchestrator.execute(EngineExecutionOrchestrator.java:169) ~[junit-platform-launcher-1.10.1.jar:1.10.1]
	at org.junit.platform.launcher.core.EngineExecutionOrchestrator.execute(EngineExecutionOrchestrator.java:93) ~[junit-platform-launcher-1.10.1.jar:1.10.1]
	at org.junit.platform.launcher.core.EngineExecutionOrchestrator.lambda$execute$0(EngineExecutionOrchestrator.java:58) ~[junit-platform-launcher-1.10.1.jar:1.10.1]
	at org.junit.platform.launcher.core.EngineExecutionOrchestrator.withInterceptedStreams(EngineExecutionOrchestrator.java:141) ~[junit-platform-launcher-1.10.1.jar:1.10.1]
	at org.junit.platform.launcher.core.EngineExecutionOrchestrator.execute(EngineExecutionOrchestrator.java:57) ~[junit-platform-launcher-1.10.1.jar:1.10.1]
	at org.junit.platform.launcher.core.DefaultLauncher.execute(DefaultLauncher.java:103) ~[junit-platform-launcher-1.10.1.jar:1.10.1]
	at org.junit.platform.launcher.core.DefaultLauncher.execute(DefaultLauncher.java:85) ~[junit-platform-launcher-1.10.1.jar:1.10.1]
	at org.junit.platform.launcher.core.DelegatingLauncher.execute(DelegatingLauncher.java:47) ~[junit-platform-launcher-1.10.1.jar:1.10.1]
	at org.apache.maven.surefire.junitplatform.LazyLauncher.execute(LazyLauncher.java:56) ~[surefire-junit-platform-3.1.2.jar:3.1.2]
	at org.apache.maven.surefire.junitplatform.JUnitPlatformProvider.execute(JUnitPlatformProvider.java:184) ~[surefire-junit-platform-3.1.2.jar:3.1.2]
	at org.apache.maven.surefire.junitplatform.JUnitPlatformProvider.invokeAllTests(JUnitPlatformProvider.java:148) ~[surefire-junit-platform-3.1.2.jar:3.1.2]
	at org.apache.maven.surefire.junitplatform.JUnitPlatformProvider.invoke(JUnitPlatformProvider.java:122) ~[surefire-junit-platform-3.1.2.jar:3.1.2]
	at org.apache.maven.surefire.booter.ForkedBooter.runSuitesInProcess(ForkedBooter.java:385) ~[surefire-booter-3.1.2.jar:3.1.2]
	at org.apache.maven.surefire.booter.ForkedBooter.execute(ForkedBooter.java:162) ~[surefire-booter-3.1.2.jar:3.1.2]
	at org.apache.maven.surefire.booter.ForkedBooter.run(ForkedBooter.java:507) ~[surefire-booter-3.1.2.jar:3.1.2]
	at org.apache.maven.surefire.booter.ForkedBooter.main(ForkedBooter.java:495) ~[surefire-booter-3.1.2.jar:3.1.2]

2025-10-13T13:36:42.547+02:00  WARN 80616 --- [hexagonal-app] [           main] c.t.a.core.importer.ClassFileProcessor   : Error during import from jrt:/java.base/java/util/Map$Entry.class, falling back to simple import

java.lang.IllegalArgumentException: Unsupported class file major version 69
	at com.tngtech.archunit.thirdparty.org.objectweb.asm.ClassReader.<init>(ClassReader.java:200) ~[archunit-1.3.0.jar:1.3.0]
	at com.tngtech.archunit.thirdparty.org.objectweb.asm.ClassReader.<init>(ClassReader.java:180) ~[archunit-1.3.0.jar:1.3.0]
	at com.tngtech.archunit.thirdparty.org.objectweb.asm.ClassReader.<init>(ClassReader.java:166) ~[archunit-1.3.0.jar:1.3.0]
	at com.tngtech.archunit.thirdparty.org.objectweb.asm.ClassReader.<init>(ClassReader.java:288) ~[archunit-1.3.0.jar:1.3.0]
	at com.tngtech.archunit.core.importer.ClassFileProcessor$UriImporterOfProcessor.tryImport(ClassFileProcessor.java:350) ~[archunit-1.3.0.jar:1.3.0]
	at com.tngtech.archunit.core.importer.resolvers.ClassResolverFromClasspath.tryResolve(ClassResolverFromClasspath.java:51) ~[archunit-1.3.0.jar:1.3.0]
	at com.tngtech.archunit.core.importer.ImportedClasses.resolve(ImportedClasses.java:80) ~[archunit-1.3.0.jar:1.3.0]
	at com.tngtech.archunit.core.importer.ImportedClasses.ensurePresent(ImportedClasses.java:75) ~[archunit-1.3.0.jar:1.3.0]
	at com.tngtech.archunit.core.importer.DependencyResolutionProcess.executeRun(DependencyResolutionProcess.java:146) ~[archunit-1.3.0.jar:1.3.0]
	at com.tngtech.archunit.core.importer.DependencyResolutionProcess.resolve(DependencyResolutionProcess.java:122) ~[archunit-1.3.0.jar:1.3.0]
	at com.tngtech.archunit.core.importer.ClassGraphCreator.complete(ClassGraphCreator.java:107) ~[archunit-1.3.0.jar:1.3.0]
	at com.tngtech.archunit.core.importer.ClassFileProcessor.process(ClassFileProcessor.java:75) ~[archunit-1.3.0.jar:1.3.0]
	at com.tngtech.archunit.core.importer.ClassFileImporter.importLocations(ClassFileImporter.java:325) ~[archunit-1.3.0.jar:1.3.0]
	at com.tngtech.archunit.junit.internal.ClassCache$CacheClassFileImporter.importClasses(ClassCache.java:126) ~[archunit-junit5-engine-1.3.0.jar:1.3.0]
	at com.tngtech.archunit.junit.internal.ClassCache$LazyJavaClasses.initialize(ClassCache.java:118) ~[archunit-junit5-engine-1.3.0.jar:1.3.0]
	at com.tngtech.archunit.junit.internal.ClassCache$LazyJavaClasses.get(ClassCache.java:107) ~[archunit-junit5-engine-1.3.0.jar:1.3.0]
	at com.tngtech.archunit.junit.internal.ClassCache.getClassesToAnalyzeFor(ClassCache.java:84) ~[archunit-junit5-engine-1.3.0.jar:1.3.0]
	at com.tngtech.archunit.junit.internal.ArchUnitTestDescriptor.lambda$createChildren$1(ArchUnitTestDescriptor.java:90) ~[archunit-junit5-engine-1.3.0.jar:1.3.0]
	at com.tngtech.archunit.junit.internal.ArchUnitTestDescriptor$ArchUnitRuleDescriptor.execute(ArchUnitTestDescriptor.java:167) ~[archunit-junit5-engine-1.3.0.jar:1.3.0]
	at com.tngtech.archunit.junit.internal.ArchUnitTestDescriptor$ArchUnitRuleDescriptor.execute(ArchUnitTestDescriptor.java:150) ~[archunit-junit5-engine-1.3.0.jar:1.3.0]
	at org.junit.platform.engine.support.hierarchical.NodeTestTask.lambda$executeRecursively$6(NodeTestTask.java:151) ~[junit-platform-engine-1.10.1.jar:1.10.1]
	at org.junit.platform.engine.support.hierarchical.ThrowableCollector.execute(ThrowableCollector.java:73) ~[junit-platform-engine-1.10.1.jar:1.10.1]
	at org.junit.platform.engine.support.hierarchical.NodeTestTask.lambda$executeRecursively$8(NodeTestTask.java:141) ~[junit-platform-engine-1.10.1.jar:1.10.1]
	at org.junit.platform.engine.support.hierarchical.Node.around(Node.java:137) ~[junit-platform-engine-1.10.1.jar:1.10.1]
	at org.junit.platform.engine.support.hierarchical.NodeTestTask.lambda$executeRecursively$9(NodeTestTask.java:139) ~[junit-platform-engine-1.10.1.jar:1.10.1]
	at org.junit.platform.engine.support.hierarchical.ThrowableCollector.execute(ThrowableCollector.java:73) ~[junit-platform-engine-1.10.1.jar:1.10.1]
	at org.junit.platform.engine.support.hierarchical.NodeTestTask.executeRecursively(NodeTestTask.java:138) ~[junit-platform-engine-1.10.1.jar:1.10.1]
	at org.junit.platform.engine.support.hierarchical.NodeTestTask.execute(NodeTestTask.java:95) ~[junit-platform-engine-1.10.1.jar:1.10.1]
	at java.base/java.util.ArrayList.forEach(ArrayList.java:1604) ~[na:na]
	at org.junit.platform.engine.support.hierarchical.SameThreadHierarchicalTestExecutorService.invokeAll(SameThreadHierarchicalTestExecutorService.java:41) ~[junit-platform-engine-1.10.1.jar:1.10.1]
	at org.junit.platform.engine.support.hierarchical.NodeTestTask.lambda$executeRecursively$6(NodeTestTask.java:155) ~[junit-platform-engine-1.10.1.jar:1.10.1]
	at org.junit.platform.engine.support.hierarchical.ThrowableCollector.execute(ThrowableCollector.java:73) ~[junit-platform-engine-1.10.1.jar:1.10.1]
	at org.junit.platform.engine.support.hierarchical.NodeTestTask.lambda$executeRecursively$8(NodeTestTask.java:141) ~[junit-platform-engine-1.10.1.jar:1.10.1]
	at org.junit.platform.engine.support.hierarchical.Node.around(Node.java:137) ~[junit-platform-engine-1.10.1.jar:1.10.1]
	at org.junit.platform.engine.support.hierarchical.NodeTestTask.lambda$executeRecursively$9(NodeTestTask.java:139) ~[junit-platform-engine-1.10.1.jar:1.10.1]
	at org.junit.platform.engine.support.hierarchical.ThrowableCollector.execute(ThrowableCollector.java:73) ~[junit-platform-engine-1.10.1.jar:1.10.1]
	at org.junit.platform.engine.support.hierarchical.NodeTestTask.executeRecursively(NodeTestTask.java:138) ~[junit-platform-engine-1.10.1.jar:1.10.1]
	at org.junit.platform.engine.support.hierarchical.NodeTestTask.execute(NodeTestTask.java:95) ~[junit-platform-engine-1.10.1.jar:1.10.1]
	at java.base/java.util.ArrayList.forEach(ArrayList.java:1604) ~[na:na]
	at org.junit.platform.engine.support.hierarchical.SameThreadHierarchicalTestExecutorService.invokeAll(SameThreadHierarchicalTestExecutorService.java:41) ~[junit-platform-engine-1.10.1.jar:1.10.1]
	at org.junit.platform.engine.support.hierarchical.NodeTestTask.lambda$executeRecursively$6(NodeTestTask.java:155) ~[junit-platform-engine-1.10.1.jar:1.10.1]
	at org.junit.platform.engine.support.hierarchical.ThrowableCollector.execute(ThrowableCollector.java:73) ~[junit-platform-engine-1.10.1.jar:1.10.1]
	at org.junit.platform.engine.support.hierarchical.NodeTestTask.lambda$executeRecursively$8(NodeTestTask.java:141) ~[junit-platform-engine-1.10.1.jar:1.10.1]
	at org.junit.platform.engine.support.hierarchical.Node.around(Node.java:137) ~[junit-platform-engine-1.10.1.jar:1.10.1]
	at org.junit.platform.engine.support.hierarchical.NodeTestTask.lambda$executeRecursively$9(NodeTestTask.java:139) ~[junit-platform-engine-1.10.1.jar:1.10.1]
	at org.junit.platform.engine.support.hierarchical.ThrowableCollector.execute(ThrowableCollector.java:73) ~[junit-platform-engine-1.10.1.jar:1.10.1]
	at org.junit.platform.engine.support.hierarchical.NodeTestTask.executeRecursively(NodeTestTask.java:138) ~[junit-platform-engine-1.10.1.jar:1.10.1]
	at org.junit.platform.engine.support.hierarchical.NodeTestTask.execute(NodeTestTask.java:95) ~[junit-platform-engine-1.10.1.jar:1.10.1]
	at org.junit.platform.engine.support.hierarchical.SameThreadHierarchicalTestExecutorService.submit(SameThreadHierarchicalTestExecutorService.java:35) ~[junit-platform-engine-1.10.1.jar:1.10.1]
	at org.junit.platform.engine.support.hierarchical.HierarchicalTestExecutor.execute(HierarchicalTestExecutor.java:57) ~[junit-platform-engine-1.10.1.jar:1.10.1]
	at org.junit.platform.engine.support.hierarchical.HierarchicalTestEngine.execute(HierarchicalTestEngine.java:54) ~[junit-platform-engine-1.10.1.jar:1.10.1]
	at org.junit.platform.launcher.core.EngineExecutionOrchestrator.execute(EngineExecutionOrchestrator.java:198) ~[junit-platform-launcher-1.10.1.jar:1.10.1]
	at org.junit.platform.launcher.core.EngineExecutionOrchestrator.execute(EngineExecutionOrchestrator.java:169) ~[junit-platform-launcher-1.10.1.jar:1.10.1]
	at org.junit.platform.launcher.core.EngineExecutionOrchestrator.execute(EngineExecutionOrchestrator.java:93) ~[junit-platform-launcher-1.10.1.jar:1.10.1]
	at org.junit.platform.launcher.core.EngineExecutionOrchestrator.lambda$execute$0(EngineExecutionOrchestrator.java:58) ~[junit-platform-launcher-1.10.1.jar:1.10.1]
	at org.junit.platform.launcher.core.EngineExecutionOrchestrator.withInterceptedStreams(EngineExecutionOrchestrator.java:141) ~[junit-platform-launcher-1.10.1.jar:1.10.1]
	at org.junit.platform.launcher.core.EngineExecutionOrchestrator.execute(EngineExecutionOrchestrator.java:57) ~[junit-platform-launcher-1.10.1.jar:1.10.1]
	at org.junit.platform.launcher.core.DefaultLauncher.execute(DefaultLauncher.java:103) ~[junit-platform-launcher-1.10.1.jar:1.10.1]
	at org.junit.platform.launcher.core.DefaultLauncher.execute(DefaultLauncher.java:85) ~[junit-platform-launcher-1.10.1.jar:1.10.1]
	at org.junit.platform.launcher.core.DelegatingLauncher.execute(DelegatingLauncher.java:47) ~[junit-platform-launcher-1.10.1.jar:1.10.1]
	at org.apache.maven.surefire.junitplatform.LazyLauncher.execute(LazyLauncher.java:56) ~[surefire-junit-platform-3.1.2.jar:3.1.2]
	at org.apache.maven.surefire.junitplatform.JUnitPlatformProvider.execute(JUnitPlatformProvider.java:184) ~[surefire-junit-platform-3.1.2.jar:3.1.2]
	at org.apache.maven.surefire.junitplatform.JUnitPlatformProvider.invokeAllTests(JUnitPlatformProvider.java:148) ~[surefire-junit-platform-3.1.2.jar:3.1.2]
	at org.apache.maven.surefire.junitplatform.JUnitPlatformProvider.invoke(JUnitPlatformProvider.java:122) ~[surefire-junit-platform-3.1.2.jar:3.1.2]
	at org.apache.maven.surefire.booter.ForkedBooter.runSuitesInProcess(ForkedBooter.java:385) ~[surefire-booter-3.1.2.jar:3.1.2]
	at org.apache.maven.surefire.booter.ForkedBooter.execute(ForkedBooter.java:162) ~[surefire-booter-3.1.2.jar:3.1.2]
	at org.apache.maven.surefire.booter.ForkedBooter.run(ForkedBooter.java:507) ~[surefire-booter-3.1.2.jar:3.1.2]
	at org.apache.maven.surefire.booter.ForkedBooter.main(ForkedBooter.java:495) ~[surefire-booter-3.1.2.jar:3.1.2]

2025-10-13T13:36:42.548+02:00  WARN 80616 --- [hexagonal-app] [           main] c.t.a.core.importer.ClassFileProcessor   : Error during import from jrt:/java.base/java/lang/reflect/Field.class, falling back to simple import

java.lang.IllegalArgumentException: Unsupported class file major version 69
	at com.tngtech.archunit.thirdparty.org.objectweb.asm.ClassReader.<init>(ClassReader.java:200) ~[archunit-1.3.0.jar:1.3.0]
	at com.tngtech.archunit.thirdparty.org.objectweb.asm.ClassReader.<init>(ClassReader.java:180) ~[archunit-1.3.0.jar:1.3.0]
	at com.tngtech.archunit.thirdparty.org.objectweb.asm.ClassReader.<init>(ClassReader.java:166) ~[archunit-1.3.0.jar:1.3.0]
	at com.tngtech.archunit.thirdparty.org.objectweb.asm.ClassReader.<init>(ClassReader.java:288) ~[archunit-1.3.0.jar:1.3.0]
	at com.tngtech.archunit.core.importer.ClassFileProcessor$UriImporterOfProcessor.tryImport(ClassFileProcessor.java:350) ~[archunit-1.3.0.jar:1.3.0]
	at com.tngtech.archunit.core.importer.resolvers.ClassResolverFromClasspath.tryResolve(ClassResolverFromClasspath.java:51) ~[archunit-1.3.0.jar:1.3.0]
	at com.tngtech.archunit.core.importer.ImportedClasses.resolve(ImportedClasses.java:80) ~[archunit-1.3.0.jar:1.3.0]
	at com.tngtech.archunit.core.importer.ImportedClasses.ensurePresent(ImportedClasses.java:75) ~[archunit-1.3.0.jar:1.3.0]
	at com.tngtech.archunit.core.importer.DependencyResolutionProcess.executeRun(DependencyResolutionProcess.java:146) ~[archunit-1.3.0.jar:1.3.0]
	at com.tngtech.archunit.core.importer.DependencyResolutionProcess.resolve(DependencyResolutionProcess.java:122) ~[archunit-1.3.0.jar:1.3.0]
	at com.tngtech.archunit.core.importer.ClassGraphCreator.complete(ClassGraphCreator.java:107) ~[archunit-1.3.0.jar:1.3.0]
	at com.tngtech.archunit.core.importer.ClassFileProcessor.process(ClassFileProcessor.java:75) ~[archunit-1.3.0.jar:1.3.0]
	at com.tngtech.archunit.core.importer.ClassFileImporter.importLocations(ClassFileImporter.java:325) ~[archunit-1.3.0.jar:1.3.0]
	at com.tngtech.archunit.junit.internal.ClassCache$CacheClassFileImporter.importClasses(ClassCache.java:126) ~[archunit-junit5-engine-1.3.0.jar:1.3.0]
	at com.tngtech.archunit.junit.internal.ClassCache$LazyJavaClasses.initialize(ClassCache.java:118) ~[archunit-junit5-engine-1.3.0.jar:1.3.0]
	at com.tngtech.archunit.junit.internal.ClassCache$LazyJavaClasses.get(ClassCache.java:107) ~[archunit-junit5-engine-1.3.0.jar:1.3.0]
	at com.tngtech.archunit.junit.internal.ClassCache.getClassesToAnalyzeFor(ClassCache.java:84) ~[archunit-junit5-engine-1.3.0.jar:1.3.0]
	at com.tngtech.archunit.junit.internal.ArchUnitTestDescriptor.lambda$createChildren$1(ArchUnitTestDescriptor.java:90) ~[archunit-junit5-engine-1.3.0.jar:1.3.0]
	at com.tngtech.archunit.junit.internal.ArchUnitTestDescriptor$ArchUnitRuleDescriptor.execute(ArchUnitTestDescriptor.java:167) ~[archunit-junit5-engine-1.3.0.jar:1.3.0]
	at com.tngtech.archunit.junit.internal.ArchUnitTestDescriptor$ArchUnitRuleDescriptor.execute(ArchUnitTestDescriptor.java:150) ~[archunit-junit5-engine-1.3.0.jar:1.3.0]
	at org.junit.platform.engine.support.hierarchical.NodeTestTask.lambda$executeRecursively$6(NodeTestTask.java:151) ~[junit-platform-engine-1.10.1.jar:1.10.1]
	at org.junit.platform.engine.support.hierarchical.ThrowableCollector.execute(ThrowableCollector.java:73) ~[junit-platform-engine-1.10.1.jar:1.10.1]
	at org.junit.platform.engine.support.hierarchical.NodeTestTask.lambda$executeRecursively$8(NodeTestTask.java:141) ~[junit-platform-engine-1.10.1.jar:1.10.1]
	at org.junit.platform.engine.support.hierarchical.Node.around(Node.java:137) ~[junit-platform-engine-1.10.1.jar:1.10.1]
	at org.junit.platform.engine.support.hierarchical.NodeTestTask.lambda$executeRecursively$9(NodeTestTask.java:139) ~[junit-platform-engine-1.10.1.jar:1.10.1]
	at org.junit.platform.engine.support.hierarchical.ThrowableCollector.execute(ThrowableCollector.java:73) ~[junit-platform-engine-1.10.1.jar:1.10.1]
	at org.junit.platform.engine.support.hierarchical.NodeTestTask.executeRecursively(NodeTestTask.java:138) ~[junit-platform-engine-1.10.1.jar:1.10.1]
	at org.junit.platform.engine.support.hierarchical.NodeTestTask.execute(NodeTestTask.java:95) ~[junit-platform-engine-1.10.1.jar:1.10.1]
	at java.base/java.util.ArrayList.forEach(ArrayList.java:1604) ~[na:na]
	at org.junit.platform.engine.support.hierarchical.SameThreadHierarchicalTestExecutorService.invokeAll(SameThreadHierarchicalTestExecutorService.java:41) ~[junit-platform-engine-1.10.1.jar:1.10.1]
	at org.junit.platform.engine.support.hierarchical.NodeTestTask.lambda$executeRecursively$6(NodeTestTask.java:155) ~[junit-platform-engine-1.10.1.jar:1.10.1]
	at org.junit.platform.engine.support.hierarchical.ThrowableCollector.execute(ThrowableCollector.java:73) ~[junit-platform-engine-1.10.1.jar:1.10.1]
	at org.junit.platform.engine.support.hierarchical.NodeTestTask.lambda$executeRecursively$8(NodeTestTask.java:141) ~[junit-platform-engine-1.10.1.jar:1.10.1]
	at org.junit.platform.engine.support.hierarchical.Node.around(Node.java:137) ~[junit-platform-engine-1.10.1.jar:1.10.1]
	at org.junit.platform.engine.support.hierarchical.NodeTestTask.lambda$executeRecursively$9(NodeTestTask.java:139) ~[junit-platform-engine-1.10.1.jar:1.10.1]
	at org.junit.platform.engine.support.hierarchical.ThrowableCollector.execute(ThrowableCollector.java:73) ~[junit-platform-engine-1.10.1.jar:1.10.1]
	at org.junit.platform.engine.support.hierarchical.NodeTestTask.executeRecursively(NodeTestTask.java:138) ~[junit-platform-engine-1.10.1.jar:1.10.1]
	at org.junit.platform.engine.support.hierarchical.NodeTestTask.execute(NodeTestTask.java:95) ~[junit-platform-engine-1.10.1.jar:1.10.1]
	at java.base/java.util.ArrayList.forEach(ArrayList.java:1604) ~[na:na]
	at org.junit.platform.engine.support.hierarchical.SameThreadHierarchicalTestExecutorService.invokeAll(SameThreadHierarchicalTestExecutorService.java:41) ~[junit-platform-engine-1.10.1.jar:1.10.1]
	at org.junit.platform.engine.support.hierarchical.NodeTestTask.lambda$executeRecursively$6(NodeTestTask.java:155) ~[junit-platform-engine-1.10.1.jar:1.10.1]
	at org.junit.platform.engine.support.hierarchical.ThrowableCollector.execute(ThrowableCollector.java:73) ~[junit-platform-engine-1.10.1.jar:1.10.1]
	at org.junit.platform.engine.support.hierarchical.NodeTestTask.lambda$executeRecursively$8(NodeTestTask.java:141) ~[junit-platform-engine-1.10.1.jar:1.10.1]
	at org.junit.platform.engine.support.hierarchical.Node.around(Node.java:137) ~[junit-platform-engine-1.10.1.jar:1.10.1]
	at org.junit.platform.engine.support.hierarchical.NodeTestTask.lambda$executeRecursively$9(NodeTestTask.java:139) ~[junit-platform-engine-1.10.1.jar:1.10.1]
	at org.junit.platform.engine.support.hierarchical.ThrowableCollector.execute(ThrowableCollector.java:73) ~[junit-platform-engine-1.10.1.jar:1.10.1]
	at org.junit.platform.engine.support.hierarchical.NodeTestTask.executeRecursively(NodeTestTask.java:138) ~[junit-platform-engine-1.10.1.jar:1.10.1]
	at org.junit.platform.engine.support.hierarchical.NodeTestTask.execute(NodeTestTask.java:95) ~[junit-platform-engine-1.10.1.jar:1.10.1]
	at org.junit.platform.engine.support.hierarchical.SameThreadHierarchicalTestExecutorService.submit(SameThreadHierarchicalTestExecutorService.java:35) ~[junit-platform-engine-1.10.1.jar:1.10.1]
	at org.junit.platform.engine.support.hierarchical.HierarchicalTestExecutor.execute(HierarchicalTestExecutor.java:57) ~[junit-platform-engine-1.10.1.jar:1.10.1]
	at org.junit.platform.engine.support.hierarchical.HierarchicalTestEngine.execute(HierarchicalTestEngine.java:54) ~[junit-platform-engine-1.10.1.jar:1.10.1]
	at org.junit.platform.launcher.core.EngineExecutionOrchestrator.execute(EngineExecutionOrchestrator.java:198) ~[junit-platform-launcher-1.10.1.jar:1.10.1]
	at org.junit.platform.launcher.core.EngineExecutionOrchestrator.execute(EngineExecutionOrchestrator.java:169) ~[junit-platform-launcher-1.10.1.jar:1.10.1]
	at org.junit.platform.launcher.core.EngineExecutionOrchestrator.execute(EngineExecutionOrchestrator.java:93) ~[junit-platform-launcher-1.10.1.jar:1.10.1]
	at org.junit.platform.launcher.core.EngineExecutionOrchestrator.lambda$execute$0(EngineExecutionOrchestrator.java:58) ~[junit-platform-launcher-1.10.1.jar:1.10.1]
	at org.junit.platform.launcher.core.EngineExecutionOrchestrator.withInterceptedStreams(EngineExecutionOrchestrator.java:141) ~[junit-platform-launcher-1.10.1.jar:1.10.1]
	at org.junit.platform.launcher.core.EngineExecutionOrchestrator.execute(EngineExecutionOrchestrator.java:57) ~[junit-platform-launcher-1.10.1.jar:1.10.1]
	at org.junit.platform.launcher.core.DefaultLauncher.execute(DefaultLauncher.java:103) ~[junit-platform-launcher-1.10.1.jar:1.10.1]
	at org.junit.platform.launcher.core.DefaultLauncher.execute(DefaultLauncher.java:85) ~[junit-platform-launcher-1.10.1.jar:1.10.1]
	at org.junit.platform.launcher.core.DelegatingLauncher.execute(DelegatingLauncher.java:47) ~[junit-platform-launcher-1.10.1.jar:1.10.1]
	at org.apache.maven.surefire.junitplatform.LazyLauncher.execute(LazyLauncher.java:56) ~[surefire-junit-platform-3.1.2.jar:3.1.2]
	at org.apache.maven.surefire.junitplatform.JUnitPlatformProvider.execute(JUnitPlatformProvider.java:184) ~[surefire-junit-platform-3.1.2.jar:3.1.2]
	at org.apache.maven.surefire.junitplatform.JUnitPlatformProvider.invokeAllTests(JUnitPlatformProvider.java:148) ~[surefire-junit-platform-3.1.2.jar:3.1.2]
	at org.apache.maven.surefire.junitplatform.JUnitPlatformProvider.invoke(JUnitPlatformProvider.java:122) ~[surefire-junit-platform-3.1.2.jar:3.1.2]
	at org.apache.maven.surefire.booter.ForkedBooter.runSuitesInProcess(ForkedBooter.java:385) ~[surefire-booter-3.1.2.jar:3.1.2]
	at org.apache.maven.surefire.booter.ForkedBooter.execute(ForkedBooter.java:162) ~[surefire-booter-3.1.2.jar:3.1.2]
	at org.apache.maven.surefire.booter.ForkedBooter.run(ForkedBooter.java:507) ~[surefire-booter-3.1.2.jar:3.1.2]
	at org.apache.maven.surefire.booter.ForkedBooter.main(ForkedBooter.java:495) ~[surefire-booter-3.1.2.jar:3.1.2]

2025-10-13T13:36:42.549+02:00  WARN 80616 --- [hexagonal-app] [           main] c.t.a.core.importer.ClassFileProcessor   : Error during import from jrt:/java.base/java/lang/Comparable.class, falling back to simple import

java.lang.IllegalArgumentException: Unsupported class file major version 69
	at com.tngtech.archunit.thirdparty.org.objectweb.asm.ClassReader.<init>(ClassReader.java:200) ~[archunit-1.3.0.jar:1.3.0]
	at com.tngtech.archunit.thirdparty.org.objectweb.asm.ClassReader.<init>(ClassReader.java:180) ~[archunit-1.3.0.jar:1.3.0]
	at com.tngtech.archunit.thirdparty.org.objectweb.asm.ClassReader.<init>(ClassReader.java:166) ~[archunit-1.3.0.jar:1.3.0]
	at com.tngtech.archunit.thirdparty.org.objectweb.asm.ClassReader.<init>(ClassReader.java:288) ~[archunit-1.3.0.jar:1.3.0]
	at com.tngtech.archunit.core.importer.ClassFileProcessor$UriImporterOfProcessor.tryImport(ClassFileProcessor.java:350) ~[archunit-1.3.0.jar:1.3.0]
	at com.tngtech.archunit.core.importer.resolvers.ClassResolverFromClasspath.tryResolve(ClassResolverFromClasspath.java:51) ~[archunit-1.3.0.jar:1.3.0]
	at com.tngtech.archunit.core.importer.ImportedClasses.resolve(ImportedClasses.java:80) ~[archunit-1.3.0.jar:1.3.0]
	at com.tngtech.archunit.core.importer.ImportedClasses.ensurePresent(ImportedClasses.java:75) ~[archunit-1.3.0.jar:1.3.0]
	at com.tngtech.archunit.core.importer.DependencyResolutionProcess.executeRun(DependencyResolutionProcess.java:146) ~[archunit-1.3.0.jar:1.3.0]
	at com.tngtech.archunit.core.importer.DependencyResolutionProcess.resolve(DependencyResolutionProcess.java:122) ~[archunit-1.3.0.jar:1.3.0]
	at com.tngtech.archunit.core.importer.ClassGraphCreator.complete(ClassGraphCreator.java:107) ~[archunit-1.3.0.jar:1.3.0]
	at com.tngtech.archunit.core.importer.ClassFileProcessor.process(ClassFileProcessor.java:75) ~[archunit-1.3.0.jar:1.3.0]
	at com.tngtech.archunit.core.importer.ClassFileImporter.importLocations(ClassFileImporter.java:325) ~[archunit-1.3.0.jar:1.3.0]
	at com.tngtech.archunit.junit.internal.ClassCache$CacheClassFileImporter.importClasses(ClassCache.java:126) ~[archunit-junit5-engine-1.3.0.jar:1.3.0]
	at com.tngtech.archunit.junit.internal.ClassCache$LazyJavaClasses.initialize(ClassCache.java:118) ~[archunit-junit5-engine-1.3.0.jar:1.3.0]
	at com.tngtech.archunit.junit.internal.ClassCache$LazyJavaClasses.get(ClassCache.java:107) ~[archunit-junit5-engine-1.3.0.jar:1.3.0]
	at com.tngtech.archunit.junit.internal.ClassCache.getClassesToAnalyzeFor(ClassCache.java:84) ~[archunit-junit5-engine-1.3.0.jar:1.3.0]
	at com.tngtech.archunit.junit.internal.ArchUnitTestDescriptor.lambda$createChildren$1(ArchUnitTestDescriptor.java:90) ~[archunit-junit5-engine-1.3.0.jar:1.3.0]
	at com.tngtech.archunit.junit.internal.ArchUnitTestDescriptor$ArchUnitRuleDescriptor.execute(ArchUnitTestDescriptor.java:167) ~[archunit-junit5-engine-1.3.0.jar:1.3.0]
	at com.tngtech.archunit.junit.internal.ArchUnitTestDescriptor$ArchUnitRuleDescriptor.execute(ArchUnitTestDescriptor.java:150) ~[archunit-junit5-engine-1.3.0.jar:1.3.0]
	at org.junit.platform.engine.support.hierarchical.NodeTestTask.lambda$executeRecursively$6(NodeTestTask.java:151) ~[junit-platform-engine-1.10.1.jar:1.10.1]
	at org.junit.platform.engine.support.hierarchical.ThrowableCollector.execute(ThrowableCollector.java:73) ~[junit-platform-engine-1.10.1.jar:1.10.1]
	at org.junit.platform.engine.support.hierarchical.NodeTestTask.lambda$executeRecursively$8(NodeTestTask.java:141) ~[junit-platform-engine-1.10.1.jar:1.10.1]
	at org.junit.platform.engine.support.hierarchical.Node.around(Node.java:137) ~[junit-platform-engine-1.10.1.jar:1.10.1]
	at org.junit.platform.engine.support.hierarchical.NodeTestTask.lambda$executeRecursively$9(NodeTestTask.java:139) ~[junit-platform-engine-1.10.1.jar:1.10.1]
	at org.junit.platform.engine.support.hierarchical.ThrowableCollector.execute(ThrowableCollector.java:73) ~[junit-platform-engine-1.10.1.jar:1.10.1]
	at org.junit.platform.engine.support.hierarchical.NodeTestTask.executeRecursively(NodeTestTask.java:138) ~[junit-platform-engine-1.10.1.jar:1.10.1]
	at org.junit.platform.engine.support.hierarchical.NodeTestTask.execute(NodeTestTask.java:95) ~[junit-platform-engine-1.10.1.jar:1.10.1]
	at java.base/java.util.ArrayList.forEach(ArrayList.java:1604) ~[na:na]
	at org.junit.platform.engine.support.hierarchical.SameThreadHierarchicalTestExecutorService.invokeAll(SameThreadHierarchicalTestExecutorService.java:41) ~[junit-platform-engine-1.10.1.jar:1.10.1]
	at org.junit.platform.engine.support.hierarchical.NodeTestTask.lambda$executeRecursively$6(NodeTestTask.java:155) ~[junit-platform-engine-1.10.1.jar:1.10.1]
	at org.junit.platform.engine.support.hierarchical.ThrowableCollector.execute(ThrowableCollector.java:73) ~[junit-platform-engine-1.10.1.jar:1.10.1]
	at org.junit.platform.engine.support.hierarchical.NodeTestTask.lambda$executeRecursively$8(NodeTestTask.java:141) ~[junit-platform-engine-1.10.1.jar:1.10.1]
	at org.junit.platform.engine.support.hierarchical.Node.around(Node.java:137) ~[junit-platform-engine-1.10.1.jar:1.10.1]
	at org.junit.platform.engine.support.hierarchical.NodeTestTask.lambda$executeRecursively$9(NodeTestTask.java:139) ~[junit-platform-engine-1.10.1.jar:1.10.1]
	at org.junit.platform.engine.support.hierarchical.ThrowableCollector.execute(ThrowableCollector.java:73) ~[junit-platform-engine-1.10.1.jar:1.10.1]
	at org.junit.platform.engine.support.hierarchical.NodeTestTask.executeRecursively(NodeTestTask.java:138) ~[junit-platform-engine-1.10.1.jar:1.10.1]
	at org.junit.platform.engine.support.hierarchical.NodeTestTask.execute(NodeTestTask.java:95) ~[junit-platform-engine-1.10.1.jar:1.10.1]
	at java.base/java.util.ArrayList.forEach(ArrayList.java:1604) ~[na:na]
	at org.junit.platform.engine.support.hierarchical.SameThreadHierarchicalTestExecutorService.invokeAll(SameThreadHierarchicalTestExecutorService.java:41) ~[junit-platform-engine-1.10.1.jar:1.10.1]
	at org.junit.platform.engine.support.hierarchical.NodeTestTask.lambda$executeRecursively$6(NodeTestTask.java:155) ~[junit-platform-engine-1.10.1.jar:1.10.1]
	at org.junit.platform.engine.support.hierarchical.ThrowableCollector.execute(ThrowableCollector.java:73) ~[junit-platform-engine-1.10.1.jar:1.10.1]
	at org.junit.platform.engine.support.hierarchical.NodeTestTask.lambda$executeRecursively$8(NodeTestTask.java:141) ~[junit-platform-engine-1.10.1.jar:1.10.1]
	at org.junit.platform.engine.support.hierarchical.Node.around(Node.java:137) ~[junit-platform-engine-1.10.1.jar:1.10.1]
	at org.junit.platform.engine.support.hierarchical.NodeTestTask.lambda$executeRecursively$9(NodeTestTask.java:139) ~[junit-platform-engine-1.10.1.jar:1.10.1]
	at org.junit.platform.engine.support.hierarchical.ThrowableCollector.execute(ThrowableCollector.java:73) ~[junit-platform-engine-1.10.1.jar:1.10.1]
	at org.junit.platform.engine.support.hierarchical.NodeTestTask.executeRecursively(NodeTestTask.java:138) ~[junit-platform-engine-1.10.1.jar:1.10.1]
	at org.junit.platform.engine.support.hierarchical.NodeTestTask.execute(NodeTestTask.java:95) ~[junit-platform-engine-1.10.1.jar:1.10.1]
	at org.junit.platform.engine.support.hierarchical.SameThreadHierarchicalTestExecutorService.submit(SameThreadHierarchicalTestExecutorService.java:35) ~[junit-platform-engine-1.10.1.jar:1.10.1]
	at org.junit.platform.engine.support.hierarchical.HierarchicalTestExecutor.execute(HierarchicalTestExecutor.java:57) ~[junit-platform-engine-1.10.1.jar:1.10.1]
	at org.junit.platform.engine.support.hierarchical.HierarchicalTestEngine.execute(HierarchicalTestEngine.java:54) ~[junit-platform-engine-1.10.1.jar:1.10.1]
	at org.junit.platform.launcher.core.EngineExecutionOrchestrator.execute(EngineExecutionOrchestrator.java:198) ~[junit-platform-launcher-1.10.1.jar:1.10.1]
	at org.junit.platform.launcher.core.EngineExecutionOrchestrator.execute(EngineExecutionOrchestrator.java:169) ~[junit-platform-launcher-1.10.1.jar:1.10.1]
	at org.junit.platform.launcher.core.EngineExecutionOrchestrator.execute(EngineExecutionOrchestrator.java:93) ~[junit-platform-launcher-1.10.1.jar:1.10.1]
	at org.junit.platform.launcher.core.EngineExecutionOrchestrator.lambda$execute$0(EngineExecutionOrchestrator.java:58) ~[junit-platform-launcher-1.10.1.jar:1.10.1]
	at org.junit.platform.launcher.core.EngineExecutionOrchestrator.withInterceptedStreams(EngineExecutionOrchestrator.java:141) ~[junit-platform-launcher-1.10.1.jar:1.10.1]
	at org.junit.platform.launcher.core.EngineExecutionOrchestrator.execute(EngineExecutionOrchestrator.java:57) ~[junit-platform-launcher-1.10.1.jar:1.10.1]
	at org.junit.platform.launcher.core.DefaultLauncher.execute(DefaultLauncher.java:103) ~[junit-platform-launcher-1.10.1.jar:1.10.1]
	at org.junit.platform.launcher.core.DefaultLauncher.execute(DefaultLauncher.java:85) ~[junit-platform-launcher-1.10.1.jar:1.10.1]
	at org.junit.platform.launcher.core.DelegatingLauncher.execute(DelegatingLauncher.java:47) ~[junit-platform-launcher-1.10.1.jar:1.10.1]
	at org.apache.maven.surefire.junitplatform.LazyLauncher.execute(LazyLauncher.java:56) ~[surefire-junit-platform-3.1.2.jar:3.1.2]
	at org.apache.maven.surefire.junitplatform.JUnitPlatformProvider.execute(JUnitPlatformProvider.java:184) ~[surefire-junit-platform-3.1.2.jar:3.1.2]
	at org.apache.maven.surefire.junitplatform.JUnitPlatformProvider.invokeAllTests(JUnitPlatformProvider.java:148) ~[surefire-junit-platform-3.1.2.jar:3.1.2]
	at org.apache.maven.surefire.junitplatform.JUnitPlatformProvider.invoke(JUnitPlatformProvider.java:122) ~[surefire-junit-platform-3.1.2.jar:3.1.2]
	at org.apache.maven.surefire.booter.ForkedBooter.runSuitesInProcess(ForkedBooter.java:385) ~[surefire-booter-3.1.2.jar:3.1.2]
	at org.apache.maven.surefire.booter.ForkedBooter.execute(ForkedBooter.java:162) ~[surefire-booter-3.1.2.jar:3.1.2]
	at org.apache.maven.surefire.booter.ForkedBooter.run(ForkedBooter.java:507) ~[surefire-booter-3.1.2.jar:3.1.2]
	at org.apache.maven.surefire.booter.ForkedBooter.main(ForkedBooter.java:495) ~[surefire-booter-3.1.2.jar:3.1.2]

2025-10-13T13:36:42.551+02:00  WARN 80616 --- [hexagonal-app] [           main] c.t.a.core.importer.ClassFileProcessor   : Error during import from jrt:/java.base/java/lang/reflect/Method.class, falling back to simple import

java.lang.IllegalArgumentException: Unsupported class file major version 69
	at com.tngtech.archunit.thirdparty.org.objectweb.asm.ClassReader.<init>(ClassReader.java:200) ~[archunit-1.3.0.jar:1.3.0]
	at com.tngtech.archunit.thirdparty.org.objectweb.asm.ClassReader.<init>(ClassReader.java:180) ~[archunit-1.3.0.jar:1.3.0]
	at com.tngtech.archunit.thirdparty.org.objectweb.asm.ClassReader.<init>(ClassReader.java:166) ~[archunit-1.3.0.jar:1.3.0]
	at com.tngtech.archunit.thirdparty.org.objectweb.asm.ClassReader.<init>(ClassReader.java:288) ~[archunit-1.3.0.jar:1.3.0]
	at com.tngtech.archunit.core.importer.ClassFileProcessor$UriImporterOfProcessor.tryImport(ClassFileProcessor.java:350) ~[archunit-1.3.0.jar:1.3.0]
	at com.tngtech.archunit.core.importer.resolvers.ClassResolverFromClasspath.tryResolve(ClassResolverFromClasspath.java:51) ~[archunit-1.3.0.jar:1.3.0]
	at com.tngtech.archunit.core.importer.ImportedClasses.resolve(ImportedClasses.java:80) ~[archunit-1.3.0.jar:1.3.0]
	at com.tngtech.archunit.core.importer.ImportedClasses.ensurePresent(ImportedClasses.java:75) ~[archunit-1.3.0.jar:1.3.0]
	at com.tngtech.archunit.core.importer.DependencyResolutionProcess.executeRun(DependencyResolutionProcess.java:146) ~[archunit-1.3.0.jar:1.3.0]
	at com.tngtech.archunit.core.importer.DependencyResolutionProcess.resolve(DependencyResolutionProcess.java:122) ~[archunit-1.3.0.jar:1.3.0]
	at com.tngtech.archunit.core.importer.ClassGraphCreator.complete(ClassGraphCreator.java:107) ~[archunit-1.3.0.jar:1.3.0]
	at com.tngtech.archunit.core.importer.ClassFileProcessor.process(ClassFileProcessor.java:75) ~[archunit-1.3.0.jar:1.3.0]
	at com.tngtech.archunit.core.importer.ClassFileImporter.importLocations(ClassFileImporter.java:325) ~[archunit-1.3.0.jar:1.3.0]
	at com.tngtech.archunit.junit.internal.ClassCache$CacheClassFileImporter.importClasses(ClassCache.java:126) ~[archunit-junit5-engine-1.3.0.jar:1.3.0]
	at com.tngtech.archunit.junit.internal.ClassCache$LazyJavaClasses.initialize(ClassCache.java:118) ~[archunit-junit5-engine-1.3.0.jar:1.3.0]
	at com.tngtech.archunit.junit.internal.ClassCache$LazyJavaClasses.get(ClassCache.java:107) ~[archunit-junit5-engine-1.3.0.jar:1.3.0]
	at com.tngtech.archunit.junit.internal.ClassCache.getClassesToAnalyzeFor(ClassCache.java:84) ~[archunit-junit5-engine-1.3.0.jar:1.3.0]
	at com.tngtech.archunit.junit.internal.ArchUnitTestDescriptor.lambda$createChildren$1(ArchUnitTestDescriptor.java:90) ~[archunit-junit5-engine-1.3.0.jar:1.3.0]
	at com.tngtech.archunit.junit.internal.ArchUnitTestDescriptor$ArchUnitRuleDescriptor.execute(ArchUnitTestDescriptor.java:167) ~[archunit-junit5-engine-1.3.0.jar:1.3.0]
	at com.tngtech.archunit.junit.internal.ArchUnitTestDescriptor$ArchUnitRuleDescriptor.execute(ArchUnitTestDescriptor.java:150) ~[archunit-junit5-engine-1.3.0.jar:1.3.0]
	at org.junit.platform.engine.support.hierarchical.NodeTestTask.lambda$executeRecursively$6(NodeTestTask.java:151) ~[junit-platform-engine-1.10.1.jar:1.10.1]
	at org.junit.platform.engine.support.hierarchical.ThrowableCollector.execute(ThrowableCollector.java:73) ~[junit-platform-engine-1.10.1.jar:1.10.1]
	at org.junit.platform.engine.support.hierarchical.NodeTestTask.lambda$executeRecursively$8(NodeTestTask.java:141) ~[junit-platform-engine-1.10.1.jar:1.10.1]
	at org.junit.platform.engine.support.hierarchical.Node.around(Node.java:137) ~[junit-platform-engine-1.10.1.jar:1.10.1]
	at org.junit.platform.engine.support.hierarchical.NodeTestTask.lambda$executeRecursively$9(NodeTestTask.java:139) ~[junit-platform-engine-1.10.1.jar:1.10.1]
	at org.junit.platform.engine.support.hierarchical.ThrowableCollector.execute(ThrowableCollector.java:73) ~[junit-platform-engine-1.10.1.jar:1.10.1]
	at org.junit.platform.engine.support.hierarchical.NodeTestTask.executeRecursively(NodeTestTask.java:138) ~[junit-platform-engine-1.10.1.jar:1.10.1]
	at org.junit.platform.engine.support.hierarchical.NodeTestTask.execute(NodeTestTask.java:95) ~[junit-platform-engine-1.10.1.jar:1.10.1]
	at java.base/java.util.ArrayList.forEach(ArrayList.java:1604) ~[na:na]
	at org.junit.platform.engine.support.hierarchical.SameThreadHierarchicalTestExecutorService.invokeAll(SameThreadHierarchicalTestExecutorService.java:41) ~[junit-platform-engine-1.10.1.jar:1.10.1]
	at org.junit.platform.engine.support.hierarchical.NodeTestTask.lambda$executeRecursively$6(NodeTestTask.java:155) ~[junit-platform-engine-1.10.1.jar:1.10.1]
	at org.junit.platform.engine.support.hierarchical.ThrowableCollector.execute(ThrowableCollector.java:73) ~[junit-platform-engine-1.10.1.jar:1.10.1]
	at org.junit.platform.engine.support.hierarchical.NodeTestTask.lambda$executeRecursively$8(NodeTestTask.java:141) ~[junit-platform-engine-1.10.1.jar:1.10.1]
	at org.junit.platform.engine.support.hierarchical.Node.around(Node.java:137) ~[junit-platform-engine-1.10.1.jar:1.10.1]
	at org.junit.platform.engine.support.hierarchical.NodeTestTask.lambda$executeRecursively$9(NodeTestTask.java:139) ~[junit-platform-engine-1.10.1.jar:1.10.1]
	at org.junit.platform.engine.support.hierarchical.ThrowableCollector.execute(ThrowableCollector.java:73) ~[junit-platform-engine-1.10.1.jar:1.10.1]
	at org.junit.platform.engine.support.hierarchical.NodeTestTask.executeRecursively(NodeTestTask.java:138) ~[junit-platform-engine-1.10.1.jar:1.10.1]
	at org.junit.platform.engine.support.hierarchical.NodeTestTask.execute(NodeTestTask.java:95) ~[junit-platform-engine-1.10.1.jar:1.10.1]
	at java.base/java.util.ArrayList.forEach(ArrayList.java:1604) ~[na:na]
	at org.junit.platform.engine.support.hierarchical.SameThreadHierarchicalTestExecutorService.invokeAll(SameThreadHierarchicalTestExecutorService.java:41) ~[junit-platform-engine-1.10.1.jar:1.10.1]
	at org.junit.platform.engine.support.hierarchical.NodeTestTask.lambda$executeRecursively$6(NodeTestTask.java:155) ~[junit-platform-engine-1.10.1.jar:1.10.1]
	at org.junit.platform.engine.support.hierarchical.ThrowableCollector.execute(ThrowableCollector.java:73) ~[junit-platform-engine-1.10.1.jar:1.10.1]
	at org.junit.platform.engine.support.hierarchical.NodeTestTask.lambda$executeRecursively$8(NodeTestTask.java:141) ~[junit-platform-engine-1.10.1.jar:1.10.1]
	at org.junit.platform.engine.support.hierarchical.Node.around(Node.java:137) ~[junit-platform-engine-1.10.1.jar:1.10.1]
	at org.junit.platform.engine.support.hierarchical.NodeTestTask.lambda$executeRecursively$9(NodeTestTask.java:139) ~[junit-platform-engine-1.10.1.jar:1.10.1]
	at org.junit.platform.engine.support.hierarchical.ThrowableCollector.execute(ThrowableCollector.java:73) ~[junit-platform-engine-1.10.1.jar:1.10.1]
	at org.junit.platform.engine.support.hierarchical.NodeTestTask.executeRecursively(NodeTestTask.java:138) ~[junit-platform-engine-1.10.1.jar:1.10.1]
	at org.junit.platform.engine.support.hierarchical.NodeTestTask.execute(NodeTestTask.java:95) ~[junit-platform-engine-1.10.1.jar:1.10.1]
	at org.junit.platform.engine.support.hierarchical.SameThreadHierarchicalTestExecutorService.submit(SameThreadHierarchicalTestExecutorService.java:35) ~[junit-platform-engine-1.10.1.jar:1.10.1]
	at org.junit.platform.engine.support.hierarchical.HierarchicalTestExecutor.execute(HierarchicalTestExecutor.java:57) ~[junit-platform-engine-1.10.1.jar:1.10.1]
	at org.junit.platform.engine.support.hierarchical.HierarchicalTestEngine.execute(HierarchicalTestEngine.java:54) ~[junit-platform-engine-1.10.1.jar:1.10.1]
	at org.junit.platform.launcher.core.EngineExecutionOrchestrator.execute(EngineExecutionOrchestrator.java:198) ~[junit-platform-launcher-1.10.1.jar:1.10.1]
	at org.junit.platform.launcher.core.EngineExecutionOrchestrator.execute(EngineExecutionOrchestrator.java:169) ~[junit-platform-launcher-1.10.1.jar:1.10.1]
	at org.junit.platform.launcher.core.EngineExecutionOrchestrator.execute(EngineExecutionOrchestrator.java:93) ~[junit-platform-launcher-1.10.1.jar:1.10.1]
	at org.junit.platform.launcher.core.EngineExecutionOrchestrator.lambda$execute$0(EngineExecutionOrchestrator.java:58) ~[junit-platform-launcher-1.10.1.jar:1.10.1]
	at org.junit.platform.launcher.core.EngineExecutionOrchestrator.withInterceptedStreams(EngineExecutionOrchestrator.java:141) ~[junit-platform-launcher-1.10.1.jar:1.10.1]
	at org.junit.platform.launcher.core.EngineExecutionOrchestrator.execute(EngineExecutionOrchestrator.java:57) ~[junit-platform-launcher-1.10.1.jar:1.10.1]
	at org.junit.platform.launcher.core.DefaultLauncher.execute(DefaultLauncher.java:103) ~[junit-platform-launcher-1.10.1.jar:1.10.1]
	at org.junit.platform.launcher.core.DefaultLauncher.execute(DefaultLauncher.java:85) ~[junit-platform-launcher-1.10.1.jar:1.10.1]
	at org.junit.platform.launcher.core.DelegatingLauncher.execute(DelegatingLauncher.java:47) ~[junit-platform-launcher-1.10.1.jar:1.10.1]
	at org.apache.maven.surefire.junitplatform.LazyLauncher.execute(LazyLauncher.java:56) ~[surefire-junit-platform-3.1.2.jar:3.1.2]
	at org.apache.maven.surefire.junitplatform.JUnitPlatformProvider.execute(JUnitPlatformProvider.java:184) ~[surefire-junit-platform-3.1.2.jar:3.1.2]
	at org.apache.maven.surefire.junitplatform.JUnitPlatformProvider.invokeAllTests(JUnitPlatformProvider.java:148) ~[surefire-junit-platform-3.1.2.jar:3.1.2]
	at org.apache.maven.surefire.junitplatform.JUnitPlatformProvider.invoke(JUnitPlatformProvider.java:122) ~[surefire-junit-platform-3.1.2.jar:3.1.2]
	at org.apache.maven.surefire.booter.ForkedBooter.runSuitesInProcess(ForkedBooter.java:385) ~[surefire-booter-3.1.2.jar:3.1.2]
	at org.apache.maven.surefire.booter.ForkedBooter.execute(ForkedBooter.java:162) ~[surefire-booter-3.1.2.jar:3.1.2]
	at org.apache.maven.surefire.booter.ForkedBooter.run(ForkedBooter.java:507) ~[surefire-booter-3.1.2.jar:3.1.2]
	at org.apache.maven.surefire.booter.ForkedBooter.main(ForkedBooter.java:495) ~[surefire-booter-3.1.2.jar:3.1.2]

2025-10-13T13:36:42.551+02:00  WARN 80616 --- [hexagonal-app] [           main] c.t.a.core.importer.ClassFileProcessor   : Error during import from jrt:/java.base/java/lang/Cloneable.class, falling back to simple import

java.lang.IllegalArgumentException: Unsupported class file major version 69
	at com.tngtech.archunit.thirdparty.org.objectweb.asm.ClassReader.<init>(ClassReader.java:200) ~[archunit-1.3.0.jar:1.3.0]
	at com.tngtech.archunit.thirdparty.org.objectweb.asm.ClassReader.<init>(ClassReader.java:180) ~[archunit-1.3.0.jar:1.3.0]
	at com.tngtech.archunit.thirdparty.org.objectweb.asm.ClassReader.<init>(ClassReader.java:166) ~[archunit-1.3.0.jar:1.3.0]
	at com.tngtech.archunit.thirdparty.org.objectweb.asm.ClassReader.<init>(ClassReader.java:288) ~[archunit-1.3.0.jar:1.3.0]
	at com.tngtech.archunit.core.importer.ClassFileProcessor$UriImporterOfProcessor.tryImport(ClassFileProcessor.java:350) ~[archunit-1.3.0.jar:1.3.0]
	at com.tngtech.archunit.core.importer.resolvers.ClassResolverFromClasspath.tryResolve(ClassResolverFromClasspath.java:51) ~[archunit-1.3.0.jar:1.3.0]
	at com.tngtech.archunit.core.importer.ImportedClasses.resolve(ImportedClasses.java:80) ~[archunit-1.3.0.jar:1.3.0]
	at com.tngtech.archunit.core.importer.ImportedClasses.ensurePresent(ImportedClasses.java:75) ~[archunit-1.3.0.jar:1.3.0]
	at com.tngtech.archunit.core.importer.DependencyResolutionProcess.executeRun(DependencyResolutionProcess.java:146) ~[archunit-1.3.0.jar:1.3.0]
	at com.tngtech.archunit.core.importer.DependencyResolutionProcess.resolve(DependencyResolutionProcess.java:122) ~[archunit-1.3.0.jar:1.3.0]
	at com.tngtech.archunit.core.importer.ClassGraphCreator.complete(ClassGraphCreator.java:107) ~[archunit-1.3.0.jar:1.3.0]
	at com.tngtech.archunit.core.importer.ClassFileProcessor.process(ClassFileProcessor.java:75) ~[archunit-1.3.0.jar:1.3.0]
	at com.tngtech.archunit.core.importer.ClassFileImporter.importLocations(ClassFileImporter.java:325) ~[archunit-1.3.0.jar:1.3.0]
	at com.tngtech.archunit.junit.internal.ClassCache$CacheClassFileImporter.importClasses(ClassCache.java:126) ~[archunit-junit5-engine-1.3.0.jar:1.3.0]
	at com.tngtech.archunit.junit.internal.ClassCache$LazyJavaClasses.initialize(ClassCache.java:118) ~[archunit-junit5-engine-1.3.0.jar:1.3.0]
	at com.tngtech.archunit.junit.internal.ClassCache$LazyJavaClasses.get(ClassCache.java:107) ~[archunit-junit5-engine-1.3.0.jar:1.3.0]
	at com.tngtech.archunit.junit.internal.ClassCache.getClassesToAnalyzeFor(ClassCache.java:84) ~[archunit-junit5-engine-1.3.0.jar:1.3.0]
	at com.tngtech.archunit.junit.internal.ArchUnitTestDescriptor.lambda$createChildren$1(ArchUnitTestDescriptor.java:90) ~[archunit-junit5-engine-1.3.0.jar:1.3.0]
	at com.tngtech.archunit.junit.internal.ArchUnitTestDescriptor$ArchUnitRuleDescriptor.execute(ArchUnitTestDescriptor.java:167) ~[archunit-junit5-engine-1.3.0.jar:1.3.0]
	at com.tngtech.archunit.junit.internal.ArchUnitTestDescriptor$ArchUnitRuleDescriptor.execute(ArchUnitTestDescriptor.java:150) ~[archunit-junit5-engine-1.3.0.jar:1.3.0]
	at org.junit.platform.engine.support.hierarchical.NodeTestTask.lambda$executeRecursively$6(NodeTestTask.java:151) ~[junit-platform-engine-1.10.1.jar:1.10.1]
	at org.junit.platform.engine.support.hierarchical.ThrowableCollector.execute(ThrowableCollector.java:73) ~[junit-platform-engine-1.10.1.jar:1.10.1]
	at org.junit.platform.engine.support.hierarchical.NodeTestTask.lambda$executeRecursively$8(NodeTestTask.java:141) ~[junit-platform-engine-1.10.1.jar:1.10.1]
	at org.junit.platform.engine.support.hierarchical.Node.around(Node.java:137) ~[junit-platform-engine-1.10.1.jar:1.10.1]
	at org.junit.platform.engine.support.hierarchical.NodeTestTask.lambda$executeRecursively$9(NodeTestTask.java:139) ~[junit-platform-engine-1.10.1.jar:1.10.1]
	at org.junit.platform.engine.support.hierarchical.ThrowableCollector.execute(ThrowableCollector.java:73) ~[junit-platform-engine-1.10.1.jar:1.10.1]
	at org.junit.platform.engine.support.hierarchical.NodeTestTask.executeRecursively(NodeTestTask.java:138) ~[junit-platform-engine-1.10.1.jar:1.10.1]
	at org.junit.platform.engine.support.hierarchical.NodeTestTask.execute(NodeTestTask.java:95) ~[junit-platform-engine-1.10.1.jar:1.10.1]
	at java.base/java.util.ArrayList.forEach(ArrayList.java:1604) ~[na:na]
	at org.junit.platform.engine.support.hierarchical.SameThreadHierarchicalTestExecutorService.invokeAll(SameThreadHierarchicalTestExecutorService.java:41) ~[junit-platform-engine-1.10.1.jar:1.10.1]
	at org.junit.platform.engine.support.hierarchical.NodeTestTask.lambda$executeRecursively$6(NodeTestTask.java:155) ~[junit-platform-engine-1.10.1.jar:1.10.1]
	at org.junit.platform.engine.support.hierarchical.ThrowableCollector.execute(ThrowableCollector.java:73) ~[junit-platform-engine-1.10.1.jar:1.10.1]
	at org.junit.platform.engine.support.hierarchical.NodeTestTask.lambda$executeRecursively$8(NodeTestTask.java:141) ~[junit-platform-engine-1.10.1.jar:1.10.1]
	at org.junit.platform.engine.support.hierarchical.Node.around(Node.java:137) ~[junit-platform-engine-1.10.1.jar:1.10.1]
	at org.junit.platform.engine.support.hierarchical.NodeTestTask.lambda$executeRecursively$9(NodeTestTask.java:139) ~[junit-platform-engine-1.10.1.jar:1.10.1]
	at org.junit.platform.engine.support.hierarchical.ThrowableCollector.execute(ThrowableCollector.java:73) ~[junit-platform-engine-1.10.1.jar:1.10.1]
	at org.junit.platform.engine.support.hierarchical.NodeTestTask.executeRecursively(NodeTestTask.java:138) ~[junit-platform-engine-1.10.1.jar:1.10.1]
	at org.junit.platform.engine.support.hierarchical.NodeTestTask.execute(NodeTestTask.java:95) ~[junit-platform-engine-1.10.1.jar:1.10.1]
	at java.base/java.util.ArrayList.forEach(ArrayList.java:1604) ~[na:na]
	at org.junit.platform.engine.support.hierarchical.SameThreadHierarchicalTestExecutorService.invokeAll(SameThreadHierarchicalTestExecutorService.java:41) ~[junit-platform-engine-1.10.1.jar:1.10.1]
	at org.junit.platform.engine.support.hierarchical.NodeTestTask.lambda$executeRecursively$6(NodeTestTask.java:155) ~[junit-platform-engine-1.10.1.jar:1.10.1]
	at org.junit.platform.engine.support.hierarchical.ThrowableCollector.execute(ThrowableCollector.java:73) ~[junit-platform-engine-1.10.1.jar:1.10.1]
	at org.junit.platform.engine.support.hierarchical.NodeTestTask.lambda$executeRecursively$8(NodeTestTask.java:141) ~[junit-platform-engine-1.10.1.jar:1.10.1]
	at org.junit.platform.engine.support.hierarchical.Node.around(Node.java:137) ~[junit-platform-engine-1.10.1.jar:1.10.1]
	at org.junit.platform.engine.support.hierarchical.NodeTestTask.lambda$executeRecursively$9(NodeTestTask.java:139) ~[junit-platform-engine-1.10.1.jar:1.10.1]
	at org.junit.platform.engine.support.hierarchical.ThrowableCollector.execute(ThrowableCollector.java:73) ~[junit-platform-engine-1.10.1.jar:1.10.1]
	at org.junit.platform.engine.support.hierarchical.NodeTestTask.executeRecursively(NodeTestTask.java:138) ~[junit-platform-engine-1.10.1.jar:1.10.1]
	at org.junit.platform.engine.support.hierarchical.NodeTestTask.execute(NodeTestTask.java:95) ~[junit-platform-engine-1.10.1.jar:1.10.1]
	at org.junit.platform.engine.support.hierarchical.SameThreadHierarchicalTestExecutorService.submit(SameThreadHierarchicalTestExecutorService.java:35) ~[junit-platform-engine-1.10.1.jar:1.10.1]
	at org.junit.platform.engine.support.hierarchical.HierarchicalTestExecutor.execute(HierarchicalTestExecutor.java:57) ~[junit-platform-engine-1.10.1.jar:1.10.1]
	at org.junit.platform.engine.support.hierarchical.HierarchicalTestEngine.execute(HierarchicalTestEngine.java:54) ~[junit-platform-engine-1.10.1.jar:1.10.1]
	at org.junit.platform.launcher.core.EngineExecutionOrchestrator.execute(EngineExecutionOrchestrator.java:198) ~[junit-platform-launcher-1.10.1.jar:1.10.1]
	at org.junit.platform.launcher.core.EngineExecutionOrchestrator.execute(EngineExecutionOrchestrator.java:169) ~[junit-platform-launcher-1.10.1.jar:1.10.1]
	at org.junit.platform.launcher.core.EngineExecutionOrchestrator.execute(EngineExecutionOrchestrator.java:93) ~[junit-platform-launcher-1.10.1.jar:1.10.1]
	at org.junit.platform.launcher.core.EngineExecutionOrchestrator.lambda$execute$0(EngineExecutionOrchestrator.java:58) ~[junit-platform-launcher-1.10.1.jar:1.10.1]
	at org.junit.platform.launcher.core.EngineExecutionOrchestrator.withInterceptedStreams(EngineExecutionOrchestrator.java:141) ~[junit-platform-launcher-1.10.1.jar:1.10.1]
	at org.junit.platform.launcher.core.EngineExecutionOrchestrator.execute(EngineExecutionOrchestrator.java:57) ~[junit-platform-launcher-1.10.1.jar:1.10.1]
	at org.junit.platform.launcher.core.DefaultLauncher.execute(DefaultLauncher.java:103) ~[junit-platform-launcher-1.10.1.jar:1.10.1]
	at org.junit.platform.launcher.core.DefaultLauncher.execute(DefaultLauncher.java:85) ~[junit-platform-launcher-1.10.1.jar:1.10.1]
	at org.junit.platform.launcher.core.DelegatingLauncher.execute(DelegatingLauncher.java:47) ~[junit-platform-launcher-1.10.1.jar:1.10.1]
	at org.apache.maven.surefire.junitplatform.LazyLauncher.execute(LazyLauncher.java:56) ~[surefire-junit-platform-3.1.2.jar:3.1.2]
	at org.apache.maven.surefire.junitplatform.JUnitPlatformProvider.execute(JUnitPlatformProvider.java:184) ~[surefire-junit-platform-3.1.2.jar:3.1.2]
	at org.apache.maven.surefire.junitplatform.JUnitPlatformProvider.invokeAllTests(JUnitPlatformProvider.java:148) ~[surefire-junit-platform-3.1.2.jar:3.1.2]
	at org.apache.maven.surefire.junitplatform.JUnitPlatformProvider.invoke(JUnitPlatformProvider.java:122) ~[surefire-junit-platform-3.1.2.jar:3.1.2]
	at org.apache.maven.surefire.booter.ForkedBooter.runSuitesInProcess(ForkedBooter.java:385) ~[surefire-booter-3.1.2.jar:3.1.2]
	at org.apache.maven.surefire.booter.ForkedBooter.execute(ForkedBooter.java:162) ~[surefire-booter-3.1.2.jar:3.1.2]
	at org.apache.maven.surefire.booter.ForkedBooter.run(ForkedBooter.java:507) ~[surefire-booter-3.1.2.jar:3.1.2]
	at org.apache.maven.surefire.booter.ForkedBooter.main(ForkedBooter.java:495) ~[surefire-booter-3.1.2.jar:3.1.2]

2025-10-13T13:36:42.552+02:00  WARN 80616 --- [hexagonal-app] [           main] c.t.a.core.importer.ClassFileProcessor   : Error during import from jrt:/java.base/java/util/List.class, falling back to simple import

java.lang.IllegalArgumentException: Unsupported class file major version 69
	at com.tngtech.archunit.thirdparty.org.objectweb.asm.ClassReader.<init>(ClassReader.java:200) ~[archunit-1.3.0.jar:1.3.0]
	at com.tngtech.archunit.thirdparty.org.objectweb.asm.ClassReader.<init>(ClassReader.java:180) ~[archunit-1.3.0.jar:1.3.0]
	at com.tngtech.archunit.thirdparty.org.objectweb.asm.ClassReader.<init>(ClassReader.java:166) ~[archunit-1.3.0.jar:1.3.0]
	at com.tngtech.archunit.thirdparty.org.objectweb.asm.ClassReader.<init>(ClassReader.java:288) ~[archunit-1.3.0.jar:1.3.0]
	at com.tngtech.archunit.core.importer.ClassFileProcessor$UriImporterOfProcessor.tryImport(ClassFileProcessor.java:350) ~[archunit-1.3.0.jar:1.3.0]
	at com.tngtech.archunit.core.importer.resolvers.ClassResolverFromClasspath.tryResolve(ClassResolverFromClasspath.java:51) ~[archunit-1.3.0.jar:1.3.0]
	at com.tngtech.archunit.core.importer.ImportedClasses.resolve(ImportedClasses.java:80) ~[archunit-1.3.0.jar:1.3.0]
	at com.tngtech.archunit.core.importer.ImportedClasses.ensurePresent(ImportedClasses.java:75) ~[archunit-1.3.0.jar:1.3.0]
	at com.tngtech.archunit.core.importer.DependencyResolutionProcess.executeRun(DependencyResolutionProcess.java:146) ~[archunit-1.3.0.jar:1.3.0]
	at com.tngtech.archunit.core.importer.DependencyResolutionProcess.resolve(DependencyResolutionProcess.java:122) ~[archunit-1.3.0.jar:1.3.0]
	at com.tngtech.archunit.core.importer.ClassGraphCreator.complete(ClassGraphCreator.java:107) ~[archunit-1.3.0.jar:1.3.0]
	at com.tngtech.archunit.core.importer.ClassFileProcessor.process(ClassFileProcessor.java:75) ~[archunit-1.3.0.jar:1.3.0]
	at com.tngtech.archunit.core.importer.ClassFileImporter.importLocations(ClassFileImporter.java:325) ~[archunit-1.3.0.jar:1.3.0]
	at com.tngtech.archunit.junit.internal.ClassCache$CacheClassFileImporter.importClasses(ClassCache.java:126) ~[archunit-junit5-engine-1.3.0.jar:1.3.0]
	at com.tngtech.archunit.junit.internal.ClassCache$LazyJavaClasses.initialize(ClassCache.java:118) ~[archunit-junit5-engine-1.3.0.jar:1.3.0]
	at com.tngtech.archunit.junit.internal.ClassCache$LazyJavaClasses.get(ClassCache.java:107) ~[archunit-junit5-engine-1.3.0.jar:1.3.0]
	at com.tngtech.archunit.junit.internal.ClassCache.getClassesToAnalyzeFor(ClassCache.java:84) ~[archunit-junit5-engine-1.3.0.jar:1.3.0]
	at com.tngtech.archunit.junit.internal.ArchUnitTestDescriptor.lambda$createChildren$1(ArchUnitTestDescriptor.java:90) ~[archunit-junit5-engine-1.3.0.jar:1.3.0]
	at com.tngtech.archunit.junit.internal.ArchUnitTestDescriptor$ArchUnitRuleDescriptor.execute(ArchUnitTestDescriptor.java:167) ~[archunit-junit5-engine-1.3.0.jar:1.3.0]
	at com.tngtech.archunit.junit.internal.ArchUnitTestDescriptor$ArchUnitRuleDescriptor.execute(ArchUnitTestDescriptor.java:150) ~[archunit-junit5-engine-1.3.0.jar:1.3.0]
	at org.junit.platform.engine.support.hierarchical.NodeTestTask.lambda$executeRecursively$6(NodeTestTask.java:151) ~[junit-platform-engine-1.10.1.jar:1.10.1]
	at org.junit.platform.engine.support.hierarchical.ThrowableCollector.execute(ThrowableCollector.java:73) ~[junit-platform-engine-1.10.1.jar:1.10.1]
	at org.junit.platform.engine.support.hierarchical.NodeTestTask.lambda$executeRecursively$8(NodeTestTask.java:141) ~[junit-platform-engine-1.10.1.jar:1.10.1]
	at org.junit.platform.engine.support.hierarchical.Node.around(Node.java:137) ~[junit-platform-engine-1.10.1.jar:1.10.1]
	at org.junit.platform.engine.support.hierarchical.NodeTestTask.lambda$executeRecursively$9(NodeTestTask.java:139) ~[junit-platform-engine-1.10.1.jar:1.10.1]
	at org.junit.platform.engine.support.hierarchical.ThrowableCollector.execute(ThrowableCollector.java:73) ~[junit-platform-engine-1.10.1.jar:1.10.1]
	at org.junit.platform.engine.support.hierarchical.NodeTestTask.executeRecursively(NodeTestTask.java:138) ~[junit-platform-engine-1.10.1.jar:1.10.1]
	at org.junit.platform.engine.support.hierarchical.NodeTestTask.execute(NodeTestTask.java:95) ~[junit-platform-engine-1.10.1.jar:1.10.1]
	at java.base/java.util.ArrayList.forEach(ArrayList.java:1604) ~[na:na]
	at org.junit.platform.engine.support.hierarchical.SameThreadHierarchicalTestExecutorService.invokeAll(SameThreadHierarchicalTestExecutorService.java:41) ~[junit-platform-engine-1.10.1.jar:1.10.1]
	at org.junit.platform.engine.support.hierarchical.NodeTestTask.lambda$executeRecursively$6(NodeTestTask.java:155) ~[junit-platform-engine-1.10.1.jar:1.10.1]
	at org.junit.platform.engine.support.hierarchical.ThrowableCollector.execute(ThrowableCollector.java:73) ~[junit-platform-engine-1.10.1.jar:1.10.1]
	at org.junit.platform.engine.support.hierarchical.NodeTestTask.lambda$executeRecursively$8(NodeTestTask.java:141) ~[junit-platform-engine-1.10.1.jar:1.10.1]
	at org.junit.platform.engine.support.hierarchical.Node.around(Node.java:137) ~[junit-platform-engine-1.10.1.jar:1.10.1]
	at org.junit.platform.engine.support.hierarchical.NodeTestTask.lambda$executeRecursively$9(NodeTestTask.java:139) ~[junit-platform-engine-1.10.1.jar:1.10.1]
	at org.junit.platform.engine.support.hierarchical.ThrowableCollector.execute(ThrowableCollector.java:73) ~[junit-platform-engine-1.10.1.jar:1.10.1]
	at org.junit.platform.engine.support.hierarchical.NodeTestTask.executeRecursively(NodeTestTask.java:138) ~[junit-platform-engine-1.10.1.jar:1.10.1]
	at org.junit.platform.engine.support.hierarchical.NodeTestTask.execute(NodeTestTask.java:95) ~[junit-platform-engine-1.10.1.jar:1.10.1]
	at java.base/java.util.ArrayList.forEach(ArrayList.java:1604) ~[na:na]
	at org.junit.platform.engine.support.hierarchical.SameThreadHierarchicalTestExecutorService.invokeAll(SameThreadHierarchicalTestExecutorService.java:41) ~[junit-platform-engine-1.10.1.jar:1.10.1]
	at org.junit.platform.engine.support.hierarchical.NodeTestTask.lambda$executeRecursively$6(NodeTestTask.java:155) ~[junit-platform-engine-1.10.1.jar:1.10.1]
	at org.junit.platform.engine.support.hierarchical.ThrowableCollector.execute(ThrowableCollector.java:73) ~[junit-platform-engine-1.10.1.jar:1.10.1]
	at org.junit.platform.engine.support.hierarchical.NodeTestTask.lambda$executeRecursively$8(NodeTestTask.java:141) ~[junit-platform-engine-1.10.1.jar:1.10.1]
	at org.junit.platform.engine.support.hierarchical.Node.around(Node.java:137) ~[junit-platform-engine-1.10.1.jar:1.10.1]
	at org.junit.platform.engine.support.hierarchical.NodeTestTask.lambda$executeRecursively$9(NodeTestTask.java:139) ~[junit-platform-engine-1.10.1.jar:1.10.1]
	at org.junit.platform.engine.support.hierarchical.ThrowableCollector.execute(ThrowableCollector.java:73) ~[junit-platform-engine-1.10.1.jar:1.10.1]
	at org.junit.platform.engine.support.hierarchical.NodeTestTask.executeRecursively(NodeTestTask.java:138) ~[junit-platform-engine-1.10.1.jar:1.10.1]
	at org.junit.platform.engine.support.hierarchical.NodeTestTask.execute(NodeTestTask.java:95) ~[junit-platform-engine-1.10.1.jar:1.10.1]
	at org.junit.platform.engine.support.hierarchical.SameThreadHierarchicalTestExecutorService.submit(SameThreadHierarchicalTestExecutorService.java:35) ~[junit-platform-engine-1.10.1.jar:1.10.1]
	at org.junit.platform.engine.support.hierarchical.HierarchicalTestExecutor.execute(HierarchicalTestExecutor.java:57) ~[junit-platform-engine-1.10.1.jar:1.10.1]
	at org.junit.platform.engine.support.hierarchical.HierarchicalTestEngine.execute(HierarchicalTestEngine.java:54) ~[junit-platform-engine-1.10.1.jar:1.10.1]
	at org.junit.platform.launcher.core.EngineExecutionOrchestrator.execute(EngineExecutionOrchestrator.java:198) ~[junit-platform-launcher-1.10.1.jar:1.10.1]
	at org.junit.platform.launcher.core.EngineExecutionOrchestrator.execute(EngineExecutionOrchestrator.java:169) ~[junit-platform-launcher-1.10.1.jar:1.10.1]
	at org.junit.platform.launcher.core.EngineExecutionOrchestrator.execute(EngineExecutionOrchestrator.java:93) ~[junit-platform-launcher-1.10.1.jar:1.10.1]
	at org.junit.platform.launcher.core.EngineExecutionOrchestrator.lambda$execute$0(EngineExecutionOrchestrator.java:58) ~[junit-platform-launcher-1.10.1.jar:1.10.1]
	at org.junit.platform.launcher.core.EngineExecutionOrchestrator.withInterceptedStreams(EngineExecutionOrchestrator.java:141) ~[junit-platform-launcher-1.10.1.jar:1.10.1]
	at org.junit.platform.launcher.core.EngineExecutionOrchestrator.execute(EngineExecutionOrchestrator.java:57) ~[junit-platform-launcher-1.10.1.jar:1.10.1]
	at org.junit.platform.launcher.core.DefaultLauncher.execute(DefaultLauncher.java:103) ~[junit-platform-launcher-1.10.1.jar:1.10.1]
	at org.junit.platform.launcher.core.DefaultLauncher.execute(DefaultLauncher.java:85) ~[junit-platform-launcher-1.10.1.jar:1.10.1]
	at org.junit.platform.launcher.core.DelegatingLauncher.execute(DelegatingLauncher.java:47) ~[junit-platform-launcher-1.10.1.jar:1.10.1]
	at org.apache.maven.surefire.junitplatform.LazyLauncher.execute(LazyLauncher.java:56) ~[surefire-junit-platform-3.1.2.jar:3.1.2]
	at org.apache.maven.surefire.junitplatform.JUnitPlatformProvider.execute(JUnitPlatformProvider.java:184) ~[surefire-junit-platform-3.1.2.jar:3.1.2]
	at org.apache.maven.surefire.junitplatform.JUnitPlatformProvider.invokeAllTests(JUnitPlatformProvider.java:148) ~[surefire-junit-platform-3.1.2.jar:3.1.2]
	at org.apache.maven.surefire.junitplatform.JUnitPlatformProvider.invoke(JUnitPlatformProvider.java:122) ~[surefire-junit-platform-3.1.2.jar:3.1.2]
	at org.apache.maven.surefire.booter.ForkedBooter.runSuitesInProcess(ForkedBooter.java:385) ~[surefire-booter-3.1.2.jar:3.1.2]
	at org.apache.maven.surefire.booter.ForkedBooter.execute(ForkedBooter.java:162) ~[surefire-booter-3.1.2.jar:3.1.2]
	at org.apache.maven.surefire.booter.ForkedBooter.run(ForkedBooter.java:507) ~[surefire-booter-3.1.2.jar:3.1.2]
	at org.apache.maven.surefire.booter.ForkedBooter.main(ForkedBooter.java:495) ~[surefire-booter-3.1.2.jar:3.1.2]

2025-10-13T13:36:42.552+02:00  WARN 80616 --- [hexagonal-app] [           main] c.t.a.core.importer.ClassFileProcessor   : Error during import from jrt:/java.base/java/lang/reflect/Type.class, falling back to simple import

java.lang.IllegalArgumentException: Unsupported class file major version 69
	at com.tngtech.archunit.thirdparty.org.objectweb.asm.ClassReader.<init>(ClassReader.java:200) ~[archunit-1.3.0.jar:1.3.0]
	at com.tngtech.archunit.thirdparty.org.objectweb.asm.ClassReader.<init>(ClassReader.java:180) ~[archunit-1.3.0.jar:1.3.0]
	at com.tngtech.archunit.thirdparty.org.objectweb.asm.ClassReader.<init>(ClassReader.java:166) ~[archunit-1.3.0.jar:1.3.0]
	at com.tngtech.archunit.thirdparty.org.objectweb.asm.ClassReader.<init>(ClassReader.java:288) ~[archunit-1.3.0.jar:1.3.0]
	at com.tngtech.archunit.core.importer.ClassFileProcessor$UriImporterOfProcessor.tryImport(ClassFileProcessor.java:350) ~[archunit-1.3.0.jar:1.3.0]
	at com.tngtech.archunit.core.importer.resolvers.ClassResolverFromClasspath.tryResolve(ClassResolverFromClasspath.java:51) ~[archunit-1.3.0.jar:1.3.0]
	at com.tngtech.archunit.core.importer.ImportedClasses.resolve(ImportedClasses.java:80) ~[archunit-1.3.0.jar:1.3.0]
	at com.tngtech.archunit.core.importer.ImportedClasses.ensurePresent(ImportedClasses.java:75) ~[archunit-1.3.0.jar:1.3.0]
	at com.tngtech.archunit.core.importer.DependencyResolutionProcess.executeRun(DependencyResolutionProcess.java:146) ~[archunit-1.3.0.jar:1.3.0]
	at com.tngtech.archunit.core.importer.DependencyResolutionProcess.resolve(DependencyResolutionProcess.java:122) ~[archunit-1.3.0.jar:1.3.0]
	at com.tngtech.archunit.core.importer.ClassGraphCreator.complete(ClassGraphCreator.java:107) ~[archunit-1.3.0.jar:1.3.0]
	at com.tngtech.archunit.core.importer.ClassFileProcessor.process(ClassFileProcessor.java:75) ~[archunit-1.3.0.jar:1.3.0]
	at com.tngtech.archunit.core.importer.ClassFileImporter.importLocations(ClassFileImporter.java:325) ~[archunit-1.3.0.jar:1.3.0]
	at com.tngtech.archunit.junit.internal.ClassCache$CacheClassFileImporter.importClasses(ClassCache.java:126) ~[archunit-junit5-engine-1.3.0.jar:1.3.0]
	at com.tngtech.archunit.junit.internal.ClassCache$LazyJavaClasses.initialize(ClassCache.java:118) ~[archunit-junit5-engine-1.3.0.jar:1.3.0]
	at com.tngtech.archunit.junit.internal.ClassCache$LazyJavaClasses.get(ClassCache.java:107) ~[archunit-junit5-engine-1.3.0.jar:1.3.0]
	at com.tngtech.archunit.junit.internal.ClassCache.getClassesToAnalyzeFor(ClassCache.java:84) ~[archunit-junit5-engine-1.3.0.jar:1.3.0]
	at com.tngtech.archunit.junit.internal.ArchUnitTestDescriptor.lambda$createChildren$1(ArchUnitTestDescriptor.java:90) ~[archunit-junit5-engine-1.3.0.jar:1.3.0]
	at com.tngtech.archunit.junit.internal.ArchUnitTestDescriptor$ArchUnitRuleDescriptor.execute(ArchUnitTestDescriptor.java:167) ~[archunit-junit5-engine-1.3.0.jar:1.3.0]
	at com.tngtech.archunit.junit.internal.ArchUnitTestDescriptor$ArchUnitRuleDescriptor.execute(ArchUnitTestDescriptor.java:150) ~[archunit-junit5-engine-1.3.0.jar:1.3.0]
	at org.junit.platform.engine.support.hierarchical.NodeTestTask.lambda$executeRecursively$6(NodeTestTask.java:151) ~[junit-platform-engine-1.10.1.jar:1.10.1]
	at org.junit.platform.engine.support.hierarchical.ThrowableCollector.execute(ThrowableCollector.java:73) ~[junit-platform-engine-1.10.1.jar:1.10.1]
	at org.junit.platform.engine.support.hierarchical.NodeTestTask.lambda$executeRecursively$8(NodeTestTask.java:141) ~[junit-platform-engine-1.10.1.jar:1.10.1]
	at org.junit.platform.engine.support.hierarchical.Node.around(Node.java:137) ~[junit-platform-engine-1.10.1.jar:1.10.1]
	at org.junit.platform.engine.support.hierarchical.NodeTestTask.lambda$executeRecursively$9(NodeTestTask.java:139) ~[junit-platform-engine-1.10.1.jar:1.10.1]
	at org.junit.platform.engine.support.hierarchical.ThrowableCollector.execute(ThrowableCollector.java:73) ~[junit-platform-engine-1.10.1.jar:1.10.1]
	at org.junit.platform.engine.support.hierarchical.NodeTestTask.executeRecursively(NodeTestTask.java:138) ~[junit-platform-engine-1.10.1.jar:1.10.1]
	at org.junit.platform.engine.support.hierarchical.NodeTestTask.execute(NodeTestTask.java:95) ~[junit-platform-engine-1.10.1.jar:1.10.1]
	at java.base/java.util.ArrayList.forEach(ArrayList.java:1604) ~[na:na]
	at org.junit.platform.engine.support.hierarchical.SameThreadHierarchicalTestExecutorService.invokeAll(SameThreadHierarchicalTestExecutorService.java:41) ~[junit-platform-engine-1.10.1.jar:1.10.1]
	at org.junit.platform.engine.support.hierarchical.NodeTestTask.lambda$executeRecursively$6(NodeTestTask.java:155) ~[junit-platform-engine-1.10.1.jar:1.10.1]
	at org.junit.platform.engine.support.hierarchical.ThrowableCollector.execute(ThrowableCollector.java:73) ~[junit-platform-engine-1.10.1.jar:1.10.1]
	at org.junit.platform.engine.support.hierarchical.NodeTestTask.lambda$executeRecursively$8(NodeTestTask.java:141) ~[junit-platform-engine-1.10.1.jar:1.10.1]
	at org.junit.platform.engine.support.hierarchical.Node.around(Node.java:137) ~[junit-platform-engine-1.10.1.jar:1.10.1]
	at org.junit.platform.engine.support.hierarchical.NodeTestTask.lambda$executeRecursively$9(NodeTestTask.java:139) ~[junit-platform-engine-1.10.1.jar:1.10.1]
	at org.junit.platform.engine.support.hierarchical.ThrowableCollector.execute(ThrowableCollector.java:73) ~[junit-platform-engine-1.10.1.jar:1.10.1]
	at org.junit.platform.engine.support.hierarchical.NodeTestTask.executeRecursively(NodeTestTask.java:138) ~[junit-platform-engine-1.10.1.jar:1.10.1]
	at org.junit.platform.engine.support.hierarchical.NodeTestTask.execute(NodeTestTask.java:95) ~[junit-platform-engine-1.10.1.jar:1.10.1]
	at java.base/java.util.ArrayList.forEach(ArrayList.java:1604) ~[na:na]
	at org.junit.platform.engine.support.hierarchical.SameThreadHierarchicalTestExecutorService.invokeAll(SameThreadHierarchicalTestExecutorService.java:41) ~[junit-platform-engine-1.10.1.jar:1.10.1]
	at org.junit.platform.engine.support.hierarchical.NodeTestTask.lambda$executeRecursively$6(NodeTestTask.java:155) ~[junit-platform-engine-1.10.1.jar:1.10.1]
	at org.junit.platform.engine.support.hierarchical.ThrowableCollector.execute(ThrowableCollector.java:73) ~[junit-platform-engine-1.10.1.jar:1.10.1]
	at org.junit.platform.engine.support.hierarchical.NodeTestTask.lambda$executeRecursively$8(NodeTestTask.java:141) ~[junit-platform-engine-1.10.1.jar:1.10.1]
	at org.junit.platform.engine.support.hierarchical.Node.around(Node.java:137) ~[junit-platform-engine-1.10.1.jar:1.10.1]
	at org.junit.platform.engine.support.hierarchical.NodeTestTask.lambda$executeRecursively$9(NodeTestTask.java:139) ~[junit-platform-engine-1.10.1.jar:1.10.1]
	at org.junit.platform.engine.support.hierarchical.ThrowableCollector.execute(ThrowableCollector.java:73) ~[junit-platform-engine-1.10.1.jar:1.10.1]
	at org.junit.platform.engine.support.hierarchical.NodeTestTask.executeRecursively(NodeTestTask.java:138) ~[junit-platform-engine-1.10.1.jar:1.10.1]
	at org.junit.platform.engine.support.hierarchical.NodeTestTask.execute(NodeTestTask.java:95) ~[junit-platform-engine-1.10.1.jar:1.10.1]
	at org.junit.platform.engine.support.hierarchical.SameThreadHierarchicalTestExecutorService.submit(SameThreadHierarchicalTestExecutorService.java:35) ~[junit-platform-engine-1.10.1.jar:1.10.1]
	at org.junit.platform.engine.support.hierarchical.HierarchicalTestExecutor.execute(HierarchicalTestExecutor.java:57) ~[junit-platform-engine-1.10.1.jar:1.10.1]
	at org.junit.platform.engine.support.hierarchical.HierarchicalTestEngine.execute(HierarchicalTestEngine.java:54) ~[junit-platform-engine-1.10.1.jar:1.10.1]
	at org.junit.platform.launcher.core.EngineExecutionOrchestrator.execute(EngineExecutionOrchestrator.java:198) ~[junit-platform-launcher-1.10.1.jar:1.10.1]
	at org.junit.platform.launcher.core.EngineExecutionOrchestrator.execute(EngineExecutionOrchestrator.java:169) ~[junit-platform-launcher-1.10.1.jar:1.10.1]
	at org.junit.platform.launcher.core.EngineExecutionOrchestrator.execute(EngineExecutionOrchestrator.java:93) ~[junit-platform-launcher-1.10.1.jar:1.10.1]
	at org.junit.platform.launcher.core.EngineExecutionOrchestrator.lambda$execute$0(EngineExecutionOrchestrator.java:58) ~[junit-platform-launcher-1.10.1.jar:1.10.1]
	at org.junit.platform.launcher.core.EngineExecutionOrchestrator.withInterceptedStreams(EngineExecutionOrchestrator.java:141) ~[junit-platform-launcher-1.10.1.jar:1.10.1]
	at org.junit.platform.launcher.core.EngineExecutionOrchestrator.execute(EngineExecutionOrchestrator.java:57) ~[junit-platform-launcher-1.10.1.jar:1.10.1]
	at org.junit.platform.launcher.core.DefaultLauncher.execute(DefaultLauncher.java:103) ~[junit-platform-launcher-1.10.1.jar:1.10.1]
	at org.junit.platform.launcher.core.DefaultLauncher.execute(DefaultLauncher.java:85) ~[junit-platform-launcher-1.10.1.jar:1.10.1]
	at org.junit.platform.launcher.core.DelegatingLauncher.execute(DelegatingLauncher.java:47) ~[junit-platform-launcher-1.10.1.jar:1.10.1]
	at org.apache.maven.surefire.junitplatform.LazyLauncher.execute(LazyLauncher.java:56) ~[surefire-junit-platform-3.1.2.jar:3.1.2]
	at org.apache.maven.surefire.junitplatform.JUnitPlatformProvider.execute(JUnitPlatformProvider.java:184) ~[surefire-junit-platform-3.1.2.jar:3.1.2]
	at org.apache.maven.surefire.junitplatform.JUnitPlatformProvider.invokeAllTests(JUnitPlatformProvider.java:148) ~[surefire-junit-platform-3.1.2.jar:3.1.2]
	at org.apache.maven.surefire.junitplatform.JUnitPlatformProvider.invoke(JUnitPlatformProvider.java:122) ~[surefire-junit-platform-3.1.2.jar:3.1.2]
	at org.apache.maven.surefire.booter.ForkedBooter.runSuitesInProcess(ForkedBooter.java:385) ~[surefire-booter-3.1.2.jar:3.1.2]
	at org.apache.maven.surefire.booter.ForkedBooter.execute(ForkedBooter.java:162) ~[surefire-booter-3.1.2.jar:3.1.2]
	at org.apache.maven.surefire.booter.ForkedBooter.run(ForkedBooter.java:507) ~[surefire-booter-3.1.2.jar:3.1.2]
	at org.apache.maven.surefire.booter.ForkedBooter.main(ForkedBooter.java:495) ~[surefire-booter-3.1.2.jar:3.1.2]

2025-10-13T13:36:42.554+02:00  WARN 80616 --- [hexagonal-app] [           main] c.t.a.core.importer.ClassFileProcessor   : Error during import from jrt:/java.base/java/lang/Iterable.class, falling back to simple import

java.lang.IllegalArgumentException: Unsupported class file major version 69
	at com.tngtech.archunit.thirdparty.org.objectweb.asm.ClassReader.<init>(ClassReader.java:200) ~[archunit-1.3.0.jar:1.3.0]
	at com.tngtech.archunit.thirdparty.org.objectweb.asm.ClassReader.<init>(ClassReader.java:180) ~[archunit-1.3.0.jar:1.3.0]
	at com.tngtech.archunit.thirdparty.org.objectweb.asm.ClassReader.<init>(ClassReader.java:166) ~[archunit-1.3.0.jar:1.3.0]
	at com.tngtech.archunit.thirdparty.org.objectweb.asm.ClassReader.<init>(ClassReader.java:288) ~[archunit-1.3.0.jar:1.3.0]
	at com.tngtech.archunit.core.importer.ClassFileProcessor$UriImporterOfProcessor.tryImport(ClassFileProcessor.java:350) ~[archunit-1.3.0.jar:1.3.0]
	at com.tngtech.archunit.core.importer.resolvers.ClassResolverFromClasspath.tryResolve(ClassResolverFromClasspath.java:51) ~[archunit-1.3.0.jar:1.3.0]
	at com.tngtech.archunit.core.importer.ImportedClasses.resolve(ImportedClasses.java:80) ~[archunit-1.3.0.jar:1.3.0]
	at com.tngtech.archunit.core.importer.ImportedClasses.ensurePresent(ImportedClasses.java:75) ~[archunit-1.3.0.jar:1.3.0]
	at com.tngtech.archunit.core.importer.DependencyResolutionProcess.executeRun(DependencyResolutionProcess.java:146) ~[archunit-1.3.0.jar:1.3.0]
	at com.tngtech.archunit.core.importer.DependencyResolutionProcess.resolve(DependencyResolutionProcess.java:122) ~[archunit-1.3.0.jar:1.3.0]
	at com.tngtech.archunit.core.importer.ClassGraphCreator.complete(ClassGraphCreator.java:107) ~[archunit-1.3.0.jar:1.3.0]
	at com.tngtech.archunit.core.importer.ClassFileProcessor.process(ClassFileProcessor.java:75) ~[archunit-1.3.0.jar:1.3.0]
	at com.tngtech.archunit.core.importer.ClassFileImporter.importLocations(ClassFileImporter.java:325) ~[archunit-1.3.0.jar:1.3.0]
	at com.tngtech.archunit.junit.internal.ClassCache$CacheClassFileImporter.importClasses(ClassCache.java:126) ~[archunit-junit5-engine-1.3.0.jar:1.3.0]
	at com.tngtech.archunit.junit.internal.ClassCache$LazyJavaClasses.initialize(ClassCache.java:118) ~[archunit-junit5-engine-1.3.0.jar:1.3.0]
	at com.tngtech.archunit.junit.internal.ClassCache$LazyJavaClasses.get(ClassCache.java:107) ~[archunit-junit5-engine-1.3.0.jar:1.3.0]
	at com.tngtech.archunit.junit.internal.ClassCache.getClassesToAnalyzeFor(ClassCache.java:84) ~[archunit-junit5-engine-1.3.0.jar:1.3.0]
	at com.tngtech.archunit.junit.internal.ArchUnitTestDescriptor.lambda$createChildren$1(ArchUnitTestDescriptor.java:90) ~[archunit-junit5-engine-1.3.0.jar:1.3.0]
	at com.tngtech.archunit.junit.internal.ArchUnitTestDescriptor$ArchUnitRuleDescriptor.execute(ArchUnitTestDescriptor.java:167) ~[archunit-junit5-engine-1.3.0.jar:1.3.0]
	at com.tngtech.archunit.junit.internal.ArchUnitTestDescriptor$ArchUnitRuleDescriptor.execute(ArchUnitTestDescriptor.java:150) ~[archunit-junit5-engine-1.3.0.jar:1.3.0]
	at org.junit.platform.engine.support.hierarchical.NodeTestTask.lambda$executeRecursively$6(NodeTestTask.java:151) ~[junit-platform-engine-1.10.1.jar:1.10.1]
	at org.junit.platform.engine.support.hierarchical.ThrowableCollector.execute(ThrowableCollector.java:73) ~[junit-platform-engine-1.10.1.jar:1.10.1]
	at org.junit.platform.engine.support.hierarchical.NodeTestTask.lambda$executeRecursively$8(NodeTestTask.java:141) ~[junit-platform-engine-1.10.1.jar:1.10.1]
	at org.junit.platform.engine.support.hierarchical.Node.around(Node.java:137) ~[junit-platform-engine-1.10.1.jar:1.10.1]
	at org.junit.platform.engine.support.hierarchical.NodeTestTask.lambda$executeRecursively$9(NodeTestTask.java:139) ~[junit-platform-engine-1.10.1.jar:1.10.1]
	at org.junit.platform.engine.support.hierarchical.ThrowableCollector.execute(ThrowableCollector.java:73) ~[junit-platform-engine-1.10.1.jar:1.10.1]
	at org.junit.platform.engine.support.hierarchical.NodeTestTask.executeRecursively(NodeTestTask.java:138) ~[junit-platform-engine-1.10.1.jar:1.10.1]
	at org.junit.platform.engine.support.hierarchical.NodeTestTask.execute(NodeTestTask.java:95) ~[junit-platform-engine-1.10.1.jar:1.10.1]
	at java.base/java.util.ArrayList.forEach(ArrayList.java:1604) ~[na:na]
	at org.junit.platform.engine.support.hierarchical.SameThreadHierarchicalTestExecutorService.invokeAll(SameThreadHierarchicalTestExecutorService.java:41) ~[junit-platform-engine-1.10.1.jar:1.10.1]
	at org.junit.platform.engine.support.hierarchical.NodeTestTask.lambda$executeRecursively$6(NodeTestTask.java:155) ~[junit-platform-engine-1.10.1.jar:1.10.1]
	at org.junit.platform.engine.support.hierarchical.ThrowableCollector.execute(ThrowableCollector.java:73) ~[junit-platform-engine-1.10.1.jar:1.10.1]
	at org.junit.platform.engine.support.hierarchical.NodeTestTask.lambda$executeRecursively$8(NodeTestTask.java:141) ~[junit-platform-engine-1.10.1.jar:1.10.1]
	at org.junit.platform.engine.support.hierarchical.Node.around(Node.java:137) ~[junit-platform-engine-1.10.1.jar:1.10.1]
	at org.junit.platform.engine.support.hierarchical.NodeTestTask.lambda$executeRecursively$9(NodeTestTask.java:139) ~[junit-platform-engine-1.10.1.jar:1.10.1]
	at org.junit.platform.engine.support.hierarchical.ThrowableCollector.execute(ThrowableCollector.java:73) ~[junit-platform-engine-1.10.1.jar:1.10.1]
	at org.junit.platform.engine.support.hierarchical.NodeTestTask.executeRecursively(NodeTestTask.java:138) ~[junit-platform-engine-1.10.1.jar:1.10.1]
	at org.junit.platform.engine.support.hierarchical.NodeTestTask.execute(NodeTestTask.java:95) ~[junit-platform-engine-1.10.1.jar:1.10.1]
	at java.base/java.util.ArrayList.forEach(ArrayList.java:1604) ~[na:na]
	at org.junit.platform.engine.support.hierarchical.SameThreadHierarchicalTestExecutorService.invokeAll(SameThreadHierarchicalTestExecutorService.java:41) ~[junit-platform-engine-1.10.1.jar:1.10.1]
	at org.junit.platform.engine.support.hierarchical.NodeTestTask.lambda$executeRecursively$6(NodeTestTask.java:155) ~[junit-platform-engine-1.10.1.jar:1.10.1]
	at org.junit.platform.engine.support.hierarchical.ThrowableCollector.execute(ThrowableCollector.java:73) ~[junit-platform-engine-1.10.1.jar:1.10.1]
	at org.junit.platform.engine.support.hierarchical.NodeTestTask.lambda$executeRecursively$8(NodeTestTask.java:141) ~[junit-platform-engine-1.10.1.jar:1.10.1]
	at org.junit.platform.engine.support.hierarchical.Node.around(Node.java:137) ~[junit-platform-engine-1.10.1.jar:1.10.1]
	at org.junit.platform.engine.support.hierarchical.NodeTestTask.lambda$executeRecursively$9(NodeTestTask.java:139) ~[junit-platform-engine-1.10.1.jar:1.10.1]
	at org.junit.platform.engine.support.hierarchical.ThrowableCollector.execute(ThrowableCollector.java:73) ~[junit-platform-engine-1.10.1.jar:1.10.1]
	at org.junit.platform.engine.support.hierarchical.NodeTestTask.executeRecursively(NodeTestTask.java:138) ~[junit-platform-engine-1.10.1.jar:1.10.1]
	at org.junit.platform.engine.support.hierarchical.NodeTestTask.execute(NodeTestTask.java:95) ~[junit-platform-engine-1.10.1.jar:1.10.1]
	at org.junit.platform.engine.support.hierarchical.SameThreadHierarchicalTestExecutorService.submit(SameThreadHierarchicalTestExecutorService.java:35) ~[junit-platform-engine-1.10.1.jar:1.10.1]
	at org.junit.platform.engine.support.hierarchical.HierarchicalTestExecutor.execute(HierarchicalTestExecutor.java:57) ~[junit-platform-engine-1.10.1.jar:1.10.1]
	at org.junit.platform.engine.support.hierarchical.HierarchicalTestEngine.execute(HierarchicalTestEngine.java:54) ~[junit-platform-engine-1.10.1.jar:1.10.1]
	at org.junit.platform.launcher.core.EngineExecutionOrchestrator.execute(EngineExecutionOrchestrator.java:198) ~[junit-platform-launcher-1.10.1.jar:1.10.1]
	at org.junit.platform.launcher.core.EngineExecutionOrchestrator.execute(EngineExecutionOrchestrator.java:169) ~[junit-platform-launcher-1.10.1.jar:1.10.1]
	at org.junit.platform.launcher.core.EngineExecutionOrchestrator.execute(EngineExecutionOrchestrator.java:93) ~[junit-platform-launcher-1.10.1.jar:1.10.1]
	at org.junit.platform.launcher.core.EngineExecutionOrchestrator.lambda$execute$0(EngineExecutionOrchestrator.java:58) ~[junit-platform-launcher-1.10.1.jar:1.10.1]
	at org.junit.platform.launcher.core.EngineExecutionOrchestrator.withInterceptedStreams(EngineExecutionOrchestrator.java:141) ~[junit-platform-launcher-1.10.1.jar:1.10.1]
	at org.junit.platform.launcher.core.EngineExecutionOrchestrator.execute(EngineExecutionOrchestrator.java:57) ~[junit-platform-launcher-1.10.1.jar:1.10.1]
	at org.junit.platform.launcher.core.DefaultLauncher.execute(DefaultLauncher.java:103) ~[junit-platform-launcher-1.10.1.jar:1.10.1]
	at org.junit.platform.launcher.core.DefaultLauncher.execute(DefaultLauncher.java:85) ~[junit-platform-launcher-1.10.1.jar:1.10.1]
	at org.junit.platform.launcher.core.DelegatingLauncher.execute(DelegatingLauncher.java:47) ~[junit-platform-launcher-1.10.1.jar:1.10.1]
	at org.apache.maven.surefire.junitplatform.LazyLauncher.execute(LazyLauncher.java:56) ~[surefire-junit-platform-3.1.2.jar:3.1.2]
	at org.apache.maven.surefire.junitplatform.JUnitPlatformProvider.execute(JUnitPlatformProvider.java:184) ~[surefire-junit-platform-3.1.2.jar:3.1.2]
	at org.apache.maven.surefire.junitplatform.JUnitPlatformProvider.invokeAllTests(JUnitPlatformProvider.java:148) ~[surefire-junit-platform-3.1.2.jar:3.1.2]
	at org.apache.maven.surefire.junitplatform.JUnitPlatformProvider.invoke(JUnitPlatformProvider.java:122) ~[surefire-junit-platform-3.1.2.jar:3.1.2]
	at org.apache.maven.surefire.booter.ForkedBooter.runSuitesInProcess(ForkedBooter.java:385) ~[surefire-booter-3.1.2.jar:3.1.2]
	at org.apache.maven.surefire.booter.ForkedBooter.execute(ForkedBooter.java:162) ~[surefire-booter-3.1.2.jar:3.1.2]
	at org.apache.maven.surefire.booter.ForkedBooter.run(ForkedBooter.java:507) ~[surefire-booter-3.1.2.jar:3.1.2]
	at org.apache.maven.surefire.booter.ForkedBooter.main(ForkedBooter.java:495) ~[surefire-booter-3.1.2.jar:3.1.2]

2025-10-13T13:36:42.554+02:00  WARN 80616 --- [hexagonal-app] [           main] c.t.a.core.importer.ClassFileProcessor   : Error during import from jrt:/java.base/java/lang/FunctionalInterface.class, falling back to simple import

java.lang.IllegalArgumentException: Unsupported class file major version 69
	at com.tngtech.archunit.thirdparty.org.objectweb.asm.ClassReader.<init>(ClassReader.java:200) ~[archunit-1.3.0.jar:1.3.0]
	at com.tngtech.archunit.thirdparty.org.objectweb.asm.ClassReader.<init>(ClassReader.java:180) ~[archunit-1.3.0.jar:1.3.0]
	at com.tngtech.archunit.thirdparty.org.objectweb.asm.ClassReader.<init>(ClassReader.java:166) ~[archunit-1.3.0.jar:1.3.0]
	at com.tngtech.archunit.thirdparty.org.objectweb.asm.ClassReader.<init>(ClassReader.java:288) ~[archunit-1.3.0.jar:1.3.0]
	at com.tngtech.archunit.core.importer.ClassFileProcessor$UriImporterOfProcessor.tryImport(ClassFileProcessor.java:350) ~[archunit-1.3.0.jar:1.3.0]
	at com.tngtech.archunit.core.importer.resolvers.ClassResolverFromClasspath.tryResolve(ClassResolverFromClasspath.java:51) ~[archunit-1.3.0.jar:1.3.0]
	at com.tngtech.archunit.core.importer.ImportedClasses.resolve(ImportedClasses.java:80) ~[archunit-1.3.0.jar:1.3.0]
	at com.tngtech.archunit.core.importer.ImportedClasses.ensurePresent(ImportedClasses.java:75) ~[archunit-1.3.0.jar:1.3.0]
	at com.tngtech.archunit.core.importer.DependencyResolutionProcess.executeRun(DependencyResolutionProcess.java:146) ~[archunit-1.3.0.jar:1.3.0]
	at com.tngtech.archunit.core.importer.DependencyResolutionProcess.resolve(DependencyResolutionProcess.java:122) ~[archunit-1.3.0.jar:1.3.0]
	at com.tngtech.archunit.core.importer.ClassGraphCreator.complete(ClassGraphCreator.java:107) ~[archunit-1.3.0.jar:1.3.0]
	at com.tngtech.archunit.core.importer.ClassFileProcessor.process(ClassFileProcessor.java:75) ~[archunit-1.3.0.jar:1.3.0]
	at com.tngtech.archunit.core.importer.ClassFileImporter.importLocations(ClassFileImporter.java:325) ~[archunit-1.3.0.jar:1.3.0]
	at com.tngtech.archunit.junit.internal.ClassCache$CacheClassFileImporter.importClasses(ClassCache.java:126) ~[archunit-junit5-engine-1.3.0.jar:1.3.0]
	at com.tngtech.archunit.junit.internal.ClassCache$LazyJavaClasses.initialize(ClassCache.java:118) ~[archunit-junit5-engine-1.3.0.jar:1.3.0]
	at com.tngtech.archunit.junit.internal.ClassCache$LazyJavaClasses.get(ClassCache.java:107) ~[archunit-junit5-engine-1.3.0.jar:1.3.0]
	at com.tngtech.archunit.junit.internal.ClassCache.getClassesToAnalyzeFor(ClassCache.java:84) ~[archunit-junit5-engine-1.3.0.jar:1.3.0]
	at com.tngtech.archunit.junit.internal.ArchUnitTestDescriptor.lambda$createChildren$1(ArchUnitTestDescriptor.java:90) ~[archunit-junit5-engine-1.3.0.jar:1.3.0]
	at com.tngtech.archunit.junit.internal.ArchUnitTestDescriptor$ArchUnitRuleDescriptor.execute(ArchUnitTestDescriptor.java:167) ~[archunit-junit5-engine-1.3.0.jar:1.3.0]
	at com.tngtech.archunit.junit.internal.ArchUnitTestDescriptor$ArchUnitRuleDescriptor.execute(ArchUnitTestDescriptor.java:150) ~[archunit-junit5-engine-1.3.0.jar:1.3.0]
	at org.junit.platform.engine.support.hierarchical.NodeTestTask.lambda$executeRecursively$6(NodeTestTask.java:151) ~[junit-platform-engine-1.10.1.jar:1.10.1]
	at org.junit.platform.engine.support.hierarchical.ThrowableCollector.execute(ThrowableCollector.java:73) ~[junit-platform-engine-1.10.1.jar:1.10.1]
	at org.junit.platform.engine.support.hierarchical.NodeTestTask.lambda$executeRecursively$8(NodeTestTask.java:141) ~[junit-platform-engine-1.10.1.jar:1.10.1]
	at org.junit.platform.engine.support.hierarchical.Node.around(Node.java:137) ~[junit-platform-engine-1.10.1.jar:1.10.1]
	at org.junit.platform.engine.support.hierarchical.NodeTestTask.lambda$executeRecursively$9(NodeTestTask.java:139) ~[junit-platform-engine-1.10.1.jar:1.10.1]
	at org.junit.platform.engine.support.hierarchical.ThrowableCollector.execute(ThrowableCollector.java:73) ~[junit-platform-engine-1.10.1.jar:1.10.1]
	at org.junit.platform.engine.support.hierarchical.NodeTestTask.executeRecursively(NodeTestTask.java:138) ~[junit-platform-engine-1.10.1.jar:1.10.1]
	at org.junit.platform.engine.support.hierarchical.NodeTestTask.execute(NodeTestTask.java:95) ~[junit-platform-engine-1.10.1.jar:1.10.1]
	at java.base/java.util.ArrayList.forEach(ArrayList.java:1604) ~[na:na]
	at org.junit.platform.engine.support.hierarchical.SameThreadHierarchicalTestExecutorService.invokeAll(SameThreadHierarchicalTestExecutorService.java:41) ~[junit-platform-engine-1.10.1.jar:1.10.1]
	at org.junit.platform.engine.support.hierarchical.NodeTestTask.lambda$executeRecursively$6(NodeTestTask.java:155) ~[junit-platform-engine-1.10.1.jar:1.10.1]
	at org.junit.platform.engine.support.hierarchical.ThrowableCollector.execute(ThrowableCollector.java:73) ~[junit-platform-engine-1.10.1.jar:1.10.1]
	at org.junit.platform.engine.support.hierarchical.NodeTestTask.lambda$executeRecursively$8(NodeTestTask.java:141) ~[junit-platform-engine-1.10.1.jar:1.10.1]
	at org.junit.platform.engine.support.hierarchical.Node.around(Node.java:137) ~[junit-platform-engine-1.10.1.jar:1.10.1]
	at org.junit.platform.engine.support.hierarchical.NodeTestTask.lambda$executeRecursively$9(NodeTestTask.java:139) ~[junit-platform-engine-1.10.1.jar:1.10.1]
	at org.junit.platform.engine.support.hierarchical.ThrowableCollector.execute(ThrowableCollector.java:73) ~[junit-platform-engine-1.10.1.jar:1.10.1]
	at org.junit.platform.engine.support.hierarchical.NodeTestTask.executeRecursively(NodeTestTask.java:138) ~[junit-platform-engine-1.10.1.jar:1.10.1]
	at org.junit.platform.engine.support.hierarchical.NodeTestTask.execute(NodeTestTask.java:95) ~[junit-platform-engine-1.10.1.jar:1.10.1]
	at java.base/java.util.ArrayList.forEach(ArrayList.java:1604) ~[na:na]
	at org.junit.platform.engine.support.hierarchical.SameThreadHierarchicalTestExecutorService.invokeAll(SameThreadHierarchicalTestExecutorService.java:41) ~[junit-platform-engine-1.10.1.jar:1.10.1]
	at org.junit.platform.engine.support.hierarchical.NodeTestTask.lambda$executeRecursively$6(NodeTestTask.java:155) ~[junit-platform-engine-1.10.1.jar:1.10.1]
	at org.junit.platform.engine.support.hierarchical.ThrowableCollector.execute(ThrowableCollector.java:73) ~[junit-platform-engine-1.10.1.jar:1.10.1]
	at org.junit.platform.engine.support.hierarchical.NodeTestTask.lambda$executeRecursively$8(NodeTestTask.java:141) ~[junit-platform-engine-1.10.1.jar:1.10.1]
	at org.junit.platform.engine.support.hierarchical.Node.around(Node.java:137) ~[junit-platform-engine-1.10.1.jar:1.10.1]
	at org.junit.platform.engine.support.hierarchical.NodeTestTask.lambda$executeRecursively$9(NodeTestTask.java:139) ~[junit-platform-engine-1.10.1.jar:1.10.1]
	at org.junit.platform.engine.support.hierarchical.ThrowableCollector.execute(ThrowableCollector.java:73) ~[junit-platform-engine-1.10.1.jar:1.10.1]
	at org.junit.platform.engine.support.hierarchical.NodeTestTask.executeRecursively(NodeTestTask.java:138) ~[junit-platform-engine-1.10.1.jar:1.10.1]
	at org.junit.platform.engine.support.hierarchical.NodeTestTask.execute(NodeTestTask.java:95) ~[junit-platform-engine-1.10.1.jar:1.10.1]
	at org.junit.platform.engine.support.hierarchical.SameThreadHierarchicalTestExecutorService.submit(SameThreadHierarchicalTestExecutorService.java:35) ~[junit-platform-engine-1.10.1.jar:1.10.1]
	at org.junit.platform.engine.support.hierarchical.HierarchicalTestExecutor.execute(HierarchicalTestExecutor.java:57) ~[junit-platform-engine-1.10.1.jar:1.10.1]
	at org.junit.platform.engine.support.hierarchical.HierarchicalTestEngine.execute(HierarchicalTestEngine.java:54) ~[junit-platform-engine-1.10.1.jar:1.10.1]
	at org.junit.platform.launcher.core.EngineExecutionOrchestrator.execute(EngineExecutionOrchestrator.java:198) ~[junit-platform-launcher-1.10.1.jar:1.10.1]
	at org.junit.platform.launcher.core.EngineExecutionOrchestrator.execute(EngineExecutionOrchestrator.java:169) ~[junit-platform-launcher-1.10.1.jar:1.10.1]
	at org.junit.platform.launcher.core.EngineExecutionOrchestrator.execute(EngineExecutionOrchestrator.java:93) ~[junit-platform-launcher-1.10.1.jar:1.10.1]
	at org.junit.platform.launcher.core.EngineExecutionOrchestrator.lambda$execute$0(EngineExecutionOrchestrator.java:58) ~[junit-platform-launcher-1.10.1.jar:1.10.1]
	at org.junit.platform.launcher.core.EngineExecutionOrchestrator.withInterceptedStreams(EngineExecutionOrchestrator.java:141) ~[junit-platform-launcher-1.10.1.jar:1.10.1]
	at org.junit.platform.launcher.core.EngineExecutionOrchestrator.execute(EngineExecutionOrchestrator.java:57) ~[junit-platform-launcher-1.10.1.jar:1.10.1]
	at org.junit.platform.launcher.core.DefaultLauncher.execute(DefaultLauncher.java:103) ~[junit-platform-launcher-1.10.1.jar:1.10.1]
	at org.junit.platform.launcher.core.DefaultLauncher.execute(DefaultLauncher.java:85) ~[junit-platform-launcher-1.10.1.jar:1.10.1]
	at org.junit.platform.launcher.core.DelegatingLauncher.execute(DelegatingLauncher.java:47) ~[junit-platform-launcher-1.10.1.jar:1.10.1]
	at org.apache.maven.surefire.junitplatform.LazyLauncher.execute(LazyLauncher.java:56) ~[surefire-junit-platform-3.1.2.jar:3.1.2]
	at org.apache.maven.surefire.junitplatform.JUnitPlatformProvider.execute(JUnitPlatformProvider.java:184) ~[surefire-junit-platform-3.1.2.jar:3.1.2]
	at org.apache.maven.surefire.junitplatform.JUnitPlatformProvider.invokeAllTests(JUnitPlatformProvider.java:148) ~[surefire-junit-platform-3.1.2.jar:3.1.2]
	at org.apache.maven.surefire.junitplatform.JUnitPlatformProvider.invoke(JUnitPlatformProvider.java:122) ~[surefire-junit-platform-3.1.2.jar:3.1.2]
	at org.apache.maven.surefire.booter.ForkedBooter.runSuitesInProcess(ForkedBooter.java:385) ~[surefire-booter-3.1.2.jar:3.1.2]
	at org.apache.maven.surefire.booter.ForkedBooter.execute(ForkedBooter.java:162) ~[surefire-booter-3.1.2.jar:3.1.2]
	at org.apache.maven.surefire.booter.ForkedBooter.run(ForkedBooter.java:507) ~[surefire-booter-3.1.2.jar:3.1.2]
	at org.apache.maven.surefire.booter.ForkedBooter.main(ForkedBooter.java:495) ~[surefire-booter-3.1.2.jar:3.1.2]

2025-10-13T13:36:42.559+02:00  WARN 80616 --- [hexagonal-app] [           main] c.t.a.core.importer.ClassFileProcessor   : Error during import from jrt:/java.base/java/util/EventObject.class, falling back to simple import

java.lang.IllegalArgumentException: Unsupported class file major version 69
	at com.tngtech.archunit.thirdparty.org.objectweb.asm.ClassReader.<init>(ClassReader.java:200) ~[archunit-1.3.0.jar:1.3.0]
	at com.tngtech.archunit.thirdparty.org.objectweb.asm.ClassReader.<init>(ClassReader.java:180) ~[archunit-1.3.0.jar:1.3.0]
	at com.tngtech.archunit.thirdparty.org.objectweb.asm.ClassReader.<init>(ClassReader.java:166) ~[archunit-1.3.0.jar:1.3.0]
	at com.tngtech.archunit.thirdparty.org.objectweb.asm.ClassReader.<init>(ClassReader.java:288) ~[archunit-1.3.0.jar:1.3.0]
	at com.tngtech.archunit.core.importer.ClassFileProcessor$UriImporterOfProcessor.tryImport(ClassFileProcessor.java:350) ~[archunit-1.3.0.jar:1.3.0]
	at com.tngtech.archunit.core.importer.resolvers.ClassResolverFromClasspath.tryResolve(ClassResolverFromClasspath.java:51) ~[archunit-1.3.0.jar:1.3.0]
	at com.tngtech.archunit.core.importer.ImportedClasses.resolve(ImportedClasses.java:80) ~[archunit-1.3.0.jar:1.3.0]
	at com.tngtech.archunit.core.importer.ImportedClasses.ensurePresent(ImportedClasses.java:75) ~[archunit-1.3.0.jar:1.3.0]
	at com.tngtech.archunit.core.importer.DependencyResolutionProcess.executeRun(DependencyResolutionProcess.java:146) ~[archunit-1.3.0.jar:1.3.0]
	at com.tngtech.archunit.core.importer.DependencyResolutionProcess.resolve(DependencyResolutionProcess.java:122) ~[archunit-1.3.0.jar:1.3.0]
	at com.tngtech.archunit.core.importer.ClassGraphCreator.complete(ClassGraphCreator.java:107) ~[archunit-1.3.0.jar:1.3.0]
	at com.tngtech.archunit.core.importer.ClassFileProcessor.process(ClassFileProcessor.java:75) ~[archunit-1.3.0.jar:1.3.0]
	at com.tngtech.archunit.core.importer.ClassFileImporter.importLocations(ClassFileImporter.java:325) ~[archunit-1.3.0.jar:1.3.0]
	at com.tngtech.archunit.junit.internal.ClassCache$CacheClassFileImporter.importClasses(ClassCache.java:126) ~[archunit-junit5-engine-1.3.0.jar:1.3.0]
	at com.tngtech.archunit.junit.internal.ClassCache$LazyJavaClasses.initialize(ClassCache.java:118) ~[archunit-junit5-engine-1.3.0.jar:1.3.0]
	at com.tngtech.archunit.junit.internal.ClassCache$LazyJavaClasses.get(ClassCache.java:107) ~[archunit-junit5-engine-1.3.0.jar:1.3.0]
	at com.tngtech.archunit.junit.internal.ClassCache.getClassesToAnalyzeFor(ClassCache.java:84) ~[archunit-junit5-engine-1.3.0.jar:1.3.0]
	at com.tngtech.archunit.junit.internal.ArchUnitTestDescriptor.lambda$createChildren$1(ArchUnitTestDescriptor.java:90) ~[archunit-junit5-engine-1.3.0.jar:1.3.0]
	at com.tngtech.archunit.junit.internal.ArchUnitTestDescriptor$ArchUnitRuleDescriptor.execute(ArchUnitTestDescriptor.java:167) ~[archunit-junit5-engine-1.3.0.jar:1.3.0]
	at com.tngtech.archunit.junit.internal.ArchUnitTestDescriptor$ArchUnitRuleDescriptor.execute(ArchUnitTestDescriptor.java:150) ~[archunit-junit5-engine-1.3.0.jar:1.3.0]
	at org.junit.platform.engine.support.hierarchical.NodeTestTask.lambda$executeRecursively$6(NodeTestTask.java:151) ~[junit-platform-engine-1.10.1.jar:1.10.1]
	at org.junit.platform.engine.support.hierarchical.ThrowableCollector.execute(ThrowableCollector.java:73) ~[junit-platform-engine-1.10.1.jar:1.10.1]
	at org.junit.platform.engine.support.hierarchical.NodeTestTask.lambda$executeRecursively$8(NodeTestTask.java:141) ~[junit-platform-engine-1.10.1.jar:1.10.1]
	at org.junit.platform.engine.support.hierarchical.Node.around(Node.java:137) ~[junit-platform-engine-1.10.1.jar:1.10.1]
	at org.junit.platform.engine.support.hierarchical.NodeTestTask.lambda$executeRecursively$9(NodeTestTask.java:139) ~[junit-platform-engine-1.10.1.jar:1.10.1]
	at org.junit.platform.engine.support.hierarchical.ThrowableCollector.execute(ThrowableCollector.java:73) ~[junit-platform-engine-1.10.1.jar:1.10.1]
	at org.junit.platform.engine.support.hierarchical.NodeTestTask.executeRecursively(NodeTestTask.java:138) ~[junit-platform-engine-1.10.1.jar:1.10.1]
	at org.junit.platform.engine.support.hierarchical.NodeTestTask.execute(NodeTestTask.java:95) ~[junit-platform-engine-1.10.1.jar:1.10.1]
	at java.base/java.util.ArrayList.forEach(ArrayList.java:1604) ~[na:na]
	at org.junit.platform.engine.support.hierarchical.SameThreadHierarchicalTestExecutorService.invokeAll(SameThreadHierarchicalTestExecutorService.java:41) ~[junit-platform-engine-1.10.1.jar:1.10.1]
	at org.junit.platform.engine.support.hierarchical.NodeTestTask.lambda$executeRecursively$6(NodeTestTask.java:155) ~[junit-platform-engine-1.10.1.jar:1.10.1]
	at org.junit.platform.engine.support.hierarchical.ThrowableCollector.execute(ThrowableCollector.java:73) ~[junit-platform-engine-1.10.1.jar:1.10.1]
	at org.junit.platform.engine.support.hierarchical.NodeTestTask.lambda$executeRecursively$8(NodeTestTask.java:141) ~[junit-platform-engine-1.10.1.jar:1.10.1]
	at org.junit.platform.engine.support.hierarchical.Node.around(Node.java:137) ~[junit-platform-engine-1.10.1.jar:1.10.1]
	at org.junit.platform.engine.support.hierarchical.NodeTestTask.lambda$executeRecursively$9(NodeTestTask.java:139) ~[junit-platform-engine-1.10.1.jar:1.10.1]
	at org.junit.platform.engine.support.hierarchical.ThrowableCollector.execute(ThrowableCollector.java:73) ~[junit-platform-engine-1.10.1.jar:1.10.1]
	at org.junit.platform.engine.support.hierarchical.NodeTestTask.executeRecursively(NodeTestTask.java:138) ~[junit-platform-engine-1.10.1.jar:1.10.1]
	at org.junit.platform.engine.support.hierarchical.NodeTestTask.execute(NodeTestTask.java:95) ~[junit-platform-engine-1.10.1.jar:1.10.1]
	at java.base/java.util.ArrayList.forEach(ArrayList.java:1604) ~[na:na]
	at org.junit.platform.engine.support.hierarchical.SameThreadHierarchicalTestExecutorService.invokeAll(SameThreadHierarchicalTestExecutorService.java:41) ~[junit-platform-engine-1.10.1.jar:1.10.1]
	at org.junit.platform.engine.support.hierarchical.NodeTestTask.lambda$executeRecursively$6(NodeTestTask.java:155) ~[junit-platform-engine-1.10.1.jar:1.10.1]
	at org.junit.platform.engine.support.hierarchical.ThrowableCollector.execute(ThrowableCollector.java:73) ~[junit-platform-engine-1.10.1.jar:1.10.1]
	at org.junit.platform.engine.support.hierarchical.NodeTestTask.lambda$executeRecursively$8(NodeTestTask.java:141) ~[junit-platform-engine-1.10.1.jar:1.10.1]
	at org.junit.platform.engine.support.hierarchical.Node.around(Node.java:137) ~[junit-platform-engine-1.10.1.jar:1.10.1]
	at org.junit.platform.engine.support.hierarchical.NodeTestTask.lambda$executeRecursively$9(NodeTestTask.java:139) ~[junit-platform-engine-1.10.1.jar:1.10.1]
	at org.junit.platform.engine.support.hierarchical.ThrowableCollector.execute(ThrowableCollector.java:73) ~[junit-platform-engine-1.10.1.jar:1.10.1]
	at org.junit.platform.engine.support.hierarchical.NodeTestTask.executeRecursively(NodeTestTask.java:138) ~[junit-platform-engine-1.10.1.jar:1.10.1]
	at org.junit.platform.engine.support.hierarchical.NodeTestTask.execute(NodeTestTask.java:95) ~[junit-platform-engine-1.10.1.jar:1.10.1]
	at org.junit.platform.engine.support.hierarchical.SameThreadHierarchicalTestExecutorService.submit(SameThreadHierarchicalTestExecutorService.java:35) ~[junit-platform-engine-1.10.1.jar:1.10.1]
	at org.junit.platform.engine.support.hierarchical.HierarchicalTestExecutor.execute(HierarchicalTestExecutor.java:57) ~[junit-platform-engine-1.10.1.jar:1.10.1]
	at org.junit.platform.engine.support.hierarchical.HierarchicalTestEngine.execute(HierarchicalTestEngine.java:54) ~[junit-platform-engine-1.10.1.jar:1.10.1]
	at org.junit.platform.launcher.core.EngineExecutionOrchestrator.execute(EngineExecutionOrchestrator.java:198) ~[junit-platform-launcher-1.10.1.jar:1.10.1]
	at org.junit.platform.launcher.core.EngineExecutionOrchestrator.execute(EngineExecutionOrchestrator.java:169) ~[junit-platform-launcher-1.10.1.jar:1.10.1]
	at org.junit.platform.launcher.core.EngineExecutionOrchestrator.execute(EngineExecutionOrchestrator.java:93) ~[junit-platform-launcher-1.10.1.jar:1.10.1]
	at org.junit.platform.launcher.core.EngineExecutionOrchestrator.lambda$execute$0(EngineExecutionOrchestrator.java:58) ~[junit-platform-launcher-1.10.1.jar:1.10.1]
	at org.junit.platform.launcher.core.EngineExecutionOrchestrator.withInterceptedStreams(EngineExecutionOrchestrator.java:141) ~[junit-platform-launcher-1.10.1.jar:1.10.1]
	at org.junit.platform.launcher.core.EngineExecutionOrchestrator.execute(EngineExecutionOrchestrator.java:57) ~[junit-platform-launcher-1.10.1.jar:1.10.1]
	at org.junit.platform.launcher.core.DefaultLauncher.execute(DefaultLauncher.java:103) ~[junit-platform-launcher-1.10.1.jar:1.10.1]
	at org.junit.platform.launcher.core.DefaultLauncher.execute(DefaultLauncher.java:85) ~[junit-platform-launcher-1.10.1.jar:1.10.1]
	at org.junit.platform.launcher.core.DelegatingLauncher.execute(DelegatingLauncher.java:47) ~[junit-platform-launcher-1.10.1.jar:1.10.1]
	at org.apache.maven.surefire.junitplatform.LazyLauncher.execute(LazyLauncher.java:56) ~[surefire-junit-platform-3.1.2.jar:3.1.2]
	at org.apache.maven.surefire.junitplatform.JUnitPlatformProvider.execute(JUnitPlatformProvider.java:184) ~[surefire-junit-platform-3.1.2.jar:3.1.2]
	at org.apache.maven.surefire.junitplatform.JUnitPlatformProvider.invokeAllTests(JUnitPlatformProvider.java:148) ~[surefire-junit-platform-3.1.2.jar:3.1.2]
	at org.apache.maven.surefire.junitplatform.JUnitPlatformProvider.invoke(JUnitPlatformProvider.java:122) ~[surefire-junit-platform-3.1.2.jar:3.1.2]
	at org.apache.maven.surefire.booter.ForkedBooter.runSuitesInProcess(ForkedBooter.java:385) ~[surefire-booter-3.1.2.jar:3.1.2]
	at org.apache.maven.surefire.booter.ForkedBooter.execute(ForkedBooter.java:162) ~[surefire-booter-3.1.2.jar:3.1.2]
	at org.apache.maven.surefire.booter.ForkedBooter.run(ForkedBooter.java:507) ~[surefire-booter-3.1.2.jar:3.1.2]
	at org.apache.maven.surefire.booter.ForkedBooter.main(ForkedBooter.java:495) ~[surefire-booter-3.1.2.jar:3.1.2]

2025-10-13T13:36:42.560+02:00  WARN 80616 --- [hexagonal-app] [           main] c.t.a.core.importer.ClassFileProcessor   : Error during import from jrt:/java.base/java/util/Collection.class, falling back to simple import

java.lang.IllegalArgumentException: Unsupported class file major version 69
	at com.tngtech.archunit.thirdparty.org.objectweb.asm.ClassReader.<init>(ClassReader.java:200) ~[archunit-1.3.0.jar:1.3.0]
	at com.tngtech.archunit.thirdparty.org.objectweb.asm.ClassReader.<init>(ClassReader.java:180) ~[archunit-1.3.0.jar:1.3.0]
	at com.tngtech.archunit.thirdparty.org.objectweb.asm.ClassReader.<init>(ClassReader.java:166) ~[archunit-1.3.0.jar:1.3.0]
	at com.tngtech.archunit.thirdparty.org.objectweb.asm.ClassReader.<init>(ClassReader.java:288) ~[archunit-1.3.0.jar:1.3.0]
	at com.tngtech.archunit.core.importer.ClassFileProcessor$UriImporterOfProcessor.tryImport(ClassFileProcessor.java:350) ~[archunit-1.3.0.jar:1.3.0]
	at com.tngtech.archunit.core.importer.resolvers.ClassResolverFromClasspath.tryResolve(ClassResolverFromClasspath.java:51) ~[archunit-1.3.0.jar:1.3.0]
	at com.tngtech.archunit.core.importer.ImportedClasses.resolve(ImportedClasses.java:80) ~[archunit-1.3.0.jar:1.3.0]
	at com.tngtech.archunit.core.importer.ImportedClasses.ensurePresent(ImportedClasses.java:75) ~[archunit-1.3.0.jar:1.3.0]
	at com.tngtech.archunit.core.importer.DependencyResolutionProcess.executeRun(DependencyResolutionProcess.java:146) ~[archunit-1.3.0.jar:1.3.0]
	at com.tngtech.archunit.core.importer.DependencyResolutionProcess.resolve(DependencyResolutionProcess.java:122) ~[archunit-1.3.0.jar:1.3.0]
	at com.tngtech.archunit.core.importer.ClassGraphCreator.complete(ClassGraphCreator.java:107) ~[archunit-1.3.0.jar:1.3.0]
	at com.tngtech.archunit.core.importer.ClassFileProcessor.process(ClassFileProcessor.java:75) ~[archunit-1.3.0.jar:1.3.0]
	at com.tngtech.archunit.core.importer.ClassFileImporter.importLocations(ClassFileImporter.java:325) ~[archunit-1.3.0.jar:1.3.0]
	at com.tngtech.archunit.junit.internal.ClassCache$CacheClassFileImporter.importClasses(ClassCache.java:126) ~[archunit-junit5-engine-1.3.0.jar:1.3.0]
	at com.tngtech.archunit.junit.internal.ClassCache$LazyJavaClasses.initialize(ClassCache.java:118) ~[archunit-junit5-engine-1.3.0.jar:1.3.0]
	at com.tngtech.archunit.junit.internal.ClassCache$LazyJavaClasses.get(ClassCache.java:107) ~[archunit-junit5-engine-1.3.0.jar:1.3.0]
	at com.tngtech.archunit.junit.internal.ClassCache.getClassesToAnalyzeFor(ClassCache.java:84) ~[archunit-junit5-engine-1.3.0.jar:1.3.0]
	at com.tngtech.archunit.junit.internal.ArchUnitTestDescriptor.lambda$createChildren$1(ArchUnitTestDescriptor.java:90) ~[archunit-junit5-engine-1.3.0.jar:1.3.0]
	at com.tngtech.archunit.junit.internal.ArchUnitTestDescriptor$ArchUnitRuleDescriptor.execute(ArchUnitTestDescriptor.java:167) ~[archunit-junit5-engine-1.3.0.jar:1.3.0]
	at com.tngtech.archunit.junit.internal.ArchUnitTestDescriptor$ArchUnitRuleDescriptor.execute(ArchUnitTestDescriptor.java:150) ~[archunit-junit5-engine-1.3.0.jar:1.3.0]
	at org.junit.platform.engine.support.hierarchical.NodeTestTask.lambda$executeRecursively$6(NodeTestTask.java:151) ~[junit-platform-engine-1.10.1.jar:1.10.1]
	at org.junit.platform.engine.support.hierarchical.ThrowableCollector.execute(ThrowableCollector.java:73) ~[junit-platform-engine-1.10.1.jar:1.10.1]
	at org.junit.platform.engine.support.hierarchical.NodeTestTask.lambda$executeRecursively$8(NodeTestTask.java:141) ~[junit-platform-engine-1.10.1.jar:1.10.1]
	at org.junit.platform.engine.support.hierarchical.Node.around(Node.java:137) ~[junit-platform-engine-1.10.1.jar:1.10.1]
	at org.junit.platform.engine.support.hierarchical.NodeTestTask.lambda$executeRecursively$9(NodeTestTask.java:139) ~[junit-platform-engine-1.10.1.jar:1.10.1]
	at org.junit.platform.engine.support.hierarchical.ThrowableCollector.execute(ThrowableCollector.java:73) ~[junit-platform-engine-1.10.1.jar:1.10.1]
	at org.junit.platform.engine.support.hierarchical.NodeTestTask.executeRecursively(NodeTestTask.java:138) ~[junit-platform-engine-1.10.1.jar:1.10.1]
	at org.junit.platform.engine.support.hierarchical.NodeTestTask.execute(NodeTestTask.java:95) ~[junit-platform-engine-1.10.1.jar:1.10.1]
	at java.base/java.util.ArrayList.forEach(ArrayList.java:1604) ~[na:na]
	at org.junit.platform.engine.support.hierarchical.SameThreadHierarchicalTestExecutorService.invokeAll(SameThreadHierarchicalTestExecutorService.java:41) ~[junit-platform-engine-1.10.1.jar:1.10.1]
	at org.junit.platform.engine.support.hierarchical.NodeTestTask.lambda$executeRecursively$6(NodeTestTask.java:155) ~[junit-platform-engine-1.10.1.jar:1.10.1]
	at org.junit.platform.engine.support.hierarchical.ThrowableCollector.execute(ThrowableCollector.java:73) ~[junit-platform-engine-1.10.1.jar:1.10.1]
	at org.junit.platform.engine.support.hierarchical.NodeTestTask.lambda$executeRecursively$8(NodeTestTask.java:141) ~[junit-platform-engine-1.10.1.jar:1.10.1]
	at org.junit.platform.engine.support.hierarchical.Node.around(Node.java:137) ~[junit-platform-engine-1.10.1.jar:1.10.1]
	at org.junit.platform.engine.support.hierarchical.NodeTestTask.lambda$executeRecursively$9(NodeTestTask.java:139) ~[junit-platform-engine-1.10.1.jar:1.10.1]
	at org.junit.platform.engine.support.hierarchical.ThrowableCollector.execute(ThrowableCollector.java:73) ~[junit-platform-engine-1.10.1.jar:1.10.1]
	at org.junit.platform.engine.support.hierarchical.NodeTestTask.executeRecursively(NodeTestTask.java:138) ~[junit-platform-engine-1.10.1.jar:1.10.1]
	at org.junit.platform.engine.support.hierarchical.NodeTestTask.execute(NodeTestTask.java:95) ~[junit-platform-engine-1.10.1.jar:1.10.1]
	at java.base/java.util.ArrayList.forEach(ArrayList.java:1604) ~[na:na]
	at org.junit.platform.engine.support.hierarchical.SameThreadHierarchicalTestExecutorService.invokeAll(SameThreadHierarchicalTestExecutorService.java:41) ~[junit-platform-engine-1.10.1.jar:1.10.1]
	at org.junit.platform.engine.support.hierarchical.NodeTestTask.lambda$executeRecursively$6(NodeTestTask.java:155) ~[junit-platform-engine-1.10.1.jar:1.10.1]
	at org.junit.platform.engine.support.hierarchical.ThrowableCollector.execute(ThrowableCollector.java:73) ~[junit-platform-engine-1.10.1.jar:1.10.1]
	at org.junit.platform.engine.support.hierarchical.NodeTestTask.lambda$executeRecursively$8(NodeTestTask.java:141) ~[junit-platform-engine-1.10.1.jar:1.10.1]
	at org.junit.platform.engine.support.hierarchical.Node.around(Node.java:137) ~[junit-platform-engine-1.10.1.jar:1.10.1]
	at org.junit.platform.engine.support.hierarchical.NodeTestTask.lambda$executeRecursively$9(NodeTestTask.java:139) ~[junit-platform-engine-1.10.1.jar:1.10.1]
	at org.junit.platform.engine.support.hierarchical.ThrowableCollector.execute(ThrowableCollector.java:73) ~[junit-platform-engine-1.10.1.jar:1.10.1]
	at org.junit.platform.engine.support.hierarchical.NodeTestTask.executeRecursively(NodeTestTask.java:138) ~[junit-platform-engine-1.10.1.jar:1.10.1]
	at org.junit.platform.engine.support.hierarchical.NodeTestTask.execute(NodeTestTask.java:95) ~[junit-platform-engine-1.10.1.jar:1.10.1]
	at org.junit.platform.engine.support.hierarchical.SameThreadHierarchicalTestExecutorService.submit(SameThreadHierarchicalTestExecutorService.java:35) ~[junit-platform-engine-1.10.1.jar:1.10.1]
	at org.junit.platform.engine.support.hierarchical.HierarchicalTestExecutor.execute(HierarchicalTestExecutor.java:57) ~[junit-platform-engine-1.10.1.jar:1.10.1]
	at org.junit.platform.engine.support.hierarchical.HierarchicalTestEngine.execute(HierarchicalTestEngine.java:54) ~[junit-platform-engine-1.10.1.jar:1.10.1]
	at org.junit.platform.launcher.core.EngineExecutionOrchestrator.execute(EngineExecutionOrchestrator.java:198) ~[junit-platform-launcher-1.10.1.jar:1.10.1]
	at org.junit.platform.launcher.core.EngineExecutionOrchestrator.execute(EngineExecutionOrchestrator.java:169) ~[junit-platform-launcher-1.10.1.jar:1.10.1]
	at org.junit.platform.launcher.core.EngineExecutionOrchestrator.execute(EngineExecutionOrchestrator.java:93) ~[junit-platform-launcher-1.10.1.jar:1.10.1]
	at org.junit.platform.launcher.core.EngineExecutionOrchestrator.lambda$execute$0(EngineExecutionOrchestrator.java:58) ~[junit-platform-launcher-1.10.1.jar:1.10.1]
	at org.junit.platform.launcher.core.EngineExecutionOrchestrator.withInterceptedStreams(EngineExecutionOrchestrator.java:141) ~[junit-platform-launcher-1.10.1.jar:1.10.1]
	at org.junit.platform.launcher.core.EngineExecutionOrchestrator.execute(EngineExecutionOrchestrator.java:57) ~[junit-platform-launcher-1.10.1.jar:1.10.1]
	at org.junit.platform.launcher.core.DefaultLauncher.execute(DefaultLauncher.java:103) ~[junit-platform-launcher-1.10.1.jar:1.10.1]
	at org.junit.platform.launcher.core.DefaultLauncher.execute(DefaultLauncher.java:85) ~[junit-platform-launcher-1.10.1.jar:1.10.1]
	at org.junit.platform.launcher.core.DelegatingLauncher.execute(DelegatingLauncher.java:47) ~[junit-platform-launcher-1.10.1.jar:1.10.1]
	at org.apache.maven.surefire.junitplatform.LazyLauncher.execute(LazyLauncher.java:56) ~[surefire-junit-platform-3.1.2.jar:3.1.2]
	at org.apache.maven.surefire.junitplatform.JUnitPlatformProvider.execute(JUnitPlatformProvider.java:184) ~[surefire-junit-platform-3.1.2.jar:3.1.2]
	at org.apache.maven.surefire.junitplatform.JUnitPlatformProvider.invokeAllTests(JUnitPlatformProvider.java:148) ~[surefire-junit-platform-3.1.2.jar:3.1.2]
	at org.apache.maven.surefire.junitplatform.JUnitPlatformProvider.invoke(JUnitPlatformProvider.java:122) ~[surefire-junit-platform-3.1.2.jar:3.1.2]
	at org.apache.maven.surefire.booter.ForkedBooter.runSuitesInProcess(ForkedBooter.java:385) ~[surefire-booter-3.1.2.jar:3.1.2]
	at org.apache.maven.surefire.booter.ForkedBooter.execute(ForkedBooter.java:162) ~[surefire-booter-3.1.2.jar:3.1.2]
	at org.apache.maven.surefire.booter.ForkedBooter.run(ForkedBooter.java:507) ~[surefire-booter-3.1.2.jar:3.1.2]
	at org.apache.maven.surefire.booter.ForkedBooter.main(ForkedBooter.java:495) ~[surefire-booter-3.1.2.jar:3.1.2]

2025-10-13T13:36:42.561+02:00  WARN 80616 --- [hexagonal-app] [           main] c.t.a.core.importer.ClassFileProcessor   : Error during import from jrt:/java.base/java/io/Closeable.class, falling back to simple import

java.lang.IllegalArgumentException: Unsupported class file major version 69
	at com.tngtech.archunit.thirdparty.org.objectweb.asm.ClassReader.<init>(ClassReader.java:200) ~[archunit-1.3.0.jar:1.3.0]
	at com.tngtech.archunit.thirdparty.org.objectweb.asm.ClassReader.<init>(ClassReader.java:180) ~[archunit-1.3.0.jar:1.3.0]
	at com.tngtech.archunit.thirdparty.org.objectweb.asm.ClassReader.<init>(ClassReader.java:166) ~[archunit-1.3.0.jar:1.3.0]
	at com.tngtech.archunit.thirdparty.org.objectweb.asm.ClassReader.<init>(ClassReader.java:288) ~[archunit-1.3.0.jar:1.3.0]
	at com.tngtech.archunit.core.importer.ClassFileProcessor$UriImporterOfProcessor.tryImport(ClassFileProcessor.java:350) ~[archunit-1.3.0.jar:1.3.0]
	at com.tngtech.archunit.core.importer.resolvers.ClassResolverFromClasspath.tryResolve(ClassResolverFromClasspath.java:51) ~[archunit-1.3.0.jar:1.3.0]
	at com.tngtech.archunit.core.importer.ImportedClasses.resolve(ImportedClasses.java:80) ~[archunit-1.3.0.jar:1.3.0]
	at com.tngtech.archunit.core.importer.ImportedClasses.ensurePresent(ImportedClasses.java:75) ~[archunit-1.3.0.jar:1.3.0]
	at com.tngtech.archunit.core.importer.DependencyResolutionProcess.executeRun(DependencyResolutionProcess.java:146) ~[archunit-1.3.0.jar:1.3.0]
	at com.tngtech.archunit.core.importer.DependencyResolutionProcess.resolve(DependencyResolutionProcess.java:122) ~[archunit-1.3.0.jar:1.3.0]
	at com.tngtech.archunit.core.importer.ClassGraphCreator.complete(ClassGraphCreator.java:107) ~[archunit-1.3.0.jar:1.3.0]
	at com.tngtech.archunit.core.importer.ClassFileProcessor.process(ClassFileProcessor.java:75) ~[archunit-1.3.0.jar:1.3.0]
	at com.tngtech.archunit.core.importer.ClassFileImporter.importLocations(ClassFileImporter.java:325) ~[archunit-1.3.0.jar:1.3.0]
	at com.tngtech.archunit.junit.internal.ClassCache$CacheClassFileImporter.importClasses(ClassCache.java:126) ~[archunit-junit5-engine-1.3.0.jar:1.3.0]
	at com.tngtech.archunit.junit.internal.ClassCache$LazyJavaClasses.initialize(ClassCache.java:118) ~[archunit-junit5-engine-1.3.0.jar:1.3.0]
	at com.tngtech.archunit.junit.internal.ClassCache$LazyJavaClasses.get(ClassCache.java:107) ~[archunit-junit5-engine-1.3.0.jar:1.3.0]
	at com.tngtech.archunit.junit.internal.ClassCache.getClassesToAnalyzeFor(ClassCache.java:84) ~[archunit-junit5-engine-1.3.0.jar:1.3.0]
	at com.tngtech.archunit.junit.internal.ArchUnitTestDescriptor.lambda$createChildren$1(ArchUnitTestDescriptor.java:90) ~[archunit-junit5-engine-1.3.0.jar:1.3.0]
	at com.tngtech.archunit.junit.internal.ArchUnitTestDescriptor$ArchUnitRuleDescriptor.execute(ArchUnitTestDescriptor.java:167) ~[archunit-junit5-engine-1.3.0.jar:1.3.0]
	at com.tngtech.archunit.junit.internal.ArchUnitTestDescriptor$ArchUnitRuleDescriptor.execute(ArchUnitTestDescriptor.java:150) ~[archunit-junit5-engine-1.3.0.jar:1.3.0]
	at org.junit.platform.engine.support.hierarchical.NodeTestTask.lambda$executeRecursively$6(NodeTestTask.java:151) ~[junit-platform-engine-1.10.1.jar:1.10.1]
	at org.junit.platform.engine.support.hierarchical.ThrowableCollector.execute(ThrowableCollector.java:73) ~[junit-platform-engine-1.10.1.jar:1.10.1]
	at org.junit.platform.engine.support.hierarchical.NodeTestTask.lambda$executeRecursively$8(NodeTestTask.java:141) ~[junit-platform-engine-1.10.1.jar:1.10.1]
	at org.junit.platform.engine.support.hierarchical.Node.around(Node.java:137) ~[junit-platform-engine-1.10.1.jar:1.10.1]
	at org.junit.platform.engine.support.hierarchical.NodeTestTask.lambda$executeRecursively$9(NodeTestTask.java:139) ~[junit-platform-engine-1.10.1.jar:1.10.1]
	at org.junit.platform.engine.support.hierarchical.ThrowableCollector.execute(ThrowableCollector.java:73) ~[junit-platform-engine-1.10.1.jar:1.10.1]
	at org.junit.platform.engine.support.hierarchical.NodeTestTask.executeRecursively(NodeTestTask.java:138) ~[junit-platform-engine-1.10.1.jar:1.10.1]
	at org.junit.platform.engine.support.hierarchical.NodeTestTask.execute(NodeTestTask.java:95) ~[junit-platform-engine-1.10.1.jar:1.10.1]
	at java.base/java.util.ArrayList.forEach(ArrayList.java:1604) ~[na:na]
	at org.junit.platform.engine.support.hierarchical.SameThreadHierarchicalTestExecutorService.invokeAll(SameThreadHierarchicalTestExecutorService.java:41) ~[junit-platform-engine-1.10.1.jar:1.10.1]
	at org.junit.platform.engine.support.hierarchical.NodeTestTask.lambda$executeRecursively$6(NodeTestTask.java:155) ~[junit-platform-engine-1.10.1.jar:1.10.1]
	at org.junit.platform.engine.support.hierarchical.ThrowableCollector.execute(ThrowableCollector.java:73) ~[junit-platform-engine-1.10.1.jar:1.10.1]
	at org.junit.platform.engine.support.hierarchical.NodeTestTask.lambda$executeRecursively$8(NodeTestTask.java:141) ~[junit-platform-engine-1.10.1.jar:1.10.1]
	at org.junit.platform.engine.support.hierarchical.Node.around(Node.java:137) ~[junit-platform-engine-1.10.1.jar:1.10.1]
	at org.junit.platform.engine.support.hierarchical.NodeTestTask.lambda$executeRecursively$9(NodeTestTask.java:139) ~[junit-platform-engine-1.10.1.jar:1.10.1]
	at org.junit.platform.engine.support.hierarchical.ThrowableCollector.execute(ThrowableCollector.java:73) ~[junit-platform-engine-1.10.1.jar:1.10.1]
	at org.junit.platform.engine.support.hierarchical.NodeTestTask.executeRecursively(NodeTestTask.java:138) ~[junit-platform-engine-1.10.1.jar:1.10.1]
	at org.junit.platform.engine.support.hierarchical.NodeTestTask.execute(NodeTestTask.java:95) ~[junit-platform-engine-1.10.1.jar:1.10.1]
	at java.base/java.util.ArrayList.forEach(ArrayList.java:1604) ~[na:na]
	at org.junit.platform.engine.support.hierarchical.SameThreadHierarchicalTestExecutorService.invokeAll(SameThreadHierarchicalTestExecutorService.java:41) ~[junit-platform-engine-1.10.1.jar:1.10.1]
	at org.junit.platform.engine.support.hierarchical.NodeTestTask.lambda$executeRecursively$6(NodeTestTask.java:155) ~[junit-platform-engine-1.10.1.jar:1.10.1]
	at org.junit.platform.engine.support.hierarchical.ThrowableCollector.execute(ThrowableCollector.java:73) ~[junit-platform-engine-1.10.1.jar:1.10.1]
	at org.junit.platform.engine.support.hierarchical.NodeTestTask.lambda$executeRecursively$8(NodeTestTask.java:141) ~[junit-platform-engine-1.10.1.jar:1.10.1]
	at org.junit.platform.engine.support.hierarchical.Node.around(Node.java:137) ~[junit-platform-engine-1.10.1.jar:1.10.1]
	at org.junit.platform.engine.support.hierarchical.NodeTestTask.lambda$executeRecursively$9(NodeTestTask.java:139) ~[junit-platform-engine-1.10.1.jar:1.10.1]
	at org.junit.platform.engine.support.hierarchical.ThrowableCollector.execute(ThrowableCollector.java:73) ~[junit-platform-engine-1.10.1.jar:1.10.1]
	at org.junit.platform.engine.support.hierarchical.NodeTestTask.executeRecursively(NodeTestTask.java:138) ~[junit-platform-engine-1.10.1.jar:1.10.1]
	at org.junit.platform.engine.support.hierarchical.NodeTestTask.execute(NodeTestTask.java:95) ~[junit-platform-engine-1.10.1.jar:1.10.1]
	at org.junit.platform.engine.support.hierarchical.SameThreadHierarchicalTestExecutorService.submit(SameThreadHierarchicalTestExecutorService.java:35) ~[junit-platform-engine-1.10.1.jar:1.10.1]
	at org.junit.platform.engine.support.hierarchical.HierarchicalTestExecutor.execute(HierarchicalTestExecutor.java:57) ~[junit-platform-engine-1.10.1.jar:1.10.1]
	at org.junit.platform.engine.support.hierarchical.HierarchicalTestEngine.execute(HierarchicalTestEngine.java:54) ~[junit-platform-engine-1.10.1.jar:1.10.1]
	at org.junit.platform.launcher.core.EngineExecutionOrchestrator.execute(EngineExecutionOrchestrator.java:198) ~[junit-platform-launcher-1.10.1.jar:1.10.1]
	at org.junit.platform.launcher.core.EngineExecutionOrchestrator.execute(EngineExecutionOrchestrator.java:169) ~[junit-platform-launcher-1.10.1.jar:1.10.1]
	at org.junit.platform.launcher.core.EngineExecutionOrchestrator.execute(EngineExecutionOrchestrator.java:93) ~[junit-platform-launcher-1.10.1.jar:1.10.1]
	at org.junit.platform.launcher.core.EngineExecutionOrchestrator.lambda$execute$0(EngineExecutionOrchestrator.java:58) ~[junit-platform-launcher-1.10.1.jar:1.10.1]
	at org.junit.platform.launcher.core.EngineExecutionOrchestrator.withInterceptedStreams(EngineExecutionOrchestrator.java:141) ~[junit-platform-launcher-1.10.1.jar:1.10.1]
	at org.junit.platform.launcher.core.EngineExecutionOrchestrator.execute(EngineExecutionOrchestrator.java:57) ~[junit-platform-launcher-1.10.1.jar:1.10.1]
	at org.junit.platform.launcher.core.DefaultLauncher.execute(DefaultLauncher.java:103) ~[junit-platform-launcher-1.10.1.jar:1.10.1]
	at org.junit.platform.launcher.core.DefaultLauncher.execute(DefaultLauncher.java:85) ~[junit-platform-launcher-1.10.1.jar:1.10.1]
	at org.junit.platform.launcher.core.DelegatingLauncher.execute(DelegatingLauncher.java:47) ~[junit-platform-launcher-1.10.1.jar:1.10.1]
	at org.apache.maven.surefire.junitplatform.LazyLauncher.execute(LazyLauncher.java:56) ~[surefire-junit-platform-3.1.2.jar:3.1.2]
	at org.apache.maven.surefire.junitplatform.JUnitPlatformProvider.execute(JUnitPlatformProvider.java:184) ~[surefire-junit-platform-3.1.2.jar:3.1.2]
	at org.apache.maven.surefire.junitplatform.JUnitPlatformProvider.invokeAllTests(JUnitPlatformProvider.java:148) ~[surefire-junit-platform-3.1.2.jar:3.1.2]
	at org.apache.maven.surefire.junitplatform.JUnitPlatformProvider.invoke(JUnitPlatformProvider.java:122) ~[surefire-junit-platform-3.1.2.jar:3.1.2]
	at org.apache.maven.surefire.booter.ForkedBooter.runSuitesInProcess(ForkedBooter.java:385) ~[surefire-booter-3.1.2.jar:3.1.2]
	at org.apache.maven.surefire.booter.ForkedBooter.execute(ForkedBooter.java:162) ~[surefire-booter-3.1.2.jar:3.1.2]
	at org.apache.maven.surefire.booter.ForkedBooter.run(ForkedBooter.java:507) ~[surefire-booter-3.1.2.jar:3.1.2]
	at org.apache.maven.surefire.booter.ForkedBooter.main(ForkedBooter.java:495) ~[surefire-booter-3.1.2.jar:3.1.2]

2025-10-13T13:36:42.561+02:00  WARN 80616 --- [hexagonal-app] [           main] c.t.a.core.importer.ClassFileProcessor   : Error during import from jrt:/java.base/java/lang/AutoCloseable.class, falling back to simple import

java.lang.IllegalArgumentException: Unsupported class file major version 69
	at com.tngtech.archunit.thirdparty.org.objectweb.asm.ClassReader.<init>(ClassReader.java:200) ~[archunit-1.3.0.jar:1.3.0]
	at com.tngtech.archunit.thirdparty.org.objectweb.asm.ClassReader.<init>(ClassReader.java:180) ~[archunit-1.3.0.jar:1.3.0]
	at com.tngtech.archunit.thirdparty.org.objectweb.asm.ClassReader.<init>(ClassReader.java:166) ~[archunit-1.3.0.jar:1.3.0]
	at com.tngtech.archunit.thirdparty.org.objectweb.asm.ClassReader.<init>(ClassReader.java:288) ~[archunit-1.3.0.jar:1.3.0]
	at com.tngtech.archunit.core.importer.ClassFileProcessor$UriImporterOfProcessor.tryImport(ClassFileProcessor.java:350) ~[archunit-1.3.0.jar:1.3.0]
	at com.tngtech.archunit.core.importer.resolvers.ClassResolverFromClasspath.tryResolve(ClassResolverFromClasspath.java:51) ~[archunit-1.3.0.jar:1.3.0]
	at com.tngtech.archunit.core.importer.ImportedClasses.resolve(ImportedClasses.java:80) ~[archunit-1.3.0.jar:1.3.0]
	at com.tngtech.archunit.core.importer.ImportedClasses.ensurePresent(ImportedClasses.java:75) ~[archunit-1.3.0.jar:1.3.0]
	at com.tngtech.archunit.core.importer.DependencyResolutionProcess.executeRun(DependencyResolutionProcess.java:146) ~[archunit-1.3.0.jar:1.3.0]
	at com.tngtech.archunit.core.importer.DependencyResolutionProcess.resolve(DependencyResolutionProcess.java:122) ~[archunit-1.3.0.jar:1.3.0]
	at com.tngtech.archunit.core.importer.ClassGraphCreator.complete(ClassGraphCreator.java:107) ~[archunit-1.3.0.jar:1.3.0]
	at com.tngtech.archunit.core.importer.ClassFileProcessor.process(ClassFileProcessor.java:75) ~[archunit-1.3.0.jar:1.3.0]
	at com.tngtech.archunit.core.importer.ClassFileImporter.importLocations(ClassFileImporter.java:325) ~[archunit-1.3.0.jar:1.3.0]
	at com.tngtech.archunit.junit.internal.ClassCache$CacheClassFileImporter.importClasses(ClassCache.java:126) ~[archunit-junit5-engine-1.3.0.jar:1.3.0]
	at com.tngtech.archunit.junit.internal.ClassCache$LazyJavaClasses.initialize(ClassCache.java:118) ~[archunit-junit5-engine-1.3.0.jar:1.3.0]
	at com.tngtech.archunit.junit.internal.ClassCache$LazyJavaClasses.get(ClassCache.java:107) ~[archunit-junit5-engine-1.3.0.jar:1.3.0]
	at com.tngtech.archunit.junit.internal.ClassCache.getClassesToAnalyzeFor(ClassCache.java:84) ~[archunit-junit5-engine-1.3.0.jar:1.3.0]
	at com.tngtech.archunit.junit.internal.ArchUnitTestDescriptor.lambda$createChildren$1(ArchUnitTestDescriptor.java:90) ~[archunit-junit5-engine-1.3.0.jar:1.3.0]
	at com.tngtech.archunit.junit.internal.ArchUnitTestDescriptor$ArchUnitRuleDescriptor.execute(ArchUnitTestDescriptor.java:167) ~[archunit-junit5-engine-1.3.0.jar:1.3.0]
	at com.tngtech.archunit.junit.internal.ArchUnitTestDescriptor$ArchUnitRuleDescriptor.execute(ArchUnitTestDescriptor.java:150) ~[archunit-junit5-engine-1.3.0.jar:1.3.0]
	at org.junit.platform.engine.support.hierarchical.NodeTestTask.lambda$executeRecursively$6(NodeTestTask.java:151) ~[junit-platform-engine-1.10.1.jar:1.10.1]
	at org.junit.platform.engine.support.hierarchical.ThrowableCollector.execute(ThrowableCollector.java:73) ~[junit-platform-engine-1.10.1.jar:1.10.1]
	at org.junit.platform.engine.support.hierarchical.NodeTestTask.lambda$executeRecursively$8(NodeTestTask.java:141) ~[junit-platform-engine-1.10.1.jar:1.10.1]
	at org.junit.platform.engine.support.hierarchical.Node.around(Node.java:137) ~[junit-platform-engine-1.10.1.jar:1.10.1]
	at org.junit.platform.engine.support.hierarchical.NodeTestTask.lambda$executeRecursively$9(NodeTestTask.java:139) ~[junit-platform-engine-1.10.1.jar:1.10.1]
	at org.junit.platform.engine.support.hierarchical.ThrowableCollector.execute(ThrowableCollector.java:73) ~[junit-platform-engine-1.10.1.jar:1.10.1]
	at org.junit.platform.engine.support.hierarchical.NodeTestTask.executeRecursively(NodeTestTask.java:138) ~[junit-platform-engine-1.10.1.jar:1.10.1]
	at org.junit.platform.engine.support.hierarchical.NodeTestTask.execute(NodeTestTask.java:95) ~[junit-platform-engine-1.10.1.jar:1.10.1]
	at java.base/java.util.ArrayList.forEach(ArrayList.java:1604) ~[na:na]
	at org.junit.platform.engine.support.hierarchical.SameThreadHierarchicalTestExecutorService.invokeAll(SameThreadHierarchicalTestExecutorService.java:41) ~[junit-platform-engine-1.10.1.jar:1.10.1]
	at org.junit.platform.engine.support.hierarchical.NodeTestTask.lambda$executeRecursively$6(NodeTestTask.java:155) ~[junit-platform-engine-1.10.1.jar:1.10.1]
	at org.junit.platform.engine.support.hierarchical.ThrowableCollector.execute(ThrowableCollector.java:73) ~[junit-platform-engine-1.10.1.jar:1.10.1]
	at org.junit.platform.engine.support.hierarchical.NodeTestTask.lambda$executeRecursively$8(NodeTestTask.java:141) ~[junit-platform-engine-1.10.1.jar:1.10.1]
	at org.junit.platform.engine.support.hierarchical.Node.around(Node.java:137) ~[junit-platform-engine-1.10.1.jar:1.10.1]
	at org.junit.platform.engine.support.hierarchical.NodeTestTask.lambda$executeRecursively$9(NodeTestTask.java:139) ~[junit-platform-engine-1.10.1.jar:1.10.1]
	at org.junit.platform.engine.support.hierarchical.ThrowableCollector.execute(ThrowableCollector.java:73) ~[junit-platform-engine-1.10.1.jar:1.10.1]
	at org.junit.platform.engine.support.hierarchical.NodeTestTask.executeRecursively(NodeTestTask.java:138) ~[junit-platform-engine-1.10.1.jar:1.10.1]
	at org.junit.platform.engine.support.hierarchical.NodeTestTask.execute(NodeTestTask.java:95) ~[junit-platform-engine-1.10.1.jar:1.10.1]
	at java.base/java.util.ArrayList.forEach(ArrayList.java:1604) ~[na:na]
	at org.junit.platform.engine.support.hierarchical.SameThreadHierarchicalTestExecutorService.invokeAll(SameThreadHierarchicalTestExecutorService.java:41) ~[junit-platform-engine-1.10.1.jar:1.10.1]
	at org.junit.platform.engine.support.hierarchical.NodeTestTask.lambda$executeRecursively$6(NodeTestTask.java:155) ~[junit-platform-engine-1.10.1.jar:1.10.1]
	at org.junit.platform.engine.support.hierarchical.ThrowableCollector.execute(ThrowableCollector.java:73) ~[junit-platform-engine-1.10.1.jar:1.10.1]
	at org.junit.platform.engine.support.hierarchical.NodeTestTask.lambda$executeRecursively$8(NodeTestTask.java:141) ~[junit-platform-engine-1.10.1.jar:1.10.1]
	at org.junit.platform.engine.support.hierarchical.Node.around(Node.java:137) ~[junit-platform-engine-1.10.1.jar:1.10.1]
	at org.junit.platform.engine.support.hierarchical.NodeTestTask.lambda$executeRecursively$9(NodeTestTask.java:139) ~[junit-platform-engine-1.10.1.jar:1.10.1]
	at org.junit.platform.engine.support.hierarchical.ThrowableCollector.execute(ThrowableCollector.java:73) ~[junit-platform-engine-1.10.1.jar:1.10.1]
	at org.junit.platform.engine.support.hierarchical.NodeTestTask.executeRecursively(NodeTestTask.java:138) ~[junit-platform-engine-1.10.1.jar:1.10.1]
	at org.junit.platform.engine.support.hierarchical.NodeTestTask.execute(NodeTestTask.java:95) ~[junit-platform-engine-1.10.1.jar:1.10.1]
	at org.junit.platform.engine.support.hierarchical.SameThreadHierarchicalTestExecutorService.submit(SameThreadHierarchicalTestExecutorService.java:35) ~[junit-platform-engine-1.10.1.jar:1.10.1]
	at org.junit.platform.engine.support.hierarchical.HierarchicalTestExecutor.execute(HierarchicalTestExecutor.java:57) ~[junit-platform-engine-1.10.1.jar:1.10.1]
	at org.junit.platform.engine.support.hierarchical.HierarchicalTestEngine.execute(HierarchicalTestEngine.java:54) ~[junit-platform-engine-1.10.1.jar:1.10.1]
	at org.junit.platform.launcher.core.EngineExecutionOrchestrator.execute(EngineExecutionOrchestrator.java:198) ~[junit-platform-launcher-1.10.1.jar:1.10.1]
	at org.junit.platform.launcher.core.EngineExecutionOrchestrator.execute(EngineExecutionOrchestrator.java:169) ~[junit-platform-launcher-1.10.1.jar:1.10.1]
	at org.junit.platform.launcher.core.EngineExecutionOrchestrator.execute(EngineExecutionOrchestrator.java:93) ~[junit-platform-launcher-1.10.1.jar:1.10.1]
	at org.junit.platform.launcher.core.EngineExecutionOrchestrator.lambda$execute$0(EngineExecutionOrchestrator.java:58) ~[junit-platform-launcher-1.10.1.jar:1.10.1]
	at org.junit.platform.launcher.core.EngineExecutionOrchestrator.withInterceptedStreams(EngineExecutionOrchestrator.java:141) ~[junit-platform-launcher-1.10.1.jar:1.10.1]
	at org.junit.platform.launcher.core.EngineExecutionOrchestrator.execute(EngineExecutionOrchestrator.java:57) ~[junit-platform-launcher-1.10.1.jar:1.10.1]
	at org.junit.platform.launcher.core.DefaultLauncher.execute(DefaultLauncher.java:103) ~[junit-platform-launcher-1.10.1.jar:1.10.1]
	at org.junit.platform.launcher.core.DefaultLauncher.execute(DefaultLauncher.java:85) ~[junit-platform-launcher-1.10.1.jar:1.10.1]
	at org.junit.platform.launcher.core.DelegatingLauncher.execute(DelegatingLauncher.java:47) ~[junit-platform-launcher-1.10.1.jar:1.10.1]
	at org.apache.maven.surefire.junitplatform.LazyLauncher.execute(LazyLauncher.java:56) ~[surefire-junit-platform-3.1.2.jar:3.1.2]
	at org.apache.maven.surefire.junitplatform.JUnitPlatformProvider.execute(JUnitPlatformProvider.java:184) ~[surefire-junit-platform-3.1.2.jar:3.1.2]
	at org.apache.maven.surefire.junitplatform.JUnitPlatformProvider.invokeAllTests(JUnitPlatformProvider.java:148) ~[surefire-junit-platform-3.1.2.jar:3.1.2]
	at org.apache.maven.surefire.junitplatform.JUnitPlatformProvider.invoke(JUnitPlatformProvider.java:122) ~[surefire-junit-platform-3.1.2.jar:3.1.2]
	at org.apache.maven.surefire.booter.ForkedBooter.runSuitesInProcess(ForkedBooter.java:385) ~[surefire-booter-3.1.2.jar:3.1.2]
	at org.apache.maven.surefire.booter.ForkedBooter.execute(ForkedBooter.java:162) ~[surefire-booter-3.1.2.jar:3.1.2]
	at org.apache.maven.surefire.booter.ForkedBooter.run(ForkedBooter.java:507) ~[surefire-booter-3.1.2.jar:3.1.2]
	at org.apache.maven.surefire.booter.ForkedBooter.main(ForkedBooter.java:495) ~[surefire-booter-3.1.2.jar:3.1.2]

2025-10-13T13:36:42.574+02:00  WARN 80616 --- [hexagonal-app] [           main] c.t.a.core.importer.ClassFileProcessor   : Error during import from jrt:/java.base/java/io/IOException.class, falling back to simple import

java.lang.IllegalArgumentException: Unsupported class file major version 69
	at com.tngtech.archunit.thirdparty.org.objectweb.asm.ClassReader.<init>(ClassReader.java:200) ~[archunit-1.3.0.jar:1.3.0]
	at com.tngtech.archunit.thirdparty.org.objectweb.asm.ClassReader.<init>(ClassReader.java:180) ~[archunit-1.3.0.jar:1.3.0]
	at com.tngtech.archunit.thirdparty.org.objectweb.asm.ClassReader.<init>(ClassReader.java:166) ~[archunit-1.3.0.jar:1.3.0]
	at com.tngtech.archunit.thirdparty.org.objectweb.asm.ClassReader.<init>(ClassReader.java:288) ~[archunit-1.3.0.jar:1.3.0]
	at com.tngtech.archunit.core.importer.ClassFileProcessor$UriImporterOfProcessor.tryImport(ClassFileProcessor.java:350) ~[archunit-1.3.0.jar:1.3.0]
	at com.tngtech.archunit.core.importer.resolvers.ClassResolverFromClasspath.tryResolve(ClassResolverFromClasspath.java:51) ~[archunit-1.3.0.jar:1.3.0]
	at com.tngtech.archunit.core.importer.ImportedClasses.resolve(ImportedClasses.java:80) ~[archunit-1.3.0.jar:1.3.0]
	at com.tngtech.archunit.core.importer.ImportedClasses.getOrResolve(ImportedClasses.java:67) ~[archunit-1.3.0.jar:1.3.0]
	at com.tngtech.archunit.core.importer.DomainBuilders$JavaMemberBuilder.get(DomainBuilders.java:179) ~[archunit-1.3.0.jar:1.3.0]
	at com.tngtech.archunit.core.importer.DomainBuilders$JavaCodeUnitBuilder.asJavaClasses(DomainBuilders.java:329) ~[archunit-1.3.0.jar:1.3.0]
	at com.tngtech.archunit.core.importer.DomainBuilders$JavaCodeUnitBuilder.getThrowsClause(DomainBuilders.java:323) ~[archunit-1.3.0.jar:1.3.0]
	at com.tngtech.archunit.core.domain.JavaMethod.<init>(JavaMethod.java:45) ~[archunit-1.3.0.jar:1.3.0]
	at com.tngtech.archunit.core.domain.DomainObjectCreationContext.createJavaMethod(DomainObjectCreationContext.java:144) ~[archunit-1.3.0.jar:1.3.0]
	at com.tngtech.archunit.core.importer.DomainBuilders$JavaMethodBuilder.construct(DomainBuilders.java:373) ~[archunit-1.3.0.jar:1.3.0]
	at com.tngtech.archunit.core.importer.DomainBuilders$JavaMethodBuilder.construct(DomainBuilders.java:358) ~[archunit-1.3.0.jar:1.3.0]
	at com.tngtech.archunit.core.importer.DomainBuilders$JavaMemberBuilder.build(DomainBuilders.java:206) ~[archunit-1.3.0.jar:1.3.0]
	at com.tngtech.archunit.core.importer.DomainBuilders$JavaMemberBuilder.build(DomainBuilders.java:138) ~[archunit-1.3.0.jar:1.3.0]
	at com.tngtech.archunit.core.importer.DomainBuilders$BuilderWithBuildParameter$BuildFinisher.lambda$build$0(DomainBuilders.java:892) ~[archunit-1.3.0.jar:1.3.0]
	at java.base/java.util.stream.ReferencePipeline$3$1.accept(ReferencePipeline.java:214) ~[na:na]
	at java.base/java.util.stream.ReferencePipeline$2$1.accept(ReferencePipeline.java:197) ~[na:na]
	at java.base/java.util.HashMap$KeySpliterator.forEachRemaining(HashMap.java:1716) ~[na:na]
	at java.base/java.util.stream.AbstractPipeline.copyInto(AbstractPipeline.java:570) ~[na:na]
	at java.base/java.util.stream.AbstractPipeline.wrapAndCopyInto(AbstractPipeline.java:560) ~[na:na]
	at java.base/java.util.stream.ReduceOps$ReduceOp.evaluateSequential(ReduceOps.java:921) ~[na:na]
	at java.base/java.util.stream.AbstractPipeline.evaluate(AbstractPipeline.java:265) ~[na:na]
	at java.base/java.util.stream.ReferencePipeline.collect(ReferencePipeline.java:723) ~[na:na]
	at com.tngtech.archunit.core.importer.DomainBuilders$BuilderWithBuildParameter$BuildFinisher.build(DomainBuilders.java:892) ~[archunit-1.3.0.jar:1.3.0]
	at com.tngtech.archunit.core.importer.ClassGraphCreator.createMethods(ClassGraphCreator.java:322) ~[archunit-1.3.0.jar:1.3.0]
	at com.tngtech.archunit.core.domain.JavaClassMembers.create(JavaClassMembers.java:352) ~[archunit-1.3.0.jar:1.3.0]
	at com.tngtech.archunit.core.domain.JavaClass.completeMembers(JavaClass.java:1477) ~[archunit-1.3.0.jar:1.3.0]
	at com.tngtech.archunit.core.domain.DomainObjectCreationContext.completeMembers(DomainObjectCreationContext.java:96) ~[archunit-1.3.0.jar:1.3.0]
	at com.tngtech.archunit.core.importer.ClassGraphCreator.completeClasses(ClassGraphCreator.java:120) ~[archunit-1.3.0.jar:1.3.0]
	at com.tngtech.archunit.core.importer.ClassGraphCreator.complete(ClassGraphCreator.java:108) ~[archunit-1.3.0.jar:1.3.0]
	at com.tngtech.archunit.core.importer.ClassFileProcessor.process(ClassFileProcessor.java:75) ~[archunit-1.3.0.jar:1.3.0]
	at com.tngtech.archunit.core.importer.ClassFileImporter.importLocations(ClassFileImporter.java:325) ~[archunit-1.3.0.jar:1.3.0]
	at com.tngtech.archunit.junit.internal.ClassCache$CacheClassFileImporter.importClasses(ClassCache.java:126) ~[archunit-junit5-engine-1.3.0.jar:1.3.0]
	at com.tngtech.archunit.junit.internal.ClassCache$LazyJavaClasses.initialize(ClassCache.java:118) ~[archunit-junit5-engine-1.3.0.jar:1.3.0]
	at com.tngtech.archunit.junit.internal.ClassCache$LazyJavaClasses.get(ClassCache.java:107) ~[archunit-junit5-engine-1.3.0.jar:1.3.0]
	at com.tngtech.archunit.junit.internal.ClassCache.getClassesToAnalyzeFor(ClassCache.java:84) ~[archunit-junit5-engine-1.3.0.jar:1.3.0]
	at com.tngtech.archunit.junit.internal.ArchUnitTestDescriptor.lambda$createChildren$1(ArchUnitTestDescriptor.java:90) ~[archunit-junit5-engine-1.3.0.jar:1.3.0]
	at com.tngtech.archunit.junit.internal.ArchUnitTestDescriptor$ArchUnitRuleDescriptor.execute(ArchUnitTestDescriptor.java:167) ~[archunit-junit5-engine-1.3.0.jar:1.3.0]
	at com.tngtech.archunit.junit.internal.ArchUnitTestDescriptor$ArchUnitRuleDescriptor.execute(ArchUnitTestDescriptor.java:150) ~[archunit-junit5-engine-1.3.0.jar:1.3.0]
	at org.junit.platform.engine.support.hierarchical.NodeTestTask.lambda$executeRecursively$6(NodeTestTask.java:151) ~[junit-platform-engine-1.10.1.jar:1.10.1]
	at org.junit.platform.engine.support.hierarchical.ThrowableCollector.execute(ThrowableCollector.java:73) ~[junit-platform-engine-1.10.1.jar:1.10.1]
	at org.junit.platform.engine.support.hierarchical.NodeTestTask.lambda$executeRecursively$8(NodeTestTask.java:141) ~[junit-platform-engine-1.10.1.jar:1.10.1]
	at org.junit.platform.engine.support.hierarchical.Node.around(Node.java:137) ~[junit-platform-engine-1.10.1.jar:1.10.1]
	at org.junit.platform.engine.support.hierarchical.NodeTestTask.lambda$executeRecursively$9(NodeTestTask.java:139) ~[junit-platform-engine-1.10.1.jar:1.10.1]
	at org.junit.platform.engine.support.hierarchical.ThrowableCollector.execute(ThrowableCollector.java:73) ~[junit-platform-engine-1.10.1.jar:1.10.1]
	at org.junit.platform.engine.support.hierarchical.NodeTestTask.executeRecursively(NodeTestTask.java:138) ~[junit-platform-engine-1.10.1.jar:1.10.1]
	at org.junit.platform.engine.support.hierarchical.NodeTestTask.execute(NodeTestTask.java:95) ~[junit-platform-engine-1.10.1.jar:1.10.1]
	at java.base/java.util.ArrayList.forEach(ArrayList.java:1604) ~[na:na]
	at org.junit.platform.engine.support.hierarchical.SameThreadHierarchicalTestExecutorService.invokeAll(SameThreadHierarchicalTestExecutorService.java:41) ~[junit-platform-engine-1.10.1.jar:1.10.1]
	at org.junit.platform.engine.support.hierarchical.NodeTestTask.lambda$executeRecursively$6(NodeTestTask.java:155) ~[junit-platform-engine-1.10.1.jar:1.10.1]
	at org.junit.platform.engine.support.hierarchical.ThrowableCollector.execute(ThrowableCollector.java:73) ~[junit-platform-engine-1.10.1.jar:1.10.1]
	at org.junit.platform.engine.support.hierarchical.NodeTestTask.lambda$executeRecursively$8(NodeTestTask.java:141) ~[junit-platform-engine-1.10.1.jar:1.10.1]
	at org.junit.platform.engine.support.hierarchical.Node.around(Node.java:137) ~[junit-platform-engine-1.10.1.jar:1.10.1]
	at org.junit.platform.engine.support.hierarchical.NodeTestTask.lambda$executeRecursively$9(NodeTestTask.java:139) ~[junit-platform-engine-1.10.1.jar:1.10.1]
	at org.junit.platform.engine.support.hierarchical.ThrowableCollector.execute(ThrowableCollector.java:73) ~[junit-platform-engine-1.10.1.jar:1.10.1]
	at org.junit.platform.engine.support.hierarchical.NodeTestTask.executeRecursively(NodeTestTask.java:138) ~[junit-platform-engine-1.10.1.jar:1.10.1]
	at org.junit.platform.engine.support.hierarchical.NodeTestTask.execute(NodeTestTask.java:95) ~[junit-platform-engine-1.10.1.jar:1.10.1]
	at java.base/java.util.ArrayList.forEach(ArrayList.java:1604) ~[na:na]
	at org.junit.platform.engine.support.hierarchical.SameThreadHierarchicalTestExecutorService.invokeAll(SameThreadHierarchicalTestExecutorService.java:41) ~[junit-platform-engine-1.10.1.jar:1.10.1]
	at org.junit.platform.engine.support.hierarchical.NodeTestTask.lambda$executeRecursively$6(NodeTestTask.java:155) ~[junit-platform-engine-1.10.1.jar:1.10.1]
	at org.junit.platform.engine.support.hierarchical.ThrowableCollector.execute(ThrowableCollector.java:73) ~[junit-platform-engine-1.10.1.jar:1.10.1]
	at org.junit.platform.engine.support.hierarchical.NodeTestTask.lambda$executeRecursively$8(NodeTestTask.java:141) ~[junit-platform-engine-1.10.1.jar:1.10.1]
	at org.junit.platform.engine.support.hierarchical.Node.around(Node.java:137) ~[junit-platform-engine-1.10.1.jar:1.10.1]
	at org.junit.platform.engine.support.hierarchical.NodeTestTask.lambda$executeRecursively$9(NodeTestTask.java:139) ~[junit-platform-engine-1.10.1.jar:1.10.1]
	at org.junit.platform.engine.support.hierarchical.ThrowableCollector.execute(ThrowableCollector.java:73) ~[junit-platform-engine-1.10.1.jar:1.10.1]
	at org.junit.platform.engine.support.hierarchical.NodeTestTask.executeRecursively(NodeTestTask.java:138) ~[junit-platform-engine-1.10.1.jar:1.10.1]
	at org.junit.platform.engine.support.hierarchical.NodeTestTask.execute(NodeTestTask.java:95) ~[junit-platform-engine-1.10.1.jar:1.10.1]
	at org.junit.platform.engine.support.hierarchical.SameThreadHierarchicalTestExecutorService.submit(SameThreadHierarchicalTestExecutorService.java:35) ~[junit-platform-engine-1.10.1.jar:1.10.1]
	at org.junit.platform.engine.support.hierarchical.HierarchicalTestExecutor.execute(HierarchicalTestExecutor.java:57) ~[junit-platform-engine-1.10.1.jar:1.10.1]
	at org.junit.platform.engine.support.hierarchical.HierarchicalTestEngine.execute(HierarchicalTestEngine.java:54) ~[junit-platform-engine-1.10.1.jar:1.10.1]
	at org.junit.platform.launcher.core.EngineExecutionOrchestrator.execute(EngineExecutionOrchestrator.java:198) ~[junit-platform-launcher-1.10.1.jar:1.10.1]
	at org.junit.platform.launcher.core.EngineExecutionOrchestrator.execute(EngineExecutionOrchestrator.java:169) ~[junit-platform-launcher-1.10.1.jar:1.10.1]
	at org.junit.platform.launcher.core.EngineExecutionOrchestrator.execute(EngineExecutionOrchestrator.java:93) ~[junit-platform-launcher-1.10.1.jar:1.10.1]
	at org.junit.platform.launcher.core.EngineExecutionOrchestrator.lambda$execute$0(EngineExecutionOrchestrator.java:58) ~[junit-platform-launcher-1.10.1.jar:1.10.1]
	at org.junit.platform.launcher.core.EngineExecutionOrchestrator.withInterceptedStreams(EngineExecutionOrchestrator.java:141) ~[junit-platform-launcher-1.10.1.jar:1.10.1]
	at org.junit.platform.launcher.core.EngineExecutionOrchestrator.execute(EngineExecutionOrchestrator.java:57) ~[junit-platform-launcher-1.10.1.jar:1.10.1]
	at org.junit.platform.launcher.core.DefaultLauncher.execute(DefaultLauncher.java:103) ~[junit-platform-launcher-1.10.1.jar:1.10.1]
	at org.junit.platform.launcher.core.DefaultLauncher.execute(DefaultLauncher.java:85) ~[junit-platform-launcher-1.10.1.jar:1.10.1]
	at org.junit.platform.launcher.core.DelegatingLauncher.execute(DelegatingLauncher.java:47) ~[junit-platform-launcher-1.10.1.jar:1.10.1]
	at org.apache.maven.surefire.junitplatform.LazyLauncher.execute(LazyLauncher.java:56) ~[surefire-junit-platform-3.1.2.jar:3.1.2]
	at org.apache.maven.surefire.junitplatform.JUnitPlatformProvider.execute(JUnitPlatformProvider.java:184) ~[surefire-junit-platform-3.1.2.jar:3.1.2]
	at org.apache.maven.surefire.junitplatform.JUnitPlatformProvider.invokeAllTests(JUnitPlatformProvider.java:148) ~[surefire-junit-platform-3.1.2.jar:3.1.2]
	at org.apache.maven.surefire.junitplatform.JUnitPlatformProvider.invoke(JUnitPlatformProvider.java:122) ~[surefire-junit-platform-3.1.2.jar:3.1.2]
	at org.apache.maven.surefire.booter.ForkedBooter.runSuitesInProcess(ForkedBooter.java:385) ~[surefire-booter-3.1.2.jar:3.1.2]
	at org.apache.maven.surefire.booter.ForkedBooter.execute(ForkedBooter.java:162) ~[surefire-booter-3.1.2.jar:3.1.2]
	at org.apache.maven.surefire.booter.ForkedBooter.run(ForkedBooter.java:507) ~[surefire-booter-3.1.2.jar:3.1.2]
	at org.apache.maven.surefire.booter.ForkedBooter.main(ForkedBooter.java:495) ~[surefire-booter-3.1.2.jar:3.1.2]

2025-10-13T13:36:42.575+02:00  WARN 80616 --- [hexagonal-app] [           main] c.t.a.core.importer.ClassFileProcessor   : Error during import from jrt:/java.base/java/util/Iterator.class, falling back to simple import

java.lang.IllegalArgumentException: Unsupported class file major version 69
	at com.tngtech.archunit.thirdparty.org.objectweb.asm.ClassReader.<init>(ClassReader.java:200) ~[archunit-1.3.0.jar:1.3.0]
	at com.tngtech.archunit.thirdparty.org.objectweb.asm.ClassReader.<init>(ClassReader.java:180) ~[archunit-1.3.0.jar:1.3.0]
	at com.tngtech.archunit.thirdparty.org.objectweb.asm.ClassReader.<init>(ClassReader.java:166) ~[archunit-1.3.0.jar:1.3.0]
	at com.tngtech.archunit.thirdparty.org.objectweb.asm.ClassReader.<init>(ClassReader.java:288) ~[archunit-1.3.0.jar:1.3.0]
	at com.tngtech.archunit.core.importer.ClassFileProcessor$UriImporterOfProcessor.tryImport(ClassFileProcessor.java:350) ~[archunit-1.3.0.jar:1.3.0]
	at com.tngtech.archunit.core.importer.resolvers.ClassResolverFromClasspath.tryResolve(ClassResolverFromClasspath.java:51) ~[archunit-1.3.0.jar:1.3.0]
	at com.tngtech.archunit.core.importer.ImportedClasses.resolve(ImportedClasses.java:80) ~[archunit-1.3.0.jar:1.3.0]
	at com.tngtech.archunit.core.importer.ImportedClasses.getOrResolve(ImportedClasses.java:67) ~[archunit-1.3.0.jar:1.3.0]
	at com.tngtech.archunit.core.importer.DomainBuilders$JavaMemberBuilder.get(DomainBuilders.java:179) ~[archunit-1.3.0.jar:1.3.0]
	at com.tngtech.archunit.core.importer.DomainBuilders$JavaCodeUnitBuilder.getRawReturnType(DomainBuilders.java:289) ~[archunit-1.3.0.jar:1.3.0]
	at com.tngtech.archunit.core.domain.JavaCodeUnit$ReturnType.<init>(JavaCodeUnit.java:367) ~[archunit-1.3.0.jar:1.3.0]
	at com.tngtech.archunit.core.domain.JavaCodeUnit.<init>(JavaCodeUnit.java:81) ~[archunit-1.3.0.jar:1.3.0]
	at com.tngtech.archunit.core.domain.JavaMethod.<init>(JavaMethod.java:44) ~[archunit-1.3.0.jar:1.3.0]
	at com.tngtech.archunit.core.domain.DomainObjectCreationContext.createJavaMethod(DomainObjectCreationContext.java:144) ~[archunit-1.3.0.jar:1.3.0]
	at com.tngtech.archunit.core.importer.DomainBuilders$JavaMethodBuilder.construct(DomainBuilders.java:373) ~[archunit-1.3.0.jar:1.3.0]
	at com.tngtech.archunit.core.importer.DomainBuilders$JavaMethodBuilder.construct(DomainBuilders.java:358) ~[archunit-1.3.0.jar:1.3.0]
	at com.tngtech.archunit.core.importer.DomainBuilders$JavaMemberBuilder.build(DomainBuilders.java:206) ~[archunit-1.3.0.jar:1.3.0]
	at com.tngtech.archunit.core.importer.DomainBuilders$JavaMemberBuilder.build(DomainBuilders.java:138) ~[archunit-1.3.0.jar:1.3.0]
	at com.tngtech.archunit.core.importer.DomainBuilders$BuilderWithBuildParameter$BuildFinisher.lambda$build$0(DomainBuilders.java:892) ~[archunit-1.3.0.jar:1.3.0]
	at java.base/java.util.stream.ReferencePipeline$3$1.accept(ReferencePipeline.java:214) ~[na:na]
	at java.base/java.util.stream.ReferencePipeline$2$1.accept(ReferencePipeline.java:197) ~[na:na]
	at java.base/java.util.HashMap$KeySpliterator.forEachRemaining(HashMap.java:1716) ~[na:na]
	at java.base/java.util.stream.AbstractPipeline.copyInto(AbstractPipeline.java:570) ~[na:na]
	at java.base/java.util.stream.AbstractPipeline.wrapAndCopyInto(AbstractPipeline.java:560) ~[na:na]
	at java.base/java.util.stream.ReduceOps$ReduceOp.evaluateSequential(ReduceOps.java:921) ~[na:na]
	at java.base/java.util.stream.AbstractPipeline.evaluate(AbstractPipeline.java:265) ~[na:na]
	at java.base/java.util.stream.ReferencePipeline.collect(ReferencePipeline.java:723) ~[na:na]
	at com.tngtech.archunit.core.importer.DomainBuilders$BuilderWithBuildParameter$BuildFinisher.build(DomainBuilders.java:892) ~[archunit-1.3.0.jar:1.3.0]
	at com.tngtech.archunit.core.importer.ClassGraphCreator.createMethods(ClassGraphCreator.java:322) ~[archunit-1.3.0.jar:1.3.0]
	at com.tngtech.archunit.core.domain.JavaClassMembers.create(JavaClassMembers.java:352) ~[archunit-1.3.0.jar:1.3.0]
	at com.tngtech.archunit.core.domain.JavaClass.completeMembers(JavaClass.java:1477) ~[archunit-1.3.0.jar:1.3.0]
	at com.tngtech.archunit.core.domain.DomainObjectCreationContext.completeMembers(DomainObjectCreationContext.java:96) ~[archunit-1.3.0.jar:1.3.0]
	at com.tngtech.archunit.core.importer.ClassGraphCreator.completeClasses(ClassGraphCreator.java:120) ~[archunit-1.3.0.jar:1.3.0]
	at com.tngtech.archunit.core.importer.ClassGraphCreator.complete(ClassGraphCreator.java:108) ~[archunit-1.3.0.jar:1.3.0]
	at com.tngtech.archunit.core.importer.ClassFileProcessor.process(ClassFileProcessor.java:75) ~[archunit-1.3.0.jar:1.3.0]
	at com.tngtech.archunit.core.importer.ClassFileImporter.importLocations(ClassFileImporter.java:325) ~[archunit-1.3.0.jar:1.3.0]
	at com.tngtech.archunit.junit.internal.ClassCache$CacheClassFileImporter.importClasses(ClassCache.java:126) ~[archunit-junit5-engine-1.3.0.jar:1.3.0]
	at com.tngtech.archunit.junit.internal.ClassCache$LazyJavaClasses.initialize(ClassCache.java:118) ~[archunit-junit5-engine-1.3.0.jar:1.3.0]
	at com.tngtech.archunit.junit.internal.ClassCache$LazyJavaClasses.get(ClassCache.java:107) ~[archunit-junit5-engine-1.3.0.jar:1.3.0]
	at com.tngtech.archunit.junit.internal.ClassCache.getClassesToAnalyzeFor(ClassCache.java:84) ~[archunit-junit5-engine-1.3.0.jar:1.3.0]
	at com.tngtech.archunit.junit.internal.ArchUnitTestDescriptor.lambda$createChildren$1(ArchUnitTestDescriptor.java:90) ~[archunit-junit5-engine-1.3.0.jar:1.3.0]
	at com.tngtech.archunit.junit.internal.ArchUnitTestDescriptor$ArchUnitRuleDescriptor.execute(ArchUnitTestDescriptor.java:167) ~[archunit-junit5-engine-1.3.0.jar:1.3.0]
	at com.tngtech.archunit.junit.internal.ArchUnitTestDescriptor$ArchUnitRuleDescriptor.execute(ArchUnitTestDescriptor.java:150) ~[archunit-junit5-engine-1.3.0.jar:1.3.0]
	at org.junit.platform.engine.support.hierarchical.NodeTestTask.lambda$executeRecursively$6(NodeTestTask.java:151) ~[junit-platform-engine-1.10.1.jar:1.10.1]
	at org.junit.platform.engine.support.hierarchical.ThrowableCollector.execute(ThrowableCollector.java:73) ~[junit-platform-engine-1.10.1.jar:1.10.1]
	at org.junit.platform.engine.support.hierarchical.NodeTestTask.lambda$executeRecursively$8(NodeTestTask.java:141) ~[junit-platform-engine-1.10.1.jar:1.10.1]
	at org.junit.platform.engine.support.hierarchical.Node.around(Node.java:137) ~[junit-platform-engine-1.10.1.jar:1.10.1]
	at org.junit.platform.engine.support.hierarchical.NodeTestTask.lambda$executeRecursively$9(NodeTestTask.java:139) ~[junit-platform-engine-1.10.1.jar:1.10.1]
	at org.junit.platform.engine.support.hierarchical.ThrowableCollector.execute(ThrowableCollector.java:73) ~[junit-platform-engine-1.10.1.jar:1.10.1]
	at org.junit.platform.engine.support.hierarchical.NodeTestTask.executeRecursively(NodeTestTask.java:138) ~[junit-platform-engine-1.10.1.jar:1.10.1]
	at org.junit.platform.engine.support.hierarchical.NodeTestTask.execute(NodeTestTask.java:95) ~[junit-platform-engine-1.10.1.jar:1.10.1]
	at java.base/java.util.ArrayList.forEach(ArrayList.java:1604) ~[na:na]
	at org.junit.platform.engine.support.hierarchical.SameThreadHierarchicalTestExecutorService.invokeAll(SameThreadHierarchicalTestExecutorService.java:41) ~[junit-platform-engine-1.10.1.jar:1.10.1]
	at org.junit.platform.engine.support.hierarchical.NodeTestTask.lambda$executeRecursively$6(NodeTestTask.java:155) ~[junit-platform-engine-1.10.1.jar:1.10.1]
	at org.junit.platform.engine.support.hierarchical.ThrowableCollector.execute(ThrowableCollector.java:73) ~[junit-platform-engine-1.10.1.jar:1.10.1]
	at org.junit.platform.engine.support.hierarchical.NodeTestTask.lambda$executeRecursively$8(NodeTestTask.java:141) ~[junit-platform-engine-1.10.1.jar:1.10.1]
	at org.junit.platform.engine.support.hierarchical.Node.around(Node.java:137) ~[junit-platform-engine-1.10.1.jar:1.10.1]
	at org.junit.platform.engine.support.hierarchical.NodeTestTask.lambda$executeRecursively$9(NodeTestTask.java:139) ~[junit-platform-engine-1.10.1.jar:1.10.1]
	at org.junit.platform.engine.support.hierarchical.ThrowableCollector.execute(ThrowableCollector.java:73) ~[junit-platform-engine-1.10.1.jar:1.10.1]
	at org.junit.platform.engine.support.hierarchical.NodeTestTask.executeRecursively(NodeTestTask.java:138) ~[junit-platform-engine-1.10.1.jar:1.10.1]
	at org.junit.platform.engine.support.hierarchical.NodeTestTask.execute(NodeTestTask.java:95) ~[junit-platform-engine-1.10.1.jar:1.10.1]
	at java.base/java.util.ArrayList.forEach(ArrayList.java:1604) ~[na:na]
	at org.junit.platform.engine.support.hierarchical.SameThreadHierarchicalTestExecutorService.invokeAll(SameThreadHierarchicalTestExecutorService.java:41) ~[junit-platform-engine-1.10.1.jar:1.10.1]
	at org.junit.platform.engine.support.hierarchical.NodeTestTask.lambda$executeRecursively$6(NodeTestTask.java:155) ~[junit-platform-engine-1.10.1.jar:1.10.1]
	at org.junit.platform.engine.support.hierarchical.ThrowableCollector.execute(ThrowableCollector.java:73) ~[junit-platform-engine-1.10.1.jar:1.10.1]
	at org.junit.platform.engine.support.hierarchical.NodeTestTask.lambda$executeRecursively$8(NodeTestTask.java:141) ~[junit-platform-engine-1.10.1.jar:1.10.1]
	at org.junit.platform.engine.support.hierarchical.Node.around(Node.java:137) ~[junit-platform-engine-1.10.1.jar:1.10.1]
	at org.junit.platform.engine.support.hierarchical.NodeTestTask.lambda$executeRecursively$9(NodeTestTask.java:139) ~[junit-platform-engine-1.10.1.jar:1.10.1]
	at org.junit.platform.engine.support.hierarchical.ThrowableCollector.execute(ThrowableCollector.java:73) ~[junit-platform-engine-1.10.1.jar:1.10.1]
	at org.junit.platform.engine.support.hierarchical.NodeTestTask.executeRecursively(NodeTestTask.java:138) ~[junit-platform-engine-1.10.1.jar:1.10.1]
	at org.junit.platform.engine.support.hierarchical.NodeTestTask.execute(NodeTestTask.java:95) ~[junit-platform-engine-1.10.1.jar:1.10.1]
	at org.junit.platform.engine.support.hierarchical.SameThreadHierarchicalTestExecutorService.submit(SameThreadHierarchicalTestExecutorService.java:35) ~[junit-platform-engine-1.10.1.jar:1.10.1]
	at org.junit.platform.engine.support.hierarchical.HierarchicalTestExecutor.execute(HierarchicalTestExecutor.java:57) ~[junit-platform-engine-1.10.1.jar:1.10.1]
	at org.junit.platform.engine.support.hierarchical.HierarchicalTestEngine.execute(HierarchicalTestEngine.java:54) ~[junit-platform-engine-1.10.1.jar:1.10.1]
	at org.junit.platform.launcher.core.EngineExecutionOrchestrator.execute(EngineExecutionOrchestrator.java:198) ~[junit-platform-launcher-1.10.1.jar:1.10.1]
	at org.junit.platform.launcher.core.EngineExecutionOrchestrator.execute(EngineExecutionOrchestrator.java:169) ~[junit-platform-launcher-1.10.1.jar:1.10.1]
	at org.junit.platform.launcher.core.EngineExecutionOrchestrator.execute(EngineExecutionOrchestrator.java:93) ~[junit-platform-launcher-1.10.1.jar:1.10.1]
	at org.junit.platform.launcher.core.EngineExecutionOrchestrator.lambda$execute$0(EngineExecutionOrchestrator.java:58) ~[junit-platform-launcher-1.10.1.jar:1.10.1]
	at org.junit.platform.launcher.core.EngineExecutionOrchestrator.withInterceptedStreams(EngineExecutionOrchestrator.java:141) ~[junit-platform-launcher-1.10.1.jar:1.10.1]
	at org.junit.platform.launcher.core.EngineExecutionOrchestrator.execute(EngineExecutionOrchestrator.java:57) ~[junit-platform-launcher-1.10.1.jar:1.10.1]
	at org.junit.platform.launcher.core.DefaultLauncher.execute(DefaultLauncher.java:103) ~[junit-platform-launcher-1.10.1.jar:1.10.1]
	at org.junit.platform.launcher.core.DefaultLauncher.execute(DefaultLauncher.java:85) ~[junit-platform-launcher-1.10.1.jar:1.10.1]
	at org.junit.platform.launcher.core.DelegatingLauncher.execute(DelegatingLauncher.java:47) ~[junit-platform-launcher-1.10.1.jar:1.10.1]
	at org.apache.maven.surefire.junitplatform.LazyLauncher.execute(LazyLauncher.java:56) ~[surefire-junit-platform-3.1.2.jar:3.1.2]
	at org.apache.maven.surefire.junitplatform.JUnitPlatformProvider.execute(JUnitPlatformProvider.java:184) ~[surefire-junit-platform-3.1.2.jar:3.1.2]
	at org.apache.maven.surefire.junitplatform.JUnitPlatformProvider.invokeAllTests(JUnitPlatformProvider.java:148) ~[surefire-junit-platform-3.1.2.jar:3.1.2]
	at org.apache.maven.surefire.junitplatform.JUnitPlatformProvider.invoke(JUnitPlatformProvider.java:122) ~[surefire-junit-platform-3.1.2.jar:3.1.2]
	at org.apache.maven.surefire.booter.ForkedBooter.runSuitesInProcess(ForkedBooter.java:385) ~[surefire-booter-3.1.2.jar:3.1.2]
	at org.apache.maven.surefire.booter.ForkedBooter.execute(ForkedBooter.java:162) ~[surefire-booter-3.1.2.jar:3.1.2]
	at org.apache.maven.surefire.booter.ForkedBooter.run(ForkedBooter.java:507) ~[surefire-booter-3.1.2.jar:3.1.2]
	at org.apache.maven.surefire.booter.ForkedBooter.main(ForkedBooter.java:495) ~[surefire-booter-3.1.2.jar:3.1.2]

2025-10-13T13:36:42.579+02:00  WARN 80616 --- [hexagonal-app] [           main] c.t.a.core.importer.ClassFileProcessor   : Error during import from jrt:/java.base/java/lang/StringBuilder.class, falling back to simple import

java.lang.IllegalArgumentException: Unsupported class file major version 69
	at com.tngtech.archunit.thirdparty.org.objectweb.asm.ClassReader.<init>(ClassReader.java:200) ~[archunit-1.3.0.jar:1.3.0]
	at com.tngtech.archunit.thirdparty.org.objectweb.asm.ClassReader.<init>(ClassReader.java:180) ~[archunit-1.3.0.jar:1.3.0]
	at com.tngtech.archunit.thirdparty.org.objectweb.asm.ClassReader.<init>(ClassReader.java:166) ~[archunit-1.3.0.jar:1.3.0]
	at com.tngtech.archunit.thirdparty.org.objectweb.asm.ClassReader.<init>(ClassReader.java:288) ~[archunit-1.3.0.jar:1.3.0]
	at com.tngtech.archunit.core.importer.ClassFileProcessor$UriImporterOfProcessor.tryImport(ClassFileProcessor.java:350) ~[archunit-1.3.0.jar:1.3.0]
	at com.tngtech.archunit.core.importer.resolvers.ClassResolverFromClasspath.tryResolve(ClassResolverFromClasspath.java:51) ~[archunit-1.3.0.jar:1.3.0]
	at com.tngtech.archunit.core.importer.ImportedClasses.resolve(ImportedClasses.java:80) ~[archunit-1.3.0.jar:1.3.0]
	at com.tngtech.archunit.core.importer.ImportedClasses.getOrResolve(ImportedClasses.java:67) ~[archunit-1.3.0.jar:1.3.0]
	at com.tngtech.archunit.core.importer.DomainBuilders$JavaMemberBuilder.get(DomainBuilders.java:179) ~[archunit-1.3.0.jar:1.3.0]
	at com.tngtech.archunit.core.importer.DomainBuilders$JavaCodeUnitBuilder.getRawReturnType(DomainBuilders.java:289) ~[archunit-1.3.0.jar:1.3.0]
	at com.tngtech.archunit.core.domain.JavaCodeUnit$ReturnType.<init>(JavaCodeUnit.java:367) ~[archunit-1.3.0.jar:1.3.0]
	at com.tngtech.archunit.core.domain.JavaCodeUnit.<init>(JavaCodeUnit.java:81) ~[archunit-1.3.0.jar:1.3.0]
	at com.tngtech.archunit.core.domain.JavaMethod.<init>(JavaMethod.java:44) ~[archunit-1.3.0.jar:1.3.0]
	at com.tngtech.archunit.core.domain.DomainObjectCreationContext.createJavaMethod(DomainObjectCreationContext.java:144) ~[archunit-1.3.0.jar:1.3.0]
	at com.tngtech.archunit.core.importer.DomainBuilders$JavaMethodBuilder.construct(DomainBuilders.java:373) ~[archunit-1.3.0.jar:1.3.0]
	at com.tngtech.archunit.core.importer.DomainBuilders$JavaMethodBuilder.construct(DomainBuilders.java:358) ~[archunit-1.3.0.jar:1.3.0]
	at com.tngtech.archunit.core.importer.DomainBuilders$JavaMemberBuilder.build(DomainBuilders.java:206) ~[archunit-1.3.0.jar:1.3.0]
	at com.tngtech.archunit.core.importer.DomainBuilders$JavaMemberBuilder.build(DomainBuilders.java:138) ~[archunit-1.3.0.jar:1.3.0]
	at com.tngtech.archunit.core.importer.DomainBuilders$BuilderWithBuildParameter$BuildFinisher.lambda$build$0(DomainBuilders.java:892) ~[archunit-1.3.0.jar:1.3.0]
	at java.base/java.util.stream.ReferencePipeline$3$1.accept(ReferencePipeline.java:214) ~[na:na]
	at java.base/java.util.stream.ReferencePipeline$2$1.accept(ReferencePipeline.java:197) ~[na:na]
	at java.base/java.util.HashMap$KeySpliterator.forEachRemaining(HashMap.java:1716) ~[na:na]
	at java.base/java.util.stream.AbstractPipeline.copyInto(AbstractPipeline.java:570) ~[na:na]
	at java.base/java.util.stream.AbstractPipeline.wrapAndCopyInto(AbstractPipeline.java:560) ~[na:na]
	at java.base/java.util.stream.ReduceOps$ReduceOp.evaluateSequential(ReduceOps.java:921) ~[na:na]
	at java.base/java.util.stream.AbstractPipeline.evaluate(AbstractPipeline.java:265) ~[na:na]
	at java.base/java.util.stream.ReferencePipeline.collect(ReferencePipeline.java:723) ~[na:na]
	at com.tngtech.archunit.core.importer.DomainBuilders$BuilderWithBuildParameter$BuildFinisher.build(DomainBuilders.java:892) ~[archunit-1.3.0.jar:1.3.0]
	at com.tngtech.archunit.core.importer.ClassGraphCreator.createMethods(ClassGraphCreator.java:322) ~[archunit-1.3.0.jar:1.3.0]
	at com.tngtech.archunit.core.domain.JavaClassMembers.create(JavaClassMembers.java:352) ~[archunit-1.3.0.jar:1.3.0]
	at com.tngtech.archunit.core.domain.JavaClass.completeMembers(JavaClass.java:1477) ~[archunit-1.3.0.jar:1.3.0]
	at com.tngtech.archunit.core.domain.DomainObjectCreationContext.completeMembers(DomainObjectCreationContext.java:96) ~[archunit-1.3.0.jar:1.3.0]
	at com.tngtech.archunit.core.importer.ClassGraphCreator.completeClasses(ClassGraphCreator.java:120) ~[archunit-1.3.0.jar:1.3.0]
	at com.tngtech.archunit.core.importer.ClassGraphCreator.complete(ClassGraphCreator.java:108) ~[archunit-1.3.0.jar:1.3.0]
	at com.tngtech.archunit.core.importer.ClassFileProcessor.process(ClassFileProcessor.java:75) ~[archunit-1.3.0.jar:1.3.0]
	at com.tngtech.archunit.core.importer.ClassFileImporter.importLocations(ClassFileImporter.java:325) ~[archunit-1.3.0.jar:1.3.0]
	at com.tngtech.archunit.junit.internal.ClassCache$CacheClassFileImporter.importClasses(ClassCache.java:126) ~[archunit-junit5-engine-1.3.0.jar:1.3.0]
	at com.tngtech.archunit.junit.internal.ClassCache$LazyJavaClasses.initialize(ClassCache.java:118) ~[archunit-junit5-engine-1.3.0.jar:1.3.0]
	at com.tngtech.archunit.junit.internal.ClassCache$LazyJavaClasses.get(ClassCache.java:107) ~[archunit-junit5-engine-1.3.0.jar:1.3.0]
	at com.tngtech.archunit.junit.internal.ClassCache.getClassesToAnalyzeFor(ClassCache.java:84) ~[archunit-junit5-engine-1.3.0.jar:1.3.0]
	at com.tngtech.archunit.junit.internal.ArchUnitTestDescriptor.lambda$createChildren$1(ArchUnitTestDescriptor.java:90) ~[archunit-junit5-engine-1.3.0.jar:1.3.0]
	at com.tngtech.archunit.junit.internal.ArchUnitTestDescriptor$ArchUnitRuleDescriptor.execute(ArchUnitTestDescriptor.java:167) ~[archunit-junit5-engine-1.3.0.jar:1.3.0]
	at com.tngtech.archunit.junit.internal.ArchUnitTestDescriptor$ArchUnitRuleDescriptor.execute(ArchUnitTestDescriptor.java:150) ~[archunit-junit5-engine-1.3.0.jar:1.3.0]
	at org.junit.platform.engine.support.hierarchical.NodeTestTask.lambda$executeRecursively$6(NodeTestTask.java:151) ~[junit-platform-engine-1.10.1.jar:1.10.1]
	at org.junit.platform.engine.support.hierarchical.ThrowableCollector.execute(ThrowableCollector.java:73) ~[junit-platform-engine-1.10.1.jar:1.10.1]
	at org.junit.platform.engine.support.hierarchical.NodeTestTask.lambda$executeRecursively$8(NodeTestTask.java:141) ~[junit-platform-engine-1.10.1.jar:1.10.1]
	at org.junit.platform.engine.support.hierarchical.Node.around(Node.java:137) ~[junit-platform-engine-1.10.1.jar:1.10.1]
	at org.junit.platform.engine.support.hierarchical.NodeTestTask.lambda$executeRecursively$9(NodeTestTask.java:139) ~[junit-platform-engine-1.10.1.jar:1.10.1]
	at org.junit.platform.engine.support.hierarchical.ThrowableCollector.execute(ThrowableCollector.java:73) ~[junit-platform-engine-1.10.1.jar:1.10.1]
	at org.junit.platform.engine.support.hierarchical.NodeTestTask.executeRecursively(NodeTestTask.java:138) ~[junit-platform-engine-1.10.1.jar:1.10.1]
	at org.junit.platform.engine.support.hierarchical.NodeTestTask.execute(NodeTestTask.java:95) ~[junit-platform-engine-1.10.1.jar:1.10.1]
	at java.base/java.util.ArrayList.forEach(ArrayList.java:1604) ~[na:na]
	at org.junit.platform.engine.support.hierarchical.SameThreadHierarchicalTestExecutorService.invokeAll(SameThreadHierarchicalTestExecutorService.java:41) ~[junit-platform-engine-1.10.1.jar:1.10.1]
	at org.junit.platform.engine.support.hierarchical.NodeTestTask.lambda$executeRecursively$6(NodeTestTask.java:155) ~[junit-platform-engine-1.10.1.jar:1.10.1]
	at org.junit.platform.engine.support.hierarchical.ThrowableCollector.execute(ThrowableCollector.java:73) ~[junit-platform-engine-1.10.1.jar:1.10.1]
	at org.junit.platform.engine.support.hierarchical.NodeTestTask.lambda$executeRecursively$8(NodeTestTask.java:141) ~[junit-platform-engine-1.10.1.jar:1.10.1]
	at org.junit.platform.engine.support.hierarchical.Node.around(Node.java:137) ~[junit-platform-engine-1.10.1.jar:1.10.1]
	at org.junit.platform.engine.support.hierarchical.NodeTestTask.lambda$executeRecursively$9(NodeTestTask.java:139) ~[junit-platform-engine-1.10.1.jar:1.10.1]
	at org.junit.platform.engine.support.hierarchical.ThrowableCollector.execute(ThrowableCollector.java:73) ~[junit-platform-engine-1.10.1.jar:1.10.1]
	at org.junit.platform.engine.support.hierarchical.NodeTestTask.executeRecursively(NodeTestTask.java:138) ~[junit-platform-engine-1.10.1.jar:1.10.1]
	at org.junit.platform.engine.support.hierarchical.NodeTestTask.execute(NodeTestTask.java:95) ~[junit-platform-engine-1.10.1.jar:1.10.1]
	at java.base/java.util.ArrayList.forEach(ArrayList.java:1604) ~[na:na]
	at org.junit.platform.engine.support.hierarchical.SameThreadHierarchicalTestExecutorService.invokeAll(SameThreadHierarchicalTestExecutorService.java:41) ~[junit-platform-engine-1.10.1.jar:1.10.1]
	at org.junit.platform.engine.support.hierarchical.NodeTestTask.lambda$executeRecursively$6(NodeTestTask.java:155) ~[junit-platform-engine-1.10.1.jar:1.10.1]
	at org.junit.platform.engine.support.hierarchical.ThrowableCollector.execute(ThrowableCollector.java:73) ~[junit-platform-engine-1.10.1.jar:1.10.1]
	at org.junit.platform.engine.support.hierarchical.NodeTestTask.lambda$executeRecursively$8(NodeTestTask.java:141) ~[junit-platform-engine-1.10.1.jar:1.10.1]
	at org.junit.platform.engine.support.hierarchical.Node.around(Node.java:137) ~[junit-platform-engine-1.10.1.jar:1.10.1]
	at org.junit.platform.engine.support.hierarchical.NodeTestTask.lambda$executeRecursively$9(NodeTestTask.java:139) ~[junit-platform-engine-1.10.1.jar:1.10.1]
	at org.junit.platform.engine.support.hierarchical.ThrowableCollector.execute(ThrowableCollector.java:73) ~[junit-platform-engine-1.10.1.jar:1.10.1]
	at org.junit.platform.engine.support.hierarchical.NodeTestTask.executeRecursively(NodeTestTask.java:138) ~[junit-platform-engine-1.10.1.jar:1.10.1]
	at org.junit.platform.engine.support.hierarchical.NodeTestTask.execute(NodeTestTask.java:95) ~[junit-platform-engine-1.10.1.jar:1.10.1]
	at org.junit.platform.engine.support.hierarchical.SameThreadHierarchicalTestExecutorService.submit(SameThreadHierarchicalTestExecutorService.java:35) ~[junit-platform-engine-1.10.1.jar:1.10.1]
	at org.junit.platform.engine.support.hierarchical.HierarchicalTestExecutor.execute(HierarchicalTestExecutor.java:57) ~[junit-platform-engine-1.10.1.jar:1.10.1]
	at org.junit.platform.engine.support.hierarchical.HierarchicalTestEngine.execute(HierarchicalTestEngine.java:54) ~[junit-platform-engine-1.10.1.jar:1.10.1]
	at org.junit.platform.launcher.core.EngineExecutionOrchestrator.execute(EngineExecutionOrchestrator.java:198) ~[junit-platform-launcher-1.10.1.jar:1.10.1]
	at org.junit.platform.launcher.core.EngineExecutionOrchestrator.execute(EngineExecutionOrchestrator.java:169) ~[junit-platform-launcher-1.10.1.jar:1.10.1]
	at org.junit.platform.launcher.core.EngineExecutionOrchestrator.execute(EngineExecutionOrchestrator.java:93) ~[junit-platform-launcher-1.10.1.jar:1.10.1]
	at org.junit.platform.launcher.core.EngineExecutionOrchestrator.lambda$execute$0(EngineExecutionOrchestrator.java:58) ~[junit-platform-launcher-1.10.1.jar:1.10.1]
	at org.junit.platform.launcher.core.EngineExecutionOrchestrator.withInterceptedStreams(EngineExecutionOrchestrator.java:141) ~[junit-platform-launcher-1.10.1.jar:1.10.1]
	at org.junit.platform.launcher.core.EngineExecutionOrchestrator.execute(EngineExecutionOrchestrator.java:57) ~[junit-platform-launcher-1.10.1.jar:1.10.1]
	at org.junit.platform.launcher.core.DefaultLauncher.execute(DefaultLauncher.java:103) ~[junit-platform-launcher-1.10.1.jar:1.10.1]
	at org.junit.platform.launcher.core.DefaultLauncher.execute(DefaultLauncher.java:85) ~[junit-platform-launcher-1.10.1.jar:1.10.1]
	at org.junit.platform.launcher.core.DelegatingLauncher.execute(DelegatingLauncher.java:47) ~[junit-platform-launcher-1.10.1.jar:1.10.1]
	at org.apache.maven.surefire.junitplatform.LazyLauncher.execute(LazyLauncher.java:56) ~[surefire-junit-platform-3.1.2.jar:3.1.2]
	at org.apache.maven.surefire.junitplatform.JUnitPlatformProvider.execute(JUnitPlatformProvider.java:184) ~[surefire-junit-platform-3.1.2.jar:3.1.2]
	at org.apache.maven.surefire.junitplatform.JUnitPlatformProvider.invokeAllTests(JUnitPlatformProvider.java:148) ~[surefire-junit-platform-3.1.2.jar:3.1.2]
	at org.apache.maven.surefire.junitplatform.JUnitPlatformProvider.invoke(JUnitPlatformProvider.java:122) ~[surefire-junit-platform-3.1.2.jar:3.1.2]
	at org.apache.maven.surefire.booter.ForkedBooter.runSuitesInProcess(ForkedBooter.java:385) ~[surefire-booter-3.1.2.jar:3.1.2]
	at org.apache.maven.surefire.booter.ForkedBooter.execute(ForkedBooter.java:162) ~[surefire-booter-3.1.2.jar:3.1.2]
	at org.apache.maven.surefire.booter.ForkedBooter.run(ForkedBooter.java:507) ~[surefire-booter-3.1.2.jar:3.1.2]
	at org.apache.maven.surefire.booter.ForkedBooter.main(ForkedBooter.java:495) ~[surefire-booter-3.1.2.jar:3.1.2]

2025-10-13T13:36:42.583+02:00  WARN 80616 --- [hexagonal-app] [           main] c.t.a.core.importer.ClassFileProcessor   : Error during import from jrt:/java.base/java/math/BigInteger.class, falling back to simple import

java.lang.IllegalArgumentException: Unsupported class file major version 69
	at com.tngtech.archunit.thirdparty.org.objectweb.asm.ClassReader.<init>(ClassReader.java:200) ~[archunit-1.3.0.jar:1.3.0]
	at com.tngtech.archunit.thirdparty.org.objectweb.asm.ClassReader.<init>(ClassReader.java:180) ~[archunit-1.3.0.jar:1.3.0]
	at com.tngtech.archunit.thirdparty.org.objectweb.asm.ClassReader.<init>(ClassReader.java:166) ~[archunit-1.3.0.jar:1.3.0]
	at com.tngtech.archunit.thirdparty.org.objectweb.asm.ClassReader.<init>(ClassReader.java:288) ~[archunit-1.3.0.jar:1.3.0]
	at com.tngtech.archunit.core.importer.ClassFileProcessor$UriImporterOfProcessor.tryImport(ClassFileProcessor.java:350) ~[archunit-1.3.0.jar:1.3.0]
	at com.tngtech.archunit.core.importer.resolvers.ClassResolverFromClasspath.tryResolve(ClassResolverFromClasspath.java:51) ~[archunit-1.3.0.jar:1.3.0]
	at com.tngtech.archunit.core.importer.ImportedClasses.resolve(ImportedClasses.java:80) ~[archunit-1.3.0.jar:1.3.0]
	at com.tngtech.archunit.core.importer.ImportedClasses.getOrResolve(ImportedClasses.java:67) ~[archunit-1.3.0.jar:1.3.0]
	at com.tngtech.archunit.core.importer.DomainBuilders$JavaMemberBuilder.get(DomainBuilders.java:179) ~[archunit-1.3.0.jar:1.3.0]
	at com.tngtech.archunit.core.importer.DomainBuilders$JavaCodeUnitBuilder.getRawReturnType(DomainBuilders.java:289) ~[archunit-1.3.0.jar:1.3.0]
	at com.tngtech.archunit.core.domain.JavaCodeUnit$ReturnType.<init>(JavaCodeUnit.java:367) ~[archunit-1.3.0.jar:1.3.0]
	at com.tngtech.archunit.core.domain.JavaCodeUnit.<init>(JavaCodeUnit.java:81) ~[archunit-1.3.0.jar:1.3.0]
	at com.tngtech.archunit.core.domain.JavaMethod.<init>(JavaMethod.java:44) ~[archunit-1.3.0.jar:1.3.0]
	at com.tngtech.archunit.core.domain.DomainObjectCreationContext.createJavaMethod(DomainObjectCreationContext.java:144) ~[archunit-1.3.0.jar:1.3.0]
	at com.tngtech.archunit.core.importer.DomainBuilders$JavaMethodBuilder.construct(DomainBuilders.java:373) ~[archunit-1.3.0.jar:1.3.0]
	at com.tngtech.archunit.core.importer.DomainBuilders$JavaMethodBuilder.construct(DomainBuilders.java:358) ~[archunit-1.3.0.jar:1.3.0]
	at com.tngtech.archunit.core.importer.DomainBuilders$JavaMemberBuilder.build(DomainBuilders.java:206) ~[archunit-1.3.0.jar:1.3.0]
	at com.tngtech.archunit.core.importer.DomainBuilders$JavaMemberBuilder.build(DomainBuilders.java:138) ~[archunit-1.3.0.jar:1.3.0]
	at com.tngtech.archunit.core.importer.DomainBuilders$BuilderWithBuildParameter$BuildFinisher.lambda$build$0(DomainBuilders.java:892) ~[archunit-1.3.0.jar:1.3.0]
	at java.base/java.util.stream.ReferencePipeline$3$1.accept(ReferencePipeline.java:214) ~[na:na]
	at java.base/java.util.stream.ReferencePipeline$2$1.accept(ReferencePipeline.java:197) ~[na:na]
	at java.base/java.util.HashMap$KeySpliterator.forEachRemaining(HashMap.java:1716) ~[na:na]
	at java.base/java.util.stream.AbstractPipeline.copyInto(AbstractPipeline.java:570) ~[na:na]
	at java.base/java.util.stream.AbstractPipeline.wrapAndCopyInto(AbstractPipeline.java:560) ~[na:na]
	at java.base/java.util.stream.ReduceOps$ReduceOp.evaluateSequential(ReduceOps.java:921) ~[na:na]
	at java.base/java.util.stream.AbstractPipeline.evaluate(AbstractPipeline.java:265) ~[na:na]
	at java.base/java.util.stream.ReferencePipeline.collect(ReferencePipeline.java:723) ~[na:na]
	at com.tngtech.archunit.core.importer.DomainBuilders$BuilderWithBuildParameter$BuildFinisher.build(DomainBuilders.java:892) ~[archunit-1.3.0.jar:1.3.0]
	at com.tngtech.archunit.core.importer.ClassGraphCreator.createMethods(ClassGraphCreator.java:322) ~[archunit-1.3.0.jar:1.3.0]
	at com.tngtech.archunit.core.domain.JavaClassMembers.create(JavaClassMembers.java:352) ~[archunit-1.3.0.jar:1.3.0]
	at com.tngtech.archunit.core.domain.JavaClass.completeMembers(JavaClass.java:1477) ~[archunit-1.3.0.jar:1.3.0]
	at com.tngtech.archunit.core.domain.DomainObjectCreationContext.completeMembers(DomainObjectCreationContext.java:96) ~[archunit-1.3.0.jar:1.3.0]
	at com.tngtech.archunit.core.importer.ClassGraphCreator.completeClasses(ClassGraphCreator.java:120) ~[archunit-1.3.0.jar:1.3.0]
	at com.tngtech.archunit.core.importer.ClassGraphCreator.complete(ClassGraphCreator.java:108) ~[archunit-1.3.0.jar:1.3.0]
	at com.tngtech.archunit.core.importer.ClassFileProcessor.process(ClassFileProcessor.java:75) ~[archunit-1.3.0.jar:1.3.0]
	at com.tngtech.archunit.core.importer.ClassFileImporter.importLocations(ClassFileImporter.java:325) ~[archunit-1.3.0.jar:1.3.0]
	at com.tngtech.archunit.junit.internal.ClassCache$CacheClassFileImporter.importClasses(ClassCache.java:126) ~[archunit-junit5-engine-1.3.0.jar:1.3.0]
	at com.tngtech.archunit.junit.internal.ClassCache$LazyJavaClasses.initialize(ClassCache.java:118) ~[archunit-junit5-engine-1.3.0.jar:1.3.0]
	at com.tngtech.archunit.junit.internal.ClassCache$LazyJavaClasses.get(ClassCache.java:107) ~[archunit-junit5-engine-1.3.0.jar:1.3.0]
	at com.tngtech.archunit.junit.internal.ClassCache.getClassesToAnalyzeFor(ClassCache.java:84) ~[archunit-junit5-engine-1.3.0.jar:1.3.0]
	at com.tngtech.archunit.junit.internal.ArchUnitTestDescriptor.lambda$createChildren$1(ArchUnitTestDescriptor.java:90) ~[archunit-junit5-engine-1.3.0.jar:1.3.0]
	at com.tngtech.archunit.junit.internal.ArchUnitTestDescriptor$ArchUnitRuleDescriptor.execute(ArchUnitTestDescriptor.java:167) ~[archunit-junit5-engine-1.3.0.jar:1.3.0]
	at com.tngtech.archunit.junit.internal.ArchUnitTestDescriptor$ArchUnitRuleDescriptor.execute(ArchUnitTestDescriptor.java:150) ~[archunit-junit5-engine-1.3.0.jar:1.3.0]
	at org.junit.platform.engine.support.hierarchical.NodeTestTask.lambda$executeRecursively$6(NodeTestTask.java:151) ~[junit-platform-engine-1.10.1.jar:1.10.1]
	at org.junit.platform.engine.support.hierarchical.ThrowableCollector.execute(ThrowableCollector.java:73) ~[junit-platform-engine-1.10.1.jar:1.10.1]
	at org.junit.platform.engine.support.hierarchical.NodeTestTask.lambda$executeRecursively$8(NodeTestTask.java:141) ~[junit-platform-engine-1.10.1.jar:1.10.1]
	at org.junit.platform.engine.support.hierarchical.Node.around(Node.java:137) ~[junit-platform-engine-1.10.1.jar:1.10.1]
	at org.junit.platform.engine.support.hierarchical.NodeTestTask.lambda$executeRecursively$9(NodeTestTask.java:139) ~[junit-platform-engine-1.10.1.jar:1.10.1]
	at org.junit.platform.engine.support.hierarchical.ThrowableCollector.execute(ThrowableCollector.java:73) ~[junit-platform-engine-1.10.1.jar:1.10.1]
	at org.junit.platform.engine.support.hierarchical.NodeTestTask.executeRecursively(NodeTestTask.java:138) ~[junit-platform-engine-1.10.1.jar:1.10.1]
	at org.junit.platform.engine.support.hierarchical.NodeTestTask.execute(NodeTestTask.java:95) ~[junit-platform-engine-1.10.1.jar:1.10.1]
	at java.base/java.util.ArrayList.forEach(ArrayList.java:1604) ~[na:na]
	at org.junit.platform.engine.support.hierarchical.SameThreadHierarchicalTestExecutorService.invokeAll(SameThreadHierarchicalTestExecutorService.java:41) ~[junit-platform-engine-1.10.1.jar:1.10.1]
	at org.junit.platform.engine.support.hierarchical.NodeTestTask.lambda$executeRecursively$6(NodeTestTask.java:155) ~[junit-platform-engine-1.10.1.jar:1.10.1]
	at org.junit.platform.engine.support.hierarchical.ThrowableCollector.execute(ThrowableCollector.java:73) ~[junit-platform-engine-1.10.1.jar:1.10.1]
	at org.junit.platform.engine.support.hierarchical.NodeTestTask.lambda$executeRecursively$8(NodeTestTask.java:141) ~[junit-platform-engine-1.10.1.jar:1.10.1]
	at org.junit.platform.engine.support.hierarchical.Node.around(Node.java:137) ~[junit-platform-engine-1.10.1.jar:1.10.1]
	at org.junit.platform.engine.support.hierarchical.NodeTestTask.lambda$executeRecursively$9(NodeTestTask.java:139) ~[junit-platform-engine-1.10.1.jar:1.10.1]
	at org.junit.platform.engine.support.hierarchical.ThrowableCollector.execute(ThrowableCollector.java:73) ~[junit-platform-engine-1.10.1.jar:1.10.1]
	at org.junit.platform.engine.support.hierarchical.NodeTestTask.executeRecursively(NodeTestTask.java:138) ~[junit-platform-engine-1.10.1.jar:1.10.1]
	at org.junit.platform.engine.support.hierarchical.NodeTestTask.execute(NodeTestTask.java:95) ~[junit-platform-engine-1.10.1.jar:1.10.1]
	at java.base/java.util.ArrayList.forEach(ArrayList.java:1604) ~[na:na]
	at org.junit.platform.engine.support.hierarchical.SameThreadHierarchicalTestExecutorService.invokeAll(SameThreadHierarchicalTestExecutorService.java:41) ~[junit-platform-engine-1.10.1.jar:1.10.1]
	at org.junit.platform.engine.support.hierarchical.NodeTestTask.lambda$executeRecursively$6(NodeTestTask.java:155) ~[junit-platform-engine-1.10.1.jar:1.10.1]
	at org.junit.platform.engine.support.hierarchical.ThrowableCollector.execute(ThrowableCollector.java:73) ~[junit-platform-engine-1.10.1.jar:1.10.1]
	at org.junit.platform.engine.support.hierarchical.NodeTestTask.lambda$executeRecursively$8(NodeTestTask.java:141) ~[junit-platform-engine-1.10.1.jar:1.10.1]
	at org.junit.platform.engine.support.hierarchical.Node.around(Node.java:137) ~[junit-platform-engine-1.10.1.jar:1.10.1]
	at org.junit.platform.engine.support.hierarchical.NodeTestTask.lambda$executeRecursively$9(NodeTestTask.java:139) ~[junit-platform-engine-1.10.1.jar:1.10.1]
	at org.junit.platform.engine.support.hierarchical.ThrowableCollector.execute(ThrowableCollector.java:73) ~[junit-platform-engine-1.10.1.jar:1.10.1]
	at org.junit.platform.engine.support.hierarchical.NodeTestTask.executeRecursively(NodeTestTask.java:138) ~[junit-platform-engine-1.10.1.jar:1.10.1]
	at org.junit.platform.engine.support.hierarchical.NodeTestTask.execute(NodeTestTask.java:95) ~[junit-platform-engine-1.10.1.jar:1.10.1]
	at org.junit.platform.engine.support.hierarchical.SameThreadHierarchicalTestExecutorService.submit(SameThreadHierarchicalTestExecutorService.java:35) ~[junit-platform-engine-1.10.1.jar:1.10.1]
	at org.junit.platform.engine.support.hierarchical.HierarchicalTestExecutor.execute(HierarchicalTestExecutor.java:57) ~[junit-platform-engine-1.10.1.jar:1.10.1]
	at org.junit.platform.engine.support.hierarchical.HierarchicalTestEngine.execute(HierarchicalTestEngine.java:54) ~[junit-platform-engine-1.10.1.jar:1.10.1]
	at org.junit.platform.launcher.core.EngineExecutionOrchestrator.execute(EngineExecutionOrchestrator.java:198) ~[junit-platform-launcher-1.10.1.jar:1.10.1]
	at org.junit.platform.launcher.core.EngineExecutionOrchestrator.execute(EngineExecutionOrchestrator.java:169) ~[junit-platform-launcher-1.10.1.jar:1.10.1]
	at org.junit.platform.launcher.core.EngineExecutionOrchestrator.execute(EngineExecutionOrchestrator.java:93) ~[junit-platform-launcher-1.10.1.jar:1.10.1]
	at org.junit.platform.launcher.core.EngineExecutionOrchestrator.lambda$execute$0(EngineExecutionOrchestrator.java:58) ~[junit-platform-launcher-1.10.1.jar:1.10.1]
	at org.junit.platform.launcher.core.EngineExecutionOrchestrator.withInterceptedStreams(EngineExecutionOrchestrator.java:141) ~[junit-platform-launcher-1.10.1.jar:1.10.1]
	at org.junit.platform.launcher.core.EngineExecutionOrchestrator.execute(EngineExecutionOrchestrator.java:57) ~[junit-platform-launcher-1.10.1.jar:1.10.1]
	at org.junit.platform.launcher.core.DefaultLauncher.execute(DefaultLauncher.java:103) ~[junit-platform-launcher-1.10.1.jar:1.10.1]
	at org.junit.platform.launcher.core.DefaultLauncher.execute(DefaultLauncher.java:85) ~[junit-platform-launcher-1.10.1.jar:1.10.1]
	at org.junit.platform.launcher.core.DelegatingLauncher.execute(DelegatingLauncher.java:47) ~[junit-platform-launcher-1.10.1.jar:1.10.1]
	at org.apache.maven.surefire.junitplatform.LazyLauncher.execute(LazyLauncher.java:56) ~[surefire-junit-platform-3.1.2.jar:3.1.2]
	at org.apache.maven.surefire.junitplatform.JUnitPlatformProvider.execute(JUnitPlatformProvider.java:184) ~[surefire-junit-platform-3.1.2.jar:3.1.2]
	at org.apache.maven.surefire.junitplatform.JUnitPlatformProvider.invokeAllTests(JUnitPlatformProvider.java:148) ~[surefire-junit-platform-3.1.2.jar:3.1.2]
	at org.apache.maven.surefire.junitplatform.JUnitPlatformProvider.invoke(JUnitPlatformProvider.java:122) ~[surefire-junit-platform-3.1.2.jar:3.1.2]
	at org.apache.maven.surefire.booter.ForkedBooter.runSuitesInProcess(ForkedBooter.java:385) ~[surefire-booter-3.1.2.jar:3.1.2]
	at org.apache.maven.surefire.booter.ForkedBooter.execute(ForkedBooter.java:162) ~[surefire-booter-3.1.2.jar:3.1.2]
	at org.apache.maven.surefire.booter.ForkedBooter.run(ForkedBooter.java:507) ~[surefire-booter-3.1.2.jar:3.1.2]
	at org.apache.maven.surefire.booter.ForkedBooter.main(ForkedBooter.java:495) ~[surefire-booter-3.1.2.jar:3.1.2]

2025-10-13T13:36:42.585+02:00  WARN 80616 --- [hexagonal-app] [           main] c.t.a.core.importer.ClassFileProcessor   : Error during import from jrt:/java.base/java/util/Comparator.class, falling back to simple import

java.lang.IllegalArgumentException: Unsupported class file major version 69
	at com.tngtech.archunit.thirdparty.org.objectweb.asm.ClassReader.<init>(ClassReader.java:200) ~[archunit-1.3.0.jar:1.3.0]
	at com.tngtech.archunit.thirdparty.org.objectweb.asm.ClassReader.<init>(ClassReader.java:180) ~[archunit-1.3.0.jar:1.3.0]
	at com.tngtech.archunit.thirdparty.org.objectweb.asm.ClassReader.<init>(ClassReader.java:166) ~[archunit-1.3.0.jar:1.3.0]
	at com.tngtech.archunit.thirdparty.org.objectweb.asm.ClassReader.<init>(ClassReader.java:288) ~[archunit-1.3.0.jar:1.3.0]
	at com.tngtech.archunit.core.importer.ClassFileProcessor$UriImporterOfProcessor.tryImport(ClassFileProcessor.java:350) ~[archunit-1.3.0.jar:1.3.0]
	at com.tngtech.archunit.core.importer.resolvers.ClassResolverFromClasspath.tryResolve(ClassResolverFromClasspath.java:51) ~[archunit-1.3.0.jar:1.3.0]
	at com.tngtech.archunit.core.importer.ImportedClasses.resolve(ImportedClasses.java:80) ~[archunit-1.3.0.jar:1.3.0]
	at com.tngtech.archunit.core.importer.ImportedClasses.getOrResolve(ImportedClasses.java:67) ~[archunit-1.3.0.jar:1.3.0]
	at com.tngtech.archunit.core.importer.DomainBuilders$JavaMemberBuilder.get(DomainBuilders.java:179) ~[archunit-1.3.0.jar:1.3.0]
	at com.tngtech.archunit.core.importer.DomainBuilders$JavaCodeUnitBuilder.asJavaClasses(DomainBuilders.java:329) ~[archunit-1.3.0.jar:1.3.0]
	at com.tngtech.archunit.core.importer.DomainBuilders$JavaCodeUnitBuilder.getRawParameterTypes(DomainBuilders.java:303) ~[archunit-1.3.0.jar:1.3.0]
	at com.tngtech.archunit.core.domain.JavaCodeUnit$Parameters.<init>(JavaCodeUnit.java:317) ~[archunit-1.3.0.jar:1.3.0]
	at com.tngtech.archunit.core.domain.JavaCodeUnit.<init>(JavaCodeUnit.java:82) ~[archunit-1.3.0.jar:1.3.0]
	at com.tngtech.archunit.core.domain.JavaMethod.<init>(JavaMethod.java:44) ~[archunit-1.3.0.jar:1.3.0]
	at com.tngtech.archunit.core.domain.DomainObjectCreationContext.createJavaMethod(DomainObjectCreationContext.java:144) ~[archunit-1.3.0.jar:1.3.0]
	at com.tngtech.archunit.core.importer.DomainBuilders$JavaMethodBuilder.construct(DomainBuilders.java:373) ~[archunit-1.3.0.jar:1.3.0]
	at com.tngtech.archunit.core.importer.DomainBuilders$JavaMethodBuilder.construct(DomainBuilders.java:358) ~[archunit-1.3.0.jar:1.3.0]
	at com.tngtech.archunit.core.importer.DomainBuilders$JavaMemberBuilder.build(DomainBuilders.java:206) ~[archunit-1.3.0.jar:1.3.0]
	at com.tngtech.archunit.core.importer.DomainBuilders$JavaMemberBuilder.build(DomainBuilders.java:138) ~[archunit-1.3.0.jar:1.3.0]
	at com.tngtech.archunit.core.importer.DomainBuilders$BuilderWithBuildParameter$BuildFinisher.lambda$build$0(DomainBuilders.java:892) ~[archunit-1.3.0.jar:1.3.0]
	at java.base/java.util.stream.ReferencePipeline$3$1.accept(ReferencePipeline.java:214) ~[na:na]
	at java.base/java.util.stream.ReferencePipeline$2$1.accept(ReferencePipeline.java:197) ~[na:na]
	at java.base/java.util.HashMap$KeySpliterator.forEachRemaining(HashMap.java:1716) ~[na:na]
	at java.base/java.util.stream.AbstractPipeline.copyInto(AbstractPipeline.java:570) ~[na:na]
	at java.base/java.util.stream.AbstractPipeline.wrapAndCopyInto(AbstractPipeline.java:560) ~[na:na]
	at java.base/java.util.stream.ReduceOps$ReduceOp.evaluateSequential(ReduceOps.java:921) ~[na:na]
	at java.base/java.util.stream.AbstractPipeline.evaluate(AbstractPipeline.java:265) ~[na:na]
	at java.base/java.util.stream.ReferencePipeline.collect(ReferencePipeline.java:723) ~[na:na]
	at com.tngtech.archunit.core.importer.DomainBuilders$BuilderWithBuildParameter$BuildFinisher.build(DomainBuilders.java:892) ~[archunit-1.3.0.jar:1.3.0]
	at com.tngtech.archunit.core.importer.ClassGraphCreator.createMethods(ClassGraphCreator.java:322) ~[archunit-1.3.0.jar:1.3.0]
	at com.tngtech.archunit.core.domain.JavaClassMembers.create(JavaClassMembers.java:352) ~[archunit-1.3.0.jar:1.3.0]
	at com.tngtech.archunit.core.domain.JavaClass.completeMembers(JavaClass.java:1477) ~[archunit-1.3.0.jar:1.3.0]
	at com.tngtech.archunit.core.domain.DomainObjectCreationContext.completeMembers(DomainObjectCreationContext.java:96) ~[archunit-1.3.0.jar:1.3.0]
	at com.tngtech.archunit.core.importer.ClassGraphCreator.completeClasses(ClassGraphCreator.java:120) ~[archunit-1.3.0.jar:1.3.0]
	at com.tngtech.archunit.core.importer.ClassGraphCreator.complete(ClassGraphCreator.java:108) ~[archunit-1.3.0.jar:1.3.0]
	at com.tngtech.archunit.core.importer.ClassFileProcessor.process(ClassFileProcessor.java:75) ~[archunit-1.3.0.jar:1.3.0]
	at com.tngtech.archunit.core.importer.ClassFileImporter.importLocations(ClassFileImporter.java:325) ~[archunit-1.3.0.jar:1.3.0]
	at com.tngtech.archunit.junit.internal.ClassCache$CacheClassFileImporter.importClasses(ClassCache.java:126) ~[archunit-junit5-engine-1.3.0.jar:1.3.0]
	at com.tngtech.archunit.junit.internal.ClassCache$LazyJavaClasses.initialize(ClassCache.java:118) ~[archunit-junit5-engine-1.3.0.jar:1.3.0]
	at com.tngtech.archunit.junit.internal.ClassCache$LazyJavaClasses.get(ClassCache.java:107) ~[archunit-junit5-engine-1.3.0.jar:1.3.0]
	at com.tngtech.archunit.junit.internal.ClassCache.getClassesToAnalyzeFor(ClassCache.java:84) ~[archunit-junit5-engine-1.3.0.jar:1.3.0]
	at com.tngtech.archunit.junit.internal.ArchUnitTestDescriptor.lambda$createChildren$1(ArchUnitTestDescriptor.java:90) ~[archunit-junit5-engine-1.3.0.jar:1.3.0]
	at com.tngtech.archunit.junit.internal.ArchUnitTestDescriptor$ArchUnitRuleDescriptor.execute(ArchUnitTestDescriptor.java:167) ~[archunit-junit5-engine-1.3.0.jar:1.3.0]
	at com.tngtech.archunit.junit.internal.ArchUnitTestDescriptor$ArchUnitRuleDescriptor.execute(ArchUnitTestDescriptor.java:150) ~[archunit-junit5-engine-1.3.0.jar:1.3.0]
	at org.junit.platform.engine.support.hierarchical.NodeTestTask.lambda$executeRecursively$6(NodeTestTask.java:151) ~[junit-platform-engine-1.10.1.jar:1.10.1]
	at org.junit.platform.engine.support.hierarchical.ThrowableCollector.execute(ThrowableCollector.java:73) ~[junit-platform-engine-1.10.1.jar:1.10.1]
	at org.junit.platform.engine.support.hierarchical.NodeTestTask.lambda$executeRecursively$8(NodeTestTask.java:141) ~[junit-platform-engine-1.10.1.jar:1.10.1]
	at org.junit.platform.engine.support.hierarchical.Node.around(Node.java:137) ~[junit-platform-engine-1.10.1.jar:1.10.1]
	at org.junit.platform.engine.support.hierarchical.NodeTestTask.lambda$executeRecursively$9(NodeTestTask.java:139) ~[junit-platform-engine-1.10.1.jar:1.10.1]
	at org.junit.platform.engine.support.hierarchical.ThrowableCollector.execute(ThrowableCollector.java:73) ~[junit-platform-engine-1.10.1.jar:1.10.1]
	at org.junit.platform.engine.support.hierarchical.NodeTestTask.executeRecursively(NodeTestTask.java:138) ~[junit-platform-engine-1.10.1.jar:1.10.1]
	at org.junit.platform.engine.support.hierarchical.NodeTestTask.execute(NodeTestTask.java:95) ~[junit-platform-engine-1.10.1.jar:1.10.1]
	at java.base/java.util.ArrayList.forEach(ArrayList.java:1604) ~[na:na]
	at org.junit.platform.engine.support.hierarchical.SameThreadHierarchicalTestExecutorService.invokeAll(SameThreadHierarchicalTestExecutorService.java:41) ~[junit-platform-engine-1.10.1.jar:1.10.1]
	at org.junit.platform.engine.support.hierarchical.NodeTestTask.lambda$executeRecursively$6(NodeTestTask.java:155) ~[junit-platform-engine-1.10.1.jar:1.10.1]
	at org.junit.platform.engine.support.hierarchical.ThrowableCollector.execute(ThrowableCollector.java:73) ~[junit-platform-engine-1.10.1.jar:1.10.1]
	at org.junit.platform.engine.support.hierarchical.NodeTestTask.lambda$executeRecursively$8(NodeTestTask.java:141) ~[junit-platform-engine-1.10.1.jar:1.10.1]
	at org.junit.platform.engine.support.hierarchical.Node.around(Node.java:137) ~[junit-platform-engine-1.10.1.jar:1.10.1]
	at org.junit.platform.engine.support.hierarchical.NodeTestTask.lambda$executeRecursively$9(NodeTestTask.java:139) ~[junit-platform-engine-1.10.1.jar:1.10.1]
	at org.junit.platform.engine.support.hierarchical.ThrowableCollector.execute(ThrowableCollector.java:73) ~[junit-platform-engine-1.10.1.jar:1.10.1]
	at org.junit.platform.engine.support.hierarchical.NodeTestTask.executeRecursively(NodeTestTask.java:138) ~[junit-platform-engine-1.10.1.jar:1.10.1]
	at org.junit.platform.engine.support.hierarchical.NodeTestTask.execute(NodeTestTask.java:95) ~[junit-platform-engine-1.10.1.jar:1.10.1]
	at java.base/java.util.ArrayList.forEach(ArrayList.java:1604) ~[na:na]
	at org.junit.platform.engine.support.hierarchical.SameThreadHierarchicalTestExecutorService.invokeAll(SameThreadHierarchicalTestExecutorService.java:41) ~[junit-platform-engine-1.10.1.jar:1.10.1]
	at org.junit.platform.engine.support.hierarchical.NodeTestTask.lambda$executeRecursively$6(NodeTestTask.java:155) ~[junit-platform-engine-1.10.1.jar:1.10.1]
	at org.junit.platform.engine.support.hierarchical.ThrowableCollector.execute(ThrowableCollector.java:73) ~[junit-platform-engine-1.10.1.jar:1.10.1]
	at org.junit.platform.engine.support.hierarchical.NodeTestTask.lambda$executeRecursively$8(NodeTestTask.java:141) ~[junit-platform-engine-1.10.1.jar:1.10.1]
	at org.junit.platform.engine.support.hierarchical.Node.around(Node.java:137) ~[junit-platform-engine-1.10.1.jar:1.10.1]
	at org.junit.platform.engine.support.hierarchical.NodeTestTask.lambda$executeRecursively$9(NodeTestTask.java:139) ~[junit-platform-engine-1.10.1.jar:1.10.1]
	at org.junit.platform.engine.support.hierarchical.ThrowableCollector.execute(ThrowableCollector.java:73) ~[junit-platform-engine-1.10.1.jar:1.10.1]
	at org.junit.platform.engine.support.hierarchical.NodeTestTask.executeRecursively(NodeTestTask.java:138) ~[junit-platform-engine-1.10.1.jar:1.10.1]
	at org.junit.platform.engine.support.hierarchical.NodeTestTask.execute(NodeTestTask.java:95) ~[junit-platform-engine-1.10.1.jar:1.10.1]
	at org.junit.platform.engine.support.hierarchical.SameThreadHierarchicalTestExecutorService.submit(SameThreadHierarchicalTestExecutorService.java:35) ~[junit-platform-engine-1.10.1.jar:1.10.1]
	at org.junit.platform.engine.support.hierarchical.HierarchicalTestExecutor.execute(HierarchicalTestExecutor.java:57) ~[junit-platform-engine-1.10.1.jar:1.10.1]
	at org.junit.platform.engine.support.hierarchical.HierarchicalTestEngine.execute(HierarchicalTestEngine.java:54) ~[junit-platform-engine-1.10.1.jar:1.10.1]
	at org.junit.platform.launcher.core.EngineExecutionOrchestrator.execute(EngineExecutionOrchestrator.java:198) ~[junit-platform-launcher-1.10.1.jar:1.10.1]
	at org.junit.platform.launcher.core.EngineExecutionOrchestrator.execute(EngineExecutionOrchestrator.java:169) ~[junit-platform-launcher-1.10.1.jar:1.10.1]
	at org.junit.platform.launcher.core.EngineExecutionOrchestrator.execute(EngineExecutionOrchestrator.java:93) ~[junit-platform-launcher-1.10.1.jar:1.10.1]
	at org.junit.platform.launcher.core.EngineExecutionOrchestrator.lambda$execute$0(EngineExecutionOrchestrator.java:58) ~[junit-platform-launcher-1.10.1.jar:1.10.1]
	at org.junit.platform.launcher.core.EngineExecutionOrchestrator.withInterceptedStreams(EngineExecutionOrchestrator.java:141) ~[junit-platform-launcher-1.10.1.jar:1.10.1]
	at org.junit.platform.launcher.core.EngineExecutionOrchestrator.execute(EngineExecutionOrchestrator.java:57) ~[junit-platform-launcher-1.10.1.jar:1.10.1]
	at org.junit.platform.launcher.core.DefaultLauncher.execute(DefaultLauncher.java:103) ~[junit-platform-launcher-1.10.1.jar:1.10.1]
	at org.junit.platform.launcher.core.DefaultLauncher.execute(DefaultLauncher.java:85) ~[junit-platform-launcher-1.10.1.jar:1.10.1]
	at org.junit.platform.launcher.core.DelegatingLauncher.execute(DelegatingLauncher.java:47) ~[junit-platform-launcher-1.10.1.jar:1.10.1]
	at org.apache.maven.surefire.junitplatform.LazyLauncher.execute(LazyLauncher.java:56) ~[surefire-junit-platform-3.1.2.jar:3.1.2]
	at org.apache.maven.surefire.junitplatform.JUnitPlatformProvider.execute(JUnitPlatformProvider.java:184) ~[surefire-junit-platform-3.1.2.jar:3.1.2]
	at org.apache.maven.surefire.junitplatform.JUnitPlatformProvider.invokeAllTests(JUnitPlatformProvider.java:148) ~[surefire-junit-platform-3.1.2.jar:3.1.2]
	at org.apache.maven.surefire.junitplatform.JUnitPlatformProvider.invoke(JUnitPlatformProvider.java:122) ~[surefire-junit-platform-3.1.2.jar:3.1.2]
	at org.apache.maven.surefire.booter.ForkedBooter.runSuitesInProcess(ForkedBooter.java:385) ~[surefire-booter-3.1.2.jar:3.1.2]
	at org.apache.maven.surefire.booter.ForkedBooter.execute(ForkedBooter.java:162) ~[surefire-booter-3.1.2.jar:3.1.2]
	at org.apache.maven.surefire.booter.ForkedBooter.run(ForkedBooter.java:507) ~[surefire-booter-3.1.2.jar:3.1.2]
	at org.apache.maven.surefire.booter.ForkedBooter.main(ForkedBooter.java:495) ~[surefire-booter-3.1.2.jar:3.1.2]

2025-10-13T13:36:42.586+02:00  WARN 80616 --- [hexagonal-app] [           main] c.t.a.core.importer.ClassFileProcessor   : Error during import from jrt:/java.base/java/lang/Number.class, falling back to simple import

java.lang.IllegalArgumentException: Unsupported class file major version 69
	at com.tngtech.archunit.thirdparty.org.objectweb.asm.ClassReader.<init>(ClassReader.java:200) ~[archunit-1.3.0.jar:1.3.0]
	at com.tngtech.archunit.thirdparty.org.objectweb.asm.ClassReader.<init>(ClassReader.java:180) ~[archunit-1.3.0.jar:1.3.0]
	at com.tngtech.archunit.thirdparty.org.objectweb.asm.ClassReader.<init>(ClassReader.java:166) ~[archunit-1.3.0.jar:1.3.0]
	at com.tngtech.archunit.thirdparty.org.objectweb.asm.ClassReader.<init>(ClassReader.java:288) ~[archunit-1.3.0.jar:1.3.0]
	at com.tngtech.archunit.core.importer.ClassFileProcessor$UriImporterOfProcessor.tryImport(ClassFileProcessor.java:350) ~[archunit-1.3.0.jar:1.3.0]
	at com.tngtech.archunit.core.importer.resolvers.ClassResolverFromClasspath.tryResolve(ClassResolverFromClasspath.java:51) ~[archunit-1.3.0.jar:1.3.0]
	at com.tngtech.archunit.core.importer.ImportedClasses.resolve(ImportedClasses.java:80) ~[archunit-1.3.0.jar:1.3.0]
	at com.tngtech.archunit.core.importer.ImportedClasses.getOrResolve(ImportedClasses.java:67) ~[archunit-1.3.0.jar:1.3.0]
	at com.tngtech.archunit.core.importer.DomainBuilders$JavaMemberBuilder.get(DomainBuilders.java:179) ~[archunit-1.3.0.jar:1.3.0]
	at com.tngtech.archunit.core.importer.DomainBuilders$JavaCodeUnitBuilder.getRawReturnType(DomainBuilders.java:289) ~[archunit-1.3.0.jar:1.3.0]
	at com.tngtech.archunit.core.domain.JavaCodeUnit$ReturnType.<init>(JavaCodeUnit.java:367) ~[archunit-1.3.0.jar:1.3.0]
	at com.tngtech.archunit.core.domain.JavaCodeUnit.<init>(JavaCodeUnit.java:81) ~[archunit-1.3.0.jar:1.3.0]
	at com.tngtech.archunit.core.domain.JavaMethod.<init>(JavaMethod.java:44) ~[archunit-1.3.0.jar:1.3.0]
	at com.tngtech.archunit.core.domain.DomainObjectCreationContext.createJavaMethod(DomainObjectCreationContext.java:144) ~[archunit-1.3.0.jar:1.3.0]
	at com.tngtech.archunit.core.importer.DomainBuilders$JavaMethodBuilder.construct(DomainBuilders.java:373) ~[archunit-1.3.0.jar:1.3.0]
	at com.tngtech.archunit.core.importer.DomainBuilders$JavaMethodBuilder.construct(DomainBuilders.java:358) ~[archunit-1.3.0.jar:1.3.0]
	at com.tngtech.archunit.core.importer.DomainBuilders$JavaMemberBuilder.build(DomainBuilders.java:206) ~[archunit-1.3.0.jar:1.3.0]
	at com.tngtech.archunit.core.importer.DomainBuilders$JavaMemberBuilder.build(DomainBuilders.java:138) ~[archunit-1.3.0.jar:1.3.0]
	at com.tngtech.archunit.core.importer.DomainBuilders$BuilderWithBuildParameter$BuildFinisher.lambda$build$0(DomainBuilders.java:892) ~[archunit-1.3.0.jar:1.3.0]
	at java.base/java.util.stream.ReferencePipeline$3$1.accept(ReferencePipeline.java:214) ~[na:na]
	at java.base/java.util.stream.ReferencePipeline$2$1.accept(ReferencePipeline.java:197) ~[na:na]
	at java.base/java.util.HashMap$KeySpliterator.forEachRemaining(HashMap.java:1716) ~[na:na]
	at java.base/java.util.stream.AbstractPipeline.copyInto(AbstractPipeline.java:570) ~[na:na]
	at java.base/java.util.stream.AbstractPipeline.wrapAndCopyInto(AbstractPipeline.java:560) ~[na:na]
	at java.base/java.util.stream.ReduceOps$ReduceOp.evaluateSequential(ReduceOps.java:921) ~[na:na]
	at java.base/java.util.stream.AbstractPipeline.evaluate(AbstractPipeline.java:265) ~[na:na]
	at java.base/java.util.stream.ReferencePipeline.collect(ReferencePipeline.java:723) ~[na:na]
	at com.tngtech.archunit.core.importer.DomainBuilders$BuilderWithBuildParameter$BuildFinisher.build(DomainBuilders.java:892) ~[archunit-1.3.0.jar:1.3.0]
	at com.tngtech.archunit.core.importer.ClassGraphCreator.createMethods(ClassGraphCreator.java:322) ~[archunit-1.3.0.jar:1.3.0]
	at com.tngtech.archunit.core.domain.JavaClassMembers.create(JavaClassMembers.java:352) ~[archunit-1.3.0.jar:1.3.0]
	at com.tngtech.archunit.core.domain.JavaClass.completeMembers(JavaClass.java:1477) ~[archunit-1.3.0.jar:1.3.0]
	at com.tngtech.archunit.core.domain.DomainObjectCreationContext.completeMembers(DomainObjectCreationContext.java:96) ~[archunit-1.3.0.jar:1.3.0]
	at com.tngtech.archunit.core.importer.ClassGraphCreator.completeClasses(ClassGraphCreator.java:120) ~[archunit-1.3.0.jar:1.3.0]
	at com.tngtech.archunit.core.importer.ClassGraphCreator.complete(ClassGraphCreator.java:108) ~[archunit-1.3.0.jar:1.3.0]
	at com.tngtech.archunit.core.importer.ClassFileProcessor.process(ClassFileProcessor.java:75) ~[archunit-1.3.0.jar:1.3.0]
	at com.tngtech.archunit.core.importer.ClassFileImporter.importLocations(ClassFileImporter.java:325) ~[archunit-1.3.0.jar:1.3.0]
	at com.tngtech.archunit.junit.internal.ClassCache$CacheClassFileImporter.importClasses(ClassCache.java:126) ~[archunit-junit5-engine-1.3.0.jar:1.3.0]
	at com.tngtech.archunit.junit.internal.ClassCache$LazyJavaClasses.initialize(ClassCache.java:118) ~[archunit-junit5-engine-1.3.0.jar:1.3.0]
	at com.tngtech.archunit.junit.internal.ClassCache$LazyJavaClasses.get(ClassCache.java:107) ~[archunit-junit5-engine-1.3.0.jar:1.3.0]
	at com.tngtech.archunit.junit.internal.ClassCache.getClassesToAnalyzeFor(ClassCache.java:84) ~[archunit-junit5-engine-1.3.0.jar:1.3.0]
	at com.tngtech.archunit.junit.internal.ArchUnitTestDescriptor.lambda$createChildren$1(ArchUnitTestDescriptor.java:90) ~[archunit-junit5-engine-1.3.0.jar:1.3.0]
	at com.tngtech.archunit.junit.internal.ArchUnitTestDescriptor$ArchUnitRuleDescriptor.execute(ArchUnitTestDescriptor.java:167) ~[archunit-junit5-engine-1.3.0.jar:1.3.0]
	at com.tngtech.archunit.junit.internal.ArchUnitTestDescriptor$ArchUnitRuleDescriptor.execute(ArchUnitTestDescriptor.java:150) ~[archunit-junit5-engine-1.3.0.jar:1.3.0]
	at org.junit.platform.engine.support.hierarchical.NodeTestTask.lambda$executeRecursively$6(NodeTestTask.java:151) ~[junit-platform-engine-1.10.1.jar:1.10.1]
	at org.junit.platform.engine.support.hierarchical.ThrowableCollector.execute(ThrowableCollector.java:73) ~[junit-platform-engine-1.10.1.jar:1.10.1]
	at org.junit.platform.engine.support.hierarchical.NodeTestTask.lambda$executeRecursively$8(NodeTestTask.java:141) ~[junit-platform-engine-1.10.1.jar:1.10.1]
	at org.junit.platform.engine.support.hierarchical.Node.around(Node.java:137) ~[junit-platform-engine-1.10.1.jar:1.10.1]
	at org.junit.platform.engine.support.hierarchical.NodeTestTask.lambda$executeRecursively$9(NodeTestTask.java:139) ~[junit-platform-engine-1.10.1.jar:1.10.1]
	at org.junit.platform.engine.support.hierarchical.ThrowableCollector.execute(ThrowableCollector.java:73) ~[junit-platform-engine-1.10.1.jar:1.10.1]
	at org.junit.platform.engine.support.hierarchical.NodeTestTask.executeRecursively(NodeTestTask.java:138) ~[junit-platform-engine-1.10.1.jar:1.10.1]
	at org.junit.platform.engine.support.hierarchical.NodeTestTask.execute(NodeTestTask.java:95) ~[junit-platform-engine-1.10.1.jar:1.10.1]
	at java.base/java.util.ArrayList.forEach(ArrayList.java:1604) ~[na:na]
	at org.junit.platform.engine.support.hierarchical.SameThreadHierarchicalTestExecutorService.invokeAll(SameThreadHierarchicalTestExecutorService.java:41) ~[junit-platform-engine-1.10.1.jar:1.10.1]
	at org.junit.platform.engine.support.hierarchical.NodeTestTask.lambda$executeRecursively$6(NodeTestTask.java:155) ~[junit-platform-engine-1.10.1.jar:1.10.1]
	at org.junit.platform.engine.support.hierarchical.ThrowableCollector.execute(ThrowableCollector.java:73) ~[junit-platform-engine-1.10.1.jar:1.10.1]
	at org.junit.platform.engine.support.hierarchical.NodeTestTask.lambda$executeRecursively$8(NodeTestTask.java:141) ~[junit-platform-engine-1.10.1.jar:1.10.1]
	at org.junit.platform.engine.support.hierarchical.Node.around(Node.java:137) ~[junit-platform-engine-1.10.1.jar:1.10.1]
	at org.junit.platform.engine.support.hierarchical.NodeTestTask.lambda$executeRecursively$9(NodeTestTask.java:139) ~[junit-platform-engine-1.10.1.jar:1.10.1]
	at org.junit.platform.engine.support.hierarchical.ThrowableCollector.execute(ThrowableCollector.java:73) ~[junit-platform-engine-1.10.1.jar:1.10.1]
	at org.junit.platform.engine.support.hierarchical.NodeTestTask.executeRecursively(NodeTestTask.java:138) ~[junit-platform-engine-1.10.1.jar:1.10.1]
	at org.junit.platform.engine.support.hierarchical.NodeTestTask.execute(NodeTestTask.java:95) ~[junit-platform-engine-1.10.1.jar:1.10.1]
	at java.base/java.util.ArrayList.forEach(ArrayList.java:1604) ~[na:na]
	at org.junit.platform.engine.support.hierarchical.SameThreadHierarchicalTestExecutorService.invokeAll(SameThreadHierarchicalTestExecutorService.java:41) ~[junit-platform-engine-1.10.1.jar:1.10.1]
	at org.junit.platform.engine.support.hierarchical.NodeTestTask.lambda$executeRecursively$6(NodeTestTask.java:155) ~[junit-platform-engine-1.10.1.jar:1.10.1]
	at org.junit.platform.engine.support.hierarchical.ThrowableCollector.execute(ThrowableCollector.java:73) ~[junit-platform-engine-1.10.1.jar:1.10.1]
	at org.junit.platform.engine.support.hierarchical.NodeTestTask.lambda$executeRecursively$8(NodeTestTask.java:141) ~[junit-platform-engine-1.10.1.jar:1.10.1]
	at org.junit.platform.engine.support.hierarchical.Node.around(Node.java:137) ~[junit-platform-engine-1.10.1.jar:1.10.1]
	at org.junit.platform.engine.support.hierarchical.NodeTestTask.lambda$executeRecursively$9(NodeTestTask.java:139) ~[junit-platform-engine-1.10.1.jar:1.10.1]
	at org.junit.platform.engine.support.hierarchical.ThrowableCollector.execute(ThrowableCollector.java:73) ~[junit-platform-engine-1.10.1.jar:1.10.1]
	at org.junit.platform.engine.support.hierarchical.NodeTestTask.executeRecursively(NodeTestTask.java:138) ~[junit-platform-engine-1.10.1.jar:1.10.1]
	at org.junit.platform.engine.support.hierarchical.NodeTestTask.execute(NodeTestTask.java:95) ~[junit-platform-engine-1.10.1.jar:1.10.1]
	at org.junit.platform.engine.support.hierarchical.SameThreadHierarchicalTestExecutorService.submit(SameThreadHierarchicalTestExecutorService.java:35) ~[junit-platform-engine-1.10.1.jar:1.10.1]
	at org.junit.platform.engine.support.hierarchical.HierarchicalTestExecutor.execute(HierarchicalTestExecutor.java:57) ~[junit-platform-engine-1.10.1.jar:1.10.1]
	at org.junit.platform.engine.support.hierarchical.HierarchicalTestEngine.execute(HierarchicalTestEngine.java:54) ~[junit-platform-engine-1.10.1.jar:1.10.1]
	at org.junit.platform.launcher.core.EngineExecutionOrchestrator.execute(EngineExecutionOrchestrator.java:198) ~[junit-platform-launcher-1.10.1.jar:1.10.1]
	at org.junit.platform.launcher.core.EngineExecutionOrchestrator.execute(EngineExecutionOrchestrator.java:169) ~[junit-platform-launcher-1.10.1.jar:1.10.1]
	at org.junit.platform.launcher.core.EngineExecutionOrchestrator.execute(EngineExecutionOrchestrator.java:93) ~[junit-platform-launcher-1.10.1.jar:1.10.1]
	at org.junit.platform.launcher.core.EngineExecutionOrchestrator.lambda$execute$0(EngineExecutionOrchestrator.java:58) ~[junit-platform-launcher-1.10.1.jar:1.10.1]
	at org.junit.platform.launcher.core.EngineExecutionOrchestrator.withInterceptedStreams(EngineExecutionOrchestrator.java:141) ~[junit-platform-launcher-1.10.1.jar:1.10.1]
	at org.junit.platform.launcher.core.EngineExecutionOrchestrator.execute(EngineExecutionOrchestrator.java:57) ~[junit-platform-launcher-1.10.1.jar:1.10.1]
	at org.junit.platform.launcher.core.DefaultLauncher.execute(DefaultLauncher.java:103) ~[junit-platform-launcher-1.10.1.jar:1.10.1]
	at org.junit.platform.launcher.core.DefaultLauncher.execute(DefaultLauncher.java:85) ~[junit-platform-launcher-1.10.1.jar:1.10.1]
	at org.junit.platform.launcher.core.DelegatingLauncher.execute(DelegatingLauncher.java:47) ~[junit-platform-launcher-1.10.1.jar:1.10.1]
	at org.apache.maven.surefire.junitplatform.LazyLauncher.execute(LazyLauncher.java:56) ~[surefire-junit-platform-3.1.2.jar:3.1.2]
	at org.apache.maven.surefire.junitplatform.JUnitPlatformProvider.execute(JUnitPlatformProvider.java:184) ~[surefire-junit-platform-3.1.2.jar:3.1.2]
	at org.apache.maven.surefire.junitplatform.JUnitPlatformProvider.invokeAllTests(JUnitPlatformProvider.java:148) ~[surefire-junit-platform-3.1.2.jar:3.1.2]
	at org.apache.maven.surefire.junitplatform.JUnitPlatformProvider.invoke(JUnitPlatformProvider.java:122) ~[surefire-junit-platform-3.1.2.jar:3.1.2]
	at org.apache.maven.surefire.booter.ForkedBooter.runSuitesInProcess(ForkedBooter.java:385) ~[surefire-booter-3.1.2.jar:3.1.2]
	at org.apache.maven.surefire.booter.ForkedBooter.execute(ForkedBooter.java:162) ~[surefire-booter-3.1.2.jar:3.1.2]
	at org.apache.maven.surefire.booter.ForkedBooter.run(ForkedBooter.java:507) ~[surefire-booter-3.1.2.jar:3.1.2]
	at org.apache.maven.surefire.booter.ForkedBooter.main(ForkedBooter.java:495) ~[surefire-booter-3.1.2.jar:3.1.2]

2025-10-13T13:36:42.587+02:00  WARN 80616 --- [hexagonal-app] [           main] c.t.a.core.importer.ClassFileProcessor   : Error during import from jrt:/java.base/java/math/BigDecimal.class, falling back to simple import

java.lang.IllegalArgumentException: Unsupported class file major version 69
	at com.tngtech.archunit.thirdparty.org.objectweb.asm.ClassReader.<init>(ClassReader.java:200) ~[archunit-1.3.0.jar:1.3.0]
	at com.tngtech.archunit.thirdparty.org.objectweb.asm.ClassReader.<init>(ClassReader.java:180) ~[archunit-1.3.0.jar:1.3.0]
	at com.tngtech.archunit.thirdparty.org.objectweb.asm.ClassReader.<init>(ClassReader.java:166) ~[archunit-1.3.0.jar:1.3.0]
	at com.tngtech.archunit.thirdparty.org.objectweb.asm.ClassReader.<init>(ClassReader.java:288) ~[archunit-1.3.0.jar:1.3.0]
	at com.tngtech.archunit.core.importer.ClassFileProcessor$UriImporterOfProcessor.tryImport(ClassFileProcessor.java:350) ~[archunit-1.3.0.jar:1.3.0]
	at com.tngtech.archunit.core.importer.resolvers.ClassResolverFromClasspath.tryResolve(ClassResolverFromClasspath.java:51) ~[archunit-1.3.0.jar:1.3.0]
	at com.tngtech.archunit.core.importer.ImportedClasses.resolve(ImportedClasses.java:80) ~[archunit-1.3.0.jar:1.3.0]
	at com.tngtech.archunit.core.importer.ImportedClasses.getOrResolve(ImportedClasses.java:67) ~[archunit-1.3.0.jar:1.3.0]
	at com.tngtech.archunit.core.importer.DomainBuilders$JavaMemberBuilder.get(DomainBuilders.java:179) ~[archunit-1.3.0.jar:1.3.0]
	at com.tngtech.archunit.core.importer.DomainBuilders$JavaCodeUnitBuilder.getRawReturnType(DomainBuilders.java:289) ~[archunit-1.3.0.jar:1.3.0]
	at com.tngtech.archunit.core.domain.JavaCodeUnit$ReturnType.<init>(JavaCodeUnit.java:367) ~[archunit-1.3.0.jar:1.3.0]
	at com.tngtech.archunit.core.domain.JavaCodeUnit.<init>(JavaCodeUnit.java:81) ~[archunit-1.3.0.jar:1.3.0]
	at com.tngtech.archunit.core.domain.JavaMethod.<init>(JavaMethod.java:44) ~[archunit-1.3.0.jar:1.3.0]
	at com.tngtech.archunit.core.domain.DomainObjectCreationContext.createJavaMethod(DomainObjectCreationContext.java:144) ~[archunit-1.3.0.jar:1.3.0]
	at com.tngtech.archunit.core.importer.DomainBuilders$JavaMethodBuilder.construct(DomainBuilders.java:373) ~[archunit-1.3.0.jar:1.3.0]
	at com.tngtech.archunit.core.importer.DomainBuilders$JavaMethodBuilder.construct(DomainBuilders.java:358) ~[archunit-1.3.0.jar:1.3.0]
	at com.tngtech.archunit.core.importer.DomainBuilders$JavaMemberBuilder.build(DomainBuilders.java:206) ~[archunit-1.3.0.jar:1.3.0]
	at com.tngtech.archunit.core.importer.DomainBuilders$JavaMemberBuilder.build(DomainBuilders.java:138) ~[archunit-1.3.0.jar:1.3.0]
	at com.tngtech.archunit.core.importer.DomainBuilders$BuilderWithBuildParameter$BuildFinisher.lambda$build$0(DomainBuilders.java:892) ~[archunit-1.3.0.jar:1.3.0]
	at java.base/java.util.stream.ReferencePipeline$3$1.accept(ReferencePipeline.java:214) ~[na:na]
	at java.base/java.util.stream.ReferencePipeline$2$1.accept(ReferencePipeline.java:197) ~[na:na]
	at java.base/java.util.HashMap$KeySpliterator.forEachRemaining(HashMap.java:1716) ~[na:na]
	at java.base/java.util.stream.AbstractPipeline.copyInto(AbstractPipeline.java:570) ~[na:na]
	at java.base/java.util.stream.AbstractPipeline.wrapAndCopyInto(AbstractPipeline.java:560) ~[na:na]
	at java.base/java.util.stream.ReduceOps$ReduceOp.evaluateSequential(ReduceOps.java:921) ~[na:na]
	at java.base/java.util.stream.AbstractPipeline.evaluate(AbstractPipeline.java:265) ~[na:na]
	at java.base/java.util.stream.ReferencePipeline.collect(ReferencePipeline.java:723) ~[na:na]
	at com.tngtech.archunit.core.importer.DomainBuilders$BuilderWithBuildParameter$BuildFinisher.build(DomainBuilders.java:892) ~[archunit-1.3.0.jar:1.3.0]
	at com.tngtech.archunit.core.importer.ClassGraphCreator.createMethods(ClassGraphCreator.java:322) ~[archunit-1.3.0.jar:1.3.0]
	at com.tngtech.archunit.core.domain.JavaClassMembers.create(JavaClassMembers.java:352) ~[archunit-1.3.0.jar:1.3.0]
	at com.tngtech.archunit.core.domain.JavaClass.completeMembers(JavaClass.java:1477) ~[archunit-1.3.0.jar:1.3.0]
	at com.tngtech.archunit.core.domain.DomainObjectCreationContext.completeMembers(DomainObjectCreationContext.java:96) ~[archunit-1.3.0.jar:1.3.0]
	at com.tngtech.archunit.core.importer.ClassGraphCreator.completeClasses(ClassGraphCreator.java:120) ~[archunit-1.3.0.jar:1.3.0]
	at com.tngtech.archunit.core.importer.ClassGraphCreator.complete(ClassGraphCreator.java:108) ~[archunit-1.3.0.jar:1.3.0]
	at com.tngtech.archunit.core.importer.ClassFileProcessor.process(ClassFileProcessor.java:75) ~[archunit-1.3.0.jar:1.3.0]
	at com.tngtech.archunit.core.importer.ClassFileImporter.importLocations(ClassFileImporter.java:325) ~[archunit-1.3.0.jar:1.3.0]
	at com.tngtech.archunit.junit.internal.ClassCache$CacheClassFileImporter.importClasses(ClassCache.java:126) ~[archunit-junit5-engine-1.3.0.jar:1.3.0]
	at com.tngtech.archunit.junit.internal.ClassCache$LazyJavaClasses.initialize(ClassCache.java:118) ~[archunit-junit5-engine-1.3.0.jar:1.3.0]
	at com.tngtech.archunit.junit.internal.ClassCache$LazyJavaClasses.get(ClassCache.java:107) ~[archunit-junit5-engine-1.3.0.jar:1.3.0]
	at com.tngtech.archunit.junit.internal.ClassCache.getClassesToAnalyzeFor(ClassCache.java:84) ~[archunit-junit5-engine-1.3.0.jar:1.3.0]
	at com.tngtech.archunit.junit.internal.ArchUnitTestDescriptor.lambda$createChildren$1(ArchUnitTestDescriptor.java:90) ~[archunit-junit5-engine-1.3.0.jar:1.3.0]
	at com.tngtech.archunit.junit.internal.ArchUnitTestDescriptor$ArchUnitRuleDescriptor.execute(ArchUnitTestDescriptor.java:167) ~[archunit-junit5-engine-1.3.0.jar:1.3.0]
	at com.tngtech.archunit.junit.internal.ArchUnitTestDescriptor$ArchUnitRuleDescriptor.execute(ArchUnitTestDescriptor.java:150) ~[archunit-junit5-engine-1.3.0.jar:1.3.0]
	at org.junit.platform.engine.support.hierarchical.NodeTestTask.lambda$executeRecursively$6(NodeTestTask.java:151) ~[junit-platform-engine-1.10.1.jar:1.10.1]
	at org.junit.platform.engine.support.hierarchical.ThrowableCollector.execute(ThrowableCollector.java:73) ~[junit-platform-engine-1.10.1.jar:1.10.1]
	at org.junit.platform.engine.support.hierarchical.NodeTestTask.lambda$executeRecursively$8(NodeTestTask.java:141) ~[junit-platform-engine-1.10.1.jar:1.10.1]
	at org.junit.platform.engine.support.hierarchical.Node.around(Node.java:137) ~[junit-platform-engine-1.10.1.jar:1.10.1]
	at org.junit.platform.engine.support.hierarchical.NodeTestTask.lambda$executeRecursively$9(NodeTestTask.java:139) ~[junit-platform-engine-1.10.1.jar:1.10.1]
	at org.junit.platform.engine.support.hierarchical.ThrowableCollector.execute(ThrowableCollector.java:73) ~[junit-platform-engine-1.10.1.jar:1.10.1]
	at org.junit.platform.engine.support.hierarchical.NodeTestTask.executeRecursively(NodeTestTask.java:138) ~[junit-platform-engine-1.10.1.jar:1.10.1]
	at org.junit.platform.engine.support.hierarchical.NodeTestTask.execute(NodeTestTask.java:95) ~[junit-platform-engine-1.10.1.jar:1.10.1]
	at java.base/java.util.ArrayList.forEach(ArrayList.java:1604) ~[na:na]
	at org.junit.platform.engine.support.hierarchical.SameThreadHierarchicalTestExecutorService.invokeAll(SameThreadHierarchicalTestExecutorService.java:41) ~[junit-platform-engine-1.10.1.jar:1.10.1]
	at org.junit.platform.engine.support.hierarchical.NodeTestTask.lambda$executeRecursively$6(NodeTestTask.java:155) ~[junit-platform-engine-1.10.1.jar:1.10.1]
	at org.junit.platform.engine.support.hierarchical.ThrowableCollector.execute(ThrowableCollector.java:73) ~[junit-platform-engine-1.10.1.jar:1.10.1]
	at org.junit.platform.engine.support.hierarchical.NodeTestTask.lambda$executeRecursively$8(NodeTestTask.java:141) ~[junit-platform-engine-1.10.1.jar:1.10.1]
	at org.junit.platform.engine.support.hierarchical.Node.around(Node.java:137) ~[junit-platform-engine-1.10.1.jar:1.10.1]
	at org.junit.platform.engine.support.hierarchical.NodeTestTask.lambda$executeRecursively$9(NodeTestTask.java:139) ~[junit-platform-engine-1.10.1.jar:1.10.1]
	at org.junit.platform.engine.support.hierarchical.ThrowableCollector.execute(ThrowableCollector.java:73) ~[junit-platform-engine-1.10.1.jar:1.10.1]
	at org.junit.platform.engine.support.hierarchical.NodeTestTask.executeRecursively(NodeTestTask.java:138) ~[junit-platform-engine-1.10.1.jar:1.10.1]
	at org.junit.platform.engine.support.hierarchical.NodeTestTask.execute(NodeTestTask.java:95) ~[junit-platform-engine-1.10.1.jar:1.10.1]
	at java.base/java.util.ArrayList.forEach(ArrayList.java:1604) ~[na:na]
	at org.junit.platform.engine.support.hierarchical.SameThreadHierarchicalTestExecutorService.invokeAll(SameThreadHierarchicalTestExecutorService.java:41) ~[junit-platform-engine-1.10.1.jar:1.10.1]
	at org.junit.platform.engine.support.hierarchical.NodeTestTask.lambda$executeRecursively$6(NodeTestTask.java:155) ~[junit-platform-engine-1.10.1.jar:1.10.1]
	at org.junit.platform.engine.support.hierarchical.ThrowableCollector.execute(ThrowableCollector.java:73) ~[junit-platform-engine-1.10.1.jar:1.10.1]
	at org.junit.platform.engine.support.hierarchical.NodeTestTask.lambda$executeRecursively$8(NodeTestTask.java:141) ~[junit-platform-engine-1.10.1.jar:1.10.1]
	at org.junit.platform.engine.support.hierarchical.Node.around(Node.java:137) ~[junit-platform-engine-1.10.1.jar:1.10.1]
	at org.junit.platform.engine.support.hierarchical.NodeTestTask.lambda$executeRecursively$9(NodeTestTask.java:139) ~[junit-platform-engine-1.10.1.jar:1.10.1]
	at org.junit.platform.engine.support.hierarchical.ThrowableCollector.execute(ThrowableCollector.java:73) ~[junit-platform-engine-1.10.1.jar:1.10.1]
	at org.junit.platform.engine.support.hierarchical.NodeTestTask.executeRecursively(NodeTestTask.java:138) ~[junit-platform-engine-1.10.1.jar:1.10.1]
	at org.junit.platform.engine.support.hierarchical.NodeTestTask.execute(NodeTestTask.java:95) ~[junit-platform-engine-1.10.1.jar:1.10.1]
	at org.junit.platform.engine.support.hierarchical.SameThreadHierarchicalTestExecutorService.submit(SameThreadHierarchicalTestExecutorService.java:35) ~[junit-platform-engine-1.10.1.jar:1.10.1]
	at org.junit.platform.engine.support.hierarchical.HierarchicalTestExecutor.execute(HierarchicalTestExecutor.java:57) ~[junit-platform-engine-1.10.1.jar:1.10.1]
	at org.junit.platform.engine.support.hierarchical.HierarchicalTestEngine.execute(HierarchicalTestEngine.java:54) ~[junit-platform-engine-1.10.1.jar:1.10.1]
	at org.junit.platform.launcher.core.EngineExecutionOrchestrator.execute(EngineExecutionOrchestrator.java:198) ~[junit-platform-launcher-1.10.1.jar:1.10.1]
	at org.junit.platform.launcher.core.EngineExecutionOrchestrator.execute(EngineExecutionOrchestrator.java:169) ~[junit-platform-launcher-1.10.1.jar:1.10.1]
	at org.junit.platform.launcher.core.EngineExecutionOrchestrator.execute(EngineExecutionOrchestrator.java:93) ~[junit-platform-launcher-1.10.1.jar:1.10.1]
	at org.junit.platform.launcher.core.EngineExecutionOrchestrator.lambda$execute$0(EngineExecutionOrchestrator.java:58) ~[junit-platform-launcher-1.10.1.jar:1.10.1]
	at org.junit.platform.launcher.core.EngineExecutionOrchestrator.withInterceptedStreams(EngineExecutionOrchestrator.java:141) ~[junit-platform-launcher-1.10.1.jar:1.10.1]
	at org.junit.platform.launcher.core.EngineExecutionOrchestrator.execute(EngineExecutionOrchestrator.java:57) ~[junit-platform-launcher-1.10.1.jar:1.10.1]
	at org.junit.platform.launcher.core.DefaultLauncher.execute(DefaultLauncher.java:103) ~[junit-platform-launcher-1.10.1.jar:1.10.1]
	at org.junit.platform.launcher.core.DefaultLauncher.execute(DefaultLauncher.java:85) ~[junit-platform-launcher-1.10.1.jar:1.10.1]
	at org.junit.platform.launcher.core.DelegatingLauncher.execute(DelegatingLauncher.java:47) ~[junit-platform-launcher-1.10.1.jar:1.10.1]
	at org.apache.maven.surefire.junitplatform.LazyLauncher.execute(LazyLauncher.java:56) ~[surefire-junit-platform-3.1.2.jar:3.1.2]
	at org.apache.maven.surefire.junitplatform.JUnitPlatformProvider.execute(JUnitPlatformProvider.java:184) ~[surefire-junit-platform-3.1.2.jar:3.1.2]
	at org.apache.maven.surefire.junitplatform.JUnitPlatformProvider.invokeAllTests(JUnitPlatformProvider.java:148) ~[surefire-junit-platform-3.1.2.jar:3.1.2]
	at org.apache.maven.surefire.junitplatform.JUnitPlatformProvider.invoke(JUnitPlatformProvider.java:122) ~[surefire-junit-platform-3.1.2.jar:3.1.2]
	at org.apache.maven.surefire.booter.ForkedBooter.runSuitesInProcess(ForkedBooter.java:385) ~[surefire-booter-3.1.2.jar:3.1.2]
	at org.apache.maven.surefire.booter.ForkedBooter.execute(ForkedBooter.java:162) ~[surefire-booter-3.1.2.jar:3.1.2]
	at org.apache.maven.surefire.booter.ForkedBooter.run(ForkedBooter.java:507) ~[surefire-booter-3.1.2.jar:3.1.2]
	at org.apache.maven.surefire.booter.ForkedBooter.main(ForkedBooter.java:495) ~[surefire-booter-3.1.2.jar:3.1.2]

2025-10-13T13:36:42.591+02:00  WARN 80616 --- [hexagonal-app] [           main] c.t.a.core.importer.ClassFileProcessor   : Error during import from jrt:/java.base/java/util/concurrent/ConcurrentHashMap.class, falling back to simple import

java.lang.IllegalArgumentException: Unsupported class file major version 69
	at com.tngtech.archunit.thirdparty.org.objectweb.asm.ClassReader.<init>(ClassReader.java:200) ~[archunit-1.3.0.jar:1.3.0]
	at com.tngtech.archunit.thirdparty.org.objectweb.asm.ClassReader.<init>(ClassReader.java:180) ~[archunit-1.3.0.jar:1.3.0]
	at com.tngtech.archunit.thirdparty.org.objectweb.asm.ClassReader.<init>(ClassReader.java:166) ~[archunit-1.3.0.jar:1.3.0]
	at com.tngtech.archunit.thirdparty.org.objectweb.asm.ClassReader.<init>(ClassReader.java:288) ~[archunit-1.3.0.jar:1.3.0]
	at com.tngtech.archunit.core.importer.ClassFileProcessor$UriImporterOfProcessor.tryImport(ClassFileProcessor.java:350) ~[archunit-1.3.0.jar:1.3.0]
	at com.tngtech.archunit.core.importer.resolvers.ClassResolverFromClasspath.tryResolve(ClassResolverFromClasspath.java:51) ~[archunit-1.3.0.jar:1.3.0]
	at com.tngtech.archunit.core.importer.ImportedClasses.resolve(ImportedClasses.java:80) ~[archunit-1.3.0.jar:1.3.0]
	at com.tngtech.archunit.core.importer.ImportedClasses.getOrResolve(ImportedClasses.java:67) ~[archunit-1.3.0.jar:1.3.0]
	at com.tngtech.archunit.core.importer.DomainBuilders$JavaParameterizedTypeBuilder.build(DomainBuilders.java:845) ~[archunit-1.3.0.jar:1.3.0]
	at com.tngtech.archunit.core.importer.SignatureTypeArgumentProcessor$NewJavaTypeCreationProcess.finish(SignatureTypeArgumentProcessor.java:170) ~[archunit-1.3.0.jar:1.3.0]
	at com.tngtech.archunit.core.importer.SignatureTypeArgumentProcessor$NewJavaTypeCreationProcess.finish(SignatureTypeArgumentProcessor.java:155) ~[archunit-1.3.0.jar:1.3.0]
	at com.tngtech.archunit.core.importer.DomainBuilders$JavaFieldBuilder.getType(DomainBuilders.java:226) ~[archunit-1.3.0.jar:1.3.0]
	at com.tngtech.archunit.core.domain.JavaField.<init>(JavaField.java:40) ~[archunit-1.3.0.jar:1.3.0]
	at com.tngtech.archunit.core.domain.DomainObjectCreationContext.createJavaField(DomainObjectCreationContext.java:108) ~[archunit-1.3.0.jar:1.3.0]
	at com.tngtech.archunit.core.importer.DomainBuilders$JavaFieldBuilder.construct(DomainBuilders.java:236) ~[archunit-1.3.0.jar:1.3.0]
	at com.tngtech.archunit.core.importer.DomainBuilders$JavaFieldBuilder.construct(DomainBuilders.java:210) ~[archunit-1.3.0.jar:1.3.0]
	at com.tngtech.archunit.core.importer.DomainBuilders$JavaMemberBuilder.build(DomainBuilders.java:206) ~[archunit-1.3.0.jar:1.3.0]
	at com.tngtech.archunit.core.importer.DomainBuilders$JavaMemberBuilder.build(DomainBuilders.java:138) ~[archunit-1.3.0.jar:1.3.0]
	at com.tngtech.archunit.core.importer.DomainBuilders$BuilderWithBuildParameter$BuildFinisher.lambda$build$0(DomainBuilders.java:892) ~[archunit-1.3.0.jar:1.3.0]
	at java.base/java.util.stream.ReferencePipeline$3$1.accept(ReferencePipeline.java:214) ~[na:na]
	at java.base/java.util.HashMap$KeySpliterator.forEachRemaining(HashMap.java:1716) ~[na:na]
	at java.base/java.util.stream.AbstractPipeline.copyInto(AbstractPipeline.java:570) ~[na:na]
	at java.base/java.util.stream.AbstractPipeline.wrapAndCopyInto(AbstractPipeline.java:560) ~[na:na]
	at java.base/java.util.stream.ReduceOps$ReduceOp.evaluateSequential(ReduceOps.java:921) ~[na:na]
	at java.base/java.util.stream.AbstractPipeline.evaluate(AbstractPipeline.java:265) ~[na:na]
	at java.base/java.util.stream.ReferencePipeline.collect(ReferencePipeline.java:723) ~[na:na]
	at com.tngtech.archunit.core.importer.DomainBuilders$BuilderWithBuildParameter$BuildFinisher.build(DomainBuilders.java:892) ~[archunit-1.3.0.jar:1.3.0]
	at com.tngtech.archunit.core.importer.DomainBuilders$BuilderWithBuildParameter$BuildFinisher.build(DomainBuilders.java:882) ~[archunit-1.3.0.jar:1.3.0]
	at com.tngtech.archunit.core.importer.ClassGraphCreator.createFields(ClassGraphCreator.java:309) ~[archunit-1.3.0.jar:1.3.0]
	at com.tngtech.archunit.core.domain.JavaClassMembers.create(JavaClassMembers.java:351) ~[archunit-1.3.0.jar:1.3.0]
	at com.tngtech.archunit.core.domain.JavaClass.completeMembers(JavaClass.java:1477) ~[archunit-1.3.0.jar:1.3.0]
	at com.tngtech.archunit.core.domain.DomainObjectCreationContext.completeMembers(DomainObjectCreationContext.java:96) ~[archunit-1.3.0.jar:1.3.0]
	at com.tngtech.archunit.core.importer.ClassGraphCreator.completeClasses(ClassGraphCreator.java:120) ~[archunit-1.3.0.jar:1.3.0]
	at com.tngtech.archunit.core.importer.ClassGraphCreator.complete(ClassGraphCreator.java:108) ~[archunit-1.3.0.jar:1.3.0]
	at com.tngtech.archunit.core.importer.ClassFileProcessor.process(ClassFileProcessor.java:75) ~[archunit-1.3.0.jar:1.3.0]
	at com.tngtech.archunit.core.importer.ClassFileImporter.importLocations(ClassFileImporter.java:325) ~[archunit-1.3.0.jar:1.3.0]
	at com.tngtech.archunit.junit.internal.ClassCache$CacheClassFileImporter.importClasses(ClassCache.java:126) ~[archunit-junit5-engine-1.3.0.jar:1.3.0]
	at com.tngtech.archunit.junit.internal.ClassCache$LazyJavaClasses.initialize(ClassCache.java:118) ~[archunit-junit5-engine-1.3.0.jar:1.3.0]
	at com.tngtech.archunit.junit.internal.ClassCache$LazyJavaClasses.get(ClassCache.java:107) ~[archunit-junit5-engine-1.3.0.jar:1.3.0]
	at com.tngtech.archunit.junit.internal.ClassCache.getClassesToAnalyzeFor(ClassCache.java:84) ~[archunit-junit5-engine-1.3.0.jar:1.3.0]
	at com.tngtech.archunit.junit.internal.ArchUnitTestDescriptor.lambda$createChildren$1(ArchUnitTestDescriptor.java:90) ~[archunit-junit5-engine-1.3.0.jar:1.3.0]
	at com.tngtech.archunit.junit.internal.ArchUnitTestDescriptor$ArchUnitRuleDescriptor.execute(ArchUnitTestDescriptor.java:167) ~[archunit-junit5-engine-1.3.0.jar:1.3.0]
	at com.tngtech.archunit.junit.internal.ArchUnitTestDescriptor$ArchUnitRuleDescriptor.execute(ArchUnitTestDescriptor.java:150) ~[archunit-junit5-engine-1.3.0.jar:1.3.0]
	at org.junit.platform.engine.support.hierarchical.NodeTestTask.lambda$executeRecursively$6(NodeTestTask.java:151) ~[junit-platform-engine-1.10.1.jar:1.10.1]
	at org.junit.platform.engine.support.hierarchical.ThrowableCollector.execute(ThrowableCollector.java:73) ~[junit-platform-engine-1.10.1.jar:1.10.1]
	at org.junit.platform.engine.support.hierarchical.NodeTestTask.lambda$executeRecursively$8(NodeTestTask.java:141) ~[junit-platform-engine-1.10.1.jar:1.10.1]
	at org.junit.platform.engine.support.hierarchical.Node.around(Node.java:137) ~[junit-platform-engine-1.10.1.jar:1.10.1]
	at org.junit.platform.engine.support.hierarchical.NodeTestTask.lambda$executeRecursively$9(NodeTestTask.java:139) ~[junit-platform-engine-1.10.1.jar:1.10.1]
	at org.junit.platform.engine.support.hierarchical.ThrowableCollector.execute(ThrowableCollector.java:73) ~[junit-platform-engine-1.10.1.jar:1.10.1]
	at org.junit.platform.engine.support.hierarchical.NodeTestTask.executeRecursively(NodeTestTask.java:138) ~[junit-platform-engine-1.10.1.jar:1.10.1]
	at org.junit.platform.engine.support.hierarchical.NodeTestTask.execute(NodeTestTask.java:95) ~[junit-platform-engine-1.10.1.jar:1.10.1]
	at java.base/java.util.ArrayList.forEach(ArrayList.java:1604) ~[na:na]
	at org.junit.platform.engine.support.hierarchical.SameThreadHierarchicalTestExecutorService.invokeAll(SameThreadHierarchicalTestExecutorService.java:41) ~[junit-platform-engine-1.10.1.jar:1.10.1]
	at org.junit.platform.engine.support.hierarchical.NodeTestTask.lambda$executeRecursively$6(NodeTestTask.java:155) ~[junit-platform-engine-1.10.1.jar:1.10.1]
	at org.junit.platform.engine.support.hierarchical.ThrowableCollector.execute(ThrowableCollector.java:73) ~[junit-platform-engine-1.10.1.jar:1.10.1]
	at org.junit.platform.engine.support.hierarchical.NodeTestTask.lambda$executeRecursively$8(NodeTestTask.java:141) ~[junit-platform-engine-1.10.1.jar:1.10.1]
	at org.junit.platform.engine.support.hierarchical.Node.around(Node.java:137) ~[junit-platform-engine-1.10.1.jar:1.10.1]
	at org.junit.platform.engine.support.hierarchical.NodeTestTask.lambda$executeRecursively$9(NodeTestTask.java:139) ~[junit-platform-engine-1.10.1.jar:1.10.1]
	at org.junit.platform.engine.support.hierarchical.ThrowableCollector.execute(ThrowableCollector.java:73) ~[junit-platform-engine-1.10.1.jar:1.10.1]
	at org.junit.platform.engine.support.hierarchical.NodeTestTask.executeRecursively(NodeTestTask.java:138) ~[junit-platform-engine-1.10.1.jar:1.10.1]
	at org.junit.platform.engine.support.hierarchical.NodeTestTask.execute(NodeTestTask.java:95) ~[junit-platform-engine-1.10.1.jar:1.10.1]
	at java.base/java.util.ArrayList.forEach(ArrayList.java:1604) ~[na:na]
	at org.junit.platform.engine.support.hierarchical.SameThreadHierarchicalTestExecutorService.invokeAll(SameThreadHierarchicalTestExecutorService.java:41) ~[junit-platform-engine-1.10.1.jar:1.10.1]
	at org.junit.platform.engine.support.hierarchical.NodeTestTask.lambda$executeRecursively$6(NodeTestTask.java:155) ~[junit-platform-engine-1.10.1.jar:1.10.1]
	at org.junit.platform.engine.support.hierarchical.ThrowableCollector.execute(ThrowableCollector.java:73) ~[junit-platform-engine-1.10.1.jar:1.10.1]
	at org.junit.platform.engine.support.hierarchical.NodeTestTask.lambda$executeRecursively$8(NodeTestTask.java:141) ~[junit-platform-engine-1.10.1.jar:1.10.1]
	at org.junit.platform.engine.support.hierarchical.Node.around(Node.java:137) ~[junit-platform-engine-1.10.1.jar:1.10.1]
	at org.junit.platform.engine.support.hierarchical.NodeTestTask.lambda$executeRecursively$9(NodeTestTask.java:139) ~[junit-platform-engine-1.10.1.jar:1.10.1]
	at org.junit.platform.engine.support.hierarchical.ThrowableCollector.execute(ThrowableCollector.java:73) ~[junit-platform-engine-1.10.1.jar:1.10.1]
	at org.junit.platform.engine.support.hierarchical.NodeTestTask.executeRecursively(NodeTestTask.java:138) ~[junit-platform-engine-1.10.1.jar:1.10.1]
	at org.junit.platform.engine.support.hierarchical.NodeTestTask.execute(NodeTestTask.java:95) ~[junit-platform-engine-1.10.1.jar:1.10.1]
	at org.junit.platform.engine.support.hierarchical.SameThreadHierarchicalTestExecutorService.submit(SameThreadHierarchicalTestExecutorService.java:35) ~[junit-platform-engine-1.10.1.jar:1.10.1]
	at org.junit.platform.engine.support.hierarchical.HierarchicalTestExecutor.execute(HierarchicalTestExecutor.java:57) ~[junit-platform-engine-1.10.1.jar:1.10.1]
	at org.junit.platform.engine.support.hierarchical.HierarchicalTestEngine.execute(HierarchicalTestEngine.java:54) ~[junit-platform-engine-1.10.1.jar:1.10.1]
	at org.junit.platform.launcher.core.EngineExecutionOrchestrator.execute(EngineExecutionOrchestrator.java:198) ~[junit-platform-launcher-1.10.1.jar:1.10.1]
	at org.junit.platform.launcher.core.EngineExecutionOrchestrator.execute(EngineExecutionOrchestrator.java:169) ~[junit-platform-launcher-1.10.1.jar:1.10.1]
	at org.junit.platform.launcher.core.EngineExecutionOrchestrator.execute(EngineExecutionOrchestrator.java:93) ~[junit-platform-launcher-1.10.1.jar:1.10.1]
	at org.junit.platform.launcher.core.EngineExecutionOrchestrator.lambda$execute$0(EngineExecutionOrchestrator.java:58) ~[junit-platform-launcher-1.10.1.jar:1.10.1]
	at org.junit.platform.launcher.core.EngineExecutionOrchestrator.withInterceptedStreams(EngineExecutionOrchestrator.java:141) ~[junit-platform-launcher-1.10.1.jar:1.10.1]
	at org.junit.platform.launcher.core.EngineExecutionOrchestrator.execute(EngineExecutionOrchestrator.java:57) ~[junit-platform-launcher-1.10.1.jar:1.10.1]
	at org.junit.platform.launcher.core.DefaultLauncher.execute(DefaultLauncher.java:103) ~[junit-platform-launcher-1.10.1.jar:1.10.1]
	at org.junit.platform.launcher.core.DefaultLauncher.execute(DefaultLauncher.java:85) ~[junit-platform-launcher-1.10.1.jar:1.10.1]
	at org.junit.platform.launcher.core.DelegatingLauncher.execute(DelegatingLauncher.java:47) ~[junit-platform-launcher-1.10.1.jar:1.10.1]
	at org.apache.maven.surefire.junitplatform.LazyLauncher.execute(LazyLauncher.java:56) ~[surefire-junit-platform-3.1.2.jar:3.1.2]
	at org.apache.maven.surefire.junitplatform.JUnitPlatformProvider.execute(JUnitPlatformProvider.java:184) ~[surefire-junit-platform-3.1.2.jar:3.1.2]
	at org.apache.maven.surefire.junitplatform.JUnitPlatformProvider.invokeAllTests(JUnitPlatformProvider.java:148) ~[surefire-junit-platform-3.1.2.jar:3.1.2]
	at org.apache.maven.surefire.junitplatform.JUnitPlatformProvider.invoke(JUnitPlatformProvider.java:122) ~[surefire-junit-platform-3.1.2.jar:3.1.2]
	at org.apache.maven.surefire.booter.ForkedBooter.runSuitesInProcess(ForkedBooter.java:385) ~[surefire-booter-3.1.2.jar:3.1.2]
	at org.apache.maven.surefire.booter.ForkedBooter.execute(ForkedBooter.java:162) ~[surefire-booter-3.1.2.jar:3.1.2]
	at org.apache.maven.surefire.booter.ForkedBooter.run(ForkedBooter.java:507) ~[surefire-booter-3.1.2.jar:3.1.2]
	at org.apache.maven.surefire.booter.ForkedBooter.main(ForkedBooter.java:495) ~[surefire-booter-3.1.2.jar:3.1.2]

2025-10-13T13:36:42.594+02:00  WARN 80616 --- [hexagonal-app] [           main] c.t.a.core.importer.ClassFileProcessor   : Error during import from jrt:/java.base/java/io/File.class, falling back to simple import

java.lang.IllegalArgumentException: Unsupported class file major version 69
	at com.tngtech.archunit.thirdparty.org.objectweb.asm.ClassReader.<init>(ClassReader.java:200) ~[archunit-1.3.0.jar:1.3.0]
	at com.tngtech.archunit.thirdparty.org.objectweb.asm.ClassReader.<init>(ClassReader.java:180) ~[archunit-1.3.0.jar:1.3.0]
	at com.tngtech.archunit.thirdparty.org.objectweb.asm.ClassReader.<init>(ClassReader.java:166) ~[archunit-1.3.0.jar:1.3.0]
	at com.tngtech.archunit.thirdparty.org.objectweb.asm.ClassReader.<init>(ClassReader.java:288) ~[archunit-1.3.0.jar:1.3.0]
	at com.tngtech.archunit.core.importer.ClassFileProcessor$UriImporterOfProcessor.tryImport(ClassFileProcessor.java:350) ~[archunit-1.3.0.jar:1.3.0]
	at com.tngtech.archunit.core.importer.resolvers.ClassResolverFromClasspath.tryResolve(ClassResolverFromClasspath.java:51) ~[archunit-1.3.0.jar:1.3.0]
	at com.tngtech.archunit.core.importer.ImportedClasses.resolve(ImportedClasses.java:80) ~[archunit-1.3.0.jar:1.3.0]
	at com.tngtech.archunit.core.importer.ImportedClasses.getOrResolve(ImportedClasses.java:67) ~[archunit-1.3.0.jar:1.3.0]
	at com.tngtech.archunit.core.importer.DomainBuilders$JavaMemberBuilder.get(DomainBuilders.java:179) ~[archunit-1.3.0.jar:1.3.0]
	at com.tngtech.archunit.core.importer.DomainBuilders$JavaCodeUnitBuilder.asJavaClasses(DomainBuilders.java:329) ~[archunit-1.3.0.jar:1.3.0]
	at com.tngtech.archunit.core.importer.DomainBuilders$JavaCodeUnitBuilder.getRawParameterTypes(DomainBuilders.java:303) ~[archunit-1.3.0.jar:1.3.0]
	at com.tngtech.archunit.core.domain.JavaCodeUnit$Parameters.<init>(JavaCodeUnit.java:317) ~[archunit-1.3.0.jar:1.3.0]
	at com.tngtech.archunit.core.domain.JavaCodeUnit.<init>(JavaCodeUnit.java:82) ~[archunit-1.3.0.jar:1.3.0]
	at com.tngtech.archunit.core.domain.JavaMethod.<init>(JavaMethod.java:44) ~[archunit-1.3.0.jar:1.3.0]
	at com.tngtech.archunit.core.domain.DomainObjectCreationContext.createJavaMethod(DomainObjectCreationContext.java:144) ~[archunit-1.3.0.jar:1.3.0]
	at com.tngtech.archunit.core.importer.DomainBuilders$JavaMethodBuilder.construct(DomainBuilders.java:373) ~[archunit-1.3.0.jar:1.3.0]
	at com.tngtech.archunit.core.importer.DomainBuilders$JavaMethodBuilder.construct(DomainBuilders.java:358) ~[archunit-1.3.0.jar:1.3.0]
	at com.tngtech.archunit.core.importer.DomainBuilders$JavaMemberBuilder.build(DomainBuilders.java:206) ~[archunit-1.3.0.jar:1.3.0]
	at com.tngtech.archunit.core.importer.DomainBuilders$JavaMemberBuilder.build(DomainBuilders.java:138) ~[archunit-1.3.0.jar:1.3.0]
	at com.tngtech.archunit.core.importer.DomainBuilders$BuilderWithBuildParameter$BuildFinisher.lambda$build$0(DomainBuilders.java:892) ~[archunit-1.3.0.jar:1.3.0]
	at java.base/java.util.stream.ReferencePipeline$3$1.accept(ReferencePipeline.java:214) ~[na:na]
	at java.base/java.util.stream.ReferencePipeline$2$1.accept(ReferencePipeline.java:197) ~[na:na]
	at java.base/java.util.HashMap$KeySpliterator.forEachRemaining(HashMap.java:1716) ~[na:na]
	at java.base/java.util.stream.AbstractPipeline.copyInto(AbstractPipeline.java:570) ~[na:na]
	at java.base/java.util.stream.AbstractPipeline.wrapAndCopyInto(AbstractPipeline.java:560) ~[na:na]
	at java.base/java.util.stream.ReduceOps$ReduceOp.evaluateSequential(ReduceOps.java:921) ~[na:na]
	at java.base/java.util.stream.AbstractPipeline.evaluate(AbstractPipeline.java:265) ~[na:na]
	at java.base/java.util.stream.ReferencePipeline.collect(ReferencePipeline.java:723) ~[na:na]
	at com.tngtech.archunit.core.importer.DomainBuilders$BuilderWithBuildParameter$BuildFinisher.build(DomainBuilders.java:892) ~[archunit-1.3.0.jar:1.3.0]
	at com.tngtech.archunit.core.importer.ClassGraphCreator.createMethods(ClassGraphCreator.java:322) ~[archunit-1.3.0.jar:1.3.0]
	at com.tngtech.archunit.core.domain.JavaClassMembers.create(JavaClassMembers.java:352) ~[archunit-1.3.0.jar:1.3.0]
	at com.tngtech.archunit.core.domain.JavaClass.completeMembers(JavaClass.java:1477) ~[archunit-1.3.0.jar:1.3.0]
	at com.tngtech.archunit.core.domain.DomainObjectCreationContext.completeMembers(DomainObjectCreationContext.java:96) ~[archunit-1.3.0.jar:1.3.0]
	at com.tngtech.archunit.core.importer.ClassGraphCreator.completeClasses(ClassGraphCreator.java:120) ~[archunit-1.3.0.jar:1.3.0]
	at com.tngtech.archunit.core.importer.ClassGraphCreator.complete(ClassGraphCreator.java:108) ~[archunit-1.3.0.jar:1.3.0]
	at com.tngtech.archunit.core.importer.ClassFileProcessor.process(ClassFileProcessor.java:75) ~[archunit-1.3.0.jar:1.3.0]
	at com.tngtech.archunit.core.importer.ClassFileImporter.importLocations(ClassFileImporter.java:325) ~[archunit-1.3.0.jar:1.3.0]
	at com.tngtech.archunit.junit.internal.ClassCache$CacheClassFileImporter.importClasses(ClassCache.java:126) ~[archunit-junit5-engine-1.3.0.jar:1.3.0]
	at com.tngtech.archunit.junit.internal.ClassCache$LazyJavaClasses.initialize(ClassCache.java:118) ~[archunit-junit5-engine-1.3.0.jar:1.3.0]
	at com.tngtech.archunit.junit.internal.ClassCache$LazyJavaClasses.get(ClassCache.java:107) ~[archunit-junit5-engine-1.3.0.jar:1.3.0]
	at com.tngtech.archunit.junit.internal.ClassCache.getClassesToAnalyzeFor(ClassCache.java:84) ~[archunit-junit5-engine-1.3.0.jar:1.3.0]
	at com.tngtech.archunit.junit.internal.ArchUnitTestDescriptor.lambda$createChildren$1(ArchUnitTestDescriptor.java:90) ~[archunit-junit5-engine-1.3.0.jar:1.3.0]
	at com.tngtech.archunit.junit.internal.ArchUnitTestDescriptor$ArchUnitRuleDescriptor.execute(ArchUnitTestDescriptor.java:167) ~[archunit-junit5-engine-1.3.0.jar:1.3.0]
	at com.tngtech.archunit.junit.internal.ArchUnitTestDescriptor$ArchUnitRuleDescriptor.execute(ArchUnitTestDescriptor.java:150) ~[archunit-junit5-engine-1.3.0.jar:1.3.0]
	at org.junit.platform.engine.support.hierarchical.NodeTestTask.lambda$executeRecursively$6(NodeTestTask.java:151) ~[junit-platform-engine-1.10.1.jar:1.10.1]
	at org.junit.platform.engine.support.hierarchical.ThrowableCollector.execute(ThrowableCollector.java:73) ~[junit-platform-engine-1.10.1.jar:1.10.1]
	at org.junit.platform.engine.support.hierarchical.NodeTestTask.lambda$executeRecursively$8(NodeTestTask.java:141) ~[junit-platform-engine-1.10.1.jar:1.10.1]
	at org.junit.platform.engine.support.hierarchical.Node.around(Node.java:137) ~[junit-platform-engine-1.10.1.jar:1.10.1]
	at org.junit.platform.engine.support.hierarchical.NodeTestTask.lambda$executeRecursively$9(NodeTestTask.java:139) ~[junit-platform-engine-1.10.1.jar:1.10.1]
	at org.junit.platform.engine.support.hierarchical.ThrowableCollector.execute(ThrowableCollector.java:73) ~[junit-platform-engine-1.10.1.jar:1.10.1]
	at org.junit.platform.engine.support.hierarchical.NodeTestTask.executeRecursively(NodeTestTask.java:138) ~[junit-platform-engine-1.10.1.jar:1.10.1]
	at org.junit.platform.engine.support.hierarchical.NodeTestTask.execute(NodeTestTask.java:95) ~[junit-platform-engine-1.10.1.jar:1.10.1]
	at java.base/java.util.ArrayList.forEach(ArrayList.java:1604) ~[na:na]
	at org.junit.platform.engine.support.hierarchical.SameThreadHierarchicalTestExecutorService.invokeAll(SameThreadHierarchicalTestExecutorService.java:41) ~[junit-platform-engine-1.10.1.jar:1.10.1]
	at org.junit.platform.engine.support.hierarchical.NodeTestTask.lambda$executeRecursively$6(NodeTestTask.java:155) ~[junit-platform-engine-1.10.1.jar:1.10.1]
	at org.junit.platform.engine.support.hierarchical.ThrowableCollector.execute(ThrowableCollector.java:73) ~[junit-platform-engine-1.10.1.jar:1.10.1]
	at org.junit.platform.engine.support.hierarchical.NodeTestTask.lambda$executeRecursively$8(NodeTestTask.java:141) ~[junit-platform-engine-1.10.1.jar:1.10.1]
	at org.junit.platform.engine.support.hierarchical.Node.around(Node.java:137) ~[junit-platform-engine-1.10.1.jar:1.10.1]
	at org.junit.platform.engine.support.hierarchical.NodeTestTask.lambda$executeRecursively$9(NodeTestTask.java:139) ~[junit-platform-engine-1.10.1.jar:1.10.1]
	at org.junit.platform.engine.support.hierarchical.ThrowableCollector.execute(ThrowableCollector.java:73) ~[junit-platform-engine-1.10.1.jar:1.10.1]
	at org.junit.platform.engine.support.hierarchical.NodeTestTask.executeRecursively(NodeTestTask.java:138) ~[junit-platform-engine-1.10.1.jar:1.10.1]
	at org.junit.platform.engine.support.hierarchical.NodeTestTask.execute(NodeTestTask.java:95) ~[junit-platform-engine-1.10.1.jar:1.10.1]
	at java.base/java.util.ArrayList.forEach(ArrayList.java:1604) ~[na:na]
	at org.junit.platform.engine.support.hierarchical.SameThreadHierarchicalTestExecutorService.invokeAll(SameThreadHierarchicalTestExecutorService.java:41) ~[junit-platform-engine-1.10.1.jar:1.10.1]
	at org.junit.platform.engine.support.hierarchical.NodeTestTask.lambda$executeRecursively$6(NodeTestTask.java:155) ~[junit-platform-engine-1.10.1.jar:1.10.1]
	at org.junit.platform.engine.support.hierarchical.ThrowableCollector.execute(ThrowableCollector.java:73) ~[junit-platform-engine-1.10.1.jar:1.10.1]
	at org.junit.platform.engine.support.hierarchical.NodeTestTask.lambda$executeRecursively$8(NodeTestTask.java:141) ~[junit-platform-engine-1.10.1.jar:1.10.1]
	at org.junit.platform.engine.support.hierarchical.Node.around(Node.java:137) ~[junit-platform-engine-1.10.1.jar:1.10.1]
	at org.junit.platform.engine.support.hierarchical.NodeTestTask.lambda$executeRecursively$9(NodeTestTask.java:139) ~[junit-platform-engine-1.10.1.jar:1.10.1]
	at org.junit.platform.engine.support.hierarchical.ThrowableCollector.execute(ThrowableCollector.java:73) ~[junit-platform-engine-1.10.1.jar:1.10.1]
	at org.junit.platform.engine.support.hierarchical.NodeTestTask.executeRecursively(NodeTestTask.java:138) ~[junit-platform-engine-1.10.1.jar:1.10.1]
	at org.junit.platform.engine.support.hierarchical.NodeTestTask.execute(NodeTestTask.java:95) ~[junit-platform-engine-1.10.1.jar:1.10.1]
	at org.junit.platform.engine.support.hierarchical.SameThreadHierarchicalTestExecutorService.submit(SameThreadHierarchicalTestExecutorService.java:35) ~[junit-platform-engine-1.10.1.jar:1.10.1]
	at org.junit.platform.engine.support.hierarchical.HierarchicalTestExecutor.execute(HierarchicalTestExecutor.java:57) ~[junit-platform-engine-1.10.1.jar:1.10.1]
	at org.junit.platform.engine.support.hierarchical.HierarchicalTestEngine.execute(HierarchicalTestEngine.java:54) ~[junit-platform-engine-1.10.1.jar:1.10.1]
	at org.junit.platform.launcher.core.EngineExecutionOrchestrator.execute(EngineExecutionOrchestrator.java:198) ~[junit-platform-launcher-1.10.1.jar:1.10.1]
	at org.junit.platform.launcher.core.EngineExecutionOrchestrator.execute(EngineExecutionOrchestrator.java:169) ~[junit-platform-launcher-1.10.1.jar:1.10.1]
	at org.junit.platform.launcher.core.EngineExecutionOrchestrator.execute(EngineExecutionOrchestrator.java:93) ~[junit-platform-launcher-1.10.1.jar:1.10.1]
	at org.junit.platform.launcher.core.EngineExecutionOrchestrator.lambda$execute$0(EngineExecutionOrchestrator.java:58) ~[junit-platform-launcher-1.10.1.jar:1.10.1]
	at org.junit.platform.launcher.core.EngineExecutionOrchestrator.withInterceptedStreams(EngineExecutionOrchestrator.java:141) ~[junit-platform-launcher-1.10.1.jar:1.10.1]
	at org.junit.platform.launcher.core.EngineExecutionOrchestrator.execute(EngineExecutionOrchestrator.java:57) ~[junit-platform-launcher-1.10.1.jar:1.10.1]
	at org.junit.platform.launcher.core.DefaultLauncher.execute(DefaultLauncher.java:103) ~[junit-platform-launcher-1.10.1.jar:1.10.1]
	at org.junit.platform.launcher.core.DefaultLauncher.execute(DefaultLauncher.java:85) ~[junit-platform-launcher-1.10.1.jar:1.10.1]
	at org.junit.platform.launcher.core.DelegatingLauncher.execute(DelegatingLauncher.java:47) ~[junit-platform-launcher-1.10.1.jar:1.10.1]
	at org.apache.maven.surefire.junitplatform.LazyLauncher.execute(LazyLauncher.java:56) ~[surefire-junit-platform-3.1.2.jar:3.1.2]
	at org.apache.maven.surefire.junitplatform.JUnitPlatformProvider.execute(JUnitPlatformProvider.java:184) ~[surefire-junit-platform-3.1.2.jar:3.1.2]
	at org.apache.maven.surefire.junitplatform.JUnitPlatformProvider.invokeAllTests(JUnitPlatformProvider.java:148) ~[surefire-junit-platform-3.1.2.jar:3.1.2]
	at org.apache.maven.surefire.junitplatform.JUnitPlatformProvider.invoke(JUnitPlatformProvider.java:122) ~[surefire-junit-platform-3.1.2.jar:3.1.2]
	at org.apache.maven.surefire.booter.ForkedBooter.runSuitesInProcess(ForkedBooter.java:385) ~[surefire-booter-3.1.2.jar:3.1.2]
	at org.apache.maven.surefire.booter.ForkedBooter.execute(ForkedBooter.java:162) ~[surefire-booter-3.1.2.jar:3.1.2]
	at org.apache.maven.surefire.booter.ForkedBooter.run(ForkedBooter.java:507) ~[surefire-booter-3.1.2.jar:3.1.2]
	at org.apache.maven.surefire.booter.ForkedBooter.main(ForkedBooter.java:495) ~[surefire-booter-3.1.2.jar:3.1.2]

2025-10-13T13:36:42.596+02:00  WARN 80616 --- [hexagonal-app] [           main] c.t.a.core.importer.ClassFileProcessor   : Error during import from jrt:/java.base/java/io/Reader.class, falling back to simple import

java.lang.IllegalArgumentException: Unsupported class file major version 69
	at com.tngtech.archunit.thirdparty.org.objectweb.asm.ClassReader.<init>(ClassReader.java:200) ~[archunit-1.3.0.jar:1.3.0]
	at com.tngtech.archunit.thirdparty.org.objectweb.asm.ClassReader.<init>(ClassReader.java:180) ~[archunit-1.3.0.jar:1.3.0]
	at com.tngtech.archunit.thirdparty.org.objectweb.asm.ClassReader.<init>(ClassReader.java:166) ~[archunit-1.3.0.jar:1.3.0]
	at com.tngtech.archunit.thirdparty.org.objectweb.asm.ClassReader.<init>(ClassReader.java:288) ~[archunit-1.3.0.jar:1.3.0]
	at com.tngtech.archunit.core.importer.ClassFileProcessor$UriImporterOfProcessor.tryImport(ClassFileProcessor.java:350) ~[archunit-1.3.0.jar:1.3.0]
	at com.tngtech.archunit.core.importer.resolvers.ClassResolverFromClasspath.tryResolve(ClassResolverFromClasspath.java:51) ~[archunit-1.3.0.jar:1.3.0]
	at com.tngtech.archunit.core.importer.ImportedClasses.resolve(ImportedClasses.java:80) ~[archunit-1.3.0.jar:1.3.0]
	at com.tngtech.archunit.core.importer.ImportedClasses.getOrResolve(ImportedClasses.java:67) ~[archunit-1.3.0.jar:1.3.0]
	at com.tngtech.archunit.core.importer.DomainBuilders$JavaMemberBuilder.get(DomainBuilders.java:179) ~[archunit-1.3.0.jar:1.3.0]
	at com.tngtech.archunit.core.importer.DomainBuilders$JavaCodeUnitBuilder.asJavaClasses(DomainBuilders.java:329) ~[archunit-1.3.0.jar:1.3.0]
	at com.tngtech.archunit.core.importer.DomainBuilders$JavaCodeUnitBuilder.getRawParameterTypes(DomainBuilders.java:303) ~[archunit-1.3.0.jar:1.3.0]
	at com.tngtech.archunit.core.domain.JavaCodeUnit$Parameters.<init>(JavaCodeUnit.java:317) ~[archunit-1.3.0.jar:1.3.0]
	at com.tngtech.archunit.core.domain.JavaCodeUnit.<init>(JavaCodeUnit.java:82) ~[archunit-1.3.0.jar:1.3.0]
	at com.tngtech.archunit.core.domain.JavaMethod.<init>(JavaMethod.java:44) ~[archunit-1.3.0.jar:1.3.0]
	at com.tngtech.archunit.core.domain.DomainObjectCreationContext.createJavaMethod(DomainObjectCreationContext.java:144) ~[archunit-1.3.0.jar:1.3.0]
	at com.tngtech.archunit.core.importer.DomainBuilders$JavaMethodBuilder.construct(DomainBuilders.java:373) ~[archunit-1.3.0.jar:1.3.0]
	at com.tngtech.archunit.core.importer.DomainBuilders$JavaMethodBuilder.construct(DomainBuilders.java:358) ~[archunit-1.3.0.jar:1.3.0]
	at com.tngtech.archunit.core.importer.DomainBuilders$JavaMemberBuilder.build(DomainBuilders.java:206) ~[archunit-1.3.0.jar:1.3.0]
	at com.tngtech.archunit.core.importer.DomainBuilders$JavaMemberBuilder.build(DomainBuilders.java:138) ~[archunit-1.3.0.jar:1.3.0]
	at com.tngtech.archunit.core.importer.DomainBuilders$BuilderWithBuildParameter$BuildFinisher.lambda$build$0(DomainBuilders.java:892) ~[archunit-1.3.0.jar:1.3.0]
	at java.base/java.util.stream.ReferencePipeline$3$1.accept(ReferencePipeline.java:214) ~[na:na]
	at java.base/java.util.stream.ReferencePipeline$2$1.accept(ReferencePipeline.java:197) ~[na:na]
	at java.base/java.util.HashMap$KeySpliterator.forEachRemaining(HashMap.java:1716) ~[na:na]
	at java.base/java.util.stream.AbstractPipeline.copyInto(AbstractPipeline.java:570) ~[na:na]
	at java.base/java.util.stream.AbstractPipeline.wrapAndCopyInto(AbstractPipeline.java:560) ~[na:na]
	at java.base/java.util.stream.ReduceOps$ReduceOp.evaluateSequential(ReduceOps.java:921) ~[na:na]
	at java.base/java.util.stream.AbstractPipeline.evaluate(AbstractPipeline.java:265) ~[na:na]
	at java.base/java.util.stream.ReferencePipeline.collect(ReferencePipeline.java:723) ~[na:na]
	at com.tngtech.archunit.core.importer.DomainBuilders$BuilderWithBuildParameter$BuildFinisher.build(DomainBuilders.java:892) ~[archunit-1.3.0.jar:1.3.0]
	at com.tngtech.archunit.core.importer.ClassGraphCreator.createMethods(ClassGraphCreator.java:322) ~[archunit-1.3.0.jar:1.3.0]
	at com.tngtech.archunit.core.domain.JavaClassMembers.create(JavaClassMembers.java:352) ~[archunit-1.3.0.jar:1.3.0]
	at com.tngtech.archunit.core.domain.JavaClass.completeMembers(JavaClass.java:1477) ~[archunit-1.3.0.jar:1.3.0]
	at com.tngtech.archunit.core.domain.DomainObjectCreationContext.completeMembers(DomainObjectCreationContext.java:96) ~[archunit-1.3.0.jar:1.3.0]
	at com.tngtech.archunit.core.importer.ClassGraphCreator.completeClasses(ClassGraphCreator.java:120) ~[archunit-1.3.0.jar:1.3.0]
	at com.tngtech.archunit.core.importer.ClassGraphCreator.complete(ClassGraphCreator.java:108) ~[archunit-1.3.0.jar:1.3.0]
	at com.tngtech.archunit.core.importer.ClassFileProcessor.process(ClassFileProcessor.java:75) ~[archunit-1.3.0.jar:1.3.0]
	at com.tngtech.archunit.core.importer.ClassFileImporter.importLocations(ClassFileImporter.java:325) ~[archunit-1.3.0.jar:1.3.0]
	at com.tngtech.archunit.junit.internal.ClassCache$CacheClassFileImporter.importClasses(ClassCache.java:126) ~[archunit-junit5-engine-1.3.0.jar:1.3.0]
	at com.tngtech.archunit.junit.internal.ClassCache$LazyJavaClasses.initialize(ClassCache.java:118) ~[archunit-junit5-engine-1.3.0.jar:1.3.0]
	at com.tngtech.archunit.junit.internal.ClassCache$LazyJavaClasses.get(ClassCache.java:107) ~[archunit-junit5-engine-1.3.0.jar:1.3.0]
	at com.tngtech.archunit.junit.internal.ClassCache.getClassesToAnalyzeFor(ClassCache.java:84) ~[archunit-junit5-engine-1.3.0.jar:1.3.0]
	at com.tngtech.archunit.junit.internal.ArchUnitTestDescriptor.lambda$createChildren$1(ArchUnitTestDescriptor.java:90) ~[archunit-junit5-engine-1.3.0.jar:1.3.0]
	at com.tngtech.archunit.junit.internal.ArchUnitTestDescriptor$ArchUnitRuleDescriptor.execute(ArchUnitTestDescriptor.java:167) ~[archunit-junit5-engine-1.3.0.jar:1.3.0]
	at com.tngtech.archunit.junit.internal.ArchUnitTestDescriptor$ArchUnitRuleDescriptor.execute(ArchUnitTestDescriptor.java:150) ~[archunit-junit5-engine-1.3.0.jar:1.3.0]
	at org.junit.platform.engine.support.hierarchical.NodeTestTask.lambda$executeRecursively$6(NodeTestTask.java:151) ~[junit-platform-engine-1.10.1.jar:1.10.1]
	at org.junit.platform.engine.support.hierarchical.ThrowableCollector.execute(ThrowableCollector.java:73) ~[junit-platform-engine-1.10.1.jar:1.10.1]
	at org.junit.platform.engine.support.hierarchical.NodeTestTask.lambda$executeRecursively$8(NodeTestTask.java:141) ~[junit-platform-engine-1.10.1.jar:1.10.1]
	at org.junit.platform.engine.support.hierarchical.Node.around(Node.java:137) ~[junit-platform-engine-1.10.1.jar:1.10.1]
	at org.junit.platform.engine.support.hierarchical.NodeTestTask.lambda$executeRecursively$9(NodeTestTask.java:139) ~[junit-platform-engine-1.10.1.jar:1.10.1]
	at org.junit.platform.engine.support.hierarchical.ThrowableCollector.execute(ThrowableCollector.java:73) ~[junit-platform-engine-1.10.1.jar:1.10.1]
	at org.junit.platform.engine.support.hierarchical.NodeTestTask.executeRecursively(NodeTestTask.java:138) ~[junit-platform-engine-1.10.1.jar:1.10.1]
	at org.junit.platform.engine.support.hierarchical.NodeTestTask.execute(NodeTestTask.java:95) ~[junit-platform-engine-1.10.1.jar:1.10.1]
	at java.base/java.util.ArrayList.forEach(ArrayList.java:1604) ~[na:na]
	at org.junit.platform.engine.support.hierarchical.SameThreadHierarchicalTestExecutorService.invokeAll(SameThreadHierarchicalTestExecutorService.java:41) ~[junit-platform-engine-1.10.1.jar:1.10.1]
	at org.junit.platform.engine.support.hierarchical.NodeTestTask.lambda$executeRecursively$6(NodeTestTask.java:155) ~[junit-platform-engine-1.10.1.jar:1.10.1]
	at org.junit.platform.engine.support.hierarchical.ThrowableCollector.execute(ThrowableCollector.java:73) ~[junit-platform-engine-1.10.1.jar:1.10.1]
	at org.junit.platform.engine.support.hierarchical.NodeTestTask.lambda$executeRecursively$8(NodeTestTask.java:141) ~[junit-platform-engine-1.10.1.jar:1.10.1]
	at org.junit.platform.engine.support.hierarchical.Node.around(Node.java:137) ~[junit-platform-engine-1.10.1.jar:1.10.1]
	at org.junit.platform.engine.support.hierarchical.NodeTestTask.lambda$executeRecursively$9(NodeTestTask.java:139) ~[junit-platform-engine-1.10.1.jar:1.10.1]
	at org.junit.platform.engine.support.hierarchical.ThrowableCollector.execute(ThrowableCollector.java:73) ~[junit-platform-engine-1.10.1.jar:1.10.1]
	at org.junit.platform.engine.support.hierarchical.NodeTestTask.executeRecursively(NodeTestTask.java:138) ~[junit-platform-engine-1.10.1.jar:1.10.1]
	at org.junit.platform.engine.support.hierarchical.NodeTestTask.execute(NodeTestTask.java:95) ~[junit-platform-engine-1.10.1.jar:1.10.1]
	at java.base/java.util.ArrayList.forEach(ArrayList.java:1604) ~[na:na]
	at org.junit.platform.engine.support.hierarchical.SameThreadHierarchicalTestExecutorService.invokeAll(SameThreadHierarchicalTestExecutorService.java:41) ~[junit-platform-engine-1.10.1.jar:1.10.1]
	at org.junit.platform.engine.support.hierarchical.NodeTestTask.lambda$executeRecursively$6(NodeTestTask.java:155) ~[junit-platform-engine-1.10.1.jar:1.10.1]
	at org.junit.platform.engine.support.hierarchical.ThrowableCollector.execute(ThrowableCollector.java:73) ~[junit-platform-engine-1.10.1.jar:1.10.1]
	at org.junit.platform.engine.support.hierarchical.NodeTestTask.lambda$executeRecursively$8(NodeTestTask.java:141) ~[junit-platform-engine-1.10.1.jar:1.10.1]
	at org.junit.platform.engine.support.hierarchical.Node.around(Node.java:137) ~[junit-platform-engine-1.10.1.jar:1.10.1]
	at org.junit.platform.engine.support.hierarchical.NodeTestTask.lambda$executeRecursively$9(NodeTestTask.java:139) ~[junit-platform-engine-1.10.1.jar:1.10.1]
	at org.junit.platform.engine.support.hierarchical.ThrowableCollector.execute(ThrowableCollector.java:73) ~[junit-platform-engine-1.10.1.jar:1.10.1]
	at org.junit.platform.engine.support.hierarchical.NodeTestTask.executeRecursively(NodeTestTask.java:138) ~[junit-platform-engine-1.10.1.jar:1.10.1]
	at org.junit.platform.engine.support.hierarchical.NodeTestTask.execute(NodeTestTask.java:95) ~[junit-platform-engine-1.10.1.jar:1.10.1]
	at org.junit.platform.engine.support.hierarchical.SameThreadHierarchicalTestExecutorService.submit(SameThreadHierarchicalTestExecutorService.java:35) ~[junit-platform-engine-1.10.1.jar:1.10.1]
	at org.junit.platform.engine.support.hierarchical.HierarchicalTestExecutor.execute(HierarchicalTestExecutor.java:57) ~[junit-platform-engine-1.10.1.jar:1.10.1]
	at org.junit.platform.engine.support.hierarchical.HierarchicalTestEngine.execute(HierarchicalTestEngine.java:54) ~[junit-platform-engine-1.10.1.jar:1.10.1]
	at org.junit.platform.launcher.core.EngineExecutionOrchestrator.execute(EngineExecutionOrchestrator.java:198) ~[junit-platform-launcher-1.10.1.jar:1.10.1]
	at org.junit.platform.launcher.core.EngineExecutionOrchestrator.execute(EngineExecutionOrchestrator.java:169) ~[junit-platform-launcher-1.10.1.jar:1.10.1]
	at org.junit.platform.launcher.core.EngineExecutionOrchestrator.execute(EngineExecutionOrchestrator.java:93) ~[junit-platform-launcher-1.10.1.jar:1.10.1]
	at org.junit.platform.launcher.core.EngineExecutionOrchestrator.lambda$execute$0(EngineExecutionOrchestrator.java:58) ~[junit-platform-launcher-1.10.1.jar:1.10.1]
	at org.junit.platform.launcher.core.EngineExecutionOrchestrator.withInterceptedStreams(EngineExecutionOrchestrator.java:141) ~[junit-platform-launcher-1.10.1.jar:1.10.1]
	at org.junit.platform.launcher.core.EngineExecutionOrchestrator.execute(EngineExecutionOrchestrator.java:57) ~[junit-platform-launcher-1.10.1.jar:1.10.1]
	at org.junit.platform.launcher.core.DefaultLauncher.execute(DefaultLauncher.java:103) ~[junit-platform-launcher-1.10.1.jar:1.10.1]
	at org.junit.platform.launcher.core.DefaultLauncher.execute(DefaultLauncher.java:85) ~[junit-platform-launcher-1.10.1.jar:1.10.1]
	at org.junit.platform.launcher.core.DelegatingLauncher.execute(DelegatingLauncher.java:47) ~[junit-platform-launcher-1.10.1.jar:1.10.1]
	at org.apache.maven.surefire.junitplatform.LazyLauncher.execute(LazyLauncher.java:56) ~[surefire-junit-platform-3.1.2.jar:3.1.2]
	at org.apache.maven.surefire.junitplatform.JUnitPlatformProvider.execute(JUnitPlatformProvider.java:184) ~[surefire-junit-platform-3.1.2.jar:3.1.2]
	at org.apache.maven.surefire.junitplatform.JUnitPlatformProvider.invokeAllTests(JUnitPlatformProvider.java:148) ~[surefire-junit-platform-3.1.2.jar:3.1.2]
	at org.apache.maven.surefire.junitplatform.JUnitPlatformProvider.invoke(JUnitPlatformProvider.java:122) ~[surefire-junit-platform-3.1.2.jar:3.1.2]
	at org.apache.maven.surefire.booter.ForkedBooter.runSuitesInProcess(ForkedBooter.java:385) ~[surefire-booter-3.1.2.jar:3.1.2]
	at org.apache.maven.surefire.booter.ForkedBooter.execute(ForkedBooter.java:162) ~[surefire-booter-3.1.2.jar:3.1.2]
	at org.apache.maven.surefire.booter.ForkedBooter.run(ForkedBooter.java:507) ~[surefire-booter-3.1.2.jar:3.1.2]
	at org.apache.maven.surefire.booter.ForkedBooter.main(ForkedBooter.java:495) ~[surefire-booter-3.1.2.jar:3.1.2]

2025-10-13T13:36:42.596+02:00  WARN 80616 --- [hexagonal-app] [           main] c.t.a.core.importer.ClassFileProcessor   : Error during import from jrt:/java.base/java/util/TimeZone.class, falling back to simple import

java.lang.IllegalArgumentException: Unsupported class file major version 69
	at com.tngtech.archunit.thirdparty.org.objectweb.asm.ClassReader.<init>(ClassReader.java:200) ~[archunit-1.3.0.jar:1.3.0]
	at com.tngtech.archunit.thirdparty.org.objectweb.asm.ClassReader.<init>(ClassReader.java:180) ~[archunit-1.3.0.jar:1.3.0]
	at com.tngtech.archunit.thirdparty.org.objectweb.asm.ClassReader.<init>(ClassReader.java:166) ~[archunit-1.3.0.jar:1.3.0]
	at com.tngtech.archunit.thirdparty.org.objectweb.asm.ClassReader.<init>(ClassReader.java:288) ~[archunit-1.3.0.jar:1.3.0]
	at com.tngtech.archunit.core.importer.ClassFileProcessor$UriImporterOfProcessor.tryImport(ClassFileProcessor.java:350) ~[archunit-1.3.0.jar:1.3.0]
	at com.tngtech.archunit.core.importer.resolvers.ClassResolverFromClasspath.tryResolve(ClassResolverFromClasspath.java:51) ~[archunit-1.3.0.jar:1.3.0]
	at com.tngtech.archunit.core.importer.ImportedClasses.resolve(ImportedClasses.java:80) ~[archunit-1.3.0.jar:1.3.0]
	at com.tngtech.archunit.core.importer.ImportedClasses.getOrResolve(ImportedClasses.java:67) ~[archunit-1.3.0.jar:1.3.0]
	at com.tngtech.archunit.core.importer.DomainBuilders$JavaMemberBuilder.get(DomainBuilders.java:179) ~[archunit-1.3.0.jar:1.3.0]
	at com.tngtech.archunit.core.importer.DomainBuilders$JavaCodeUnitBuilder.asJavaClasses(DomainBuilders.java:329) ~[archunit-1.3.0.jar:1.3.0]
	at com.tngtech.archunit.core.importer.DomainBuilders$JavaCodeUnitBuilder.getRawParameterTypes(DomainBuilders.java:303) ~[archunit-1.3.0.jar:1.3.0]
	at com.tngtech.archunit.core.domain.JavaCodeUnit$Parameters.<init>(JavaCodeUnit.java:317) ~[archunit-1.3.0.jar:1.3.0]
	at com.tngtech.archunit.core.domain.JavaCodeUnit.<init>(JavaCodeUnit.java:82) ~[archunit-1.3.0.jar:1.3.0]
	at com.tngtech.archunit.core.domain.JavaMethod.<init>(JavaMethod.java:44) ~[archunit-1.3.0.jar:1.3.0]
	at com.tngtech.archunit.core.domain.DomainObjectCreationContext.createJavaMethod(DomainObjectCreationContext.java:144) ~[archunit-1.3.0.jar:1.3.0]
	at com.tngtech.archunit.core.importer.DomainBuilders$JavaMethodBuilder.construct(DomainBuilders.java:373) ~[archunit-1.3.0.jar:1.3.0]
	at com.tngtech.archunit.core.importer.DomainBuilders$JavaMethodBuilder.construct(DomainBuilders.java:358) ~[archunit-1.3.0.jar:1.3.0]
	at com.tngtech.archunit.core.importer.DomainBuilders$JavaMemberBuilder.build(DomainBuilders.java:206) ~[archunit-1.3.0.jar:1.3.0]
	at com.tngtech.archunit.core.importer.DomainBuilders$JavaMemberBuilder.build(DomainBuilders.java:138) ~[archunit-1.3.0.jar:1.3.0]
	at com.tngtech.archunit.core.importer.DomainBuilders$BuilderWithBuildParameter$BuildFinisher.lambda$build$0(DomainBuilders.java:892) ~[archunit-1.3.0.jar:1.3.0]
	at java.base/java.util.stream.ReferencePipeline$3$1.accept(ReferencePipeline.java:214) ~[na:na]
	at java.base/java.util.stream.ReferencePipeline$2$1.accept(ReferencePipeline.java:197) ~[na:na]
	at java.base/java.util.HashMap$KeySpliterator.forEachRemaining(HashMap.java:1716) ~[na:na]
	at java.base/java.util.stream.AbstractPipeline.copyInto(AbstractPipeline.java:570) ~[na:na]
	at java.base/java.util.stream.AbstractPipeline.wrapAndCopyInto(AbstractPipeline.java:560) ~[na:na]
	at java.base/java.util.stream.ReduceOps$ReduceOp.evaluateSequential(ReduceOps.java:921) ~[na:na]
	at java.base/java.util.stream.AbstractPipeline.evaluate(AbstractPipeline.java:265) ~[na:na]
	at java.base/java.util.stream.ReferencePipeline.collect(ReferencePipeline.java:723) ~[na:na]
	at com.tngtech.archunit.core.importer.DomainBuilders$BuilderWithBuildParameter$BuildFinisher.build(DomainBuilders.java:892) ~[archunit-1.3.0.jar:1.3.0]
	at com.tngtech.archunit.core.importer.ClassGraphCreator.createMethods(ClassGraphCreator.java:322) ~[archunit-1.3.0.jar:1.3.0]
	at com.tngtech.archunit.core.domain.JavaClassMembers.create(JavaClassMembers.java:352) ~[archunit-1.3.0.jar:1.3.0]
	at com.tngtech.archunit.core.domain.JavaClass.completeMembers(JavaClass.java:1477) ~[archunit-1.3.0.jar:1.3.0]
	at com.tngtech.archunit.core.domain.DomainObjectCreationContext.completeMembers(DomainObjectCreationContext.java:96) ~[archunit-1.3.0.jar:1.3.0]
	at com.tngtech.archunit.core.importer.ClassGraphCreator.completeClasses(ClassGraphCreator.java:120) ~[archunit-1.3.0.jar:1.3.0]
	at com.tngtech.archunit.core.importer.ClassGraphCreator.complete(ClassGraphCreator.java:108) ~[archunit-1.3.0.jar:1.3.0]
	at com.tngtech.archunit.core.importer.ClassFileProcessor.process(ClassFileProcessor.java:75) ~[archunit-1.3.0.jar:1.3.0]
	at com.tngtech.archunit.core.importer.ClassFileImporter.importLocations(ClassFileImporter.java:325) ~[archunit-1.3.0.jar:1.3.0]
	at com.tngtech.archunit.junit.internal.ClassCache$CacheClassFileImporter.importClasses(ClassCache.java:126) ~[archunit-junit5-engine-1.3.0.jar:1.3.0]
	at com.tngtech.archunit.junit.internal.ClassCache$LazyJavaClasses.initialize(ClassCache.java:118) ~[archunit-junit5-engine-1.3.0.jar:1.3.0]
	at com.tngtech.archunit.junit.internal.ClassCache$LazyJavaClasses.get(ClassCache.java:107) ~[archunit-junit5-engine-1.3.0.jar:1.3.0]
	at com.tngtech.archunit.junit.internal.ClassCache.getClassesToAnalyzeFor(ClassCache.java:84) ~[archunit-junit5-engine-1.3.0.jar:1.3.0]
	at com.tngtech.archunit.junit.internal.ArchUnitTestDescriptor.lambda$createChildren$1(ArchUnitTestDescriptor.java:90) ~[archunit-junit5-engine-1.3.0.jar:1.3.0]
	at com.tngtech.archunit.junit.internal.ArchUnitTestDescriptor$ArchUnitRuleDescriptor.execute(ArchUnitTestDescriptor.java:167) ~[archunit-junit5-engine-1.3.0.jar:1.3.0]
	at com.tngtech.archunit.junit.internal.ArchUnitTestDescriptor$ArchUnitRuleDescriptor.execute(ArchUnitTestDescriptor.java:150) ~[archunit-junit5-engine-1.3.0.jar:1.3.0]
	at org.junit.platform.engine.support.hierarchical.NodeTestTask.lambda$executeRecursively$6(NodeTestTask.java:151) ~[junit-platform-engine-1.10.1.jar:1.10.1]
	at org.junit.platform.engine.support.hierarchical.ThrowableCollector.execute(ThrowableCollector.java:73) ~[junit-platform-engine-1.10.1.jar:1.10.1]
	at org.junit.platform.engine.support.hierarchical.NodeTestTask.lambda$executeRecursively$8(NodeTestTask.java:141) ~[junit-platform-engine-1.10.1.jar:1.10.1]
	at org.junit.platform.engine.support.hierarchical.Node.around(Node.java:137) ~[junit-platform-engine-1.10.1.jar:1.10.1]
	at org.junit.platform.engine.support.hierarchical.NodeTestTask.lambda$executeRecursively$9(NodeTestTask.java:139) ~[junit-platform-engine-1.10.1.jar:1.10.1]
	at org.junit.platform.engine.support.hierarchical.ThrowableCollector.execute(ThrowableCollector.java:73) ~[junit-platform-engine-1.10.1.jar:1.10.1]
	at org.junit.platform.engine.support.hierarchical.NodeTestTask.executeRecursively(NodeTestTask.java:138) ~[junit-platform-engine-1.10.1.jar:1.10.1]
	at org.junit.platform.engine.support.hierarchical.NodeTestTask.execute(NodeTestTask.java:95) ~[junit-platform-engine-1.10.1.jar:1.10.1]
	at java.base/java.util.ArrayList.forEach(ArrayList.java:1604) ~[na:na]
	at org.junit.platform.engine.support.hierarchical.SameThreadHierarchicalTestExecutorService.invokeAll(SameThreadHierarchicalTestExecutorService.java:41) ~[junit-platform-engine-1.10.1.jar:1.10.1]
	at org.junit.platform.engine.support.hierarchical.NodeTestTask.lambda$executeRecursively$6(NodeTestTask.java:155) ~[junit-platform-engine-1.10.1.jar:1.10.1]
	at org.junit.platform.engine.support.hierarchical.ThrowableCollector.execute(ThrowableCollector.java:73) ~[junit-platform-engine-1.10.1.jar:1.10.1]
	at org.junit.platform.engine.support.hierarchical.NodeTestTask.lambda$executeRecursively$8(NodeTestTask.java:141) ~[junit-platform-engine-1.10.1.jar:1.10.1]
	at org.junit.platform.engine.support.hierarchical.Node.around(Node.java:137) ~[junit-platform-engine-1.10.1.jar:1.10.1]
	at org.junit.platform.engine.support.hierarchical.NodeTestTask.lambda$executeRecursively$9(NodeTestTask.java:139) ~[junit-platform-engine-1.10.1.jar:1.10.1]
	at org.junit.platform.engine.support.hierarchical.ThrowableCollector.execute(ThrowableCollector.java:73) ~[junit-platform-engine-1.10.1.jar:1.10.1]
	at org.junit.platform.engine.support.hierarchical.NodeTestTask.executeRecursively(NodeTestTask.java:138) ~[junit-platform-engine-1.10.1.jar:1.10.1]
	at org.junit.platform.engine.support.hierarchical.NodeTestTask.execute(NodeTestTask.java:95) ~[junit-platform-engine-1.10.1.jar:1.10.1]
	at java.base/java.util.ArrayList.forEach(ArrayList.java:1604) ~[na:na]
	at org.junit.platform.engine.support.hierarchical.SameThreadHierarchicalTestExecutorService.invokeAll(SameThreadHierarchicalTestExecutorService.java:41) ~[junit-platform-engine-1.10.1.jar:1.10.1]
	at org.junit.platform.engine.support.hierarchical.NodeTestTask.lambda$executeRecursively$6(NodeTestTask.java:155) ~[junit-platform-engine-1.10.1.jar:1.10.1]
	at org.junit.platform.engine.support.hierarchical.ThrowableCollector.execute(ThrowableCollector.java:73) ~[junit-platform-engine-1.10.1.jar:1.10.1]
	at org.junit.platform.engine.support.hierarchical.NodeTestTask.lambda$executeRecursively$8(NodeTestTask.java:141) ~[junit-platform-engine-1.10.1.jar:1.10.1]
	at org.junit.platform.engine.support.hierarchical.Node.around(Node.java:137) ~[junit-platform-engine-1.10.1.jar:1.10.1]
	at org.junit.platform.engine.support.hierarchical.NodeTestTask.lambda$executeRecursively$9(NodeTestTask.java:139) ~[junit-platform-engine-1.10.1.jar:1.10.1]
	at org.junit.platform.engine.support.hierarchical.ThrowableCollector.execute(ThrowableCollector.java:73) ~[junit-platform-engine-1.10.1.jar:1.10.1]
	at org.junit.platform.engine.support.hierarchical.NodeTestTask.executeRecursively(NodeTestTask.java:138) ~[junit-platform-engine-1.10.1.jar:1.10.1]
	at org.junit.platform.engine.support.hierarchical.NodeTestTask.execute(NodeTestTask.java:95) ~[junit-platform-engine-1.10.1.jar:1.10.1]
	at org.junit.platform.engine.support.hierarchical.SameThreadHierarchicalTestExecutorService.submit(SameThreadHierarchicalTestExecutorService.java:35) ~[junit-platform-engine-1.10.1.jar:1.10.1]
	at org.junit.platform.engine.support.hierarchical.HierarchicalTestExecutor.execute(HierarchicalTestExecutor.java:57) ~[junit-platform-engine-1.10.1.jar:1.10.1]
	at org.junit.platform.engine.support.hierarchical.HierarchicalTestEngine.execute(HierarchicalTestEngine.java:54) ~[junit-platform-engine-1.10.1.jar:1.10.1]
	at org.junit.platform.launcher.core.EngineExecutionOrchestrator.execute(EngineExecutionOrchestrator.java:198) ~[junit-platform-launcher-1.10.1.jar:1.10.1]
	at org.junit.platform.launcher.core.EngineExecutionOrchestrator.execute(EngineExecutionOrchestrator.java:169) ~[junit-platform-launcher-1.10.1.jar:1.10.1]
	at org.junit.platform.launcher.core.EngineExecutionOrchestrator.execute(EngineExecutionOrchestrator.java:93) ~[junit-platform-launcher-1.10.1.jar:1.10.1]
	at org.junit.platform.launcher.core.EngineExecutionOrchestrator.lambda$execute$0(EngineExecutionOrchestrator.java:58) ~[junit-platform-launcher-1.10.1.jar:1.10.1]
	at org.junit.platform.launcher.core.EngineExecutionOrchestrator.withInterceptedStreams(EngineExecutionOrchestrator.java:141) ~[junit-platform-launcher-1.10.1.jar:1.10.1]
	at org.junit.platform.launcher.core.EngineExecutionOrchestrator.execute(EngineExecutionOrchestrator.java:57) ~[junit-platform-launcher-1.10.1.jar:1.10.1]
	at org.junit.platform.launcher.core.DefaultLauncher.execute(DefaultLauncher.java:103) ~[junit-platform-launcher-1.10.1.jar:1.10.1]
	at org.junit.platform.launcher.core.DefaultLauncher.execute(DefaultLauncher.java:85) ~[junit-platform-launcher-1.10.1.jar:1.10.1]
	at org.junit.platform.launcher.core.DelegatingLauncher.execute(DelegatingLauncher.java:47) ~[junit-platform-launcher-1.10.1.jar:1.10.1]
	at org.apache.maven.surefire.junitplatform.LazyLauncher.execute(LazyLauncher.java:56) ~[surefire-junit-platform-3.1.2.jar:3.1.2]
	at org.apache.maven.surefire.junitplatform.JUnitPlatformProvider.execute(JUnitPlatformProvider.java:184) ~[surefire-junit-platform-3.1.2.jar:3.1.2]
	at org.apache.maven.surefire.junitplatform.JUnitPlatformProvider.invokeAllTests(JUnitPlatformProvider.java:148) ~[surefire-junit-platform-3.1.2.jar:3.1.2]
	at org.apache.maven.surefire.junitplatform.JUnitPlatformProvider.invoke(JUnitPlatformProvider.java:122) ~[surefire-junit-platform-3.1.2.jar:3.1.2]
	at org.apache.maven.surefire.booter.ForkedBooter.runSuitesInProcess(ForkedBooter.java:385) ~[surefire-booter-3.1.2.jar:3.1.2]
	at org.apache.maven.surefire.booter.ForkedBooter.execute(ForkedBooter.java:162) ~[surefire-booter-3.1.2.jar:3.1.2]
	at org.apache.maven.surefire.booter.ForkedBooter.run(ForkedBooter.java:507) ~[surefire-booter-3.1.2.jar:3.1.2]
	at org.apache.maven.surefire.booter.ForkedBooter.main(ForkedBooter.java:495) ~[surefire-booter-3.1.2.jar:3.1.2]

2025-10-13T13:36:42.597+02:00  WARN 80616 --- [hexagonal-app] [           main] c.t.a.core.importer.ClassFileProcessor   : Error during import from jrt:/java.base/java/util/concurrent/atomic/AtomicReference.class, falling back to simple import

java.lang.IllegalArgumentException: Unsupported class file major version 69
	at com.tngtech.archunit.thirdparty.org.objectweb.asm.ClassReader.<init>(ClassReader.java:200) ~[archunit-1.3.0.jar:1.3.0]
	at com.tngtech.archunit.thirdparty.org.objectweb.asm.ClassReader.<init>(ClassReader.java:180) ~[archunit-1.3.0.jar:1.3.0]
	at com.tngtech.archunit.thirdparty.org.objectweb.asm.ClassReader.<init>(ClassReader.java:166) ~[archunit-1.3.0.jar:1.3.0]
	at com.tngtech.archunit.thirdparty.org.objectweb.asm.ClassReader.<init>(ClassReader.java:288) ~[archunit-1.3.0.jar:1.3.0]
	at com.tngtech.archunit.core.importer.ClassFileProcessor$UriImporterOfProcessor.tryImport(ClassFileProcessor.java:350) ~[archunit-1.3.0.jar:1.3.0]
	at com.tngtech.archunit.core.importer.resolvers.ClassResolverFromClasspath.tryResolve(ClassResolverFromClasspath.java:51) ~[archunit-1.3.0.jar:1.3.0]
	at com.tngtech.archunit.core.importer.ImportedClasses.resolve(ImportedClasses.java:80) ~[archunit-1.3.0.jar:1.3.0]
	at com.tngtech.archunit.core.importer.ImportedClasses.getOrResolve(ImportedClasses.java:67) ~[archunit-1.3.0.jar:1.3.0]
	at com.tngtech.archunit.core.importer.DomainBuilders$JavaMemberBuilder.get(DomainBuilders.java:179) ~[archunit-1.3.0.jar:1.3.0]
	at com.tngtech.archunit.core.importer.DomainBuilders$JavaCodeUnitBuilder.asJavaClasses(DomainBuilders.java:329) ~[archunit-1.3.0.jar:1.3.0]
	at com.tngtech.archunit.core.importer.DomainBuilders$JavaCodeUnitBuilder.getRawParameterTypes(DomainBuilders.java:303) ~[archunit-1.3.0.jar:1.3.0]
	at com.tngtech.archunit.core.domain.JavaCodeUnit$Parameters.<init>(JavaCodeUnit.java:317) ~[archunit-1.3.0.jar:1.3.0]
	at com.tngtech.archunit.core.domain.JavaCodeUnit.<init>(JavaCodeUnit.java:82) ~[archunit-1.3.0.jar:1.3.0]
	at com.tngtech.archunit.core.domain.JavaMethod.<init>(JavaMethod.java:44) ~[archunit-1.3.0.jar:1.3.0]
	at com.tngtech.archunit.core.domain.DomainObjectCreationContext.createJavaMethod(DomainObjectCreationContext.java:144) ~[archunit-1.3.0.jar:1.3.0]
	at com.tngtech.archunit.core.importer.DomainBuilders$JavaMethodBuilder.construct(DomainBuilders.java:373) ~[archunit-1.3.0.jar:1.3.0]
	at com.tngtech.archunit.core.importer.DomainBuilders$JavaMethodBuilder.construct(DomainBuilders.java:358) ~[archunit-1.3.0.jar:1.3.0]
	at com.tngtech.archunit.core.importer.DomainBuilders$JavaMemberBuilder.build(DomainBuilders.java:206) ~[archunit-1.3.0.jar:1.3.0]
	at com.tngtech.archunit.core.importer.DomainBuilders$JavaMemberBuilder.build(DomainBuilders.java:138) ~[archunit-1.3.0.jar:1.3.0]
	at com.tngtech.archunit.core.importer.DomainBuilders$BuilderWithBuildParameter$BuildFinisher.lambda$build$0(DomainBuilders.java:892) ~[archunit-1.3.0.jar:1.3.0]
	at java.base/java.util.stream.ReferencePipeline$3$1.accept(ReferencePipeline.java:214) ~[na:na]
	at java.base/java.util.stream.ReferencePipeline$2$1.accept(ReferencePipeline.java:197) ~[na:na]
	at java.base/java.util.HashMap$KeySpliterator.forEachRemaining(HashMap.java:1716) ~[na:na]
	at java.base/java.util.stream.AbstractPipeline.copyInto(AbstractPipeline.java:570) ~[na:na]
	at java.base/java.util.stream.AbstractPipeline.wrapAndCopyInto(AbstractPipeline.java:560) ~[na:na]
	at java.base/java.util.stream.ReduceOps$ReduceOp.evaluateSequential(ReduceOps.java:921) ~[na:na]
	at java.base/java.util.stream.AbstractPipeline.evaluate(AbstractPipeline.java:265) ~[na:na]
	at java.base/java.util.stream.ReferencePipeline.collect(ReferencePipeline.java:723) ~[na:na]
	at com.tngtech.archunit.core.importer.DomainBuilders$BuilderWithBuildParameter$BuildFinisher.build(DomainBuilders.java:892) ~[archunit-1.3.0.jar:1.3.0]
	at com.tngtech.archunit.core.importer.ClassGraphCreator.createMethods(ClassGraphCreator.java:322) ~[archunit-1.3.0.jar:1.3.0]
	at com.tngtech.archunit.core.domain.JavaClassMembers.create(JavaClassMembers.java:352) ~[archunit-1.3.0.jar:1.3.0]
	at com.tngtech.archunit.core.domain.JavaClass.completeMembers(JavaClass.java:1477) ~[archunit-1.3.0.jar:1.3.0]
	at com.tngtech.archunit.core.domain.DomainObjectCreationContext.completeMembers(DomainObjectCreationContext.java:96) ~[archunit-1.3.0.jar:1.3.0]
	at com.tngtech.archunit.core.importer.ClassGraphCreator.completeClasses(ClassGraphCreator.java:120) ~[archunit-1.3.0.jar:1.3.0]
	at com.tngtech.archunit.core.importer.ClassGraphCreator.complete(ClassGraphCreator.java:108) ~[archunit-1.3.0.jar:1.3.0]
	at com.tngtech.archunit.core.importer.ClassFileProcessor.process(ClassFileProcessor.java:75) ~[archunit-1.3.0.jar:1.3.0]
	at com.tngtech.archunit.core.importer.ClassFileImporter.importLocations(ClassFileImporter.java:325) ~[archunit-1.3.0.jar:1.3.0]
	at com.tngtech.archunit.junit.internal.ClassCache$CacheClassFileImporter.importClasses(ClassCache.java:126) ~[archunit-junit5-engine-1.3.0.jar:1.3.0]
	at com.tngtech.archunit.junit.internal.ClassCache$LazyJavaClasses.initialize(ClassCache.java:118) ~[archunit-junit5-engine-1.3.0.jar:1.3.0]
	at com.tngtech.archunit.junit.internal.ClassCache$LazyJavaClasses.get(ClassCache.java:107) ~[archunit-junit5-engine-1.3.0.jar:1.3.0]
	at com.tngtech.archunit.junit.internal.ClassCache.getClassesToAnalyzeFor(ClassCache.java:84) ~[archunit-junit5-engine-1.3.0.jar:1.3.0]
	at com.tngtech.archunit.junit.internal.ArchUnitTestDescriptor.lambda$createChildren$1(ArchUnitTestDescriptor.java:90) ~[archunit-junit5-engine-1.3.0.jar:1.3.0]
	at com.tngtech.archunit.junit.internal.ArchUnitTestDescriptor$ArchUnitRuleDescriptor.execute(ArchUnitTestDescriptor.java:167) ~[archunit-junit5-engine-1.3.0.jar:1.3.0]
	at com.tngtech.archunit.junit.internal.ArchUnitTestDescriptor$ArchUnitRuleDescriptor.execute(ArchUnitTestDescriptor.java:150) ~[archunit-junit5-engine-1.3.0.jar:1.3.0]
	at org.junit.platform.engine.support.hierarchical.NodeTestTask.lambda$executeRecursively$6(NodeTestTask.java:151) ~[junit-platform-engine-1.10.1.jar:1.10.1]
	at org.junit.platform.engine.support.hierarchical.ThrowableCollector.execute(ThrowableCollector.java:73) ~[junit-platform-engine-1.10.1.jar:1.10.1]
	at org.junit.platform.engine.support.hierarchical.NodeTestTask.lambda$executeRecursively$8(NodeTestTask.java:141) ~[junit-platform-engine-1.10.1.jar:1.10.1]
	at org.junit.platform.engine.support.hierarchical.Node.around(Node.java:137) ~[junit-platform-engine-1.10.1.jar:1.10.1]
	at org.junit.platform.engine.support.hierarchical.NodeTestTask.lambda$executeRecursively$9(NodeTestTask.java:139) ~[junit-platform-engine-1.10.1.jar:1.10.1]
	at org.junit.platform.engine.support.hierarchical.ThrowableCollector.execute(ThrowableCollector.java:73) ~[junit-platform-engine-1.10.1.jar:1.10.1]
	at org.junit.platform.engine.support.hierarchical.NodeTestTask.executeRecursively(NodeTestTask.java:138) ~[junit-platform-engine-1.10.1.jar:1.10.1]
	at org.junit.platform.engine.support.hierarchical.NodeTestTask.execute(NodeTestTask.java:95) ~[junit-platform-engine-1.10.1.jar:1.10.1]
	at java.base/java.util.ArrayList.forEach(ArrayList.java:1604) ~[na:na]
	at org.junit.platform.engine.support.hierarchical.SameThreadHierarchicalTestExecutorService.invokeAll(SameThreadHierarchicalTestExecutorService.java:41) ~[junit-platform-engine-1.10.1.jar:1.10.1]
	at org.junit.platform.engine.support.hierarchical.NodeTestTask.lambda$executeRecursively$6(NodeTestTask.java:155) ~[junit-platform-engine-1.10.1.jar:1.10.1]
	at org.junit.platform.engine.support.hierarchical.ThrowableCollector.execute(ThrowableCollector.java:73) ~[junit-platform-engine-1.10.1.jar:1.10.1]
	at org.junit.platform.engine.support.hierarchical.NodeTestTask.lambda$executeRecursively$8(NodeTestTask.java:141) ~[junit-platform-engine-1.10.1.jar:1.10.1]
	at org.junit.platform.engine.support.hierarchical.Node.around(Node.java:137) ~[junit-platform-engine-1.10.1.jar:1.10.1]
	at org.junit.platform.engine.support.hierarchical.NodeTestTask.lambda$executeRecursively$9(NodeTestTask.java:139) ~[junit-platform-engine-1.10.1.jar:1.10.1]
	at org.junit.platform.engine.support.hierarchical.ThrowableCollector.execute(ThrowableCollector.java:73) ~[junit-platform-engine-1.10.1.jar:1.10.1]
	at org.junit.platform.engine.support.hierarchical.NodeTestTask.executeRecursively(NodeTestTask.java:138) ~[junit-platform-engine-1.10.1.jar:1.10.1]
	at org.junit.platform.engine.support.hierarchical.NodeTestTask.execute(NodeTestTask.java:95) ~[junit-platform-engine-1.10.1.jar:1.10.1]
	at java.base/java.util.ArrayList.forEach(ArrayList.java:1604) ~[na:na]
	at org.junit.platform.engine.support.hierarchical.SameThreadHierarchicalTestExecutorService.invokeAll(SameThreadHierarchicalTestExecutorService.java:41) ~[junit-platform-engine-1.10.1.jar:1.10.1]
	at org.junit.platform.engine.support.hierarchical.NodeTestTask.lambda$executeRecursively$6(NodeTestTask.java:155) ~[junit-platform-engine-1.10.1.jar:1.10.1]
	at org.junit.platform.engine.support.hierarchical.ThrowableCollector.execute(ThrowableCollector.java:73) ~[junit-platform-engine-1.10.1.jar:1.10.1]
	at org.junit.platform.engine.support.hierarchical.NodeTestTask.lambda$executeRecursively$8(NodeTestTask.java:141) ~[junit-platform-engine-1.10.1.jar:1.10.1]
	at org.junit.platform.engine.support.hierarchical.Node.around(Node.java:137) ~[junit-platform-engine-1.10.1.jar:1.10.1]
	at org.junit.platform.engine.support.hierarchical.NodeTestTask.lambda$executeRecursively$9(NodeTestTask.java:139) ~[junit-platform-engine-1.10.1.jar:1.10.1]
	at org.junit.platform.engine.support.hierarchical.ThrowableCollector.execute(ThrowableCollector.java:73) ~[junit-platform-engine-1.10.1.jar:1.10.1]
	at org.junit.platform.engine.support.hierarchical.NodeTestTask.executeRecursively(NodeTestTask.java:138) ~[junit-platform-engine-1.10.1.jar:1.10.1]
	at org.junit.platform.engine.support.hierarchical.NodeTestTask.execute(NodeTestTask.java:95) ~[junit-platform-engine-1.10.1.jar:1.10.1]
	at org.junit.platform.engine.support.hierarchical.SameThreadHierarchicalTestExecutorService.submit(SameThreadHierarchicalTestExecutorService.java:35) ~[junit-platform-engine-1.10.1.jar:1.10.1]
	at org.junit.platform.engine.support.hierarchical.HierarchicalTestExecutor.execute(HierarchicalTestExecutor.java:57) ~[junit-platform-engine-1.10.1.jar:1.10.1]
	at org.junit.platform.engine.support.hierarchical.HierarchicalTestEngine.execute(HierarchicalTestEngine.java:54) ~[junit-platform-engine-1.10.1.jar:1.10.1]
	at org.junit.platform.launcher.core.EngineExecutionOrchestrator.execute(EngineExecutionOrchestrator.java:198) ~[junit-platform-launcher-1.10.1.jar:1.10.1]
	at org.junit.platform.launcher.core.EngineExecutionOrchestrator.execute(EngineExecutionOrchestrator.java:169) ~[junit-platform-launcher-1.10.1.jar:1.10.1]
	at org.junit.platform.launcher.core.EngineExecutionOrchestrator.execute(EngineExecutionOrchestrator.java:93) ~[junit-platform-launcher-1.10.1.jar:1.10.1]
	at org.junit.platform.launcher.core.EngineExecutionOrchestrator.lambda$execute$0(EngineExecutionOrchestrator.java:58) ~[junit-platform-launcher-1.10.1.jar:1.10.1]
	at org.junit.platform.launcher.core.EngineExecutionOrchestrator.withInterceptedStreams(EngineExecutionOrchestrator.java:141) ~[junit-platform-launcher-1.10.1.jar:1.10.1]
	at org.junit.platform.launcher.core.EngineExecutionOrchestrator.execute(EngineExecutionOrchestrator.java:57) ~[junit-platform-launcher-1.10.1.jar:1.10.1]
	at org.junit.platform.launcher.core.DefaultLauncher.execute(DefaultLauncher.java:103) ~[junit-platform-launcher-1.10.1.jar:1.10.1]
	at org.junit.platform.launcher.core.DefaultLauncher.execute(DefaultLauncher.java:85) ~[junit-platform-launcher-1.10.1.jar:1.10.1]
	at org.junit.platform.launcher.core.DelegatingLauncher.execute(DelegatingLauncher.java:47) ~[junit-platform-launcher-1.10.1.jar:1.10.1]
	at org.apache.maven.surefire.junitplatform.LazyLauncher.execute(LazyLauncher.java:56) ~[surefire-junit-platform-3.1.2.jar:3.1.2]
	at org.apache.maven.surefire.junitplatform.JUnitPlatformProvider.execute(JUnitPlatformProvider.java:184) ~[surefire-junit-platform-3.1.2.jar:3.1.2]
	at org.apache.maven.surefire.junitplatform.JUnitPlatformProvider.invokeAllTests(JUnitPlatformProvider.java:148) ~[surefire-junit-platform-3.1.2.jar:3.1.2]
	at org.apache.maven.surefire.junitplatform.JUnitPlatformProvider.invoke(JUnitPlatformProvider.java:122) ~[surefire-junit-platform-3.1.2.jar:3.1.2]
	at org.apache.maven.surefire.booter.ForkedBooter.runSuitesInProcess(ForkedBooter.java:385) ~[surefire-booter-3.1.2.jar:3.1.2]
	at org.apache.maven.surefire.booter.ForkedBooter.execute(ForkedBooter.java:162) ~[surefire-booter-3.1.2.jar:3.1.2]
	at org.apache.maven.surefire.booter.ForkedBooter.run(ForkedBooter.java:507) ~[surefire-booter-3.1.2.jar:3.1.2]
	at org.apache.maven.surefire.booter.ForkedBooter.main(ForkedBooter.java:495) ~[surefire-booter-3.1.2.jar:3.1.2]

2025-10-13T13:36:42.597+02:00  WARN 80616 --- [hexagonal-app] [           main] c.t.a.core.importer.ClassFileProcessor   : Error during import from jrt:/java.base/java/text/DateFormat.class, falling back to simple import

java.lang.IllegalArgumentException: Unsupported class file major version 69
	at com.tngtech.archunit.thirdparty.org.objectweb.asm.ClassReader.<init>(ClassReader.java:200) ~[archunit-1.3.0.jar:1.3.0]
	at com.tngtech.archunit.thirdparty.org.objectweb.asm.ClassReader.<init>(ClassReader.java:180) ~[archunit-1.3.0.jar:1.3.0]
	at com.tngtech.archunit.thirdparty.org.objectweb.asm.ClassReader.<init>(ClassReader.java:166) ~[archunit-1.3.0.jar:1.3.0]
	at com.tngtech.archunit.thirdparty.org.objectweb.asm.ClassReader.<init>(ClassReader.java:288) ~[archunit-1.3.0.jar:1.3.0]
	at com.tngtech.archunit.core.importer.ClassFileProcessor$UriImporterOfProcessor.tryImport(ClassFileProcessor.java:350) ~[archunit-1.3.0.jar:1.3.0]
	at com.tngtech.archunit.core.importer.resolvers.ClassResolverFromClasspath.tryResolve(ClassResolverFromClasspath.java:51) ~[archunit-1.3.0.jar:1.3.0]
	at com.tngtech.archunit.core.importer.ImportedClasses.resolve(ImportedClasses.java:80) ~[archunit-1.3.0.jar:1.3.0]
	at com.tngtech.archunit.core.importer.ImportedClasses.getOrResolve(ImportedClasses.java:67) ~[archunit-1.3.0.jar:1.3.0]
	at com.tngtech.archunit.core.importer.DomainBuilders$JavaMemberBuilder.get(DomainBuilders.java:179) ~[archunit-1.3.0.jar:1.3.0]
	at com.tngtech.archunit.core.importer.DomainBuilders$JavaCodeUnitBuilder.asJavaClasses(DomainBuilders.java:329) ~[archunit-1.3.0.jar:1.3.0]
	at com.tngtech.archunit.core.importer.DomainBuilders$JavaCodeUnitBuilder.getRawParameterTypes(DomainBuilders.java:303) ~[archunit-1.3.0.jar:1.3.0]
	at com.tngtech.archunit.core.domain.JavaCodeUnit$Parameters.<init>(JavaCodeUnit.java:317) ~[archunit-1.3.0.jar:1.3.0]
	at com.tngtech.archunit.core.domain.JavaCodeUnit.<init>(JavaCodeUnit.java:82) ~[archunit-1.3.0.jar:1.3.0]
	at com.tngtech.archunit.core.domain.JavaMethod.<init>(JavaMethod.java:44) ~[archunit-1.3.0.jar:1.3.0]
	at com.tngtech.archunit.core.domain.DomainObjectCreationContext.createJavaMethod(DomainObjectCreationContext.java:144) ~[archunit-1.3.0.jar:1.3.0]
	at com.tngtech.archunit.core.importer.DomainBuilders$JavaMethodBuilder.construct(DomainBuilders.java:373) ~[archunit-1.3.0.jar:1.3.0]
	at com.tngtech.archunit.core.importer.DomainBuilders$JavaMethodBuilder.construct(DomainBuilders.java:358) ~[archunit-1.3.0.jar:1.3.0]
	at com.tngtech.archunit.core.importer.DomainBuilders$JavaMemberBuilder.build(DomainBuilders.java:206) ~[archunit-1.3.0.jar:1.3.0]
	at com.tngtech.archunit.core.importer.DomainBuilders$JavaMemberBuilder.build(DomainBuilders.java:138) ~[archunit-1.3.0.jar:1.3.0]
	at com.tngtech.archunit.core.importer.DomainBuilders$BuilderWithBuildParameter$BuildFinisher.lambda$build$0(DomainBuilders.java:892) ~[archunit-1.3.0.jar:1.3.0]
	at java.base/java.util.stream.ReferencePipeline$3$1.accept(ReferencePipeline.java:214) ~[na:na]
	at java.base/java.util.stream.ReferencePipeline$2$1.accept(ReferencePipeline.java:197) ~[na:na]
	at java.base/java.util.HashMap$KeySpliterator.forEachRemaining(HashMap.java:1716) ~[na:na]
	at java.base/java.util.stream.AbstractPipeline.copyInto(AbstractPipeline.java:570) ~[na:na]
	at java.base/java.util.stream.AbstractPipeline.wrapAndCopyInto(AbstractPipeline.java:560) ~[na:na]
	at java.base/java.util.stream.ReduceOps$ReduceOp.evaluateSequential(ReduceOps.java:921) ~[na:na]
	at java.base/java.util.stream.AbstractPipeline.evaluate(AbstractPipeline.java:265) ~[na:na]
	at java.base/java.util.stream.ReferencePipeline.collect(ReferencePipeline.java:723) ~[na:na]
	at com.tngtech.archunit.core.importer.DomainBuilders$BuilderWithBuildParameter$BuildFinisher.build(DomainBuilders.java:892) ~[archunit-1.3.0.jar:1.3.0]
	at com.tngtech.archunit.core.importer.ClassGraphCreator.createMethods(ClassGraphCreator.java:322) ~[archunit-1.3.0.jar:1.3.0]
	at com.tngtech.archunit.core.domain.JavaClassMembers.create(JavaClassMembers.java:352) ~[archunit-1.3.0.jar:1.3.0]
	at com.tngtech.archunit.core.domain.JavaClass.completeMembers(JavaClass.java:1477) ~[archunit-1.3.0.jar:1.3.0]
	at com.tngtech.archunit.core.domain.DomainObjectCreationContext.completeMembers(DomainObjectCreationContext.java:96) ~[archunit-1.3.0.jar:1.3.0]
	at com.tngtech.archunit.core.importer.ClassGraphCreator.completeClasses(ClassGraphCreator.java:120) ~[archunit-1.3.0.jar:1.3.0]
	at com.tngtech.archunit.core.importer.ClassGraphCreator.complete(ClassGraphCreator.java:108) ~[archunit-1.3.0.jar:1.3.0]
	at com.tngtech.archunit.core.importer.ClassFileProcessor.process(ClassFileProcessor.java:75) ~[archunit-1.3.0.jar:1.3.0]
	at com.tngtech.archunit.core.importer.ClassFileImporter.importLocations(ClassFileImporter.java:325) ~[archunit-1.3.0.jar:1.3.0]
	at com.tngtech.archunit.junit.internal.ClassCache$CacheClassFileImporter.importClasses(ClassCache.java:126) ~[archunit-junit5-engine-1.3.0.jar:1.3.0]
	at com.tngtech.archunit.junit.internal.ClassCache$LazyJavaClasses.initialize(ClassCache.java:118) ~[archunit-junit5-engine-1.3.0.jar:1.3.0]
	at com.tngtech.archunit.junit.internal.ClassCache$LazyJavaClasses.get(ClassCache.java:107) ~[archunit-junit5-engine-1.3.0.jar:1.3.0]
	at com.tngtech.archunit.junit.internal.ClassCache.getClassesToAnalyzeFor(ClassCache.java:84) ~[archunit-junit5-engine-1.3.0.jar:1.3.0]
	at com.tngtech.archunit.junit.internal.ArchUnitTestDescriptor.lambda$createChildren$1(ArchUnitTestDescriptor.java:90) ~[archunit-junit5-engine-1.3.0.jar:1.3.0]
	at com.tngtech.archunit.junit.internal.ArchUnitTestDescriptor$ArchUnitRuleDescriptor.execute(ArchUnitTestDescriptor.java:167) ~[archunit-junit5-engine-1.3.0.jar:1.3.0]
	at com.tngtech.archunit.junit.internal.ArchUnitTestDescriptor$ArchUnitRuleDescriptor.execute(ArchUnitTestDescriptor.java:150) ~[archunit-junit5-engine-1.3.0.jar:1.3.0]
	at org.junit.platform.engine.support.hierarchical.NodeTestTask.lambda$executeRecursively$6(NodeTestTask.java:151) ~[junit-platform-engine-1.10.1.jar:1.10.1]
	at org.junit.platform.engine.support.hierarchical.ThrowableCollector.execute(ThrowableCollector.java:73) ~[junit-platform-engine-1.10.1.jar:1.10.1]
	at org.junit.platform.engine.support.hierarchical.NodeTestTask.lambda$executeRecursively$8(NodeTestTask.java:141) ~[junit-platform-engine-1.10.1.jar:1.10.1]
	at org.junit.platform.engine.support.hierarchical.Node.around(Node.java:137) ~[junit-platform-engine-1.10.1.jar:1.10.1]
	at org.junit.platform.engine.support.hierarchical.NodeTestTask.lambda$executeRecursively$9(NodeTestTask.java:139) ~[junit-platform-engine-1.10.1.jar:1.10.1]
	at org.junit.platform.engine.support.hierarchical.ThrowableCollector.execute(ThrowableCollector.java:73) ~[junit-platform-engine-1.10.1.jar:1.10.1]
	at org.junit.platform.engine.support.hierarchical.NodeTestTask.executeRecursively(NodeTestTask.java:138) ~[junit-platform-engine-1.10.1.jar:1.10.1]
	at org.junit.platform.engine.support.hierarchical.NodeTestTask.execute(NodeTestTask.java:95) ~[junit-platform-engine-1.10.1.jar:1.10.1]
	at java.base/java.util.ArrayList.forEach(ArrayList.java:1604) ~[na:na]
	at org.junit.platform.engine.support.hierarchical.SameThreadHierarchicalTestExecutorService.invokeAll(SameThreadHierarchicalTestExecutorService.java:41) ~[junit-platform-engine-1.10.1.jar:1.10.1]
	at org.junit.platform.engine.support.hierarchical.NodeTestTask.lambda$executeRecursively$6(NodeTestTask.java:155) ~[junit-platform-engine-1.10.1.jar:1.10.1]
	at org.junit.platform.engine.support.hierarchical.ThrowableCollector.execute(ThrowableCollector.java:73) ~[junit-platform-engine-1.10.1.jar:1.10.1]
	at org.junit.platform.engine.support.hierarchical.NodeTestTask.lambda$executeRecursively$8(NodeTestTask.java:141) ~[junit-platform-engine-1.10.1.jar:1.10.1]
	at org.junit.platform.engine.support.hierarchical.Node.around(Node.java:137) ~[junit-platform-engine-1.10.1.jar:1.10.1]
	at org.junit.platform.engine.support.hierarchical.NodeTestTask.lambda$executeRecursively$9(NodeTestTask.java:139) ~[junit-platform-engine-1.10.1.jar:1.10.1]
	at org.junit.platform.engine.support.hierarchical.ThrowableCollector.execute(ThrowableCollector.java:73) ~[junit-platform-engine-1.10.1.jar:1.10.1]
	at org.junit.platform.engine.support.hierarchical.NodeTestTask.executeRecursively(NodeTestTask.java:138) ~[junit-platform-engine-1.10.1.jar:1.10.1]
	at org.junit.platform.engine.support.hierarchical.NodeTestTask.execute(NodeTestTask.java:95) ~[junit-platform-engine-1.10.1.jar:1.10.1]
	at java.base/java.util.ArrayList.forEach(ArrayList.java:1604) ~[na:na]
	at org.junit.platform.engine.support.hierarchical.SameThreadHierarchicalTestExecutorService.invokeAll(SameThreadHierarchicalTestExecutorService.java:41) ~[junit-platform-engine-1.10.1.jar:1.10.1]
	at org.junit.platform.engine.support.hierarchical.NodeTestTask.lambda$executeRecursively$6(NodeTestTask.java:155) ~[junit-platform-engine-1.10.1.jar:1.10.1]
	at org.junit.platform.engine.support.hierarchical.ThrowableCollector.execute(ThrowableCollector.java:73) ~[junit-platform-engine-1.10.1.jar:1.10.1]
	at org.junit.platform.engine.support.hierarchical.NodeTestTask.lambda$executeRecursively$8(NodeTestTask.java:141) ~[junit-platform-engine-1.10.1.jar:1.10.1]
	at org.junit.platform.engine.support.hierarchical.Node.around(Node.java:137) ~[junit-platform-engine-1.10.1.jar:1.10.1]
	at org.junit.platform.engine.support.hierarchical.NodeTestTask.lambda$executeRecursively$9(NodeTestTask.java:139) ~[junit-platform-engine-1.10.1.jar:1.10.1]
	at org.junit.platform.engine.support.hierarchical.ThrowableCollector.execute(ThrowableCollector.java:73) ~[junit-platform-engine-1.10.1.jar:1.10.1]
	at org.junit.platform.engine.support.hierarchical.NodeTestTask.executeRecursively(NodeTestTask.java:138) ~[junit-platform-engine-1.10.1.jar:1.10.1]
	at org.junit.platform.engine.support.hierarchical.NodeTestTask.execute(NodeTestTask.java:95) ~[junit-platform-engine-1.10.1.jar:1.10.1]
	at org.junit.platform.engine.support.hierarchical.SameThreadHierarchicalTestExecutorService.submit(SameThreadHierarchicalTestExecutorService.java:35) ~[junit-platform-engine-1.10.1.jar:1.10.1]
	at org.junit.platform.engine.support.hierarchical.HierarchicalTestExecutor.execute(HierarchicalTestExecutor.java:57) ~[junit-platform-engine-1.10.1.jar:1.10.1]
	at org.junit.platform.engine.support.hierarchical.HierarchicalTestEngine.execute(HierarchicalTestEngine.java:54) ~[junit-platform-engine-1.10.1.jar:1.10.1]
	at org.junit.platform.launcher.core.EngineExecutionOrchestrator.execute(EngineExecutionOrchestrator.java:198) ~[junit-platform-launcher-1.10.1.jar:1.10.1]
	at org.junit.platform.launcher.core.EngineExecutionOrchestrator.execute(EngineExecutionOrchestrator.java:169) ~[junit-platform-launcher-1.10.1.jar:1.10.1]
	at org.junit.platform.launcher.core.EngineExecutionOrchestrator.execute(EngineExecutionOrchestrator.java:93) ~[junit-platform-launcher-1.10.1.jar:1.10.1]
	at org.junit.platform.launcher.core.EngineExecutionOrchestrator.lambda$execute$0(EngineExecutionOrchestrator.java:58) ~[junit-platform-launcher-1.10.1.jar:1.10.1]
	at org.junit.platform.launcher.core.EngineExecutionOrchestrator.withInterceptedStreams(EngineExecutionOrchestrator.java:141) ~[junit-platform-launcher-1.10.1.jar:1.10.1]
	at org.junit.platform.launcher.core.EngineExecutionOrchestrator.execute(EngineExecutionOrchestrator.java:57) ~[junit-platform-launcher-1.10.1.jar:1.10.1]
	at org.junit.platform.launcher.core.DefaultLauncher.execute(DefaultLauncher.java:103) ~[junit-platform-launcher-1.10.1.jar:1.10.1]
	at org.junit.platform.launcher.core.DefaultLauncher.execute(DefaultLauncher.java:85) ~[junit-platform-launcher-1.10.1.jar:1.10.1]
	at org.junit.platform.launcher.core.DelegatingLauncher.execute(DelegatingLauncher.java:47) ~[junit-platform-launcher-1.10.1.jar:1.10.1]
	at org.apache.maven.surefire.junitplatform.LazyLauncher.execute(LazyLauncher.java:56) ~[surefire-junit-platform-3.1.2.jar:3.1.2]
	at org.apache.maven.surefire.junitplatform.JUnitPlatformProvider.execute(JUnitPlatformProvider.java:184) ~[surefire-junit-platform-3.1.2.jar:3.1.2]
	at org.apache.maven.surefire.junitplatform.JUnitPlatformProvider.invokeAllTests(JUnitPlatformProvider.java:148) ~[surefire-junit-platform-3.1.2.jar:3.1.2]
	at org.apache.maven.surefire.junitplatform.JUnitPlatformProvider.invoke(JUnitPlatformProvider.java:122) ~[surefire-junit-platform-3.1.2.jar:3.1.2]
	at org.apache.maven.surefire.booter.ForkedBooter.runSuitesInProcess(ForkedBooter.java:385) ~[surefire-booter-3.1.2.jar:3.1.2]
	at org.apache.maven.surefire.booter.ForkedBooter.execute(ForkedBooter.java:162) ~[surefire-booter-3.1.2.jar:3.1.2]
	at org.apache.maven.surefire.booter.ForkedBooter.run(ForkedBooter.java:507) ~[surefire-booter-3.1.2.jar:3.1.2]
	at org.apache.maven.surefire.booter.ForkedBooter.main(ForkedBooter.java:495) ~[surefire-booter-3.1.2.jar:3.1.2]

2025-10-13T13:36:42.599+02:00  WARN 80616 --- [hexagonal-app] [           main] c.t.a.core.importer.ClassFileProcessor   : Error during import from jrt:/java.base/java/util/Map.class, falling back to simple import

java.lang.IllegalArgumentException: Unsupported class file major version 69
	at com.tngtech.archunit.thirdparty.org.objectweb.asm.ClassReader.<init>(ClassReader.java:200) ~[archunit-1.3.0.jar:1.3.0]
	at com.tngtech.archunit.thirdparty.org.objectweb.asm.ClassReader.<init>(ClassReader.java:180) ~[archunit-1.3.0.jar:1.3.0]
	at com.tngtech.archunit.thirdparty.org.objectweb.asm.ClassReader.<init>(ClassReader.java:166) ~[archunit-1.3.0.jar:1.3.0]
	at com.tngtech.archunit.thirdparty.org.objectweb.asm.ClassReader.<init>(ClassReader.java:288) ~[archunit-1.3.0.jar:1.3.0]
	at com.tngtech.archunit.core.importer.ClassFileProcessor$UriImporterOfProcessor.tryImport(ClassFileProcessor.java:350) ~[archunit-1.3.0.jar:1.3.0]
	at com.tngtech.archunit.core.importer.resolvers.ClassResolverFromClasspath.tryResolve(ClassResolverFromClasspath.java:51) ~[archunit-1.3.0.jar:1.3.0]
	at com.tngtech.archunit.core.importer.ImportedClasses.resolve(ImportedClasses.java:80) ~[archunit-1.3.0.jar:1.3.0]
	at com.tngtech.archunit.core.importer.ImportedClasses.getOrResolve(ImportedClasses.java:67) ~[archunit-1.3.0.jar:1.3.0]
	at com.tngtech.archunit.core.importer.DomainBuilders$JavaMemberBuilder.get(DomainBuilders.java:179) ~[archunit-1.3.0.jar:1.3.0]
	at com.tngtech.archunit.core.importer.DomainBuilders$JavaCodeUnitBuilder.asJavaClasses(DomainBuilders.java:329) ~[archunit-1.3.0.jar:1.3.0]
	at com.tngtech.archunit.core.importer.DomainBuilders$JavaCodeUnitBuilder.getRawParameterTypes(DomainBuilders.java:303) ~[archunit-1.3.0.jar:1.3.0]
	at com.tngtech.archunit.core.domain.JavaCodeUnit$Parameters.<init>(JavaCodeUnit.java:317) ~[archunit-1.3.0.jar:1.3.0]
	at com.tngtech.archunit.core.domain.JavaCodeUnit.<init>(JavaCodeUnit.java:82) ~[archunit-1.3.0.jar:1.3.0]
	at com.tngtech.archunit.core.domain.JavaMethod.<init>(JavaMethod.java:44) ~[archunit-1.3.0.jar:1.3.0]
	at com.tngtech.archunit.core.domain.DomainObjectCreationContext.createJavaMethod(DomainObjectCreationContext.java:144) ~[archunit-1.3.0.jar:1.3.0]
	at com.tngtech.archunit.core.importer.DomainBuilders$JavaMethodBuilder.construct(DomainBuilders.java:373) ~[archunit-1.3.0.jar:1.3.0]
	at com.tngtech.archunit.core.importer.DomainBuilders$JavaMethodBuilder.construct(DomainBuilders.java:358) ~[archunit-1.3.0.jar:1.3.0]
	at com.tngtech.archunit.core.importer.DomainBuilders$JavaMemberBuilder.build(DomainBuilders.java:206) ~[archunit-1.3.0.jar:1.3.0]
	at com.tngtech.archunit.core.importer.DomainBuilders$JavaMemberBuilder.build(DomainBuilders.java:138) ~[archunit-1.3.0.jar:1.3.0]
	at com.tngtech.archunit.core.importer.DomainBuilders$BuilderWithBuildParameter$BuildFinisher.lambda$build$0(DomainBuilders.java:892) ~[archunit-1.3.0.jar:1.3.0]
	at java.base/java.util.stream.ReferencePipeline$3$1.accept(ReferencePipeline.java:214) ~[na:na]
	at java.base/java.util.stream.ReferencePipeline$2$1.accept(ReferencePipeline.java:197) ~[na:na]
	at java.base/java.util.HashMap$KeySpliterator.forEachRemaining(HashMap.java:1716) ~[na:na]
	at java.base/java.util.stream.AbstractPipeline.copyInto(AbstractPipeline.java:570) ~[na:na]
	at java.base/java.util.stream.AbstractPipeline.wrapAndCopyInto(AbstractPipeline.java:560) ~[na:na]
	at java.base/java.util.stream.ReduceOps$ReduceOp.evaluateSequential(ReduceOps.java:921) ~[na:na]
	at java.base/java.util.stream.AbstractPipeline.evaluate(AbstractPipeline.java:265) ~[na:na]
	at java.base/java.util.stream.ReferencePipeline.collect(ReferencePipeline.java:723) ~[na:na]
	at com.tngtech.archunit.core.importer.DomainBuilders$BuilderWithBuildParameter$BuildFinisher.build(DomainBuilders.java:892) ~[archunit-1.3.0.jar:1.3.0]
	at com.tngtech.archunit.core.importer.ClassGraphCreator.createMethods(ClassGraphCreator.java:322) ~[archunit-1.3.0.jar:1.3.0]
	at com.tngtech.archunit.core.domain.JavaClassMembers.create(JavaClassMembers.java:352) ~[archunit-1.3.0.jar:1.3.0]
	at com.tngtech.archunit.core.domain.JavaClass.completeMembers(JavaClass.java:1477) ~[archunit-1.3.0.jar:1.3.0]
	at com.tngtech.archunit.core.domain.DomainObjectCreationContext.completeMembers(DomainObjectCreationContext.java:96) ~[archunit-1.3.0.jar:1.3.0]
	at com.tngtech.archunit.core.importer.ClassGraphCreator.completeClasses(ClassGraphCreator.java:120) ~[archunit-1.3.0.jar:1.3.0]
	at com.tngtech.archunit.core.importer.ClassGraphCreator.complete(ClassGraphCreator.java:108) ~[archunit-1.3.0.jar:1.3.0]
	at com.tngtech.archunit.core.importer.ClassFileProcessor.process(ClassFileProcessor.java:75) ~[archunit-1.3.0.jar:1.3.0]
	at com.tngtech.archunit.core.importer.ClassFileImporter.importLocations(ClassFileImporter.java:325) ~[archunit-1.3.0.jar:1.3.0]
	at com.tngtech.archunit.junit.internal.ClassCache$CacheClassFileImporter.importClasses(ClassCache.java:126) ~[archunit-junit5-engine-1.3.0.jar:1.3.0]
	at com.tngtech.archunit.junit.internal.ClassCache$LazyJavaClasses.initialize(ClassCache.java:118) ~[archunit-junit5-engine-1.3.0.jar:1.3.0]
	at com.tngtech.archunit.junit.internal.ClassCache$LazyJavaClasses.get(ClassCache.java:107) ~[archunit-junit5-engine-1.3.0.jar:1.3.0]
	at com.tngtech.archunit.junit.internal.ClassCache.getClassesToAnalyzeFor(ClassCache.java:84) ~[archunit-junit5-engine-1.3.0.jar:1.3.0]
	at com.tngtech.archunit.junit.internal.ArchUnitTestDescriptor.lambda$createChildren$1(ArchUnitTestDescriptor.java:90) ~[archunit-junit5-engine-1.3.0.jar:1.3.0]
	at com.tngtech.archunit.junit.internal.ArchUnitTestDescriptor$ArchUnitRuleDescriptor.execute(ArchUnitTestDescriptor.java:167) ~[archunit-junit5-engine-1.3.0.jar:1.3.0]
	at com.tngtech.archunit.junit.internal.ArchUnitTestDescriptor$ArchUnitRuleDescriptor.execute(ArchUnitTestDescriptor.java:150) ~[archunit-junit5-engine-1.3.0.jar:1.3.0]
	at org.junit.platform.engine.support.hierarchical.NodeTestTask.lambda$executeRecursively$6(NodeTestTask.java:151) ~[junit-platform-engine-1.10.1.jar:1.10.1]
	at org.junit.platform.engine.support.hierarchical.ThrowableCollector.execute(ThrowableCollector.java:73) ~[junit-platform-engine-1.10.1.jar:1.10.1]
	at org.junit.platform.engine.support.hierarchical.NodeTestTask.lambda$executeRecursively$8(NodeTestTask.java:141) ~[junit-platform-engine-1.10.1.jar:1.10.1]
	at org.junit.platform.engine.support.hierarchical.Node.around(Node.java:137) ~[junit-platform-engine-1.10.1.jar:1.10.1]
	at org.junit.platform.engine.support.hierarchical.NodeTestTask.lambda$executeRecursively$9(NodeTestTask.java:139) ~[junit-platform-engine-1.10.1.jar:1.10.1]
	at org.junit.platform.engine.support.hierarchical.ThrowableCollector.execute(ThrowableCollector.java:73) ~[junit-platform-engine-1.10.1.jar:1.10.1]
	at org.junit.platform.engine.support.hierarchical.NodeTestTask.executeRecursively(NodeTestTask.java:138) ~[junit-platform-engine-1.10.1.jar:1.10.1]
	at org.junit.platform.engine.support.hierarchical.NodeTestTask.execute(NodeTestTask.java:95) ~[junit-platform-engine-1.10.1.jar:1.10.1]
	at java.base/java.util.ArrayList.forEach(ArrayList.java:1604) ~[na:na]
	at org.junit.platform.engine.support.hierarchical.SameThreadHierarchicalTestExecutorService.invokeAll(SameThreadHierarchicalTestExecutorService.java:41) ~[junit-platform-engine-1.10.1.jar:1.10.1]
	at org.junit.platform.engine.support.hierarchical.NodeTestTask.lambda$executeRecursively$6(NodeTestTask.java:155) ~[junit-platform-engine-1.10.1.jar:1.10.1]
	at org.junit.platform.engine.support.hierarchical.ThrowableCollector.execute(ThrowableCollector.java:73) ~[junit-platform-engine-1.10.1.jar:1.10.1]
	at org.junit.platform.engine.support.hierarchical.NodeTestTask.lambda$executeRecursively$8(NodeTestTask.java:141) ~[junit-platform-engine-1.10.1.jar:1.10.1]
	at org.junit.platform.engine.support.hierarchical.Node.around(Node.java:137) ~[junit-platform-engine-1.10.1.jar:1.10.1]
	at org.junit.platform.engine.support.hierarchical.NodeTestTask.lambda$executeRecursively$9(NodeTestTask.java:139) ~[junit-platform-engine-1.10.1.jar:1.10.1]
	at org.junit.platform.engine.support.hierarchical.ThrowableCollector.execute(ThrowableCollector.java:73) ~[junit-platform-engine-1.10.1.jar:1.10.1]
	at org.junit.platform.engine.support.hierarchical.NodeTestTask.executeRecursively(NodeTestTask.java:138) ~[junit-platform-engine-1.10.1.jar:1.10.1]
	at org.junit.platform.engine.support.hierarchical.NodeTestTask.execute(NodeTestTask.java:95) ~[junit-platform-engine-1.10.1.jar:1.10.1]
	at java.base/java.util.ArrayList.forEach(ArrayList.java:1604) ~[na:na]
	at org.junit.platform.engine.support.hierarchical.SameThreadHierarchicalTestExecutorService.invokeAll(SameThreadHierarchicalTestExecutorService.java:41) ~[junit-platform-engine-1.10.1.jar:1.10.1]
	at org.junit.platform.engine.support.hierarchical.NodeTestTask.lambda$executeRecursively$6(NodeTestTask.java:155) ~[junit-platform-engine-1.10.1.jar:1.10.1]
	at org.junit.platform.engine.support.hierarchical.ThrowableCollector.execute(ThrowableCollector.java:73) ~[junit-platform-engine-1.10.1.jar:1.10.1]
	at org.junit.platform.engine.support.hierarchical.NodeTestTask.lambda$executeRecursively$8(NodeTestTask.java:141) ~[junit-platform-engine-1.10.1.jar:1.10.1]
	at org.junit.platform.engine.support.hierarchical.Node.around(Node.java:137) ~[junit-platform-engine-1.10.1.jar:1.10.1]
	at org.junit.platform.engine.support.hierarchical.NodeTestTask.lambda$executeRecursively$9(NodeTestTask.java:139) ~[junit-platform-engine-1.10.1.jar:1.10.1]
	at org.junit.platform.engine.support.hierarchical.ThrowableCollector.execute(ThrowableCollector.java:73) ~[junit-platform-engine-1.10.1.jar:1.10.1]
	at org.junit.platform.engine.support.hierarchical.NodeTestTask.executeRecursively(NodeTestTask.java:138) ~[junit-platform-engine-1.10.1.jar:1.10.1]
	at org.junit.platform.engine.support.hierarchical.NodeTestTask.execute(NodeTestTask.java:95) ~[junit-platform-engine-1.10.1.jar:1.10.1]
	at org.junit.platform.engine.support.hierarchical.SameThreadHierarchicalTestExecutorService.submit(SameThreadHierarchicalTestExecutorService.java:35) ~[junit-platform-engine-1.10.1.jar:1.10.1]
	at org.junit.platform.engine.support.hierarchical.HierarchicalTestExecutor.execute(HierarchicalTestExecutor.java:57) ~[junit-platform-engine-1.10.1.jar:1.10.1]
	at org.junit.platform.engine.support.hierarchical.HierarchicalTestEngine.execute(HierarchicalTestEngine.java:54) ~[junit-platform-engine-1.10.1.jar:1.10.1]
	at org.junit.platform.launcher.core.EngineExecutionOrchestrator.execute(EngineExecutionOrchestrator.java:198) ~[junit-platform-launcher-1.10.1.jar:1.10.1]
	at org.junit.platform.launcher.core.EngineExecutionOrchestrator.execute(EngineExecutionOrchestrator.java:169) ~[junit-platform-launcher-1.10.1.jar:1.10.1]
	at org.junit.platform.launcher.core.EngineExecutionOrchestrator.execute(EngineExecutionOrchestrator.java:93) ~[junit-platform-launcher-1.10.1.jar:1.10.1]
	at org.junit.platform.launcher.core.EngineExecutionOrchestrator.lambda$execute$0(EngineExecutionOrchestrator.java:58) ~[junit-platform-launcher-1.10.1.jar:1.10.1]
	at org.junit.platform.launcher.core.EngineExecutionOrchestrator.withInterceptedStreams(EngineExecutionOrchestrator.java:141) ~[junit-platform-launcher-1.10.1.jar:1.10.1]
	at org.junit.platform.launcher.core.EngineExecutionOrchestrator.execute(EngineExecutionOrchestrator.java:57) ~[junit-platform-launcher-1.10.1.jar:1.10.1]
	at org.junit.platform.launcher.core.DefaultLauncher.execute(DefaultLauncher.java:103) ~[junit-platform-launcher-1.10.1.jar:1.10.1]
	at org.junit.platform.launcher.core.DefaultLauncher.execute(DefaultLauncher.java:85) ~[junit-platform-launcher-1.10.1.jar:1.10.1]
	at org.junit.platform.launcher.core.DelegatingLauncher.execute(DelegatingLauncher.java:47) ~[junit-platform-launcher-1.10.1.jar:1.10.1]
	at org.apache.maven.surefire.junitplatform.LazyLauncher.execute(LazyLauncher.java:56) ~[surefire-junit-platform-3.1.2.jar:3.1.2]
	at org.apache.maven.surefire.junitplatform.JUnitPlatformProvider.execute(JUnitPlatformProvider.java:184) ~[surefire-junit-platform-3.1.2.jar:3.1.2]
	at org.apache.maven.surefire.junitplatform.JUnitPlatformProvider.invokeAllTests(JUnitPlatformProvider.java:148) ~[surefire-junit-platform-3.1.2.jar:3.1.2]
	at org.apache.maven.surefire.junitplatform.JUnitPlatformProvider.invoke(JUnitPlatformProvider.java:122) ~[surefire-junit-platform-3.1.2.jar:3.1.2]
	at org.apache.maven.surefire.booter.ForkedBooter.runSuitesInProcess(ForkedBooter.java:385) ~[surefire-booter-3.1.2.jar:3.1.2]
	at org.apache.maven.surefire.booter.ForkedBooter.execute(ForkedBooter.java:162) ~[surefire-booter-3.1.2.jar:3.1.2]
	at org.apache.maven.surefire.booter.ForkedBooter.run(ForkedBooter.java:507) ~[surefire-booter-3.1.2.jar:3.1.2]
	at org.apache.maven.surefire.booter.ForkedBooter.main(ForkedBooter.java:495) ~[surefire-booter-3.1.2.jar:3.1.2]

2025-10-13T13:36:42.600+02:00  WARN 80616 --- [hexagonal-app] [           main] c.t.a.core.importer.ClassFileProcessor   : Error during import from jrt:/java.base/java/io/InputStream.class, falling back to simple import

java.lang.IllegalArgumentException: Unsupported class file major version 69
	at com.tngtech.archunit.thirdparty.org.objectweb.asm.ClassReader.<init>(ClassReader.java:200) ~[archunit-1.3.0.jar:1.3.0]
	at com.tngtech.archunit.thirdparty.org.objectweb.asm.ClassReader.<init>(ClassReader.java:180) ~[archunit-1.3.0.jar:1.3.0]
	at com.tngtech.archunit.thirdparty.org.objectweb.asm.ClassReader.<init>(ClassReader.java:166) ~[archunit-1.3.0.jar:1.3.0]
	at com.tngtech.archunit.thirdparty.org.objectweb.asm.ClassReader.<init>(ClassReader.java:288) ~[archunit-1.3.0.jar:1.3.0]
	at com.tngtech.archunit.core.importer.ClassFileProcessor$UriImporterOfProcessor.tryImport(ClassFileProcessor.java:350) ~[archunit-1.3.0.jar:1.3.0]
	at com.tngtech.archunit.core.importer.resolvers.ClassResolverFromClasspath.tryResolve(ClassResolverFromClasspath.java:51) ~[archunit-1.3.0.jar:1.3.0]
	at com.tngtech.archunit.core.importer.ImportedClasses.resolve(ImportedClasses.java:80) ~[archunit-1.3.0.jar:1.3.0]
	at com.tngtech.archunit.core.importer.ImportedClasses.getOrResolve(ImportedClasses.java:67) ~[archunit-1.3.0.jar:1.3.0]
	at com.tngtech.archunit.core.importer.DomainBuilders$JavaMemberBuilder.get(DomainBuilders.java:179) ~[archunit-1.3.0.jar:1.3.0]
	at com.tngtech.archunit.core.importer.DomainBuilders$JavaCodeUnitBuilder.asJavaClasses(DomainBuilders.java:329) ~[archunit-1.3.0.jar:1.3.0]
	at com.tngtech.archunit.core.importer.DomainBuilders$JavaCodeUnitBuilder.getRawParameterTypes(DomainBuilders.java:303) ~[archunit-1.3.0.jar:1.3.0]
	at com.tngtech.archunit.core.domain.JavaCodeUnit$Parameters.<init>(JavaCodeUnit.java:317) ~[archunit-1.3.0.jar:1.3.0]
	at com.tngtech.archunit.core.domain.JavaCodeUnit.<init>(JavaCodeUnit.java:82) ~[archunit-1.3.0.jar:1.3.0]
	at com.tngtech.archunit.core.domain.JavaMethod.<init>(JavaMethod.java:44) ~[archunit-1.3.0.jar:1.3.0]
	at com.tngtech.archunit.core.domain.DomainObjectCreationContext.createJavaMethod(DomainObjectCreationContext.java:144) ~[archunit-1.3.0.jar:1.3.0]
	at com.tngtech.archunit.core.importer.DomainBuilders$JavaMethodBuilder.construct(DomainBuilders.java:373) ~[archunit-1.3.0.jar:1.3.0]
	at com.tngtech.archunit.core.importer.DomainBuilders$JavaMethodBuilder.construct(DomainBuilders.java:358) ~[archunit-1.3.0.jar:1.3.0]
	at com.tngtech.archunit.core.importer.DomainBuilders$JavaMemberBuilder.build(DomainBuilders.java:206) ~[archunit-1.3.0.jar:1.3.0]
	at com.tngtech.archunit.core.importer.DomainBuilders$JavaMemberBuilder.build(DomainBuilders.java:138) ~[archunit-1.3.0.jar:1.3.0]
	at com.tngtech.archunit.core.importer.DomainBuilders$BuilderWithBuildParameter$BuildFinisher.lambda$build$0(DomainBuilders.java:892) ~[archunit-1.3.0.jar:1.3.0]
	at java.base/java.util.stream.ReferencePipeline$3$1.accept(ReferencePipeline.java:214) ~[na:na]
	at java.base/java.util.stream.ReferencePipeline$2$1.accept(ReferencePipeline.java:197) ~[na:na]
	at java.base/java.util.HashMap$KeySpliterator.forEachRemaining(HashMap.java:1716) ~[na:na]
	at java.base/java.util.stream.AbstractPipeline.copyInto(AbstractPipeline.java:570) ~[na:na]
	at java.base/java.util.stream.AbstractPipeline.wrapAndCopyInto(AbstractPipeline.java:560) ~[na:na]
	at java.base/java.util.stream.ReduceOps$ReduceOp.evaluateSequential(ReduceOps.java:921) ~[na:na]
	at java.base/java.util.stream.AbstractPipeline.evaluate(AbstractPipeline.java:265) ~[na:na]
	at java.base/java.util.stream.ReferencePipeline.collect(ReferencePipeline.java:723) ~[na:na]
	at com.tngtech.archunit.core.importer.DomainBuilders$BuilderWithBuildParameter$BuildFinisher.build(DomainBuilders.java:892) ~[archunit-1.3.0.jar:1.3.0]
	at com.tngtech.archunit.core.importer.ClassGraphCreator.createMethods(ClassGraphCreator.java:322) ~[archunit-1.3.0.jar:1.3.0]
	at com.tngtech.archunit.core.domain.JavaClassMembers.create(JavaClassMembers.java:352) ~[archunit-1.3.0.jar:1.3.0]
	at com.tngtech.archunit.core.domain.JavaClass.completeMembers(JavaClass.java:1477) ~[archunit-1.3.0.jar:1.3.0]
	at com.tngtech.archunit.core.domain.DomainObjectCreationContext.completeMembers(DomainObjectCreationContext.java:96) ~[archunit-1.3.0.jar:1.3.0]
	at com.tngtech.archunit.core.importer.ClassGraphCreator.completeClasses(ClassGraphCreator.java:120) ~[archunit-1.3.0.jar:1.3.0]
	at com.tngtech.archunit.core.importer.ClassGraphCreator.complete(ClassGraphCreator.java:108) ~[archunit-1.3.0.jar:1.3.0]
	at com.tngtech.archunit.core.importer.ClassFileProcessor.process(ClassFileProcessor.java:75) ~[archunit-1.3.0.jar:1.3.0]
	at com.tngtech.archunit.core.importer.ClassFileImporter.importLocations(ClassFileImporter.java:325) ~[archunit-1.3.0.jar:1.3.0]
	at com.tngtech.archunit.junit.internal.ClassCache$CacheClassFileImporter.importClasses(ClassCache.java:126) ~[archunit-junit5-engine-1.3.0.jar:1.3.0]
	at com.tngtech.archunit.junit.internal.ClassCache$LazyJavaClasses.initialize(ClassCache.java:118) ~[archunit-junit5-engine-1.3.0.jar:1.3.0]
	at com.tngtech.archunit.junit.internal.ClassCache$LazyJavaClasses.get(ClassCache.java:107) ~[archunit-junit5-engine-1.3.0.jar:1.3.0]
	at com.tngtech.archunit.junit.internal.ClassCache.getClassesToAnalyzeFor(ClassCache.java:84) ~[archunit-junit5-engine-1.3.0.jar:1.3.0]
	at com.tngtech.archunit.junit.internal.ArchUnitTestDescriptor.lambda$createChildren$1(ArchUnitTestDescriptor.java:90) ~[archunit-junit5-engine-1.3.0.jar:1.3.0]
	at com.tngtech.archunit.junit.internal.ArchUnitTestDescriptor$ArchUnitRuleDescriptor.execute(ArchUnitTestDescriptor.java:167) ~[archunit-junit5-engine-1.3.0.jar:1.3.0]
	at com.tngtech.archunit.junit.internal.ArchUnitTestDescriptor$ArchUnitRuleDescriptor.execute(ArchUnitTestDescriptor.java:150) ~[archunit-junit5-engine-1.3.0.jar:1.3.0]
	at org.junit.platform.engine.support.hierarchical.NodeTestTask.lambda$executeRecursively$6(NodeTestTask.java:151) ~[junit-platform-engine-1.10.1.jar:1.10.1]
	at org.junit.platform.engine.support.hierarchical.ThrowableCollector.execute(ThrowableCollector.java:73) ~[junit-platform-engine-1.10.1.jar:1.10.1]
	at org.junit.platform.engine.support.hierarchical.NodeTestTask.lambda$executeRecursively$8(NodeTestTask.java:141) ~[junit-platform-engine-1.10.1.jar:1.10.1]
	at org.junit.platform.engine.support.hierarchical.Node.around(Node.java:137) ~[junit-platform-engine-1.10.1.jar:1.10.1]
	at org.junit.platform.engine.support.hierarchical.NodeTestTask.lambda$executeRecursively$9(NodeTestTask.java:139) ~[junit-platform-engine-1.10.1.jar:1.10.1]
	at org.junit.platform.engine.support.hierarchical.ThrowableCollector.execute(ThrowableCollector.java:73) ~[junit-platform-engine-1.10.1.jar:1.10.1]
	at org.junit.platform.engine.support.hierarchical.NodeTestTask.executeRecursively(NodeTestTask.java:138) ~[junit-platform-engine-1.10.1.jar:1.10.1]
	at org.junit.platform.engine.support.hierarchical.NodeTestTask.execute(NodeTestTask.java:95) ~[junit-platform-engine-1.10.1.jar:1.10.1]
	at java.base/java.util.ArrayList.forEach(ArrayList.java:1604) ~[na:na]
	at org.junit.platform.engine.support.hierarchical.SameThreadHierarchicalTestExecutorService.invokeAll(SameThreadHierarchicalTestExecutorService.java:41) ~[junit-platform-engine-1.10.1.jar:1.10.1]
	at org.junit.platform.engine.support.hierarchical.NodeTestTask.lambda$executeRecursively$6(NodeTestTask.java:155) ~[junit-platform-engine-1.10.1.jar:1.10.1]
	at org.junit.platform.engine.support.hierarchical.ThrowableCollector.execute(ThrowableCollector.java:73) ~[junit-platform-engine-1.10.1.jar:1.10.1]
	at org.junit.platform.engine.support.hierarchical.NodeTestTask.lambda$executeRecursively$8(NodeTestTask.java:141) ~[junit-platform-engine-1.10.1.jar:1.10.1]
	at org.junit.platform.engine.support.hierarchical.Node.around(Node.java:137) ~[junit-platform-engine-1.10.1.jar:1.10.1]
	at org.junit.platform.engine.support.hierarchical.NodeTestTask.lambda$executeRecursively$9(NodeTestTask.java:139) ~[junit-platform-engine-1.10.1.jar:1.10.1]
	at org.junit.platform.engine.support.hierarchical.ThrowableCollector.execute(ThrowableCollector.java:73) ~[junit-platform-engine-1.10.1.jar:1.10.1]
	at org.junit.platform.engine.support.hierarchical.NodeTestTask.executeRecursively(NodeTestTask.java:138) ~[junit-platform-engine-1.10.1.jar:1.10.1]
	at org.junit.platform.engine.support.hierarchical.NodeTestTask.execute(NodeTestTask.java:95) ~[junit-platform-engine-1.10.1.jar:1.10.1]
	at java.base/java.util.ArrayList.forEach(ArrayList.java:1604) ~[na:na]
	at org.junit.platform.engine.support.hierarchical.SameThreadHierarchicalTestExecutorService.invokeAll(SameThreadHierarchicalTestExecutorService.java:41) ~[junit-platform-engine-1.10.1.jar:1.10.1]
	at org.junit.platform.engine.support.hierarchical.NodeTestTask.lambda$executeRecursively$6(NodeTestTask.java:155) ~[junit-platform-engine-1.10.1.jar:1.10.1]
	at org.junit.platform.engine.support.hierarchical.ThrowableCollector.execute(ThrowableCollector.java:73) ~[junit-platform-engine-1.10.1.jar:1.10.1]
	at org.junit.platform.engine.support.hierarchical.NodeTestTask.lambda$executeRecursively$8(NodeTestTask.java:141) ~[junit-platform-engine-1.10.1.jar:1.10.1]
	at org.junit.platform.engine.support.hierarchical.Node.around(Node.java:137) ~[junit-platform-engine-1.10.1.jar:1.10.1]
	at org.junit.platform.engine.support.hierarchical.NodeTestTask.lambda$executeRecursively$9(NodeTestTask.java:139) ~[junit-platform-engine-1.10.1.jar:1.10.1]
	at org.junit.platform.engine.support.hierarchical.ThrowableCollector.execute(ThrowableCollector.java:73) ~[junit-platform-engine-1.10.1.jar:1.10.1]
	at org.junit.platform.engine.support.hierarchical.NodeTestTask.executeRecursively(NodeTestTask.java:138) ~[junit-platform-engine-1.10.1.jar:1.10.1]
	at org.junit.platform.engine.support.hierarchical.NodeTestTask.execute(NodeTestTask.java:95) ~[junit-platform-engine-1.10.1.jar:1.10.1]
	at org.junit.platform.engine.support.hierarchical.SameThreadHierarchicalTestExecutorService.submit(SameThreadHierarchicalTestExecutorService.java:35) ~[junit-platform-engine-1.10.1.jar:1.10.1]
	at org.junit.platform.engine.support.hierarchical.HierarchicalTestExecutor.execute(HierarchicalTestExecutor.java:57) ~[junit-platform-engine-1.10.1.jar:1.10.1]
	at org.junit.platform.engine.support.hierarchical.HierarchicalTestEngine.execute(HierarchicalTestEngine.java:54) ~[junit-platform-engine-1.10.1.jar:1.10.1]
	at org.junit.platform.launcher.core.EngineExecutionOrchestrator.execute(EngineExecutionOrchestrator.java:198) ~[junit-platform-launcher-1.10.1.jar:1.10.1]
	at org.junit.platform.launcher.core.EngineExecutionOrchestrator.execute(EngineExecutionOrchestrator.java:169) ~[junit-platform-launcher-1.10.1.jar:1.10.1]
	at org.junit.platform.launcher.core.EngineExecutionOrchestrator.execute(EngineExecutionOrchestrator.java:93) ~[junit-platform-launcher-1.10.1.jar:1.10.1]
	at org.junit.platform.launcher.core.EngineExecutionOrchestrator.lambda$execute$0(EngineExecutionOrchestrator.java:58) ~[junit-platform-launcher-1.10.1.jar:1.10.1]
	at org.junit.platform.launcher.core.EngineExecutionOrchestrator.withInterceptedStreams(EngineExecutionOrchestrator.java:141) ~[junit-platform-launcher-1.10.1.jar:1.10.1]
	at org.junit.platform.launcher.core.EngineExecutionOrchestrator.execute(EngineExecutionOrchestrator.java:57) ~[junit-platform-launcher-1.10.1.jar:1.10.1]
	at org.junit.platform.launcher.core.DefaultLauncher.execute(DefaultLauncher.java:103) ~[junit-platform-launcher-1.10.1.jar:1.10.1]
	at org.junit.platform.launcher.core.DefaultLauncher.execute(DefaultLauncher.java:85) ~[junit-platform-launcher-1.10.1.jar:1.10.1]
	at org.junit.platform.launcher.core.DelegatingLauncher.execute(DelegatingLauncher.java:47) ~[junit-platform-launcher-1.10.1.jar:1.10.1]
	at org.apache.maven.surefire.junitplatform.LazyLauncher.execute(LazyLauncher.java:56) ~[surefire-junit-platform-3.1.2.jar:3.1.2]
	at org.apache.maven.surefire.junitplatform.JUnitPlatformProvider.execute(JUnitPlatformProvider.java:184) ~[surefire-junit-platform-3.1.2.jar:3.1.2]
	at org.apache.maven.surefire.junitplatform.JUnitPlatformProvider.invokeAllTests(JUnitPlatformProvider.java:148) ~[surefire-junit-platform-3.1.2.jar:3.1.2]
	at org.apache.maven.surefire.junitplatform.JUnitPlatformProvider.invoke(JUnitPlatformProvider.java:122) ~[surefire-junit-platform-3.1.2.jar:3.1.2]
	at org.apache.maven.surefire.booter.ForkedBooter.runSuitesInProcess(ForkedBooter.java:385) ~[surefire-booter-3.1.2.jar:3.1.2]
	at org.apache.maven.surefire.booter.ForkedBooter.execute(ForkedBooter.java:162) ~[surefire-booter-3.1.2.jar:3.1.2]
	at org.apache.maven.surefire.booter.ForkedBooter.run(ForkedBooter.java:507) ~[surefire-booter-3.1.2.jar:3.1.2]
	at org.apache.maven.surefire.booter.ForkedBooter.main(ForkedBooter.java:495) ~[surefire-booter-3.1.2.jar:3.1.2]

2025-10-13T13:36:42.600+02:00  WARN 80616 --- [hexagonal-app] [           main] c.t.a.core.importer.ClassFileProcessor   : Error during import from jrt:/java.base/java/net/URL.class, falling back to simple import

java.lang.IllegalArgumentException: Unsupported class file major version 69
	at com.tngtech.archunit.thirdparty.org.objectweb.asm.ClassReader.<init>(ClassReader.java:200) ~[archunit-1.3.0.jar:1.3.0]
	at com.tngtech.archunit.thirdparty.org.objectweb.asm.ClassReader.<init>(ClassReader.java:180) ~[archunit-1.3.0.jar:1.3.0]
	at com.tngtech.archunit.thirdparty.org.objectweb.asm.ClassReader.<init>(ClassReader.java:166) ~[archunit-1.3.0.jar:1.3.0]
	at com.tngtech.archunit.thirdparty.org.objectweb.asm.ClassReader.<init>(ClassReader.java:288) ~[archunit-1.3.0.jar:1.3.0]
	at com.tngtech.archunit.core.importer.ClassFileProcessor$UriImporterOfProcessor.tryImport(ClassFileProcessor.java:350) ~[archunit-1.3.0.jar:1.3.0]
	at com.tngtech.archunit.core.importer.resolvers.ClassResolverFromClasspath.tryResolve(ClassResolverFromClasspath.java:51) ~[archunit-1.3.0.jar:1.3.0]
	at com.tngtech.archunit.core.importer.ImportedClasses.resolve(ImportedClasses.java:80) ~[archunit-1.3.0.jar:1.3.0]
	at com.tngtech.archunit.core.importer.ImportedClasses.getOrResolve(ImportedClasses.java:67) ~[archunit-1.3.0.jar:1.3.0]
	at com.tngtech.archunit.core.importer.DomainBuilders$JavaMemberBuilder.get(DomainBuilders.java:179) ~[archunit-1.3.0.jar:1.3.0]
	at com.tngtech.archunit.core.importer.DomainBuilders$JavaCodeUnitBuilder.asJavaClasses(DomainBuilders.java:329) ~[archunit-1.3.0.jar:1.3.0]
	at com.tngtech.archunit.core.importer.DomainBuilders$JavaCodeUnitBuilder.getRawParameterTypes(DomainBuilders.java:303) ~[archunit-1.3.0.jar:1.3.0]
	at com.tngtech.archunit.core.domain.JavaCodeUnit$Parameters.<init>(JavaCodeUnit.java:317) ~[archunit-1.3.0.jar:1.3.0]
	at com.tngtech.archunit.core.domain.JavaCodeUnit.<init>(JavaCodeUnit.java:82) ~[archunit-1.3.0.jar:1.3.0]
	at com.tngtech.archunit.core.domain.JavaMethod.<init>(JavaMethod.java:44) ~[archunit-1.3.0.jar:1.3.0]
	at com.tngtech.archunit.core.domain.DomainObjectCreationContext.createJavaMethod(DomainObjectCreationContext.java:144) ~[archunit-1.3.0.jar:1.3.0]
	at com.tngtech.archunit.core.importer.DomainBuilders$JavaMethodBuilder.construct(DomainBuilders.java:373) ~[archunit-1.3.0.jar:1.3.0]
	at com.tngtech.archunit.core.importer.DomainBuilders$JavaMethodBuilder.construct(DomainBuilders.java:358) ~[archunit-1.3.0.jar:1.3.0]
	at com.tngtech.archunit.core.importer.DomainBuilders$JavaMemberBuilder.build(DomainBuilders.java:206) ~[archunit-1.3.0.jar:1.3.0]
	at com.tngtech.archunit.core.importer.DomainBuilders$JavaMemberBuilder.build(DomainBuilders.java:138) ~[archunit-1.3.0.jar:1.3.0]
	at com.tngtech.archunit.core.importer.DomainBuilders$BuilderWithBuildParameter$BuildFinisher.lambda$build$0(DomainBuilders.java:892) ~[archunit-1.3.0.jar:1.3.0]
	at java.base/java.util.stream.ReferencePipeline$3$1.accept(ReferencePipeline.java:214) ~[na:na]
	at java.base/java.util.stream.ReferencePipeline$2$1.accept(ReferencePipeline.java:197) ~[na:na]
	at java.base/java.util.HashMap$KeySpliterator.forEachRemaining(HashMap.java:1716) ~[na:na]
	at java.base/java.util.stream.AbstractPipeline.copyInto(AbstractPipeline.java:570) ~[na:na]
	at java.base/java.util.stream.AbstractPipeline.wrapAndCopyInto(AbstractPipeline.java:560) ~[na:na]
	at java.base/java.util.stream.ReduceOps$ReduceOp.evaluateSequential(ReduceOps.java:921) ~[na:na]
	at java.base/java.util.stream.AbstractPipeline.evaluate(AbstractPipeline.java:265) ~[na:na]
	at java.base/java.util.stream.ReferencePipeline.collect(ReferencePipeline.java:723) ~[na:na]
	at com.tngtech.archunit.core.importer.DomainBuilders$BuilderWithBuildParameter$BuildFinisher.build(DomainBuilders.java:892) ~[archunit-1.3.0.jar:1.3.0]
	at com.tngtech.archunit.core.importer.ClassGraphCreator.createMethods(ClassGraphCreator.java:322) ~[archunit-1.3.0.jar:1.3.0]
	at com.tngtech.archunit.core.domain.JavaClassMembers.create(JavaClassMembers.java:352) ~[archunit-1.3.0.jar:1.3.0]
	at com.tngtech.archunit.core.domain.JavaClass.completeMembers(JavaClass.java:1477) ~[archunit-1.3.0.jar:1.3.0]
	at com.tngtech.archunit.core.domain.DomainObjectCreationContext.completeMembers(DomainObjectCreationContext.java:96) ~[archunit-1.3.0.jar:1.3.0]
	at com.tngtech.archunit.core.importer.ClassGraphCreator.completeClasses(ClassGraphCreator.java:120) ~[archunit-1.3.0.jar:1.3.0]
	at com.tngtech.archunit.core.importer.ClassGraphCreator.complete(ClassGraphCreator.java:108) ~[archunit-1.3.0.jar:1.3.0]
	at com.tngtech.archunit.core.importer.ClassFileProcessor.process(ClassFileProcessor.java:75) ~[archunit-1.3.0.jar:1.3.0]
	at com.tngtech.archunit.core.importer.ClassFileImporter.importLocations(ClassFileImporter.java:325) ~[archunit-1.3.0.jar:1.3.0]
	at com.tngtech.archunit.junit.internal.ClassCache$CacheClassFileImporter.importClasses(ClassCache.java:126) ~[archunit-junit5-engine-1.3.0.jar:1.3.0]
	at com.tngtech.archunit.junit.internal.ClassCache$LazyJavaClasses.initialize(ClassCache.java:118) ~[archunit-junit5-engine-1.3.0.jar:1.3.0]
	at com.tngtech.archunit.junit.internal.ClassCache$LazyJavaClasses.get(ClassCache.java:107) ~[archunit-junit5-engine-1.3.0.jar:1.3.0]
	at com.tngtech.archunit.junit.internal.ClassCache.getClassesToAnalyzeFor(ClassCache.java:84) ~[archunit-junit5-engine-1.3.0.jar:1.3.0]
	at com.tngtech.archunit.junit.internal.ArchUnitTestDescriptor.lambda$createChildren$1(ArchUnitTestDescriptor.java:90) ~[archunit-junit5-engine-1.3.0.jar:1.3.0]
	at com.tngtech.archunit.junit.internal.ArchUnitTestDescriptor$ArchUnitRuleDescriptor.execute(ArchUnitTestDescriptor.java:167) ~[archunit-junit5-engine-1.3.0.jar:1.3.0]
	at com.tngtech.archunit.junit.internal.ArchUnitTestDescriptor$ArchUnitRuleDescriptor.execute(ArchUnitTestDescriptor.java:150) ~[archunit-junit5-engine-1.3.0.jar:1.3.0]
	at org.junit.platform.engine.support.hierarchical.NodeTestTask.lambda$executeRecursively$6(NodeTestTask.java:151) ~[junit-platform-engine-1.10.1.jar:1.10.1]
	at org.junit.platform.engine.support.hierarchical.ThrowableCollector.execute(ThrowableCollector.java:73) ~[junit-platform-engine-1.10.1.jar:1.10.1]
	at org.junit.platform.engine.support.hierarchical.NodeTestTask.lambda$executeRecursively$8(NodeTestTask.java:141) ~[junit-platform-engine-1.10.1.jar:1.10.1]
	at org.junit.platform.engine.support.hierarchical.Node.around(Node.java:137) ~[junit-platform-engine-1.10.1.jar:1.10.1]
	at org.junit.platform.engine.support.hierarchical.NodeTestTask.lambda$executeRecursively$9(NodeTestTask.java:139) ~[junit-platform-engine-1.10.1.jar:1.10.1]
	at org.junit.platform.engine.support.hierarchical.ThrowableCollector.execute(ThrowableCollector.java:73) ~[junit-platform-engine-1.10.1.jar:1.10.1]
	at org.junit.platform.engine.support.hierarchical.NodeTestTask.executeRecursively(NodeTestTask.java:138) ~[junit-platform-engine-1.10.1.jar:1.10.1]
	at org.junit.platform.engine.support.hierarchical.NodeTestTask.execute(NodeTestTask.java:95) ~[junit-platform-engine-1.10.1.jar:1.10.1]
	at java.base/java.util.ArrayList.forEach(ArrayList.java:1604) ~[na:na]
	at org.junit.platform.engine.support.hierarchical.SameThreadHierarchicalTestExecutorService.invokeAll(SameThreadHierarchicalTestExecutorService.java:41) ~[junit-platform-engine-1.10.1.jar:1.10.1]
	at org.junit.platform.engine.support.hierarchical.NodeTestTask.lambda$executeRecursively$6(NodeTestTask.java:155) ~[junit-platform-engine-1.10.1.jar:1.10.1]
	at org.junit.platform.engine.support.hierarchical.ThrowableCollector.execute(ThrowableCollector.java:73) ~[junit-platform-engine-1.10.1.jar:1.10.1]
	at org.junit.platform.engine.support.hierarchical.NodeTestTask.lambda$executeRecursively$8(NodeTestTask.java:141) ~[junit-platform-engine-1.10.1.jar:1.10.1]
	at org.junit.platform.engine.support.hierarchical.Node.around(Node.java:137) ~[junit-platform-engine-1.10.1.jar:1.10.1]
	at org.junit.platform.engine.support.hierarchical.NodeTestTask.lambda$executeRecursively$9(NodeTestTask.java:139) ~[junit-platform-engine-1.10.1.jar:1.10.1]
	at org.junit.platform.engine.support.hierarchical.ThrowableCollector.execute(ThrowableCollector.java:73) ~[junit-platform-engine-1.10.1.jar:1.10.1]
	at org.junit.platform.engine.support.hierarchical.NodeTestTask.executeRecursively(NodeTestTask.java:138) ~[junit-platform-engine-1.10.1.jar:1.10.1]
	at org.junit.platform.engine.support.hierarchical.NodeTestTask.execute(NodeTestTask.java:95) ~[junit-platform-engine-1.10.1.jar:1.10.1]
	at java.base/java.util.ArrayList.forEach(ArrayList.java:1604) ~[na:na]
	at org.junit.platform.engine.support.hierarchical.SameThreadHierarchicalTestExecutorService.invokeAll(SameThreadHierarchicalTestExecutorService.java:41) ~[junit-platform-engine-1.10.1.jar:1.10.1]
	at org.junit.platform.engine.support.hierarchical.NodeTestTask.lambda$executeRecursively$6(NodeTestTask.java:155) ~[junit-platform-engine-1.10.1.jar:1.10.1]
	at org.junit.platform.engine.support.hierarchical.ThrowableCollector.execute(ThrowableCollector.java:73) ~[junit-platform-engine-1.10.1.jar:1.10.1]
	at org.junit.platform.engine.support.hierarchical.NodeTestTask.lambda$executeRecursively$8(NodeTestTask.java:141) ~[junit-platform-engine-1.10.1.jar:1.10.1]
	at org.junit.platform.engine.support.hierarchical.Node.around(Node.java:137) ~[junit-platform-engine-1.10.1.jar:1.10.1]
	at org.junit.platform.engine.support.hierarchical.NodeTestTask.lambda$executeRecursively$9(NodeTestTask.java:139) ~[junit-platform-engine-1.10.1.jar:1.10.1]
	at org.junit.platform.engine.support.hierarchical.ThrowableCollector.execute(ThrowableCollector.java:73) ~[junit-platform-engine-1.10.1.jar:1.10.1]
	at org.junit.platform.engine.support.hierarchical.NodeTestTask.executeRecursively(NodeTestTask.java:138) ~[junit-platform-engine-1.10.1.jar:1.10.1]
	at org.junit.platform.engine.support.hierarchical.NodeTestTask.execute(NodeTestTask.java:95) ~[junit-platform-engine-1.10.1.jar:1.10.1]
	at org.junit.platform.engine.support.hierarchical.SameThreadHierarchicalTestExecutorService.submit(SameThreadHierarchicalTestExecutorService.java:35) ~[junit-platform-engine-1.10.1.jar:1.10.1]
	at org.junit.platform.engine.support.hierarchical.HierarchicalTestExecutor.execute(HierarchicalTestExecutor.java:57) ~[junit-platform-engine-1.10.1.jar:1.10.1]
	at org.junit.platform.engine.support.hierarchical.HierarchicalTestEngine.execute(HierarchicalTestEngine.java:54) ~[junit-platform-engine-1.10.1.jar:1.10.1]
	at org.junit.platform.launcher.core.EngineExecutionOrchestrator.execute(EngineExecutionOrchestrator.java:198) ~[junit-platform-launcher-1.10.1.jar:1.10.1]
	at org.junit.platform.launcher.core.EngineExecutionOrchestrator.execute(EngineExecutionOrchestrator.java:169) ~[junit-platform-launcher-1.10.1.jar:1.10.1]
	at org.junit.platform.launcher.core.EngineExecutionOrchestrator.execute(EngineExecutionOrchestrator.java:93) ~[junit-platform-launcher-1.10.1.jar:1.10.1]
	at org.junit.platform.launcher.core.EngineExecutionOrchestrator.lambda$execute$0(EngineExecutionOrchestrator.java:58) ~[junit-platform-launcher-1.10.1.jar:1.10.1]
	at org.junit.platform.launcher.core.EngineExecutionOrchestrator.withInterceptedStreams(EngineExecutionOrchestrator.java:141) ~[junit-platform-launcher-1.10.1.jar:1.10.1]
	at org.junit.platform.launcher.core.EngineExecutionOrchestrator.execute(EngineExecutionOrchestrator.java:57) ~[junit-platform-launcher-1.10.1.jar:1.10.1]
	at org.junit.platform.launcher.core.DefaultLauncher.execute(DefaultLauncher.java:103) ~[junit-platform-launcher-1.10.1.jar:1.10.1]
	at org.junit.platform.launcher.core.DefaultLauncher.execute(DefaultLauncher.java:85) ~[junit-platform-launcher-1.10.1.jar:1.10.1]
	at org.junit.platform.launcher.core.DelegatingLauncher.execute(DelegatingLauncher.java:47) ~[junit-platform-launcher-1.10.1.jar:1.10.1]
	at org.apache.maven.surefire.junitplatform.LazyLauncher.execute(LazyLauncher.java:56) ~[surefire-junit-platform-3.1.2.jar:3.1.2]
	at org.apache.maven.surefire.junitplatform.JUnitPlatformProvider.execute(JUnitPlatformProvider.java:184) ~[surefire-junit-platform-3.1.2.jar:3.1.2]
	at org.apache.maven.surefire.junitplatform.JUnitPlatformProvider.invokeAllTests(JUnitPlatformProvider.java:148) ~[surefire-junit-platform-3.1.2.jar:3.1.2]
	at org.apache.maven.surefire.junitplatform.JUnitPlatformProvider.invoke(JUnitPlatformProvider.java:122) ~[surefire-junit-platform-3.1.2.jar:3.1.2]
	at org.apache.maven.surefire.booter.ForkedBooter.runSuitesInProcess(ForkedBooter.java:385) ~[surefire-booter-3.1.2.jar:3.1.2]
	at org.apache.maven.surefire.booter.ForkedBooter.execute(ForkedBooter.java:162) ~[surefire-booter-3.1.2.jar:3.1.2]
	at org.apache.maven.surefire.booter.ForkedBooter.run(ForkedBooter.java:507) ~[surefire-booter-3.1.2.jar:3.1.2]
	at org.apache.maven.surefire.booter.ForkedBooter.main(ForkedBooter.java:495) ~[surefire-booter-3.1.2.jar:3.1.2]

2025-10-13T13:36:42.601+02:00  WARN 80616 --- [hexagonal-app] [           main] c.t.a.core.importer.ClassFileProcessor   : Error during import from jrt:/java.base/java/io/DataInput.class, falling back to simple import

java.lang.IllegalArgumentException: Unsupported class file major version 69
	at com.tngtech.archunit.thirdparty.org.objectweb.asm.ClassReader.<init>(ClassReader.java:200) ~[archunit-1.3.0.jar:1.3.0]
	at com.tngtech.archunit.thirdparty.org.objectweb.asm.ClassReader.<init>(ClassReader.java:180) ~[archunit-1.3.0.jar:1.3.0]
	at com.tngtech.archunit.thirdparty.org.objectweb.asm.ClassReader.<init>(ClassReader.java:166) ~[archunit-1.3.0.jar:1.3.0]
	at com.tngtech.archunit.thirdparty.org.objectweb.asm.ClassReader.<init>(ClassReader.java:288) ~[archunit-1.3.0.jar:1.3.0]
	at com.tngtech.archunit.core.importer.ClassFileProcessor$UriImporterOfProcessor.tryImport(ClassFileProcessor.java:350) ~[archunit-1.3.0.jar:1.3.0]
	at com.tngtech.archunit.core.importer.resolvers.ClassResolverFromClasspath.tryResolve(ClassResolverFromClasspath.java:51) ~[archunit-1.3.0.jar:1.3.0]
	at com.tngtech.archunit.core.importer.ImportedClasses.resolve(ImportedClasses.java:80) ~[archunit-1.3.0.jar:1.3.0]
	at com.tngtech.archunit.core.importer.ImportedClasses.getOrResolve(ImportedClasses.java:67) ~[archunit-1.3.0.jar:1.3.0]
	at com.tngtech.archunit.core.importer.DomainBuilders$JavaMemberBuilder.get(DomainBuilders.java:179) ~[archunit-1.3.0.jar:1.3.0]
	at com.tngtech.archunit.core.importer.DomainBuilders$JavaCodeUnitBuilder.asJavaClasses(DomainBuilders.java:329) ~[archunit-1.3.0.jar:1.3.0]
	at com.tngtech.archunit.core.importer.DomainBuilders$JavaCodeUnitBuilder.getRawParameterTypes(DomainBuilders.java:303) ~[archunit-1.3.0.jar:1.3.0]
	at com.tngtech.archunit.core.domain.JavaCodeUnit$Parameters.<init>(JavaCodeUnit.java:317) ~[archunit-1.3.0.jar:1.3.0]
	at com.tngtech.archunit.core.domain.JavaCodeUnit.<init>(JavaCodeUnit.java:82) ~[archunit-1.3.0.jar:1.3.0]
	at com.tngtech.archunit.core.domain.JavaMethod.<init>(JavaMethod.java:44) ~[archunit-1.3.0.jar:1.3.0]
	at com.tngtech.archunit.core.domain.DomainObjectCreationContext.createJavaMethod(DomainObjectCreationContext.java:144) ~[archunit-1.3.0.jar:1.3.0]
	at com.tngtech.archunit.core.importer.DomainBuilders$JavaMethodBuilder.construct(DomainBuilders.java:373) ~[archunit-1.3.0.jar:1.3.0]
	at com.tngtech.archunit.core.importer.DomainBuilders$JavaMethodBuilder.construct(DomainBuilders.java:358) ~[archunit-1.3.0.jar:1.3.0]
	at com.tngtech.archunit.core.importer.DomainBuilders$JavaMemberBuilder.build(DomainBuilders.java:206) ~[archunit-1.3.0.jar:1.3.0]
	at com.tngtech.archunit.core.importer.DomainBuilders$JavaMemberBuilder.build(DomainBuilders.java:138) ~[archunit-1.3.0.jar:1.3.0]
	at com.tngtech.archunit.core.importer.DomainBuilders$BuilderWithBuildParameter$BuildFinisher.lambda$build$0(DomainBuilders.java:892) ~[archunit-1.3.0.jar:1.3.0]
	at java.base/java.util.stream.ReferencePipeline$3$1.accept(ReferencePipeline.java:214) ~[na:na]
	at java.base/java.util.stream.ReferencePipeline$2$1.accept(ReferencePipeline.java:197) ~[na:na]
	at java.base/java.util.HashMap$KeySpliterator.forEachRemaining(HashMap.java:1716) ~[na:na]
	at java.base/java.util.stream.AbstractPipeline.copyInto(AbstractPipeline.java:570) ~[na:na]
	at java.base/java.util.stream.AbstractPipeline.wrapAndCopyInto(AbstractPipeline.java:560) ~[na:na]
	at java.base/java.util.stream.ReduceOps$ReduceOp.evaluateSequential(ReduceOps.java:921) ~[na:na]
	at java.base/java.util.stream.AbstractPipeline.evaluate(AbstractPipeline.java:265) ~[na:na]
	at java.base/java.util.stream.ReferencePipeline.collect(ReferencePipeline.java:723) ~[na:na]
	at com.tngtech.archunit.core.importer.DomainBuilders$BuilderWithBuildParameter$BuildFinisher.build(DomainBuilders.java:892) ~[archunit-1.3.0.jar:1.3.0]
	at com.tngtech.archunit.core.importer.ClassGraphCreator.createMethods(ClassGraphCreator.java:322) ~[archunit-1.3.0.jar:1.3.0]
	at com.tngtech.archunit.core.domain.JavaClassMembers.create(JavaClassMembers.java:352) ~[archunit-1.3.0.jar:1.3.0]
	at com.tngtech.archunit.core.domain.JavaClass.completeMembers(JavaClass.java:1477) ~[archunit-1.3.0.jar:1.3.0]
	at com.tngtech.archunit.core.domain.DomainObjectCreationContext.completeMembers(DomainObjectCreationContext.java:96) ~[archunit-1.3.0.jar:1.3.0]
	at com.tngtech.archunit.core.importer.ClassGraphCreator.completeClasses(ClassGraphCreator.java:120) ~[archunit-1.3.0.jar:1.3.0]
	at com.tngtech.archunit.core.importer.ClassGraphCreator.complete(ClassGraphCreator.java:108) ~[archunit-1.3.0.jar:1.3.0]
	at com.tngtech.archunit.core.importer.ClassFileProcessor.process(ClassFileProcessor.java:75) ~[archunit-1.3.0.jar:1.3.0]
	at com.tngtech.archunit.core.importer.ClassFileImporter.importLocations(ClassFileImporter.java:325) ~[archunit-1.3.0.jar:1.3.0]
	at com.tngtech.archunit.junit.internal.ClassCache$CacheClassFileImporter.importClasses(ClassCache.java:126) ~[archunit-junit5-engine-1.3.0.jar:1.3.0]
	at com.tngtech.archunit.junit.internal.ClassCache$LazyJavaClasses.initialize(ClassCache.java:118) ~[archunit-junit5-engine-1.3.0.jar:1.3.0]
	at com.tngtech.archunit.junit.internal.ClassCache$LazyJavaClasses.get(ClassCache.java:107) ~[archunit-junit5-engine-1.3.0.jar:1.3.0]
	at com.tngtech.archunit.junit.internal.ClassCache.getClassesToAnalyzeFor(ClassCache.java:84) ~[archunit-junit5-engine-1.3.0.jar:1.3.0]
	at com.tngtech.archunit.junit.internal.ArchUnitTestDescriptor.lambda$createChildren$1(ArchUnitTestDescriptor.java:90) ~[archunit-junit5-engine-1.3.0.jar:1.3.0]
	at com.tngtech.archunit.junit.internal.ArchUnitTestDescriptor$ArchUnitRuleDescriptor.execute(ArchUnitTestDescriptor.java:167) ~[archunit-junit5-engine-1.3.0.jar:1.3.0]
	at com.tngtech.archunit.junit.internal.ArchUnitTestDescriptor$ArchUnitRuleDescriptor.execute(ArchUnitTestDescriptor.java:150) ~[archunit-junit5-engine-1.3.0.jar:1.3.0]
	at org.junit.platform.engine.support.hierarchical.NodeTestTask.lambda$executeRecursively$6(NodeTestTask.java:151) ~[junit-platform-engine-1.10.1.jar:1.10.1]
	at org.junit.platform.engine.support.hierarchical.ThrowableCollector.execute(ThrowableCollector.java:73) ~[junit-platform-engine-1.10.1.jar:1.10.1]
	at org.junit.platform.engine.support.hierarchical.NodeTestTask.lambda$executeRecursively$8(NodeTestTask.java:141) ~[junit-platform-engine-1.10.1.jar:1.10.1]
	at org.junit.platform.engine.support.hierarchical.Node.around(Node.java:137) ~[junit-platform-engine-1.10.1.jar:1.10.1]
	at org.junit.platform.engine.support.hierarchical.NodeTestTask.lambda$executeRecursively$9(NodeTestTask.java:139) ~[junit-platform-engine-1.10.1.jar:1.10.1]
	at org.junit.platform.engine.support.hierarchical.ThrowableCollector.execute(ThrowableCollector.java:73) ~[junit-platform-engine-1.10.1.jar:1.10.1]
	at org.junit.platform.engine.support.hierarchical.NodeTestTask.executeRecursively(NodeTestTask.java:138) ~[junit-platform-engine-1.10.1.jar:1.10.1]
	at org.junit.platform.engine.support.hierarchical.NodeTestTask.execute(NodeTestTask.java:95) ~[junit-platform-engine-1.10.1.jar:1.10.1]
	at java.base/java.util.ArrayList.forEach(ArrayList.java:1604) ~[na:na]
	at org.junit.platform.engine.support.hierarchical.SameThreadHierarchicalTestExecutorService.invokeAll(SameThreadHierarchicalTestExecutorService.java:41) ~[junit-platform-engine-1.10.1.jar:1.10.1]
	at org.junit.platform.engine.support.hierarchical.NodeTestTask.lambda$executeRecursively$6(NodeTestTask.java:155) ~[junit-platform-engine-1.10.1.jar:1.10.1]
	at org.junit.platform.engine.support.hierarchical.ThrowableCollector.execute(ThrowableCollector.java:73) ~[junit-platform-engine-1.10.1.jar:1.10.1]
	at org.junit.platform.engine.support.hierarchical.NodeTestTask.lambda$executeRecursively$8(NodeTestTask.java:141) ~[junit-platform-engine-1.10.1.jar:1.10.1]
	at org.junit.platform.engine.support.hierarchical.Node.around(Node.java:137) ~[junit-platform-engine-1.10.1.jar:1.10.1]
	at org.junit.platform.engine.support.hierarchical.NodeTestTask.lambda$executeRecursively$9(NodeTestTask.java:139) ~[junit-platform-engine-1.10.1.jar:1.10.1]
	at org.junit.platform.engine.support.hierarchical.ThrowableCollector.execute(ThrowableCollector.java:73) ~[junit-platform-engine-1.10.1.jar:1.10.1]
	at org.junit.platform.engine.support.hierarchical.NodeTestTask.executeRecursively(NodeTestTask.java:138) ~[junit-platform-engine-1.10.1.jar:1.10.1]
	at org.junit.platform.engine.support.hierarchical.NodeTestTask.execute(NodeTestTask.java:95) ~[junit-platform-engine-1.10.1.jar:1.10.1]
	at java.base/java.util.ArrayList.forEach(ArrayList.java:1604) ~[na:na]
	at org.junit.platform.engine.support.hierarchical.SameThreadHierarchicalTestExecutorService.invokeAll(SameThreadHierarchicalTestExecutorService.java:41) ~[junit-platform-engine-1.10.1.jar:1.10.1]
	at org.junit.platform.engine.support.hierarchical.NodeTestTask.lambda$executeRecursively$6(NodeTestTask.java:155) ~[junit-platform-engine-1.10.1.jar:1.10.1]
	at org.junit.platform.engine.support.hierarchical.ThrowableCollector.execute(ThrowableCollector.java:73) ~[junit-platform-engine-1.10.1.jar:1.10.1]
	at org.junit.platform.engine.support.hierarchical.NodeTestTask.lambda$executeRecursively$8(NodeTestTask.java:141) ~[junit-platform-engine-1.10.1.jar:1.10.1]
	at org.junit.platform.engine.support.hierarchical.Node.around(Node.java:137) ~[junit-platform-engine-1.10.1.jar:1.10.1]
	at org.junit.platform.engine.support.hierarchical.NodeTestTask.lambda$executeRecursively$9(NodeTestTask.java:139) ~[junit-platform-engine-1.10.1.jar:1.10.1]
	at org.junit.platform.engine.support.hierarchical.ThrowableCollector.execute(ThrowableCollector.java:73) ~[junit-platform-engine-1.10.1.jar:1.10.1]
	at org.junit.platform.engine.support.hierarchical.NodeTestTask.executeRecursively(NodeTestTask.java:138) ~[junit-platform-engine-1.10.1.jar:1.10.1]
	at org.junit.platform.engine.support.hierarchical.NodeTestTask.execute(NodeTestTask.java:95) ~[junit-platform-engine-1.10.1.jar:1.10.1]
	at org.junit.platform.engine.support.hierarchical.SameThreadHierarchicalTestExecutorService.submit(SameThreadHierarchicalTestExecutorService.java:35) ~[junit-platform-engine-1.10.1.jar:1.10.1]
	at org.junit.platform.engine.support.hierarchical.HierarchicalTestExecutor.execute(HierarchicalTestExecutor.java:57) ~[junit-platform-engine-1.10.1.jar:1.10.1]
	at org.junit.platform.engine.support.hierarchical.HierarchicalTestEngine.execute(HierarchicalTestEngine.java:54) ~[junit-platform-engine-1.10.1.jar:1.10.1]
	at org.junit.platform.launcher.core.EngineExecutionOrchestrator.execute(EngineExecutionOrchestrator.java:198) ~[junit-platform-launcher-1.10.1.jar:1.10.1]
	at org.junit.platform.launcher.core.EngineExecutionOrchestrator.execute(EngineExecutionOrchestrator.java:169) ~[junit-platform-launcher-1.10.1.jar:1.10.1]
	at org.junit.platform.launcher.core.EngineExecutionOrchestrator.execute(EngineExecutionOrchestrator.java:93) ~[junit-platform-launcher-1.10.1.jar:1.10.1]
	at org.junit.platform.launcher.core.EngineExecutionOrchestrator.lambda$execute$0(EngineExecutionOrchestrator.java:58) ~[junit-platform-launcher-1.10.1.jar:1.10.1]
	at org.junit.platform.launcher.core.EngineExecutionOrchestrator.withInterceptedStreams(EngineExecutionOrchestrator.java:141) ~[junit-platform-launcher-1.10.1.jar:1.10.1]
	at org.junit.platform.launcher.core.EngineExecutionOrchestrator.execute(EngineExecutionOrchestrator.java:57) ~[junit-platform-launcher-1.10.1.jar:1.10.1]
	at org.junit.platform.launcher.core.DefaultLauncher.execute(DefaultLauncher.java:103) ~[junit-platform-launcher-1.10.1.jar:1.10.1]
	at org.junit.platform.launcher.core.DefaultLauncher.execute(DefaultLauncher.java:85) ~[junit-platform-launcher-1.10.1.jar:1.10.1]
	at org.junit.platform.launcher.core.DelegatingLauncher.execute(DelegatingLauncher.java:47) ~[junit-platform-launcher-1.10.1.jar:1.10.1]
	at org.apache.maven.surefire.junitplatform.LazyLauncher.execute(LazyLauncher.java:56) ~[surefire-junit-platform-3.1.2.jar:3.1.2]
	at org.apache.maven.surefire.junitplatform.JUnitPlatformProvider.execute(JUnitPlatformProvider.java:184) ~[surefire-junit-platform-3.1.2.jar:3.1.2]
	at org.apache.maven.surefire.junitplatform.JUnitPlatformProvider.invokeAllTests(JUnitPlatformProvider.java:148) ~[surefire-junit-platform-3.1.2.jar:3.1.2]
	at org.apache.maven.surefire.junitplatform.JUnitPlatformProvider.invoke(JUnitPlatformProvider.java:122) ~[surefire-junit-platform-3.1.2.jar:3.1.2]
	at org.apache.maven.surefire.booter.ForkedBooter.runSuitesInProcess(ForkedBooter.java:385) ~[surefire-booter-3.1.2.jar:3.1.2]
	at org.apache.maven.surefire.booter.ForkedBooter.execute(ForkedBooter.java:162) ~[surefire-booter-3.1.2.jar:3.1.2]
	at org.apache.maven.surefire.booter.ForkedBooter.run(ForkedBooter.java:507) ~[surefire-booter-3.1.2.jar:3.1.2]
	at org.apache.maven.surefire.booter.ForkedBooter.main(ForkedBooter.java:495) ~[surefire-booter-3.1.2.jar:3.1.2]

2025-10-13T13:36:42.601+02:00  WARN 80616 --- [hexagonal-app] [           main] c.t.a.core.importer.ClassFileProcessor   : Error during import from jrt:/java.base/java/io/DataOutput.class, falling back to simple import

java.lang.IllegalArgumentException: Unsupported class file major version 69
	at com.tngtech.archunit.thirdparty.org.objectweb.asm.ClassReader.<init>(ClassReader.java:200) ~[archunit-1.3.0.jar:1.3.0]
	at com.tngtech.archunit.thirdparty.org.objectweb.asm.ClassReader.<init>(ClassReader.java:180) ~[archunit-1.3.0.jar:1.3.0]
	at com.tngtech.archunit.thirdparty.org.objectweb.asm.ClassReader.<init>(ClassReader.java:166) ~[archunit-1.3.0.jar:1.3.0]
	at com.tngtech.archunit.thirdparty.org.objectweb.asm.ClassReader.<init>(ClassReader.java:288) ~[archunit-1.3.0.jar:1.3.0]
	at com.tngtech.archunit.core.importer.ClassFileProcessor$UriImporterOfProcessor.tryImport(ClassFileProcessor.java:350) ~[archunit-1.3.0.jar:1.3.0]
	at com.tngtech.archunit.core.importer.resolvers.ClassResolverFromClasspath.tryResolve(ClassResolverFromClasspath.java:51) ~[archunit-1.3.0.jar:1.3.0]
	at com.tngtech.archunit.core.importer.ImportedClasses.resolve(ImportedClasses.java:80) ~[archunit-1.3.0.jar:1.3.0]
	at com.tngtech.archunit.core.importer.ImportedClasses.getOrResolve(ImportedClasses.java:67) ~[archunit-1.3.0.jar:1.3.0]
	at com.tngtech.archunit.core.importer.DomainBuilders$JavaMemberBuilder.get(DomainBuilders.java:179) ~[archunit-1.3.0.jar:1.3.0]
	at com.tngtech.archunit.core.importer.DomainBuilders$JavaCodeUnitBuilder.asJavaClasses(DomainBuilders.java:329) ~[archunit-1.3.0.jar:1.3.0]
	at com.tngtech.archunit.core.importer.DomainBuilders$JavaCodeUnitBuilder.getRawParameterTypes(DomainBuilders.java:303) ~[archunit-1.3.0.jar:1.3.0]
	at com.tngtech.archunit.core.domain.JavaCodeUnit$Parameters.<init>(JavaCodeUnit.java:317) ~[archunit-1.3.0.jar:1.3.0]
	at com.tngtech.archunit.core.domain.JavaCodeUnit.<init>(JavaCodeUnit.java:82) ~[archunit-1.3.0.jar:1.3.0]
	at com.tngtech.archunit.core.domain.JavaMethod.<init>(JavaMethod.java:44) ~[archunit-1.3.0.jar:1.3.0]
	at com.tngtech.archunit.core.domain.DomainObjectCreationContext.createJavaMethod(DomainObjectCreationContext.java:144) ~[archunit-1.3.0.jar:1.3.0]
	at com.tngtech.archunit.core.importer.DomainBuilders$JavaMethodBuilder.construct(DomainBuilders.java:373) ~[archunit-1.3.0.jar:1.3.0]
	at com.tngtech.archunit.core.importer.DomainBuilders$JavaMethodBuilder.construct(DomainBuilders.java:358) ~[archunit-1.3.0.jar:1.3.0]
	at com.tngtech.archunit.core.importer.DomainBuilders$JavaMemberBuilder.build(DomainBuilders.java:206) ~[archunit-1.3.0.jar:1.3.0]
	at com.tngtech.archunit.core.importer.DomainBuilders$JavaMemberBuilder.build(DomainBuilders.java:138) ~[archunit-1.3.0.jar:1.3.0]
	at com.tngtech.archunit.core.importer.DomainBuilders$BuilderWithBuildParameter$BuildFinisher.lambda$build$0(DomainBuilders.java:892) ~[archunit-1.3.0.jar:1.3.0]
	at java.base/java.util.stream.ReferencePipeline$3$1.accept(ReferencePipeline.java:214) ~[na:na]
	at java.base/java.util.stream.ReferencePipeline$2$1.accept(ReferencePipeline.java:197) ~[na:na]
	at java.base/java.util.HashMap$KeySpliterator.forEachRemaining(HashMap.java:1716) ~[na:na]
	at java.base/java.util.stream.AbstractPipeline.copyInto(AbstractPipeline.java:570) ~[na:na]
	at java.base/java.util.stream.AbstractPipeline.wrapAndCopyInto(AbstractPipeline.java:560) ~[na:na]
	at java.base/java.util.stream.ReduceOps$ReduceOp.evaluateSequential(ReduceOps.java:921) ~[na:na]
	at java.base/java.util.stream.AbstractPipeline.evaluate(AbstractPipeline.java:265) ~[na:na]
	at java.base/java.util.stream.ReferencePipeline.collect(ReferencePipeline.java:723) ~[na:na]
	at com.tngtech.archunit.core.importer.DomainBuilders$BuilderWithBuildParameter$BuildFinisher.build(DomainBuilders.java:892) ~[archunit-1.3.0.jar:1.3.0]
	at com.tngtech.archunit.core.importer.ClassGraphCreator.createMethods(ClassGraphCreator.java:322) ~[archunit-1.3.0.jar:1.3.0]
	at com.tngtech.archunit.core.domain.JavaClassMembers.create(JavaClassMembers.java:352) ~[archunit-1.3.0.jar:1.3.0]
	at com.tngtech.archunit.core.domain.JavaClass.completeMembers(JavaClass.java:1477) ~[archunit-1.3.0.jar:1.3.0]
	at com.tngtech.archunit.core.domain.DomainObjectCreationContext.completeMembers(DomainObjectCreationContext.java:96) ~[archunit-1.3.0.jar:1.3.0]
	at com.tngtech.archunit.core.importer.ClassGraphCreator.completeClasses(ClassGraphCreator.java:120) ~[archunit-1.3.0.jar:1.3.0]
	at com.tngtech.archunit.core.importer.ClassGraphCreator.complete(ClassGraphCreator.java:108) ~[archunit-1.3.0.jar:1.3.0]
	at com.tngtech.archunit.core.importer.ClassFileProcessor.process(ClassFileProcessor.java:75) ~[archunit-1.3.0.jar:1.3.0]
	at com.tngtech.archunit.core.importer.ClassFileImporter.importLocations(ClassFileImporter.java:325) ~[archunit-1.3.0.jar:1.3.0]
	at com.tngtech.archunit.junit.internal.ClassCache$CacheClassFileImporter.importClasses(ClassCache.java:126) ~[archunit-junit5-engine-1.3.0.jar:1.3.0]
	at com.tngtech.archunit.junit.internal.ClassCache$LazyJavaClasses.initialize(ClassCache.java:118) ~[archunit-junit5-engine-1.3.0.jar:1.3.0]
	at com.tngtech.archunit.junit.internal.ClassCache$LazyJavaClasses.get(ClassCache.java:107) ~[archunit-junit5-engine-1.3.0.jar:1.3.0]
	at com.tngtech.archunit.junit.internal.ClassCache.getClassesToAnalyzeFor(ClassCache.java:84) ~[archunit-junit5-engine-1.3.0.jar:1.3.0]
	at com.tngtech.archunit.junit.internal.ArchUnitTestDescriptor.lambda$createChildren$1(ArchUnitTestDescriptor.java:90) ~[archunit-junit5-engine-1.3.0.jar:1.3.0]
	at com.tngtech.archunit.junit.internal.ArchUnitTestDescriptor$ArchUnitRuleDescriptor.execute(ArchUnitTestDescriptor.java:167) ~[archunit-junit5-engine-1.3.0.jar:1.3.0]
	at com.tngtech.archunit.junit.internal.ArchUnitTestDescriptor$ArchUnitRuleDescriptor.execute(ArchUnitTestDescriptor.java:150) ~[archunit-junit5-engine-1.3.0.jar:1.3.0]
	at org.junit.platform.engine.support.hierarchical.NodeTestTask.lambda$executeRecursively$6(NodeTestTask.java:151) ~[junit-platform-engine-1.10.1.jar:1.10.1]
	at org.junit.platform.engine.support.hierarchical.ThrowableCollector.execute(ThrowableCollector.java:73) ~[junit-platform-engine-1.10.1.jar:1.10.1]
	at org.junit.platform.engine.support.hierarchical.NodeTestTask.lambda$executeRecursively$8(NodeTestTask.java:141) ~[junit-platform-engine-1.10.1.jar:1.10.1]
	at org.junit.platform.engine.support.hierarchical.Node.around(Node.java:137) ~[junit-platform-engine-1.10.1.jar:1.10.1]
	at org.junit.platform.engine.support.hierarchical.NodeTestTask.lambda$executeRecursively$9(NodeTestTask.java:139) ~[junit-platform-engine-1.10.1.jar:1.10.1]
	at org.junit.platform.engine.support.hierarchical.ThrowableCollector.execute(ThrowableCollector.java:73) ~[junit-platform-engine-1.10.1.jar:1.10.1]
	at org.junit.platform.engine.support.hierarchical.NodeTestTask.executeRecursively(NodeTestTask.java:138) ~[junit-platform-engine-1.10.1.jar:1.10.1]
	at org.junit.platform.engine.support.hierarchical.NodeTestTask.execute(NodeTestTask.java:95) ~[junit-platform-engine-1.10.1.jar:1.10.1]
	at java.base/java.util.ArrayList.forEach(ArrayList.java:1604) ~[na:na]
	at org.junit.platform.engine.support.hierarchical.SameThreadHierarchicalTestExecutorService.invokeAll(SameThreadHierarchicalTestExecutorService.java:41) ~[junit-platform-engine-1.10.1.jar:1.10.1]
	at org.junit.platform.engine.support.hierarchical.NodeTestTask.lambda$executeRecursively$6(NodeTestTask.java:155) ~[junit-platform-engine-1.10.1.jar:1.10.1]
	at org.junit.platform.engine.support.hierarchical.ThrowableCollector.execute(ThrowableCollector.java:73) ~[junit-platform-engine-1.10.1.jar:1.10.1]
	at org.junit.platform.engine.support.hierarchical.NodeTestTask.lambda$executeRecursively$8(NodeTestTask.java:141) ~[junit-platform-engine-1.10.1.jar:1.10.1]
	at org.junit.platform.engine.support.hierarchical.Node.around(Node.java:137) ~[junit-platform-engine-1.10.1.jar:1.10.1]
	at org.junit.platform.engine.support.hierarchical.NodeTestTask.lambda$executeRecursively$9(NodeTestTask.java:139) ~[junit-platform-engine-1.10.1.jar:1.10.1]
	at org.junit.platform.engine.support.hierarchical.ThrowableCollector.execute(ThrowableCollector.java:73) ~[junit-platform-engine-1.10.1.jar:1.10.1]
	at org.junit.platform.engine.support.hierarchical.NodeTestTask.executeRecursively(NodeTestTask.java:138) ~[junit-platform-engine-1.10.1.jar:1.10.1]
	at org.junit.platform.engine.support.hierarchical.NodeTestTask.execute(NodeTestTask.java:95) ~[junit-platform-engine-1.10.1.jar:1.10.1]
	at java.base/java.util.ArrayList.forEach(ArrayList.java:1604) ~[na:na]
	at org.junit.platform.engine.support.hierarchical.SameThreadHierarchicalTestExecutorService.invokeAll(SameThreadHierarchicalTestExecutorService.java:41) ~[junit-platform-engine-1.10.1.jar:1.10.1]
	at org.junit.platform.engine.support.hierarchical.NodeTestTask.lambda$executeRecursively$6(NodeTestTask.java:155) ~[junit-platform-engine-1.10.1.jar:1.10.1]
	at org.junit.platform.engine.support.hierarchical.ThrowableCollector.execute(ThrowableCollector.java:73) ~[junit-platform-engine-1.10.1.jar:1.10.1]
	at org.junit.platform.engine.support.hierarchical.NodeTestTask.lambda$executeRecursively$8(NodeTestTask.java:141) ~[junit-platform-engine-1.10.1.jar:1.10.1]
	at org.junit.platform.engine.support.hierarchical.Node.around(Node.java:137) ~[junit-platform-engine-1.10.1.jar:1.10.1]
	at org.junit.platform.engine.support.hierarchical.NodeTestTask.lambda$executeRecursively$9(NodeTestTask.java:139) ~[junit-platform-engine-1.10.1.jar:1.10.1]
	at org.junit.platform.engine.support.hierarchical.ThrowableCollector.execute(ThrowableCollector.java:73) ~[junit-platform-engine-1.10.1.jar:1.10.1]
	at org.junit.platform.engine.support.hierarchical.NodeTestTask.executeRecursively(NodeTestTask.java:138) ~[junit-platform-engine-1.10.1.jar:1.10.1]
	at org.junit.platform.engine.support.hierarchical.NodeTestTask.execute(NodeTestTask.java:95) ~[junit-platform-engine-1.10.1.jar:1.10.1]
	at org.junit.platform.engine.support.hierarchical.SameThreadHierarchicalTestExecutorService.submit(SameThreadHierarchicalTestExecutorService.java:35) ~[junit-platform-engine-1.10.1.jar:1.10.1]
	at org.junit.platform.engine.support.hierarchical.HierarchicalTestExecutor.execute(HierarchicalTestExecutor.java:57) ~[junit-platform-engine-1.10.1.jar:1.10.1]
	at org.junit.platform.engine.support.hierarchical.HierarchicalTestEngine.execute(HierarchicalTestEngine.java:54) ~[junit-platform-engine-1.10.1.jar:1.10.1]
	at org.junit.platform.launcher.core.EngineExecutionOrchestrator.execute(EngineExecutionOrchestrator.java:198) ~[junit-platform-launcher-1.10.1.jar:1.10.1]
	at org.junit.platform.launcher.core.EngineExecutionOrchestrator.execute(EngineExecutionOrchestrator.java:169) ~[junit-platform-launcher-1.10.1.jar:1.10.1]
	at org.junit.platform.launcher.core.EngineExecutionOrchestrator.execute(EngineExecutionOrchestrator.java:93) ~[junit-platform-launcher-1.10.1.jar:1.10.1]
	at org.junit.platform.launcher.core.EngineExecutionOrchestrator.lambda$execute$0(EngineExecutionOrchestrator.java:58) ~[junit-platform-launcher-1.10.1.jar:1.10.1]
	at org.junit.platform.launcher.core.EngineExecutionOrchestrator.withInterceptedStreams(EngineExecutionOrchestrator.java:141) ~[junit-platform-launcher-1.10.1.jar:1.10.1]
	at org.junit.platform.launcher.core.EngineExecutionOrchestrator.execute(EngineExecutionOrchestrator.java:57) ~[junit-platform-launcher-1.10.1.jar:1.10.1]
	at org.junit.platform.launcher.core.DefaultLauncher.execute(DefaultLauncher.java:103) ~[junit-platform-launcher-1.10.1.jar:1.10.1]
	at org.junit.platform.launcher.core.DefaultLauncher.execute(DefaultLauncher.java:85) ~[junit-platform-launcher-1.10.1.jar:1.10.1]
	at org.junit.platform.launcher.core.DelegatingLauncher.execute(DelegatingLauncher.java:47) ~[junit-platform-launcher-1.10.1.jar:1.10.1]
	at org.apache.maven.surefire.junitplatform.LazyLauncher.execute(LazyLauncher.java:56) ~[surefire-junit-platform-3.1.2.jar:3.1.2]
	at org.apache.maven.surefire.junitplatform.JUnitPlatformProvider.execute(JUnitPlatformProvider.java:184) ~[surefire-junit-platform-3.1.2.jar:3.1.2]
	at org.apache.maven.surefire.junitplatform.JUnitPlatformProvider.invokeAllTests(JUnitPlatformProvider.java:148) ~[surefire-junit-platform-3.1.2.jar:3.1.2]
	at org.apache.maven.surefire.junitplatform.JUnitPlatformProvider.invoke(JUnitPlatformProvider.java:122) ~[surefire-junit-platform-3.1.2.jar:3.1.2]
	at org.apache.maven.surefire.booter.ForkedBooter.runSuitesInProcess(ForkedBooter.java:385) ~[surefire-booter-3.1.2.jar:3.1.2]
	at org.apache.maven.surefire.booter.ForkedBooter.execute(ForkedBooter.java:162) ~[surefire-booter-3.1.2.jar:3.1.2]
	at org.apache.maven.surefire.booter.ForkedBooter.run(ForkedBooter.java:507) ~[surefire-booter-3.1.2.jar:3.1.2]
	at org.apache.maven.surefire.booter.ForkedBooter.main(ForkedBooter.java:495) ~[surefire-booter-3.1.2.jar:3.1.2]

2025-10-13T13:36:42.602+02:00  WARN 80616 --- [hexagonal-app] [           main] c.t.a.core.importer.ClassFileProcessor   : Error during import from jrt:/java.base/java/lang/ClassLoader.class, falling back to simple import

java.lang.IllegalArgumentException: Unsupported class file major version 69
	at com.tngtech.archunit.thirdparty.org.objectweb.asm.ClassReader.<init>(ClassReader.java:200) ~[archunit-1.3.0.jar:1.3.0]
	at com.tngtech.archunit.thirdparty.org.objectweb.asm.ClassReader.<init>(ClassReader.java:180) ~[archunit-1.3.0.jar:1.3.0]
	at com.tngtech.archunit.thirdparty.org.objectweb.asm.ClassReader.<init>(ClassReader.java:166) ~[archunit-1.3.0.jar:1.3.0]
	at com.tngtech.archunit.thirdparty.org.objectweb.asm.ClassReader.<init>(ClassReader.java:288) ~[archunit-1.3.0.jar:1.3.0]
	at com.tngtech.archunit.core.importer.ClassFileProcessor$UriImporterOfProcessor.tryImport(ClassFileProcessor.java:350) ~[archunit-1.3.0.jar:1.3.0]
	at com.tngtech.archunit.core.importer.resolvers.ClassResolverFromClasspath.tryResolve(ClassResolverFromClasspath.java:51) ~[archunit-1.3.0.jar:1.3.0]
	at com.tngtech.archunit.core.importer.ImportedClasses.resolve(ImportedClasses.java:80) ~[archunit-1.3.0.jar:1.3.0]
	at com.tngtech.archunit.core.importer.ImportedClasses.getOrResolve(ImportedClasses.java:67) ~[archunit-1.3.0.jar:1.3.0]
	at com.tngtech.archunit.core.importer.DomainBuilders$JavaMemberBuilder.get(DomainBuilders.java:179) ~[archunit-1.3.0.jar:1.3.0]
	at com.tngtech.archunit.core.importer.DomainBuilders$JavaCodeUnitBuilder.asJavaClasses(DomainBuilders.java:329) ~[archunit-1.3.0.jar:1.3.0]
	at com.tngtech.archunit.core.importer.DomainBuilders$JavaCodeUnitBuilder.getRawParameterTypes(DomainBuilders.java:303) ~[archunit-1.3.0.jar:1.3.0]
	at com.tngtech.archunit.core.domain.JavaCodeUnit$Parameters.<init>(JavaCodeUnit.java:317) ~[archunit-1.3.0.jar:1.3.0]
	at com.tngtech.archunit.core.domain.JavaCodeUnit.<init>(JavaCodeUnit.java:82) ~[archunit-1.3.0.jar:1.3.0]
	at com.tngtech.archunit.core.domain.JavaMethod.<init>(JavaMethod.java:44) ~[archunit-1.3.0.jar:1.3.0]
	at com.tngtech.archunit.core.domain.DomainObjectCreationContext.createJavaMethod(DomainObjectCreationContext.java:144) ~[archunit-1.3.0.jar:1.3.0]
	at com.tngtech.archunit.core.importer.DomainBuilders$JavaMethodBuilder.construct(DomainBuilders.java:373) ~[archunit-1.3.0.jar:1.3.0]
	at com.tngtech.archunit.core.importer.DomainBuilders$JavaMethodBuilder.construct(DomainBuilders.java:358) ~[archunit-1.3.0.jar:1.3.0]
	at com.tngtech.archunit.core.importer.DomainBuilders$JavaMemberBuilder.build(DomainBuilders.java:206) ~[archunit-1.3.0.jar:1.3.0]
	at com.tngtech.archunit.core.importer.DomainBuilders$JavaMemberBuilder.build(DomainBuilders.java:138) ~[archunit-1.3.0.jar:1.3.0]
	at com.tngtech.archunit.core.importer.DomainBuilders$BuilderWithBuildParameter$BuildFinisher.lambda$build$0(DomainBuilders.java:892) ~[archunit-1.3.0.jar:1.3.0]
	at java.base/java.util.stream.ReferencePipeline$3$1.accept(ReferencePipeline.java:214) ~[na:na]
	at java.base/java.util.stream.ReferencePipeline$2$1.accept(ReferencePipeline.java:197) ~[na:na]
	at java.base/java.util.HashMap$KeySpliterator.forEachRemaining(HashMap.java:1716) ~[na:na]
	at java.base/java.util.stream.AbstractPipeline.copyInto(AbstractPipeline.java:570) ~[na:na]
	at java.base/java.util.stream.AbstractPipeline.wrapAndCopyInto(AbstractPipeline.java:560) ~[na:na]
	at java.base/java.util.stream.ReduceOps$ReduceOp.evaluateSequential(ReduceOps.java:921) ~[na:na]
	at java.base/java.util.stream.AbstractPipeline.evaluate(AbstractPipeline.java:265) ~[na:na]
	at java.base/java.util.stream.ReferencePipeline.collect(ReferencePipeline.java:723) ~[na:na]
	at com.tngtech.archunit.core.importer.DomainBuilders$BuilderWithBuildParameter$BuildFinisher.build(DomainBuilders.java:892) ~[archunit-1.3.0.jar:1.3.0]
	at com.tngtech.archunit.core.importer.ClassGraphCreator.createMethods(ClassGraphCreator.java:322) ~[archunit-1.3.0.jar:1.3.0]
	at com.tngtech.archunit.core.domain.JavaClassMembers.create(JavaClassMembers.java:352) ~[archunit-1.3.0.jar:1.3.0]
	at com.tngtech.archunit.core.domain.JavaClass.completeMembers(JavaClass.java:1477) ~[archunit-1.3.0.jar:1.3.0]
	at com.tngtech.archunit.core.domain.DomainObjectCreationContext.completeMembers(DomainObjectCreationContext.java:96) ~[archunit-1.3.0.jar:1.3.0]
	at com.tngtech.archunit.core.importer.ClassGraphCreator.completeClasses(ClassGraphCreator.java:120) ~[archunit-1.3.0.jar:1.3.0]
	at com.tngtech.archunit.core.importer.ClassGraphCreator.complete(ClassGraphCreator.java:108) ~[archunit-1.3.0.jar:1.3.0]
	at com.tngtech.archunit.core.importer.ClassFileProcessor.process(ClassFileProcessor.java:75) ~[archunit-1.3.0.jar:1.3.0]
	at com.tngtech.archunit.core.importer.ClassFileImporter.importLocations(ClassFileImporter.java:325) ~[archunit-1.3.0.jar:1.3.0]
	at com.tngtech.archunit.junit.internal.ClassCache$CacheClassFileImporter.importClasses(ClassCache.java:126) ~[archunit-junit5-engine-1.3.0.jar:1.3.0]
	at com.tngtech.archunit.junit.internal.ClassCache$LazyJavaClasses.initialize(ClassCache.java:118) ~[archunit-junit5-engine-1.3.0.jar:1.3.0]
	at com.tngtech.archunit.junit.internal.ClassCache$LazyJavaClasses.get(ClassCache.java:107) ~[archunit-junit5-engine-1.3.0.jar:1.3.0]
	at com.tngtech.archunit.junit.internal.ClassCache.getClassesToAnalyzeFor(ClassCache.java:84) ~[archunit-junit5-engine-1.3.0.jar:1.3.0]
	at com.tngtech.archunit.junit.internal.ArchUnitTestDescriptor.lambda$createChildren$1(ArchUnitTestDescriptor.java:90) ~[archunit-junit5-engine-1.3.0.jar:1.3.0]
	at com.tngtech.archunit.junit.internal.ArchUnitTestDescriptor$ArchUnitRuleDescriptor.execute(ArchUnitTestDescriptor.java:167) ~[archunit-junit5-engine-1.3.0.jar:1.3.0]
	at com.tngtech.archunit.junit.internal.ArchUnitTestDescriptor$ArchUnitRuleDescriptor.execute(ArchUnitTestDescriptor.java:150) ~[archunit-junit5-engine-1.3.0.jar:1.3.0]
	at org.junit.platform.engine.support.hierarchical.NodeTestTask.lambda$executeRecursively$6(NodeTestTask.java:151) ~[junit-platform-engine-1.10.1.jar:1.10.1]
	at org.junit.platform.engine.support.hierarchical.ThrowableCollector.execute(ThrowableCollector.java:73) ~[junit-platform-engine-1.10.1.jar:1.10.1]
	at org.junit.platform.engine.support.hierarchical.NodeTestTask.lambda$executeRecursively$8(NodeTestTask.java:141) ~[junit-platform-engine-1.10.1.jar:1.10.1]
	at org.junit.platform.engine.support.hierarchical.Node.around(Node.java:137) ~[junit-platform-engine-1.10.1.jar:1.10.1]
	at org.junit.platform.engine.support.hierarchical.NodeTestTask.lambda$executeRecursively$9(NodeTestTask.java:139) ~[junit-platform-engine-1.10.1.jar:1.10.1]
	at org.junit.platform.engine.support.hierarchical.ThrowableCollector.execute(ThrowableCollector.java:73) ~[junit-platform-engine-1.10.1.jar:1.10.1]
	at org.junit.platform.engine.support.hierarchical.NodeTestTask.executeRecursively(NodeTestTask.java:138) ~[junit-platform-engine-1.10.1.jar:1.10.1]
	at org.junit.platform.engine.support.hierarchical.NodeTestTask.execute(NodeTestTask.java:95) ~[junit-platform-engine-1.10.1.jar:1.10.1]
	at java.base/java.util.ArrayList.forEach(ArrayList.java:1604) ~[na:na]
	at org.junit.platform.engine.support.hierarchical.SameThreadHierarchicalTestExecutorService.invokeAll(SameThreadHierarchicalTestExecutorService.java:41) ~[junit-platform-engine-1.10.1.jar:1.10.1]
	at org.junit.platform.engine.support.hierarchical.NodeTestTask.lambda$executeRecursively$6(NodeTestTask.java:155) ~[junit-platform-engine-1.10.1.jar:1.10.1]
	at org.junit.platform.engine.support.hierarchical.ThrowableCollector.execute(ThrowableCollector.java:73) ~[junit-platform-engine-1.10.1.jar:1.10.1]
	at org.junit.platform.engine.support.hierarchical.NodeTestTask.lambda$executeRecursively$8(NodeTestTask.java:141) ~[junit-platform-engine-1.10.1.jar:1.10.1]
	at org.junit.platform.engine.support.hierarchical.Node.around(Node.java:137) ~[junit-platform-engine-1.10.1.jar:1.10.1]
	at org.junit.platform.engine.support.hierarchical.NodeTestTask.lambda$executeRecursively$9(NodeTestTask.java:139) ~[junit-platform-engine-1.10.1.jar:1.10.1]
	at org.junit.platform.engine.support.hierarchical.ThrowableCollector.execute(ThrowableCollector.java:73) ~[junit-platform-engine-1.10.1.jar:1.10.1]
	at org.junit.platform.engine.support.hierarchical.NodeTestTask.executeRecursively(NodeTestTask.java:138) ~[junit-platform-engine-1.10.1.jar:1.10.1]
	at org.junit.platform.engine.support.hierarchical.NodeTestTask.execute(NodeTestTask.java:95) ~[junit-platform-engine-1.10.1.jar:1.10.1]
	at java.base/java.util.ArrayList.forEach(ArrayList.java:1604) ~[na:na]
	at org.junit.platform.engine.support.hierarchical.SameThreadHierarchicalTestExecutorService.invokeAll(SameThreadHierarchicalTestExecutorService.java:41) ~[junit-platform-engine-1.10.1.jar:1.10.1]
	at org.junit.platform.engine.support.hierarchical.NodeTestTask.lambda$executeRecursively$6(NodeTestTask.java:155) ~[junit-platform-engine-1.10.1.jar:1.10.1]
	at org.junit.platform.engine.support.hierarchical.ThrowableCollector.execute(ThrowableCollector.java:73) ~[junit-platform-engine-1.10.1.jar:1.10.1]
	at org.junit.platform.engine.support.hierarchical.NodeTestTask.lambda$executeRecursively$8(NodeTestTask.java:141) ~[junit-platform-engine-1.10.1.jar:1.10.1]
	at org.junit.platform.engine.support.hierarchical.Node.around(Node.java:137) ~[junit-platform-engine-1.10.1.jar:1.10.1]
	at org.junit.platform.engine.support.hierarchical.NodeTestTask.lambda$executeRecursively$9(NodeTestTask.java:139) ~[junit-platform-engine-1.10.1.jar:1.10.1]
	at org.junit.platform.engine.support.hierarchical.ThrowableCollector.execute(ThrowableCollector.java:73) ~[junit-platform-engine-1.10.1.jar:1.10.1]
	at org.junit.platform.engine.support.hierarchical.NodeTestTask.executeRecursively(NodeTestTask.java:138) ~[junit-platform-engine-1.10.1.jar:1.10.1]
	at org.junit.platform.engine.support.hierarchical.NodeTestTask.execute(NodeTestTask.java:95) ~[junit-platform-engine-1.10.1.jar:1.10.1]
	at org.junit.platform.engine.support.hierarchical.SameThreadHierarchicalTestExecutorService.submit(SameThreadHierarchicalTestExecutorService.java:35) ~[junit-platform-engine-1.10.1.jar:1.10.1]
	at org.junit.platform.engine.support.hierarchical.HierarchicalTestExecutor.execute(HierarchicalTestExecutor.java:57) ~[junit-platform-engine-1.10.1.jar:1.10.1]
	at org.junit.platform.engine.support.hierarchical.HierarchicalTestEngine.execute(HierarchicalTestEngine.java:54) ~[junit-platform-engine-1.10.1.jar:1.10.1]
	at org.junit.platform.launcher.core.EngineExecutionOrchestrator.execute(EngineExecutionOrchestrator.java:198) ~[junit-platform-launcher-1.10.1.jar:1.10.1]
	at org.junit.platform.launcher.core.EngineExecutionOrchestrator.execute(EngineExecutionOrchestrator.java:169) ~[junit-platform-launcher-1.10.1.jar:1.10.1]
	at org.junit.platform.launcher.core.EngineExecutionOrchestrator.execute(EngineExecutionOrchestrator.java:93) ~[junit-platform-launcher-1.10.1.jar:1.10.1]
	at org.junit.platform.launcher.core.EngineExecutionOrchestrator.lambda$execute$0(EngineExecutionOrchestrator.java:58) ~[junit-platform-launcher-1.10.1.jar:1.10.1]
	at org.junit.platform.launcher.core.EngineExecutionOrchestrator.withInterceptedStreams(EngineExecutionOrchestrator.java:141) ~[junit-platform-launcher-1.10.1.jar:1.10.1]
	at org.junit.platform.launcher.core.EngineExecutionOrchestrator.execute(EngineExecutionOrchestrator.java:57) ~[junit-platform-launcher-1.10.1.jar:1.10.1]
	at org.junit.platform.launcher.core.DefaultLauncher.execute(DefaultLauncher.java:103) ~[junit-platform-launcher-1.10.1.jar:1.10.1]
	at org.junit.platform.launcher.core.DefaultLauncher.execute(DefaultLauncher.java:85) ~[junit-platform-launcher-1.10.1.jar:1.10.1]
	at org.junit.platform.launcher.core.DelegatingLauncher.execute(DelegatingLauncher.java:47) ~[junit-platform-launcher-1.10.1.jar:1.10.1]
	at org.apache.maven.surefire.junitplatform.LazyLauncher.execute(LazyLauncher.java:56) ~[surefire-junit-platform-3.1.2.jar:3.1.2]
	at org.apache.maven.surefire.junitplatform.JUnitPlatformProvider.execute(JUnitPlatformProvider.java:184) ~[surefire-junit-platform-3.1.2.jar:3.1.2]
	at org.apache.maven.surefire.junitplatform.JUnitPlatformProvider.invokeAllTests(JUnitPlatformProvider.java:148) ~[surefire-junit-platform-3.1.2.jar:3.1.2]
	at org.apache.maven.surefire.junitplatform.JUnitPlatformProvider.invoke(JUnitPlatformProvider.java:122) ~[surefire-junit-platform-3.1.2.jar:3.1.2]
	at org.apache.maven.surefire.booter.ForkedBooter.runSuitesInProcess(ForkedBooter.java:385) ~[surefire-booter-3.1.2.jar:3.1.2]
	at org.apache.maven.surefire.booter.ForkedBooter.execute(ForkedBooter.java:162) ~[surefire-booter-3.1.2.jar:3.1.2]
	at org.apache.maven.surefire.booter.ForkedBooter.run(ForkedBooter.java:507) ~[surefire-booter-3.1.2.jar:3.1.2]
	at org.apache.maven.surefire.booter.ForkedBooter.main(ForkedBooter.java:495) ~[surefire-booter-3.1.2.jar:3.1.2]

2025-10-13T13:36:42.602+02:00  WARN 80616 --- [hexagonal-app] [           main] c.t.a.core.importer.ClassFileProcessor   : Error during import from jrt:/java.base/java/io/OutputStream.class, falling back to simple import

java.lang.IllegalArgumentException: Unsupported class file major version 69
	at com.tngtech.archunit.thirdparty.org.objectweb.asm.ClassReader.<init>(ClassReader.java:200) ~[archunit-1.3.0.jar:1.3.0]
	at com.tngtech.archunit.thirdparty.org.objectweb.asm.ClassReader.<init>(ClassReader.java:180) ~[archunit-1.3.0.jar:1.3.0]
	at com.tngtech.archunit.thirdparty.org.objectweb.asm.ClassReader.<init>(ClassReader.java:166) ~[archunit-1.3.0.jar:1.3.0]
	at com.tngtech.archunit.thirdparty.org.objectweb.asm.ClassReader.<init>(ClassReader.java:288) ~[archunit-1.3.0.jar:1.3.0]
	at com.tngtech.archunit.core.importer.ClassFileProcessor$UriImporterOfProcessor.tryImport(ClassFileProcessor.java:350) ~[archunit-1.3.0.jar:1.3.0]
	at com.tngtech.archunit.core.importer.resolvers.ClassResolverFromClasspath.tryResolve(ClassResolverFromClasspath.java:51) ~[archunit-1.3.0.jar:1.3.0]
	at com.tngtech.archunit.core.importer.ImportedClasses.resolve(ImportedClasses.java:80) ~[archunit-1.3.0.jar:1.3.0]
	at com.tngtech.archunit.core.importer.ImportedClasses.getOrResolve(ImportedClasses.java:67) ~[archunit-1.3.0.jar:1.3.0]
	at com.tngtech.archunit.core.importer.DomainBuilders$JavaMemberBuilder.get(DomainBuilders.java:179) ~[archunit-1.3.0.jar:1.3.0]
	at com.tngtech.archunit.core.importer.DomainBuilders$JavaCodeUnitBuilder.asJavaClasses(DomainBuilders.java:329) ~[archunit-1.3.0.jar:1.3.0]
	at com.tngtech.archunit.core.importer.DomainBuilders$JavaCodeUnitBuilder.getRawParameterTypes(DomainBuilders.java:303) ~[archunit-1.3.0.jar:1.3.0]
	at com.tngtech.archunit.core.domain.JavaCodeUnit$Parameters.<init>(JavaCodeUnit.java:317) ~[archunit-1.3.0.jar:1.3.0]
	at com.tngtech.archunit.core.domain.JavaCodeUnit.<init>(JavaCodeUnit.java:82) ~[archunit-1.3.0.jar:1.3.0]
	at com.tngtech.archunit.core.domain.JavaMethod.<init>(JavaMethod.java:44) ~[archunit-1.3.0.jar:1.3.0]
	at com.tngtech.archunit.core.domain.DomainObjectCreationContext.createJavaMethod(DomainObjectCreationContext.java:144) ~[archunit-1.3.0.jar:1.3.0]
	at com.tngtech.archunit.core.importer.DomainBuilders$JavaMethodBuilder.construct(DomainBuilders.java:373) ~[archunit-1.3.0.jar:1.3.0]
	at com.tngtech.archunit.core.importer.DomainBuilders$JavaMethodBuilder.construct(DomainBuilders.java:358) ~[archunit-1.3.0.jar:1.3.0]
	at com.tngtech.archunit.core.importer.DomainBuilders$JavaMemberBuilder.build(DomainBuilders.java:206) ~[archunit-1.3.0.jar:1.3.0]
	at com.tngtech.archunit.core.importer.DomainBuilders$JavaMemberBuilder.build(DomainBuilders.java:138) ~[archunit-1.3.0.jar:1.3.0]
	at com.tngtech.archunit.core.importer.DomainBuilders$BuilderWithBuildParameter$BuildFinisher.lambda$build$0(DomainBuilders.java:892) ~[archunit-1.3.0.jar:1.3.0]
	at java.base/java.util.stream.ReferencePipeline$3$1.accept(ReferencePipeline.java:214) ~[na:na]
	at java.base/java.util.stream.ReferencePipeline$2$1.accept(ReferencePipeline.java:197) ~[na:na]
	at java.base/java.util.HashMap$KeySpliterator.forEachRemaining(HashMap.java:1716) ~[na:na]
	at java.base/java.util.stream.AbstractPipeline.copyInto(AbstractPipeline.java:570) ~[na:na]
	at java.base/java.util.stream.AbstractPipeline.wrapAndCopyInto(AbstractPipeline.java:560) ~[na:na]
	at java.base/java.util.stream.ReduceOps$ReduceOp.evaluateSequential(ReduceOps.java:921) ~[na:na]
	at java.base/java.util.stream.AbstractPipeline.evaluate(AbstractPipeline.java:265) ~[na:na]
	at java.base/java.util.stream.ReferencePipeline.collect(ReferencePipeline.java:723) ~[na:na]
	at com.tngtech.archunit.core.importer.DomainBuilders$BuilderWithBuildParameter$BuildFinisher.build(DomainBuilders.java:892) ~[archunit-1.3.0.jar:1.3.0]
	at com.tngtech.archunit.core.importer.ClassGraphCreator.createMethods(ClassGraphCreator.java:322) ~[archunit-1.3.0.jar:1.3.0]
	at com.tngtech.archunit.core.domain.JavaClassMembers.create(JavaClassMembers.java:352) ~[archunit-1.3.0.jar:1.3.0]
	at com.tngtech.archunit.core.domain.JavaClass.completeMembers(JavaClass.java:1477) ~[archunit-1.3.0.jar:1.3.0]
	at com.tngtech.archunit.core.domain.DomainObjectCreationContext.completeMembers(DomainObjectCreationContext.java:96) ~[archunit-1.3.0.jar:1.3.0]
	at com.tngtech.archunit.core.importer.ClassGraphCreator.completeClasses(ClassGraphCreator.java:120) ~[archunit-1.3.0.jar:1.3.0]
	at com.tngtech.archunit.core.importer.ClassGraphCreator.complete(ClassGraphCreator.java:108) ~[archunit-1.3.0.jar:1.3.0]
	at com.tngtech.archunit.core.importer.ClassFileProcessor.process(ClassFileProcessor.java:75) ~[archunit-1.3.0.jar:1.3.0]
	at com.tngtech.archunit.core.importer.ClassFileImporter.importLocations(ClassFileImporter.java:325) ~[archunit-1.3.0.jar:1.3.0]
	at com.tngtech.archunit.junit.internal.ClassCache$CacheClassFileImporter.importClasses(ClassCache.java:126) ~[archunit-junit5-engine-1.3.0.jar:1.3.0]
	at com.tngtech.archunit.junit.internal.ClassCache$LazyJavaClasses.initialize(ClassCache.java:118) ~[archunit-junit5-engine-1.3.0.jar:1.3.0]
	at com.tngtech.archunit.junit.internal.ClassCache$LazyJavaClasses.get(ClassCache.java:107) ~[archunit-junit5-engine-1.3.0.jar:1.3.0]
	at com.tngtech.archunit.junit.internal.ClassCache.getClassesToAnalyzeFor(ClassCache.java:84) ~[archunit-junit5-engine-1.3.0.jar:1.3.0]
	at com.tngtech.archunit.junit.internal.ArchUnitTestDescriptor.lambda$createChildren$1(ArchUnitTestDescriptor.java:90) ~[archunit-junit5-engine-1.3.0.jar:1.3.0]
	at com.tngtech.archunit.junit.internal.ArchUnitTestDescriptor$ArchUnitRuleDescriptor.execute(ArchUnitTestDescriptor.java:167) ~[archunit-junit5-engine-1.3.0.jar:1.3.0]
	at com.tngtech.archunit.junit.internal.ArchUnitTestDescriptor$ArchUnitRuleDescriptor.execute(ArchUnitTestDescriptor.java:150) ~[archunit-junit5-engine-1.3.0.jar:1.3.0]
	at org.junit.platform.engine.support.hierarchical.NodeTestTask.lambda$executeRecursively$6(NodeTestTask.java:151) ~[junit-platform-engine-1.10.1.jar:1.10.1]
	at org.junit.platform.engine.support.hierarchical.ThrowableCollector.execute(ThrowableCollector.java:73) ~[junit-platform-engine-1.10.1.jar:1.10.1]
	at org.junit.platform.engine.support.hierarchical.NodeTestTask.lambda$executeRecursively$8(NodeTestTask.java:141) ~[junit-platform-engine-1.10.1.jar:1.10.1]
	at org.junit.platform.engine.support.hierarchical.Node.around(Node.java:137) ~[junit-platform-engine-1.10.1.jar:1.10.1]
	at org.junit.platform.engine.support.hierarchical.NodeTestTask.lambda$executeRecursively$9(NodeTestTask.java:139) ~[junit-platform-engine-1.10.1.jar:1.10.1]
	at org.junit.platform.engine.support.hierarchical.ThrowableCollector.execute(ThrowableCollector.java:73) ~[junit-platform-engine-1.10.1.jar:1.10.1]
	at org.junit.platform.engine.support.hierarchical.NodeTestTask.executeRecursively(NodeTestTask.java:138) ~[junit-platform-engine-1.10.1.jar:1.10.1]
	at org.junit.platform.engine.support.hierarchical.NodeTestTask.execute(NodeTestTask.java:95) ~[junit-platform-engine-1.10.1.jar:1.10.1]
	at java.base/java.util.ArrayList.forEach(ArrayList.java:1604) ~[na:na]
	at org.junit.platform.engine.support.hierarchical.SameThreadHierarchicalTestExecutorService.invokeAll(SameThreadHierarchicalTestExecutorService.java:41) ~[junit-platform-engine-1.10.1.jar:1.10.1]
	at org.junit.platform.engine.support.hierarchical.NodeTestTask.lambda$executeRecursively$6(NodeTestTask.java:155) ~[junit-platform-engine-1.10.1.jar:1.10.1]
	at org.junit.platform.engine.support.hierarchical.ThrowableCollector.execute(ThrowableCollector.java:73) ~[junit-platform-engine-1.10.1.jar:1.10.1]
	at org.junit.platform.engine.support.hierarchical.NodeTestTask.lambda$executeRecursively$8(NodeTestTask.java:141) ~[junit-platform-engine-1.10.1.jar:1.10.1]
	at org.junit.platform.engine.support.hierarchical.Node.around(Node.java:137) ~[junit-platform-engine-1.10.1.jar:1.10.1]
	at org.junit.platform.engine.support.hierarchical.NodeTestTask.lambda$executeRecursively$9(NodeTestTask.java:139) ~[junit-platform-engine-1.10.1.jar:1.10.1]
	at org.junit.platform.engine.support.hierarchical.ThrowableCollector.execute(ThrowableCollector.java:73) ~[junit-platform-engine-1.10.1.jar:1.10.1]
	at org.junit.platform.engine.support.hierarchical.NodeTestTask.executeRecursively(NodeTestTask.java:138) ~[junit-platform-engine-1.10.1.jar:1.10.1]
	at org.junit.platform.engine.support.hierarchical.NodeTestTask.execute(NodeTestTask.java:95) ~[junit-platform-engine-1.10.1.jar:1.10.1]
	at java.base/java.util.ArrayList.forEach(ArrayList.java:1604) ~[na:na]
	at org.junit.platform.engine.support.hierarchical.SameThreadHierarchicalTestExecutorService.invokeAll(SameThreadHierarchicalTestExecutorService.java:41) ~[junit-platform-engine-1.10.1.jar:1.10.1]
	at org.junit.platform.engine.support.hierarchical.NodeTestTask.lambda$executeRecursively$6(NodeTestTask.java:155) ~[junit-platform-engine-1.10.1.jar:1.10.1]
	at org.junit.platform.engine.support.hierarchical.ThrowableCollector.execute(ThrowableCollector.java:73) ~[junit-platform-engine-1.10.1.jar:1.10.1]
	at org.junit.platform.engine.support.hierarchical.NodeTestTask.lambda$executeRecursively$8(NodeTestTask.java:141) ~[junit-platform-engine-1.10.1.jar:1.10.1]
	at org.junit.platform.engine.support.hierarchical.Node.around(Node.java:137) ~[junit-platform-engine-1.10.1.jar:1.10.1]
	at org.junit.platform.engine.support.hierarchical.NodeTestTask.lambda$executeRecursively$9(NodeTestTask.java:139) ~[junit-platform-engine-1.10.1.jar:1.10.1]
	at org.junit.platform.engine.support.hierarchical.ThrowableCollector.execute(ThrowableCollector.java:73) ~[junit-platform-engine-1.10.1.jar:1.10.1]
	at org.junit.platform.engine.support.hierarchical.NodeTestTask.executeRecursively(NodeTestTask.java:138) ~[junit-platform-engine-1.10.1.jar:1.10.1]
	at org.junit.platform.engine.support.hierarchical.NodeTestTask.execute(NodeTestTask.java:95) ~[junit-platform-engine-1.10.1.jar:1.10.1]
	at org.junit.platform.engine.support.hierarchical.SameThreadHierarchicalTestExecutorService.submit(SameThreadHierarchicalTestExecutorService.java:35) ~[junit-platform-engine-1.10.1.jar:1.10.1]
	at org.junit.platform.engine.support.hierarchical.HierarchicalTestExecutor.execute(HierarchicalTestExecutor.java:57) ~[junit-platform-engine-1.10.1.jar:1.10.1]
	at org.junit.platform.engine.support.hierarchical.HierarchicalTestEngine.execute(HierarchicalTestEngine.java:54) ~[junit-platform-engine-1.10.1.jar:1.10.1]
	at org.junit.platform.launcher.core.EngineExecutionOrchestrator.execute(EngineExecutionOrchestrator.java:198) ~[junit-platform-launcher-1.10.1.jar:1.10.1]
	at org.junit.platform.launcher.core.EngineExecutionOrchestrator.execute(EngineExecutionOrchestrator.java:169) ~[junit-platform-launcher-1.10.1.jar:1.10.1]
	at org.junit.platform.launcher.core.EngineExecutionOrchestrator.execute(EngineExecutionOrchestrator.java:93) ~[junit-platform-launcher-1.10.1.jar:1.10.1]
	at org.junit.platform.launcher.core.EngineExecutionOrchestrator.lambda$execute$0(EngineExecutionOrchestrator.java:58) ~[junit-platform-launcher-1.10.1.jar:1.10.1]
	at org.junit.platform.launcher.core.EngineExecutionOrchestrator.withInterceptedStreams(EngineExecutionOrchestrator.java:141) ~[junit-platform-launcher-1.10.1.jar:1.10.1]
	at org.junit.platform.launcher.core.EngineExecutionOrchestrator.execute(EngineExecutionOrchestrator.java:57) ~[junit-platform-launcher-1.10.1.jar:1.10.1]
	at org.junit.platform.launcher.core.DefaultLauncher.execute(DefaultLauncher.java:103) ~[junit-platform-launcher-1.10.1.jar:1.10.1]
	at org.junit.platform.launcher.core.DefaultLauncher.execute(DefaultLauncher.java:85) ~[junit-platform-launcher-1.10.1.jar:1.10.1]
	at org.junit.platform.launcher.core.DelegatingLauncher.execute(DelegatingLauncher.java:47) ~[junit-platform-launcher-1.10.1.jar:1.10.1]
	at org.apache.maven.surefire.junitplatform.LazyLauncher.execute(LazyLauncher.java:56) ~[surefire-junit-platform-3.1.2.jar:3.1.2]
	at org.apache.maven.surefire.junitplatform.JUnitPlatformProvider.execute(JUnitPlatformProvider.java:184) ~[surefire-junit-platform-3.1.2.jar:3.1.2]
	at org.apache.maven.surefire.junitplatform.JUnitPlatformProvider.invokeAllTests(JUnitPlatformProvider.java:148) ~[surefire-junit-platform-3.1.2.jar:3.1.2]
	at org.apache.maven.surefire.junitplatform.JUnitPlatformProvider.invoke(JUnitPlatformProvider.java:122) ~[surefire-junit-platform-3.1.2.jar:3.1.2]
	at org.apache.maven.surefire.booter.ForkedBooter.runSuitesInProcess(ForkedBooter.java:385) ~[surefire-booter-3.1.2.jar:3.1.2]
	at org.apache.maven.surefire.booter.ForkedBooter.execute(ForkedBooter.java:162) ~[surefire-booter-3.1.2.jar:3.1.2]
	at org.apache.maven.surefire.booter.ForkedBooter.run(ForkedBooter.java:507) ~[surefire-booter-3.1.2.jar:3.1.2]
	at org.apache.maven.surefire.booter.ForkedBooter.main(ForkedBooter.java:495) ~[surefire-booter-3.1.2.jar:3.1.2]

2025-10-13T13:36:42.603+02:00  WARN 80616 --- [hexagonal-app] [           main] c.t.a.core.importer.ClassFileProcessor   : Error during import from jrt:/java.base/java/util/ServiceLoader.class, falling back to simple import

java.lang.IllegalArgumentException: Unsupported class file major version 69
	at com.tngtech.archunit.thirdparty.org.objectweb.asm.ClassReader.<init>(ClassReader.java:200) ~[archunit-1.3.0.jar:1.3.0]
	at com.tngtech.archunit.thirdparty.org.objectweb.asm.ClassReader.<init>(ClassReader.java:180) ~[archunit-1.3.0.jar:1.3.0]
	at com.tngtech.archunit.thirdparty.org.objectweb.asm.ClassReader.<init>(ClassReader.java:166) ~[archunit-1.3.0.jar:1.3.0]
	at com.tngtech.archunit.thirdparty.org.objectweb.asm.ClassReader.<init>(ClassReader.java:288) ~[archunit-1.3.0.jar:1.3.0]
	at com.tngtech.archunit.core.importer.ClassFileProcessor$UriImporterOfProcessor.tryImport(ClassFileProcessor.java:350) ~[archunit-1.3.0.jar:1.3.0]
	at com.tngtech.archunit.core.importer.resolvers.ClassResolverFromClasspath.tryResolve(ClassResolverFromClasspath.java:51) ~[archunit-1.3.0.jar:1.3.0]
	at com.tngtech.archunit.core.importer.ImportedClasses.resolve(ImportedClasses.java:80) ~[archunit-1.3.0.jar:1.3.0]
	at com.tngtech.archunit.core.importer.ImportedClasses.getOrResolve(ImportedClasses.java:67) ~[archunit-1.3.0.jar:1.3.0]
	at com.tngtech.archunit.core.importer.DomainBuilders$JavaMemberBuilder.get(DomainBuilders.java:179) ~[archunit-1.3.0.jar:1.3.0]
	at com.tngtech.archunit.core.importer.DomainBuilders$JavaCodeUnitBuilder.getRawReturnType(DomainBuilders.java:289) ~[archunit-1.3.0.jar:1.3.0]
	at com.tngtech.archunit.core.domain.JavaCodeUnit$ReturnType.<init>(JavaCodeUnit.java:367) ~[archunit-1.3.0.jar:1.3.0]
	at com.tngtech.archunit.core.domain.JavaCodeUnit.<init>(JavaCodeUnit.java:81) ~[archunit-1.3.0.jar:1.3.0]
	at com.tngtech.archunit.core.domain.JavaMethod.<init>(JavaMethod.java:44) ~[archunit-1.3.0.jar:1.3.0]
	at com.tngtech.archunit.core.domain.DomainObjectCreationContext.createJavaMethod(DomainObjectCreationContext.java:144) ~[archunit-1.3.0.jar:1.3.0]
	at com.tngtech.archunit.core.importer.DomainBuilders$JavaMethodBuilder.construct(DomainBuilders.java:373) ~[archunit-1.3.0.jar:1.3.0]
	at com.tngtech.archunit.core.importer.DomainBuilders$JavaMethodBuilder.construct(DomainBuilders.java:358) ~[archunit-1.3.0.jar:1.3.0]
	at com.tngtech.archunit.core.importer.DomainBuilders$JavaMemberBuilder.build(DomainBuilders.java:206) ~[archunit-1.3.0.jar:1.3.0]
	at com.tngtech.archunit.core.importer.DomainBuilders$JavaMemberBuilder.build(DomainBuilders.java:138) ~[archunit-1.3.0.jar:1.3.0]
	at com.tngtech.archunit.core.importer.DomainBuilders$BuilderWithBuildParameter$BuildFinisher.lambda$build$0(DomainBuilders.java:892) ~[archunit-1.3.0.jar:1.3.0]
	at java.base/java.util.stream.ReferencePipeline$3$1.accept(ReferencePipeline.java:214) ~[na:na]
	at java.base/java.util.stream.ReferencePipeline$2$1.accept(ReferencePipeline.java:197) ~[na:na]
	at java.base/java.util.HashMap$KeySpliterator.forEachRemaining(HashMap.java:1716) ~[na:na]
	at java.base/java.util.stream.AbstractPipeline.copyInto(AbstractPipeline.java:570) ~[na:na]
	at java.base/java.util.stream.AbstractPipeline.wrapAndCopyInto(AbstractPipeline.java:560) ~[na:na]
	at java.base/java.util.stream.ReduceOps$ReduceOp.evaluateSequential(ReduceOps.java:921) ~[na:na]
	at java.base/java.util.stream.AbstractPipeline.evaluate(AbstractPipeline.java:265) ~[na:na]
	at java.base/java.util.stream.ReferencePipeline.collect(ReferencePipeline.java:723) ~[na:na]
	at com.tngtech.archunit.core.importer.DomainBuilders$BuilderWithBuildParameter$BuildFinisher.build(DomainBuilders.java:892) ~[archunit-1.3.0.jar:1.3.0]
	at com.tngtech.archunit.core.importer.ClassGraphCreator.createMethods(ClassGraphCreator.java:322) ~[archunit-1.3.0.jar:1.3.0]
	at com.tngtech.archunit.core.domain.JavaClassMembers.create(JavaClassMembers.java:352) ~[archunit-1.3.0.jar:1.3.0]
	at com.tngtech.archunit.core.domain.JavaClass.completeMembers(JavaClass.java:1477) ~[archunit-1.3.0.jar:1.3.0]
	at com.tngtech.archunit.core.domain.DomainObjectCreationContext.completeMembers(DomainObjectCreationContext.java:96) ~[archunit-1.3.0.jar:1.3.0]
	at com.tngtech.archunit.core.importer.ClassGraphCreator.completeClasses(ClassGraphCreator.java:120) ~[archunit-1.3.0.jar:1.3.0]
	at com.tngtech.archunit.core.importer.ClassGraphCreator.complete(ClassGraphCreator.java:108) ~[archunit-1.3.0.jar:1.3.0]
	at com.tngtech.archunit.core.importer.ClassFileProcessor.process(ClassFileProcessor.java:75) ~[archunit-1.3.0.jar:1.3.0]
	at com.tngtech.archunit.core.importer.ClassFileImporter.importLocations(ClassFileImporter.java:325) ~[archunit-1.3.0.jar:1.3.0]
	at com.tngtech.archunit.junit.internal.ClassCache$CacheClassFileImporter.importClasses(ClassCache.java:126) ~[archunit-junit5-engine-1.3.0.jar:1.3.0]
	at com.tngtech.archunit.junit.internal.ClassCache$LazyJavaClasses.initialize(ClassCache.java:118) ~[archunit-junit5-engine-1.3.0.jar:1.3.0]
	at com.tngtech.archunit.junit.internal.ClassCache$LazyJavaClasses.get(ClassCache.java:107) ~[archunit-junit5-engine-1.3.0.jar:1.3.0]
	at com.tngtech.archunit.junit.internal.ClassCache.getClassesToAnalyzeFor(ClassCache.java:84) ~[archunit-junit5-engine-1.3.0.jar:1.3.0]
	at com.tngtech.archunit.junit.internal.ArchUnitTestDescriptor.lambda$createChildren$1(ArchUnitTestDescriptor.java:90) ~[archunit-junit5-engine-1.3.0.jar:1.3.0]
	at com.tngtech.archunit.junit.internal.ArchUnitTestDescriptor$ArchUnitRuleDescriptor.execute(ArchUnitTestDescriptor.java:167) ~[archunit-junit5-engine-1.3.0.jar:1.3.0]
	at com.tngtech.archunit.junit.internal.ArchUnitTestDescriptor$ArchUnitRuleDescriptor.execute(ArchUnitTestDescriptor.java:150) ~[archunit-junit5-engine-1.3.0.jar:1.3.0]
	at org.junit.platform.engine.support.hierarchical.NodeTestTask.lambda$executeRecursively$6(NodeTestTask.java:151) ~[junit-platform-engine-1.10.1.jar:1.10.1]
	at org.junit.platform.engine.support.hierarchical.ThrowableCollector.execute(ThrowableCollector.java:73) ~[junit-platform-engine-1.10.1.jar:1.10.1]
	at org.junit.platform.engine.support.hierarchical.NodeTestTask.lambda$executeRecursively$8(NodeTestTask.java:141) ~[junit-platform-engine-1.10.1.jar:1.10.1]
	at org.junit.platform.engine.support.hierarchical.Node.around(Node.java:137) ~[junit-platform-engine-1.10.1.jar:1.10.1]
	at org.junit.platform.engine.support.hierarchical.NodeTestTask.lambda$executeRecursively$9(NodeTestTask.java:139) ~[junit-platform-engine-1.10.1.jar:1.10.1]
	at org.junit.platform.engine.support.hierarchical.ThrowableCollector.execute(ThrowableCollector.java:73) ~[junit-platform-engine-1.10.1.jar:1.10.1]
	at org.junit.platform.engine.support.hierarchical.NodeTestTask.executeRecursively(NodeTestTask.java:138) ~[junit-platform-engine-1.10.1.jar:1.10.1]
	at org.junit.platform.engine.support.hierarchical.NodeTestTask.execute(NodeTestTask.java:95) ~[junit-platform-engine-1.10.1.jar:1.10.1]
	at java.base/java.util.ArrayList.forEach(ArrayList.java:1604) ~[na:na]
	at org.junit.platform.engine.support.hierarchical.SameThreadHierarchicalTestExecutorService.invokeAll(SameThreadHierarchicalTestExecutorService.java:41) ~[junit-platform-engine-1.10.1.jar:1.10.1]
	at org.junit.platform.engine.support.hierarchical.NodeTestTask.lambda$executeRecursively$6(NodeTestTask.java:155) ~[junit-platform-engine-1.10.1.jar:1.10.1]
	at org.junit.platform.engine.support.hierarchical.ThrowableCollector.execute(ThrowableCollector.java:73) ~[junit-platform-engine-1.10.1.jar:1.10.1]
	at org.junit.platform.engine.support.hierarchical.NodeTestTask.lambda$executeRecursively$8(NodeTestTask.java:141) ~[junit-platform-engine-1.10.1.jar:1.10.1]
	at org.junit.platform.engine.support.hierarchical.Node.around(Node.java:137) ~[junit-platform-engine-1.10.1.jar:1.10.1]
	at org.junit.platform.engine.support.hierarchical.NodeTestTask.lambda$executeRecursively$9(NodeTestTask.java:139) ~[junit-platform-engine-1.10.1.jar:1.10.1]
	at org.junit.platform.engine.support.hierarchical.ThrowableCollector.execute(ThrowableCollector.java:73) ~[junit-platform-engine-1.10.1.jar:1.10.1]
	at org.junit.platform.engine.support.hierarchical.NodeTestTask.executeRecursively(NodeTestTask.java:138) ~[junit-platform-engine-1.10.1.jar:1.10.1]
	at org.junit.platform.engine.support.hierarchical.NodeTestTask.execute(NodeTestTask.java:95) ~[junit-platform-engine-1.10.1.jar:1.10.1]
	at java.base/java.util.ArrayList.forEach(ArrayList.java:1604) ~[na:na]
	at org.junit.platform.engine.support.hierarchical.SameThreadHierarchicalTestExecutorService.invokeAll(SameThreadHierarchicalTestExecutorService.java:41) ~[junit-platform-engine-1.10.1.jar:1.10.1]
	at org.junit.platform.engine.support.hierarchical.NodeTestTask.lambda$executeRecursively$6(NodeTestTask.java:155) ~[junit-platform-engine-1.10.1.jar:1.10.1]
	at org.junit.platform.engine.support.hierarchical.ThrowableCollector.execute(ThrowableCollector.java:73) ~[junit-platform-engine-1.10.1.jar:1.10.1]
	at org.junit.platform.engine.support.hierarchical.NodeTestTask.lambda$executeRecursively$8(NodeTestTask.java:141) ~[junit-platform-engine-1.10.1.jar:1.10.1]
	at org.junit.platform.engine.support.hierarchical.Node.around(Node.java:137) ~[junit-platform-engine-1.10.1.jar:1.10.1]
	at org.junit.platform.engine.support.hierarchical.NodeTestTask.lambda$executeRecursively$9(NodeTestTask.java:139) ~[junit-platform-engine-1.10.1.jar:1.10.1]
	at org.junit.platform.engine.support.hierarchical.ThrowableCollector.execute(ThrowableCollector.java:73) ~[junit-platform-engine-1.10.1.jar:1.10.1]
	at org.junit.platform.engine.support.hierarchical.NodeTestTask.executeRecursively(NodeTestTask.java:138) ~[junit-platform-engine-1.10.1.jar:1.10.1]
	at org.junit.platform.engine.support.hierarchical.NodeTestTask.execute(NodeTestTask.java:95) ~[junit-platform-engine-1.10.1.jar:1.10.1]
	at org.junit.platform.engine.support.hierarchical.SameThreadHierarchicalTestExecutorService.submit(SameThreadHierarchicalTestExecutorService.java:35) ~[junit-platform-engine-1.10.1.jar:1.10.1]
	at org.junit.platform.engine.support.hierarchical.HierarchicalTestExecutor.execute(HierarchicalTestExecutor.java:57) ~[junit-platform-engine-1.10.1.jar:1.10.1]
	at org.junit.platform.engine.support.hierarchical.HierarchicalTestEngine.execute(HierarchicalTestEngine.java:54) ~[junit-platform-engine-1.10.1.jar:1.10.1]
	at org.junit.platform.launcher.core.EngineExecutionOrchestrator.execute(EngineExecutionOrchestrator.java:198) ~[junit-platform-launcher-1.10.1.jar:1.10.1]
	at org.junit.platform.launcher.core.EngineExecutionOrchestrator.execute(EngineExecutionOrchestrator.java:169) ~[junit-platform-launcher-1.10.1.jar:1.10.1]
	at org.junit.platform.launcher.core.EngineExecutionOrchestrator.execute(EngineExecutionOrchestrator.java:93) ~[junit-platform-launcher-1.10.1.jar:1.10.1]
	at org.junit.platform.launcher.core.EngineExecutionOrchestrator.lambda$execute$0(EngineExecutionOrchestrator.java:58) ~[junit-platform-launcher-1.10.1.jar:1.10.1]
	at org.junit.platform.launcher.core.EngineExecutionOrchestrator.withInterceptedStreams(EngineExecutionOrchestrator.java:141) ~[junit-platform-launcher-1.10.1.jar:1.10.1]
	at org.junit.platform.launcher.core.EngineExecutionOrchestrator.execute(EngineExecutionOrchestrator.java:57) ~[junit-platform-launcher-1.10.1.jar:1.10.1]
	at org.junit.platform.launcher.core.DefaultLauncher.execute(DefaultLauncher.java:103) ~[junit-platform-launcher-1.10.1.jar:1.10.1]
	at org.junit.platform.launcher.core.DefaultLauncher.execute(DefaultLauncher.java:85) ~[junit-platform-launcher-1.10.1.jar:1.10.1]
	at org.junit.platform.launcher.core.DelegatingLauncher.execute(DelegatingLauncher.java:47) ~[junit-platform-launcher-1.10.1.jar:1.10.1]
	at org.apache.maven.surefire.junitplatform.LazyLauncher.execute(LazyLauncher.java:56) ~[surefire-junit-platform-3.1.2.jar:3.1.2]
	at org.apache.maven.surefire.junitplatform.JUnitPlatformProvider.execute(JUnitPlatformProvider.java:184) ~[surefire-junit-platform-3.1.2.jar:3.1.2]
	at org.apache.maven.surefire.junitplatform.JUnitPlatformProvider.invokeAllTests(JUnitPlatformProvider.java:148) ~[surefire-junit-platform-3.1.2.jar:3.1.2]
	at org.apache.maven.surefire.junitplatform.JUnitPlatformProvider.invoke(JUnitPlatformProvider.java:122) ~[surefire-junit-platform-3.1.2.jar:3.1.2]
	at org.apache.maven.surefire.booter.ForkedBooter.runSuitesInProcess(ForkedBooter.java:385) ~[surefire-booter-3.1.2.jar:3.1.2]
	at org.apache.maven.surefire.booter.ForkedBooter.execute(ForkedBooter.java:162) ~[surefire-booter-3.1.2.jar:3.1.2]
	at org.apache.maven.surefire.booter.ForkedBooter.run(ForkedBooter.java:507) ~[surefire-booter-3.1.2.jar:3.1.2]
	at org.apache.maven.surefire.booter.ForkedBooter.main(ForkedBooter.java:495) ~[surefire-booter-3.1.2.jar:3.1.2]

2025-10-13T13:36:42.609+02:00  WARN 80616 --- [hexagonal-app] [           main] c.t.a.core.importer.ClassFileProcessor   : Error during import from jrt:/java.base/java/io/Writer.class, falling back to simple import

java.lang.IllegalArgumentException: Unsupported class file major version 69
	at com.tngtech.archunit.thirdparty.org.objectweb.asm.ClassReader.<init>(ClassReader.java:200) ~[archunit-1.3.0.jar:1.3.0]
	at com.tngtech.archunit.thirdparty.org.objectweb.asm.ClassReader.<init>(ClassReader.java:180) ~[archunit-1.3.0.jar:1.3.0]
	at com.tngtech.archunit.thirdparty.org.objectweb.asm.ClassReader.<init>(ClassReader.java:166) ~[archunit-1.3.0.jar:1.3.0]
	at com.tngtech.archunit.thirdparty.org.objectweb.asm.ClassReader.<init>(ClassReader.java:288) ~[archunit-1.3.0.jar:1.3.0]
	at com.tngtech.archunit.core.importer.ClassFileProcessor$UriImporterOfProcessor.tryImport(ClassFileProcessor.java:350) ~[archunit-1.3.0.jar:1.3.0]
	at com.tngtech.archunit.core.importer.resolvers.ClassResolverFromClasspath.tryResolve(ClassResolverFromClasspath.java:51) ~[archunit-1.3.0.jar:1.3.0]
	at com.tngtech.archunit.core.importer.ImportedClasses.resolve(ImportedClasses.java:80) ~[archunit-1.3.0.jar:1.3.0]
	at com.tngtech.archunit.core.importer.ImportedClasses.getOrResolve(ImportedClasses.java:67) ~[archunit-1.3.0.jar:1.3.0]
	at com.tngtech.archunit.core.importer.DomainBuilders$JavaMemberBuilder.get(DomainBuilders.java:179) ~[archunit-1.3.0.jar:1.3.0]
	at com.tngtech.archunit.core.importer.DomainBuilders$JavaCodeUnitBuilder.asJavaClasses(DomainBuilders.java:329) ~[archunit-1.3.0.jar:1.3.0]
	at com.tngtech.archunit.core.importer.DomainBuilders$JavaCodeUnitBuilder.getRawParameterTypes(DomainBuilders.java:303) ~[archunit-1.3.0.jar:1.3.0]
	at com.tngtech.archunit.core.domain.JavaCodeUnit$Parameters.<init>(JavaCodeUnit.java:317) ~[archunit-1.3.0.jar:1.3.0]
	at com.tngtech.archunit.core.domain.JavaCodeUnit.<init>(JavaCodeUnit.java:82) ~[archunit-1.3.0.jar:1.3.0]
	at com.tngtech.archunit.core.domain.JavaMethod.<init>(JavaMethod.java:44) ~[archunit-1.3.0.jar:1.3.0]
	at com.tngtech.archunit.core.domain.DomainObjectCreationContext.createJavaMethod(DomainObjectCreationContext.java:144) ~[archunit-1.3.0.jar:1.3.0]
	at com.tngtech.archunit.core.importer.DomainBuilders$JavaMethodBuilder.construct(DomainBuilders.java:373) ~[archunit-1.3.0.jar:1.3.0]
	at com.tngtech.archunit.core.importer.DomainBuilders$JavaMethodBuilder.construct(DomainBuilders.java:358) ~[archunit-1.3.0.jar:1.3.0]
	at com.tngtech.archunit.core.importer.DomainBuilders$JavaMemberBuilder.build(DomainBuilders.java:206) ~[archunit-1.3.0.jar:1.3.0]
	at com.tngtech.archunit.core.importer.DomainBuilders$JavaMemberBuilder.build(DomainBuilders.java:138) ~[archunit-1.3.0.jar:1.3.0]
	at com.tngtech.archunit.core.importer.DomainBuilders$BuilderWithBuildParameter$BuildFinisher.lambda$build$0(DomainBuilders.java:892) ~[archunit-1.3.0.jar:1.3.0]
	at java.base/java.util.stream.ReferencePipeline$3$1.accept(ReferencePipeline.java:214) ~[na:na]
	at java.base/java.util.stream.ReferencePipeline$2$1.accept(ReferencePipeline.java:197) ~[na:na]
	at java.base/java.util.HashMap$KeySpliterator.forEachRemaining(HashMap.java:1716) ~[na:na]
	at java.base/java.util.stream.AbstractPipeline.copyInto(AbstractPipeline.java:570) ~[na:na]
	at java.base/java.util.stream.AbstractPipeline.wrapAndCopyInto(AbstractPipeline.java:560) ~[na:na]
	at java.base/java.util.stream.ReduceOps$ReduceOp.evaluateSequential(ReduceOps.java:921) ~[na:na]
	at java.base/java.util.stream.AbstractPipeline.evaluate(AbstractPipeline.java:265) ~[na:na]
	at java.base/java.util.stream.ReferencePipeline.collect(ReferencePipeline.java:723) ~[na:na]
	at com.tngtech.archunit.core.importer.DomainBuilders$BuilderWithBuildParameter$BuildFinisher.build(DomainBuilders.java:892) ~[archunit-1.3.0.jar:1.3.0]
	at com.tngtech.archunit.core.importer.ClassGraphCreator.createMethods(ClassGraphCreator.java:322) ~[archunit-1.3.0.jar:1.3.0]
	at com.tngtech.archunit.core.domain.JavaClassMembers.create(JavaClassMembers.java:352) ~[archunit-1.3.0.jar:1.3.0]
	at com.tngtech.archunit.core.domain.JavaClass.completeMembers(JavaClass.java:1477) ~[archunit-1.3.0.jar:1.3.0]
	at com.tngtech.archunit.core.domain.DomainObjectCreationContext.completeMembers(DomainObjectCreationContext.java:96) ~[archunit-1.3.0.jar:1.3.0]
	at com.tngtech.archunit.core.importer.ClassGraphCreator.completeClasses(ClassGraphCreator.java:120) ~[archunit-1.3.0.jar:1.3.0]
	at com.tngtech.archunit.core.importer.ClassGraphCreator.complete(ClassGraphCreator.java:108) ~[archunit-1.3.0.jar:1.3.0]
	at com.tngtech.archunit.core.importer.ClassFileProcessor.process(ClassFileProcessor.java:75) ~[archunit-1.3.0.jar:1.3.0]
	at com.tngtech.archunit.core.importer.ClassFileImporter.importLocations(ClassFileImporter.java:325) ~[archunit-1.3.0.jar:1.3.0]
	at com.tngtech.archunit.junit.internal.ClassCache$CacheClassFileImporter.importClasses(ClassCache.java:126) ~[archunit-junit5-engine-1.3.0.jar:1.3.0]
	at com.tngtech.archunit.junit.internal.ClassCache$LazyJavaClasses.initialize(ClassCache.java:118) ~[archunit-junit5-engine-1.3.0.jar:1.3.0]
	at com.tngtech.archunit.junit.internal.ClassCache$LazyJavaClasses.get(ClassCache.java:107) ~[archunit-junit5-engine-1.3.0.jar:1.3.0]
	at com.tngtech.archunit.junit.internal.ClassCache.getClassesToAnalyzeFor(ClassCache.java:84) ~[archunit-junit5-engine-1.3.0.jar:1.3.0]
	at com.tngtech.archunit.junit.internal.ArchUnitTestDescriptor.lambda$createChildren$1(ArchUnitTestDescriptor.java:90) ~[archunit-junit5-engine-1.3.0.jar:1.3.0]
	at com.tngtech.archunit.junit.internal.ArchUnitTestDescriptor$ArchUnitRuleDescriptor.execute(ArchUnitTestDescriptor.java:167) ~[archunit-junit5-engine-1.3.0.jar:1.3.0]
	at com.tngtech.archunit.junit.internal.ArchUnitTestDescriptor$ArchUnitRuleDescriptor.execute(ArchUnitTestDescriptor.java:150) ~[archunit-junit5-engine-1.3.0.jar:1.3.0]
	at org.junit.platform.engine.support.hierarchical.NodeTestTask.lambda$executeRecursively$6(NodeTestTask.java:151) ~[junit-platform-engine-1.10.1.jar:1.10.1]
	at org.junit.platform.engine.support.hierarchical.ThrowableCollector.execute(ThrowableCollector.java:73) ~[junit-platform-engine-1.10.1.jar:1.10.1]
	at org.junit.platform.engine.support.hierarchical.NodeTestTask.lambda$executeRecursively$8(NodeTestTask.java:141) ~[junit-platform-engine-1.10.1.jar:1.10.1]
	at org.junit.platform.engine.support.hierarchical.Node.around(Node.java:137) ~[junit-platform-engine-1.10.1.jar:1.10.1]
	at org.junit.platform.engine.support.hierarchical.NodeTestTask.lambda$executeRecursively$9(NodeTestTask.java:139) ~[junit-platform-engine-1.10.1.jar:1.10.1]
	at org.junit.platform.engine.support.hierarchical.ThrowableCollector.execute(ThrowableCollector.java:73) ~[junit-platform-engine-1.10.1.jar:1.10.1]
	at org.junit.platform.engine.support.hierarchical.NodeTestTask.executeRecursively(NodeTestTask.java:138) ~[junit-platform-engine-1.10.1.jar:1.10.1]
	at org.junit.platform.engine.support.hierarchical.NodeTestTask.execute(NodeTestTask.java:95) ~[junit-platform-engine-1.10.1.jar:1.10.1]
	at java.base/java.util.ArrayList.forEach(ArrayList.java:1604) ~[na:na]
	at org.junit.platform.engine.support.hierarchical.SameThreadHierarchicalTestExecutorService.invokeAll(SameThreadHierarchicalTestExecutorService.java:41) ~[junit-platform-engine-1.10.1.jar:1.10.1]
	at org.junit.platform.engine.support.hierarchical.NodeTestTask.lambda$executeRecursively$6(NodeTestTask.java:155) ~[junit-platform-engine-1.10.1.jar:1.10.1]
	at org.junit.platform.engine.support.hierarchical.ThrowableCollector.execute(ThrowableCollector.java:73) ~[junit-platform-engine-1.10.1.jar:1.10.1]
	at org.junit.platform.engine.support.hierarchical.NodeTestTask.lambda$executeRecursively$8(NodeTestTask.java:141) ~[junit-platform-engine-1.10.1.jar:1.10.1]
	at org.junit.platform.engine.support.hierarchical.Node.around(Node.java:137) ~[junit-platform-engine-1.10.1.jar:1.10.1]
	at org.junit.platform.engine.support.hierarchical.NodeTestTask.lambda$executeRecursively$9(NodeTestTask.java:139) ~[junit-platform-engine-1.10.1.jar:1.10.1]
	at org.junit.platform.engine.support.hierarchical.ThrowableCollector.execute(ThrowableCollector.java:73) ~[junit-platform-engine-1.10.1.jar:1.10.1]
	at org.junit.platform.engine.support.hierarchical.NodeTestTask.executeRecursively(NodeTestTask.java:138) ~[junit-platform-engine-1.10.1.jar:1.10.1]
	at org.junit.platform.engine.support.hierarchical.NodeTestTask.execute(NodeTestTask.java:95) ~[junit-platform-engine-1.10.1.jar:1.10.1]
	at java.base/java.util.ArrayList.forEach(ArrayList.java:1604) ~[na:na]
	at org.junit.platform.engine.support.hierarchical.SameThreadHierarchicalTestExecutorService.invokeAll(SameThreadHierarchicalTestExecutorService.java:41) ~[junit-platform-engine-1.10.1.jar:1.10.1]
	at org.junit.platform.engine.support.hierarchical.NodeTestTask.lambda$executeRecursively$6(NodeTestTask.java:155) ~[junit-platform-engine-1.10.1.jar:1.10.1]
	at org.junit.platform.engine.support.hierarchical.ThrowableCollector.execute(ThrowableCollector.java:73) ~[junit-platform-engine-1.10.1.jar:1.10.1]
	at org.junit.platform.engine.support.hierarchical.NodeTestTask.lambda$executeRecursively$8(NodeTestTask.java:141) ~[junit-platform-engine-1.10.1.jar:1.10.1]
	at org.junit.platform.engine.support.hierarchical.Node.around(Node.java:137) ~[junit-platform-engine-1.10.1.jar:1.10.1]
	at org.junit.platform.engine.support.hierarchical.NodeTestTask.lambda$executeRecursively$9(NodeTestTask.java:139) ~[junit-platform-engine-1.10.1.jar:1.10.1]
	at org.junit.platform.engine.support.hierarchical.ThrowableCollector.execute(ThrowableCollector.java:73) ~[junit-platform-engine-1.10.1.jar:1.10.1]
	at org.junit.platform.engine.support.hierarchical.NodeTestTask.executeRecursively(NodeTestTask.java:138) ~[junit-platform-engine-1.10.1.jar:1.10.1]
	at org.junit.platform.engine.support.hierarchical.NodeTestTask.execute(NodeTestTask.java:95) ~[junit-platform-engine-1.10.1.jar:1.10.1]
	at org.junit.platform.engine.support.hierarchical.SameThreadHierarchicalTestExecutorService.submit(SameThreadHierarchicalTestExecutorService.java:35) ~[junit-platform-engine-1.10.1.jar:1.10.1]
	at org.junit.platform.engine.support.hierarchical.HierarchicalTestExecutor.execute(HierarchicalTestExecutor.java:57) ~[junit-platform-engine-1.10.1.jar:1.10.1]
	at org.junit.platform.engine.support.hierarchical.HierarchicalTestEngine.execute(HierarchicalTestEngine.java:54) ~[junit-platform-engine-1.10.1.jar:1.10.1]
	at org.junit.platform.launcher.core.EngineExecutionOrchestrator.execute(EngineExecutionOrchestrator.java:198) ~[junit-platform-launcher-1.10.1.jar:1.10.1]
	at org.junit.platform.launcher.core.EngineExecutionOrchestrator.execute(EngineExecutionOrchestrator.java:169) ~[junit-platform-launcher-1.10.1.jar:1.10.1]
	at org.junit.platform.launcher.core.EngineExecutionOrchestrator.execute(EngineExecutionOrchestrator.java:93) ~[junit-platform-launcher-1.10.1.jar:1.10.1]
	at org.junit.platform.launcher.core.EngineExecutionOrchestrator.lambda$execute$0(EngineExecutionOrchestrator.java:58) ~[junit-platform-launcher-1.10.1.jar:1.10.1]
	at org.junit.platform.launcher.core.EngineExecutionOrchestrator.withInterceptedStreams(EngineExecutionOrchestrator.java:141) ~[junit-platform-launcher-1.10.1.jar:1.10.1]
	at org.junit.platform.launcher.core.EngineExecutionOrchestrator.execute(EngineExecutionOrchestrator.java:57) ~[junit-platform-launcher-1.10.1.jar:1.10.1]
	at org.junit.platform.launcher.core.DefaultLauncher.execute(DefaultLauncher.java:103) ~[junit-platform-launcher-1.10.1.jar:1.10.1]
	at org.junit.platform.launcher.core.DefaultLauncher.execute(DefaultLauncher.java:85) ~[junit-platform-launcher-1.10.1.jar:1.10.1]
	at org.junit.platform.launcher.core.DelegatingLauncher.execute(DelegatingLauncher.java:47) ~[junit-platform-launcher-1.10.1.jar:1.10.1]
	at org.apache.maven.surefire.junitplatform.LazyLauncher.execute(LazyLauncher.java:56) ~[surefire-junit-platform-3.1.2.jar:3.1.2]
	at org.apache.maven.surefire.junitplatform.JUnitPlatformProvider.execute(JUnitPlatformProvider.java:184) ~[surefire-junit-platform-3.1.2.jar:3.1.2]
	at org.apache.maven.surefire.junitplatform.JUnitPlatformProvider.invokeAllTests(JUnitPlatformProvider.java:148) ~[surefire-junit-platform-3.1.2.jar:3.1.2]
	at org.apache.maven.surefire.junitplatform.JUnitPlatformProvider.invoke(JUnitPlatformProvider.java:122) ~[surefire-junit-platform-3.1.2.jar:3.1.2]
	at org.apache.maven.surefire.booter.ForkedBooter.runSuitesInProcess(ForkedBooter.java:385) ~[surefire-booter-3.1.2.jar:3.1.2]
	at org.apache.maven.surefire.booter.ForkedBooter.execute(ForkedBooter.java:162) ~[surefire-booter-3.1.2.jar:3.1.2]
	at org.apache.maven.surefire.booter.ForkedBooter.run(ForkedBooter.java:507) ~[surefire-booter-3.1.2.jar:3.1.2]
	at org.apache.maven.surefire.booter.ForkedBooter.main(ForkedBooter.java:495) ~[surefire-booter-3.1.2.jar:3.1.2]

2025-10-13T13:36:42.612+02:00  WARN 80616 --- [hexagonal-app] [           main] c.t.a.core.importer.ClassFileProcessor   : Error during import from jrt:/java.base/java/util/ListIterator.class, falling back to simple import

java.lang.IllegalArgumentException: Unsupported class file major version 69
	at com.tngtech.archunit.thirdparty.org.objectweb.asm.ClassReader.<init>(ClassReader.java:200) ~[archunit-1.3.0.jar:1.3.0]
	at com.tngtech.archunit.thirdparty.org.objectweb.asm.ClassReader.<init>(ClassReader.java:180) ~[archunit-1.3.0.jar:1.3.0]
	at com.tngtech.archunit.thirdparty.org.objectweb.asm.ClassReader.<init>(ClassReader.java:166) ~[archunit-1.3.0.jar:1.3.0]
	at com.tngtech.archunit.thirdparty.org.objectweb.asm.ClassReader.<init>(ClassReader.java:288) ~[archunit-1.3.0.jar:1.3.0]
	at com.tngtech.archunit.core.importer.ClassFileProcessor$UriImporterOfProcessor.tryImport(ClassFileProcessor.java:350) ~[archunit-1.3.0.jar:1.3.0]
	at com.tngtech.archunit.core.importer.resolvers.ClassResolverFromClasspath.tryResolve(ClassResolverFromClasspath.java:51) ~[archunit-1.3.0.jar:1.3.0]
	at com.tngtech.archunit.core.importer.ImportedClasses.resolve(ImportedClasses.java:80) ~[archunit-1.3.0.jar:1.3.0]
	at com.tngtech.archunit.core.importer.ImportedClasses.getOrResolve(ImportedClasses.java:67) ~[archunit-1.3.0.jar:1.3.0]
	at com.tngtech.archunit.core.importer.DomainBuilders$JavaMemberBuilder.get(DomainBuilders.java:179) ~[archunit-1.3.0.jar:1.3.0]
	at com.tngtech.archunit.core.importer.DomainBuilders$JavaCodeUnitBuilder.getRawReturnType(DomainBuilders.java:289) ~[archunit-1.3.0.jar:1.3.0]
	at com.tngtech.archunit.core.domain.JavaCodeUnit$ReturnType.<init>(JavaCodeUnit.java:367) ~[archunit-1.3.0.jar:1.3.0]
	at com.tngtech.archunit.core.domain.JavaCodeUnit.<init>(JavaCodeUnit.java:81) ~[archunit-1.3.0.jar:1.3.0]
	at com.tngtech.archunit.core.domain.JavaMethod.<init>(JavaMethod.java:44) ~[archunit-1.3.0.jar:1.3.0]
	at com.tngtech.archunit.core.domain.DomainObjectCreationContext.createJavaMethod(DomainObjectCreationContext.java:144) ~[archunit-1.3.0.jar:1.3.0]
	at com.tngtech.archunit.core.importer.DomainBuilders$JavaMethodBuilder.construct(DomainBuilders.java:373) ~[archunit-1.3.0.jar:1.3.0]
	at com.tngtech.archunit.core.importer.DomainBuilders$JavaMethodBuilder.construct(DomainBuilders.java:358) ~[archunit-1.3.0.jar:1.3.0]
	at com.tngtech.archunit.core.importer.DomainBuilders$JavaMemberBuilder.build(DomainBuilders.java:206) ~[archunit-1.3.0.jar:1.3.0]
	at com.tngtech.archunit.core.importer.DomainBuilders$JavaMemberBuilder.build(DomainBuilders.java:138) ~[archunit-1.3.0.jar:1.3.0]
	at com.tngtech.archunit.core.importer.DomainBuilders$BuilderWithBuildParameter$BuildFinisher.lambda$build$0(DomainBuilders.java:892) ~[archunit-1.3.0.jar:1.3.0]
	at java.base/java.util.stream.ReferencePipeline$3$1.accept(ReferencePipeline.java:214) ~[na:na]
	at java.base/java.util.stream.ReferencePipeline$2$1.accept(ReferencePipeline.java:197) ~[na:na]
	at java.base/java.util.HashMap$KeySpliterator.forEachRemaining(HashMap.java:1716) ~[na:na]
	at java.base/java.util.stream.AbstractPipeline.copyInto(AbstractPipeline.java:570) ~[na:na]
	at java.base/java.util.stream.AbstractPipeline.wrapAndCopyInto(AbstractPipeline.java:560) ~[na:na]
	at java.base/java.util.stream.ReduceOps$ReduceOp.evaluateSequential(ReduceOps.java:921) ~[na:na]
	at java.base/java.util.stream.AbstractPipeline.evaluate(AbstractPipeline.java:265) ~[na:na]
	at java.base/java.util.stream.ReferencePipeline.collect(ReferencePipeline.java:723) ~[na:na]
	at com.tngtech.archunit.core.importer.DomainBuilders$BuilderWithBuildParameter$BuildFinisher.build(DomainBuilders.java:892) ~[archunit-1.3.0.jar:1.3.0]
	at com.tngtech.archunit.core.importer.ClassGraphCreator.createMethods(ClassGraphCreator.java:322) ~[archunit-1.3.0.jar:1.3.0]
	at com.tngtech.archunit.core.domain.JavaClassMembers.create(JavaClassMembers.java:352) ~[archunit-1.3.0.jar:1.3.0]
	at com.tngtech.archunit.core.domain.JavaClass.completeMembers(JavaClass.java:1477) ~[archunit-1.3.0.jar:1.3.0]
	at com.tngtech.archunit.core.domain.DomainObjectCreationContext.completeMembers(DomainObjectCreationContext.java:96) ~[archunit-1.3.0.jar:1.3.0]
	at com.tngtech.archunit.core.importer.ClassGraphCreator.completeClasses(ClassGraphCreator.java:120) ~[archunit-1.3.0.jar:1.3.0]
	at com.tngtech.archunit.core.importer.ClassGraphCreator.complete(ClassGraphCreator.java:108) ~[archunit-1.3.0.jar:1.3.0]
	at com.tngtech.archunit.core.importer.ClassFileProcessor.process(ClassFileProcessor.java:75) ~[archunit-1.3.0.jar:1.3.0]
	at com.tngtech.archunit.core.importer.ClassFileImporter.importLocations(ClassFileImporter.java:325) ~[archunit-1.3.0.jar:1.3.0]
	at com.tngtech.archunit.junit.internal.ClassCache$CacheClassFileImporter.importClasses(ClassCache.java:126) ~[archunit-junit5-engine-1.3.0.jar:1.3.0]
	at com.tngtech.archunit.junit.internal.ClassCache$LazyJavaClasses.initialize(ClassCache.java:118) ~[archunit-junit5-engine-1.3.0.jar:1.3.0]
	at com.tngtech.archunit.junit.internal.ClassCache$LazyJavaClasses.get(ClassCache.java:107) ~[archunit-junit5-engine-1.3.0.jar:1.3.0]
	at com.tngtech.archunit.junit.internal.ClassCache.getClassesToAnalyzeFor(ClassCache.java:84) ~[archunit-junit5-engine-1.3.0.jar:1.3.0]
	at com.tngtech.archunit.junit.internal.ArchUnitTestDescriptor.lambda$createChildren$1(ArchUnitTestDescriptor.java:90) ~[archunit-junit5-engine-1.3.0.jar:1.3.0]
	at com.tngtech.archunit.junit.internal.ArchUnitTestDescriptor$ArchUnitRuleDescriptor.execute(ArchUnitTestDescriptor.java:167) ~[archunit-junit5-engine-1.3.0.jar:1.3.0]
	at com.tngtech.archunit.junit.internal.ArchUnitTestDescriptor$ArchUnitRuleDescriptor.execute(ArchUnitTestDescriptor.java:150) ~[archunit-junit5-engine-1.3.0.jar:1.3.0]
	at org.junit.platform.engine.support.hierarchical.NodeTestTask.lambda$executeRecursively$6(NodeTestTask.java:151) ~[junit-platform-engine-1.10.1.jar:1.10.1]
	at org.junit.platform.engine.support.hierarchical.ThrowableCollector.execute(ThrowableCollector.java:73) ~[junit-platform-engine-1.10.1.jar:1.10.1]
	at org.junit.platform.engine.support.hierarchical.NodeTestTask.lambda$executeRecursively$8(NodeTestTask.java:141) ~[junit-platform-engine-1.10.1.jar:1.10.1]
	at org.junit.platform.engine.support.hierarchical.Node.around(Node.java:137) ~[junit-platform-engine-1.10.1.jar:1.10.1]
	at org.junit.platform.engine.support.hierarchical.NodeTestTask.lambda$executeRecursively$9(NodeTestTask.java:139) ~[junit-platform-engine-1.10.1.jar:1.10.1]
	at org.junit.platform.engine.support.hierarchical.ThrowableCollector.execute(ThrowableCollector.java:73) ~[junit-platform-engine-1.10.1.jar:1.10.1]
	at org.junit.platform.engine.support.hierarchical.NodeTestTask.executeRecursively(NodeTestTask.java:138) ~[junit-platform-engine-1.10.1.jar:1.10.1]
	at org.junit.platform.engine.support.hierarchical.NodeTestTask.execute(NodeTestTask.java:95) ~[junit-platform-engine-1.10.1.jar:1.10.1]
	at java.base/java.util.ArrayList.forEach(ArrayList.java:1604) ~[na:na]
	at org.junit.platform.engine.support.hierarchical.SameThreadHierarchicalTestExecutorService.invokeAll(SameThreadHierarchicalTestExecutorService.java:41) ~[junit-platform-engine-1.10.1.jar:1.10.1]
	at org.junit.platform.engine.support.hierarchical.NodeTestTask.lambda$executeRecursively$6(NodeTestTask.java:155) ~[junit-platform-engine-1.10.1.jar:1.10.1]
	at org.junit.platform.engine.support.hierarchical.ThrowableCollector.execute(ThrowableCollector.java:73) ~[junit-platform-engine-1.10.1.jar:1.10.1]
	at org.junit.platform.engine.support.hierarchical.NodeTestTask.lambda$executeRecursively$8(NodeTestTask.java:141) ~[junit-platform-engine-1.10.1.jar:1.10.1]
	at org.junit.platform.engine.support.hierarchical.Node.around(Node.java:137) ~[junit-platform-engine-1.10.1.jar:1.10.1]
	at org.junit.platform.engine.support.hierarchical.NodeTestTask.lambda$executeRecursively$9(NodeTestTask.java:139) ~[junit-platform-engine-1.10.1.jar:1.10.1]
	at org.junit.platform.engine.support.hierarchical.ThrowableCollector.execute(ThrowableCollector.java:73) ~[junit-platform-engine-1.10.1.jar:1.10.1]
	at org.junit.platform.engine.support.hierarchical.NodeTestTask.executeRecursively(NodeTestTask.java:138) ~[junit-platform-engine-1.10.1.jar:1.10.1]
	at org.junit.platform.engine.support.hierarchical.NodeTestTask.execute(NodeTestTask.java:95) ~[junit-platform-engine-1.10.1.jar:1.10.1]
	at java.base/java.util.ArrayList.forEach(ArrayList.java:1604) ~[na:na]
	at org.junit.platform.engine.support.hierarchical.SameThreadHierarchicalTestExecutorService.invokeAll(SameThreadHierarchicalTestExecutorService.java:41) ~[junit-platform-engine-1.10.1.jar:1.10.1]
	at org.junit.platform.engine.support.hierarchical.NodeTestTask.lambda$executeRecursively$6(NodeTestTask.java:155) ~[junit-platform-engine-1.10.1.jar:1.10.1]
	at org.junit.platform.engine.support.hierarchical.ThrowableCollector.execute(ThrowableCollector.java:73) ~[junit-platform-engine-1.10.1.jar:1.10.1]
	at org.junit.platform.engine.support.hierarchical.NodeTestTask.lambda$executeRecursively$8(NodeTestTask.java:141) ~[junit-platform-engine-1.10.1.jar:1.10.1]
	at org.junit.platform.engine.support.hierarchical.Node.around(Node.java:137) ~[junit-platform-engine-1.10.1.jar:1.10.1]
	at org.junit.platform.engine.support.hierarchical.NodeTestTask.lambda$executeRecursively$9(NodeTestTask.java:139) ~[junit-platform-engine-1.10.1.jar:1.10.1]
	at org.junit.platform.engine.support.hierarchical.ThrowableCollector.execute(ThrowableCollector.java:73) ~[junit-platform-engine-1.10.1.jar:1.10.1]
	at org.junit.platform.engine.support.hierarchical.NodeTestTask.executeRecursively(NodeTestTask.java:138) ~[junit-platform-engine-1.10.1.jar:1.10.1]
	at org.junit.platform.engine.support.hierarchical.NodeTestTask.execute(NodeTestTask.java:95) ~[junit-platform-engine-1.10.1.jar:1.10.1]
	at org.junit.platform.engine.support.hierarchical.SameThreadHierarchicalTestExecutorService.submit(SameThreadHierarchicalTestExecutorService.java:35) ~[junit-platform-engine-1.10.1.jar:1.10.1]
	at org.junit.platform.engine.support.hierarchical.HierarchicalTestExecutor.execute(HierarchicalTestExecutor.java:57) ~[junit-platform-engine-1.10.1.jar:1.10.1]
	at org.junit.platform.engine.support.hierarchical.HierarchicalTestEngine.execute(HierarchicalTestEngine.java:54) ~[junit-platform-engine-1.10.1.jar:1.10.1]
	at org.junit.platform.launcher.core.EngineExecutionOrchestrator.execute(EngineExecutionOrchestrator.java:198) ~[junit-platform-launcher-1.10.1.jar:1.10.1]
	at org.junit.platform.launcher.core.EngineExecutionOrchestrator.execute(EngineExecutionOrchestrator.java:169) ~[junit-platform-launcher-1.10.1.jar:1.10.1]
	at org.junit.platform.launcher.core.EngineExecutionOrchestrator.execute(EngineExecutionOrchestrator.java:93) ~[junit-platform-launcher-1.10.1.jar:1.10.1]
	at org.junit.platform.launcher.core.EngineExecutionOrchestrator.lambda$execute$0(EngineExecutionOrchestrator.java:58) ~[junit-platform-launcher-1.10.1.jar:1.10.1]
	at org.junit.platform.launcher.core.EngineExecutionOrchestrator.withInterceptedStreams(EngineExecutionOrchestrator.java:141) ~[junit-platform-launcher-1.10.1.jar:1.10.1]
	at org.junit.platform.launcher.core.EngineExecutionOrchestrator.execute(EngineExecutionOrchestrator.java:57) ~[junit-platform-launcher-1.10.1.jar:1.10.1]
	at org.junit.platform.launcher.core.DefaultLauncher.execute(DefaultLauncher.java:103) ~[junit-platform-launcher-1.10.1.jar:1.10.1]
	at org.junit.platform.launcher.core.DefaultLauncher.execute(DefaultLauncher.java:85) ~[junit-platform-launcher-1.10.1.jar:1.10.1]
	at org.junit.platform.launcher.core.DelegatingLauncher.execute(DelegatingLauncher.java:47) ~[junit-platform-launcher-1.10.1.jar:1.10.1]
	at org.apache.maven.surefire.junitplatform.LazyLauncher.execute(LazyLauncher.java:56) ~[surefire-junit-platform-3.1.2.jar:3.1.2]
	at org.apache.maven.surefire.junitplatform.JUnitPlatformProvider.execute(JUnitPlatformProvider.java:184) ~[surefire-junit-platform-3.1.2.jar:3.1.2]
	at org.apache.maven.surefire.junitplatform.JUnitPlatformProvider.invokeAllTests(JUnitPlatformProvider.java:148) ~[surefire-junit-platform-3.1.2.jar:3.1.2]
	at org.apache.maven.surefire.junitplatform.JUnitPlatformProvider.invoke(JUnitPlatformProvider.java:122) ~[surefire-junit-platform-3.1.2.jar:3.1.2]
	at org.apache.maven.surefire.booter.ForkedBooter.runSuitesInProcess(ForkedBooter.java:385) ~[surefire-booter-3.1.2.jar:3.1.2]
	at org.apache.maven.surefire.booter.ForkedBooter.execute(ForkedBooter.java:162) ~[surefire-booter-3.1.2.jar:3.1.2]
	at org.apache.maven.surefire.booter.ForkedBooter.run(ForkedBooter.java:507) ~[surefire-booter-3.1.2.jar:3.1.2]
	at org.apache.maven.surefire.booter.ForkedBooter.main(ForkedBooter.java:495) ~[surefire-booter-3.1.2.jar:3.1.2]

2025-10-13T13:36:42.613+02:00  WARN 80616 --- [hexagonal-app] [           main] c.t.a.core.importer.ClassFileProcessor   : Error during import from jrt:/java.base/java/util/function/Supplier.class, falling back to simple import

java.lang.IllegalArgumentException: Unsupported class file major version 69
	at com.tngtech.archunit.thirdparty.org.objectweb.asm.ClassReader.<init>(ClassReader.java:200) ~[archunit-1.3.0.jar:1.3.0]
	at com.tngtech.archunit.thirdparty.org.objectweb.asm.ClassReader.<init>(ClassReader.java:180) ~[archunit-1.3.0.jar:1.3.0]
	at com.tngtech.archunit.thirdparty.org.objectweb.asm.ClassReader.<init>(ClassReader.java:166) ~[archunit-1.3.0.jar:1.3.0]
	at com.tngtech.archunit.thirdparty.org.objectweb.asm.ClassReader.<init>(ClassReader.java:288) ~[archunit-1.3.0.jar:1.3.0]
	at com.tngtech.archunit.core.importer.ClassFileProcessor$UriImporterOfProcessor.tryImport(ClassFileProcessor.java:350) ~[archunit-1.3.0.jar:1.3.0]
	at com.tngtech.archunit.core.importer.resolvers.ClassResolverFromClasspath.tryResolve(ClassResolverFromClasspath.java:51) ~[archunit-1.3.0.jar:1.3.0]
	at com.tngtech.archunit.core.importer.ImportedClasses.resolve(ImportedClasses.java:80) ~[archunit-1.3.0.jar:1.3.0]
	at com.tngtech.archunit.core.importer.ImportedClasses.getOrResolve(ImportedClasses.java:67) ~[archunit-1.3.0.jar:1.3.0]
	at com.tngtech.archunit.core.importer.DomainBuilders$JavaParameterizedTypeBuilder.build(DomainBuilders.java:845) ~[archunit-1.3.0.jar:1.3.0]
	at com.tngtech.archunit.core.importer.SignatureTypeArgumentProcessor$NewJavaTypeCreationProcess.finish(SignatureTypeArgumentProcessor.java:170) ~[archunit-1.3.0.jar:1.3.0]
	at com.tngtech.archunit.core.importer.SignatureTypeArgumentProcessor$NewJavaTypeCreationProcess.finish(SignatureTypeArgumentProcessor.java:155) ~[archunit-1.3.0.jar:1.3.0]
	at com.tngtech.archunit.core.importer.DomainBuilders$JavaFieldBuilder.getType(DomainBuilders.java:226) ~[archunit-1.3.0.jar:1.3.0]
	at com.tngtech.archunit.core.domain.JavaField.<init>(JavaField.java:40) ~[archunit-1.3.0.jar:1.3.0]
	at com.tngtech.archunit.core.domain.DomainObjectCreationContext.createJavaField(DomainObjectCreationContext.java:108) ~[archunit-1.3.0.jar:1.3.0]
	at com.tngtech.archunit.core.importer.DomainBuilders$JavaFieldBuilder.construct(DomainBuilders.java:236) ~[archunit-1.3.0.jar:1.3.0]
	at com.tngtech.archunit.core.importer.DomainBuilders$JavaFieldBuilder.construct(DomainBuilders.java:210) ~[archunit-1.3.0.jar:1.3.0]
	at com.tngtech.archunit.core.importer.DomainBuilders$JavaMemberBuilder.build(DomainBuilders.java:206) ~[archunit-1.3.0.jar:1.3.0]
	at com.tngtech.archunit.core.importer.DomainBuilders$JavaMemberBuilder.build(DomainBuilders.java:138) ~[archunit-1.3.0.jar:1.3.0]
	at com.tngtech.archunit.core.importer.DomainBuilders$BuilderWithBuildParameter$BuildFinisher.lambda$build$0(DomainBuilders.java:892) ~[archunit-1.3.0.jar:1.3.0]
	at java.base/java.util.stream.ReferencePipeline$3$1.accept(ReferencePipeline.java:214) ~[na:na]
	at java.base/java.util.HashMap$KeySpliterator.forEachRemaining(HashMap.java:1716) ~[na:na]
	at java.base/java.util.stream.AbstractPipeline.copyInto(AbstractPipeline.java:570) ~[na:na]
	at java.base/java.util.stream.AbstractPipeline.wrapAndCopyInto(AbstractPipeline.java:560) ~[na:na]
	at java.base/java.util.stream.ReduceOps$ReduceOp.evaluateSequential(ReduceOps.java:921) ~[na:na]
	at java.base/java.util.stream.AbstractPipeline.evaluate(AbstractPipeline.java:265) ~[na:na]
	at java.base/java.util.stream.ReferencePipeline.collect(ReferencePipeline.java:723) ~[na:na]
	at com.tngtech.archunit.core.importer.DomainBuilders$BuilderWithBuildParameter$BuildFinisher.build(DomainBuilders.java:892) ~[archunit-1.3.0.jar:1.3.0]
	at com.tngtech.archunit.core.importer.DomainBuilders$BuilderWithBuildParameter$BuildFinisher.build(DomainBuilders.java:882) ~[archunit-1.3.0.jar:1.3.0]
	at com.tngtech.archunit.core.importer.ClassGraphCreator.createFields(ClassGraphCreator.java:309) ~[archunit-1.3.0.jar:1.3.0]
	at com.tngtech.archunit.core.domain.JavaClassMembers.create(JavaClassMembers.java:351) ~[archunit-1.3.0.jar:1.3.0]
	at com.tngtech.archunit.core.domain.JavaClass.completeMembers(JavaClass.java:1477) ~[archunit-1.3.0.jar:1.3.0]
	at com.tngtech.archunit.core.domain.DomainObjectCreationContext.completeMembers(DomainObjectCreationContext.java:96) ~[archunit-1.3.0.jar:1.3.0]
	at com.tngtech.archunit.core.importer.ClassGraphCreator.completeClasses(ClassGraphCreator.java:120) ~[archunit-1.3.0.jar:1.3.0]
	at com.tngtech.archunit.core.importer.ClassGraphCreator.complete(ClassGraphCreator.java:108) ~[archunit-1.3.0.jar:1.3.0]
	at com.tngtech.archunit.core.importer.ClassFileProcessor.process(ClassFileProcessor.java:75) ~[archunit-1.3.0.jar:1.3.0]
	at com.tngtech.archunit.core.importer.ClassFileImporter.importLocations(ClassFileImporter.java:325) ~[archunit-1.3.0.jar:1.3.0]
	at com.tngtech.archunit.junit.internal.ClassCache$CacheClassFileImporter.importClasses(ClassCache.java:126) ~[archunit-junit5-engine-1.3.0.jar:1.3.0]
	at com.tngtech.archunit.junit.internal.ClassCache$LazyJavaClasses.initialize(ClassCache.java:118) ~[archunit-junit5-engine-1.3.0.jar:1.3.0]
	at com.tngtech.archunit.junit.internal.ClassCache$LazyJavaClasses.get(ClassCache.java:107) ~[archunit-junit5-engine-1.3.0.jar:1.3.0]
	at com.tngtech.archunit.junit.internal.ClassCache.getClassesToAnalyzeFor(ClassCache.java:84) ~[archunit-junit5-engine-1.3.0.jar:1.3.0]
	at com.tngtech.archunit.junit.internal.ArchUnitTestDescriptor.lambda$createChildren$1(ArchUnitTestDescriptor.java:90) ~[archunit-junit5-engine-1.3.0.jar:1.3.0]
	at com.tngtech.archunit.junit.internal.ArchUnitTestDescriptor$ArchUnitRuleDescriptor.execute(ArchUnitTestDescriptor.java:167) ~[archunit-junit5-engine-1.3.0.jar:1.3.0]
	at com.tngtech.archunit.junit.internal.ArchUnitTestDescriptor$ArchUnitRuleDescriptor.execute(ArchUnitTestDescriptor.java:150) ~[archunit-junit5-engine-1.3.0.jar:1.3.0]
	at org.junit.platform.engine.support.hierarchical.NodeTestTask.lambda$executeRecursively$6(NodeTestTask.java:151) ~[junit-platform-engine-1.10.1.jar:1.10.1]
	at org.junit.platform.engine.support.hierarchical.ThrowableCollector.execute(ThrowableCollector.java:73) ~[junit-platform-engine-1.10.1.jar:1.10.1]
	at org.junit.platform.engine.support.hierarchical.NodeTestTask.lambda$executeRecursively$8(NodeTestTask.java:141) ~[junit-platform-engine-1.10.1.jar:1.10.1]
	at org.junit.platform.engine.support.hierarchical.Node.around(Node.java:137) ~[junit-platform-engine-1.10.1.jar:1.10.1]
	at org.junit.platform.engine.support.hierarchical.NodeTestTask.lambda$executeRecursively$9(NodeTestTask.java:139) ~[junit-platform-engine-1.10.1.jar:1.10.1]
	at org.junit.platform.engine.support.hierarchical.ThrowableCollector.execute(ThrowableCollector.java:73) ~[junit-platform-engine-1.10.1.jar:1.10.1]
	at org.junit.platform.engine.support.hierarchical.NodeTestTask.executeRecursively(NodeTestTask.java:138) ~[junit-platform-engine-1.10.1.jar:1.10.1]
	at org.junit.platform.engine.support.hierarchical.NodeTestTask.execute(NodeTestTask.java:95) ~[junit-platform-engine-1.10.1.jar:1.10.1]
	at java.base/java.util.ArrayList.forEach(ArrayList.java:1604) ~[na:na]
	at org.junit.platform.engine.support.hierarchical.SameThreadHierarchicalTestExecutorService.invokeAll(SameThreadHierarchicalTestExecutorService.java:41) ~[junit-platform-engine-1.10.1.jar:1.10.1]
	at org.junit.platform.engine.support.hierarchical.NodeTestTask.lambda$executeRecursively$6(NodeTestTask.java:155) ~[junit-platform-engine-1.10.1.jar:1.10.1]
	at org.junit.platform.engine.support.hierarchical.ThrowableCollector.execute(ThrowableCollector.java:73) ~[junit-platform-engine-1.10.1.jar:1.10.1]
	at org.junit.platform.engine.support.hierarchical.NodeTestTask.lambda$executeRecursively$8(NodeTestTask.java:141) ~[junit-platform-engine-1.10.1.jar:1.10.1]
	at org.junit.platform.engine.support.hierarchical.Node.around(Node.java:137) ~[junit-platform-engine-1.10.1.jar:1.10.1]
	at org.junit.platform.engine.support.hierarchical.NodeTestTask.lambda$executeRecursively$9(NodeTestTask.java:139) ~[junit-platform-engine-1.10.1.jar:1.10.1]
	at org.junit.platform.engine.support.hierarchical.ThrowableCollector.execute(ThrowableCollector.java:73) ~[junit-platform-engine-1.10.1.jar:1.10.1]
	at org.junit.platform.engine.support.hierarchical.NodeTestTask.executeRecursively(NodeTestTask.java:138) ~[junit-platform-engine-1.10.1.jar:1.10.1]
	at org.junit.platform.engine.support.hierarchical.NodeTestTask.execute(NodeTestTask.java:95) ~[junit-platform-engine-1.10.1.jar:1.10.1]
	at java.base/java.util.ArrayList.forEach(ArrayList.java:1604) ~[na:na]
	at org.junit.platform.engine.support.hierarchical.SameThreadHierarchicalTestExecutorService.invokeAll(SameThreadHierarchicalTestExecutorService.java:41) ~[junit-platform-engine-1.10.1.jar:1.10.1]
	at org.junit.platform.engine.support.hierarchical.NodeTestTask.lambda$executeRecursively$6(NodeTestTask.java:155) ~[junit-platform-engine-1.10.1.jar:1.10.1]
	at org.junit.platform.engine.support.hierarchical.ThrowableCollector.execute(ThrowableCollector.java:73) ~[junit-platform-engine-1.10.1.jar:1.10.1]
	at org.junit.platform.engine.support.hierarchical.NodeTestTask.lambda$executeRecursively$8(NodeTestTask.java:141) ~[junit-platform-engine-1.10.1.jar:1.10.1]
	at org.junit.platform.engine.support.hierarchical.Node.around(Node.java:137) ~[junit-platform-engine-1.10.1.jar:1.10.1]
	at org.junit.platform.engine.support.hierarchical.NodeTestTask.lambda$executeRecursively$9(NodeTestTask.java:139) ~[junit-platform-engine-1.10.1.jar:1.10.1]
	at org.junit.platform.engine.support.hierarchical.ThrowableCollector.execute(ThrowableCollector.java:73) ~[junit-platform-engine-1.10.1.jar:1.10.1]
	at org.junit.platform.engine.support.hierarchical.NodeTestTask.executeRecursively(NodeTestTask.java:138) ~[junit-platform-engine-1.10.1.jar:1.10.1]
	at org.junit.platform.engine.support.hierarchical.NodeTestTask.execute(NodeTestTask.java:95) ~[junit-platform-engine-1.10.1.jar:1.10.1]
	at org.junit.platform.engine.support.hierarchical.SameThreadHierarchicalTestExecutorService.submit(SameThreadHierarchicalTestExecutorService.java:35) ~[junit-platform-engine-1.10.1.jar:1.10.1]
	at org.junit.platform.engine.support.hierarchical.HierarchicalTestExecutor.execute(HierarchicalTestExecutor.java:57) ~[junit-platform-engine-1.10.1.jar:1.10.1]
	at org.junit.platform.engine.support.hierarchical.HierarchicalTestEngine.execute(HierarchicalTestEngine.java:54) ~[junit-platform-engine-1.10.1.jar:1.10.1]
	at org.junit.platform.launcher.core.EngineExecutionOrchestrator.execute(EngineExecutionOrchestrator.java:198) ~[junit-platform-launcher-1.10.1.jar:1.10.1]
	at org.junit.platform.launcher.core.EngineExecutionOrchestrator.execute(EngineExecutionOrchestrator.java:169) ~[junit-platform-launcher-1.10.1.jar:1.10.1]
	at org.junit.platform.launcher.core.EngineExecutionOrchestrator.execute(EngineExecutionOrchestrator.java:93) ~[junit-platform-launcher-1.10.1.jar:1.10.1]
	at org.junit.platform.launcher.core.EngineExecutionOrchestrator.lambda$execute$0(EngineExecutionOrchestrator.java:58) ~[junit-platform-launcher-1.10.1.jar:1.10.1]
	at org.junit.platform.launcher.core.EngineExecutionOrchestrator.withInterceptedStreams(EngineExecutionOrchestrator.java:141) ~[junit-platform-launcher-1.10.1.jar:1.10.1]
	at org.junit.platform.launcher.core.EngineExecutionOrchestrator.execute(EngineExecutionOrchestrator.java:57) ~[junit-platform-launcher-1.10.1.jar:1.10.1]
	at org.junit.platform.launcher.core.DefaultLauncher.execute(DefaultLauncher.java:103) ~[junit-platform-launcher-1.10.1.jar:1.10.1]
	at org.junit.platform.launcher.core.DefaultLauncher.execute(DefaultLauncher.java:85) ~[junit-platform-launcher-1.10.1.jar:1.10.1]
	at org.junit.platform.launcher.core.DelegatingLauncher.execute(DelegatingLauncher.java:47) ~[junit-platform-launcher-1.10.1.jar:1.10.1]
	at org.apache.maven.surefire.junitplatform.LazyLauncher.execute(LazyLauncher.java:56) ~[surefire-junit-platform-3.1.2.jar:3.1.2]
	at org.apache.maven.surefire.junitplatform.JUnitPlatformProvider.execute(JUnitPlatformProvider.java:184) ~[surefire-junit-platform-3.1.2.jar:3.1.2]
	at org.apache.maven.surefire.junitplatform.JUnitPlatformProvider.invokeAllTests(JUnitPlatformProvider.java:148) ~[surefire-junit-platform-3.1.2.jar:3.1.2]
	at org.apache.maven.surefire.junitplatform.JUnitPlatformProvider.invoke(JUnitPlatformProvider.java:122) ~[surefire-junit-platform-3.1.2.jar:3.1.2]
	at org.apache.maven.surefire.booter.ForkedBooter.runSuitesInProcess(ForkedBooter.java:385) ~[surefire-booter-3.1.2.jar:3.1.2]
	at org.apache.maven.surefire.booter.ForkedBooter.execute(ForkedBooter.java:162) ~[surefire-booter-3.1.2.jar:3.1.2]
	at org.apache.maven.surefire.booter.ForkedBooter.run(ForkedBooter.java:507) ~[surefire-booter-3.1.2.jar:3.1.2]
	at org.apache.maven.surefire.booter.ForkedBooter.main(ForkedBooter.java:495) ~[surefire-booter-3.1.2.jar:3.1.2]

2025-10-13T13:36:42.622+02:00  WARN 80616 --- [hexagonal-app] [           main] c.t.a.core.importer.ClassFileProcessor   : Error during import from jrt:/java.base/java/lang/reflect/Member.class, falling back to simple import

java.lang.IllegalArgumentException: Unsupported class file major version 69
	at com.tngtech.archunit.thirdparty.org.objectweb.asm.ClassReader.<init>(ClassReader.java:200) ~[archunit-1.3.0.jar:1.3.0]
	at com.tngtech.archunit.thirdparty.org.objectweb.asm.ClassReader.<init>(ClassReader.java:180) ~[archunit-1.3.0.jar:1.3.0]
	at com.tngtech.archunit.thirdparty.org.objectweb.asm.ClassReader.<init>(ClassReader.java:166) ~[archunit-1.3.0.jar:1.3.0]
	at com.tngtech.archunit.thirdparty.org.objectweb.asm.ClassReader.<init>(ClassReader.java:288) ~[archunit-1.3.0.jar:1.3.0]
	at com.tngtech.archunit.core.importer.ClassFileProcessor$UriImporterOfProcessor.tryImport(ClassFileProcessor.java:350) ~[archunit-1.3.0.jar:1.3.0]
	at com.tngtech.archunit.core.importer.resolvers.ClassResolverFromClasspath.tryResolve(ClassResolverFromClasspath.java:51) ~[archunit-1.3.0.jar:1.3.0]
	at com.tngtech.archunit.core.importer.ImportedClasses.resolve(ImportedClasses.java:80) ~[archunit-1.3.0.jar:1.3.0]
	at com.tngtech.archunit.core.importer.ImportedClasses.getOrResolve(ImportedClasses.java:67) ~[archunit-1.3.0.jar:1.3.0]
	at com.tngtech.archunit.core.importer.DomainBuilders$JavaMemberBuilder.get(DomainBuilders.java:179) ~[archunit-1.3.0.jar:1.3.0]
	at com.tngtech.archunit.core.importer.DomainBuilders$JavaCodeUnitBuilder.getRawReturnType(DomainBuilders.java:289) ~[archunit-1.3.0.jar:1.3.0]
	at com.tngtech.archunit.core.domain.JavaCodeUnit$ReturnType.<init>(JavaCodeUnit.java:367) ~[archunit-1.3.0.jar:1.3.0]
	at com.tngtech.archunit.core.domain.JavaCodeUnit.<init>(JavaCodeUnit.java:81) ~[archunit-1.3.0.jar:1.3.0]
	at com.tngtech.archunit.core.domain.JavaMethod.<init>(JavaMethod.java:44) ~[archunit-1.3.0.jar:1.3.0]
	at com.tngtech.archunit.core.domain.DomainObjectCreationContext.createJavaMethod(DomainObjectCreationContext.java:144) ~[archunit-1.3.0.jar:1.3.0]
	at com.tngtech.archunit.core.importer.DomainBuilders$JavaMethodBuilder.construct(DomainBuilders.java:373) ~[archunit-1.3.0.jar:1.3.0]
	at com.tngtech.archunit.core.importer.DomainBuilders$JavaMethodBuilder.construct(DomainBuilders.java:358) ~[archunit-1.3.0.jar:1.3.0]
	at com.tngtech.archunit.core.importer.DomainBuilders$JavaMemberBuilder.build(DomainBuilders.java:206) ~[archunit-1.3.0.jar:1.3.0]
	at com.tngtech.archunit.core.importer.DomainBuilders$JavaMemberBuilder.build(DomainBuilders.java:138) ~[archunit-1.3.0.jar:1.3.0]
	at com.tngtech.archunit.core.importer.DomainBuilders$BuilderWithBuildParameter$BuildFinisher.lambda$build$0(DomainBuilders.java:892) ~[archunit-1.3.0.jar:1.3.0]
	at java.base/java.util.stream.ReferencePipeline$3$1.accept(ReferencePipeline.java:214) ~[na:na]
	at java.base/java.util.stream.ReferencePipeline$2$1.accept(ReferencePipeline.java:197) ~[na:na]
	at java.base/java.util.HashMap$KeySpliterator.forEachRemaining(HashMap.java:1716) ~[na:na]
	at java.base/java.util.stream.AbstractPipeline.copyInto(AbstractPipeline.java:570) ~[na:na]
	at java.base/java.util.stream.AbstractPipeline.wrapAndCopyInto(AbstractPipeline.java:560) ~[na:na]
	at java.base/java.util.stream.ReduceOps$ReduceOp.evaluateSequential(ReduceOps.java:921) ~[na:na]
	at java.base/java.util.stream.AbstractPipeline.evaluate(AbstractPipeline.java:265) ~[na:na]
	at java.base/java.util.stream.ReferencePipeline.collect(ReferencePipeline.java:723) ~[na:na]
	at com.tngtech.archunit.core.importer.DomainBuilders$BuilderWithBuildParameter$BuildFinisher.build(DomainBuilders.java:892) ~[archunit-1.3.0.jar:1.3.0]
	at com.tngtech.archunit.core.importer.ClassGraphCreator.createMethods(ClassGraphCreator.java:322) ~[archunit-1.3.0.jar:1.3.0]
	at com.tngtech.archunit.core.domain.JavaClassMembers.create(JavaClassMembers.java:352) ~[archunit-1.3.0.jar:1.3.0]
	at com.tngtech.archunit.core.domain.JavaClass.completeMembers(JavaClass.java:1477) ~[archunit-1.3.0.jar:1.3.0]
	at com.tngtech.archunit.core.domain.DomainObjectCreationContext.completeMembers(DomainObjectCreationContext.java:96) ~[archunit-1.3.0.jar:1.3.0]
	at com.tngtech.archunit.core.importer.ClassGraphCreator.completeClasses(ClassGraphCreator.java:120) ~[archunit-1.3.0.jar:1.3.0]
	at com.tngtech.archunit.core.importer.ClassGraphCreator.complete(ClassGraphCreator.java:108) ~[archunit-1.3.0.jar:1.3.0]
	at com.tngtech.archunit.core.importer.ClassFileProcessor.process(ClassFileProcessor.java:75) ~[archunit-1.3.0.jar:1.3.0]
	at com.tngtech.archunit.core.importer.ClassFileImporter.importLocations(ClassFileImporter.java:325) ~[archunit-1.3.0.jar:1.3.0]
	at com.tngtech.archunit.junit.internal.ClassCache$CacheClassFileImporter.importClasses(ClassCache.java:126) ~[archunit-junit5-engine-1.3.0.jar:1.3.0]
	at com.tngtech.archunit.junit.internal.ClassCache$LazyJavaClasses.initialize(ClassCache.java:118) ~[archunit-junit5-engine-1.3.0.jar:1.3.0]
	at com.tngtech.archunit.junit.internal.ClassCache$LazyJavaClasses.get(ClassCache.java:107) ~[archunit-junit5-engine-1.3.0.jar:1.3.0]
	at com.tngtech.archunit.junit.internal.ClassCache.getClassesToAnalyzeFor(ClassCache.java:84) ~[archunit-junit5-engine-1.3.0.jar:1.3.0]
	at com.tngtech.archunit.junit.internal.ArchUnitTestDescriptor.lambda$createChildren$1(ArchUnitTestDescriptor.java:90) ~[archunit-junit5-engine-1.3.0.jar:1.3.0]
	at com.tngtech.archunit.junit.internal.ArchUnitTestDescriptor$ArchUnitRuleDescriptor.execute(ArchUnitTestDescriptor.java:167) ~[archunit-junit5-engine-1.3.0.jar:1.3.0]
	at com.tngtech.archunit.junit.internal.ArchUnitTestDescriptor$ArchUnitRuleDescriptor.execute(ArchUnitTestDescriptor.java:150) ~[archunit-junit5-engine-1.3.0.jar:1.3.0]
	at org.junit.platform.engine.support.hierarchical.NodeTestTask.lambda$executeRecursively$6(NodeTestTask.java:151) ~[junit-platform-engine-1.10.1.jar:1.10.1]
	at org.junit.platform.engine.support.hierarchical.ThrowableCollector.execute(ThrowableCollector.java:73) ~[junit-platform-engine-1.10.1.jar:1.10.1]
	at org.junit.platform.engine.support.hierarchical.NodeTestTask.lambda$executeRecursively$8(NodeTestTask.java:141) ~[junit-platform-engine-1.10.1.jar:1.10.1]
	at org.junit.platform.engine.support.hierarchical.Node.around(Node.java:137) ~[junit-platform-engine-1.10.1.jar:1.10.1]
	at org.junit.platform.engine.support.hierarchical.NodeTestTask.lambda$executeRecursively$9(NodeTestTask.java:139) ~[junit-platform-engine-1.10.1.jar:1.10.1]
	at org.junit.platform.engine.support.hierarchical.ThrowableCollector.execute(ThrowableCollector.java:73) ~[junit-platform-engine-1.10.1.jar:1.10.1]
	at org.junit.platform.engine.support.hierarchical.NodeTestTask.executeRecursively(NodeTestTask.java:138) ~[junit-platform-engine-1.10.1.jar:1.10.1]
	at org.junit.platform.engine.support.hierarchical.NodeTestTask.execute(NodeTestTask.java:95) ~[junit-platform-engine-1.10.1.jar:1.10.1]
	at java.base/java.util.ArrayList.forEach(ArrayList.java:1604) ~[na:na]
	at org.junit.platform.engine.support.hierarchical.SameThreadHierarchicalTestExecutorService.invokeAll(SameThreadHierarchicalTestExecutorService.java:41) ~[junit-platform-engine-1.10.1.jar:1.10.1]
	at org.junit.platform.engine.support.hierarchical.NodeTestTask.lambda$executeRecursively$6(NodeTestTask.java:155) ~[junit-platform-engine-1.10.1.jar:1.10.1]
	at org.junit.platform.engine.support.hierarchical.ThrowableCollector.execute(ThrowableCollector.java:73) ~[junit-platform-engine-1.10.1.jar:1.10.1]
	at org.junit.platform.engine.support.hierarchical.NodeTestTask.lambda$executeRecursively$8(NodeTestTask.java:141) ~[junit-platform-engine-1.10.1.jar:1.10.1]
	at org.junit.platform.engine.support.hierarchical.Node.around(Node.java:137) ~[junit-platform-engine-1.10.1.jar:1.10.1]
	at org.junit.platform.engine.support.hierarchical.NodeTestTask.lambda$executeRecursively$9(NodeTestTask.java:139) ~[junit-platform-engine-1.10.1.jar:1.10.1]
	at org.junit.platform.engine.support.hierarchical.ThrowableCollector.execute(ThrowableCollector.java:73) ~[junit-platform-engine-1.10.1.jar:1.10.1]
	at org.junit.platform.engine.support.hierarchical.NodeTestTask.executeRecursively(NodeTestTask.java:138) ~[junit-platform-engine-1.10.1.jar:1.10.1]
	at org.junit.platform.engine.support.hierarchical.NodeTestTask.execute(NodeTestTask.java:95) ~[junit-platform-engine-1.10.1.jar:1.10.1]
	at java.base/java.util.ArrayList.forEach(ArrayList.java:1604) ~[na:na]
	at org.junit.platform.engine.support.hierarchical.SameThreadHierarchicalTestExecutorService.invokeAll(SameThreadHierarchicalTestExecutorService.java:41) ~[junit-platform-engine-1.10.1.jar:1.10.1]
	at org.junit.platform.engine.support.hierarchical.NodeTestTask.lambda$executeRecursively$6(NodeTestTask.java:155) ~[junit-platform-engine-1.10.1.jar:1.10.1]
	at org.junit.platform.engine.support.hierarchical.ThrowableCollector.execute(ThrowableCollector.java:73) ~[junit-platform-engine-1.10.1.jar:1.10.1]
	at org.junit.platform.engine.support.hierarchical.NodeTestTask.lambda$executeRecursively$8(NodeTestTask.java:141) ~[junit-platform-engine-1.10.1.jar:1.10.1]
	at org.junit.platform.engine.support.hierarchical.Node.around(Node.java:137) ~[junit-platform-engine-1.10.1.jar:1.10.1]
	at org.junit.platform.engine.support.hierarchical.NodeTestTask.lambda$executeRecursively$9(NodeTestTask.java:139) ~[junit-platform-engine-1.10.1.jar:1.10.1]
	at org.junit.platform.engine.support.hierarchical.ThrowableCollector.execute(ThrowableCollector.java:73) ~[junit-platform-engine-1.10.1.jar:1.10.1]
	at org.junit.platform.engine.support.hierarchical.NodeTestTask.executeRecursively(NodeTestTask.java:138) ~[junit-platform-engine-1.10.1.jar:1.10.1]
	at org.junit.platform.engine.support.hierarchical.NodeTestTask.execute(NodeTestTask.java:95) ~[junit-platform-engine-1.10.1.jar:1.10.1]
	at org.junit.platform.engine.support.hierarchical.SameThreadHierarchicalTestExecutorService.submit(SameThreadHierarchicalTestExecutorService.java:35) ~[junit-platform-engine-1.10.1.jar:1.10.1]
	at org.junit.platform.engine.support.hierarchical.HierarchicalTestExecutor.execute(HierarchicalTestExecutor.java:57) ~[junit-platform-engine-1.10.1.jar:1.10.1]
	at org.junit.platform.engine.support.hierarchical.HierarchicalTestEngine.execute(HierarchicalTestEngine.java:54) ~[junit-platform-engine-1.10.1.jar:1.10.1]
	at org.junit.platform.launcher.core.EngineExecutionOrchestrator.execute(EngineExecutionOrchestrator.java:198) ~[junit-platform-launcher-1.10.1.jar:1.10.1]
	at org.junit.platform.launcher.core.EngineExecutionOrchestrator.execute(EngineExecutionOrchestrator.java:169) ~[junit-platform-launcher-1.10.1.jar:1.10.1]
	at org.junit.platform.launcher.core.EngineExecutionOrchestrator.execute(EngineExecutionOrchestrator.java:93) ~[junit-platform-launcher-1.10.1.jar:1.10.1]
	at org.junit.platform.launcher.core.EngineExecutionOrchestrator.lambda$execute$0(EngineExecutionOrchestrator.java:58) ~[junit-platform-launcher-1.10.1.jar:1.10.1]
	at org.junit.platform.launcher.core.EngineExecutionOrchestrator.withInterceptedStreams(EngineExecutionOrchestrator.java:141) ~[junit-platform-launcher-1.10.1.jar:1.10.1]
	at org.junit.platform.launcher.core.EngineExecutionOrchestrator.execute(EngineExecutionOrchestrator.java:57) ~[junit-platform-launcher-1.10.1.jar:1.10.1]
	at org.junit.platform.launcher.core.DefaultLauncher.execute(DefaultLauncher.java:103) ~[junit-platform-launcher-1.10.1.jar:1.10.1]
	at org.junit.platform.launcher.core.DefaultLauncher.execute(DefaultLauncher.java:85) ~[junit-platform-launcher-1.10.1.jar:1.10.1]
	at org.junit.platform.launcher.core.DelegatingLauncher.execute(DelegatingLauncher.java:47) ~[junit-platform-launcher-1.10.1.jar:1.10.1]
	at org.apache.maven.surefire.junitplatform.LazyLauncher.execute(LazyLauncher.java:56) ~[surefire-junit-platform-3.1.2.jar:3.1.2]
	at org.apache.maven.surefire.junitplatform.JUnitPlatformProvider.execute(JUnitPlatformProvider.java:184) ~[surefire-junit-platform-3.1.2.jar:3.1.2]
	at org.apache.maven.surefire.junitplatform.JUnitPlatformProvider.invokeAllTests(JUnitPlatformProvider.java:148) ~[surefire-junit-platform-3.1.2.jar:3.1.2]
	at org.apache.maven.surefire.junitplatform.JUnitPlatformProvider.invoke(JUnitPlatformProvider.java:122) ~[surefire-junit-platform-3.1.2.jar:3.1.2]
	at org.apache.maven.surefire.booter.ForkedBooter.runSuitesInProcess(ForkedBooter.java:385) ~[surefire-booter-3.1.2.jar:3.1.2]
	at org.apache.maven.surefire.booter.ForkedBooter.execute(ForkedBooter.java:162) ~[surefire-booter-3.1.2.jar:3.1.2]
	at org.apache.maven.surefire.booter.ForkedBooter.run(ForkedBooter.java:507) ~[surefire-booter-3.1.2.jar:3.1.2]
	at org.apache.maven.surefire.booter.ForkedBooter.main(ForkedBooter.java:495) ~[surefire-booter-3.1.2.jar:3.1.2]

2025-10-13T13:36:42.624+02:00  WARN 80616 --- [hexagonal-app] [           main] c.t.a.core.importer.ClassFileProcessor   : Error during import from jrt:/java.base/java/util/function/Function.class, falling back to simple import

java.lang.IllegalArgumentException: Unsupported class file major version 69
	at com.tngtech.archunit.thirdparty.org.objectweb.asm.ClassReader.<init>(ClassReader.java:200) ~[archunit-1.3.0.jar:1.3.0]
	at com.tngtech.archunit.thirdparty.org.objectweb.asm.ClassReader.<init>(ClassReader.java:180) ~[archunit-1.3.0.jar:1.3.0]
	at com.tngtech.archunit.thirdparty.org.objectweb.asm.ClassReader.<init>(ClassReader.java:166) ~[archunit-1.3.0.jar:1.3.0]
	at com.tngtech.archunit.thirdparty.org.objectweb.asm.ClassReader.<init>(ClassReader.java:288) ~[archunit-1.3.0.jar:1.3.0]
	at com.tngtech.archunit.core.importer.ClassFileProcessor$UriImporterOfProcessor.tryImport(ClassFileProcessor.java:350) ~[archunit-1.3.0.jar:1.3.0]
	at com.tngtech.archunit.core.importer.resolvers.ClassResolverFromClasspath.tryResolve(ClassResolverFromClasspath.java:51) ~[archunit-1.3.0.jar:1.3.0]
	at com.tngtech.archunit.core.importer.ImportedClasses.resolve(ImportedClasses.java:80) ~[archunit-1.3.0.jar:1.3.0]
	at com.tngtech.archunit.core.importer.ImportedClasses.getOrResolve(ImportedClasses.java:67) ~[archunit-1.3.0.jar:1.3.0]
	at com.tngtech.archunit.core.importer.DomainBuilders$JavaMemberBuilder.get(DomainBuilders.java:179) ~[archunit-1.3.0.jar:1.3.0]
	at com.tngtech.archunit.core.importer.DomainBuilders$JavaCodeUnitBuilder.asJavaClasses(DomainBuilders.java:329) ~[archunit-1.3.0.jar:1.3.0]
	at com.tngtech.archunit.core.importer.DomainBuilders$JavaCodeUnitBuilder.getRawParameterTypes(DomainBuilders.java:303) ~[archunit-1.3.0.jar:1.3.0]
	at com.tngtech.archunit.core.domain.JavaCodeUnit$Parameters.<init>(JavaCodeUnit.java:317) ~[archunit-1.3.0.jar:1.3.0]
	at com.tngtech.archunit.core.domain.JavaCodeUnit.<init>(JavaCodeUnit.java:82) ~[archunit-1.3.0.jar:1.3.0]
	at com.tngtech.archunit.core.domain.JavaConstructor.<init>(JavaConstructor.java:45) ~[archunit-1.3.0.jar:1.3.0]
	at com.tngtech.archunit.core.domain.DomainObjectCreationContext.createJavaConstructor(DomainObjectCreationContext.java:124) ~[archunit-1.3.0.jar:1.3.0]
	at com.tngtech.archunit.core.importer.DomainBuilders$JavaConstructorBuilder.construct(DomainBuilders.java:384) ~[archunit-1.3.0.jar:1.3.0]
	at com.tngtech.archunit.core.importer.DomainBuilders$JavaConstructorBuilder.construct(DomainBuilders.java:377) ~[archunit-1.3.0.jar:1.3.0]
	at com.tngtech.archunit.core.importer.DomainBuilders$JavaMemberBuilder.build(DomainBuilders.java:206) ~[archunit-1.3.0.jar:1.3.0]
	at com.tngtech.archunit.core.importer.DomainBuilders$JavaMemberBuilder.build(DomainBuilders.java:138) ~[archunit-1.3.0.jar:1.3.0]
	at com.tngtech.archunit.core.importer.DomainBuilders$BuilderWithBuildParameter$BuildFinisher.lambda$build$0(DomainBuilders.java:892) ~[archunit-1.3.0.jar:1.3.0]
	at java.base/java.util.stream.ReferencePipeline$3$1.accept(ReferencePipeline.java:214) ~[na:na]
	at java.base/java.util.HashMap$KeySpliterator.forEachRemaining(HashMap.java:1716) ~[na:na]
	at java.base/java.util.stream.AbstractPipeline.copyInto(AbstractPipeline.java:570) ~[na:na]
	at java.base/java.util.stream.AbstractPipeline.wrapAndCopyInto(AbstractPipeline.java:560) ~[na:na]
	at java.base/java.util.stream.ReduceOps$ReduceOp.evaluateSequential(ReduceOps.java:921) ~[na:na]
	at java.base/java.util.stream.AbstractPipeline.evaluate(AbstractPipeline.java:265) ~[na:na]
	at java.base/java.util.stream.ReferencePipeline.collect(ReferencePipeline.java:723) ~[na:na]
	at com.tngtech.archunit.core.importer.DomainBuilders$BuilderWithBuildParameter$BuildFinisher.build(DomainBuilders.java:892) ~[archunit-1.3.0.jar:1.3.0]
	at com.tngtech.archunit.core.importer.DomainBuilders$BuilderWithBuildParameter$BuildFinisher.build(DomainBuilders.java:882) ~[archunit-1.3.0.jar:1.3.0]
	at com.tngtech.archunit.core.importer.ClassGraphCreator.createConstructors(ClassGraphCreator.java:334) ~[archunit-1.3.0.jar:1.3.0]
	at com.tngtech.archunit.core.domain.JavaClassMembers.create(JavaClassMembers.java:353) ~[archunit-1.3.0.jar:1.3.0]
	at com.tngtech.archunit.core.domain.JavaClass.completeMembers(JavaClass.java:1477) ~[archunit-1.3.0.jar:1.3.0]
	at com.tngtech.archunit.core.domain.DomainObjectCreationContext.completeMembers(DomainObjectCreationContext.java:96) ~[archunit-1.3.0.jar:1.3.0]
	at com.tngtech.archunit.core.importer.ClassGraphCreator.completeClasses(ClassGraphCreator.java:120) ~[archunit-1.3.0.jar:1.3.0]
	at com.tngtech.archunit.core.importer.ClassGraphCreator.complete(ClassGraphCreator.java:108) ~[archunit-1.3.0.jar:1.3.0]
	at com.tngtech.archunit.core.importer.ClassFileProcessor.process(ClassFileProcessor.java:75) ~[archunit-1.3.0.jar:1.3.0]
	at com.tngtech.archunit.core.importer.ClassFileImporter.importLocations(ClassFileImporter.java:325) ~[archunit-1.3.0.jar:1.3.0]
	at com.tngtech.archunit.junit.internal.ClassCache$CacheClassFileImporter.importClasses(ClassCache.java:126) ~[archunit-junit5-engine-1.3.0.jar:1.3.0]
	at com.tngtech.archunit.junit.internal.ClassCache$LazyJavaClasses.initialize(ClassCache.java:118) ~[archunit-junit5-engine-1.3.0.jar:1.3.0]
	at com.tngtech.archunit.junit.internal.ClassCache$LazyJavaClasses.get(ClassCache.java:107) ~[archunit-junit5-engine-1.3.0.jar:1.3.0]
	at com.tngtech.archunit.junit.internal.ClassCache.getClassesToAnalyzeFor(ClassCache.java:84) ~[archunit-junit5-engine-1.3.0.jar:1.3.0]
	at com.tngtech.archunit.junit.internal.ArchUnitTestDescriptor.lambda$createChildren$1(ArchUnitTestDescriptor.java:90) ~[archunit-junit5-engine-1.3.0.jar:1.3.0]
	at com.tngtech.archunit.junit.internal.ArchUnitTestDescriptor$ArchUnitRuleDescriptor.execute(ArchUnitTestDescriptor.java:167) ~[archunit-junit5-engine-1.3.0.jar:1.3.0]
	at com.tngtech.archunit.junit.internal.ArchUnitTestDescriptor$ArchUnitRuleDescriptor.execute(ArchUnitTestDescriptor.java:150) ~[archunit-junit5-engine-1.3.0.jar:1.3.0]
	at org.junit.platform.engine.support.hierarchical.NodeTestTask.lambda$executeRecursively$6(NodeTestTask.java:151) ~[junit-platform-engine-1.10.1.jar:1.10.1]
	at org.junit.platform.engine.support.hierarchical.ThrowableCollector.execute(ThrowableCollector.java:73) ~[junit-platform-engine-1.10.1.jar:1.10.1]
	at org.junit.platform.engine.support.hierarchical.NodeTestTask.lambda$executeRecursively$8(NodeTestTask.java:141) ~[junit-platform-engine-1.10.1.jar:1.10.1]
	at org.junit.platform.engine.support.hierarchical.Node.around(Node.java:137) ~[junit-platform-engine-1.10.1.jar:1.10.1]
	at org.junit.platform.engine.support.hierarchical.NodeTestTask.lambda$executeRecursively$9(NodeTestTask.java:139) ~[junit-platform-engine-1.10.1.jar:1.10.1]
	at org.junit.platform.engine.support.hierarchical.ThrowableCollector.execute(ThrowableCollector.java:73) ~[junit-platform-engine-1.10.1.jar:1.10.1]
	at org.junit.platform.engine.support.hierarchical.NodeTestTask.executeRecursively(NodeTestTask.java:138) ~[junit-platform-engine-1.10.1.jar:1.10.1]
	at org.junit.platform.engine.support.hierarchical.NodeTestTask.execute(NodeTestTask.java:95) ~[junit-platform-engine-1.10.1.jar:1.10.1]
	at java.base/java.util.ArrayList.forEach(ArrayList.java:1604) ~[na:na]
	at org.junit.platform.engine.support.hierarchical.SameThreadHierarchicalTestExecutorService.invokeAll(SameThreadHierarchicalTestExecutorService.java:41) ~[junit-platform-engine-1.10.1.jar:1.10.1]
	at org.junit.platform.engine.support.hierarchical.NodeTestTask.lambda$executeRecursively$6(NodeTestTask.java:155) ~[junit-platform-engine-1.10.1.jar:1.10.1]
	at org.junit.platform.engine.support.hierarchical.ThrowableCollector.execute(ThrowableCollector.java:73) ~[junit-platform-engine-1.10.1.jar:1.10.1]
	at org.junit.platform.engine.support.hierarchical.NodeTestTask.lambda$executeRecursively$8(NodeTestTask.java:141) ~[junit-platform-engine-1.10.1.jar:1.10.1]
	at org.junit.platform.engine.support.hierarchical.Node.around(Node.java:137) ~[junit-platform-engine-1.10.1.jar:1.10.1]
	at org.junit.platform.engine.support.hierarchical.NodeTestTask.lambda$executeRecursively$9(NodeTestTask.java:139) ~[junit-platform-engine-1.10.1.jar:1.10.1]
	at org.junit.platform.engine.support.hierarchical.ThrowableCollector.execute(ThrowableCollector.java:73) ~[junit-platform-engine-1.10.1.jar:1.10.1]
	at org.junit.platform.engine.support.hierarchical.NodeTestTask.executeRecursively(NodeTestTask.java:138) ~[junit-platform-engine-1.10.1.jar:1.10.1]
	at org.junit.platform.engine.support.hierarchical.NodeTestTask.execute(NodeTestTask.java:95) ~[junit-platform-engine-1.10.1.jar:1.10.1]
	at java.base/java.util.ArrayList.forEach(ArrayList.java:1604) ~[na:na]
	at org.junit.platform.engine.support.hierarchical.SameThreadHierarchicalTestExecutorService.invokeAll(SameThreadHierarchicalTestExecutorService.java:41) ~[junit-platform-engine-1.10.1.jar:1.10.1]
	at org.junit.platform.engine.support.hierarchical.NodeTestTask.lambda$executeRecursively$6(NodeTestTask.java:155) ~[junit-platform-engine-1.10.1.jar:1.10.1]
	at org.junit.platform.engine.support.hierarchical.ThrowableCollector.execute(ThrowableCollector.java:73) ~[junit-platform-engine-1.10.1.jar:1.10.1]
	at org.junit.platform.engine.support.hierarchical.NodeTestTask.lambda$executeRecursively$8(NodeTestTask.java:141) ~[junit-platform-engine-1.10.1.jar:1.10.1]
	at org.junit.platform.engine.support.hierarchical.Node.around(Node.java:137) ~[junit-platform-engine-1.10.1.jar:1.10.1]
	at org.junit.platform.engine.support.hierarchical.NodeTestTask.lambda$executeRecursively$9(NodeTestTask.java:139) ~[junit-platform-engine-1.10.1.jar:1.10.1]
	at org.junit.platform.engine.support.hierarchical.ThrowableCollector.execute(ThrowableCollector.java:73) ~[junit-platform-engine-1.10.1.jar:1.10.1]
	at org.junit.platform.engine.support.hierarchical.NodeTestTask.executeRecursively(NodeTestTask.java:138) ~[junit-platform-engine-1.10.1.jar:1.10.1]
	at org.junit.platform.engine.support.hierarchical.NodeTestTask.execute(NodeTestTask.java:95) ~[junit-platform-engine-1.10.1.jar:1.10.1]
	at org.junit.platform.engine.support.hierarchical.SameThreadHierarchicalTestExecutorService.submit(SameThreadHierarchicalTestExecutorService.java:35) ~[junit-platform-engine-1.10.1.jar:1.10.1]
	at org.junit.platform.engine.support.hierarchical.HierarchicalTestExecutor.execute(HierarchicalTestExecutor.java:57) ~[junit-platform-engine-1.10.1.jar:1.10.1]
	at org.junit.platform.engine.support.hierarchical.HierarchicalTestEngine.execute(HierarchicalTestEngine.java:54) ~[junit-platform-engine-1.10.1.jar:1.10.1]
	at org.junit.platform.launcher.core.EngineExecutionOrchestrator.execute(EngineExecutionOrchestrator.java:198) ~[junit-platform-launcher-1.10.1.jar:1.10.1]
	at org.junit.platform.launcher.core.EngineExecutionOrchestrator.execute(EngineExecutionOrchestrator.java:169) ~[junit-platform-launcher-1.10.1.jar:1.10.1]
	at org.junit.platform.launcher.core.EngineExecutionOrchestrator.execute(EngineExecutionOrchestrator.java:93) ~[junit-platform-launcher-1.10.1.jar:1.10.1]
	at org.junit.platform.launcher.core.EngineExecutionOrchestrator.lambda$execute$0(EngineExecutionOrchestrator.java:58) ~[junit-platform-launcher-1.10.1.jar:1.10.1]
	at org.junit.platform.launcher.core.EngineExecutionOrchestrator.withInterceptedStreams(EngineExecutionOrchestrator.java:141) ~[junit-platform-launcher-1.10.1.jar:1.10.1]
	at org.junit.platform.launcher.core.EngineExecutionOrchestrator.execute(EngineExecutionOrchestrator.java:57) ~[junit-platform-launcher-1.10.1.jar:1.10.1]
	at org.junit.platform.launcher.core.DefaultLauncher.execute(DefaultLauncher.java:103) ~[junit-platform-launcher-1.10.1.jar:1.10.1]
	at org.junit.platform.launcher.core.DefaultLauncher.execute(DefaultLauncher.java:85) ~[junit-platform-launcher-1.10.1.jar:1.10.1]
	at org.junit.platform.launcher.core.DelegatingLauncher.execute(DelegatingLauncher.java:47) ~[junit-platform-launcher-1.10.1.jar:1.10.1]
	at org.apache.maven.surefire.junitplatform.LazyLauncher.execute(LazyLauncher.java:56) ~[surefire-junit-platform-3.1.2.jar:3.1.2]
	at org.apache.maven.surefire.junitplatform.JUnitPlatformProvider.execute(JUnitPlatformProvider.java:184) ~[surefire-junit-platform-3.1.2.jar:3.1.2]
	at org.apache.maven.surefire.junitplatform.JUnitPlatformProvider.invokeAllTests(JUnitPlatformProvider.java:148) ~[surefire-junit-platform-3.1.2.jar:3.1.2]
	at org.apache.maven.surefire.junitplatform.JUnitPlatformProvider.invoke(JUnitPlatformProvider.java:122) ~[surefire-junit-platform-3.1.2.jar:3.1.2]
	at org.apache.maven.surefire.booter.ForkedBooter.runSuitesInProcess(ForkedBooter.java:385) ~[surefire-booter-3.1.2.jar:3.1.2]
	at org.apache.maven.surefire.booter.ForkedBooter.execute(ForkedBooter.java:162) ~[surefire-booter-3.1.2.jar:3.1.2]
	at org.apache.maven.surefire.booter.ForkedBooter.run(ForkedBooter.java:507) ~[surefire-booter-3.1.2.jar:3.1.2]
	at org.apache.maven.surefire.booter.ForkedBooter.main(ForkedBooter.java:495) ~[surefire-booter-3.1.2.jar:3.1.2]

2025-10-13T13:36:42.626+02:00  WARN 80616 --- [hexagonal-app] [           main] c.t.a.core.importer.ClassFileProcessor   : Error during import from jrt:/java.base/java/net/URI.class, falling back to simple import

java.lang.IllegalArgumentException: Unsupported class file major version 69
	at com.tngtech.archunit.thirdparty.org.objectweb.asm.ClassReader.<init>(ClassReader.java:200) ~[archunit-1.3.0.jar:1.3.0]
	at com.tngtech.archunit.thirdparty.org.objectweb.asm.ClassReader.<init>(ClassReader.java:180) ~[archunit-1.3.0.jar:1.3.0]
	at com.tngtech.archunit.thirdparty.org.objectweb.asm.ClassReader.<init>(ClassReader.java:166) ~[archunit-1.3.0.jar:1.3.0]
	at com.tngtech.archunit.thirdparty.org.objectweb.asm.ClassReader.<init>(ClassReader.java:288) ~[archunit-1.3.0.jar:1.3.0]
	at com.tngtech.archunit.core.importer.ClassFileProcessor$UriImporterOfProcessor.tryImport(ClassFileProcessor.java:350) ~[archunit-1.3.0.jar:1.3.0]
	at com.tngtech.archunit.core.importer.resolvers.ClassResolverFromClasspath.tryResolve(ClassResolverFromClasspath.java:51) ~[archunit-1.3.0.jar:1.3.0]
	at com.tngtech.archunit.core.importer.ImportedClasses.resolve(ImportedClasses.java:80) ~[archunit-1.3.0.jar:1.3.0]
	at com.tngtech.archunit.core.importer.ImportedClasses.getOrResolve(ImportedClasses.java:67) ~[archunit-1.3.0.jar:1.3.0]
	at com.tngtech.archunit.core.importer.DomainBuilders$JavaFieldBuilder.getType(DomainBuilders.java:227) ~[archunit-1.3.0.jar:1.3.0]
	at com.tngtech.archunit.core.domain.JavaField.<init>(JavaField.java:40) ~[archunit-1.3.0.jar:1.3.0]
	at com.tngtech.archunit.core.domain.DomainObjectCreationContext.createJavaField(DomainObjectCreationContext.java:108) ~[archunit-1.3.0.jar:1.3.0]
	at com.tngtech.archunit.core.importer.DomainBuilders$JavaFieldBuilder.construct(DomainBuilders.java:236) ~[archunit-1.3.0.jar:1.3.0]
	at com.tngtech.archunit.core.importer.DomainBuilders$JavaFieldBuilder.construct(DomainBuilders.java:210) ~[archunit-1.3.0.jar:1.3.0]
	at com.tngtech.archunit.core.importer.DomainBuilders$JavaMemberBuilder.build(DomainBuilders.java:206) ~[archunit-1.3.0.jar:1.3.0]
	at com.tngtech.archunit.core.importer.DomainBuilders$JavaMemberBuilder.build(DomainBuilders.java:138) ~[archunit-1.3.0.jar:1.3.0]
	at com.tngtech.archunit.core.importer.DomainBuilders$BuilderWithBuildParameter$BuildFinisher.lambda$build$0(DomainBuilders.java:892) ~[archunit-1.3.0.jar:1.3.0]
	at java.base/java.util.stream.ReferencePipeline$3$1.accept(ReferencePipeline.java:214) ~[na:na]
	at java.base/java.util.HashMap$KeySpliterator.forEachRemaining(HashMap.java:1716) ~[na:na]
	at java.base/java.util.stream.AbstractPipeline.copyInto(AbstractPipeline.java:570) ~[na:na]
	at java.base/java.util.stream.AbstractPipeline.wrapAndCopyInto(AbstractPipeline.java:560) ~[na:na]
	at java.base/java.util.stream.ReduceOps$ReduceOp.evaluateSequential(ReduceOps.java:921) ~[na:na]
	at java.base/java.util.stream.AbstractPipeline.evaluate(AbstractPipeline.java:265) ~[na:na]
	at java.base/java.util.stream.ReferencePipeline.collect(ReferencePipeline.java:723) ~[na:na]
	at com.tngtech.archunit.core.importer.DomainBuilders$BuilderWithBuildParameter$BuildFinisher.build(DomainBuilders.java:892) ~[archunit-1.3.0.jar:1.3.0]
	at com.tngtech.archunit.core.importer.DomainBuilders$BuilderWithBuildParameter$BuildFinisher.build(DomainBuilders.java:882) ~[archunit-1.3.0.jar:1.3.0]
	at com.tngtech.archunit.core.importer.ClassGraphCreator.createFields(ClassGraphCreator.java:309) ~[archunit-1.3.0.jar:1.3.0]
	at com.tngtech.archunit.core.domain.JavaClassMembers.create(JavaClassMembers.java:351) ~[archunit-1.3.0.jar:1.3.0]
	at com.tngtech.archunit.core.domain.JavaClass.completeMembers(JavaClass.java:1477) ~[archunit-1.3.0.jar:1.3.0]
	at com.tngtech.archunit.core.domain.DomainObjectCreationContext.completeMembers(DomainObjectCreationContext.java:96) ~[archunit-1.3.0.jar:1.3.0]
	at com.tngtech.archunit.core.importer.ClassGraphCreator.completeClasses(ClassGraphCreator.java:120) ~[archunit-1.3.0.jar:1.3.0]
	at com.tngtech.archunit.core.importer.ClassGraphCreator.complete(ClassGraphCreator.java:108) ~[archunit-1.3.0.jar:1.3.0]
	at com.tngtech.archunit.core.importer.ClassFileProcessor.process(ClassFileProcessor.java:75) ~[archunit-1.3.0.jar:1.3.0]
	at com.tngtech.archunit.core.importer.ClassFileImporter.importLocations(ClassFileImporter.java:325) ~[archunit-1.3.0.jar:1.3.0]
	at com.tngtech.archunit.junit.internal.ClassCache$CacheClassFileImporter.importClasses(ClassCache.java:126) ~[archunit-junit5-engine-1.3.0.jar:1.3.0]
	at com.tngtech.archunit.junit.internal.ClassCache$LazyJavaClasses.initialize(ClassCache.java:118) ~[archunit-junit5-engine-1.3.0.jar:1.3.0]
	at com.tngtech.archunit.junit.internal.ClassCache$LazyJavaClasses.get(ClassCache.java:107) ~[archunit-junit5-engine-1.3.0.jar:1.3.0]
	at com.tngtech.archunit.junit.internal.ClassCache.getClassesToAnalyzeFor(ClassCache.java:84) ~[archunit-junit5-engine-1.3.0.jar:1.3.0]
	at com.tngtech.archunit.junit.internal.ArchUnitTestDescriptor.lambda$createChildren$1(ArchUnitTestDescriptor.java:90) ~[archunit-junit5-engine-1.3.0.jar:1.3.0]
	at com.tngtech.archunit.junit.internal.ArchUnitTestDescriptor$ArchUnitRuleDescriptor.execute(ArchUnitTestDescriptor.java:167) ~[archunit-junit5-engine-1.3.0.jar:1.3.0]
	at com.tngtech.archunit.junit.internal.ArchUnitTestDescriptor$ArchUnitRuleDescriptor.execute(ArchUnitTestDescriptor.java:150) ~[archunit-junit5-engine-1.3.0.jar:1.3.0]
	at org.junit.platform.engine.support.hierarchical.NodeTestTask.lambda$executeRecursively$6(NodeTestTask.java:151) ~[junit-platform-engine-1.10.1.jar:1.10.1]
	at org.junit.platform.engine.support.hierarchical.ThrowableCollector.execute(ThrowableCollector.java:73) ~[junit-platform-engine-1.10.1.jar:1.10.1]
	at org.junit.platform.engine.support.hierarchical.NodeTestTask.lambda$executeRecursively$8(NodeTestTask.java:141) ~[junit-platform-engine-1.10.1.jar:1.10.1]
	at org.junit.platform.engine.support.hierarchical.Node.around(Node.java:137) ~[junit-platform-engine-1.10.1.jar:1.10.1]
	at org.junit.platform.engine.support.hierarchical.NodeTestTask.lambda$executeRecursively$9(NodeTestTask.java:139) ~[junit-platform-engine-1.10.1.jar:1.10.1]
	at org.junit.platform.engine.support.hierarchical.ThrowableCollector.execute(ThrowableCollector.java:73) ~[junit-platform-engine-1.10.1.jar:1.10.1]
	at org.junit.platform.engine.support.hierarchical.NodeTestTask.executeRecursively(NodeTestTask.java:138) ~[junit-platform-engine-1.10.1.jar:1.10.1]
	at org.junit.platform.engine.support.hierarchical.NodeTestTask.execute(NodeTestTask.java:95) ~[junit-platform-engine-1.10.1.jar:1.10.1]
	at java.base/java.util.ArrayList.forEach(ArrayList.java:1604) ~[na:na]
	at org.junit.platform.engine.support.hierarchical.SameThreadHierarchicalTestExecutorService.invokeAll(SameThreadHierarchicalTestExecutorService.java:41) ~[junit-platform-engine-1.10.1.jar:1.10.1]
	at org.junit.platform.engine.support.hierarchical.NodeTestTask.lambda$executeRecursively$6(NodeTestTask.java:155) ~[junit-platform-engine-1.10.1.jar:1.10.1]
	at org.junit.platform.engine.support.hierarchical.ThrowableCollector.execute(ThrowableCollector.java:73) ~[junit-platform-engine-1.10.1.jar:1.10.1]
	at org.junit.platform.engine.support.hierarchical.NodeTestTask.lambda$executeRecursively$8(NodeTestTask.java:141) ~[junit-platform-engine-1.10.1.jar:1.10.1]
	at org.junit.platform.engine.support.hierarchical.Node.around(Node.java:137) ~[junit-platform-engine-1.10.1.jar:1.10.1]
	at org.junit.platform.engine.support.hierarchical.NodeTestTask.lambda$executeRecursively$9(NodeTestTask.java:139) ~[junit-platform-engine-1.10.1.jar:1.10.1]
	at org.junit.platform.engine.support.hierarchical.ThrowableCollector.execute(ThrowableCollector.java:73) ~[junit-platform-engine-1.10.1.jar:1.10.1]
	at org.junit.platform.engine.support.hierarchical.NodeTestTask.executeRecursively(NodeTestTask.java:138) ~[junit-platform-engine-1.10.1.jar:1.10.1]
	at org.junit.platform.engine.support.hierarchical.NodeTestTask.execute(NodeTestTask.java:95) ~[junit-platform-engine-1.10.1.jar:1.10.1]
	at java.base/java.util.ArrayList.forEach(ArrayList.java:1604) ~[na:na]
	at org.junit.platform.engine.support.hierarchical.SameThreadHierarchicalTestExecutorService.invokeAll(SameThreadHierarchicalTestExecutorService.java:41) ~[junit-platform-engine-1.10.1.jar:1.10.1]
	at org.junit.platform.engine.support.hierarchical.NodeTestTask.lambda$executeRecursively$6(NodeTestTask.java:155) ~[junit-platform-engine-1.10.1.jar:1.10.1]
	at org.junit.platform.engine.support.hierarchical.ThrowableCollector.execute(ThrowableCollector.java:73) ~[junit-platform-engine-1.10.1.jar:1.10.1]
	at org.junit.platform.engine.support.hierarchical.NodeTestTask.lambda$executeRecursively$8(NodeTestTask.java:141) ~[junit-platform-engine-1.10.1.jar:1.10.1]
	at org.junit.platform.engine.support.hierarchical.Node.around(Node.java:137) ~[junit-platform-engine-1.10.1.jar:1.10.1]
	at org.junit.platform.engine.support.hierarchical.NodeTestTask.lambda$executeRecursively$9(NodeTestTask.java:139) ~[junit-platform-engine-1.10.1.jar:1.10.1]
	at org.junit.platform.engine.support.hierarchical.ThrowableCollector.execute(ThrowableCollector.java:73) ~[junit-platform-engine-1.10.1.jar:1.10.1]
	at org.junit.platform.engine.support.hierarchical.NodeTestTask.executeRecursively(NodeTestTask.java:138) ~[junit-platform-engine-1.10.1.jar:1.10.1]
	at org.junit.platform.engine.support.hierarchical.NodeTestTask.execute(NodeTestTask.java:95) ~[junit-platform-engine-1.10.1.jar:1.10.1]
	at org.junit.platform.engine.support.hierarchical.SameThreadHierarchicalTestExecutorService.submit(SameThreadHierarchicalTestExecutorService.java:35) ~[junit-platform-engine-1.10.1.jar:1.10.1]
	at org.junit.platform.engine.support.hierarchical.HierarchicalTestExecutor.execute(HierarchicalTestExecutor.java:57) ~[junit-platform-engine-1.10.1.jar:1.10.1]
	at org.junit.platform.engine.support.hierarchical.HierarchicalTestEngine.execute(HierarchicalTestEngine.java:54) ~[junit-platform-engine-1.10.1.jar:1.10.1]
	at org.junit.platform.launcher.core.EngineExecutionOrchestrator.execute(EngineExecutionOrchestrator.java:198) ~[junit-platform-launcher-1.10.1.jar:1.10.1]
	at org.junit.platform.launcher.core.EngineExecutionOrchestrator.execute(EngineExecutionOrchestrator.java:169) ~[junit-platform-launcher-1.10.1.jar:1.10.1]
	at org.junit.platform.launcher.core.EngineExecutionOrchestrator.execute(EngineExecutionOrchestrator.java:93) ~[junit-platform-launcher-1.10.1.jar:1.10.1]
	at org.junit.platform.launcher.core.EngineExecutionOrchestrator.lambda$execute$0(EngineExecutionOrchestrator.java:58) ~[junit-platform-launcher-1.10.1.jar:1.10.1]
	at org.junit.platform.launcher.core.EngineExecutionOrchestrator.withInterceptedStreams(EngineExecutionOrchestrator.java:141) ~[junit-platform-launcher-1.10.1.jar:1.10.1]
	at org.junit.platform.launcher.core.EngineExecutionOrchestrator.execute(EngineExecutionOrchestrator.java:57) ~[junit-platform-launcher-1.10.1.jar:1.10.1]
	at org.junit.platform.launcher.core.DefaultLauncher.execute(DefaultLauncher.java:103) ~[junit-platform-launcher-1.10.1.jar:1.10.1]
	at org.junit.platform.launcher.core.DefaultLauncher.execute(DefaultLauncher.java:85) ~[junit-platform-launcher-1.10.1.jar:1.10.1]
	at org.junit.platform.launcher.core.DelegatingLauncher.execute(DelegatingLauncher.java:47) ~[junit-platform-launcher-1.10.1.jar:1.10.1]
	at org.apache.maven.surefire.junitplatform.LazyLauncher.execute(LazyLauncher.java:56) ~[surefire-junit-platform-3.1.2.jar:3.1.2]
	at org.apache.maven.surefire.junitplatform.JUnitPlatformProvider.execute(JUnitPlatformProvider.java:184) ~[surefire-junit-platform-3.1.2.jar:3.1.2]
	at org.apache.maven.surefire.junitplatform.JUnitPlatformProvider.invokeAllTests(JUnitPlatformProvider.java:148) ~[surefire-junit-platform-3.1.2.jar:3.1.2]
	at org.apache.maven.surefire.junitplatform.JUnitPlatformProvider.invoke(JUnitPlatformProvider.java:122) ~[surefire-junit-platform-3.1.2.jar:3.1.2]
	at org.apache.maven.surefire.booter.ForkedBooter.runSuitesInProcess(ForkedBooter.java:385) ~[surefire-booter-3.1.2.jar:3.1.2]
	at org.apache.maven.surefire.booter.ForkedBooter.execute(ForkedBooter.java:162) ~[surefire-booter-3.1.2.jar:3.1.2]
	at org.apache.maven.surefire.booter.ForkedBooter.run(ForkedBooter.java:507) ~[surefire-booter-3.1.2.jar:3.1.2]
	at org.apache.maven.surefire.booter.ForkedBooter.main(ForkedBooter.java:495) ~[surefire-booter-3.1.2.jar:3.1.2]

2025-10-13T13:36:42.627+02:00  WARN 80616 --- [hexagonal-app] [           main] c.t.a.core.importer.ClassFileProcessor   : Error during import from jrt:/java.base/java/util/jar/JarFile.class, falling back to simple import

java.lang.IllegalArgumentException: Unsupported class file major version 69
	at com.tngtech.archunit.thirdparty.org.objectweb.asm.ClassReader.<init>(ClassReader.java:200) ~[archunit-1.3.0.jar:1.3.0]
	at com.tngtech.archunit.thirdparty.org.objectweb.asm.ClassReader.<init>(ClassReader.java:180) ~[archunit-1.3.0.jar:1.3.0]
	at com.tngtech.archunit.thirdparty.org.objectweb.asm.ClassReader.<init>(ClassReader.java:166) ~[archunit-1.3.0.jar:1.3.0]
	at com.tngtech.archunit.thirdparty.org.objectweb.asm.ClassReader.<init>(ClassReader.java:288) ~[archunit-1.3.0.jar:1.3.0]
	at com.tngtech.archunit.core.importer.ClassFileProcessor$UriImporterOfProcessor.tryImport(ClassFileProcessor.java:350) ~[archunit-1.3.0.jar:1.3.0]
	at com.tngtech.archunit.core.importer.resolvers.ClassResolverFromClasspath.tryResolve(ClassResolverFromClasspath.java:51) ~[archunit-1.3.0.jar:1.3.0]
	at com.tngtech.archunit.core.importer.ImportedClasses.resolve(ImportedClasses.java:80) ~[archunit-1.3.0.jar:1.3.0]
	at com.tngtech.archunit.core.importer.ImportedClasses.getOrResolve(ImportedClasses.java:67) ~[archunit-1.3.0.jar:1.3.0]
	at com.tngtech.archunit.core.importer.DomainBuilders$JavaMemberBuilder.get(DomainBuilders.java:179) ~[archunit-1.3.0.jar:1.3.0]
	at com.tngtech.archunit.core.importer.DomainBuilders$JavaCodeUnitBuilder.asJavaClasses(DomainBuilders.java:329) ~[archunit-1.3.0.jar:1.3.0]
	at com.tngtech.archunit.core.importer.DomainBuilders$JavaCodeUnitBuilder.getRawParameterTypes(DomainBuilders.java:303) ~[archunit-1.3.0.jar:1.3.0]
	at com.tngtech.archunit.core.domain.JavaCodeUnit$Parameters.<init>(JavaCodeUnit.java:317) ~[archunit-1.3.0.jar:1.3.0]
	at com.tngtech.archunit.core.domain.JavaCodeUnit.<init>(JavaCodeUnit.java:82) ~[archunit-1.3.0.jar:1.3.0]
	at com.tngtech.archunit.core.domain.JavaMethod.<init>(JavaMethod.java:44) ~[archunit-1.3.0.jar:1.3.0]
	at com.tngtech.archunit.core.domain.DomainObjectCreationContext.createJavaMethod(DomainObjectCreationContext.java:144) ~[archunit-1.3.0.jar:1.3.0]
	at com.tngtech.archunit.core.importer.DomainBuilders$JavaMethodBuilder.construct(DomainBuilders.java:373) ~[archunit-1.3.0.jar:1.3.0]
	at com.tngtech.archunit.core.importer.DomainBuilders$JavaMethodBuilder.construct(DomainBuilders.java:358) ~[archunit-1.3.0.jar:1.3.0]
	at com.tngtech.archunit.core.importer.DomainBuilders$JavaMemberBuilder.build(DomainBuilders.java:206) ~[archunit-1.3.0.jar:1.3.0]
	at com.tngtech.archunit.core.importer.DomainBuilders$JavaMemberBuilder.build(DomainBuilders.java:138) ~[archunit-1.3.0.jar:1.3.0]
	at com.tngtech.archunit.core.importer.DomainBuilders$BuilderWithBuildParameter$BuildFinisher.lambda$build$0(DomainBuilders.java:892) ~[archunit-1.3.0.jar:1.3.0]
	at java.base/java.util.stream.ReferencePipeline$3$1.accept(ReferencePipeline.java:214) ~[na:na]
	at java.base/java.util.stream.ReferencePipeline$2$1.accept(ReferencePipeline.java:197) ~[na:na]
	at java.base/java.util.HashMap$KeySpliterator.forEachRemaining(HashMap.java:1716) ~[na:na]
	at java.base/java.util.stream.AbstractPipeline.copyInto(AbstractPipeline.java:570) ~[na:na]
	at java.base/java.util.stream.AbstractPipeline.wrapAndCopyInto(AbstractPipeline.java:560) ~[na:na]
	at java.base/java.util.stream.ReduceOps$ReduceOp.evaluateSequential(ReduceOps.java:921) ~[na:na]
	at java.base/java.util.stream.AbstractPipeline.evaluate(AbstractPipeline.java:265) ~[na:na]
	at java.base/java.util.stream.ReferencePipeline.collect(ReferencePipeline.java:723) ~[na:na]
	at com.tngtech.archunit.core.importer.DomainBuilders$BuilderWithBuildParameter$BuildFinisher.build(DomainBuilders.java:892) ~[archunit-1.3.0.jar:1.3.0]
	at com.tngtech.archunit.core.importer.ClassGraphCreator.createMethods(ClassGraphCreator.java:322) ~[archunit-1.3.0.jar:1.3.0]
	at com.tngtech.archunit.core.domain.JavaClassMembers.create(JavaClassMembers.java:352) ~[archunit-1.3.0.jar:1.3.0]
	at com.tngtech.archunit.core.domain.JavaClass.completeMembers(JavaClass.java:1477) ~[archunit-1.3.0.jar:1.3.0]
	at com.tngtech.archunit.core.domain.DomainObjectCreationContext.completeMembers(DomainObjectCreationContext.java:96) ~[archunit-1.3.0.jar:1.3.0]
	at com.tngtech.archunit.core.importer.ClassGraphCreator.completeClasses(ClassGraphCreator.java:120) ~[archunit-1.3.0.jar:1.3.0]
	at com.tngtech.archunit.core.importer.ClassGraphCreator.complete(ClassGraphCreator.java:108) ~[archunit-1.3.0.jar:1.3.0]
	at com.tngtech.archunit.core.importer.ClassFileProcessor.process(ClassFileProcessor.java:75) ~[archunit-1.3.0.jar:1.3.0]
	at com.tngtech.archunit.core.importer.ClassFileImporter.importLocations(ClassFileImporter.java:325) ~[archunit-1.3.0.jar:1.3.0]
	at com.tngtech.archunit.junit.internal.ClassCache$CacheClassFileImporter.importClasses(ClassCache.java:126) ~[archunit-junit5-engine-1.3.0.jar:1.3.0]
	at com.tngtech.archunit.junit.internal.ClassCache$LazyJavaClasses.initialize(ClassCache.java:118) ~[archunit-junit5-engine-1.3.0.jar:1.3.0]
	at com.tngtech.archunit.junit.internal.ClassCache$LazyJavaClasses.get(ClassCache.java:107) ~[archunit-junit5-engine-1.3.0.jar:1.3.0]
	at com.tngtech.archunit.junit.internal.ClassCache.getClassesToAnalyzeFor(ClassCache.java:84) ~[archunit-junit5-engine-1.3.0.jar:1.3.0]
	at com.tngtech.archunit.junit.internal.ArchUnitTestDescriptor.lambda$createChildren$1(ArchUnitTestDescriptor.java:90) ~[archunit-junit5-engine-1.3.0.jar:1.3.0]
	at com.tngtech.archunit.junit.internal.ArchUnitTestDescriptor$ArchUnitRuleDescriptor.execute(ArchUnitTestDescriptor.java:167) ~[archunit-junit5-engine-1.3.0.jar:1.3.0]
	at com.tngtech.archunit.junit.internal.ArchUnitTestDescriptor$ArchUnitRuleDescriptor.execute(ArchUnitTestDescriptor.java:150) ~[archunit-junit5-engine-1.3.0.jar:1.3.0]
	at org.junit.platform.engine.support.hierarchical.NodeTestTask.lambda$executeRecursively$6(NodeTestTask.java:151) ~[junit-platform-engine-1.10.1.jar:1.10.1]
	at org.junit.platform.engine.support.hierarchical.ThrowableCollector.execute(ThrowableCollector.java:73) ~[junit-platform-engine-1.10.1.jar:1.10.1]
	at org.junit.platform.engine.support.hierarchical.NodeTestTask.lambda$executeRecursively$8(NodeTestTask.java:141) ~[junit-platform-engine-1.10.1.jar:1.10.1]
	at org.junit.platform.engine.support.hierarchical.Node.around(Node.java:137) ~[junit-platform-engine-1.10.1.jar:1.10.1]
	at org.junit.platform.engine.support.hierarchical.NodeTestTask.lambda$executeRecursively$9(NodeTestTask.java:139) ~[junit-platform-engine-1.10.1.jar:1.10.1]
	at org.junit.platform.engine.support.hierarchical.ThrowableCollector.execute(ThrowableCollector.java:73) ~[junit-platform-engine-1.10.1.jar:1.10.1]
	at org.junit.platform.engine.support.hierarchical.NodeTestTask.executeRecursively(NodeTestTask.java:138) ~[junit-platform-engine-1.10.1.jar:1.10.1]
	at org.junit.platform.engine.support.hierarchical.NodeTestTask.execute(NodeTestTask.java:95) ~[junit-platform-engine-1.10.1.jar:1.10.1]
	at java.base/java.util.ArrayList.forEach(ArrayList.java:1604) ~[na:na]
	at org.junit.platform.engine.support.hierarchical.SameThreadHierarchicalTestExecutorService.invokeAll(SameThreadHierarchicalTestExecutorService.java:41) ~[junit-platform-engine-1.10.1.jar:1.10.1]
	at org.junit.platform.engine.support.hierarchical.NodeTestTask.lambda$executeRecursively$6(NodeTestTask.java:155) ~[junit-platform-engine-1.10.1.jar:1.10.1]
	at org.junit.platform.engine.support.hierarchical.ThrowableCollector.execute(ThrowableCollector.java:73) ~[junit-platform-engine-1.10.1.jar:1.10.1]
	at org.junit.platform.engine.support.hierarchical.NodeTestTask.lambda$executeRecursively$8(NodeTestTask.java:141) ~[junit-platform-engine-1.10.1.jar:1.10.1]
	at org.junit.platform.engine.support.hierarchical.Node.around(Node.java:137) ~[junit-platform-engine-1.10.1.jar:1.10.1]
	at org.junit.platform.engine.support.hierarchical.NodeTestTask.lambda$executeRecursively$9(NodeTestTask.java:139) ~[junit-platform-engine-1.10.1.jar:1.10.1]
	at org.junit.platform.engine.support.hierarchical.ThrowableCollector.execute(ThrowableCollector.java:73) ~[junit-platform-engine-1.10.1.jar:1.10.1]
	at org.junit.platform.engine.support.hierarchical.NodeTestTask.executeRecursively(NodeTestTask.java:138) ~[junit-platform-engine-1.10.1.jar:1.10.1]
	at org.junit.platform.engine.support.hierarchical.NodeTestTask.execute(NodeTestTask.java:95) ~[junit-platform-engine-1.10.1.jar:1.10.1]
	at java.base/java.util.ArrayList.forEach(ArrayList.java:1604) ~[na:na]
	at org.junit.platform.engine.support.hierarchical.SameThreadHierarchicalTestExecutorService.invokeAll(SameThreadHierarchicalTestExecutorService.java:41) ~[junit-platform-engine-1.10.1.jar:1.10.1]
	at org.junit.platform.engine.support.hierarchical.NodeTestTask.lambda$executeRecursively$6(NodeTestTask.java:155) ~[junit-platform-engine-1.10.1.jar:1.10.1]
	at org.junit.platform.engine.support.hierarchical.ThrowableCollector.execute(ThrowableCollector.java:73) ~[junit-platform-engine-1.10.1.jar:1.10.1]
	at org.junit.platform.engine.support.hierarchical.NodeTestTask.lambda$executeRecursively$8(NodeTestTask.java:141) ~[junit-platform-engine-1.10.1.jar:1.10.1]
	at org.junit.platform.engine.support.hierarchical.Node.around(Node.java:137) ~[junit-platform-engine-1.10.1.jar:1.10.1]
	at org.junit.platform.engine.support.hierarchical.NodeTestTask.lambda$executeRecursively$9(NodeTestTask.java:139) ~[junit-platform-engine-1.10.1.jar:1.10.1]
	at org.junit.platform.engine.support.hierarchical.ThrowableCollector.execute(ThrowableCollector.java:73) ~[junit-platform-engine-1.10.1.jar:1.10.1]
	at org.junit.platform.engine.support.hierarchical.NodeTestTask.executeRecursively(NodeTestTask.java:138) ~[junit-platform-engine-1.10.1.jar:1.10.1]
	at org.junit.platform.engine.support.hierarchical.NodeTestTask.execute(NodeTestTask.java:95) ~[junit-platform-engine-1.10.1.jar:1.10.1]
	at org.junit.platform.engine.support.hierarchical.SameThreadHierarchicalTestExecutorService.submit(SameThreadHierarchicalTestExecutorService.java:35) ~[junit-platform-engine-1.10.1.jar:1.10.1]
	at org.junit.platform.engine.support.hierarchical.HierarchicalTestExecutor.execute(HierarchicalTestExecutor.java:57) ~[junit-platform-engine-1.10.1.jar:1.10.1]
	at org.junit.platform.engine.support.hierarchical.HierarchicalTestEngine.execute(HierarchicalTestEngine.java:54) ~[junit-platform-engine-1.10.1.jar:1.10.1]
	at org.junit.platform.launcher.core.EngineExecutionOrchestrator.execute(EngineExecutionOrchestrator.java:198) ~[junit-platform-launcher-1.10.1.jar:1.10.1]
	at org.junit.platform.launcher.core.EngineExecutionOrchestrator.execute(EngineExecutionOrchestrator.java:169) ~[junit-platform-launcher-1.10.1.jar:1.10.1]
	at org.junit.platform.launcher.core.EngineExecutionOrchestrator.execute(EngineExecutionOrchestrator.java:93) ~[junit-platform-launcher-1.10.1.jar:1.10.1]
	at org.junit.platform.launcher.core.EngineExecutionOrchestrator.lambda$execute$0(EngineExecutionOrchestrator.java:58) ~[junit-platform-launcher-1.10.1.jar:1.10.1]
	at org.junit.platform.launcher.core.EngineExecutionOrchestrator.withInterceptedStreams(EngineExecutionOrchestrator.java:141) ~[junit-platform-launcher-1.10.1.jar:1.10.1]
	at org.junit.platform.launcher.core.EngineExecutionOrchestrator.execute(EngineExecutionOrchestrator.java:57) ~[junit-platform-launcher-1.10.1.jar:1.10.1]
	at org.junit.platform.launcher.core.DefaultLauncher.execute(DefaultLauncher.java:103) ~[junit-platform-launcher-1.10.1.jar:1.10.1]
	at org.junit.platform.launcher.core.DefaultLauncher.execute(DefaultLauncher.java:85) ~[junit-platform-launcher-1.10.1.jar:1.10.1]
	at org.junit.platform.launcher.core.DelegatingLauncher.execute(DelegatingLauncher.java:47) ~[junit-platform-launcher-1.10.1.jar:1.10.1]
	at org.apache.maven.surefire.junitplatform.LazyLauncher.execute(LazyLauncher.java:56) ~[surefire-junit-platform-3.1.2.jar:3.1.2]
	at org.apache.maven.surefire.junitplatform.JUnitPlatformProvider.execute(JUnitPlatformProvider.java:184) ~[surefire-junit-platform-3.1.2.jar:3.1.2]
	at org.apache.maven.surefire.junitplatform.JUnitPlatformProvider.invokeAllTests(JUnitPlatformProvider.java:148) ~[surefire-junit-platform-3.1.2.jar:3.1.2]
	at org.apache.maven.surefire.junitplatform.JUnitPlatformProvider.invoke(JUnitPlatformProvider.java:122) ~[surefire-junit-platform-3.1.2.jar:3.1.2]
	at org.apache.maven.surefire.booter.ForkedBooter.runSuitesInProcess(ForkedBooter.java:385) ~[surefire-booter-3.1.2.jar:3.1.2]
	at org.apache.maven.surefire.booter.ForkedBooter.execute(ForkedBooter.java:162) ~[surefire-booter-3.1.2.jar:3.1.2]
	at org.apache.maven.surefire.booter.ForkedBooter.run(ForkedBooter.java:507) ~[surefire-booter-3.1.2.jar:3.1.2]
	at org.apache.maven.surefire.booter.ForkedBooter.main(ForkedBooter.java:495) ~[surefire-booter-3.1.2.jar:3.1.2]

2025-10-13T13:36:42.628+02:00  WARN 80616 --- [hexagonal-app] [           main] c.t.a.core.importer.ClassFileProcessor   : Error during import from jrt:/java.base/java/nio/file/Path.class, falling back to simple import

java.lang.IllegalArgumentException: Unsupported class file major version 69
	at com.tngtech.archunit.thirdparty.org.objectweb.asm.ClassReader.<init>(ClassReader.java:200) ~[archunit-1.3.0.jar:1.3.0]
	at com.tngtech.archunit.thirdparty.org.objectweb.asm.ClassReader.<init>(ClassReader.java:180) ~[archunit-1.3.0.jar:1.3.0]
	at com.tngtech.archunit.thirdparty.org.objectweb.asm.ClassReader.<init>(ClassReader.java:166) ~[archunit-1.3.0.jar:1.3.0]
	at com.tngtech.archunit.thirdparty.org.objectweb.asm.ClassReader.<init>(ClassReader.java:288) ~[archunit-1.3.0.jar:1.3.0]
	at com.tngtech.archunit.core.importer.ClassFileProcessor$UriImporterOfProcessor.tryImport(ClassFileProcessor.java:350) ~[archunit-1.3.0.jar:1.3.0]
	at com.tngtech.archunit.core.importer.resolvers.ClassResolverFromClasspath.tryResolve(ClassResolverFromClasspath.java:51) ~[archunit-1.3.0.jar:1.3.0]
	at com.tngtech.archunit.core.importer.ImportedClasses.resolve(ImportedClasses.java:80) ~[archunit-1.3.0.jar:1.3.0]
	at com.tngtech.archunit.core.importer.ImportedClasses.getOrResolve(ImportedClasses.java:67) ~[archunit-1.3.0.jar:1.3.0]
	at com.tngtech.archunit.core.importer.DomainBuilders$JavaMemberBuilder.get(DomainBuilders.java:179) ~[archunit-1.3.0.jar:1.3.0]
	at com.tngtech.archunit.core.importer.DomainBuilders$JavaCodeUnitBuilder.asJavaClasses(DomainBuilders.java:329) ~[archunit-1.3.0.jar:1.3.0]
	at com.tngtech.archunit.core.importer.DomainBuilders$JavaCodeUnitBuilder.getRawParameterTypes(DomainBuilders.java:303) ~[archunit-1.3.0.jar:1.3.0]
	at com.tngtech.archunit.core.domain.JavaCodeUnit$Parameters.<init>(JavaCodeUnit.java:317) ~[archunit-1.3.0.jar:1.3.0]
	at com.tngtech.archunit.core.domain.JavaCodeUnit.<init>(JavaCodeUnit.java:82) ~[archunit-1.3.0.jar:1.3.0]
	at com.tngtech.archunit.core.domain.JavaMethod.<init>(JavaMethod.java:44) ~[archunit-1.3.0.jar:1.3.0]
	at com.tngtech.archunit.core.domain.DomainObjectCreationContext.createJavaMethod(DomainObjectCreationContext.java:144) ~[archunit-1.3.0.jar:1.3.0]
	at com.tngtech.archunit.core.importer.DomainBuilders$JavaMethodBuilder.construct(DomainBuilders.java:373) ~[archunit-1.3.0.jar:1.3.0]
	at com.tngtech.archunit.core.importer.DomainBuilders$JavaMethodBuilder.construct(DomainBuilders.java:358) ~[archunit-1.3.0.jar:1.3.0]
	at com.tngtech.archunit.core.importer.DomainBuilders$JavaMemberBuilder.build(DomainBuilders.java:206) ~[archunit-1.3.0.jar:1.3.0]
	at com.tngtech.archunit.core.importer.DomainBuilders$JavaMemberBuilder.build(DomainBuilders.java:138) ~[archunit-1.3.0.jar:1.3.0]
	at com.tngtech.archunit.core.importer.DomainBuilders$BuilderWithBuildParameter$BuildFinisher.lambda$build$0(DomainBuilders.java:892) ~[archunit-1.3.0.jar:1.3.0]
	at java.base/java.util.stream.ReferencePipeline$3$1.accept(ReferencePipeline.java:214) ~[na:na]
	at java.base/java.util.stream.ReferencePipeline$2$1.accept(ReferencePipeline.java:197) ~[na:na]
	at java.base/java.util.HashMap$KeySpliterator.forEachRemaining(HashMap.java:1716) ~[na:na]
	at java.base/java.util.stream.AbstractPipeline.copyInto(AbstractPipeline.java:570) ~[na:na]
	at java.base/java.util.stream.AbstractPipeline.wrapAndCopyInto(AbstractPipeline.java:560) ~[na:na]
	at java.base/java.util.stream.ReduceOps$ReduceOp.evaluateSequential(ReduceOps.java:921) ~[na:na]
	at java.base/java.util.stream.AbstractPipeline.evaluate(AbstractPipeline.java:265) ~[na:na]
	at java.base/java.util.stream.ReferencePipeline.collect(ReferencePipeline.java:723) ~[na:na]
	at com.tngtech.archunit.core.importer.DomainBuilders$BuilderWithBuildParameter$BuildFinisher.build(DomainBuilders.java:892) ~[archunit-1.3.0.jar:1.3.0]
	at com.tngtech.archunit.core.importer.ClassGraphCreator.createMethods(ClassGraphCreator.java:322) ~[archunit-1.3.0.jar:1.3.0]
	at com.tngtech.archunit.core.domain.JavaClassMembers.create(JavaClassMembers.java:352) ~[archunit-1.3.0.jar:1.3.0]
	at com.tngtech.archunit.core.domain.JavaClass.completeMembers(JavaClass.java:1477) ~[archunit-1.3.0.jar:1.3.0]
	at com.tngtech.archunit.core.domain.DomainObjectCreationContext.completeMembers(DomainObjectCreationContext.java:96) ~[archunit-1.3.0.jar:1.3.0]
	at com.tngtech.archunit.core.importer.ClassGraphCreator.completeClasses(ClassGraphCreator.java:120) ~[archunit-1.3.0.jar:1.3.0]
	at com.tngtech.archunit.core.importer.ClassGraphCreator.complete(ClassGraphCreator.java:108) ~[archunit-1.3.0.jar:1.3.0]
	at com.tngtech.archunit.core.importer.ClassFileProcessor.process(ClassFileProcessor.java:75) ~[archunit-1.3.0.jar:1.3.0]
	at com.tngtech.archunit.core.importer.ClassFileImporter.importLocations(ClassFileImporter.java:325) ~[archunit-1.3.0.jar:1.3.0]
	at com.tngtech.archunit.junit.internal.ClassCache$CacheClassFileImporter.importClasses(ClassCache.java:126) ~[archunit-junit5-engine-1.3.0.jar:1.3.0]
	at com.tngtech.archunit.junit.internal.ClassCache$LazyJavaClasses.initialize(ClassCache.java:118) ~[archunit-junit5-engine-1.3.0.jar:1.3.0]
	at com.tngtech.archunit.junit.internal.ClassCache$LazyJavaClasses.get(ClassCache.java:107) ~[archunit-junit5-engine-1.3.0.jar:1.3.0]
	at com.tngtech.archunit.junit.internal.ClassCache.getClassesToAnalyzeFor(ClassCache.java:84) ~[archunit-junit5-engine-1.3.0.jar:1.3.0]
	at com.tngtech.archunit.junit.internal.ArchUnitTestDescriptor.lambda$createChildren$1(ArchUnitTestDescriptor.java:90) ~[archunit-junit5-engine-1.3.0.jar:1.3.0]
	at com.tngtech.archunit.junit.internal.ArchUnitTestDescriptor$ArchUnitRuleDescriptor.execute(ArchUnitTestDescriptor.java:167) ~[archunit-junit5-engine-1.3.0.jar:1.3.0]
	at com.tngtech.archunit.junit.internal.ArchUnitTestDescriptor$ArchUnitRuleDescriptor.execute(ArchUnitTestDescriptor.java:150) ~[archunit-junit5-engine-1.3.0.jar:1.3.0]
	at org.junit.platform.engine.support.hierarchical.NodeTestTask.lambda$executeRecursively$6(NodeTestTask.java:151) ~[junit-platform-engine-1.10.1.jar:1.10.1]
	at org.junit.platform.engine.support.hierarchical.ThrowableCollector.execute(ThrowableCollector.java:73) ~[junit-platform-engine-1.10.1.jar:1.10.1]
	at org.junit.platform.engine.support.hierarchical.NodeTestTask.lambda$executeRecursively$8(NodeTestTask.java:141) ~[junit-platform-engine-1.10.1.jar:1.10.1]
	at org.junit.platform.engine.support.hierarchical.Node.around(Node.java:137) ~[junit-platform-engine-1.10.1.jar:1.10.1]
	at org.junit.platform.engine.support.hierarchical.NodeTestTask.lambda$executeRecursively$9(NodeTestTask.java:139) ~[junit-platform-engine-1.10.1.jar:1.10.1]
	at org.junit.platform.engine.support.hierarchical.ThrowableCollector.execute(ThrowableCollector.java:73) ~[junit-platform-engine-1.10.1.jar:1.10.1]
	at org.junit.platform.engine.support.hierarchical.NodeTestTask.executeRecursively(NodeTestTask.java:138) ~[junit-platform-engine-1.10.1.jar:1.10.1]
	at org.junit.platform.engine.support.hierarchical.NodeTestTask.execute(NodeTestTask.java:95) ~[junit-platform-engine-1.10.1.jar:1.10.1]
	at java.base/java.util.ArrayList.forEach(ArrayList.java:1604) ~[na:na]
	at org.junit.platform.engine.support.hierarchical.SameThreadHierarchicalTestExecutorService.invokeAll(SameThreadHierarchicalTestExecutorService.java:41) ~[junit-platform-engine-1.10.1.jar:1.10.1]
	at org.junit.platform.engine.support.hierarchical.NodeTestTask.lambda$executeRecursively$6(NodeTestTask.java:155) ~[junit-platform-engine-1.10.1.jar:1.10.1]
	at org.junit.platform.engine.support.hierarchical.ThrowableCollector.execute(ThrowableCollector.java:73) ~[junit-platform-engine-1.10.1.jar:1.10.1]
	at org.junit.platform.engine.support.hierarchical.NodeTestTask.lambda$executeRecursively$8(NodeTestTask.java:141) ~[junit-platform-engine-1.10.1.jar:1.10.1]
	at org.junit.platform.engine.support.hierarchical.Node.around(Node.java:137) ~[junit-platform-engine-1.10.1.jar:1.10.1]
	at org.junit.platform.engine.support.hierarchical.NodeTestTask.lambda$executeRecursively$9(NodeTestTask.java:139) ~[junit-platform-engine-1.10.1.jar:1.10.1]
	at org.junit.platform.engine.support.hierarchical.ThrowableCollector.execute(ThrowableCollector.java:73) ~[junit-platform-engine-1.10.1.jar:1.10.1]
	at org.junit.platform.engine.support.hierarchical.NodeTestTask.executeRecursively(NodeTestTask.java:138) ~[junit-platform-engine-1.10.1.jar:1.10.1]
	at org.junit.platform.engine.support.hierarchical.NodeTestTask.execute(NodeTestTask.java:95) ~[junit-platform-engine-1.10.1.jar:1.10.1]
	at java.base/java.util.ArrayList.forEach(ArrayList.java:1604) ~[na:na]
	at org.junit.platform.engine.support.hierarchical.SameThreadHierarchicalTestExecutorService.invokeAll(SameThreadHierarchicalTestExecutorService.java:41) ~[junit-platform-engine-1.10.1.jar:1.10.1]
	at org.junit.platform.engine.support.hierarchical.NodeTestTask.lambda$executeRecursively$6(NodeTestTask.java:155) ~[junit-platform-engine-1.10.1.jar:1.10.1]
	at org.junit.platform.engine.support.hierarchical.ThrowableCollector.execute(ThrowableCollector.java:73) ~[junit-platform-engine-1.10.1.jar:1.10.1]
	at org.junit.platform.engine.support.hierarchical.NodeTestTask.lambda$executeRecursively$8(NodeTestTask.java:141) ~[junit-platform-engine-1.10.1.jar:1.10.1]
	at org.junit.platform.engine.support.hierarchical.Node.around(Node.java:137) ~[junit-platform-engine-1.10.1.jar:1.10.1]
	at org.junit.platform.engine.support.hierarchical.NodeTestTask.lambda$executeRecursively$9(NodeTestTask.java:139) ~[junit-platform-engine-1.10.1.jar:1.10.1]
	at org.junit.platform.engine.support.hierarchical.ThrowableCollector.execute(ThrowableCollector.java:73) ~[junit-platform-engine-1.10.1.jar:1.10.1]
	at org.junit.platform.engine.support.hierarchical.NodeTestTask.executeRecursively(NodeTestTask.java:138) ~[junit-platform-engine-1.10.1.jar:1.10.1]
	at org.junit.platform.engine.support.hierarchical.NodeTestTask.execute(NodeTestTask.java:95) ~[junit-platform-engine-1.10.1.jar:1.10.1]
	at org.junit.platform.engine.support.hierarchical.SameThreadHierarchicalTestExecutorService.submit(SameThreadHierarchicalTestExecutorService.java:35) ~[junit-platform-engine-1.10.1.jar:1.10.1]
	at org.junit.platform.engine.support.hierarchical.HierarchicalTestExecutor.execute(HierarchicalTestExecutor.java:57) ~[junit-platform-engine-1.10.1.jar:1.10.1]
	at org.junit.platform.engine.support.hierarchical.HierarchicalTestEngine.execute(HierarchicalTestEngine.java:54) ~[junit-platform-engine-1.10.1.jar:1.10.1]
	at org.junit.platform.launcher.core.EngineExecutionOrchestrator.execute(EngineExecutionOrchestrator.java:198) ~[junit-platform-launcher-1.10.1.jar:1.10.1]
	at org.junit.platform.launcher.core.EngineExecutionOrchestrator.execute(EngineExecutionOrchestrator.java:169) ~[junit-platform-launcher-1.10.1.jar:1.10.1]
	at org.junit.platform.launcher.core.EngineExecutionOrchestrator.execute(EngineExecutionOrchestrator.java:93) ~[junit-platform-launcher-1.10.1.jar:1.10.1]
	at org.junit.platform.launcher.core.EngineExecutionOrchestrator.lambda$execute$0(EngineExecutionOrchestrator.java:58) ~[junit-platform-launcher-1.10.1.jar:1.10.1]
	at org.junit.platform.launcher.core.EngineExecutionOrchestrator.withInterceptedStreams(EngineExecutionOrchestrator.java:141) ~[junit-platform-launcher-1.10.1.jar:1.10.1]
	at org.junit.platform.launcher.core.EngineExecutionOrchestrator.execute(EngineExecutionOrchestrator.java:57) ~[junit-platform-launcher-1.10.1.jar:1.10.1]
	at org.junit.platform.launcher.core.DefaultLauncher.execute(DefaultLauncher.java:103) ~[junit-platform-launcher-1.10.1.jar:1.10.1]
	at org.junit.platform.launcher.core.DefaultLauncher.execute(DefaultLauncher.java:85) ~[junit-platform-launcher-1.10.1.jar:1.10.1]
	at org.junit.platform.launcher.core.DelegatingLauncher.execute(DelegatingLauncher.java:47) ~[junit-platform-launcher-1.10.1.jar:1.10.1]
	at org.apache.maven.surefire.junitplatform.LazyLauncher.execute(LazyLauncher.java:56) ~[surefire-junit-platform-3.1.2.jar:3.1.2]
	at org.apache.maven.surefire.junitplatform.JUnitPlatformProvider.execute(JUnitPlatformProvider.java:184) ~[surefire-junit-platform-3.1.2.jar:3.1.2]
	at org.apache.maven.surefire.junitplatform.JUnitPlatformProvider.invokeAllTests(JUnitPlatformProvider.java:148) ~[surefire-junit-platform-3.1.2.jar:3.1.2]
	at org.apache.maven.surefire.junitplatform.JUnitPlatformProvider.invoke(JUnitPlatformProvider.java:122) ~[surefire-junit-platform-3.1.2.jar:3.1.2]
	at org.apache.maven.surefire.booter.ForkedBooter.runSuitesInProcess(ForkedBooter.java:385) ~[surefire-booter-3.1.2.jar:3.1.2]
	at org.apache.maven.surefire.booter.ForkedBooter.execute(ForkedBooter.java:162) ~[surefire-booter-3.1.2.jar:3.1.2]
	at org.apache.maven.surefire.booter.ForkedBooter.run(ForkedBooter.java:507) ~[surefire-booter-3.1.2.jar:3.1.2]
	at org.apache.maven.surefire.booter.ForkedBooter.main(ForkedBooter.java:495) ~[surefire-booter-3.1.2.jar:3.1.2]

2025-10-13T13:36:42.628+02:00  WARN 80616 --- [hexagonal-app] [           main] c.t.a.core.importer.ClassFileProcessor   : Error during import from jrt:/java.base/java/util/stream/Stream.class, falling back to simple import

java.lang.IllegalArgumentException: Unsupported class file major version 69
	at com.tngtech.archunit.thirdparty.org.objectweb.asm.ClassReader.<init>(ClassReader.java:200) ~[archunit-1.3.0.jar:1.3.0]
	at com.tngtech.archunit.thirdparty.org.objectweb.asm.ClassReader.<init>(ClassReader.java:180) ~[archunit-1.3.0.jar:1.3.0]
	at com.tngtech.archunit.thirdparty.org.objectweb.asm.ClassReader.<init>(ClassReader.java:166) ~[archunit-1.3.0.jar:1.3.0]
	at com.tngtech.archunit.thirdparty.org.objectweb.asm.ClassReader.<init>(ClassReader.java:288) ~[archunit-1.3.0.jar:1.3.0]
	at com.tngtech.archunit.core.importer.ClassFileProcessor$UriImporterOfProcessor.tryImport(ClassFileProcessor.java:350) ~[archunit-1.3.0.jar:1.3.0]
	at com.tngtech.archunit.core.importer.resolvers.ClassResolverFromClasspath.tryResolve(ClassResolverFromClasspath.java:51) ~[archunit-1.3.0.jar:1.3.0]
	at com.tngtech.archunit.core.importer.ImportedClasses.resolve(ImportedClasses.java:80) ~[archunit-1.3.0.jar:1.3.0]
	at com.tngtech.archunit.core.importer.ImportedClasses.getOrResolve(ImportedClasses.java:67) ~[archunit-1.3.0.jar:1.3.0]
	at com.tngtech.archunit.core.importer.DomainBuilders$JavaMemberBuilder.get(DomainBuilders.java:179) ~[archunit-1.3.0.jar:1.3.0]
	at com.tngtech.archunit.core.importer.DomainBuilders$JavaCodeUnitBuilder.getRawReturnType(DomainBuilders.java:289) ~[archunit-1.3.0.jar:1.3.0]
	at com.tngtech.archunit.core.domain.JavaCodeUnit$ReturnType.<init>(JavaCodeUnit.java:367) ~[archunit-1.3.0.jar:1.3.0]
	at com.tngtech.archunit.core.domain.JavaCodeUnit.<init>(JavaCodeUnit.java:81) ~[archunit-1.3.0.jar:1.3.0]
	at com.tngtech.archunit.core.domain.JavaMethod.<init>(JavaMethod.java:44) ~[archunit-1.3.0.jar:1.3.0]
	at com.tngtech.archunit.core.domain.DomainObjectCreationContext.createJavaMethod(DomainObjectCreationContext.java:144) ~[archunit-1.3.0.jar:1.3.0]
	at com.tngtech.archunit.core.importer.DomainBuilders$JavaMethodBuilder.construct(DomainBuilders.java:373) ~[archunit-1.3.0.jar:1.3.0]
	at com.tngtech.archunit.core.importer.DomainBuilders$JavaMethodBuilder.construct(DomainBuilders.java:358) ~[archunit-1.3.0.jar:1.3.0]
	at com.tngtech.archunit.core.importer.DomainBuilders$JavaMemberBuilder.build(DomainBuilders.java:206) ~[archunit-1.3.0.jar:1.3.0]
	at com.tngtech.archunit.core.importer.DomainBuilders$JavaMemberBuilder.build(DomainBuilders.java:138) ~[archunit-1.3.0.jar:1.3.0]
	at com.tngtech.archunit.core.importer.DomainBuilders$BuilderWithBuildParameter$BuildFinisher.lambda$build$0(DomainBuilders.java:892) ~[archunit-1.3.0.jar:1.3.0]
	at java.base/java.util.stream.ReferencePipeline$3$1.accept(ReferencePipeline.java:214) ~[na:na]
	at java.base/java.util.stream.ReferencePipeline$2$1.accept(ReferencePipeline.java:197) ~[na:na]
	at java.base/java.util.HashMap$KeySpliterator.forEachRemaining(HashMap.java:1716) ~[na:na]
	at java.base/java.util.stream.AbstractPipeline.copyInto(AbstractPipeline.java:570) ~[na:na]
	at java.base/java.util.stream.AbstractPipeline.wrapAndCopyInto(AbstractPipeline.java:560) ~[na:na]
	at java.base/java.util.stream.ReduceOps$ReduceOp.evaluateSequential(ReduceOps.java:921) ~[na:na]
	at java.base/java.util.stream.AbstractPipeline.evaluate(AbstractPipeline.java:265) ~[na:na]
	at java.base/java.util.stream.ReferencePipeline.collect(ReferencePipeline.java:723) ~[na:na]
	at com.tngtech.archunit.core.importer.DomainBuilders$BuilderWithBuildParameter$BuildFinisher.build(DomainBuilders.java:892) ~[archunit-1.3.0.jar:1.3.0]
	at com.tngtech.archunit.core.importer.ClassGraphCreator.createMethods(ClassGraphCreator.java:322) ~[archunit-1.3.0.jar:1.3.0]
	at com.tngtech.archunit.core.domain.JavaClassMembers.create(JavaClassMembers.java:352) ~[archunit-1.3.0.jar:1.3.0]
	at com.tngtech.archunit.core.domain.JavaClass.completeMembers(JavaClass.java:1477) ~[archunit-1.3.0.jar:1.3.0]
	at com.tngtech.archunit.core.domain.DomainObjectCreationContext.completeMembers(DomainObjectCreationContext.java:96) ~[archunit-1.3.0.jar:1.3.0]
	at com.tngtech.archunit.core.importer.ClassGraphCreator.completeClasses(ClassGraphCreator.java:120) ~[archunit-1.3.0.jar:1.3.0]
	at com.tngtech.archunit.core.importer.ClassGraphCreator.complete(ClassGraphCreator.java:108) ~[archunit-1.3.0.jar:1.3.0]
	at com.tngtech.archunit.core.importer.ClassFileProcessor.process(ClassFileProcessor.java:75) ~[archunit-1.3.0.jar:1.3.0]
	at com.tngtech.archunit.core.importer.ClassFileImporter.importLocations(ClassFileImporter.java:325) ~[archunit-1.3.0.jar:1.3.0]
	at com.tngtech.archunit.junit.internal.ClassCache$CacheClassFileImporter.importClasses(ClassCache.java:126) ~[archunit-junit5-engine-1.3.0.jar:1.3.0]
	at com.tngtech.archunit.junit.internal.ClassCache$LazyJavaClasses.initialize(ClassCache.java:118) ~[archunit-junit5-engine-1.3.0.jar:1.3.0]
	at com.tngtech.archunit.junit.internal.ClassCache$LazyJavaClasses.get(ClassCache.java:107) ~[archunit-junit5-engine-1.3.0.jar:1.3.0]
	at com.tngtech.archunit.junit.internal.ClassCache.getClassesToAnalyzeFor(ClassCache.java:84) ~[archunit-junit5-engine-1.3.0.jar:1.3.0]
	at com.tngtech.archunit.junit.internal.ArchUnitTestDescriptor.lambda$createChildren$1(ArchUnitTestDescriptor.java:90) ~[archunit-junit5-engine-1.3.0.jar:1.3.0]
	at com.tngtech.archunit.junit.internal.ArchUnitTestDescriptor$ArchUnitRuleDescriptor.execute(ArchUnitTestDescriptor.java:167) ~[archunit-junit5-engine-1.3.0.jar:1.3.0]
	at com.tngtech.archunit.junit.internal.ArchUnitTestDescriptor$ArchUnitRuleDescriptor.execute(ArchUnitTestDescriptor.java:150) ~[archunit-junit5-engine-1.3.0.jar:1.3.0]
	at org.junit.platform.engine.support.hierarchical.NodeTestTask.lambda$executeRecursively$6(NodeTestTask.java:151) ~[junit-platform-engine-1.10.1.jar:1.10.1]
	at org.junit.platform.engine.support.hierarchical.ThrowableCollector.execute(ThrowableCollector.java:73) ~[junit-platform-engine-1.10.1.jar:1.10.1]
	at org.junit.platform.engine.support.hierarchical.NodeTestTask.lambda$executeRecursively$8(NodeTestTask.java:141) ~[junit-platform-engine-1.10.1.jar:1.10.1]
	at org.junit.platform.engine.support.hierarchical.Node.around(Node.java:137) ~[junit-platform-engine-1.10.1.jar:1.10.1]
	at org.junit.platform.engine.support.hierarchical.NodeTestTask.lambda$executeRecursively$9(NodeTestTask.java:139) ~[junit-platform-engine-1.10.1.jar:1.10.1]
	at org.junit.platform.engine.support.hierarchical.ThrowableCollector.execute(ThrowableCollector.java:73) ~[junit-platform-engine-1.10.1.jar:1.10.1]
	at org.junit.platform.engine.support.hierarchical.NodeTestTask.executeRecursively(NodeTestTask.java:138) ~[junit-platform-engine-1.10.1.jar:1.10.1]
	at org.junit.platform.engine.support.hierarchical.NodeTestTask.execute(NodeTestTask.java:95) ~[junit-platform-engine-1.10.1.jar:1.10.1]
	at java.base/java.util.ArrayList.forEach(ArrayList.java:1604) ~[na:na]
	at org.junit.platform.engine.support.hierarchical.SameThreadHierarchicalTestExecutorService.invokeAll(SameThreadHierarchicalTestExecutorService.java:41) ~[junit-platform-engine-1.10.1.jar:1.10.1]
	at org.junit.platform.engine.support.hierarchical.NodeTestTask.lambda$executeRecursively$6(NodeTestTask.java:155) ~[junit-platform-engine-1.10.1.jar:1.10.1]
	at org.junit.platform.engine.support.hierarchical.ThrowableCollector.execute(ThrowableCollector.java:73) ~[junit-platform-engine-1.10.1.jar:1.10.1]
	at org.junit.platform.engine.support.hierarchical.NodeTestTask.lambda$executeRecursively$8(NodeTestTask.java:141) ~[junit-platform-engine-1.10.1.jar:1.10.1]
	at org.junit.platform.engine.support.hierarchical.Node.around(Node.java:137) ~[junit-platform-engine-1.10.1.jar:1.10.1]
	at org.junit.platform.engine.support.hierarchical.NodeTestTask.lambda$executeRecursively$9(NodeTestTask.java:139) ~[junit-platform-engine-1.10.1.jar:1.10.1]
	at org.junit.platform.engine.support.hierarchical.ThrowableCollector.execute(ThrowableCollector.java:73) ~[junit-platform-engine-1.10.1.jar:1.10.1]
	at org.junit.platform.engine.support.hierarchical.NodeTestTask.executeRecursively(NodeTestTask.java:138) ~[junit-platform-engine-1.10.1.jar:1.10.1]
	at org.junit.platform.engine.support.hierarchical.NodeTestTask.execute(NodeTestTask.java:95) ~[junit-platform-engine-1.10.1.jar:1.10.1]
	at java.base/java.util.ArrayList.forEach(ArrayList.java:1604) ~[na:na]
	at org.junit.platform.engine.support.hierarchical.SameThreadHierarchicalTestExecutorService.invokeAll(SameThreadHierarchicalTestExecutorService.java:41) ~[junit-platform-engine-1.10.1.jar:1.10.1]
	at org.junit.platform.engine.support.hierarchical.NodeTestTask.lambda$executeRecursively$6(NodeTestTask.java:155) ~[junit-platform-engine-1.10.1.jar:1.10.1]
	at org.junit.platform.engine.support.hierarchical.ThrowableCollector.execute(ThrowableCollector.java:73) ~[junit-platform-engine-1.10.1.jar:1.10.1]
	at org.junit.platform.engine.support.hierarchical.NodeTestTask.lambda$executeRecursively$8(NodeTestTask.java:141) ~[junit-platform-engine-1.10.1.jar:1.10.1]
	at org.junit.platform.engine.support.hierarchical.Node.around(Node.java:137) ~[junit-platform-engine-1.10.1.jar:1.10.1]
	at org.junit.platform.engine.support.hierarchical.NodeTestTask.lambda$executeRecursively$9(NodeTestTask.java:139) ~[junit-platform-engine-1.10.1.jar:1.10.1]
	at org.junit.platform.engine.support.hierarchical.ThrowableCollector.execute(ThrowableCollector.java:73) ~[junit-platform-engine-1.10.1.jar:1.10.1]
	at org.junit.platform.engine.support.hierarchical.NodeTestTask.executeRecursively(NodeTestTask.java:138) ~[junit-platform-engine-1.10.1.jar:1.10.1]
	at org.junit.platform.engine.support.hierarchical.NodeTestTask.execute(NodeTestTask.java:95) ~[junit-platform-engine-1.10.1.jar:1.10.1]
	at org.junit.platform.engine.support.hierarchical.SameThreadHierarchicalTestExecutorService.submit(SameThreadHierarchicalTestExecutorService.java:35) ~[junit-platform-engine-1.10.1.jar:1.10.1]
	at org.junit.platform.engine.support.hierarchical.HierarchicalTestExecutor.execute(HierarchicalTestExecutor.java:57) ~[junit-platform-engine-1.10.1.jar:1.10.1]
	at org.junit.platform.engine.support.hierarchical.HierarchicalTestEngine.execute(HierarchicalTestEngine.java:54) ~[junit-platform-engine-1.10.1.jar:1.10.1]
	at org.junit.platform.launcher.core.EngineExecutionOrchestrator.execute(EngineExecutionOrchestrator.java:198) ~[junit-platform-launcher-1.10.1.jar:1.10.1]
	at org.junit.platform.launcher.core.EngineExecutionOrchestrator.execute(EngineExecutionOrchestrator.java:169) ~[junit-platform-launcher-1.10.1.jar:1.10.1]
	at org.junit.platform.launcher.core.EngineExecutionOrchestrator.execute(EngineExecutionOrchestrator.java:93) ~[junit-platform-launcher-1.10.1.jar:1.10.1]
	at org.junit.platform.launcher.core.EngineExecutionOrchestrator.lambda$execute$0(EngineExecutionOrchestrator.java:58) ~[junit-platform-launcher-1.10.1.jar:1.10.1]
	at org.junit.platform.launcher.core.EngineExecutionOrchestrator.withInterceptedStreams(EngineExecutionOrchestrator.java:141) ~[junit-platform-launcher-1.10.1.jar:1.10.1]
	at org.junit.platform.launcher.core.EngineExecutionOrchestrator.execute(EngineExecutionOrchestrator.java:57) ~[junit-platform-launcher-1.10.1.jar:1.10.1]
	at org.junit.platform.launcher.core.DefaultLauncher.execute(DefaultLauncher.java:103) ~[junit-platform-launcher-1.10.1.jar:1.10.1]
	at org.junit.platform.launcher.core.DefaultLauncher.execute(DefaultLauncher.java:85) ~[junit-platform-launcher-1.10.1.jar:1.10.1]
	at org.junit.platform.launcher.core.DelegatingLauncher.execute(DelegatingLauncher.java:47) ~[junit-platform-launcher-1.10.1.jar:1.10.1]
	at org.apache.maven.surefire.junitplatform.LazyLauncher.execute(LazyLauncher.java:56) ~[surefire-junit-platform-3.1.2.jar:3.1.2]
	at org.apache.maven.surefire.junitplatform.JUnitPlatformProvider.execute(JUnitPlatformProvider.java:184) ~[surefire-junit-platform-3.1.2.jar:3.1.2]
	at org.apache.maven.surefire.junitplatform.JUnitPlatformProvider.invokeAllTests(JUnitPlatformProvider.java:148) ~[surefire-junit-platform-3.1.2.jar:3.1.2]
	at org.apache.maven.surefire.junitplatform.JUnitPlatformProvider.invoke(JUnitPlatformProvider.java:122) ~[surefire-junit-platform-3.1.2.jar:3.1.2]
	at org.apache.maven.surefire.booter.ForkedBooter.runSuitesInProcess(ForkedBooter.java:385) ~[surefire-booter-3.1.2.jar:3.1.2]
	at org.apache.maven.surefire.booter.ForkedBooter.execute(ForkedBooter.java:162) ~[surefire-booter-3.1.2.jar:3.1.2]
	at org.apache.maven.surefire.booter.ForkedBooter.run(ForkedBooter.java:507) ~[surefire-booter-3.1.2.jar:3.1.2]
	at org.apache.maven.surefire.booter.ForkedBooter.main(ForkedBooter.java:495) ~[surefire-booter-3.1.2.jar:3.1.2]

2025-10-13T13:36:42.637+02:00  WARN 80616 --- [hexagonal-app] [           main] c.t.a.core.importer.ClassFileProcessor   : Error during import from jrt:/java.base/java/util/ResourceBundle.class, falling back to simple import

java.lang.IllegalArgumentException: Unsupported class file major version 69
	at com.tngtech.archunit.thirdparty.org.objectweb.asm.ClassReader.<init>(ClassReader.java:200) ~[archunit-1.3.0.jar:1.3.0]
	at com.tngtech.archunit.thirdparty.org.objectweb.asm.ClassReader.<init>(ClassReader.java:180) ~[archunit-1.3.0.jar:1.3.0]
	at com.tngtech.archunit.thirdparty.org.objectweb.asm.ClassReader.<init>(ClassReader.java:166) ~[archunit-1.3.0.jar:1.3.0]
	at com.tngtech.archunit.thirdparty.org.objectweb.asm.ClassReader.<init>(ClassReader.java:288) ~[archunit-1.3.0.jar:1.3.0]
	at com.tngtech.archunit.core.importer.ClassFileProcessor$UriImporterOfProcessor.tryImport(ClassFileProcessor.java:350) ~[archunit-1.3.0.jar:1.3.0]
	at com.tngtech.archunit.core.importer.resolvers.ClassResolverFromClasspath.tryResolve(ClassResolverFromClasspath.java:51) ~[archunit-1.3.0.jar:1.3.0]
	at com.tngtech.archunit.core.importer.ImportedClasses.resolve(ImportedClasses.java:80) ~[archunit-1.3.0.jar:1.3.0]
	at com.tngtech.archunit.core.importer.ImportedClasses.getOrResolve(ImportedClasses.java:67) ~[archunit-1.3.0.jar:1.3.0]
	at com.tngtech.archunit.core.importer.DomainBuilders$JavaFieldBuilder.getType(DomainBuilders.java:227) ~[archunit-1.3.0.jar:1.3.0]
	at com.tngtech.archunit.core.domain.JavaField.<init>(JavaField.java:40) ~[archunit-1.3.0.jar:1.3.0]
	at com.tngtech.archunit.core.domain.DomainObjectCreationContext.createJavaField(DomainObjectCreationContext.java:108) ~[archunit-1.3.0.jar:1.3.0]
	at com.tngtech.archunit.core.importer.DomainBuilders$JavaFieldBuilder.construct(DomainBuilders.java:236) ~[archunit-1.3.0.jar:1.3.0]
	at com.tngtech.archunit.core.importer.DomainBuilders$JavaFieldBuilder.construct(DomainBuilders.java:210) ~[archunit-1.3.0.jar:1.3.0]
	at com.tngtech.archunit.core.importer.DomainBuilders$JavaMemberBuilder.build(DomainBuilders.java:206) ~[archunit-1.3.0.jar:1.3.0]
	at com.tngtech.archunit.core.importer.DomainBuilders$JavaMemberBuilder.build(DomainBuilders.java:138) ~[archunit-1.3.0.jar:1.3.0]
	at com.tngtech.archunit.core.importer.DomainBuilders$BuilderWithBuildParameter$BuildFinisher.lambda$build$0(DomainBuilders.java:892) ~[archunit-1.3.0.jar:1.3.0]
	at java.base/java.util.stream.ReferencePipeline$3$1.accept(ReferencePipeline.java:214) ~[na:na]
	at java.base/java.util.HashMap$KeySpliterator.forEachRemaining(HashMap.java:1716) ~[na:na]
	at java.base/java.util.stream.AbstractPipeline.copyInto(AbstractPipeline.java:570) ~[na:na]
	at java.base/java.util.stream.AbstractPipeline.wrapAndCopyInto(AbstractPipeline.java:560) ~[na:na]
	at java.base/java.util.stream.ReduceOps$ReduceOp.evaluateSequential(ReduceOps.java:921) ~[na:na]
	at java.base/java.util.stream.AbstractPipeline.evaluate(AbstractPipeline.java:265) ~[na:na]
	at java.base/java.util.stream.ReferencePipeline.collect(ReferencePipeline.java:723) ~[na:na]
	at com.tngtech.archunit.core.importer.DomainBuilders$BuilderWithBuildParameter$BuildFinisher.build(DomainBuilders.java:892) ~[archunit-1.3.0.jar:1.3.0]
	at com.tngtech.archunit.core.importer.DomainBuilders$BuilderWithBuildParameter$BuildFinisher.build(DomainBuilders.java:882) ~[archunit-1.3.0.jar:1.3.0]
	at com.tngtech.archunit.core.importer.ClassGraphCreator.createFields(ClassGraphCreator.java:309) ~[archunit-1.3.0.jar:1.3.0]
	at com.tngtech.archunit.core.domain.JavaClassMembers.create(JavaClassMembers.java:351) ~[archunit-1.3.0.jar:1.3.0]
	at com.tngtech.archunit.core.domain.JavaClass.completeMembers(JavaClass.java:1477) ~[archunit-1.3.0.jar:1.3.0]
	at com.tngtech.archunit.core.domain.DomainObjectCreationContext.completeMembers(DomainObjectCreationContext.java:96) ~[archunit-1.3.0.jar:1.3.0]
	at com.tngtech.archunit.core.importer.ClassGraphCreator.completeClasses(ClassGraphCreator.java:120) ~[archunit-1.3.0.jar:1.3.0]
	at com.tngtech.archunit.core.importer.ClassGraphCreator.complete(ClassGraphCreator.java:108) ~[archunit-1.3.0.jar:1.3.0]
	at com.tngtech.archunit.core.importer.ClassFileProcessor.process(ClassFileProcessor.java:75) ~[archunit-1.3.0.jar:1.3.0]
	at com.tngtech.archunit.core.importer.ClassFileImporter.importLocations(ClassFileImporter.java:325) ~[archunit-1.3.0.jar:1.3.0]
	at com.tngtech.archunit.junit.internal.ClassCache$CacheClassFileImporter.importClasses(ClassCache.java:126) ~[archunit-junit5-engine-1.3.0.jar:1.3.0]
	at com.tngtech.archunit.junit.internal.ClassCache$LazyJavaClasses.initialize(ClassCache.java:118) ~[archunit-junit5-engine-1.3.0.jar:1.3.0]
	at com.tngtech.archunit.junit.internal.ClassCache$LazyJavaClasses.get(ClassCache.java:107) ~[archunit-junit5-engine-1.3.0.jar:1.3.0]
	at com.tngtech.archunit.junit.internal.ClassCache.getClassesToAnalyzeFor(ClassCache.java:84) ~[archunit-junit5-engine-1.3.0.jar:1.3.0]
	at com.tngtech.archunit.junit.internal.ArchUnitTestDescriptor.lambda$createChildren$1(ArchUnitTestDescriptor.java:90) ~[archunit-junit5-engine-1.3.0.jar:1.3.0]
	at com.tngtech.archunit.junit.internal.ArchUnitTestDescriptor$ArchUnitRuleDescriptor.execute(ArchUnitTestDescriptor.java:167) ~[archunit-junit5-engine-1.3.0.jar:1.3.0]
	at com.tngtech.archunit.junit.internal.ArchUnitTestDescriptor$ArchUnitRuleDescriptor.execute(ArchUnitTestDescriptor.java:150) ~[archunit-junit5-engine-1.3.0.jar:1.3.0]
	at org.junit.platform.engine.support.hierarchical.NodeTestTask.lambda$executeRecursively$6(NodeTestTask.java:151) ~[junit-platform-engine-1.10.1.jar:1.10.1]
	at org.junit.platform.engine.support.hierarchical.ThrowableCollector.execute(ThrowableCollector.java:73) ~[junit-platform-engine-1.10.1.jar:1.10.1]
	at org.junit.platform.engine.support.hierarchical.NodeTestTask.lambda$executeRecursively$8(NodeTestTask.java:141) ~[junit-platform-engine-1.10.1.jar:1.10.1]
	at org.junit.platform.engine.support.hierarchical.Node.around(Node.java:137) ~[junit-platform-engine-1.10.1.jar:1.10.1]
	at org.junit.platform.engine.support.hierarchical.NodeTestTask.lambda$executeRecursively$9(NodeTestTask.java:139) ~[junit-platform-engine-1.10.1.jar:1.10.1]
	at org.junit.platform.engine.support.hierarchical.ThrowableCollector.execute(ThrowableCollector.java:73) ~[junit-platform-engine-1.10.1.jar:1.10.1]
	at org.junit.platform.engine.support.hierarchical.NodeTestTask.executeRecursively(NodeTestTask.java:138) ~[junit-platform-engine-1.10.1.jar:1.10.1]
	at org.junit.platform.engine.support.hierarchical.NodeTestTask.execute(NodeTestTask.java:95) ~[junit-platform-engine-1.10.1.jar:1.10.1]
	at java.base/java.util.ArrayList.forEach(ArrayList.java:1604) ~[na:na]
	at org.junit.platform.engine.support.hierarchical.SameThreadHierarchicalTestExecutorService.invokeAll(SameThreadHierarchicalTestExecutorService.java:41) ~[junit-platform-engine-1.10.1.jar:1.10.1]
	at org.junit.platform.engine.support.hierarchical.NodeTestTask.lambda$executeRecursively$6(NodeTestTask.java:155) ~[junit-platform-engine-1.10.1.jar:1.10.1]
	at org.junit.platform.engine.support.hierarchical.ThrowableCollector.execute(ThrowableCollector.java:73) ~[junit-platform-engine-1.10.1.jar:1.10.1]
	at org.junit.platform.engine.support.hierarchical.NodeTestTask.lambda$executeRecursively$8(NodeTestTask.java:141) ~[junit-platform-engine-1.10.1.jar:1.10.1]
	at org.junit.platform.engine.support.hierarchical.Node.around(Node.java:137) ~[junit-platform-engine-1.10.1.jar:1.10.1]
	at org.junit.platform.engine.support.hierarchical.NodeTestTask.lambda$executeRecursively$9(NodeTestTask.java:139) ~[junit-platform-engine-1.10.1.jar:1.10.1]
	at org.junit.platform.engine.support.hierarchical.ThrowableCollector.execute(ThrowableCollector.java:73) ~[junit-platform-engine-1.10.1.jar:1.10.1]
	at org.junit.platform.engine.support.hierarchical.NodeTestTask.executeRecursively(NodeTestTask.java:138) ~[junit-platform-engine-1.10.1.jar:1.10.1]
	at org.junit.platform.engine.support.hierarchical.NodeTestTask.execute(NodeTestTask.java:95) ~[junit-platform-engine-1.10.1.jar:1.10.1]
	at java.base/java.util.ArrayList.forEach(ArrayList.java:1604) ~[na:na]
	at org.junit.platform.engine.support.hierarchical.SameThreadHierarchicalTestExecutorService.invokeAll(SameThreadHierarchicalTestExecutorService.java:41) ~[junit-platform-engine-1.10.1.jar:1.10.1]
	at org.junit.platform.engine.support.hierarchical.NodeTestTask.lambda$executeRecursively$6(NodeTestTask.java:155) ~[junit-platform-engine-1.10.1.jar:1.10.1]
	at org.junit.platform.engine.support.hierarchical.ThrowableCollector.execute(ThrowableCollector.java:73) ~[junit-platform-engine-1.10.1.jar:1.10.1]
	at org.junit.platform.engine.support.hierarchical.NodeTestTask.lambda$executeRecursively$8(NodeTestTask.java:141) ~[junit-platform-engine-1.10.1.jar:1.10.1]
	at org.junit.platform.engine.support.hierarchical.Node.around(Node.java:137) ~[junit-platform-engine-1.10.1.jar:1.10.1]
	at org.junit.platform.engine.support.hierarchical.NodeTestTask.lambda$executeRecursively$9(NodeTestTask.java:139) ~[junit-platform-engine-1.10.1.jar:1.10.1]
	at org.junit.platform.engine.support.hierarchical.ThrowableCollector.execute(ThrowableCollector.java:73) ~[junit-platform-engine-1.10.1.jar:1.10.1]
	at org.junit.platform.engine.support.hierarchical.NodeTestTask.executeRecursively(NodeTestTask.java:138) ~[junit-platform-engine-1.10.1.jar:1.10.1]
	at org.junit.platform.engine.support.hierarchical.NodeTestTask.execute(NodeTestTask.java:95) ~[junit-platform-engine-1.10.1.jar:1.10.1]
	at org.junit.platform.engine.support.hierarchical.SameThreadHierarchicalTestExecutorService.submit(SameThreadHierarchicalTestExecutorService.java:35) ~[junit-platform-engine-1.10.1.jar:1.10.1]
	at org.junit.platform.engine.support.hierarchical.HierarchicalTestExecutor.execute(HierarchicalTestExecutor.java:57) ~[junit-platform-engine-1.10.1.jar:1.10.1]
	at org.junit.platform.engine.support.hierarchical.HierarchicalTestEngine.execute(HierarchicalTestEngine.java:54) ~[junit-platform-engine-1.10.1.jar:1.10.1]
	at org.junit.platform.launcher.core.EngineExecutionOrchestrator.execute(EngineExecutionOrchestrator.java:198) ~[junit-platform-launcher-1.10.1.jar:1.10.1]
	at org.junit.platform.launcher.core.EngineExecutionOrchestrator.execute(EngineExecutionOrchestrator.java:169) ~[junit-platform-launcher-1.10.1.jar:1.10.1]
	at org.junit.platform.launcher.core.EngineExecutionOrchestrator.execute(EngineExecutionOrchestrator.java:93) ~[junit-platform-launcher-1.10.1.jar:1.10.1]
	at org.junit.platform.launcher.core.EngineExecutionOrchestrator.lambda$execute$0(EngineExecutionOrchestrator.java:58) ~[junit-platform-launcher-1.10.1.jar:1.10.1]
	at org.junit.platform.launcher.core.EngineExecutionOrchestrator.withInterceptedStreams(EngineExecutionOrchestrator.java:141) ~[junit-platform-launcher-1.10.1.jar:1.10.1]
	at org.junit.platform.launcher.core.EngineExecutionOrchestrator.execute(EngineExecutionOrchestrator.java:57) ~[junit-platform-launcher-1.10.1.jar:1.10.1]
	at org.junit.platform.launcher.core.DefaultLauncher.execute(DefaultLauncher.java:103) ~[junit-platform-launcher-1.10.1.jar:1.10.1]
	at org.junit.platform.launcher.core.DefaultLauncher.execute(DefaultLauncher.java:85) ~[junit-platform-launcher-1.10.1.jar:1.10.1]
	at org.junit.platform.launcher.core.DelegatingLauncher.execute(DelegatingLauncher.java:47) ~[junit-platform-launcher-1.10.1.jar:1.10.1]
	at org.apache.maven.surefire.junitplatform.LazyLauncher.execute(LazyLauncher.java:56) ~[surefire-junit-platform-3.1.2.jar:3.1.2]
	at org.apache.maven.surefire.junitplatform.JUnitPlatformProvider.execute(JUnitPlatformProvider.java:184) ~[surefire-junit-platform-3.1.2.jar:3.1.2]
	at org.apache.maven.surefire.junitplatform.JUnitPlatformProvider.invokeAllTests(JUnitPlatformProvider.java:148) ~[surefire-junit-platform-3.1.2.jar:3.1.2]
	at org.apache.maven.surefire.junitplatform.JUnitPlatformProvider.invoke(JUnitPlatformProvider.java:122) ~[surefire-junit-platform-3.1.2.jar:3.1.2]
	at org.apache.maven.surefire.booter.ForkedBooter.runSuitesInProcess(ForkedBooter.java:385) ~[surefire-booter-3.1.2.jar:3.1.2]
	at org.apache.maven.surefire.booter.ForkedBooter.execute(ForkedBooter.java:162) ~[surefire-booter-3.1.2.jar:3.1.2]
	at org.apache.maven.surefire.booter.ForkedBooter.run(ForkedBooter.java:507) ~[surefire-booter-3.1.2.jar:3.1.2]
	at org.apache.maven.surefire.booter.ForkedBooter.main(ForkedBooter.java:495) ~[surefire-booter-3.1.2.jar:3.1.2]

2025-10-13T13:36:42.639+02:00  WARN 80616 --- [hexagonal-app] [           main] c.t.a.core.importer.ClassFileProcessor   : Error during import from jrt:/java.base/java/util/function/BooleanSupplier.class, falling back to simple import

java.lang.IllegalArgumentException: Unsupported class file major version 69
	at com.tngtech.archunit.thirdparty.org.objectweb.asm.ClassReader.<init>(ClassReader.java:200) ~[archunit-1.3.0.jar:1.3.0]
	at com.tngtech.archunit.thirdparty.org.objectweb.asm.ClassReader.<init>(ClassReader.java:180) ~[archunit-1.3.0.jar:1.3.0]
	at com.tngtech.archunit.thirdparty.org.objectweb.asm.ClassReader.<init>(ClassReader.java:166) ~[archunit-1.3.0.jar:1.3.0]
	at com.tngtech.archunit.thirdparty.org.objectweb.asm.ClassReader.<init>(ClassReader.java:288) ~[archunit-1.3.0.jar:1.3.0]
	at com.tngtech.archunit.core.importer.ClassFileProcessor$UriImporterOfProcessor.tryImport(ClassFileProcessor.java:350) ~[archunit-1.3.0.jar:1.3.0]
	at com.tngtech.archunit.core.importer.resolvers.ClassResolverFromClasspath.tryResolve(ClassResolverFromClasspath.java:51) ~[archunit-1.3.0.jar:1.3.0]
	at com.tngtech.archunit.core.importer.ImportedClasses.resolve(ImportedClasses.java:80) ~[archunit-1.3.0.jar:1.3.0]
	at com.tngtech.archunit.core.importer.ImportedClasses.getOrResolve(ImportedClasses.java:67) ~[archunit-1.3.0.jar:1.3.0]
	at com.tngtech.archunit.core.importer.DomainBuilders$JavaMemberBuilder.get(DomainBuilders.java:179) ~[archunit-1.3.0.jar:1.3.0]
	at com.tngtech.archunit.core.importer.DomainBuilders$JavaCodeUnitBuilder.asJavaClasses(DomainBuilders.java:329) ~[archunit-1.3.0.jar:1.3.0]
	at com.tngtech.archunit.core.importer.DomainBuilders$JavaCodeUnitBuilder.getRawParameterTypes(DomainBuilders.java:303) ~[archunit-1.3.0.jar:1.3.0]
	at com.tngtech.archunit.core.domain.JavaCodeUnit$Parameters.<init>(JavaCodeUnit.java:317) ~[archunit-1.3.0.jar:1.3.0]
	at com.tngtech.archunit.core.domain.JavaCodeUnit.<init>(JavaCodeUnit.java:82) ~[archunit-1.3.0.jar:1.3.0]
	at com.tngtech.archunit.core.domain.JavaMethod.<init>(JavaMethod.java:44) ~[archunit-1.3.0.jar:1.3.0]
	at com.tngtech.archunit.core.domain.DomainObjectCreationContext.createJavaMethod(DomainObjectCreationContext.java:144) ~[archunit-1.3.0.jar:1.3.0]
	at com.tngtech.archunit.core.importer.DomainBuilders$JavaMethodBuilder.construct(DomainBuilders.java:373) ~[archunit-1.3.0.jar:1.3.0]
	at com.tngtech.archunit.core.importer.DomainBuilders$JavaMethodBuilder.construct(DomainBuilders.java:358) ~[archunit-1.3.0.jar:1.3.0]
	at com.tngtech.archunit.core.importer.DomainBuilders$JavaMemberBuilder.build(DomainBuilders.java:206) ~[archunit-1.3.0.jar:1.3.0]
	at com.tngtech.archunit.core.importer.DomainBuilders$JavaMemberBuilder.build(DomainBuilders.java:138) ~[archunit-1.3.0.jar:1.3.0]
	at com.tngtech.archunit.core.importer.DomainBuilders$BuilderWithBuildParameter$BuildFinisher.lambda$build$0(DomainBuilders.java:892) ~[archunit-1.3.0.jar:1.3.0]
	at java.base/java.util.stream.ReferencePipeline$3$1.accept(ReferencePipeline.java:214) ~[na:na]
	at java.base/java.util.stream.ReferencePipeline$2$1.accept(ReferencePipeline.java:197) ~[na:na]
	at java.base/java.util.HashMap$KeySpliterator.forEachRemaining(HashMap.java:1716) ~[na:na]
	at java.base/java.util.stream.AbstractPipeline.copyInto(AbstractPipeline.java:570) ~[na:na]
	at java.base/java.util.stream.AbstractPipeline.wrapAndCopyInto(AbstractPipeline.java:560) ~[na:na]
	at java.base/java.util.stream.ReduceOps$ReduceOp.evaluateSequential(ReduceOps.java:921) ~[na:na]
	at java.base/java.util.stream.AbstractPipeline.evaluate(AbstractPipeline.java:265) ~[na:na]
	at java.base/java.util.stream.ReferencePipeline.collect(ReferencePipeline.java:723) ~[na:na]
	at com.tngtech.archunit.core.importer.DomainBuilders$BuilderWithBuildParameter$BuildFinisher.build(DomainBuilders.java:892) ~[archunit-1.3.0.jar:1.3.0]
	at com.tngtech.archunit.core.importer.ClassGraphCreator.createMethods(ClassGraphCreator.java:322) ~[archunit-1.3.0.jar:1.3.0]
	at com.tngtech.archunit.core.domain.JavaClassMembers.create(JavaClassMembers.java:352) ~[archunit-1.3.0.jar:1.3.0]
	at com.tngtech.archunit.core.domain.JavaClass.completeMembers(JavaClass.java:1477) ~[archunit-1.3.0.jar:1.3.0]
	at com.tngtech.archunit.core.domain.DomainObjectCreationContext.completeMembers(DomainObjectCreationContext.java:96) ~[archunit-1.3.0.jar:1.3.0]
	at com.tngtech.archunit.core.importer.ClassGraphCreator.completeClasses(ClassGraphCreator.java:120) ~[archunit-1.3.0.jar:1.3.0]
	at com.tngtech.archunit.core.importer.ClassGraphCreator.complete(ClassGraphCreator.java:108) ~[archunit-1.3.0.jar:1.3.0]
	at com.tngtech.archunit.core.importer.ClassFileProcessor.process(ClassFileProcessor.java:75) ~[archunit-1.3.0.jar:1.3.0]
	at com.tngtech.archunit.core.importer.ClassFileImporter.importLocations(ClassFileImporter.java:325) ~[archunit-1.3.0.jar:1.3.0]
	at com.tngtech.archunit.junit.internal.ClassCache$CacheClassFileImporter.importClasses(ClassCache.java:126) ~[archunit-junit5-engine-1.3.0.jar:1.3.0]
	at com.tngtech.archunit.junit.internal.ClassCache$LazyJavaClasses.initialize(ClassCache.java:118) ~[archunit-junit5-engine-1.3.0.jar:1.3.0]
	at com.tngtech.archunit.junit.internal.ClassCache$LazyJavaClasses.get(ClassCache.java:107) ~[archunit-junit5-engine-1.3.0.jar:1.3.0]
	at com.tngtech.archunit.junit.internal.ClassCache.getClassesToAnalyzeFor(ClassCache.java:84) ~[archunit-junit5-engine-1.3.0.jar:1.3.0]
	at com.tngtech.archunit.junit.internal.ArchUnitTestDescriptor.lambda$createChildren$1(ArchUnitTestDescriptor.java:90) ~[archunit-junit5-engine-1.3.0.jar:1.3.0]
	at com.tngtech.archunit.junit.internal.ArchUnitTestDescriptor$ArchUnitRuleDescriptor.execute(ArchUnitTestDescriptor.java:167) ~[archunit-junit5-engine-1.3.0.jar:1.3.0]
	at com.tngtech.archunit.junit.internal.ArchUnitTestDescriptor$ArchUnitRuleDescriptor.execute(ArchUnitTestDescriptor.java:150) ~[archunit-junit5-engine-1.3.0.jar:1.3.0]
	at org.junit.platform.engine.support.hierarchical.NodeTestTask.lambda$executeRecursively$6(NodeTestTask.java:151) ~[junit-platform-engine-1.10.1.jar:1.10.1]
	at org.junit.platform.engine.support.hierarchical.ThrowableCollector.execute(ThrowableCollector.java:73) ~[junit-platform-engine-1.10.1.jar:1.10.1]
	at org.junit.platform.engine.support.hierarchical.NodeTestTask.lambda$executeRecursively$8(NodeTestTask.java:141) ~[junit-platform-engine-1.10.1.jar:1.10.1]
	at org.junit.platform.engine.support.hierarchical.Node.around(Node.java:137) ~[junit-platform-engine-1.10.1.jar:1.10.1]
	at org.junit.platform.engine.support.hierarchical.NodeTestTask.lambda$executeRecursively$9(NodeTestTask.java:139) ~[junit-platform-engine-1.10.1.jar:1.10.1]
	at org.junit.platform.engine.support.hierarchical.ThrowableCollector.execute(ThrowableCollector.java:73) ~[junit-platform-engine-1.10.1.jar:1.10.1]
	at org.junit.platform.engine.support.hierarchical.NodeTestTask.executeRecursively(NodeTestTask.java:138) ~[junit-platform-engine-1.10.1.jar:1.10.1]
	at org.junit.platform.engine.support.hierarchical.NodeTestTask.execute(NodeTestTask.java:95) ~[junit-platform-engine-1.10.1.jar:1.10.1]
	at java.base/java.util.ArrayList.forEach(ArrayList.java:1604) ~[na:na]
	at org.junit.platform.engine.support.hierarchical.SameThreadHierarchicalTestExecutorService.invokeAll(SameThreadHierarchicalTestExecutorService.java:41) ~[junit-platform-engine-1.10.1.jar:1.10.1]
	at org.junit.platform.engine.support.hierarchical.NodeTestTask.lambda$executeRecursively$6(NodeTestTask.java:155) ~[junit-platform-engine-1.10.1.jar:1.10.1]
	at org.junit.platform.engine.support.hierarchical.ThrowableCollector.execute(ThrowableCollector.java:73) ~[junit-platform-engine-1.10.1.jar:1.10.1]
	at org.junit.platform.engine.support.hierarchical.NodeTestTask.lambda$executeRecursively$8(NodeTestTask.java:141) ~[junit-platform-engine-1.10.1.jar:1.10.1]
	at org.junit.platform.engine.support.hierarchical.Node.around(Node.java:137) ~[junit-platform-engine-1.10.1.jar:1.10.1]
	at org.junit.platform.engine.support.hierarchical.NodeTestTask.lambda$executeRecursively$9(NodeTestTask.java:139) ~[junit-platform-engine-1.10.1.jar:1.10.1]
	at org.junit.platform.engine.support.hierarchical.ThrowableCollector.execute(ThrowableCollector.java:73) ~[junit-platform-engine-1.10.1.jar:1.10.1]
	at org.junit.platform.engine.support.hierarchical.NodeTestTask.executeRecursively(NodeTestTask.java:138) ~[junit-platform-engine-1.10.1.jar:1.10.1]
	at org.junit.platform.engine.support.hierarchical.NodeTestTask.execute(NodeTestTask.java:95) ~[junit-platform-engine-1.10.1.jar:1.10.1]
	at java.base/java.util.ArrayList.forEach(ArrayList.java:1604) ~[na:na]
	at org.junit.platform.engine.support.hierarchical.SameThreadHierarchicalTestExecutorService.invokeAll(SameThreadHierarchicalTestExecutorService.java:41) ~[junit-platform-engine-1.10.1.jar:1.10.1]
	at org.junit.platform.engine.support.hierarchical.NodeTestTask.lambda$executeRecursively$6(NodeTestTask.java:155) ~[junit-platform-engine-1.10.1.jar:1.10.1]
	at org.junit.platform.engine.support.hierarchical.ThrowableCollector.execute(ThrowableCollector.java:73) ~[junit-platform-engine-1.10.1.jar:1.10.1]
	at org.junit.platform.engine.support.hierarchical.NodeTestTask.lambda$executeRecursively$8(NodeTestTask.java:141) ~[junit-platform-engine-1.10.1.jar:1.10.1]
	at org.junit.platform.engine.support.hierarchical.Node.around(Node.java:137) ~[junit-platform-engine-1.10.1.jar:1.10.1]
	at org.junit.platform.engine.support.hierarchical.NodeTestTask.lambda$executeRecursively$9(NodeTestTask.java:139) ~[junit-platform-engine-1.10.1.jar:1.10.1]
	at org.junit.platform.engine.support.hierarchical.ThrowableCollector.execute(ThrowableCollector.java:73) ~[junit-platform-engine-1.10.1.jar:1.10.1]
	at org.junit.platform.engine.support.hierarchical.NodeTestTask.executeRecursively(NodeTestTask.java:138) ~[junit-platform-engine-1.10.1.jar:1.10.1]
	at org.junit.platform.engine.support.hierarchical.NodeTestTask.execute(NodeTestTask.java:95) ~[junit-platform-engine-1.10.1.jar:1.10.1]
	at org.junit.platform.engine.support.hierarchical.SameThreadHierarchicalTestExecutorService.submit(SameThreadHierarchicalTestExecutorService.java:35) ~[junit-platform-engine-1.10.1.jar:1.10.1]
	at org.junit.platform.engine.support.hierarchical.HierarchicalTestExecutor.execute(HierarchicalTestExecutor.java:57) ~[junit-platform-engine-1.10.1.jar:1.10.1]
	at org.junit.platform.engine.support.hierarchical.HierarchicalTestEngine.execute(HierarchicalTestEngine.java:54) ~[junit-platform-engine-1.10.1.jar:1.10.1]
	at org.junit.platform.launcher.core.EngineExecutionOrchestrator.execute(EngineExecutionOrchestrator.java:198) ~[junit-platform-launcher-1.10.1.jar:1.10.1]
	at org.junit.platform.launcher.core.EngineExecutionOrchestrator.execute(EngineExecutionOrchestrator.java:169) ~[junit-platform-launcher-1.10.1.jar:1.10.1]
	at org.junit.platform.launcher.core.EngineExecutionOrchestrator.execute(EngineExecutionOrchestrator.java:93) ~[junit-platform-launcher-1.10.1.jar:1.10.1]
	at org.junit.platform.launcher.core.EngineExecutionOrchestrator.lambda$execute$0(EngineExecutionOrchestrator.java:58) ~[junit-platform-launcher-1.10.1.jar:1.10.1]
	at org.junit.platform.launcher.core.EngineExecutionOrchestrator.withInterceptedStreams(EngineExecutionOrchestrator.java:141) ~[junit-platform-launcher-1.10.1.jar:1.10.1]
	at org.junit.platform.launcher.core.EngineExecutionOrchestrator.execute(EngineExecutionOrchestrator.java:57) ~[junit-platform-launcher-1.10.1.jar:1.10.1]
	at org.junit.platform.launcher.core.DefaultLauncher.execute(DefaultLauncher.java:103) ~[junit-platform-launcher-1.10.1.jar:1.10.1]
	at org.junit.platform.launcher.core.DefaultLauncher.execute(DefaultLauncher.java:85) ~[junit-platform-launcher-1.10.1.jar:1.10.1]
	at org.junit.platform.launcher.core.DelegatingLauncher.execute(DelegatingLauncher.java:47) ~[junit-platform-launcher-1.10.1.jar:1.10.1]
	at org.apache.maven.surefire.junitplatform.LazyLauncher.execute(LazyLauncher.java:56) ~[surefire-junit-platform-3.1.2.jar:3.1.2]
	at org.apache.maven.surefire.junitplatform.JUnitPlatformProvider.execute(JUnitPlatformProvider.java:184) ~[surefire-junit-platform-3.1.2.jar:3.1.2]
	at org.apache.maven.surefire.junitplatform.JUnitPlatformProvider.invokeAllTests(JUnitPlatformProvider.java:148) ~[surefire-junit-platform-3.1.2.jar:3.1.2]
	at org.apache.maven.surefire.junitplatform.JUnitPlatformProvider.invoke(JUnitPlatformProvider.java:122) ~[surefire-junit-platform-3.1.2.jar:3.1.2]
	at org.apache.maven.surefire.booter.ForkedBooter.runSuitesInProcess(ForkedBooter.java:385) ~[surefire-booter-3.1.2.jar:3.1.2]
	at org.apache.maven.surefire.booter.ForkedBooter.execute(ForkedBooter.java:162) ~[surefire-booter-3.1.2.jar:3.1.2]
	at org.apache.maven.surefire.booter.ForkedBooter.run(ForkedBooter.java:507) ~[surefire-booter-3.1.2.jar:3.1.2]
	at org.apache.maven.surefire.booter.ForkedBooter.main(ForkedBooter.java:495) ~[surefire-booter-3.1.2.jar:3.1.2]

2025-10-13T13:36:42.640+02:00  WARN 80616 --- [hexagonal-app] [           main] c.t.a.core.importer.ClassFileProcessor   : Error during import from jrt:/java.base/java/time/Duration.class, falling back to simple import

java.lang.IllegalArgumentException: Unsupported class file major version 69
	at com.tngtech.archunit.thirdparty.org.objectweb.asm.ClassReader.<init>(ClassReader.java:200) ~[archunit-1.3.0.jar:1.3.0]
	at com.tngtech.archunit.thirdparty.org.objectweb.asm.ClassReader.<init>(ClassReader.java:180) ~[archunit-1.3.0.jar:1.3.0]
	at com.tngtech.archunit.thirdparty.org.objectweb.asm.ClassReader.<init>(ClassReader.java:166) ~[archunit-1.3.0.jar:1.3.0]
	at com.tngtech.archunit.thirdparty.org.objectweb.asm.ClassReader.<init>(ClassReader.java:288) ~[archunit-1.3.0.jar:1.3.0]
	at com.tngtech.archunit.core.importer.ClassFileProcessor$UriImporterOfProcessor.tryImport(ClassFileProcessor.java:350) ~[archunit-1.3.0.jar:1.3.0]
	at com.tngtech.archunit.core.importer.resolvers.ClassResolverFromClasspath.tryResolve(ClassResolverFromClasspath.java:51) ~[archunit-1.3.0.jar:1.3.0]
	at com.tngtech.archunit.core.importer.ImportedClasses.resolve(ImportedClasses.java:80) ~[archunit-1.3.0.jar:1.3.0]
	at com.tngtech.archunit.core.importer.ImportedClasses.getOrResolve(ImportedClasses.java:67) ~[archunit-1.3.0.jar:1.3.0]
	at com.tngtech.archunit.core.importer.DomainBuilders$JavaMemberBuilder.get(DomainBuilders.java:179) ~[archunit-1.3.0.jar:1.3.0]
	at com.tngtech.archunit.core.importer.DomainBuilders$JavaCodeUnitBuilder.asJavaClasses(DomainBuilders.java:329) ~[archunit-1.3.0.jar:1.3.0]
	at com.tngtech.archunit.core.importer.DomainBuilders$JavaCodeUnitBuilder.getRawParameterTypes(DomainBuilders.java:303) ~[archunit-1.3.0.jar:1.3.0]
	at com.tngtech.archunit.core.domain.JavaCodeUnit$Parameters.<init>(JavaCodeUnit.java:317) ~[archunit-1.3.0.jar:1.3.0]
	at com.tngtech.archunit.core.domain.JavaCodeUnit.<init>(JavaCodeUnit.java:82) ~[archunit-1.3.0.jar:1.3.0]
	at com.tngtech.archunit.core.domain.JavaMethod.<init>(JavaMethod.java:44) ~[archunit-1.3.0.jar:1.3.0]
	at com.tngtech.archunit.core.domain.DomainObjectCreationContext.createJavaMethod(DomainObjectCreationContext.java:144) ~[archunit-1.3.0.jar:1.3.0]
	at com.tngtech.archunit.core.importer.DomainBuilders$JavaMethodBuilder.construct(DomainBuilders.java:373) ~[archunit-1.3.0.jar:1.3.0]
	at com.tngtech.archunit.core.importer.DomainBuilders$JavaMethodBuilder.construct(DomainBuilders.java:358) ~[archunit-1.3.0.jar:1.3.0]
	at com.tngtech.archunit.core.importer.DomainBuilders$JavaMemberBuilder.build(DomainBuilders.java:206) ~[archunit-1.3.0.jar:1.3.0]
	at com.tngtech.archunit.core.importer.DomainBuilders$JavaMemberBuilder.build(DomainBuilders.java:138) ~[archunit-1.3.0.jar:1.3.0]
	at com.tngtech.archunit.core.importer.DomainBuilders$BuilderWithBuildParameter$BuildFinisher.lambda$build$0(DomainBuilders.java:892) ~[archunit-1.3.0.jar:1.3.0]
	at java.base/java.util.stream.ReferencePipeline$3$1.accept(ReferencePipeline.java:214) ~[na:na]
	at java.base/java.util.stream.ReferencePipeline$2$1.accept(ReferencePipeline.java:197) ~[na:na]
	at java.base/java.util.HashMap$KeySpliterator.forEachRemaining(HashMap.java:1716) ~[na:na]
	at java.base/java.util.stream.AbstractPipeline.copyInto(AbstractPipeline.java:570) ~[na:na]
	at java.base/java.util.stream.AbstractPipeline.wrapAndCopyInto(AbstractPipeline.java:560) ~[na:na]
	at java.base/java.util.stream.ReduceOps$ReduceOp.evaluateSequential(ReduceOps.java:921) ~[na:na]
	at java.base/java.util.stream.AbstractPipeline.evaluate(AbstractPipeline.java:265) ~[na:na]
	at java.base/java.util.stream.ReferencePipeline.collect(ReferencePipeline.java:723) ~[na:na]
	at com.tngtech.archunit.core.importer.DomainBuilders$BuilderWithBuildParameter$BuildFinisher.build(DomainBuilders.java:892) ~[archunit-1.3.0.jar:1.3.0]
	at com.tngtech.archunit.core.importer.ClassGraphCreator.createMethods(ClassGraphCreator.java:322) ~[archunit-1.3.0.jar:1.3.0]
	at com.tngtech.archunit.core.domain.JavaClassMembers.create(JavaClassMembers.java:352) ~[archunit-1.3.0.jar:1.3.0]
	at com.tngtech.archunit.core.domain.JavaClass.completeMembers(JavaClass.java:1477) ~[archunit-1.3.0.jar:1.3.0]
	at com.tngtech.archunit.core.domain.DomainObjectCreationContext.completeMembers(DomainObjectCreationContext.java:96) ~[archunit-1.3.0.jar:1.3.0]
	at com.tngtech.archunit.core.importer.ClassGraphCreator.completeClasses(ClassGraphCreator.java:120) ~[archunit-1.3.0.jar:1.3.0]
	at com.tngtech.archunit.core.importer.ClassGraphCreator.complete(ClassGraphCreator.java:108) ~[archunit-1.3.0.jar:1.3.0]
	at com.tngtech.archunit.core.importer.ClassFileProcessor.process(ClassFileProcessor.java:75) ~[archunit-1.3.0.jar:1.3.0]
	at com.tngtech.archunit.core.importer.ClassFileImporter.importLocations(ClassFileImporter.java:325) ~[archunit-1.3.0.jar:1.3.0]
	at com.tngtech.archunit.junit.internal.ClassCache$CacheClassFileImporter.importClasses(ClassCache.java:126) ~[archunit-junit5-engine-1.3.0.jar:1.3.0]
	at com.tngtech.archunit.junit.internal.ClassCache$LazyJavaClasses.initialize(ClassCache.java:118) ~[archunit-junit5-engine-1.3.0.jar:1.3.0]
	at com.tngtech.archunit.junit.internal.ClassCache$LazyJavaClasses.get(ClassCache.java:107) ~[archunit-junit5-engine-1.3.0.jar:1.3.0]
	at com.tngtech.archunit.junit.internal.ClassCache.getClassesToAnalyzeFor(ClassCache.java:84) ~[archunit-junit5-engine-1.3.0.jar:1.3.0]
	at com.tngtech.archunit.junit.internal.ArchUnitTestDescriptor.lambda$createChildren$1(ArchUnitTestDescriptor.java:90) ~[archunit-junit5-engine-1.3.0.jar:1.3.0]
	at com.tngtech.archunit.junit.internal.ArchUnitTestDescriptor$ArchUnitRuleDescriptor.execute(ArchUnitTestDescriptor.java:167) ~[archunit-junit5-engine-1.3.0.jar:1.3.0]
	at com.tngtech.archunit.junit.internal.ArchUnitTestDescriptor$ArchUnitRuleDescriptor.execute(ArchUnitTestDescriptor.java:150) ~[archunit-junit5-engine-1.3.0.jar:1.3.0]
	at org.junit.platform.engine.support.hierarchical.NodeTestTask.lambda$executeRecursively$6(NodeTestTask.java:151) ~[junit-platform-engine-1.10.1.jar:1.10.1]
	at org.junit.platform.engine.support.hierarchical.ThrowableCollector.execute(ThrowableCollector.java:73) ~[junit-platform-engine-1.10.1.jar:1.10.1]
	at org.junit.platform.engine.support.hierarchical.NodeTestTask.lambda$executeRecursively$8(NodeTestTask.java:141) ~[junit-platform-engine-1.10.1.jar:1.10.1]
	at org.junit.platform.engine.support.hierarchical.Node.around(Node.java:137) ~[junit-platform-engine-1.10.1.jar:1.10.1]
	at org.junit.platform.engine.support.hierarchical.NodeTestTask.lambda$executeRecursively$9(NodeTestTask.java:139) ~[junit-platform-engine-1.10.1.jar:1.10.1]
	at org.junit.platform.engine.support.hierarchical.ThrowableCollector.execute(ThrowableCollector.java:73) ~[junit-platform-engine-1.10.1.jar:1.10.1]
	at org.junit.platform.engine.support.hierarchical.NodeTestTask.executeRecursively(NodeTestTask.java:138) ~[junit-platform-engine-1.10.1.jar:1.10.1]
	at org.junit.platform.engine.support.hierarchical.NodeTestTask.execute(NodeTestTask.java:95) ~[junit-platform-engine-1.10.1.jar:1.10.1]
	at java.base/java.util.ArrayList.forEach(ArrayList.java:1604) ~[na:na]
	at org.junit.platform.engine.support.hierarchical.SameThreadHierarchicalTestExecutorService.invokeAll(SameThreadHierarchicalTestExecutorService.java:41) ~[junit-platform-engine-1.10.1.jar:1.10.1]
	at org.junit.platform.engine.support.hierarchical.NodeTestTask.lambda$executeRecursively$6(NodeTestTask.java:155) ~[junit-platform-engine-1.10.1.jar:1.10.1]
	at org.junit.platform.engine.support.hierarchical.ThrowableCollector.execute(ThrowableCollector.java:73) ~[junit-platform-engine-1.10.1.jar:1.10.1]
	at org.junit.platform.engine.support.hierarchical.NodeTestTask.lambda$executeRecursively$8(NodeTestTask.java:141) ~[junit-platform-engine-1.10.1.jar:1.10.1]
	at org.junit.platform.engine.support.hierarchical.Node.around(Node.java:137) ~[junit-platform-engine-1.10.1.jar:1.10.1]
	at org.junit.platform.engine.support.hierarchical.NodeTestTask.lambda$executeRecursively$9(NodeTestTask.java:139) ~[junit-platform-engine-1.10.1.jar:1.10.1]
	at org.junit.platform.engine.support.hierarchical.ThrowableCollector.execute(ThrowableCollector.java:73) ~[junit-platform-engine-1.10.1.jar:1.10.1]
	at org.junit.platform.engine.support.hierarchical.NodeTestTask.executeRecursively(NodeTestTask.java:138) ~[junit-platform-engine-1.10.1.jar:1.10.1]
	at org.junit.platform.engine.support.hierarchical.NodeTestTask.execute(NodeTestTask.java:95) ~[junit-platform-engine-1.10.1.jar:1.10.1]
	at java.base/java.util.ArrayList.forEach(ArrayList.java:1604) ~[na:na]
	at org.junit.platform.engine.support.hierarchical.SameThreadHierarchicalTestExecutorService.invokeAll(SameThreadHierarchicalTestExecutorService.java:41) ~[junit-platform-engine-1.10.1.jar:1.10.1]
	at org.junit.platform.engine.support.hierarchical.NodeTestTask.lambda$executeRecursively$6(NodeTestTask.java:155) ~[junit-platform-engine-1.10.1.jar:1.10.1]
	at org.junit.platform.engine.support.hierarchical.ThrowableCollector.execute(ThrowableCollector.java:73) ~[junit-platform-engine-1.10.1.jar:1.10.1]
	at org.junit.platform.engine.support.hierarchical.NodeTestTask.lambda$executeRecursively$8(NodeTestTask.java:141) ~[junit-platform-engine-1.10.1.jar:1.10.1]
	at org.junit.platform.engine.support.hierarchical.Node.around(Node.java:137) ~[junit-platform-engine-1.10.1.jar:1.10.1]
	at org.junit.platform.engine.support.hierarchical.NodeTestTask.lambda$executeRecursively$9(NodeTestTask.java:139) ~[junit-platform-engine-1.10.1.jar:1.10.1]
	at org.junit.platform.engine.support.hierarchical.ThrowableCollector.execute(ThrowableCollector.java:73) ~[junit-platform-engine-1.10.1.jar:1.10.1]
	at org.junit.platform.engine.support.hierarchical.NodeTestTask.executeRecursively(NodeTestTask.java:138) ~[junit-platform-engine-1.10.1.jar:1.10.1]
	at org.junit.platform.engine.support.hierarchical.NodeTestTask.execute(NodeTestTask.java:95) ~[junit-platform-engine-1.10.1.jar:1.10.1]
	at org.junit.platform.engine.support.hierarchical.SameThreadHierarchicalTestExecutorService.submit(SameThreadHierarchicalTestExecutorService.java:35) ~[junit-platform-engine-1.10.1.jar:1.10.1]
	at org.junit.platform.engine.support.hierarchical.HierarchicalTestExecutor.execute(HierarchicalTestExecutor.java:57) ~[junit-platform-engine-1.10.1.jar:1.10.1]
	at org.junit.platform.engine.support.hierarchical.HierarchicalTestEngine.execute(HierarchicalTestEngine.java:54) ~[junit-platform-engine-1.10.1.jar:1.10.1]
	at org.junit.platform.launcher.core.EngineExecutionOrchestrator.execute(EngineExecutionOrchestrator.java:198) ~[junit-platform-launcher-1.10.1.jar:1.10.1]
	at org.junit.platform.launcher.core.EngineExecutionOrchestrator.execute(EngineExecutionOrchestrator.java:169) ~[junit-platform-launcher-1.10.1.jar:1.10.1]
	at org.junit.platform.launcher.core.EngineExecutionOrchestrator.execute(EngineExecutionOrchestrator.java:93) ~[junit-platform-launcher-1.10.1.jar:1.10.1]
	at org.junit.platform.launcher.core.EngineExecutionOrchestrator.lambda$execute$0(EngineExecutionOrchestrator.java:58) ~[junit-platform-launcher-1.10.1.jar:1.10.1]
	at org.junit.platform.launcher.core.EngineExecutionOrchestrator.withInterceptedStreams(EngineExecutionOrchestrator.java:141) ~[junit-platform-launcher-1.10.1.jar:1.10.1]
	at org.junit.platform.launcher.core.EngineExecutionOrchestrator.execute(EngineExecutionOrchestrator.java:57) ~[junit-platform-launcher-1.10.1.jar:1.10.1]
	at org.junit.platform.launcher.core.DefaultLauncher.execute(DefaultLauncher.java:103) ~[junit-platform-launcher-1.10.1.jar:1.10.1]
	at org.junit.platform.launcher.core.DefaultLauncher.execute(DefaultLauncher.java:85) ~[junit-platform-launcher-1.10.1.jar:1.10.1]
	at org.junit.platform.launcher.core.DelegatingLauncher.execute(DelegatingLauncher.java:47) ~[junit-platform-launcher-1.10.1.jar:1.10.1]
	at org.apache.maven.surefire.junitplatform.LazyLauncher.execute(LazyLauncher.java:56) ~[surefire-junit-platform-3.1.2.jar:3.1.2]
	at org.apache.maven.surefire.junitplatform.JUnitPlatformProvider.execute(JUnitPlatformProvider.java:184) ~[surefire-junit-platform-3.1.2.jar:3.1.2]
	at org.apache.maven.surefire.junitplatform.JUnitPlatformProvider.invokeAllTests(JUnitPlatformProvider.java:148) ~[surefire-junit-platform-3.1.2.jar:3.1.2]
	at org.apache.maven.surefire.junitplatform.JUnitPlatformProvider.invoke(JUnitPlatformProvider.java:122) ~[surefire-junit-platform-3.1.2.jar:3.1.2]
	at org.apache.maven.surefire.booter.ForkedBooter.runSuitesInProcess(ForkedBooter.java:385) ~[surefire-booter-3.1.2.jar:3.1.2]
	at org.apache.maven.surefire.booter.ForkedBooter.execute(ForkedBooter.java:162) ~[surefire-booter-3.1.2.jar:3.1.2]
	at org.apache.maven.surefire.booter.ForkedBooter.run(ForkedBooter.java:507) ~[surefire-booter-3.1.2.jar:3.1.2]
	at org.apache.maven.surefire.booter.ForkedBooter.main(ForkedBooter.java:495) ~[surefire-booter-3.1.2.jar:3.1.2]

2025-10-13T13:36:42.643+02:00  WARN 80616 --- [hexagonal-app] [           main] c.t.a.core.importer.ClassFileProcessor   : Error during import from jrt:/java.base/java/util/function/Consumer.class, falling back to simple import

java.lang.IllegalArgumentException: Unsupported class file major version 69
	at com.tngtech.archunit.thirdparty.org.objectweb.asm.ClassReader.<init>(ClassReader.java:200) ~[archunit-1.3.0.jar:1.3.0]
	at com.tngtech.archunit.thirdparty.org.objectweb.asm.ClassReader.<init>(ClassReader.java:180) ~[archunit-1.3.0.jar:1.3.0]
	at com.tngtech.archunit.thirdparty.org.objectweb.asm.ClassReader.<init>(ClassReader.java:166) ~[archunit-1.3.0.jar:1.3.0]
	at com.tngtech.archunit.thirdparty.org.objectweb.asm.ClassReader.<init>(ClassReader.java:288) ~[archunit-1.3.0.jar:1.3.0]
	at com.tngtech.archunit.core.importer.ClassFileProcessor$UriImporterOfProcessor.tryImport(ClassFileProcessor.java:350) ~[archunit-1.3.0.jar:1.3.0]
	at com.tngtech.archunit.core.importer.resolvers.ClassResolverFromClasspath.tryResolve(ClassResolverFromClasspath.java:51) ~[archunit-1.3.0.jar:1.3.0]
	at com.tngtech.archunit.core.importer.ImportedClasses.resolve(ImportedClasses.java:80) ~[archunit-1.3.0.jar:1.3.0]
	at com.tngtech.archunit.core.importer.ImportedClasses.getOrResolve(ImportedClasses.java:67) ~[archunit-1.3.0.jar:1.3.0]
	at com.tngtech.archunit.core.importer.DomainBuilders$JavaMemberBuilder.get(DomainBuilders.java:179) ~[archunit-1.3.0.jar:1.3.0]
	at com.tngtech.archunit.core.importer.DomainBuilders$JavaCodeUnitBuilder.asJavaClasses(DomainBuilders.java:329) ~[archunit-1.3.0.jar:1.3.0]
	at com.tngtech.archunit.core.importer.DomainBuilders$JavaCodeUnitBuilder.getRawParameterTypes(DomainBuilders.java:303) ~[archunit-1.3.0.jar:1.3.0]
	at com.tngtech.archunit.core.domain.JavaCodeUnit$Parameters.<init>(JavaCodeUnit.java:317) ~[archunit-1.3.0.jar:1.3.0]
	at com.tngtech.archunit.core.domain.JavaCodeUnit.<init>(JavaCodeUnit.java:82) ~[archunit-1.3.0.jar:1.3.0]
	at com.tngtech.archunit.core.domain.JavaMethod.<init>(JavaMethod.java:44) ~[archunit-1.3.0.jar:1.3.0]
	at com.tngtech.archunit.core.domain.DomainObjectCreationContext.createJavaMethod(DomainObjectCreationContext.java:144) ~[archunit-1.3.0.jar:1.3.0]
	at com.tngtech.archunit.core.importer.DomainBuilders$JavaMethodBuilder.construct(DomainBuilders.java:373) ~[archunit-1.3.0.jar:1.3.0]
	at com.tngtech.archunit.core.importer.DomainBuilders$JavaMethodBuilder.construct(DomainBuilders.java:358) ~[archunit-1.3.0.jar:1.3.0]
	at com.tngtech.archunit.core.importer.DomainBuilders$JavaMemberBuilder.build(DomainBuilders.java:206) ~[archunit-1.3.0.jar:1.3.0]
	at com.tngtech.archunit.core.importer.DomainBuilders$JavaMemberBuilder.build(DomainBuilders.java:138) ~[archunit-1.3.0.jar:1.3.0]
	at com.tngtech.archunit.core.importer.DomainBuilders$BuilderWithBuildParameter$BuildFinisher.lambda$build$0(DomainBuilders.java:892) ~[archunit-1.3.0.jar:1.3.0]
	at java.base/java.util.stream.ReferencePipeline$3$1.accept(ReferencePipeline.java:214) ~[na:na]
	at java.base/java.util.stream.ReferencePipeline$2$1.accept(ReferencePipeline.java:197) ~[na:na]
	at java.base/java.util.HashMap$KeySpliterator.forEachRemaining(HashMap.java:1716) ~[na:na]
	at java.base/java.util.stream.AbstractPipeline.copyInto(AbstractPipeline.java:570) ~[na:na]
	at java.base/java.util.stream.AbstractPipeline.wrapAndCopyInto(AbstractPipeline.java:560) ~[na:na]
	at java.base/java.util.stream.ReduceOps$ReduceOp.evaluateSequential(ReduceOps.java:921) ~[na:na]
	at java.base/java.util.stream.AbstractPipeline.evaluate(AbstractPipeline.java:265) ~[na:na]
	at java.base/java.util.stream.ReferencePipeline.collect(ReferencePipeline.java:723) ~[na:na]
	at com.tngtech.archunit.core.importer.DomainBuilders$BuilderWithBuildParameter$BuildFinisher.build(DomainBuilders.java:892) ~[archunit-1.3.0.jar:1.3.0]
	at com.tngtech.archunit.core.importer.ClassGraphCreator.createMethods(ClassGraphCreator.java:322) ~[archunit-1.3.0.jar:1.3.0]
	at com.tngtech.archunit.core.domain.JavaClassMembers.create(JavaClassMembers.java:352) ~[archunit-1.3.0.jar:1.3.0]
	at com.tngtech.archunit.core.domain.JavaClass.completeMembers(JavaClass.java:1477) ~[archunit-1.3.0.jar:1.3.0]
	at com.tngtech.archunit.core.domain.DomainObjectCreationContext.completeMembers(DomainObjectCreationContext.java:96) ~[archunit-1.3.0.jar:1.3.0]
	at com.tngtech.archunit.core.importer.ClassGraphCreator.completeClasses(ClassGraphCreator.java:120) ~[archunit-1.3.0.jar:1.3.0]
	at com.tngtech.archunit.core.importer.ClassGraphCreator.complete(ClassGraphCreator.java:108) ~[archunit-1.3.0.jar:1.3.0]
	at com.tngtech.archunit.core.importer.ClassFileProcessor.process(ClassFileProcessor.java:75) ~[archunit-1.3.0.jar:1.3.0]
	at com.tngtech.archunit.core.importer.ClassFileImporter.importLocations(ClassFileImporter.java:325) ~[archunit-1.3.0.jar:1.3.0]
	at com.tngtech.archunit.junit.internal.ClassCache$CacheClassFileImporter.importClasses(ClassCache.java:126) ~[archunit-junit5-engine-1.3.0.jar:1.3.0]
	at com.tngtech.archunit.junit.internal.ClassCache$LazyJavaClasses.initialize(ClassCache.java:118) ~[archunit-junit5-engine-1.3.0.jar:1.3.0]
	at com.tngtech.archunit.junit.internal.ClassCache$LazyJavaClasses.get(ClassCache.java:107) ~[archunit-junit5-engine-1.3.0.jar:1.3.0]
	at com.tngtech.archunit.junit.internal.ClassCache.getClassesToAnalyzeFor(ClassCache.java:84) ~[archunit-junit5-engine-1.3.0.jar:1.3.0]
	at com.tngtech.archunit.junit.internal.ArchUnitTestDescriptor.lambda$createChildren$1(ArchUnitTestDescriptor.java:90) ~[archunit-junit5-engine-1.3.0.jar:1.3.0]
	at com.tngtech.archunit.junit.internal.ArchUnitTestDescriptor$ArchUnitRuleDescriptor.execute(ArchUnitTestDescriptor.java:167) ~[archunit-junit5-engine-1.3.0.jar:1.3.0]
	at com.tngtech.archunit.junit.internal.ArchUnitTestDescriptor$ArchUnitRuleDescriptor.execute(ArchUnitTestDescriptor.java:150) ~[archunit-junit5-engine-1.3.0.jar:1.3.0]
	at org.junit.platform.engine.support.hierarchical.NodeTestTask.lambda$executeRecursively$6(NodeTestTask.java:151) ~[junit-platform-engine-1.10.1.jar:1.10.1]
	at org.junit.platform.engine.support.hierarchical.ThrowableCollector.execute(ThrowableCollector.java:73) ~[junit-platform-engine-1.10.1.jar:1.10.1]
	at org.junit.platform.engine.support.hierarchical.NodeTestTask.lambda$executeRecursively$8(NodeTestTask.java:141) ~[junit-platform-engine-1.10.1.jar:1.10.1]
	at org.junit.platform.engine.support.hierarchical.Node.around(Node.java:137) ~[junit-platform-engine-1.10.1.jar:1.10.1]
	at org.junit.platform.engine.support.hierarchical.NodeTestTask.lambda$executeRecursively$9(NodeTestTask.java:139) ~[junit-platform-engine-1.10.1.jar:1.10.1]
	at org.junit.platform.engine.support.hierarchical.ThrowableCollector.execute(ThrowableCollector.java:73) ~[junit-platform-engine-1.10.1.jar:1.10.1]
	at org.junit.platform.engine.support.hierarchical.NodeTestTask.executeRecursively(NodeTestTask.java:138) ~[junit-platform-engine-1.10.1.jar:1.10.1]
	at org.junit.platform.engine.support.hierarchical.NodeTestTask.execute(NodeTestTask.java:95) ~[junit-platform-engine-1.10.1.jar:1.10.1]
	at java.base/java.util.ArrayList.forEach(ArrayList.java:1604) ~[na:na]
	at org.junit.platform.engine.support.hierarchical.SameThreadHierarchicalTestExecutorService.invokeAll(SameThreadHierarchicalTestExecutorService.java:41) ~[junit-platform-engine-1.10.1.jar:1.10.1]
	at org.junit.platform.engine.support.hierarchical.NodeTestTask.lambda$executeRecursively$6(NodeTestTask.java:155) ~[junit-platform-engine-1.10.1.jar:1.10.1]
	at org.junit.platform.engine.support.hierarchical.ThrowableCollector.execute(ThrowableCollector.java:73) ~[junit-platform-engine-1.10.1.jar:1.10.1]
	at org.junit.platform.engine.support.hierarchical.NodeTestTask.lambda$executeRecursively$8(NodeTestTask.java:141) ~[junit-platform-engine-1.10.1.jar:1.10.1]
	at org.junit.platform.engine.support.hierarchical.Node.around(Node.java:137) ~[junit-platform-engine-1.10.1.jar:1.10.1]
	at org.junit.platform.engine.support.hierarchical.NodeTestTask.lambda$executeRecursively$9(NodeTestTask.java:139) ~[junit-platform-engine-1.10.1.jar:1.10.1]
	at org.junit.platform.engine.support.hierarchical.ThrowableCollector.execute(ThrowableCollector.java:73) ~[junit-platform-engine-1.10.1.jar:1.10.1]
	at org.junit.platform.engine.support.hierarchical.NodeTestTask.executeRecursively(NodeTestTask.java:138) ~[junit-platform-engine-1.10.1.jar:1.10.1]
	at org.junit.platform.engine.support.hierarchical.NodeTestTask.execute(NodeTestTask.java:95) ~[junit-platform-engine-1.10.1.jar:1.10.1]
	at java.base/java.util.ArrayList.forEach(ArrayList.java:1604) ~[na:na]
	at org.junit.platform.engine.support.hierarchical.SameThreadHierarchicalTestExecutorService.invokeAll(SameThreadHierarchicalTestExecutorService.java:41) ~[junit-platform-engine-1.10.1.jar:1.10.1]
	at org.junit.platform.engine.support.hierarchical.NodeTestTask.lambda$executeRecursively$6(NodeTestTask.java:155) ~[junit-platform-engine-1.10.1.jar:1.10.1]
	at org.junit.platform.engine.support.hierarchical.ThrowableCollector.execute(ThrowableCollector.java:73) ~[junit-platform-engine-1.10.1.jar:1.10.1]
	at org.junit.platform.engine.support.hierarchical.NodeTestTask.lambda$executeRecursively$8(NodeTestTask.java:141) ~[junit-platform-engine-1.10.1.jar:1.10.1]
	at org.junit.platform.engine.support.hierarchical.Node.around(Node.java:137) ~[junit-platform-engine-1.10.1.jar:1.10.1]
	at org.junit.platform.engine.support.hierarchical.NodeTestTask.lambda$executeRecursively$9(NodeTestTask.java:139) ~[junit-platform-engine-1.10.1.jar:1.10.1]
	at org.junit.platform.engine.support.hierarchical.ThrowableCollector.execute(ThrowableCollector.java:73) ~[junit-platform-engine-1.10.1.jar:1.10.1]
	at org.junit.platform.engine.support.hierarchical.NodeTestTask.executeRecursively(NodeTestTask.java:138) ~[junit-platform-engine-1.10.1.jar:1.10.1]
	at org.junit.platform.engine.support.hierarchical.NodeTestTask.execute(NodeTestTask.java:95) ~[junit-platform-engine-1.10.1.jar:1.10.1]
	at org.junit.platform.engine.support.hierarchical.SameThreadHierarchicalTestExecutorService.submit(SameThreadHierarchicalTestExecutorService.java:35) ~[junit-platform-engine-1.10.1.jar:1.10.1]
	at org.junit.platform.engine.support.hierarchical.HierarchicalTestExecutor.execute(HierarchicalTestExecutor.java:57) ~[junit-platform-engine-1.10.1.jar:1.10.1]
	at org.junit.platform.engine.support.hierarchical.HierarchicalTestEngine.execute(HierarchicalTestEngine.java:54) ~[junit-platform-engine-1.10.1.jar:1.10.1]
	at org.junit.platform.launcher.core.EngineExecutionOrchestrator.execute(EngineExecutionOrchestrator.java:198) ~[junit-platform-launcher-1.10.1.jar:1.10.1]
	at org.junit.platform.launcher.core.EngineExecutionOrchestrator.execute(EngineExecutionOrchestrator.java:169) ~[junit-platform-launcher-1.10.1.jar:1.10.1]
	at org.junit.platform.launcher.core.EngineExecutionOrchestrator.execute(EngineExecutionOrchestrator.java:93) ~[junit-platform-launcher-1.10.1.jar:1.10.1]
	at org.junit.platform.launcher.core.EngineExecutionOrchestrator.lambda$execute$0(EngineExecutionOrchestrator.java:58) ~[junit-platform-launcher-1.10.1.jar:1.10.1]
	at org.junit.platform.launcher.core.EngineExecutionOrchestrator.withInterceptedStreams(EngineExecutionOrchestrator.java:141) ~[junit-platform-launcher-1.10.1.jar:1.10.1]
	at org.junit.platform.launcher.core.EngineExecutionOrchestrator.execute(EngineExecutionOrchestrator.java:57) ~[junit-platform-launcher-1.10.1.jar:1.10.1]
	at org.junit.platform.launcher.core.DefaultLauncher.execute(DefaultLauncher.java:103) ~[junit-platform-launcher-1.10.1.jar:1.10.1]
	at org.junit.platform.launcher.core.DefaultLauncher.execute(DefaultLauncher.java:85) ~[junit-platform-launcher-1.10.1.jar:1.10.1]
	at org.junit.platform.launcher.core.DelegatingLauncher.execute(DelegatingLauncher.java:47) ~[junit-platform-launcher-1.10.1.jar:1.10.1]
	at org.apache.maven.surefire.junitplatform.LazyLauncher.execute(LazyLauncher.java:56) ~[surefire-junit-platform-3.1.2.jar:3.1.2]
	at org.apache.maven.surefire.junitplatform.JUnitPlatformProvider.execute(JUnitPlatformProvider.java:184) ~[surefire-junit-platform-3.1.2.jar:3.1.2]
	at org.apache.maven.surefire.junitplatform.JUnitPlatformProvider.invokeAllTests(JUnitPlatformProvider.java:148) ~[surefire-junit-platform-3.1.2.jar:3.1.2]
	at org.apache.maven.surefire.junitplatform.JUnitPlatformProvider.invoke(JUnitPlatformProvider.java:122) ~[surefire-junit-platform-3.1.2.jar:3.1.2]
	at org.apache.maven.surefire.booter.ForkedBooter.runSuitesInProcess(ForkedBooter.java:385) ~[surefire-booter-3.1.2.jar:3.1.2]
	at org.apache.maven.surefire.booter.ForkedBooter.execute(ForkedBooter.java:162) ~[surefire-booter-3.1.2.jar:3.1.2]
	at org.apache.maven.surefire.booter.ForkedBooter.run(ForkedBooter.java:507) ~[surefire-booter-3.1.2.jar:3.1.2]
	at org.apache.maven.surefire.booter.ForkedBooter.main(ForkedBooter.java:495) ~[surefire-booter-3.1.2.jar:3.1.2]

2025-10-13T13:36:42.647+02:00  WARN 80616 --- [hexagonal-app] [           main] c.t.a.core.importer.ClassFileProcessor   : Error during import from jrt:/java.base/java/lang/reflect/AnnotatedElement.class, falling back to simple import

java.lang.IllegalArgumentException: Unsupported class file major version 69
	at com.tngtech.archunit.thirdparty.org.objectweb.asm.ClassReader.<init>(ClassReader.java:200) ~[archunit-1.3.0.jar:1.3.0]
	at com.tngtech.archunit.thirdparty.org.objectweb.asm.ClassReader.<init>(ClassReader.java:180) ~[archunit-1.3.0.jar:1.3.0]
	at com.tngtech.archunit.thirdparty.org.objectweb.asm.ClassReader.<init>(ClassReader.java:166) ~[archunit-1.3.0.jar:1.3.0]
	at com.tngtech.archunit.thirdparty.org.objectweb.asm.ClassReader.<init>(ClassReader.java:288) ~[archunit-1.3.0.jar:1.3.0]
	at com.tngtech.archunit.core.importer.ClassFileProcessor$UriImporterOfProcessor.tryImport(ClassFileProcessor.java:350) ~[archunit-1.3.0.jar:1.3.0]
	at com.tngtech.archunit.core.importer.resolvers.ClassResolverFromClasspath.tryResolve(ClassResolverFromClasspath.java:51) ~[archunit-1.3.0.jar:1.3.0]
	at com.tngtech.archunit.core.importer.ImportedClasses.resolve(ImportedClasses.java:80) ~[archunit-1.3.0.jar:1.3.0]
	at com.tngtech.archunit.core.importer.ImportedClasses.getOrResolve(ImportedClasses.java:67) ~[archunit-1.3.0.jar:1.3.0]
	at com.tngtech.archunit.core.importer.DomainBuilders$JavaMemberBuilder.get(DomainBuilders.java:179) ~[archunit-1.3.0.jar:1.3.0]
	at com.tngtech.archunit.core.importer.DomainBuilders$JavaCodeUnitBuilder.asJavaClasses(DomainBuilders.java:329) ~[archunit-1.3.0.jar:1.3.0]
	at com.tngtech.archunit.core.importer.DomainBuilders$JavaCodeUnitBuilder.getRawParameterTypes(DomainBuilders.java:303) ~[archunit-1.3.0.jar:1.3.0]
	at com.tngtech.archunit.core.domain.JavaCodeUnit$Parameters.<init>(JavaCodeUnit.java:317) ~[archunit-1.3.0.jar:1.3.0]
	at com.tngtech.archunit.core.domain.JavaCodeUnit.<init>(JavaCodeUnit.java:82) ~[archunit-1.3.0.jar:1.3.0]
	at com.tngtech.archunit.core.domain.JavaMethod.<init>(JavaMethod.java:44) ~[archunit-1.3.0.jar:1.3.0]
	at com.tngtech.archunit.core.domain.DomainObjectCreationContext.createJavaMethod(DomainObjectCreationContext.java:144) ~[archunit-1.3.0.jar:1.3.0]
	at com.tngtech.archunit.core.importer.DomainBuilders$JavaMethodBuilder.construct(DomainBuilders.java:373) ~[archunit-1.3.0.jar:1.3.0]
	at com.tngtech.archunit.core.importer.DomainBuilders$JavaMethodBuilder.construct(DomainBuilders.java:358) ~[archunit-1.3.0.jar:1.3.0]
	at com.tngtech.archunit.core.importer.DomainBuilders$JavaMemberBuilder.build(DomainBuilders.java:206) ~[archunit-1.3.0.jar:1.3.0]
	at com.tngtech.archunit.core.importer.DomainBuilders$JavaMemberBuilder.build(DomainBuilders.java:138) ~[archunit-1.3.0.jar:1.3.0]
	at com.tngtech.archunit.core.importer.DomainBuilders$BuilderWithBuildParameter$BuildFinisher.lambda$build$0(DomainBuilders.java:892) ~[archunit-1.3.0.jar:1.3.0]
	at java.base/java.util.stream.ReferencePipeline$3$1.accept(ReferencePipeline.java:214) ~[na:na]
	at java.base/java.util.stream.ReferencePipeline$2$1.accept(ReferencePipeline.java:197) ~[na:na]
	at java.base/java.util.HashMap$KeySpliterator.forEachRemaining(HashMap.java:1716) ~[na:na]
	at java.base/java.util.stream.AbstractPipeline.copyInto(AbstractPipeline.java:570) ~[na:na]
	at java.base/java.util.stream.AbstractPipeline.wrapAndCopyInto(AbstractPipeline.java:560) ~[na:na]
	at java.base/java.util.stream.ReduceOps$ReduceOp.evaluateSequential(ReduceOps.java:921) ~[na:na]
	at java.base/java.util.stream.AbstractPipeline.evaluate(AbstractPipeline.java:265) ~[na:na]
	at java.base/java.util.stream.ReferencePipeline.collect(ReferencePipeline.java:723) ~[na:na]
	at com.tngtech.archunit.core.importer.DomainBuilders$BuilderWithBuildParameter$BuildFinisher.build(DomainBuilders.java:892) ~[archunit-1.3.0.jar:1.3.0]
	at com.tngtech.archunit.core.importer.ClassGraphCreator.createMethods(ClassGraphCreator.java:322) ~[archunit-1.3.0.jar:1.3.0]
	at com.tngtech.archunit.core.domain.JavaClassMembers.create(JavaClassMembers.java:352) ~[archunit-1.3.0.jar:1.3.0]
	at com.tngtech.archunit.core.domain.JavaClass.completeMembers(JavaClass.java:1477) ~[archunit-1.3.0.jar:1.3.0]
	at com.tngtech.archunit.core.domain.DomainObjectCreationContext.completeMembers(DomainObjectCreationContext.java:96) ~[archunit-1.3.0.jar:1.3.0]
	at com.tngtech.archunit.core.importer.ClassGraphCreator.completeClasses(ClassGraphCreator.java:120) ~[archunit-1.3.0.jar:1.3.0]
	at com.tngtech.archunit.core.importer.ClassGraphCreator.complete(ClassGraphCreator.java:108) ~[archunit-1.3.0.jar:1.3.0]
	at com.tngtech.archunit.core.importer.ClassFileProcessor.process(ClassFileProcessor.java:75) ~[archunit-1.3.0.jar:1.3.0]
	at com.tngtech.archunit.core.importer.ClassFileImporter.importLocations(ClassFileImporter.java:325) ~[archunit-1.3.0.jar:1.3.0]
	at com.tngtech.archunit.junit.internal.ClassCache$CacheClassFileImporter.importClasses(ClassCache.java:126) ~[archunit-junit5-engine-1.3.0.jar:1.3.0]
	at com.tngtech.archunit.junit.internal.ClassCache$LazyJavaClasses.initialize(ClassCache.java:118) ~[archunit-junit5-engine-1.3.0.jar:1.3.0]
	at com.tngtech.archunit.junit.internal.ClassCache$LazyJavaClasses.get(ClassCache.java:107) ~[archunit-junit5-engine-1.3.0.jar:1.3.0]
	at com.tngtech.archunit.junit.internal.ClassCache.getClassesToAnalyzeFor(ClassCache.java:84) ~[archunit-junit5-engine-1.3.0.jar:1.3.0]
	at com.tngtech.archunit.junit.internal.ArchUnitTestDescriptor.lambda$createChildren$1(ArchUnitTestDescriptor.java:90) ~[archunit-junit5-engine-1.3.0.jar:1.3.0]
	at com.tngtech.archunit.junit.internal.ArchUnitTestDescriptor$ArchUnitRuleDescriptor.execute(ArchUnitTestDescriptor.java:167) ~[archunit-junit5-engine-1.3.0.jar:1.3.0]
	at com.tngtech.archunit.junit.internal.ArchUnitTestDescriptor$ArchUnitRuleDescriptor.execute(ArchUnitTestDescriptor.java:150) ~[archunit-junit5-engine-1.3.0.jar:1.3.0]
	at org.junit.platform.engine.support.hierarchical.NodeTestTask.lambda$executeRecursively$6(NodeTestTask.java:151) ~[junit-platform-engine-1.10.1.jar:1.10.1]
	at org.junit.platform.engine.support.hierarchical.ThrowableCollector.execute(ThrowableCollector.java:73) ~[junit-platform-engine-1.10.1.jar:1.10.1]
	at org.junit.platform.engine.support.hierarchical.NodeTestTask.lambda$executeRecursively$8(NodeTestTask.java:141) ~[junit-platform-engine-1.10.1.jar:1.10.1]
	at org.junit.platform.engine.support.hierarchical.Node.around(Node.java:137) ~[junit-platform-engine-1.10.1.jar:1.10.1]
	at org.junit.platform.engine.support.hierarchical.NodeTestTask.lambda$executeRecursively$9(NodeTestTask.java:139) ~[junit-platform-engine-1.10.1.jar:1.10.1]
	at org.junit.platform.engine.support.hierarchical.ThrowableCollector.execute(ThrowableCollector.java:73) ~[junit-platform-engine-1.10.1.jar:1.10.1]
	at org.junit.platform.engine.support.hierarchical.NodeTestTask.executeRecursively(NodeTestTask.java:138) ~[junit-platform-engine-1.10.1.jar:1.10.1]
	at org.junit.platform.engine.support.hierarchical.NodeTestTask.execute(NodeTestTask.java:95) ~[junit-platform-engine-1.10.1.jar:1.10.1]
	at java.base/java.util.ArrayList.forEach(ArrayList.java:1604) ~[na:na]
	at org.junit.platform.engine.support.hierarchical.SameThreadHierarchicalTestExecutorService.invokeAll(SameThreadHierarchicalTestExecutorService.java:41) ~[junit-platform-engine-1.10.1.jar:1.10.1]
	at org.junit.platform.engine.support.hierarchical.NodeTestTask.lambda$executeRecursively$6(NodeTestTask.java:155) ~[junit-platform-engine-1.10.1.jar:1.10.1]
	at org.junit.platform.engine.support.hierarchical.ThrowableCollector.execute(ThrowableCollector.java:73) ~[junit-platform-engine-1.10.1.jar:1.10.1]
	at org.junit.platform.engine.support.hierarchical.NodeTestTask.lambda$executeRecursively$8(NodeTestTask.java:141) ~[junit-platform-engine-1.10.1.jar:1.10.1]
	at org.junit.platform.engine.support.hierarchical.Node.around(Node.java:137) ~[junit-platform-engine-1.10.1.jar:1.10.1]
	at org.junit.platform.engine.support.hierarchical.NodeTestTask.lambda$executeRecursively$9(NodeTestTask.java:139) ~[junit-platform-engine-1.10.1.jar:1.10.1]
	at org.junit.platform.engine.support.hierarchical.ThrowableCollector.execute(ThrowableCollector.java:73) ~[junit-platform-engine-1.10.1.jar:1.10.1]
	at org.junit.platform.engine.support.hierarchical.NodeTestTask.executeRecursively(NodeTestTask.java:138) ~[junit-platform-engine-1.10.1.jar:1.10.1]
	at org.junit.platform.engine.support.hierarchical.NodeTestTask.execute(NodeTestTask.java:95) ~[junit-platform-engine-1.10.1.jar:1.10.1]
	at java.base/java.util.ArrayList.forEach(ArrayList.java:1604) ~[na:na]
	at org.junit.platform.engine.support.hierarchical.SameThreadHierarchicalTestExecutorService.invokeAll(SameThreadHierarchicalTestExecutorService.java:41) ~[junit-platform-engine-1.10.1.jar:1.10.1]
	at org.junit.platform.engine.support.hierarchical.NodeTestTask.lambda$executeRecursively$6(NodeTestTask.java:155) ~[junit-platform-engine-1.10.1.jar:1.10.1]
	at org.junit.platform.engine.support.hierarchical.ThrowableCollector.execute(ThrowableCollector.java:73) ~[junit-platform-engine-1.10.1.jar:1.10.1]
	at org.junit.platform.engine.support.hierarchical.NodeTestTask.lambda$executeRecursively$8(NodeTestTask.java:141) ~[junit-platform-engine-1.10.1.jar:1.10.1]
	at org.junit.platform.engine.support.hierarchical.Node.around(Node.java:137) ~[junit-platform-engine-1.10.1.jar:1.10.1]
	at org.junit.platform.engine.support.hierarchical.NodeTestTask.lambda$executeRecursively$9(NodeTestTask.java:139) ~[junit-platform-engine-1.10.1.jar:1.10.1]
	at org.junit.platform.engine.support.hierarchical.ThrowableCollector.execute(ThrowableCollector.java:73) ~[junit-platform-engine-1.10.1.jar:1.10.1]
	at org.junit.platform.engine.support.hierarchical.NodeTestTask.executeRecursively(NodeTestTask.java:138) ~[junit-platform-engine-1.10.1.jar:1.10.1]
	at org.junit.platform.engine.support.hierarchical.NodeTestTask.execute(NodeTestTask.java:95) ~[junit-platform-engine-1.10.1.jar:1.10.1]
	at org.junit.platform.engine.support.hierarchical.SameThreadHierarchicalTestExecutorService.submit(SameThreadHierarchicalTestExecutorService.java:35) ~[junit-platform-engine-1.10.1.jar:1.10.1]
	at org.junit.platform.engine.support.hierarchical.HierarchicalTestExecutor.execute(HierarchicalTestExecutor.java:57) ~[junit-platform-engine-1.10.1.jar:1.10.1]
	at org.junit.platform.engine.support.hierarchical.HierarchicalTestEngine.execute(HierarchicalTestEngine.java:54) ~[junit-platform-engine-1.10.1.jar:1.10.1]
	at org.junit.platform.launcher.core.EngineExecutionOrchestrator.execute(EngineExecutionOrchestrator.java:198) ~[junit-platform-launcher-1.10.1.jar:1.10.1]
	at org.junit.platform.launcher.core.EngineExecutionOrchestrator.execute(EngineExecutionOrchestrator.java:169) ~[junit-platform-launcher-1.10.1.jar:1.10.1]
	at org.junit.platform.launcher.core.EngineExecutionOrchestrator.execute(EngineExecutionOrchestrator.java:93) ~[junit-platform-launcher-1.10.1.jar:1.10.1]
	at org.junit.platform.launcher.core.EngineExecutionOrchestrator.lambda$execute$0(EngineExecutionOrchestrator.java:58) ~[junit-platform-launcher-1.10.1.jar:1.10.1]
	at org.junit.platform.launcher.core.EngineExecutionOrchestrator.withInterceptedStreams(EngineExecutionOrchestrator.java:141) ~[junit-platform-launcher-1.10.1.jar:1.10.1]
	at org.junit.platform.launcher.core.EngineExecutionOrchestrator.execute(EngineExecutionOrchestrator.java:57) ~[junit-platform-launcher-1.10.1.jar:1.10.1]
	at org.junit.platform.launcher.core.DefaultLauncher.execute(DefaultLauncher.java:103) ~[junit-platform-launcher-1.10.1.jar:1.10.1]
	at org.junit.platform.launcher.core.DefaultLauncher.execute(DefaultLauncher.java:85) ~[junit-platform-launcher-1.10.1.jar:1.10.1]
	at org.junit.platform.launcher.core.DelegatingLauncher.execute(DelegatingLauncher.java:47) ~[junit-platform-launcher-1.10.1.jar:1.10.1]
	at org.apache.maven.surefire.junitplatform.LazyLauncher.execute(LazyLauncher.java:56) ~[surefire-junit-platform-3.1.2.jar:3.1.2]
	at org.apache.maven.surefire.junitplatform.JUnitPlatformProvider.execute(JUnitPlatformProvider.java:184) ~[surefire-junit-platform-3.1.2.jar:3.1.2]
	at org.apache.maven.surefire.junitplatform.JUnitPlatformProvider.invokeAllTests(JUnitPlatformProvider.java:148) ~[surefire-junit-platform-3.1.2.jar:3.1.2]
	at org.apache.maven.surefire.junitplatform.JUnitPlatformProvider.invoke(JUnitPlatformProvider.java:122) ~[surefire-junit-platform-3.1.2.jar:3.1.2]
	at org.apache.maven.surefire.booter.ForkedBooter.runSuitesInProcess(ForkedBooter.java:385) ~[surefire-booter-3.1.2.jar:3.1.2]
	at org.apache.maven.surefire.booter.ForkedBooter.execute(ForkedBooter.java:162) ~[surefire-booter-3.1.2.jar:3.1.2]
	at org.apache.maven.surefire.booter.ForkedBooter.run(ForkedBooter.java:507) ~[surefire-booter-3.1.2.jar:3.1.2]
	at org.apache.maven.surefire.booter.ForkedBooter.main(ForkedBooter.java:495) ~[surefire-booter-3.1.2.jar:3.1.2]

2025-10-13T13:36:42.649+02:00  WARN 80616 --- [hexagonal-app] [           main] c.t.a.core.importer.ClassFileProcessor   : Error during import from jrt:/java.base/java/lang/ThreadLocal.class, falling back to simple import

java.lang.IllegalArgumentException: Unsupported class file major version 69
	at com.tngtech.archunit.thirdparty.org.objectweb.asm.ClassReader.<init>(ClassReader.java:200) ~[archunit-1.3.0.jar:1.3.0]
	at com.tngtech.archunit.thirdparty.org.objectweb.asm.ClassReader.<init>(ClassReader.java:180) ~[archunit-1.3.0.jar:1.3.0]
	at com.tngtech.archunit.thirdparty.org.objectweb.asm.ClassReader.<init>(ClassReader.java:166) ~[archunit-1.3.0.jar:1.3.0]
	at com.tngtech.archunit.thirdparty.org.objectweb.asm.ClassReader.<init>(ClassReader.java:288) ~[archunit-1.3.0.jar:1.3.0]
	at com.tngtech.archunit.core.importer.ClassFileProcessor$UriImporterOfProcessor.tryImport(ClassFileProcessor.java:350) ~[archunit-1.3.0.jar:1.3.0]
	at com.tngtech.archunit.core.importer.resolvers.ClassResolverFromClasspath.tryResolve(ClassResolverFromClasspath.java:51) ~[archunit-1.3.0.jar:1.3.0]
	at com.tngtech.archunit.core.importer.ImportedClasses.resolve(ImportedClasses.java:80) ~[archunit-1.3.0.jar:1.3.0]
	at com.tngtech.archunit.core.importer.ImportedClasses.getOrResolve(ImportedClasses.java:67) ~[archunit-1.3.0.jar:1.3.0]
	at com.tngtech.archunit.core.importer.DomainBuilders$JavaParameterizedTypeBuilder.build(DomainBuilders.java:845) ~[archunit-1.3.0.jar:1.3.0]
	at com.tngtech.archunit.core.importer.SignatureTypeArgumentProcessor$NewJavaTypeCreationProcess.finish(SignatureTypeArgumentProcessor.java:170) ~[archunit-1.3.0.jar:1.3.0]
	at com.tngtech.archunit.core.importer.SignatureTypeArgumentProcessor$NewJavaTypeCreationProcess.finish(SignatureTypeArgumentProcessor.java:155) ~[archunit-1.3.0.jar:1.3.0]
	at com.tngtech.archunit.core.importer.DomainBuilders$JavaFieldBuilder.getType(DomainBuilders.java:226) ~[archunit-1.3.0.jar:1.3.0]
	at com.tngtech.archunit.core.domain.JavaField.<init>(JavaField.java:40) ~[archunit-1.3.0.jar:1.3.0]
	at com.tngtech.archunit.core.domain.DomainObjectCreationContext.createJavaField(DomainObjectCreationContext.java:108) ~[archunit-1.3.0.jar:1.3.0]
	at com.tngtech.archunit.core.importer.DomainBuilders$JavaFieldBuilder.construct(DomainBuilders.java:236) ~[archunit-1.3.0.jar:1.3.0]
	at com.tngtech.archunit.core.importer.DomainBuilders$JavaFieldBuilder.construct(DomainBuilders.java:210) ~[archunit-1.3.0.jar:1.3.0]
	at com.tngtech.archunit.core.importer.DomainBuilders$JavaMemberBuilder.build(DomainBuilders.java:206) ~[archunit-1.3.0.jar:1.3.0]
	at com.tngtech.archunit.core.importer.DomainBuilders$JavaMemberBuilder.build(DomainBuilders.java:138) ~[archunit-1.3.0.jar:1.3.0]
	at com.tngtech.archunit.core.importer.DomainBuilders$BuilderWithBuildParameter$BuildFinisher.lambda$build$0(DomainBuilders.java:892) ~[archunit-1.3.0.jar:1.3.0]
	at java.base/java.util.stream.ReferencePipeline$3$1.accept(ReferencePipeline.java:214) ~[na:na]
	at java.base/java.util.HashMap$KeySpliterator.forEachRemaining(HashMap.java:1716) ~[na:na]
	at java.base/java.util.stream.AbstractPipeline.copyInto(AbstractPipeline.java:570) ~[na:na]
	at java.base/java.util.stream.AbstractPipeline.wrapAndCopyInto(AbstractPipeline.java:560) ~[na:na]
	at java.base/java.util.stream.ReduceOps$ReduceOp.evaluateSequential(ReduceOps.java:921) ~[na:na]
	at java.base/java.util.stream.AbstractPipeline.evaluate(AbstractPipeline.java:265) ~[na:na]
	at java.base/java.util.stream.ReferencePipeline.collect(ReferencePipeline.java:723) ~[na:na]
	at com.tngtech.archunit.core.importer.DomainBuilders$BuilderWithBuildParameter$BuildFinisher.build(DomainBuilders.java:892) ~[archunit-1.3.0.jar:1.3.0]
	at com.tngtech.archunit.core.importer.DomainBuilders$BuilderWithBuildParameter$BuildFinisher.build(DomainBuilders.java:882) ~[archunit-1.3.0.jar:1.3.0]
	at com.tngtech.archunit.core.importer.ClassGraphCreator.createFields(ClassGraphCreator.java:309) ~[archunit-1.3.0.jar:1.3.0]
	at com.tngtech.archunit.core.domain.JavaClassMembers.create(JavaClassMembers.java:351) ~[archunit-1.3.0.jar:1.3.0]
	at com.tngtech.archunit.core.domain.JavaClass.completeMembers(JavaClass.java:1477) ~[archunit-1.3.0.jar:1.3.0]
	at com.tngtech.archunit.core.domain.DomainObjectCreationContext.completeMembers(DomainObjectCreationContext.java:96) ~[archunit-1.3.0.jar:1.3.0]
	at com.tngtech.archunit.core.importer.ClassGraphCreator.completeClasses(ClassGraphCreator.java:120) ~[archunit-1.3.0.jar:1.3.0]
	at com.tngtech.archunit.core.importer.ClassGraphCreator.complete(ClassGraphCreator.java:108) ~[archunit-1.3.0.jar:1.3.0]
	at com.tngtech.archunit.core.importer.ClassFileProcessor.process(ClassFileProcessor.java:75) ~[archunit-1.3.0.jar:1.3.0]
	at com.tngtech.archunit.core.importer.ClassFileImporter.importLocations(ClassFileImporter.java:325) ~[archunit-1.3.0.jar:1.3.0]
	at com.tngtech.archunit.junit.internal.ClassCache$CacheClassFileImporter.importClasses(ClassCache.java:126) ~[archunit-junit5-engine-1.3.0.jar:1.3.0]
	at com.tngtech.archunit.junit.internal.ClassCache$LazyJavaClasses.initialize(ClassCache.java:118) ~[archunit-junit5-engine-1.3.0.jar:1.3.0]
	at com.tngtech.archunit.junit.internal.ClassCache$LazyJavaClasses.get(ClassCache.java:107) ~[archunit-junit5-engine-1.3.0.jar:1.3.0]
	at com.tngtech.archunit.junit.internal.ClassCache.getClassesToAnalyzeFor(ClassCache.java:84) ~[archunit-junit5-engine-1.3.0.jar:1.3.0]
	at com.tngtech.archunit.junit.internal.ArchUnitTestDescriptor.lambda$createChildren$1(ArchUnitTestDescriptor.java:90) ~[archunit-junit5-engine-1.3.0.jar:1.3.0]
	at com.tngtech.archunit.junit.internal.ArchUnitTestDescriptor$ArchUnitRuleDescriptor.execute(ArchUnitTestDescriptor.java:167) ~[archunit-junit5-engine-1.3.0.jar:1.3.0]
	at com.tngtech.archunit.junit.internal.ArchUnitTestDescriptor$ArchUnitRuleDescriptor.execute(ArchUnitTestDescriptor.java:150) ~[archunit-junit5-engine-1.3.0.jar:1.3.0]
	at org.junit.platform.engine.support.hierarchical.NodeTestTask.lambda$executeRecursively$6(NodeTestTask.java:151) ~[junit-platform-engine-1.10.1.jar:1.10.1]
	at org.junit.platform.engine.support.hierarchical.ThrowableCollector.execute(ThrowableCollector.java:73) ~[junit-platform-engine-1.10.1.jar:1.10.1]
	at org.junit.platform.engine.support.hierarchical.NodeTestTask.lambda$executeRecursively$8(NodeTestTask.java:141) ~[junit-platform-engine-1.10.1.jar:1.10.1]
	at org.junit.platform.engine.support.hierarchical.Node.around(Node.java:137) ~[junit-platform-engine-1.10.1.jar:1.10.1]
	at org.junit.platform.engine.support.hierarchical.NodeTestTask.lambda$executeRecursively$9(NodeTestTask.java:139) ~[junit-platform-engine-1.10.1.jar:1.10.1]
	at org.junit.platform.engine.support.hierarchical.ThrowableCollector.execute(ThrowableCollector.java:73) ~[junit-platform-engine-1.10.1.jar:1.10.1]
	at org.junit.platform.engine.support.hierarchical.NodeTestTask.executeRecursively(NodeTestTask.java:138) ~[junit-platform-engine-1.10.1.jar:1.10.1]
	at org.junit.platform.engine.support.hierarchical.NodeTestTask.execute(NodeTestTask.java:95) ~[junit-platform-engine-1.10.1.jar:1.10.1]
	at java.base/java.util.ArrayList.forEach(ArrayList.java:1604) ~[na:na]
	at org.junit.platform.engine.support.hierarchical.SameThreadHierarchicalTestExecutorService.invokeAll(SameThreadHierarchicalTestExecutorService.java:41) ~[junit-platform-engine-1.10.1.jar:1.10.1]
	at org.junit.platform.engine.support.hierarchical.NodeTestTask.lambda$executeRecursively$6(NodeTestTask.java:155) ~[junit-platform-engine-1.10.1.jar:1.10.1]
	at org.junit.platform.engine.support.hierarchical.ThrowableCollector.execute(ThrowableCollector.java:73) ~[junit-platform-engine-1.10.1.jar:1.10.1]
	at org.junit.platform.engine.support.hierarchical.NodeTestTask.lambda$executeRecursively$8(NodeTestTask.java:141) ~[junit-platform-engine-1.10.1.jar:1.10.1]
	at org.junit.platform.engine.support.hierarchical.Node.around(Node.java:137) ~[junit-platform-engine-1.10.1.jar:1.10.1]
	at org.junit.platform.engine.support.hierarchical.NodeTestTask.lambda$executeRecursively$9(NodeTestTask.java:139) ~[junit-platform-engine-1.10.1.jar:1.10.1]
	at org.junit.platform.engine.support.hierarchical.ThrowableCollector.execute(ThrowableCollector.java:73) ~[junit-platform-engine-1.10.1.jar:1.10.1]
	at org.junit.platform.engine.support.hierarchical.NodeTestTask.executeRecursively(NodeTestTask.java:138) ~[junit-platform-engine-1.10.1.jar:1.10.1]
	at org.junit.platform.engine.support.hierarchical.NodeTestTask.execute(NodeTestTask.java:95) ~[junit-platform-engine-1.10.1.jar:1.10.1]
	at java.base/java.util.ArrayList.forEach(ArrayList.java:1604) ~[na:na]
	at org.junit.platform.engine.support.hierarchical.SameThreadHierarchicalTestExecutorService.invokeAll(SameThreadHierarchicalTestExecutorService.java:41) ~[junit-platform-engine-1.10.1.jar:1.10.1]
	at org.junit.platform.engine.support.hierarchical.NodeTestTask.lambda$executeRecursively$6(NodeTestTask.java:155) ~[junit-platform-engine-1.10.1.jar:1.10.1]
	at org.junit.platform.engine.support.hierarchical.ThrowableCollector.execute(ThrowableCollector.java:73) ~[junit-platform-engine-1.10.1.jar:1.10.1]
	at org.junit.platform.engine.support.hierarchical.NodeTestTask.lambda$executeRecursively$8(NodeTestTask.java:141) ~[junit-platform-engine-1.10.1.jar:1.10.1]
	at org.junit.platform.engine.support.hierarchical.Node.around(Node.java:137) ~[junit-platform-engine-1.10.1.jar:1.10.1]
	at org.junit.platform.engine.support.hierarchical.NodeTestTask.lambda$executeRecursively$9(NodeTestTask.java:139) ~[junit-platform-engine-1.10.1.jar:1.10.1]
	at org.junit.platform.engine.support.hierarchical.ThrowableCollector.execute(ThrowableCollector.java:73) ~[junit-platform-engine-1.10.1.jar:1.10.1]
	at org.junit.platform.engine.support.hierarchical.NodeTestTask.executeRecursively(NodeTestTask.java:138) ~[junit-platform-engine-1.10.1.jar:1.10.1]
	at org.junit.platform.engine.support.hierarchical.NodeTestTask.execute(NodeTestTask.java:95) ~[junit-platform-engine-1.10.1.jar:1.10.1]
	at org.junit.platform.engine.support.hierarchical.SameThreadHierarchicalTestExecutorService.submit(SameThreadHierarchicalTestExecutorService.java:35) ~[junit-platform-engine-1.10.1.jar:1.10.1]
	at org.junit.platform.engine.support.hierarchical.HierarchicalTestExecutor.execute(HierarchicalTestExecutor.java:57) ~[junit-platform-engine-1.10.1.jar:1.10.1]
	at org.junit.platform.engine.support.hierarchical.HierarchicalTestEngine.execute(HierarchicalTestEngine.java:54) ~[junit-platform-engine-1.10.1.jar:1.10.1]
	at org.junit.platform.launcher.core.EngineExecutionOrchestrator.execute(EngineExecutionOrchestrator.java:198) ~[junit-platform-launcher-1.10.1.jar:1.10.1]
	at org.junit.platform.launcher.core.EngineExecutionOrchestrator.execute(EngineExecutionOrchestrator.java:169) ~[junit-platform-launcher-1.10.1.jar:1.10.1]
	at org.junit.platform.launcher.core.EngineExecutionOrchestrator.execute(EngineExecutionOrchestrator.java:93) ~[junit-platform-launcher-1.10.1.jar:1.10.1]
	at org.junit.platform.launcher.core.EngineExecutionOrchestrator.lambda$execute$0(EngineExecutionOrchestrator.java:58) ~[junit-platform-launcher-1.10.1.jar:1.10.1]
	at org.junit.platform.launcher.core.EngineExecutionOrchestrator.withInterceptedStreams(EngineExecutionOrchestrator.java:141) ~[junit-platform-launcher-1.10.1.jar:1.10.1]
	at org.junit.platform.launcher.core.EngineExecutionOrchestrator.execute(EngineExecutionOrchestrator.java:57) ~[junit-platform-launcher-1.10.1.jar:1.10.1]
	at org.junit.platform.launcher.core.DefaultLauncher.execute(DefaultLauncher.java:103) ~[junit-platform-launcher-1.10.1.jar:1.10.1]
	at org.junit.platform.launcher.core.DefaultLauncher.execute(DefaultLauncher.java:85) ~[junit-platform-launcher-1.10.1.jar:1.10.1]
	at org.junit.platform.launcher.core.DelegatingLauncher.execute(DelegatingLauncher.java:47) ~[junit-platform-launcher-1.10.1.jar:1.10.1]
	at org.apache.maven.surefire.junitplatform.LazyLauncher.execute(LazyLauncher.java:56) ~[surefire-junit-platform-3.1.2.jar:3.1.2]
	at org.apache.maven.surefire.junitplatform.JUnitPlatformProvider.execute(JUnitPlatformProvider.java:184) ~[surefire-junit-platform-3.1.2.jar:3.1.2]
	at org.apache.maven.surefire.junitplatform.JUnitPlatformProvider.invokeAllTests(JUnitPlatformProvider.java:148) ~[surefire-junit-platform-3.1.2.jar:3.1.2]
	at org.apache.maven.surefire.junitplatform.JUnitPlatformProvider.invoke(JUnitPlatformProvider.java:122) ~[surefire-junit-platform-3.1.2.jar:3.1.2]
	at org.apache.maven.surefire.booter.ForkedBooter.runSuitesInProcess(ForkedBooter.java:385) ~[surefire-booter-3.1.2.jar:3.1.2]
	at org.apache.maven.surefire.booter.ForkedBooter.execute(ForkedBooter.java:162) ~[surefire-booter-3.1.2.jar:3.1.2]
	at org.apache.maven.surefire.booter.ForkedBooter.run(ForkedBooter.java:507) ~[surefire-booter-3.1.2.jar:3.1.2]
	at org.apache.maven.surefire.booter.ForkedBooter.main(ForkedBooter.java:495) ~[surefire-booter-3.1.2.jar:3.1.2]

2025-10-13T13:36:42.651+02:00  WARN 80616 --- [hexagonal-app] [           main] c.t.a.core.importer.ClassFileProcessor   : Error during import from jrt:/java.base/java/lang/Thread.class, falling back to simple import

java.lang.IllegalArgumentException: Unsupported class file major version 69
	at com.tngtech.archunit.thirdparty.org.objectweb.asm.ClassReader.<init>(ClassReader.java:200) ~[archunit-1.3.0.jar:1.3.0]
	at com.tngtech.archunit.thirdparty.org.objectweb.asm.ClassReader.<init>(ClassReader.java:180) ~[archunit-1.3.0.jar:1.3.0]
	at com.tngtech.archunit.thirdparty.org.objectweb.asm.ClassReader.<init>(ClassReader.java:166) ~[archunit-1.3.0.jar:1.3.0]
	at com.tngtech.archunit.thirdparty.org.objectweb.asm.ClassReader.<init>(ClassReader.java:288) ~[archunit-1.3.0.jar:1.3.0]
	at com.tngtech.archunit.core.importer.ClassFileProcessor$UriImporterOfProcessor.tryImport(ClassFileProcessor.java:350) ~[archunit-1.3.0.jar:1.3.0]
	at com.tngtech.archunit.core.importer.resolvers.ClassResolverFromClasspath.tryResolve(ClassResolverFromClasspath.java:51) ~[archunit-1.3.0.jar:1.3.0]
	at com.tngtech.archunit.core.importer.ImportedClasses.resolve(ImportedClasses.java:80) ~[archunit-1.3.0.jar:1.3.0]
	at com.tngtech.archunit.core.importer.ImportedClasses.getOrResolve(ImportedClasses.java:67) ~[archunit-1.3.0.jar:1.3.0]
	at com.tngtech.archunit.core.importer.DomainBuilders$JavaMemberBuilder.get(DomainBuilders.java:179) ~[archunit-1.3.0.jar:1.3.0]
	at com.tngtech.archunit.core.importer.DomainBuilders$JavaCodeUnitBuilder.asJavaClasses(DomainBuilders.java:329) ~[archunit-1.3.0.jar:1.3.0]
	at com.tngtech.archunit.core.importer.DomainBuilders$JavaCodeUnitBuilder.getRawParameterTypes(DomainBuilders.java:303) ~[archunit-1.3.0.jar:1.3.0]
	at com.tngtech.archunit.core.domain.JavaCodeUnit$Parameters.<init>(JavaCodeUnit.java:317) ~[archunit-1.3.0.jar:1.3.0]
	at com.tngtech.archunit.core.domain.JavaCodeUnit.<init>(JavaCodeUnit.java:82) ~[archunit-1.3.0.jar:1.3.0]
	at com.tngtech.archunit.core.domain.JavaMethod.<init>(JavaMethod.java:44) ~[archunit-1.3.0.jar:1.3.0]
	at com.tngtech.archunit.core.domain.DomainObjectCreationContext.createJavaMethod(DomainObjectCreationContext.java:144) ~[archunit-1.3.0.jar:1.3.0]
	at com.tngtech.archunit.core.importer.DomainBuilders$JavaMethodBuilder.construct(DomainBuilders.java:373) ~[archunit-1.3.0.jar:1.3.0]
	at com.tngtech.archunit.core.importer.DomainBuilders$JavaMethodBuilder.construct(DomainBuilders.java:358) ~[archunit-1.3.0.jar:1.3.0]
	at com.tngtech.archunit.core.importer.DomainBuilders$JavaMemberBuilder.build(DomainBuilders.java:206) ~[archunit-1.3.0.jar:1.3.0]
	at com.tngtech.archunit.core.importer.DomainBuilders$JavaMemberBuilder.build(DomainBuilders.java:138) ~[archunit-1.3.0.jar:1.3.0]
	at com.tngtech.archunit.core.importer.DomainBuilders$BuilderWithBuildParameter$BuildFinisher.lambda$build$0(DomainBuilders.java:892) ~[archunit-1.3.0.jar:1.3.0]
	at java.base/java.util.stream.ReferencePipeline$3$1.accept(ReferencePipeline.java:214) ~[na:na]
	at java.base/java.util.stream.ReferencePipeline$2$1.accept(ReferencePipeline.java:197) ~[na:na]
	at java.base/java.util.HashMap$KeySpliterator.forEachRemaining(HashMap.java:1716) ~[na:na]
	at java.base/java.util.stream.AbstractPipeline.copyInto(AbstractPipeline.java:570) ~[na:na]
	at java.base/java.util.stream.AbstractPipeline.wrapAndCopyInto(AbstractPipeline.java:560) ~[na:na]
	at java.base/java.util.stream.ReduceOps$ReduceOp.evaluateSequential(ReduceOps.java:921) ~[na:na]
	at java.base/java.util.stream.AbstractPipeline.evaluate(AbstractPipeline.java:265) ~[na:na]
	at java.base/java.util.stream.ReferencePipeline.collect(ReferencePipeline.java:723) ~[na:na]
	at com.tngtech.archunit.core.importer.DomainBuilders$BuilderWithBuildParameter$BuildFinisher.build(DomainBuilders.java:892) ~[archunit-1.3.0.jar:1.3.0]
	at com.tngtech.archunit.core.importer.ClassGraphCreator.createMethods(ClassGraphCreator.java:322) ~[archunit-1.3.0.jar:1.3.0]
	at com.tngtech.archunit.core.domain.JavaClassMembers.create(JavaClassMembers.java:352) ~[archunit-1.3.0.jar:1.3.0]
	at com.tngtech.archunit.core.domain.JavaClass.completeMembers(JavaClass.java:1477) ~[archunit-1.3.0.jar:1.3.0]
	at com.tngtech.archunit.core.domain.DomainObjectCreationContext.completeMembers(DomainObjectCreationContext.java:96) ~[archunit-1.3.0.jar:1.3.0]
	at com.tngtech.archunit.core.importer.ClassGraphCreator.completeClasses(ClassGraphCreator.java:120) ~[archunit-1.3.0.jar:1.3.0]
	at com.tngtech.archunit.core.importer.ClassGraphCreator.complete(ClassGraphCreator.java:108) ~[archunit-1.3.0.jar:1.3.0]
	at com.tngtech.archunit.core.importer.ClassFileProcessor.process(ClassFileProcessor.java:75) ~[archunit-1.3.0.jar:1.3.0]
	at com.tngtech.archunit.core.importer.ClassFileImporter.importLocations(ClassFileImporter.java:325) ~[archunit-1.3.0.jar:1.3.0]
	at com.tngtech.archunit.junit.internal.ClassCache$CacheClassFileImporter.importClasses(ClassCache.java:126) ~[archunit-junit5-engine-1.3.0.jar:1.3.0]
	at com.tngtech.archunit.junit.internal.ClassCache$LazyJavaClasses.initialize(ClassCache.java:118) ~[archunit-junit5-engine-1.3.0.jar:1.3.0]
	at com.tngtech.archunit.junit.internal.ClassCache$LazyJavaClasses.get(ClassCache.java:107) ~[archunit-junit5-engine-1.3.0.jar:1.3.0]
	at com.tngtech.archunit.junit.internal.ClassCache.getClassesToAnalyzeFor(ClassCache.java:84) ~[archunit-junit5-engine-1.3.0.jar:1.3.0]
	at com.tngtech.archunit.junit.internal.ArchUnitTestDescriptor.lambda$createChildren$1(ArchUnitTestDescriptor.java:90) ~[archunit-junit5-engine-1.3.0.jar:1.3.0]
	at com.tngtech.archunit.junit.internal.ArchUnitTestDescriptor$ArchUnitRuleDescriptor.execute(ArchUnitTestDescriptor.java:167) ~[archunit-junit5-engine-1.3.0.jar:1.3.0]
	at com.tngtech.archunit.junit.internal.ArchUnitTestDescriptor$ArchUnitRuleDescriptor.execute(ArchUnitTestDescriptor.java:150) ~[archunit-junit5-engine-1.3.0.jar:1.3.0]
	at org.junit.platform.engine.support.hierarchical.NodeTestTask.lambda$executeRecursively$6(NodeTestTask.java:151) ~[junit-platform-engine-1.10.1.jar:1.10.1]
	at org.junit.platform.engine.support.hierarchical.ThrowableCollector.execute(ThrowableCollector.java:73) ~[junit-platform-engine-1.10.1.jar:1.10.1]
	at org.junit.platform.engine.support.hierarchical.NodeTestTask.lambda$executeRecursively$8(NodeTestTask.java:141) ~[junit-platform-engine-1.10.1.jar:1.10.1]
	at org.junit.platform.engine.support.hierarchical.Node.around(Node.java:137) ~[junit-platform-engine-1.10.1.jar:1.10.1]
	at org.junit.platform.engine.support.hierarchical.NodeTestTask.lambda$executeRecursively$9(NodeTestTask.java:139) ~[junit-platform-engine-1.10.1.jar:1.10.1]
	at org.junit.platform.engine.support.hierarchical.ThrowableCollector.execute(ThrowableCollector.java:73) ~[junit-platform-engine-1.10.1.jar:1.10.1]
	at org.junit.platform.engine.support.hierarchical.NodeTestTask.executeRecursively(NodeTestTask.java:138) ~[junit-platform-engine-1.10.1.jar:1.10.1]
	at org.junit.platform.engine.support.hierarchical.NodeTestTask.execute(NodeTestTask.java:95) ~[junit-platform-engine-1.10.1.jar:1.10.1]
	at java.base/java.util.ArrayList.forEach(ArrayList.java:1604) ~[na:na]
	at org.junit.platform.engine.support.hierarchical.SameThreadHierarchicalTestExecutorService.invokeAll(SameThreadHierarchicalTestExecutorService.java:41) ~[junit-platform-engine-1.10.1.jar:1.10.1]
	at org.junit.platform.engine.support.hierarchical.NodeTestTask.lambda$executeRecursively$6(NodeTestTask.java:155) ~[junit-platform-engine-1.10.1.jar:1.10.1]
	at org.junit.platform.engine.support.hierarchical.ThrowableCollector.execute(ThrowableCollector.java:73) ~[junit-platform-engine-1.10.1.jar:1.10.1]
	at org.junit.platform.engine.support.hierarchical.NodeTestTask.lambda$executeRecursively$8(NodeTestTask.java:141) ~[junit-platform-engine-1.10.1.jar:1.10.1]
	at org.junit.platform.engine.support.hierarchical.Node.around(Node.java:137) ~[junit-platform-engine-1.10.1.jar:1.10.1]
	at org.junit.platform.engine.support.hierarchical.NodeTestTask.lambda$executeRecursively$9(NodeTestTask.java:139) ~[junit-platform-engine-1.10.1.jar:1.10.1]
	at org.junit.platform.engine.support.hierarchical.ThrowableCollector.execute(ThrowableCollector.java:73) ~[junit-platform-engine-1.10.1.jar:1.10.1]
	at org.junit.platform.engine.support.hierarchical.NodeTestTask.executeRecursively(NodeTestTask.java:138) ~[junit-platform-engine-1.10.1.jar:1.10.1]
	at org.junit.platform.engine.support.hierarchical.NodeTestTask.execute(NodeTestTask.java:95) ~[junit-platform-engine-1.10.1.jar:1.10.1]
	at java.base/java.util.ArrayList.forEach(ArrayList.java:1604) ~[na:na]
	at org.junit.platform.engine.support.hierarchical.SameThreadHierarchicalTestExecutorService.invokeAll(SameThreadHierarchicalTestExecutorService.java:41) ~[junit-platform-engine-1.10.1.jar:1.10.1]
	at org.junit.platform.engine.support.hierarchical.NodeTestTask.lambda$executeRecursively$6(NodeTestTask.java:155) ~[junit-platform-engine-1.10.1.jar:1.10.1]
	at org.junit.platform.engine.support.hierarchical.ThrowableCollector.execute(ThrowableCollector.java:73) ~[junit-platform-engine-1.10.1.jar:1.10.1]
	at org.junit.platform.engine.support.hierarchical.NodeTestTask.lambda$executeRecursively$8(NodeTestTask.java:141) ~[junit-platform-engine-1.10.1.jar:1.10.1]
	at org.junit.platform.engine.support.hierarchical.Node.around(Node.java:137) ~[junit-platform-engine-1.10.1.jar:1.10.1]
	at org.junit.platform.engine.support.hierarchical.NodeTestTask.lambda$executeRecursively$9(NodeTestTask.java:139) ~[junit-platform-engine-1.10.1.jar:1.10.1]
	at org.junit.platform.engine.support.hierarchical.ThrowableCollector.execute(ThrowableCollector.java:73) ~[junit-platform-engine-1.10.1.jar:1.10.1]
	at org.junit.platform.engine.support.hierarchical.NodeTestTask.executeRecursively(NodeTestTask.java:138) ~[junit-platform-engine-1.10.1.jar:1.10.1]
	at org.junit.platform.engine.support.hierarchical.NodeTestTask.execute(NodeTestTask.java:95) ~[junit-platform-engine-1.10.1.jar:1.10.1]
	at org.junit.platform.engine.support.hierarchical.SameThreadHierarchicalTestExecutorService.submit(SameThreadHierarchicalTestExecutorService.java:35) ~[junit-platform-engine-1.10.1.jar:1.10.1]
	at org.junit.platform.engine.support.hierarchical.HierarchicalTestExecutor.execute(HierarchicalTestExecutor.java:57) ~[junit-platform-engine-1.10.1.jar:1.10.1]
	at org.junit.platform.engine.support.hierarchical.HierarchicalTestEngine.execute(HierarchicalTestEngine.java:54) ~[junit-platform-engine-1.10.1.jar:1.10.1]
	at org.junit.platform.launcher.core.EngineExecutionOrchestrator.execute(EngineExecutionOrchestrator.java:198) ~[junit-platform-launcher-1.10.1.jar:1.10.1]
	at org.junit.platform.launcher.core.EngineExecutionOrchestrator.execute(EngineExecutionOrchestrator.java:169) ~[junit-platform-launcher-1.10.1.jar:1.10.1]
	at org.junit.platform.launcher.core.EngineExecutionOrchestrator.execute(EngineExecutionOrchestrator.java:93) ~[junit-platform-launcher-1.10.1.jar:1.10.1]
	at org.junit.platform.launcher.core.EngineExecutionOrchestrator.lambda$execute$0(EngineExecutionOrchestrator.java:58) ~[junit-platform-launcher-1.10.1.jar:1.10.1]
	at org.junit.platform.launcher.core.EngineExecutionOrchestrator.withInterceptedStreams(EngineExecutionOrchestrator.java:141) ~[junit-platform-launcher-1.10.1.jar:1.10.1]
	at org.junit.platform.launcher.core.EngineExecutionOrchestrator.execute(EngineExecutionOrchestrator.java:57) ~[junit-platform-launcher-1.10.1.jar:1.10.1]
	at org.junit.platform.launcher.core.DefaultLauncher.execute(DefaultLauncher.java:103) ~[junit-platform-launcher-1.10.1.jar:1.10.1]
	at org.junit.platform.launcher.core.DefaultLauncher.execute(DefaultLauncher.java:85) ~[junit-platform-launcher-1.10.1.jar:1.10.1]
	at org.junit.platform.launcher.core.DelegatingLauncher.execute(DelegatingLauncher.java:47) ~[junit-platform-launcher-1.10.1.jar:1.10.1]
	at org.apache.maven.surefire.junitplatform.LazyLauncher.execute(LazyLauncher.java:56) ~[surefire-junit-platform-3.1.2.jar:3.1.2]
	at org.apache.maven.surefire.junitplatform.JUnitPlatformProvider.execute(JUnitPlatformProvider.java:184) ~[surefire-junit-platform-3.1.2.jar:3.1.2]
	at org.apache.maven.surefire.junitplatform.JUnitPlatformProvider.invokeAllTests(JUnitPlatformProvider.java:148) ~[surefire-junit-platform-3.1.2.jar:3.1.2]
	at org.apache.maven.surefire.junitplatform.JUnitPlatformProvider.invoke(JUnitPlatformProvider.java:122) ~[surefire-junit-platform-3.1.2.jar:3.1.2]
	at org.apache.maven.surefire.booter.ForkedBooter.runSuitesInProcess(ForkedBooter.java:385) ~[surefire-booter-3.1.2.jar:3.1.2]
	at org.apache.maven.surefire.booter.ForkedBooter.execute(ForkedBooter.java:162) ~[surefire-booter-3.1.2.jar:3.1.2]
	at org.apache.maven.surefire.booter.ForkedBooter.run(ForkedBooter.java:507) ~[surefire-booter-3.1.2.jar:3.1.2]
	at org.apache.maven.surefire.booter.ForkedBooter.main(ForkedBooter.java:495) ~[surefire-booter-3.1.2.jar:3.1.2]

2025-10-13T13:36:42.651+02:00  WARN 80616 --- [hexagonal-app] [           main] c.t.a.core.importer.ClassFileProcessor   : Error during import from jrt:/java.base/java/lang/Runnable.class, falling back to simple import

java.lang.IllegalArgumentException: Unsupported class file major version 69
	at com.tngtech.archunit.thirdparty.org.objectweb.asm.ClassReader.<init>(ClassReader.java:200) ~[archunit-1.3.0.jar:1.3.0]
	at com.tngtech.archunit.thirdparty.org.objectweb.asm.ClassReader.<init>(ClassReader.java:180) ~[archunit-1.3.0.jar:1.3.0]
	at com.tngtech.archunit.thirdparty.org.objectweb.asm.ClassReader.<init>(ClassReader.java:166) ~[archunit-1.3.0.jar:1.3.0]
	at com.tngtech.archunit.thirdparty.org.objectweb.asm.ClassReader.<init>(ClassReader.java:288) ~[archunit-1.3.0.jar:1.3.0]
	at com.tngtech.archunit.core.importer.ClassFileProcessor$UriImporterOfProcessor.tryImport(ClassFileProcessor.java:350) ~[archunit-1.3.0.jar:1.3.0]
	at com.tngtech.archunit.core.importer.resolvers.ClassResolverFromClasspath.tryResolve(ClassResolverFromClasspath.java:51) ~[archunit-1.3.0.jar:1.3.0]
	at com.tngtech.archunit.core.importer.ImportedClasses.resolve(ImportedClasses.java:80) ~[archunit-1.3.0.jar:1.3.0]
	at com.tngtech.archunit.core.importer.ImportedClasses.getOrResolve(ImportedClasses.java:67) ~[archunit-1.3.0.jar:1.3.0]
	at com.tngtech.archunit.core.importer.DomainBuilders$JavaMemberBuilder.get(DomainBuilders.java:179) ~[archunit-1.3.0.jar:1.3.0]
	at com.tngtech.archunit.core.importer.DomainBuilders$JavaCodeUnitBuilder.asJavaClasses(DomainBuilders.java:329) ~[archunit-1.3.0.jar:1.3.0]
	at com.tngtech.archunit.core.importer.DomainBuilders$JavaCodeUnitBuilder.getRawParameterTypes(DomainBuilders.java:303) ~[archunit-1.3.0.jar:1.3.0]
	at com.tngtech.archunit.core.domain.JavaCodeUnit$Parameters.<init>(JavaCodeUnit.java:317) ~[archunit-1.3.0.jar:1.3.0]
	at com.tngtech.archunit.core.domain.JavaCodeUnit.<init>(JavaCodeUnit.java:82) ~[archunit-1.3.0.jar:1.3.0]
	at com.tngtech.archunit.core.domain.JavaMethod.<init>(JavaMethod.java:44) ~[archunit-1.3.0.jar:1.3.0]
	at com.tngtech.archunit.core.domain.DomainObjectCreationContext.createJavaMethod(DomainObjectCreationContext.java:144) ~[archunit-1.3.0.jar:1.3.0]
	at com.tngtech.archunit.core.importer.DomainBuilders$JavaMethodBuilder.construct(DomainBuilders.java:373) ~[archunit-1.3.0.jar:1.3.0]
	at com.tngtech.archunit.core.importer.DomainBuilders$JavaMethodBuilder.construct(DomainBuilders.java:358) ~[archunit-1.3.0.jar:1.3.0]
	at com.tngtech.archunit.core.importer.DomainBuilders$JavaMemberBuilder.build(DomainBuilders.java:206) ~[archunit-1.3.0.jar:1.3.0]
	at com.tngtech.archunit.core.importer.DomainBuilders$JavaMemberBuilder.build(DomainBuilders.java:138) ~[archunit-1.3.0.jar:1.3.0]
	at com.tngtech.archunit.core.importer.DomainBuilders$BuilderWithBuildParameter$BuildFinisher.lambda$build$0(DomainBuilders.java:892) ~[archunit-1.3.0.jar:1.3.0]
	at java.base/java.util.stream.ReferencePipeline$3$1.accept(ReferencePipeline.java:214) ~[na:na]
	at java.base/java.util.stream.ReferencePipeline$2$1.accept(ReferencePipeline.java:197) ~[na:na]
	at java.base/java.util.HashMap$KeySpliterator.forEachRemaining(HashMap.java:1716) ~[na:na]
	at java.base/java.util.stream.AbstractPipeline.copyInto(AbstractPipeline.java:570) ~[na:na]
	at java.base/java.util.stream.AbstractPipeline.wrapAndCopyInto(AbstractPipeline.java:560) ~[na:na]
	at java.base/java.util.stream.ReduceOps$ReduceOp.evaluateSequential(ReduceOps.java:921) ~[na:na]
	at java.base/java.util.stream.AbstractPipeline.evaluate(AbstractPipeline.java:265) ~[na:na]
	at java.base/java.util.stream.ReferencePipeline.collect(ReferencePipeline.java:723) ~[na:na]
	at com.tngtech.archunit.core.importer.DomainBuilders$BuilderWithBuildParameter$BuildFinisher.build(DomainBuilders.java:892) ~[archunit-1.3.0.jar:1.3.0]
	at com.tngtech.archunit.core.importer.ClassGraphCreator.createMethods(ClassGraphCreator.java:322) ~[archunit-1.3.0.jar:1.3.0]
	at com.tngtech.archunit.core.domain.JavaClassMembers.create(JavaClassMembers.java:352) ~[archunit-1.3.0.jar:1.3.0]
	at com.tngtech.archunit.core.domain.JavaClass.completeMembers(JavaClass.java:1477) ~[archunit-1.3.0.jar:1.3.0]
	at com.tngtech.archunit.core.domain.DomainObjectCreationContext.completeMembers(DomainObjectCreationContext.java:96) ~[archunit-1.3.0.jar:1.3.0]
	at com.tngtech.archunit.core.importer.ClassGraphCreator.completeClasses(ClassGraphCreator.java:120) ~[archunit-1.3.0.jar:1.3.0]
	at com.tngtech.archunit.core.importer.ClassGraphCreator.complete(ClassGraphCreator.java:108) ~[archunit-1.3.0.jar:1.3.0]
	at com.tngtech.archunit.core.importer.ClassFileProcessor.process(ClassFileProcessor.java:75) ~[archunit-1.3.0.jar:1.3.0]
	at com.tngtech.archunit.core.importer.ClassFileImporter.importLocations(ClassFileImporter.java:325) ~[archunit-1.3.0.jar:1.3.0]
	at com.tngtech.archunit.junit.internal.ClassCache$CacheClassFileImporter.importClasses(ClassCache.java:126) ~[archunit-junit5-engine-1.3.0.jar:1.3.0]
	at com.tngtech.archunit.junit.internal.ClassCache$LazyJavaClasses.initialize(ClassCache.java:118) ~[archunit-junit5-engine-1.3.0.jar:1.3.0]
	at com.tngtech.archunit.junit.internal.ClassCache$LazyJavaClasses.get(ClassCache.java:107) ~[archunit-junit5-engine-1.3.0.jar:1.3.0]
	at com.tngtech.archunit.junit.internal.ClassCache.getClassesToAnalyzeFor(ClassCache.java:84) ~[archunit-junit5-engine-1.3.0.jar:1.3.0]
	at com.tngtech.archunit.junit.internal.ArchUnitTestDescriptor.lambda$createChildren$1(ArchUnitTestDescriptor.java:90) ~[archunit-junit5-engine-1.3.0.jar:1.3.0]
	at com.tngtech.archunit.junit.internal.ArchUnitTestDescriptor$ArchUnitRuleDescriptor.execute(ArchUnitTestDescriptor.java:167) ~[archunit-junit5-engine-1.3.0.jar:1.3.0]
	at com.tngtech.archunit.junit.internal.ArchUnitTestDescriptor$ArchUnitRuleDescriptor.execute(ArchUnitTestDescriptor.java:150) ~[archunit-junit5-engine-1.3.0.jar:1.3.0]
	at org.junit.platform.engine.support.hierarchical.NodeTestTask.lambda$executeRecursively$6(NodeTestTask.java:151) ~[junit-platform-engine-1.10.1.jar:1.10.1]
	at org.junit.platform.engine.support.hierarchical.ThrowableCollector.execute(ThrowableCollector.java:73) ~[junit-platform-engine-1.10.1.jar:1.10.1]
	at org.junit.platform.engine.support.hierarchical.NodeTestTask.lambda$executeRecursively$8(NodeTestTask.java:141) ~[junit-platform-engine-1.10.1.jar:1.10.1]
	at org.junit.platform.engine.support.hierarchical.Node.around(Node.java:137) ~[junit-platform-engine-1.10.1.jar:1.10.1]
	at org.junit.platform.engine.support.hierarchical.NodeTestTask.lambda$executeRecursively$9(NodeTestTask.java:139) ~[junit-platform-engine-1.10.1.jar:1.10.1]
	at org.junit.platform.engine.support.hierarchical.ThrowableCollector.execute(ThrowableCollector.java:73) ~[junit-platform-engine-1.10.1.jar:1.10.1]
	at org.junit.platform.engine.support.hierarchical.NodeTestTask.executeRecursively(NodeTestTask.java:138) ~[junit-platform-engine-1.10.1.jar:1.10.1]
	at org.junit.platform.engine.support.hierarchical.NodeTestTask.execute(NodeTestTask.java:95) ~[junit-platform-engine-1.10.1.jar:1.10.1]
	at java.base/java.util.ArrayList.forEach(ArrayList.java:1604) ~[na:na]
	at org.junit.platform.engine.support.hierarchical.SameThreadHierarchicalTestExecutorService.invokeAll(SameThreadHierarchicalTestExecutorService.java:41) ~[junit-platform-engine-1.10.1.jar:1.10.1]
	at org.junit.platform.engine.support.hierarchical.NodeTestTask.lambda$executeRecursively$6(NodeTestTask.java:155) ~[junit-platform-engine-1.10.1.jar:1.10.1]
	at org.junit.platform.engine.support.hierarchical.ThrowableCollector.execute(ThrowableCollector.java:73) ~[junit-platform-engine-1.10.1.jar:1.10.1]
	at org.junit.platform.engine.support.hierarchical.NodeTestTask.lambda$executeRecursively$8(NodeTestTask.java:141) ~[junit-platform-engine-1.10.1.jar:1.10.1]
	at org.junit.platform.engine.support.hierarchical.Node.around(Node.java:137) ~[junit-platform-engine-1.10.1.jar:1.10.1]
	at org.junit.platform.engine.support.hierarchical.NodeTestTask.lambda$executeRecursively$9(NodeTestTask.java:139) ~[junit-platform-engine-1.10.1.jar:1.10.1]
	at org.junit.platform.engine.support.hierarchical.ThrowableCollector.execute(ThrowableCollector.java:73) ~[junit-platform-engine-1.10.1.jar:1.10.1]
	at org.junit.platform.engine.support.hierarchical.NodeTestTask.executeRecursively(NodeTestTask.java:138) ~[junit-platform-engine-1.10.1.jar:1.10.1]
	at org.junit.platform.engine.support.hierarchical.NodeTestTask.execute(NodeTestTask.java:95) ~[junit-platform-engine-1.10.1.jar:1.10.1]
	at java.base/java.util.ArrayList.forEach(ArrayList.java:1604) ~[na:na]
	at org.junit.platform.engine.support.hierarchical.SameThreadHierarchicalTestExecutorService.invokeAll(SameThreadHierarchicalTestExecutorService.java:41) ~[junit-platform-engine-1.10.1.jar:1.10.1]
	at org.junit.platform.engine.support.hierarchical.NodeTestTask.lambda$executeRecursively$6(NodeTestTask.java:155) ~[junit-platform-engine-1.10.1.jar:1.10.1]
	at org.junit.platform.engine.support.hierarchical.ThrowableCollector.execute(ThrowableCollector.java:73) ~[junit-platform-engine-1.10.1.jar:1.10.1]
	at org.junit.platform.engine.support.hierarchical.NodeTestTask.lambda$executeRecursively$8(NodeTestTask.java:141) ~[junit-platform-engine-1.10.1.jar:1.10.1]
	at org.junit.platform.engine.support.hierarchical.Node.around(Node.java:137) ~[junit-platform-engine-1.10.1.jar:1.10.1]
	at org.junit.platform.engine.support.hierarchical.NodeTestTask.lambda$executeRecursively$9(NodeTestTask.java:139) ~[junit-platform-engine-1.10.1.jar:1.10.1]
	at org.junit.platform.engine.support.hierarchical.ThrowableCollector.execute(ThrowableCollector.java:73) ~[junit-platform-engine-1.10.1.jar:1.10.1]
	at org.junit.platform.engine.support.hierarchical.NodeTestTask.executeRecursively(NodeTestTask.java:138) ~[junit-platform-engine-1.10.1.jar:1.10.1]
	at org.junit.platform.engine.support.hierarchical.NodeTestTask.execute(NodeTestTask.java:95) ~[junit-platform-engine-1.10.1.jar:1.10.1]
	at org.junit.platform.engine.support.hierarchical.SameThreadHierarchicalTestExecutorService.submit(SameThreadHierarchicalTestExecutorService.java:35) ~[junit-platform-engine-1.10.1.jar:1.10.1]
	at org.junit.platform.engine.support.hierarchical.HierarchicalTestExecutor.execute(HierarchicalTestExecutor.java:57) ~[junit-platform-engine-1.10.1.jar:1.10.1]
	at org.junit.platform.engine.support.hierarchical.HierarchicalTestEngine.execute(HierarchicalTestEngine.java:54) ~[junit-platform-engine-1.10.1.jar:1.10.1]
	at org.junit.platform.launcher.core.EngineExecutionOrchestrator.execute(EngineExecutionOrchestrator.java:198) ~[junit-platform-launcher-1.10.1.jar:1.10.1]
	at org.junit.platform.launcher.core.EngineExecutionOrchestrator.execute(EngineExecutionOrchestrator.java:169) ~[junit-platform-launcher-1.10.1.jar:1.10.1]
	at org.junit.platform.launcher.core.EngineExecutionOrchestrator.execute(EngineExecutionOrchestrator.java:93) ~[junit-platform-launcher-1.10.1.jar:1.10.1]
	at org.junit.platform.launcher.core.EngineExecutionOrchestrator.lambda$execute$0(EngineExecutionOrchestrator.java:58) ~[junit-platform-launcher-1.10.1.jar:1.10.1]
	at org.junit.platform.launcher.core.EngineExecutionOrchestrator.withInterceptedStreams(EngineExecutionOrchestrator.java:141) ~[junit-platform-launcher-1.10.1.jar:1.10.1]
	at org.junit.platform.launcher.core.EngineExecutionOrchestrator.execute(EngineExecutionOrchestrator.java:57) ~[junit-platform-launcher-1.10.1.jar:1.10.1]
	at org.junit.platform.launcher.core.DefaultLauncher.execute(DefaultLauncher.java:103) ~[junit-platform-launcher-1.10.1.jar:1.10.1]
	at org.junit.platform.launcher.core.DefaultLauncher.execute(DefaultLauncher.java:85) ~[junit-platform-launcher-1.10.1.jar:1.10.1]
	at org.junit.platform.launcher.core.DelegatingLauncher.execute(DelegatingLauncher.java:47) ~[junit-platform-launcher-1.10.1.jar:1.10.1]
	at org.apache.maven.surefire.junitplatform.LazyLauncher.execute(LazyLauncher.java:56) ~[surefire-junit-platform-3.1.2.jar:3.1.2]
	at org.apache.maven.surefire.junitplatform.JUnitPlatformProvider.execute(JUnitPlatformProvider.java:184) ~[surefire-junit-platform-3.1.2.jar:3.1.2]
	at org.apache.maven.surefire.junitplatform.JUnitPlatformProvider.invokeAllTests(JUnitPlatformProvider.java:148) ~[surefire-junit-platform-3.1.2.jar:3.1.2]
	at org.apache.maven.surefire.junitplatform.JUnitPlatformProvider.invoke(JUnitPlatformProvider.java:122) ~[surefire-junit-platform-3.1.2.jar:3.1.2]
	at org.apache.maven.surefire.booter.ForkedBooter.runSuitesInProcess(ForkedBooter.java:385) ~[surefire-booter-3.1.2.jar:3.1.2]
	at org.apache.maven.surefire.booter.ForkedBooter.execute(ForkedBooter.java:162) ~[surefire-booter-3.1.2.jar:3.1.2]
	at org.apache.maven.surefire.booter.ForkedBooter.run(ForkedBooter.java:507) ~[surefire-booter-3.1.2.jar:3.1.2]
	at org.apache.maven.surefire.booter.ForkedBooter.main(ForkedBooter.java:495) ~[surefire-booter-3.1.2.jar:3.1.2]

2025-10-13T13:36:42.652+02:00  WARN 80616 --- [hexagonal-app] [           main] c.t.a.core.importer.ClassFileProcessor   : Error during import from jrt:/java.base/java/util/Properties.class, falling back to simple import

java.lang.IllegalArgumentException: Unsupported class file major version 69
	at com.tngtech.archunit.thirdparty.org.objectweb.asm.ClassReader.<init>(ClassReader.java:200) ~[archunit-1.3.0.jar:1.3.0]
	at com.tngtech.archunit.thirdparty.org.objectweb.asm.ClassReader.<init>(ClassReader.java:180) ~[archunit-1.3.0.jar:1.3.0]
	at com.tngtech.archunit.thirdparty.org.objectweb.asm.ClassReader.<init>(ClassReader.java:166) ~[archunit-1.3.0.jar:1.3.0]
	at com.tngtech.archunit.thirdparty.org.objectweb.asm.ClassReader.<init>(ClassReader.java:288) ~[archunit-1.3.0.jar:1.3.0]
	at com.tngtech.archunit.core.importer.ClassFileProcessor$UriImporterOfProcessor.tryImport(ClassFileProcessor.java:350) ~[archunit-1.3.0.jar:1.3.0]
	at com.tngtech.archunit.core.importer.resolvers.ClassResolverFromClasspath.tryResolve(ClassResolverFromClasspath.java:51) ~[archunit-1.3.0.jar:1.3.0]
	at com.tngtech.archunit.core.importer.ImportedClasses.resolve(ImportedClasses.java:80) ~[archunit-1.3.0.jar:1.3.0]
	at com.tngtech.archunit.core.importer.ImportedClasses.getOrResolve(ImportedClasses.java:67) ~[archunit-1.3.0.jar:1.3.0]
	at com.tngtech.archunit.core.importer.DomainBuilders$JavaMemberBuilder.get(DomainBuilders.java:179) ~[archunit-1.3.0.jar:1.3.0]
	at com.tngtech.archunit.core.importer.DomainBuilders$JavaCodeUnitBuilder.asJavaClasses(DomainBuilders.java:329) ~[archunit-1.3.0.jar:1.3.0]
	at com.tngtech.archunit.core.importer.DomainBuilders$JavaCodeUnitBuilder.getRawParameterTypes(DomainBuilders.java:303) ~[archunit-1.3.0.jar:1.3.0]
	at com.tngtech.archunit.core.domain.JavaCodeUnit$Parameters.<init>(JavaCodeUnit.java:317) ~[archunit-1.3.0.jar:1.3.0]
	at com.tngtech.archunit.core.domain.JavaCodeUnit.<init>(JavaCodeUnit.java:82) ~[archunit-1.3.0.jar:1.3.0]
	at com.tngtech.archunit.core.domain.JavaMethod.<init>(JavaMethod.java:44) ~[archunit-1.3.0.jar:1.3.0]
	at com.tngtech.archunit.core.domain.DomainObjectCreationContext.createJavaMethod(DomainObjectCreationContext.java:144) ~[archunit-1.3.0.jar:1.3.0]
	at com.tngtech.archunit.core.importer.DomainBuilders$JavaMethodBuilder.construct(DomainBuilders.java:373) ~[archunit-1.3.0.jar:1.3.0]
	at com.tngtech.archunit.core.importer.DomainBuilders$JavaMethodBuilder.construct(DomainBuilders.java:358) ~[archunit-1.3.0.jar:1.3.0]
	at com.tngtech.archunit.core.importer.DomainBuilders$JavaMemberBuilder.build(DomainBuilders.java:206) ~[archunit-1.3.0.jar:1.3.0]
	at com.tngtech.archunit.core.importer.DomainBuilders$JavaMemberBuilder.build(DomainBuilders.java:138) ~[archunit-1.3.0.jar:1.3.0]
	at com.tngtech.archunit.core.importer.DomainBuilders$BuilderWithBuildParameter$BuildFinisher.lambda$build$0(DomainBuilders.java:892) ~[archunit-1.3.0.jar:1.3.0]
	at java.base/java.util.stream.ReferencePipeline$3$1.accept(ReferencePipeline.java:214) ~[na:na]
	at java.base/java.util.stream.ReferencePipeline$2$1.accept(ReferencePipeline.java:197) ~[na:na]
	at java.base/java.util.HashMap$KeySpliterator.forEachRemaining(HashMap.java:1716) ~[na:na]
	at java.base/java.util.stream.AbstractPipeline.copyInto(AbstractPipeline.java:570) ~[na:na]
	at java.base/java.util.stream.AbstractPipeline.wrapAndCopyInto(AbstractPipeline.java:560) ~[na:na]
	at java.base/java.util.stream.ReduceOps$ReduceOp.evaluateSequential(ReduceOps.java:921) ~[na:na]
	at java.base/java.util.stream.AbstractPipeline.evaluate(AbstractPipeline.java:265) ~[na:na]
	at java.base/java.util.stream.ReferencePipeline.collect(ReferencePipeline.java:723) ~[na:na]
	at com.tngtech.archunit.core.importer.DomainBuilders$BuilderWithBuildParameter$BuildFinisher.build(DomainBuilders.java:892) ~[archunit-1.3.0.jar:1.3.0]
	at com.tngtech.archunit.core.importer.ClassGraphCreator.createMethods(ClassGraphCreator.java:322) ~[archunit-1.3.0.jar:1.3.0]
	at com.tngtech.archunit.core.domain.JavaClassMembers.create(JavaClassMembers.java:352) ~[archunit-1.3.0.jar:1.3.0]
	at com.tngtech.archunit.core.domain.JavaClass.completeMembers(JavaClass.java:1477) ~[archunit-1.3.0.jar:1.3.0]
	at com.tngtech.archunit.core.domain.DomainObjectCreationContext.completeMembers(DomainObjectCreationContext.java:96) ~[archunit-1.3.0.jar:1.3.0]
	at com.tngtech.archunit.core.importer.ClassGraphCreator.completeClasses(ClassGraphCreator.java:120) ~[archunit-1.3.0.jar:1.3.0]
	at com.tngtech.archunit.core.importer.ClassGraphCreator.complete(ClassGraphCreator.java:108) ~[archunit-1.3.0.jar:1.3.0]
	at com.tngtech.archunit.core.importer.ClassFileProcessor.process(ClassFileProcessor.java:75) ~[archunit-1.3.0.jar:1.3.0]
	at com.tngtech.archunit.core.importer.ClassFileImporter.importLocations(ClassFileImporter.java:325) ~[archunit-1.3.0.jar:1.3.0]
	at com.tngtech.archunit.junit.internal.ClassCache$CacheClassFileImporter.importClasses(ClassCache.java:126) ~[archunit-junit5-engine-1.3.0.jar:1.3.0]
	at com.tngtech.archunit.junit.internal.ClassCache$LazyJavaClasses.initialize(ClassCache.java:118) ~[archunit-junit5-engine-1.3.0.jar:1.3.0]
	at com.tngtech.archunit.junit.internal.ClassCache$LazyJavaClasses.get(ClassCache.java:107) ~[archunit-junit5-engine-1.3.0.jar:1.3.0]
	at com.tngtech.archunit.junit.internal.ClassCache.getClassesToAnalyzeFor(ClassCache.java:84) ~[archunit-junit5-engine-1.3.0.jar:1.3.0]
	at com.tngtech.archunit.junit.internal.ArchUnitTestDescriptor.lambda$createChildren$1(ArchUnitTestDescriptor.java:90) ~[archunit-junit5-engine-1.3.0.jar:1.3.0]
	at com.tngtech.archunit.junit.internal.ArchUnitTestDescriptor$ArchUnitRuleDescriptor.execute(ArchUnitTestDescriptor.java:167) ~[archunit-junit5-engine-1.3.0.jar:1.3.0]
	at com.tngtech.archunit.junit.internal.ArchUnitTestDescriptor$ArchUnitRuleDescriptor.execute(ArchUnitTestDescriptor.java:150) ~[archunit-junit5-engine-1.3.0.jar:1.3.0]
	at org.junit.platform.engine.support.hierarchical.NodeTestTask.lambda$executeRecursively$6(NodeTestTask.java:151) ~[junit-platform-engine-1.10.1.jar:1.10.1]
	at org.junit.platform.engine.support.hierarchical.ThrowableCollector.execute(ThrowableCollector.java:73) ~[junit-platform-engine-1.10.1.jar:1.10.1]
	at org.junit.platform.engine.support.hierarchical.NodeTestTask.lambda$executeRecursively$8(NodeTestTask.java:141) ~[junit-platform-engine-1.10.1.jar:1.10.1]
	at org.junit.platform.engine.support.hierarchical.Node.around(Node.java:137) ~[junit-platform-engine-1.10.1.jar:1.10.1]
	at org.junit.platform.engine.support.hierarchical.NodeTestTask.lambda$executeRecursively$9(NodeTestTask.java:139) ~[junit-platform-engine-1.10.1.jar:1.10.1]
	at org.junit.platform.engine.support.hierarchical.ThrowableCollector.execute(ThrowableCollector.java:73) ~[junit-platform-engine-1.10.1.jar:1.10.1]
	at org.junit.platform.engine.support.hierarchical.NodeTestTask.executeRecursively(NodeTestTask.java:138) ~[junit-platform-engine-1.10.1.jar:1.10.1]
	at org.junit.platform.engine.support.hierarchical.NodeTestTask.execute(NodeTestTask.java:95) ~[junit-platform-engine-1.10.1.jar:1.10.1]
	at java.base/java.util.ArrayList.forEach(ArrayList.java:1604) ~[na:na]
	at org.junit.platform.engine.support.hierarchical.SameThreadHierarchicalTestExecutorService.invokeAll(SameThreadHierarchicalTestExecutorService.java:41) ~[junit-platform-engine-1.10.1.jar:1.10.1]
	at org.junit.platform.engine.support.hierarchical.NodeTestTask.lambda$executeRecursively$6(NodeTestTask.java:155) ~[junit-platform-engine-1.10.1.jar:1.10.1]
	at org.junit.platform.engine.support.hierarchical.ThrowableCollector.execute(ThrowableCollector.java:73) ~[junit-platform-engine-1.10.1.jar:1.10.1]
	at org.junit.platform.engine.support.hierarchical.NodeTestTask.lambda$executeRecursively$8(NodeTestTask.java:141) ~[junit-platform-engine-1.10.1.jar:1.10.1]
	at org.junit.platform.engine.support.hierarchical.Node.around(Node.java:137) ~[junit-platform-engine-1.10.1.jar:1.10.1]
	at org.junit.platform.engine.support.hierarchical.NodeTestTask.lambda$executeRecursively$9(NodeTestTask.java:139) ~[junit-platform-engine-1.10.1.jar:1.10.1]
	at org.junit.platform.engine.support.hierarchical.ThrowableCollector.execute(ThrowableCollector.java:73) ~[junit-platform-engine-1.10.1.jar:1.10.1]
	at org.junit.platform.engine.support.hierarchical.NodeTestTask.executeRecursively(NodeTestTask.java:138) ~[junit-platform-engine-1.10.1.jar:1.10.1]
	at org.junit.platform.engine.support.hierarchical.NodeTestTask.execute(NodeTestTask.java:95) ~[junit-platform-engine-1.10.1.jar:1.10.1]
	at java.base/java.util.ArrayList.forEach(ArrayList.java:1604) ~[na:na]
	at org.junit.platform.engine.support.hierarchical.SameThreadHierarchicalTestExecutorService.invokeAll(SameThreadHierarchicalTestExecutorService.java:41) ~[junit-platform-engine-1.10.1.jar:1.10.1]
	at org.junit.platform.engine.support.hierarchical.NodeTestTask.lambda$executeRecursively$6(NodeTestTask.java:155) ~[junit-platform-engine-1.10.1.jar:1.10.1]
	at org.junit.platform.engine.support.hierarchical.ThrowableCollector.execute(ThrowableCollector.java:73) ~[junit-platform-engine-1.10.1.jar:1.10.1]
	at org.junit.platform.engine.support.hierarchical.NodeTestTask.lambda$executeRecursively$8(NodeTestTask.java:141) ~[junit-platform-engine-1.10.1.jar:1.10.1]
	at org.junit.platform.engine.support.hierarchical.Node.around(Node.java:137) ~[junit-platform-engine-1.10.1.jar:1.10.1]
	at org.junit.platform.engine.support.hierarchical.NodeTestTask.lambda$executeRecursively$9(NodeTestTask.java:139) ~[junit-platform-engine-1.10.1.jar:1.10.1]
	at org.junit.platform.engine.support.hierarchical.ThrowableCollector.execute(ThrowableCollector.java:73) ~[junit-platform-engine-1.10.1.jar:1.10.1]
	at org.junit.platform.engine.support.hierarchical.NodeTestTask.executeRecursively(NodeTestTask.java:138) ~[junit-platform-engine-1.10.1.jar:1.10.1]
	at org.junit.platform.engine.support.hierarchical.NodeTestTask.execute(NodeTestTask.java:95) ~[junit-platform-engine-1.10.1.jar:1.10.1]
	at org.junit.platform.engine.support.hierarchical.SameThreadHierarchicalTestExecutorService.submit(SameThreadHierarchicalTestExecutorService.java:35) ~[junit-platform-engine-1.10.1.jar:1.10.1]
	at org.junit.platform.engine.support.hierarchical.HierarchicalTestExecutor.execute(HierarchicalTestExecutor.java:57) ~[junit-platform-engine-1.10.1.jar:1.10.1]
	at org.junit.platform.engine.support.hierarchical.HierarchicalTestEngine.execute(HierarchicalTestEngine.java:54) ~[junit-platform-engine-1.10.1.jar:1.10.1]
	at org.junit.platform.launcher.core.EngineExecutionOrchestrator.execute(EngineExecutionOrchestrator.java:198) ~[junit-platform-launcher-1.10.1.jar:1.10.1]
	at org.junit.platform.launcher.core.EngineExecutionOrchestrator.execute(EngineExecutionOrchestrator.java:169) ~[junit-platform-launcher-1.10.1.jar:1.10.1]
	at org.junit.platform.launcher.core.EngineExecutionOrchestrator.execute(EngineExecutionOrchestrator.java:93) ~[junit-platform-launcher-1.10.1.jar:1.10.1]
	at org.junit.platform.launcher.core.EngineExecutionOrchestrator.lambda$execute$0(EngineExecutionOrchestrator.java:58) ~[junit-platform-launcher-1.10.1.jar:1.10.1]
	at org.junit.platform.launcher.core.EngineExecutionOrchestrator.withInterceptedStreams(EngineExecutionOrchestrator.java:141) ~[junit-platform-launcher-1.10.1.jar:1.10.1]
	at org.junit.platform.launcher.core.EngineExecutionOrchestrator.execute(EngineExecutionOrchestrator.java:57) ~[junit-platform-launcher-1.10.1.jar:1.10.1]
	at org.junit.platform.launcher.core.DefaultLauncher.execute(DefaultLauncher.java:103) ~[junit-platform-launcher-1.10.1.jar:1.10.1]
	at org.junit.platform.launcher.core.DefaultLauncher.execute(DefaultLauncher.java:85) ~[junit-platform-launcher-1.10.1.jar:1.10.1]
	at org.junit.platform.launcher.core.DelegatingLauncher.execute(DelegatingLauncher.java:47) ~[junit-platform-launcher-1.10.1.jar:1.10.1]
	at org.apache.maven.surefire.junitplatform.LazyLauncher.execute(LazyLauncher.java:56) ~[surefire-junit-platform-3.1.2.jar:3.1.2]
	at org.apache.maven.surefire.junitplatform.JUnitPlatformProvider.execute(JUnitPlatformProvider.java:184) ~[surefire-junit-platform-3.1.2.jar:3.1.2]
	at org.apache.maven.surefire.junitplatform.JUnitPlatformProvider.invokeAllTests(JUnitPlatformProvider.java:148) ~[surefire-junit-platform-3.1.2.jar:3.1.2]
	at org.apache.maven.surefire.junitplatform.JUnitPlatformProvider.invoke(JUnitPlatformProvider.java:122) ~[surefire-junit-platform-3.1.2.jar:3.1.2]
	at org.apache.maven.surefire.booter.ForkedBooter.runSuitesInProcess(ForkedBooter.java:385) ~[surefire-booter-3.1.2.jar:3.1.2]
	at org.apache.maven.surefire.booter.ForkedBooter.execute(ForkedBooter.java:162) ~[surefire-booter-3.1.2.jar:3.1.2]
	at org.apache.maven.surefire.booter.ForkedBooter.run(ForkedBooter.java:507) ~[surefire-booter-3.1.2.jar:3.1.2]
	at org.apache.maven.surefire.booter.ForkedBooter.main(ForkedBooter.java:495) ~[surefire-booter-3.1.2.jar:3.1.2]

2025-10-13T13:36:42.654+02:00  WARN 80616 --- [hexagonal-app] [           main] c.t.a.core.importer.ClassFileProcessor   : Error during import from jrt:/java.base/java/util/function/Predicate.class, falling back to simple import

java.lang.IllegalArgumentException: Unsupported class file major version 69
	at com.tngtech.archunit.thirdparty.org.objectweb.asm.ClassReader.<init>(ClassReader.java:200) ~[archunit-1.3.0.jar:1.3.0]
	at com.tngtech.archunit.thirdparty.org.objectweb.asm.ClassReader.<init>(ClassReader.java:180) ~[archunit-1.3.0.jar:1.3.0]
	at com.tngtech.archunit.thirdparty.org.objectweb.asm.ClassReader.<init>(ClassReader.java:166) ~[archunit-1.3.0.jar:1.3.0]
	at com.tngtech.archunit.thirdparty.org.objectweb.asm.ClassReader.<init>(ClassReader.java:288) ~[archunit-1.3.0.jar:1.3.0]
	at com.tngtech.archunit.core.importer.ClassFileProcessor$UriImporterOfProcessor.tryImport(ClassFileProcessor.java:350) ~[archunit-1.3.0.jar:1.3.0]
	at com.tngtech.archunit.core.importer.resolvers.ClassResolverFromClasspath.tryResolve(ClassResolverFromClasspath.java:51) ~[archunit-1.3.0.jar:1.3.0]
	at com.tngtech.archunit.core.importer.ImportedClasses.resolve(ImportedClasses.java:80) ~[archunit-1.3.0.jar:1.3.0]
	at com.tngtech.archunit.core.importer.ImportedClasses.getOrResolve(ImportedClasses.java:67) ~[archunit-1.3.0.jar:1.3.0]
	at com.tngtech.archunit.core.importer.DomainBuilders$JavaMemberBuilder.get(DomainBuilders.java:179) ~[archunit-1.3.0.jar:1.3.0]
	at com.tngtech.archunit.core.importer.DomainBuilders$JavaCodeUnitBuilder.getRawReturnType(DomainBuilders.java:289) ~[archunit-1.3.0.jar:1.3.0]
	at com.tngtech.archunit.core.domain.JavaCodeUnit$ReturnType.<init>(JavaCodeUnit.java:367) ~[archunit-1.3.0.jar:1.3.0]
	at com.tngtech.archunit.core.domain.JavaCodeUnit.<init>(JavaCodeUnit.java:81) ~[archunit-1.3.0.jar:1.3.0]
	at com.tngtech.archunit.core.domain.JavaMethod.<init>(JavaMethod.java:44) ~[archunit-1.3.0.jar:1.3.0]
	at com.tngtech.archunit.core.domain.DomainObjectCreationContext.createJavaMethod(DomainObjectCreationContext.java:144) ~[archunit-1.3.0.jar:1.3.0]
	at com.tngtech.archunit.core.importer.DomainBuilders$JavaMethodBuilder.construct(DomainBuilders.java:373) ~[archunit-1.3.0.jar:1.3.0]
	at com.tngtech.archunit.core.importer.DomainBuilders$JavaMethodBuilder.construct(DomainBuilders.java:358) ~[archunit-1.3.0.jar:1.3.0]
	at com.tngtech.archunit.core.importer.DomainBuilders$JavaMemberBuilder.build(DomainBuilders.java:206) ~[archunit-1.3.0.jar:1.3.0]
	at com.tngtech.archunit.core.importer.DomainBuilders$JavaMemberBuilder.build(DomainBuilders.java:138) ~[archunit-1.3.0.jar:1.3.0]
	at com.tngtech.archunit.core.importer.DomainBuilders$BuilderWithBuildParameter$BuildFinisher.lambda$build$0(DomainBuilders.java:892) ~[archunit-1.3.0.jar:1.3.0]
	at java.base/java.util.stream.ReferencePipeline$3$1.accept(ReferencePipeline.java:214) ~[na:na]
	at java.base/java.util.stream.ReferencePipeline$2$1.accept(ReferencePipeline.java:197) ~[na:na]
	at java.base/java.util.HashMap$KeySpliterator.forEachRemaining(HashMap.java:1716) ~[na:na]
	at java.base/java.util.stream.AbstractPipeline.copyInto(AbstractPipeline.java:570) ~[na:na]
	at java.base/java.util.stream.AbstractPipeline.wrapAndCopyInto(AbstractPipeline.java:560) ~[na:na]
	at java.base/java.util.stream.ReduceOps$ReduceOp.evaluateSequential(ReduceOps.java:921) ~[na:na]
	at java.base/java.util.stream.AbstractPipeline.evaluate(AbstractPipeline.java:265) ~[na:na]
	at java.base/java.util.stream.ReferencePipeline.collect(ReferencePipeline.java:723) ~[na:na]
	at com.tngtech.archunit.core.importer.DomainBuilders$BuilderWithBuildParameter$BuildFinisher.build(DomainBuilders.java:892) ~[archunit-1.3.0.jar:1.3.0]
	at com.tngtech.archunit.core.importer.ClassGraphCreator.createMethods(ClassGraphCreator.java:322) ~[archunit-1.3.0.jar:1.3.0]
	at com.tngtech.archunit.core.domain.JavaClassMembers.create(JavaClassMembers.java:352) ~[archunit-1.3.0.jar:1.3.0]
	at com.tngtech.archunit.core.domain.JavaClass.completeMembers(JavaClass.java:1477) ~[archunit-1.3.0.jar:1.3.0]
	at com.tngtech.archunit.core.domain.DomainObjectCreationContext.completeMembers(DomainObjectCreationContext.java:96) ~[archunit-1.3.0.jar:1.3.0]
	at com.tngtech.archunit.core.importer.ClassGraphCreator.completeClasses(ClassGraphCreator.java:120) ~[archunit-1.3.0.jar:1.3.0]
	at com.tngtech.archunit.core.importer.ClassGraphCreator.complete(ClassGraphCreator.java:108) ~[archunit-1.3.0.jar:1.3.0]
	at com.tngtech.archunit.core.importer.ClassFileProcessor.process(ClassFileProcessor.java:75) ~[archunit-1.3.0.jar:1.3.0]
	at com.tngtech.archunit.core.importer.ClassFileImporter.importLocations(ClassFileImporter.java:325) ~[archunit-1.3.0.jar:1.3.0]
	at com.tngtech.archunit.junit.internal.ClassCache$CacheClassFileImporter.importClasses(ClassCache.java:126) ~[archunit-junit5-engine-1.3.0.jar:1.3.0]
	at com.tngtech.archunit.junit.internal.ClassCache$LazyJavaClasses.initialize(ClassCache.java:118) ~[archunit-junit5-engine-1.3.0.jar:1.3.0]
	at com.tngtech.archunit.junit.internal.ClassCache$LazyJavaClasses.get(ClassCache.java:107) ~[archunit-junit5-engine-1.3.0.jar:1.3.0]
	at com.tngtech.archunit.junit.internal.ClassCache.getClassesToAnalyzeFor(ClassCache.java:84) ~[archunit-junit5-engine-1.3.0.jar:1.3.0]
	at com.tngtech.archunit.junit.internal.ArchUnitTestDescriptor.lambda$createChildren$1(ArchUnitTestDescriptor.java:90) ~[archunit-junit5-engine-1.3.0.jar:1.3.0]
	at com.tngtech.archunit.junit.internal.ArchUnitTestDescriptor$ArchUnitRuleDescriptor.execute(ArchUnitTestDescriptor.java:167) ~[archunit-junit5-engine-1.3.0.jar:1.3.0]
	at com.tngtech.archunit.junit.internal.ArchUnitTestDescriptor$ArchUnitRuleDescriptor.execute(ArchUnitTestDescriptor.java:150) ~[archunit-junit5-engine-1.3.0.jar:1.3.0]
	at org.junit.platform.engine.support.hierarchical.NodeTestTask.lambda$executeRecursively$6(NodeTestTask.java:151) ~[junit-platform-engine-1.10.1.jar:1.10.1]
	at org.junit.platform.engine.support.hierarchical.ThrowableCollector.execute(ThrowableCollector.java:73) ~[junit-platform-engine-1.10.1.jar:1.10.1]
	at org.junit.platform.engine.support.hierarchical.NodeTestTask.lambda$executeRecursively$8(NodeTestTask.java:141) ~[junit-platform-engine-1.10.1.jar:1.10.1]
	at org.junit.platform.engine.support.hierarchical.Node.around(Node.java:137) ~[junit-platform-engine-1.10.1.jar:1.10.1]
	at org.junit.platform.engine.support.hierarchical.NodeTestTask.lambda$executeRecursively$9(NodeTestTask.java:139) ~[junit-platform-engine-1.10.1.jar:1.10.1]
	at org.junit.platform.engine.support.hierarchical.ThrowableCollector.execute(ThrowableCollector.java:73) ~[junit-platform-engine-1.10.1.jar:1.10.1]
	at org.junit.platform.engine.support.hierarchical.NodeTestTask.executeRecursively(NodeTestTask.java:138) ~[junit-platform-engine-1.10.1.jar:1.10.1]
	at org.junit.platform.engine.support.hierarchical.NodeTestTask.execute(NodeTestTask.java:95) ~[junit-platform-engine-1.10.1.jar:1.10.1]
	at java.base/java.util.ArrayList.forEach(ArrayList.java:1604) ~[na:na]
	at org.junit.platform.engine.support.hierarchical.SameThreadHierarchicalTestExecutorService.invokeAll(SameThreadHierarchicalTestExecutorService.java:41) ~[junit-platform-engine-1.10.1.jar:1.10.1]
	at org.junit.platform.engine.support.hierarchical.NodeTestTask.lambda$executeRecursively$6(NodeTestTask.java:155) ~[junit-platform-engine-1.10.1.jar:1.10.1]
	at org.junit.platform.engine.support.hierarchical.ThrowableCollector.execute(ThrowableCollector.java:73) ~[junit-platform-engine-1.10.1.jar:1.10.1]
	at org.junit.platform.engine.support.hierarchical.NodeTestTask.lambda$executeRecursively$8(NodeTestTask.java:141) ~[junit-platform-engine-1.10.1.jar:1.10.1]
	at org.junit.platform.engine.support.hierarchical.Node.around(Node.java:137) ~[junit-platform-engine-1.10.1.jar:1.10.1]
	at org.junit.platform.engine.support.hierarchical.NodeTestTask.lambda$executeRecursively$9(NodeTestTask.java:139) ~[junit-platform-engine-1.10.1.jar:1.10.1]
	at org.junit.platform.engine.support.hierarchical.ThrowableCollector.execute(ThrowableCollector.java:73) ~[junit-platform-engine-1.10.1.jar:1.10.1]
	at org.junit.platform.engine.support.hierarchical.NodeTestTask.executeRecursively(NodeTestTask.java:138) ~[junit-platform-engine-1.10.1.jar:1.10.1]
	at org.junit.platform.engine.support.hierarchical.NodeTestTask.execute(NodeTestTask.java:95) ~[junit-platform-engine-1.10.1.jar:1.10.1]
	at java.base/java.util.ArrayList.forEach(ArrayList.java:1604) ~[na:na]
	at org.junit.platform.engine.support.hierarchical.SameThreadHierarchicalTestExecutorService.invokeAll(SameThreadHierarchicalTestExecutorService.java:41) ~[junit-platform-engine-1.10.1.jar:1.10.1]
	at org.junit.platform.engine.support.hierarchical.NodeTestTask.lambda$executeRecursively$6(NodeTestTask.java:155) ~[junit-platform-engine-1.10.1.jar:1.10.1]
	at org.junit.platform.engine.support.hierarchical.ThrowableCollector.execute(ThrowableCollector.java:73) ~[junit-platform-engine-1.10.1.jar:1.10.1]
	at org.junit.platform.engine.support.hierarchical.NodeTestTask.lambda$executeRecursively$8(NodeTestTask.java:141) ~[junit-platform-engine-1.10.1.jar:1.10.1]
	at org.junit.platform.engine.support.hierarchical.Node.around(Node.java:137) ~[junit-platform-engine-1.10.1.jar:1.10.1]
	at org.junit.platform.engine.support.hierarchical.NodeTestTask.lambda$executeRecursively$9(NodeTestTask.java:139) ~[junit-platform-engine-1.10.1.jar:1.10.1]
	at org.junit.platform.engine.support.hierarchical.ThrowableCollector.execute(ThrowableCollector.java:73) ~[junit-platform-engine-1.10.1.jar:1.10.1]
	at org.junit.platform.engine.support.hierarchical.NodeTestTask.executeRecursively(NodeTestTask.java:138) ~[junit-platform-engine-1.10.1.jar:1.10.1]
	at org.junit.platform.engine.support.hierarchical.NodeTestTask.execute(NodeTestTask.java:95) ~[junit-platform-engine-1.10.1.jar:1.10.1]
	at org.junit.platform.engine.support.hierarchical.SameThreadHierarchicalTestExecutorService.submit(SameThreadHierarchicalTestExecutorService.java:35) ~[junit-platform-engine-1.10.1.jar:1.10.1]
	at org.junit.platform.engine.support.hierarchical.HierarchicalTestExecutor.execute(HierarchicalTestExecutor.java:57) ~[junit-platform-engine-1.10.1.jar:1.10.1]
	at org.junit.platform.engine.support.hierarchical.HierarchicalTestEngine.execute(HierarchicalTestEngine.java:54) ~[junit-platform-engine-1.10.1.jar:1.10.1]
	at org.junit.platform.launcher.core.EngineExecutionOrchestrator.execute(EngineExecutionOrchestrator.java:198) ~[junit-platform-launcher-1.10.1.jar:1.10.1]
	at org.junit.platform.launcher.core.EngineExecutionOrchestrator.execute(EngineExecutionOrchestrator.java:169) ~[junit-platform-launcher-1.10.1.jar:1.10.1]
	at org.junit.platform.launcher.core.EngineExecutionOrchestrator.execute(EngineExecutionOrchestrator.java:93) ~[junit-platform-launcher-1.10.1.jar:1.10.1]
	at org.junit.platform.launcher.core.EngineExecutionOrchestrator.lambda$execute$0(EngineExecutionOrchestrator.java:58) ~[junit-platform-launcher-1.10.1.jar:1.10.1]
	at org.junit.platform.launcher.core.EngineExecutionOrchestrator.withInterceptedStreams(EngineExecutionOrchestrator.java:141) ~[junit-platform-launcher-1.10.1.jar:1.10.1]
	at org.junit.platform.launcher.core.EngineExecutionOrchestrator.execute(EngineExecutionOrchestrator.java:57) ~[junit-platform-launcher-1.10.1.jar:1.10.1]
	at org.junit.platform.launcher.core.DefaultLauncher.execute(DefaultLauncher.java:103) ~[junit-platform-launcher-1.10.1.jar:1.10.1]
	at org.junit.platform.launcher.core.DefaultLauncher.execute(DefaultLauncher.java:85) ~[junit-platform-launcher-1.10.1.jar:1.10.1]
	at org.junit.platform.launcher.core.DelegatingLauncher.execute(DelegatingLauncher.java:47) ~[junit-platform-launcher-1.10.1.jar:1.10.1]
	at org.apache.maven.surefire.junitplatform.LazyLauncher.execute(LazyLauncher.java:56) ~[surefire-junit-platform-3.1.2.jar:3.1.2]
	at org.apache.maven.surefire.junitplatform.JUnitPlatformProvider.execute(JUnitPlatformProvider.java:184) ~[surefire-junit-platform-3.1.2.jar:3.1.2]
	at org.apache.maven.surefire.junitplatform.JUnitPlatformProvider.invokeAllTests(JUnitPlatformProvider.java:148) ~[surefire-junit-platform-3.1.2.jar:3.1.2]
	at org.apache.maven.surefire.junitplatform.JUnitPlatformProvider.invoke(JUnitPlatformProvider.java:122) ~[surefire-junit-platform-3.1.2.jar:3.1.2]
	at org.apache.maven.surefire.booter.ForkedBooter.runSuitesInProcess(ForkedBooter.java:385) ~[surefire-booter-3.1.2.jar:3.1.2]
	at org.apache.maven.surefire.booter.ForkedBooter.execute(ForkedBooter.java:162) ~[surefire-booter-3.1.2.jar:3.1.2]
	at org.apache.maven.surefire.booter.ForkedBooter.run(ForkedBooter.java:507) ~[surefire-booter-3.1.2.jar:3.1.2]
	at org.apache.maven.surefire.booter.ForkedBooter.main(ForkedBooter.java:495) ~[surefire-booter-3.1.2.jar:3.1.2]

2025-10-13T13:36:42.655+02:00  WARN 80616 --- [hexagonal-app] [           main] c.t.a.core.importer.ClassFileProcessor   : Error during import from jrt:/java.base/java/util/HashSet.class, falling back to simple import

java.lang.IllegalArgumentException: Unsupported class file major version 69
	at com.tngtech.archunit.thirdparty.org.objectweb.asm.ClassReader.<init>(ClassReader.java:200) ~[archunit-1.3.0.jar:1.3.0]
	at com.tngtech.archunit.thirdparty.org.objectweb.asm.ClassReader.<init>(ClassReader.java:180) ~[archunit-1.3.0.jar:1.3.0]
	at com.tngtech.archunit.thirdparty.org.objectweb.asm.ClassReader.<init>(ClassReader.java:166) ~[archunit-1.3.0.jar:1.3.0]
	at com.tngtech.archunit.thirdparty.org.objectweb.asm.ClassReader.<init>(ClassReader.java:288) ~[archunit-1.3.0.jar:1.3.0]
	at com.tngtech.archunit.core.importer.ClassFileProcessor$UriImporterOfProcessor.tryImport(ClassFileProcessor.java:350) ~[archunit-1.3.0.jar:1.3.0]
	at com.tngtech.archunit.core.importer.resolvers.ClassResolverFromClasspath.tryResolve(ClassResolverFromClasspath.java:51) ~[archunit-1.3.0.jar:1.3.0]
	at com.tngtech.archunit.core.importer.ImportedClasses.resolve(ImportedClasses.java:80) ~[archunit-1.3.0.jar:1.3.0]
	at com.tngtech.archunit.core.importer.ImportedClasses.getOrResolve(ImportedClasses.java:67) ~[archunit-1.3.0.jar:1.3.0]
	at com.tngtech.archunit.core.importer.DomainBuilders$JavaMemberBuilder.get(DomainBuilders.java:179) ~[archunit-1.3.0.jar:1.3.0]
	at com.tngtech.archunit.core.importer.DomainBuilders$JavaCodeUnitBuilder.asJavaClasses(DomainBuilders.java:329) ~[archunit-1.3.0.jar:1.3.0]
	at com.tngtech.archunit.core.importer.DomainBuilders$JavaCodeUnitBuilder.getRawParameterTypes(DomainBuilders.java:303) ~[archunit-1.3.0.jar:1.3.0]
	at com.tngtech.archunit.core.domain.JavaCodeUnit$Parameters.<init>(JavaCodeUnit.java:317) ~[archunit-1.3.0.jar:1.3.0]
	at com.tngtech.archunit.core.domain.JavaCodeUnit.<init>(JavaCodeUnit.java:82) ~[archunit-1.3.0.jar:1.3.0]
	at com.tngtech.archunit.core.domain.JavaMethod.<init>(JavaMethod.java:44) ~[archunit-1.3.0.jar:1.3.0]
	at com.tngtech.archunit.core.domain.DomainObjectCreationContext.createJavaMethod(DomainObjectCreationContext.java:144) ~[archunit-1.3.0.jar:1.3.0]
	at com.tngtech.archunit.core.importer.DomainBuilders$JavaMethodBuilder.construct(DomainBuilders.java:373) ~[archunit-1.3.0.jar:1.3.0]
	at com.tngtech.archunit.core.importer.DomainBuilders$JavaMethodBuilder.construct(DomainBuilders.java:358) ~[archunit-1.3.0.jar:1.3.0]
	at com.tngtech.archunit.core.importer.DomainBuilders$JavaMemberBuilder.build(DomainBuilders.java:206) ~[archunit-1.3.0.jar:1.3.0]
	at com.tngtech.archunit.core.importer.DomainBuilders$JavaMemberBuilder.build(DomainBuilders.java:138) ~[archunit-1.3.0.jar:1.3.0]
	at com.tngtech.archunit.core.importer.DomainBuilders$BuilderWithBuildParameter$BuildFinisher.lambda$build$0(DomainBuilders.java:892) ~[archunit-1.3.0.jar:1.3.0]
	at java.base/java.util.stream.ReferencePipeline$3$1.accept(ReferencePipeline.java:214) ~[na:na]
	at java.base/java.util.stream.ReferencePipeline$2$1.accept(ReferencePipeline.java:197) ~[na:na]
	at java.base/java.util.HashMap$KeySpliterator.forEachRemaining(HashMap.java:1716) ~[na:na]
	at java.base/java.util.stream.AbstractPipeline.copyInto(AbstractPipeline.java:570) ~[na:na]
	at java.base/java.util.stream.AbstractPipeline.wrapAndCopyInto(AbstractPipeline.java:560) ~[na:na]
	at java.base/java.util.stream.ReduceOps$ReduceOp.evaluateSequential(ReduceOps.java:921) ~[na:na]
	at java.base/java.util.stream.AbstractPipeline.evaluate(AbstractPipeline.java:265) ~[na:na]
	at java.base/java.util.stream.ReferencePipeline.collect(ReferencePipeline.java:723) ~[na:na]
	at com.tngtech.archunit.core.importer.DomainBuilders$BuilderWithBuildParameter$BuildFinisher.build(DomainBuilders.java:892) ~[archunit-1.3.0.jar:1.3.0]
	at com.tngtech.archunit.core.importer.ClassGraphCreator.createMethods(ClassGraphCreator.java:322) ~[archunit-1.3.0.jar:1.3.0]
	at com.tngtech.archunit.core.domain.JavaClassMembers.create(JavaClassMembers.java:352) ~[archunit-1.3.0.jar:1.3.0]
	at com.tngtech.archunit.core.domain.JavaClass.completeMembers(JavaClass.java:1477) ~[archunit-1.3.0.jar:1.3.0]
	at com.tngtech.archunit.core.domain.DomainObjectCreationContext.completeMembers(DomainObjectCreationContext.java:96) ~[archunit-1.3.0.jar:1.3.0]
	at com.tngtech.archunit.core.importer.ClassGraphCreator.completeClasses(ClassGraphCreator.java:120) ~[archunit-1.3.0.jar:1.3.0]
	at com.tngtech.archunit.core.importer.ClassGraphCreator.complete(ClassGraphCreator.java:108) ~[archunit-1.3.0.jar:1.3.0]
	at com.tngtech.archunit.core.importer.ClassFileProcessor.process(ClassFileProcessor.java:75) ~[archunit-1.3.0.jar:1.3.0]
	at com.tngtech.archunit.core.importer.ClassFileImporter.importLocations(ClassFileImporter.java:325) ~[archunit-1.3.0.jar:1.3.0]
	at com.tngtech.archunit.junit.internal.ClassCache$CacheClassFileImporter.importClasses(ClassCache.java:126) ~[archunit-junit5-engine-1.3.0.jar:1.3.0]
	at com.tngtech.archunit.junit.internal.ClassCache$LazyJavaClasses.initialize(ClassCache.java:118) ~[archunit-junit5-engine-1.3.0.jar:1.3.0]
	at com.tngtech.archunit.junit.internal.ClassCache$LazyJavaClasses.get(ClassCache.java:107) ~[archunit-junit5-engine-1.3.0.jar:1.3.0]
	at com.tngtech.archunit.junit.internal.ClassCache.getClassesToAnalyzeFor(ClassCache.java:84) ~[archunit-junit5-engine-1.3.0.jar:1.3.0]
	at com.tngtech.archunit.junit.internal.ArchUnitTestDescriptor.lambda$createChildren$1(ArchUnitTestDescriptor.java:90) ~[archunit-junit5-engine-1.3.0.jar:1.3.0]
	at com.tngtech.archunit.junit.internal.ArchUnitTestDescriptor$ArchUnitRuleDescriptor.execute(ArchUnitTestDescriptor.java:167) ~[archunit-junit5-engine-1.3.0.jar:1.3.0]
	at com.tngtech.archunit.junit.internal.ArchUnitTestDescriptor$ArchUnitRuleDescriptor.execute(ArchUnitTestDescriptor.java:150) ~[archunit-junit5-engine-1.3.0.jar:1.3.0]
	at org.junit.platform.engine.support.hierarchical.NodeTestTask.lambda$executeRecursively$6(NodeTestTask.java:151) ~[junit-platform-engine-1.10.1.jar:1.10.1]
	at org.junit.platform.engine.support.hierarchical.ThrowableCollector.execute(ThrowableCollector.java:73) ~[junit-platform-engine-1.10.1.jar:1.10.1]
	at org.junit.platform.engine.support.hierarchical.NodeTestTask.lambda$executeRecursively$8(NodeTestTask.java:141) ~[junit-platform-engine-1.10.1.jar:1.10.1]
	at org.junit.platform.engine.support.hierarchical.Node.around(Node.java:137) ~[junit-platform-engine-1.10.1.jar:1.10.1]
	at org.junit.platform.engine.support.hierarchical.NodeTestTask.lambda$executeRecursively$9(NodeTestTask.java:139) ~[junit-platform-engine-1.10.1.jar:1.10.1]
	at org.junit.platform.engine.support.hierarchical.ThrowableCollector.execute(ThrowableCollector.java:73) ~[junit-platform-engine-1.10.1.jar:1.10.1]
	at org.junit.platform.engine.support.hierarchical.NodeTestTask.executeRecursively(NodeTestTask.java:138) ~[junit-platform-engine-1.10.1.jar:1.10.1]
	at org.junit.platform.engine.support.hierarchical.NodeTestTask.execute(NodeTestTask.java:95) ~[junit-platform-engine-1.10.1.jar:1.10.1]
	at java.base/java.util.ArrayList.forEach(ArrayList.java:1604) ~[na:na]
	at org.junit.platform.engine.support.hierarchical.SameThreadHierarchicalTestExecutorService.invokeAll(SameThreadHierarchicalTestExecutorService.java:41) ~[junit-platform-engine-1.10.1.jar:1.10.1]
	at org.junit.platform.engine.support.hierarchical.NodeTestTask.lambda$executeRecursively$6(NodeTestTask.java:155) ~[junit-platform-engine-1.10.1.jar:1.10.1]
	at org.junit.platform.engine.support.hierarchical.ThrowableCollector.execute(ThrowableCollector.java:73) ~[junit-platform-engine-1.10.1.jar:1.10.1]
	at org.junit.platform.engine.support.hierarchical.NodeTestTask.lambda$executeRecursively$8(NodeTestTask.java:141) ~[junit-platform-engine-1.10.1.jar:1.10.1]
	at org.junit.platform.engine.support.hierarchical.Node.around(Node.java:137) ~[junit-platform-engine-1.10.1.jar:1.10.1]
	at org.junit.platform.engine.support.hierarchical.NodeTestTask.lambda$executeRecursively$9(NodeTestTask.java:139) ~[junit-platform-engine-1.10.1.jar:1.10.1]
	at org.junit.platform.engine.support.hierarchical.ThrowableCollector.execute(ThrowableCollector.java:73) ~[junit-platform-engine-1.10.1.jar:1.10.1]
	at org.junit.platform.engine.support.hierarchical.NodeTestTask.executeRecursively(NodeTestTask.java:138) ~[junit-platform-engine-1.10.1.jar:1.10.1]
	at org.junit.platform.engine.support.hierarchical.NodeTestTask.execute(NodeTestTask.java:95) ~[junit-platform-engine-1.10.1.jar:1.10.1]
	at java.base/java.util.ArrayList.forEach(ArrayList.java:1604) ~[na:na]
	at org.junit.platform.engine.support.hierarchical.SameThreadHierarchicalTestExecutorService.invokeAll(SameThreadHierarchicalTestExecutorService.java:41) ~[junit-platform-engine-1.10.1.jar:1.10.1]
	at org.junit.platform.engine.support.hierarchical.NodeTestTask.lambda$executeRecursively$6(NodeTestTask.java:155) ~[junit-platform-engine-1.10.1.jar:1.10.1]
	at org.junit.platform.engine.support.hierarchical.ThrowableCollector.execute(ThrowableCollector.java:73) ~[junit-platform-engine-1.10.1.jar:1.10.1]
	at org.junit.platform.engine.support.hierarchical.NodeTestTask.lambda$executeRecursively$8(NodeTestTask.java:141) ~[junit-platform-engine-1.10.1.jar:1.10.1]
	at org.junit.platform.engine.support.hierarchical.Node.around(Node.java:137) ~[junit-platform-engine-1.10.1.jar:1.10.1]
	at org.junit.platform.engine.support.hierarchical.NodeTestTask.lambda$executeRecursively$9(NodeTestTask.java:139) ~[junit-platform-engine-1.10.1.jar:1.10.1]
	at org.junit.platform.engine.support.hierarchical.ThrowableCollector.execute(ThrowableCollector.java:73) ~[junit-platform-engine-1.10.1.jar:1.10.1]
	at org.junit.platform.engine.support.hierarchical.NodeTestTask.executeRecursively(NodeTestTask.java:138) ~[junit-platform-engine-1.10.1.jar:1.10.1]
	at org.junit.platform.engine.support.hierarchical.NodeTestTask.execute(NodeTestTask.java:95) ~[junit-platform-engine-1.10.1.jar:1.10.1]
	at org.junit.platform.engine.support.hierarchical.SameThreadHierarchicalTestExecutorService.submit(SameThreadHierarchicalTestExecutorService.java:35) ~[junit-platform-engine-1.10.1.jar:1.10.1]
	at org.junit.platform.engine.support.hierarchical.HierarchicalTestExecutor.execute(HierarchicalTestExecutor.java:57) ~[junit-platform-engine-1.10.1.jar:1.10.1]
	at org.junit.platform.engine.support.hierarchical.HierarchicalTestEngine.execute(HierarchicalTestEngine.java:54) ~[junit-platform-engine-1.10.1.jar:1.10.1]
	at org.junit.platform.launcher.core.EngineExecutionOrchestrator.execute(EngineExecutionOrchestrator.java:198) ~[junit-platform-launcher-1.10.1.jar:1.10.1]
	at org.junit.platform.launcher.core.EngineExecutionOrchestrator.execute(EngineExecutionOrchestrator.java:169) ~[junit-platform-launcher-1.10.1.jar:1.10.1]
	at org.junit.platform.launcher.core.EngineExecutionOrchestrator.execute(EngineExecutionOrchestrator.java:93) ~[junit-platform-launcher-1.10.1.jar:1.10.1]
	at org.junit.platform.launcher.core.EngineExecutionOrchestrator.lambda$execute$0(EngineExecutionOrchestrator.java:58) ~[junit-platform-launcher-1.10.1.jar:1.10.1]
	at org.junit.platform.launcher.core.EngineExecutionOrchestrator.withInterceptedStreams(EngineExecutionOrchestrator.java:141) ~[junit-platform-launcher-1.10.1.jar:1.10.1]
	at org.junit.platform.launcher.core.EngineExecutionOrchestrator.execute(EngineExecutionOrchestrator.java:57) ~[junit-platform-launcher-1.10.1.jar:1.10.1]
	at org.junit.platform.launcher.core.DefaultLauncher.execute(DefaultLauncher.java:103) ~[junit-platform-launcher-1.10.1.jar:1.10.1]
	at org.junit.platform.launcher.core.DefaultLauncher.execute(DefaultLauncher.java:85) ~[junit-platform-launcher-1.10.1.jar:1.10.1]
	at org.junit.platform.launcher.core.DelegatingLauncher.execute(DelegatingLauncher.java:47) ~[junit-platform-launcher-1.10.1.jar:1.10.1]
	at org.apache.maven.surefire.junitplatform.LazyLauncher.execute(LazyLauncher.java:56) ~[surefire-junit-platform-3.1.2.jar:3.1.2]
	at org.apache.maven.surefire.junitplatform.JUnitPlatformProvider.execute(JUnitPlatformProvider.java:184) ~[surefire-junit-platform-3.1.2.jar:3.1.2]
	at org.apache.maven.surefire.junitplatform.JUnitPlatformProvider.invokeAllTests(JUnitPlatformProvider.java:148) ~[surefire-junit-platform-3.1.2.jar:3.1.2]
	at org.apache.maven.surefire.junitplatform.JUnitPlatformProvider.invoke(JUnitPlatformProvider.java:122) ~[surefire-junit-platform-3.1.2.jar:3.1.2]
	at org.apache.maven.surefire.booter.ForkedBooter.runSuitesInProcess(ForkedBooter.java:385) ~[surefire-booter-3.1.2.jar:3.1.2]
	at org.apache.maven.surefire.booter.ForkedBooter.execute(ForkedBooter.java:162) ~[surefire-booter-3.1.2.jar:3.1.2]
	at org.apache.maven.surefire.booter.ForkedBooter.run(ForkedBooter.java:507) ~[surefire-booter-3.1.2.jar:3.1.2]
	at org.apache.maven.surefire.booter.ForkedBooter.main(ForkedBooter.java:495) ~[surefire-booter-3.1.2.jar:3.1.2]

2025-10-13T13:36:42.659+02:00  WARN 80616 --- [hexagonal-app] [           main] c.t.a.core.importer.ClassFileProcessor   : Error during import from jrt:/java.base/java/lang/IllegalStateException.class, falling back to simple import

java.lang.IllegalArgumentException: Unsupported class file major version 69
	at com.tngtech.archunit.thirdparty.org.objectweb.asm.ClassReader.<init>(ClassReader.java:200) ~[archunit-1.3.0.jar:1.3.0]
	at com.tngtech.archunit.thirdparty.org.objectweb.asm.ClassReader.<init>(ClassReader.java:180) ~[archunit-1.3.0.jar:1.3.0]
	at com.tngtech.archunit.thirdparty.org.objectweb.asm.ClassReader.<init>(ClassReader.java:166) ~[archunit-1.3.0.jar:1.3.0]
	at com.tngtech.archunit.thirdparty.org.objectweb.asm.ClassReader.<init>(ClassReader.java:288) ~[archunit-1.3.0.jar:1.3.0]
	at com.tngtech.archunit.core.importer.ClassFileProcessor$UriImporterOfProcessor.tryImport(ClassFileProcessor.java:350) ~[archunit-1.3.0.jar:1.3.0]
	at com.tngtech.archunit.core.importer.resolvers.ClassResolverFromClasspath.tryResolve(ClassResolverFromClasspath.java:51) ~[archunit-1.3.0.jar:1.3.0]
	at com.tngtech.archunit.core.importer.ImportedClasses.resolve(ImportedClasses.java:80) ~[archunit-1.3.0.jar:1.3.0]
	at com.tngtech.archunit.core.importer.ImportedClasses.getOrResolve(ImportedClasses.java:67) ~[archunit-1.3.0.jar:1.3.0]
	at com.tngtech.archunit.core.importer.DomainBuilders$JavaMemberBuilder.get(DomainBuilders.java:179) ~[archunit-1.3.0.jar:1.3.0]
	at com.tngtech.archunit.core.importer.DomainBuilders$JavaCodeUnitBuilder.asJavaClasses(DomainBuilders.java:329) ~[archunit-1.3.0.jar:1.3.0]
	at com.tngtech.archunit.core.importer.DomainBuilders$JavaCodeUnitBuilder.getThrowsClause(DomainBuilders.java:323) ~[archunit-1.3.0.jar:1.3.0]
	at com.tngtech.archunit.core.domain.JavaMethod.<init>(JavaMethod.java:45) ~[archunit-1.3.0.jar:1.3.0]
	at com.tngtech.archunit.core.domain.DomainObjectCreationContext.createJavaMethod(DomainObjectCreationContext.java:144) ~[archunit-1.3.0.jar:1.3.0]
	at com.tngtech.archunit.core.importer.DomainBuilders$JavaMethodBuilder.construct(DomainBuilders.java:373) ~[archunit-1.3.0.jar:1.3.0]
	at com.tngtech.archunit.core.importer.DomainBuilders$JavaMethodBuilder.construct(DomainBuilders.java:358) ~[archunit-1.3.0.jar:1.3.0]
	at com.tngtech.archunit.core.importer.DomainBuilders$JavaMemberBuilder.build(DomainBuilders.java:206) ~[archunit-1.3.0.jar:1.3.0]
	at com.tngtech.archunit.core.importer.DomainBuilders$JavaMemberBuilder.build(DomainBuilders.java:138) ~[archunit-1.3.0.jar:1.3.0]
	at com.tngtech.archunit.core.importer.DomainBuilders$BuilderWithBuildParameter$BuildFinisher.lambda$build$0(DomainBuilders.java:892) ~[archunit-1.3.0.jar:1.3.0]
	at java.base/java.util.stream.ReferencePipeline$3$1.accept(ReferencePipeline.java:214) ~[na:na]
	at java.base/java.util.stream.ReferencePipeline$2$1.accept(ReferencePipeline.java:197) ~[na:na]
	at java.base/java.util.HashMap$KeySpliterator.forEachRemaining(HashMap.java:1716) ~[na:na]
	at java.base/java.util.stream.AbstractPipeline.copyInto(AbstractPipeline.java:570) ~[na:na]
	at java.base/java.util.stream.AbstractPipeline.wrapAndCopyInto(AbstractPipeline.java:560) ~[na:na]
	at java.base/java.util.stream.ReduceOps$ReduceOp.evaluateSequential(ReduceOps.java:921) ~[na:na]
	at java.base/java.util.stream.AbstractPipeline.evaluate(AbstractPipeline.java:265) ~[na:na]
	at java.base/java.util.stream.ReferencePipeline.collect(ReferencePipeline.java:723) ~[na:na]
	at com.tngtech.archunit.core.importer.DomainBuilders$BuilderWithBuildParameter$BuildFinisher.build(DomainBuilders.java:892) ~[archunit-1.3.0.jar:1.3.0]
	at com.tngtech.archunit.core.importer.ClassGraphCreator.createMethods(ClassGraphCreator.java:322) ~[archunit-1.3.0.jar:1.3.0]
	at com.tngtech.archunit.core.domain.JavaClassMembers.create(JavaClassMembers.java:352) ~[archunit-1.3.0.jar:1.3.0]
	at com.tngtech.archunit.core.domain.JavaClass.completeMembers(JavaClass.java:1477) ~[archunit-1.3.0.jar:1.3.0]
	at com.tngtech.archunit.core.domain.DomainObjectCreationContext.completeMembers(DomainObjectCreationContext.java:96) ~[archunit-1.3.0.jar:1.3.0]
	at com.tngtech.archunit.core.importer.ClassGraphCreator.completeClasses(ClassGraphCreator.java:120) ~[archunit-1.3.0.jar:1.3.0]
	at com.tngtech.archunit.core.importer.ClassGraphCreator.complete(ClassGraphCreator.java:108) ~[archunit-1.3.0.jar:1.3.0]
	at com.tngtech.archunit.core.importer.ClassFileProcessor.process(ClassFileProcessor.java:75) ~[archunit-1.3.0.jar:1.3.0]
	at com.tngtech.archunit.core.importer.ClassFileImporter.importLocations(ClassFileImporter.java:325) ~[archunit-1.3.0.jar:1.3.0]
	at com.tngtech.archunit.junit.internal.ClassCache$CacheClassFileImporter.importClasses(ClassCache.java:126) ~[archunit-junit5-engine-1.3.0.jar:1.3.0]
	at com.tngtech.archunit.junit.internal.ClassCache$LazyJavaClasses.initialize(ClassCache.java:118) ~[archunit-junit5-engine-1.3.0.jar:1.3.0]
	at com.tngtech.archunit.junit.internal.ClassCache$LazyJavaClasses.get(ClassCache.java:107) ~[archunit-junit5-engine-1.3.0.jar:1.3.0]
	at com.tngtech.archunit.junit.internal.ClassCache.getClassesToAnalyzeFor(ClassCache.java:84) ~[archunit-junit5-engine-1.3.0.jar:1.3.0]
	at com.tngtech.archunit.junit.internal.ArchUnitTestDescriptor.lambda$createChildren$1(ArchUnitTestDescriptor.java:90) ~[archunit-junit5-engine-1.3.0.jar:1.3.0]
	at com.tngtech.archunit.junit.internal.ArchUnitTestDescriptor$ArchUnitRuleDescriptor.execute(ArchUnitTestDescriptor.java:167) ~[archunit-junit5-engine-1.3.0.jar:1.3.0]
	at com.tngtech.archunit.junit.internal.ArchUnitTestDescriptor$ArchUnitRuleDescriptor.execute(ArchUnitTestDescriptor.java:150) ~[archunit-junit5-engine-1.3.0.jar:1.3.0]
	at org.junit.platform.engine.support.hierarchical.NodeTestTask.lambda$executeRecursively$6(NodeTestTask.java:151) ~[junit-platform-engine-1.10.1.jar:1.10.1]
	at org.junit.platform.engine.support.hierarchical.ThrowableCollector.execute(ThrowableCollector.java:73) ~[junit-platform-engine-1.10.1.jar:1.10.1]
	at org.junit.platform.engine.support.hierarchical.NodeTestTask.lambda$executeRecursively$8(NodeTestTask.java:141) ~[junit-platform-engine-1.10.1.jar:1.10.1]
	at org.junit.platform.engine.support.hierarchical.Node.around(Node.java:137) ~[junit-platform-engine-1.10.1.jar:1.10.1]
	at org.junit.platform.engine.support.hierarchical.NodeTestTask.lambda$executeRecursively$9(NodeTestTask.java:139) ~[junit-platform-engine-1.10.1.jar:1.10.1]
	at org.junit.platform.engine.support.hierarchical.ThrowableCollector.execute(ThrowableCollector.java:73) ~[junit-platform-engine-1.10.1.jar:1.10.1]
	at org.junit.platform.engine.support.hierarchical.NodeTestTask.executeRecursively(NodeTestTask.java:138) ~[junit-platform-engine-1.10.1.jar:1.10.1]
	at org.junit.platform.engine.support.hierarchical.NodeTestTask.execute(NodeTestTask.java:95) ~[junit-platform-engine-1.10.1.jar:1.10.1]
	at java.base/java.util.ArrayList.forEach(ArrayList.java:1604) ~[na:na]
	at org.junit.platform.engine.support.hierarchical.SameThreadHierarchicalTestExecutorService.invokeAll(SameThreadHierarchicalTestExecutorService.java:41) ~[junit-platform-engine-1.10.1.jar:1.10.1]
	at org.junit.platform.engine.support.hierarchical.NodeTestTask.lambda$executeRecursively$6(NodeTestTask.java:155) ~[junit-platform-engine-1.10.1.jar:1.10.1]
	at org.junit.platform.engine.support.hierarchical.ThrowableCollector.execute(ThrowableCollector.java:73) ~[junit-platform-engine-1.10.1.jar:1.10.1]
	at org.junit.platform.engine.support.hierarchical.NodeTestTask.lambda$executeRecursively$8(NodeTestTask.java:141) ~[junit-platform-engine-1.10.1.jar:1.10.1]
	at org.junit.platform.engine.support.hierarchical.Node.around(Node.java:137) ~[junit-platform-engine-1.10.1.jar:1.10.1]
	at org.junit.platform.engine.support.hierarchical.NodeTestTask.lambda$executeRecursively$9(NodeTestTask.java:139) ~[junit-platform-engine-1.10.1.jar:1.10.1]
	at org.junit.platform.engine.support.hierarchical.ThrowableCollector.execute(ThrowableCollector.java:73) ~[junit-platform-engine-1.10.1.jar:1.10.1]
	at org.junit.platform.engine.support.hierarchical.NodeTestTask.executeRecursively(NodeTestTask.java:138) ~[junit-platform-engine-1.10.1.jar:1.10.1]
	at org.junit.platform.engine.support.hierarchical.NodeTestTask.execute(NodeTestTask.java:95) ~[junit-platform-engine-1.10.1.jar:1.10.1]
	at java.base/java.util.ArrayList.forEach(ArrayList.java:1604) ~[na:na]
	at org.junit.platform.engine.support.hierarchical.SameThreadHierarchicalTestExecutorService.invokeAll(SameThreadHierarchicalTestExecutorService.java:41) ~[junit-platform-engine-1.10.1.jar:1.10.1]
	at org.junit.platform.engine.support.hierarchical.NodeTestTask.lambda$executeRecursively$6(NodeTestTask.java:155) ~[junit-platform-engine-1.10.1.jar:1.10.1]
	at org.junit.platform.engine.support.hierarchical.ThrowableCollector.execute(ThrowableCollector.java:73) ~[junit-platform-engine-1.10.1.jar:1.10.1]
	at org.junit.platform.engine.support.hierarchical.NodeTestTask.lambda$executeRecursively$8(NodeTestTask.java:141) ~[junit-platform-engine-1.10.1.jar:1.10.1]
	at org.junit.platform.engine.support.hierarchical.Node.around(Node.java:137) ~[junit-platform-engine-1.10.1.jar:1.10.1]
	at org.junit.platform.engine.support.hierarchical.NodeTestTask.lambda$executeRecursively$9(NodeTestTask.java:139) ~[junit-platform-engine-1.10.1.jar:1.10.1]
	at org.junit.platform.engine.support.hierarchical.ThrowableCollector.execute(ThrowableCollector.java:73) ~[junit-platform-engine-1.10.1.jar:1.10.1]
	at org.junit.platform.engine.support.hierarchical.NodeTestTask.executeRecursively(NodeTestTask.java:138) ~[junit-platform-engine-1.10.1.jar:1.10.1]
	at org.junit.platform.engine.support.hierarchical.NodeTestTask.execute(NodeTestTask.java:95) ~[junit-platform-engine-1.10.1.jar:1.10.1]
	at org.junit.platform.engine.support.hierarchical.SameThreadHierarchicalTestExecutorService.submit(SameThreadHierarchicalTestExecutorService.java:35) ~[junit-platform-engine-1.10.1.jar:1.10.1]
	at org.junit.platform.engine.support.hierarchical.HierarchicalTestExecutor.execute(HierarchicalTestExecutor.java:57) ~[junit-platform-engine-1.10.1.jar:1.10.1]
	at org.junit.platform.engine.support.hierarchical.HierarchicalTestEngine.execute(HierarchicalTestEngine.java:54) ~[junit-platform-engine-1.10.1.jar:1.10.1]
	at org.junit.platform.launcher.core.EngineExecutionOrchestrator.execute(EngineExecutionOrchestrator.java:198) ~[junit-platform-launcher-1.10.1.jar:1.10.1]
	at org.junit.platform.launcher.core.EngineExecutionOrchestrator.execute(EngineExecutionOrchestrator.java:169) ~[junit-platform-launcher-1.10.1.jar:1.10.1]
	at org.junit.platform.launcher.core.EngineExecutionOrchestrator.execute(EngineExecutionOrchestrator.java:93) ~[junit-platform-launcher-1.10.1.jar:1.10.1]
	at org.junit.platform.launcher.core.EngineExecutionOrchestrator.lambda$execute$0(EngineExecutionOrchestrator.java:58) ~[junit-platform-launcher-1.10.1.jar:1.10.1]
	at org.junit.platform.launcher.core.EngineExecutionOrchestrator.withInterceptedStreams(EngineExecutionOrchestrator.java:141) ~[junit-platform-launcher-1.10.1.jar:1.10.1]
	at org.junit.platform.launcher.core.EngineExecutionOrchestrator.execute(EngineExecutionOrchestrator.java:57) ~[junit-platform-launcher-1.10.1.jar:1.10.1]
	at org.junit.platform.launcher.core.DefaultLauncher.execute(DefaultLauncher.java:103) ~[junit-platform-launcher-1.10.1.jar:1.10.1]
	at org.junit.platform.launcher.core.DefaultLauncher.execute(DefaultLauncher.java:85) ~[junit-platform-launcher-1.10.1.jar:1.10.1]
	at org.junit.platform.launcher.core.DelegatingLauncher.execute(DelegatingLauncher.java:47) ~[junit-platform-launcher-1.10.1.jar:1.10.1]
	at org.apache.maven.surefire.junitplatform.LazyLauncher.execute(LazyLauncher.java:56) ~[surefire-junit-platform-3.1.2.jar:3.1.2]
	at org.apache.maven.surefire.junitplatform.JUnitPlatformProvider.execute(JUnitPlatformProvider.java:184) ~[surefire-junit-platform-3.1.2.jar:3.1.2]
	at org.apache.maven.surefire.junitplatform.JUnitPlatformProvider.invokeAllTests(JUnitPlatformProvider.java:148) ~[surefire-junit-platform-3.1.2.jar:3.1.2]
	at org.apache.maven.surefire.junitplatform.JUnitPlatformProvider.invoke(JUnitPlatformProvider.java:122) ~[surefire-junit-platform-3.1.2.jar:3.1.2]
	at org.apache.maven.surefire.booter.ForkedBooter.runSuitesInProcess(ForkedBooter.java:385) ~[surefire-booter-3.1.2.jar:3.1.2]
	at org.apache.maven.surefire.booter.ForkedBooter.execute(ForkedBooter.java:162) ~[surefire-booter-3.1.2.jar:3.1.2]
	at org.apache.maven.surefire.booter.ForkedBooter.run(ForkedBooter.java:507) ~[surefire-booter-3.1.2.jar:3.1.2]
	at org.apache.maven.surefire.booter.ForkedBooter.main(ForkedBooter.java:495) ~[surefire-booter-3.1.2.jar:3.1.2]

2025-10-13T13:36:42.659+02:00  WARN 80616 --- [hexagonal-app] [           main] c.t.a.core.importer.ClassFileProcessor   : Error during import from jrt:/java.base/java/time/Clock.class, falling back to simple import

java.lang.IllegalArgumentException: Unsupported class file major version 69
	at com.tngtech.archunit.thirdparty.org.objectweb.asm.ClassReader.<init>(ClassReader.java:200) ~[archunit-1.3.0.jar:1.3.0]
	at com.tngtech.archunit.thirdparty.org.objectweb.asm.ClassReader.<init>(ClassReader.java:180) ~[archunit-1.3.0.jar:1.3.0]
	at com.tngtech.archunit.thirdparty.org.objectweb.asm.ClassReader.<init>(ClassReader.java:166) ~[archunit-1.3.0.jar:1.3.0]
	at com.tngtech.archunit.thirdparty.org.objectweb.asm.ClassReader.<init>(ClassReader.java:288) ~[archunit-1.3.0.jar:1.3.0]
	at com.tngtech.archunit.core.importer.ClassFileProcessor$UriImporterOfProcessor.tryImport(ClassFileProcessor.java:350) ~[archunit-1.3.0.jar:1.3.0]
	at com.tngtech.archunit.core.importer.resolvers.ClassResolverFromClasspath.tryResolve(ClassResolverFromClasspath.java:51) ~[archunit-1.3.0.jar:1.3.0]
	at com.tngtech.archunit.core.importer.ImportedClasses.resolve(ImportedClasses.java:80) ~[archunit-1.3.0.jar:1.3.0]
	at com.tngtech.archunit.core.importer.ImportedClasses.getOrResolve(ImportedClasses.java:67) ~[archunit-1.3.0.jar:1.3.0]
	at com.tngtech.archunit.core.importer.DomainBuilders$JavaMemberBuilder.get(DomainBuilders.java:179) ~[archunit-1.3.0.jar:1.3.0]
	at com.tngtech.archunit.core.importer.DomainBuilders$JavaCodeUnitBuilder.asJavaClasses(DomainBuilders.java:329) ~[archunit-1.3.0.jar:1.3.0]
	at com.tngtech.archunit.core.importer.DomainBuilders$JavaCodeUnitBuilder.getRawParameterTypes(DomainBuilders.java:303) ~[archunit-1.3.0.jar:1.3.0]
	at com.tngtech.archunit.core.domain.JavaCodeUnit$Parameters.<init>(JavaCodeUnit.java:317) ~[archunit-1.3.0.jar:1.3.0]
	at com.tngtech.archunit.core.domain.JavaCodeUnit.<init>(JavaCodeUnit.java:82) ~[archunit-1.3.0.jar:1.3.0]
	at com.tngtech.archunit.core.domain.JavaConstructor.<init>(JavaConstructor.java:45) ~[archunit-1.3.0.jar:1.3.0]
	at com.tngtech.archunit.core.domain.DomainObjectCreationContext.createJavaConstructor(DomainObjectCreationContext.java:124) ~[archunit-1.3.0.jar:1.3.0]
	at com.tngtech.archunit.core.importer.DomainBuilders$JavaConstructorBuilder.construct(DomainBuilders.java:384) ~[archunit-1.3.0.jar:1.3.0]
	at com.tngtech.archunit.core.importer.DomainBuilders$JavaConstructorBuilder.construct(DomainBuilders.java:377) ~[archunit-1.3.0.jar:1.3.0]
	at com.tngtech.archunit.core.importer.DomainBuilders$JavaMemberBuilder.build(DomainBuilders.java:206) ~[archunit-1.3.0.jar:1.3.0]
	at com.tngtech.archunit.core.importer.DomainBuilders$JavaMemberBuilder.build(DomainBuilders.java:138) ~[archunit-1.3.0.jar:1.3.0]
	at com.tngtech.archunit.core.importer.DomainBuilders$BuilderWithBuildParameter$BuildFinisher.lambda$build$0(DomainBuilders.java:892) ~[archunit-1.3.0.jar:1.3.0]
	at java.base/java.util.stream.ReferencePipeline$3$1.accept(ReferencePipeline.java:214) ~[na:na]
	at java.base/java.util.HashMap$KeySpliterator.forEachRemaining(HashMap.java:1716) ~[na:na]
	at java.base/java.util.stream.AbstractPipeline.copyInto(AbstractPipeline.java:570) ~[na:na]
	at java.base/java.util.stream.AbstractPipeline.wrapAndCopyInto(AbstractPipeline.java:560) ~[na:na]
	at java.base/java.util.stream.ReduceOps$ReduceOp.evaluateSequential(ReduceOps.java:921) ~[na:na]
	at java.base/java.util.stream.AbstractPipeline.evaluate(AbstractPipeline.java:265) ~[na:na]
	at java.base/java.util.stream.ReferencePipeline.collect(ReferencePipeline.java:723) ~[na:na]
	at com.tngtech.archunit.core.importer.DomainBuilders$BuilderWithBuildParameter$BuildFinisher.build(DomainBuilders.java:892) ~[archunit-1.3.0.jar:1.3.0]
	at com.tngtech.archunit.core.importer.DomainBuilders$BuilderWithBuildParameter$BuildFinisher.build(DomainBuilders.java:882) ~[archunit-1.3.0.jar:1.3.0]
	at com.tngtech.archunit.core.importer.ClassGraphCreator.createConstructors(ClassGraphCreator.java:334) ~[archunit-1.3.0.jar:1.3.0]
	at com.tngtech.archunit.core.domain.JavaClassMembers.create(JavaClassMembers.java:353) ~[archunit-1.3.0.jar:1.3.0]
	at com.tngtech.archunit.core.domain.JavaClass.completeMembers(JavaClass.java:1477) ~[archunit-1.3.0.jar:1.3.0]
	at com.tngtech.archunit.core.domain.DomainObjectCreationContext.completeMembers(DomainObjectCreationContext.java:96) ~[archunit-1.3.0.jar:1.3.0]
	at com.tngtech.archunit.core.importer.ClassGraphCreator.completeClasses(ClassGraphCreator.java:120) ~[archunit-1.3.0.jar:1.3.0]
	at com.tngtech.archunit.core.importer.ClassGraphCreator.complete(ClassGraphCreator.java:108) ~[archunit-1.3.0.jar:1.3.0]
	at com.tngtech.archunit.core.importer.ClassFileProcessor.process(ClassFileProcessor.java:75) ~[archunit-1.3.0.jar:1.3.0]
	at com.tngtech.archunit.core.importer.ClassFileImporter.importLocations(ClassFileImporter.java:325) ~[archunit-1.3.0.jar:1.3.0]
	at com.tngtech.archunit.junit.internal.ClassCache$CacheClassFileImporter.importClasses(ClassCache.java:126) ~[archunit-junit5-engine-1.3.0.jar:1.3.0]
	at com.tngtech.archunit.junit.internal.ClassCache$LazyJavaClasses.initialize(ClassCache.java:118) ~[archunit-junit5-engine-1.3.0.jar:1.3.0]
	at com.tngtech.archunit.junit.internal.ClassCache$LazyJavaClasses.get(ClassCache.java:107) ~[archunit-junit5-engine-1.3.0.jar:1.3.0]
	at com.tngtech.archunit.junit.internal.ClassCache.getClassesToAnalyzeFor(ClassCache.java:84) ~[archunit-junit5-engine-1.3.0.jar:1.3.0]
	at com.tngtech.archunit.junit.internal.ArchUnitTestDescriptor.lambda$createChildren$1(ArchUnitTestDescriptor.java:90) ~[archunit-junit5-engine-1.3.0.jar:1.3.0]
	at com.tngtech.archunit.junit.internal.ArchUnitTestDescriptor$ArchUnitRuleDescriptor.execute(ArchUnitTestDescriptor.java:167) ~[archunit-junit5-engine-1.3.0.jar:1.3.0]
	at com.tngtech.archunit.junit.internal.ArchUnitTestDescriptor$ArchUnitRuleDescriptor.execute(ArchUnitTestDescriptor.java:150) ~[archunit-junit5-engine-1.3.0.jar:1.3.0]
	at org.junit.platform.engine.support.hierarchical.NodeTestTask.lambda$executeRecursively$6(NodeTestTask.java:151) ~[junit-platform-engine-1.10.1.jar:1.10.1]
	at org.junit.platform.engine.support.hierarchical.ThrowableCollector.execute(ThrowableCollector.java:73) ~[junit-platform-engine-1.10.1.jar:1.10.1]
	at org.junit.platform.engine.support.hierarchical.NodeTestTask.lambda$executeRecursively$8(NodeTestTask.java:141) ~[junit-platform-engine-1.10.1.jar:1.10.1]
	at org.junit.platform.engine.support.hierarchical.Node.around(Node.java:137) ~[junit-platform-engine-1.10.1.jar:1.10.1]
	at org.junit.platform.engine.support.hierarchical.NodeTestTask.lambda$executeRecursively$9(NodeTestTask.java:139) ~[junit-platform-engine-1.10.1.jar:1.10.1]
	at org.junit.platform.engine.support.hierarchical.ThrowableCollector.execute(ThrowableCollector.java:73) ~[junit-platform-engine-1.10.1.jar:1.10.1]
	at org.junit.platform.engine.support.hierarchical.NodeTestTask.executeRecursively(NodeTestTask.java:138) ~[junit-platform-engine-1.10.1.jar:1.10.1]
	at org.junit.platform.engine.support.hierarchical.NodeTestTask.execute(NodeTestTask.java:95) ~[junit-platform-engine-1.10.1.jar:1.10.1]
	at java.base/java.util.ArrayList.forEach(ArrayList.java:1604) ~[na:na]
	at org.junit.platform.engine.support.hierarchical.SameThreadHierarchicalTestExecutorService.invokeAll(SameThreadHierarchicalTestExecutorService.java:41) ~[junit-platform-engine-1.10.1.jar:1.10.1]
	at org.junit.platform.engine.support.hierarchical.NodeTestTask.lambda$executeRecursively$6(NodeTestTask.java:155) ~[junit-platform-engine-1.10.1.jar:1.10.1]
	at org.junit.platform.engine.support.hierarchical.ThrowableCollector.execute(ThrowableCollector.java:73) ~[junit-platform-engine-1.10.1.jar:1.10.1]
	at org.junit.platform.engine.support.hierarchical.NodeTestTask.lambda$executeRecursively$8(NodeTestTask.java:141) ~[junit-platform-engine-1.10.1.jar:1.10.1]
	at org.junit.platform.engine.support.hierarchical.Node.around(Node.java:137) ~[junit-platform-engine-1.10.1.jar:1.10.1]
	at org.junit.platform.engine.support.hierarchical.NodeTestTask.lambda$executeRecursively$9(NodeTestTask.java:139) ~[junit-platform-engine-1.10.1.jar:1.10.1]
	at org.junit.platform.engine.support.hierarchical.ThrowableCollector.execute(ThrowableCollector.java:73) ~[junit-platform-engine-1.10.1.jar:1.10.1]
	at org.junit.platform.engine.support.hierarchical.NodeTestTask.executeRecursively(NodeTestTask.java:138) ~[junit-platform-engine-1.10.1.jar:1.10.1]
	at org.junit.platform.engine.support.hierarchical.NodeTestTask.execute(NodeTestTask.java:95) ~[junit-platform-engine-1.10.1.jar:1.10.1]
	at java.base/java.util.ArrayList.forEach(ArrayList.java:1604) ~[na:na]
	at org.junit.platform.engine.support.hierarchical.SameThreadHierarchicalTestExecutorService.invokeAll(SameThreadHierarchicalTestExecutorService.java:41) ~[junit-platform-engine-1.10.1.jar:1.10.1]
	at org.junit.platform.engine.support.hierarchical.NodeTestTask.lambda$executeRecursively$6(NodeTestTask.java:155) ~[junit-platform-engine-1.10.1.jar:1.10.1]
	at org.junit.platform.engine.support.hierarchical.ThrowableCollector.execute(ThrowableCollector.java:73) ~[junit-platform-engine-1.10.1.jar:1.10.1]
	at org.junit.platform.engine.support.hierarchical.NodeTestTask.lambda$executeRecursively$8(NodeTestTask.java:141) ~[junit-platform-engine-1.10.1.jar:1.10.1]
	at org.junit.platform.engine.support.hierarchical.Node.around(Node.java:137) ~[junit-platform-engine-1.10.1.jar:1.10.1]
	at org.junit.platform.engine.support.hierarchical.NodeTestTask.lambda$executeRecursively$9(NodeTestTask.java:139) ~[junit-platform-engine-1.10.1.jar:1.10.1]
	at org.junit.platform.engine.support.hierarchical.ThrowableCollector.execute(ThrowableCollector.java:73) ~[junit-platform-engine-1.10.1.jar:1.10.1]
	at org.junit.platform.engine.support.hierarchical.NodeTestTask.executeRecursively(NodeTestTask.java:138) ~[junit-platform-engine-1.10.1.jar:1.10.1]
	at org.junit.platform.engine.support.hierarchical.NodeTestTask.execute(NodeTestTask.java:95) ~[junit-platform-engine-1.10.1.jar:1.10.1]
	at org.junit.platform.engine.support.hierarchical.SameThreadHierarchicalTestExecutorService.submit(SameThreadHierarchicalTestExecutorService.java:35) ~[junit-platform-engine-1.10.1.jar:1.10.1]
	at org.junit.platform.engine.support.hierarchical.HierarchicalTestExecutor.execute(HierarchicalTestExecutor.java:57) ~[junit-platform-engine-1.10.1.jar:1.10.1]
	at org.junit.platform.engine.support.hierarchical.HierarchicalTestEngine.execute(HierarchicalTestEngine.java:54) ~[junit-platform-engine-1.10.1.jar:1.10.1]
	at org.junit.platform.launcher.core.EngineExecutionOrchestrator.execute(EngineExecutionOrchestrator.java:198) ~[junit-platform-launcher-1.10.1.jar:1.10.1]
	at org.junit.platform.launcher.core.EngineExecutionOrchestrator.execute(EngineExecutionOrchestrator.java:169) ~[junit-platform-launcher-1.10.1.jar:1.10.1]
	at org.junit.platform.launcher.core.EngineExecutionOrchestrator.execute(EngineExecutionOrchestrator.java:93) ~[junit-platform-launcher-1.10.1.jar:1.10.1]
	at org.junit.platform.launcher.core.EngineExecutionOrchestrator.lambda$execute$0(EngineExecutionOrchestrator.java:58) ~[junit-platform-launcher-1.10.1.jar:1.10.1]
	at org.junit.platform.launcher.core.EngineExecutionOrchestrator.withInterceptedStreams(EngineExecutionOrchestrator.java:141) ~[junit-platform-launcher-1.10.1.jar:1.10.1]
	at org.junit.platform.launcher.core.EngineExecutionOrchestrator.execute(EngineExecutionOrchestrator.java:57) ~[junit-platform-launcher-1.10.1.jar:1.10.1]
	at org.junit.platform.launcher.core.DefaultLauncher.execute(DefaultLauncher.java:103) ~[junit-platform-launcher-1.10.1.jar:1.10.1]
	at org.junit.platform.launcher.core.DefaultLauncher.execute(DefaultLauncher.java:85) ~[junit-platform-launcher-1.10.1.jar:1.10.1]
	at org.junit.platform.launcher.core.DelegatingLauncher.execute(DelegatingLauncher.java:47) ~[junit-platform-launcher-1.10.1.jar:1.10.1]
	at org.apache.maven.surefire.junitplatform.LazyLauncher.execute(LazyLauncher.java:56) ~[surefire-junit-platform-3.1.2.jar:3.1.2]
	at org.apache.maven.surefire.junitplatform.JUnitPlatformProvider.execute(JUnitPlatformProvider.java:184) ~[surefire-junit-platform-3.1.2.jar:3.1.2]
	at org.apache.maven.surefire.junitplatform.JUnitPlatformProvider.invokeAllTests(JUnitPlatformProvider.java:148) ~[surefire-junit-platform-3.1.2.jar:3.1.2]
	at org.apache.maven.surefire.junitplatform.JUnitPlatformProvider.invoke(JUnitPlatformProvider.java:122) ~[surefire-junit-platform-3.1.2.jar:3.1.2]
	at org.apache.maven.surefire.booter.ForkedBooter.runSuitesInProcess(ForkedBooter.java:385) ~[surefire-booter-3.1.2.jar:3.1.2]
	at org.apache.maven.surefire.booter.ForkedBooter.execute(ForkedBooter.java:162) ~[surefire-booter-3.1.2.jar:3.1.2]
	at org.apache.maven.surefire.booter.ForkedBooter.run(ForkedBooter.java:507) ~[surefire-booter-3.1.2.jar:3.1.2]
	at org.apache.maven.surefire.booter.ForkedBooter.main(ForkedBooter.java:495) ~[surefire-booter-3.1.2.jar:3.1.2]

2025-10-13T13:36:42.665+02:00  WARN 80616 --- [hexagonal-app] [           main] c.t.a.core.importer.ClassFileProcessor   : Error during import from jrt:/java.base/java/nio/charset/Charset.class, falling back to simple import

java.lang.IllegalArgumentException: Unsupported class file major version 69
	at com.tngtech.archunit.thirdparty.org.objectweb.asm.ClassReader.<init>(ClassReader.java:200) ~[archunit-1.3.0.jar:1.3.0]
	at com.tngtech.archunit.thirdparty.org.objectweb.asm.ClassReader.<init>(ClassReader.java:180) ~[archunit-1.3.0.jar:1.3.0]
	at com.tngtech.archunit.thirdparty.org.objectweb.asm.ClassReader.<init>(ClassReader.java:166) ~[archunit-1.3.0.jar:1.3.0]
	at com.tngtech.archunit.thirdparty.org.objectweb.asm.ClassReader.<init>(ClassReader.java:288) ~[archunit-1.3.0.jar:1.3.0]
	at com.tngtech.archunit.core.importer.ClassFileProcessor$UriImporterOfProcessor.tryImport(ClassFileProcessor.java:350) ~[archunit-1.3.0.jar:1.3.0]
	at com.tngtech.archunit.core.importer.resolvers.ClassResolverFromClasspath.tryResolve(ClassResolverFromClasspath.java:51) ~[archunit-1.3.0.jar:1.3.0]
	at com.tngtech.archunit.core.importer.ImportedClasses.resolve(ImportedClasses.java:80) ~[archunit-1.3.0.jar:1.3.0]
	at com.tngtech.archunit.core.importer.ImportedClasses.getOrResolve(ImportedClasses.java:67) ~[archunit-1.3.0.jar:1.3.0]
	at com.tngtech.archunit.core.importer.DomainBuilders$JavaMemberBuilder.get(DomainBuilders.java:179) ~[archunit-1.3.0.jar:1.3.0]
	at com.tngtech.archunit.core.importer.DomainBuilders$JavaCodeUnitBuilder.asJavaClasses(DomainBuilders.java:329) ~[archunit-1.3.0.jar:1.3.0]
	at com.tngtech.archunit.core.importer.DomainBuilders$JavaCodeUnitBuilder.getRawParameterTypes(DomainBuilders.java:303) ~[archunit-1.3.0.jar:1.3.0]
	at com.tngtech.archunit.core.domain.JavaCodeUnit$Parameters.<init>(JavaCodeUnit.java:317) ~[archunit-1.3.0.jar:1.3.0]
	at com.tngtech.archunit.core.domain.JavaCodeUnit.<init>(JavaCodeUnit.java:82) ~[archunit-1.3.0.jar:1.3.0]
	at com.tngtech.archunit.core.domain.JavaConstructor.<init>(JavaConstructor.java:45) ~[archunit-1.3.0.jar:1.3.0]
	at com.tngtech.archunit.core.domain.DomainObjectCreationContext.createJavaConstructor(DomainObjectCreationContext.java:124) ~[archunit-1.3.0.jar:1.3.0]
	at com.tngtech.archunit.core.importer.DomainBuilders$JavaConstructorBuilder.construct(DomainBuilders.java:384) ~[archunit-1.3.0.jar:1.3.0]
	at com.tngtech.archunit.core.importer.DomainBuilders$JavaConstructorBuilder.construct(DomainBuilders.java:377) ~[archunit-1.3.0.jar:1.3.0]
	at com.tngtech.archunit.core.importer.DomainBuilders$JavaMemberBuilder.build(DomainBuilders.java:206) ~[archunit-1.3.0.jar:1.3.0]
	at com.tngtech.archunit.core.importer.DomainBuilders$JavaMemberBuilder.build(DomainBuilders.java:138) ~[archunit-1.3.0.jar:1.3.0]
	at com.tngtech.archunit.core.importer.DomainBuilders$BuilderWithBuildParameter$BuildFinisher.lambda$build$0(DomainBuilders.java:892) ~[archunit-1.3.0.jar:1.3.0]
	at java.base/java.util.stream.ReferencePipeline$3$1.accept(ReferencePipeline.java:214) ~[na:na]
	at java.base/java.util.HashMap$KeySpliterator.forEachRemaining(HashMap.java:1716) ~[na:na]
	at java.base/java.util.stream.AbstractPipeline.copyInto(AbstractPipeline.java:570) ~[na:na]
	at java.base/java.util.stream.AbstractPipeline.wrapAndCopyInto(AbstractPipeline.java:560) ~[na:na]
	at java.base/java.util.stream.ReduceOps$ReduceOp.evaluateSequential(ReduceOps.java:921) ~[na:na]
	at java.base/java.util.stream.AbstractPipeline.evaluate(AbstractPipeline.java:265) ~[na:na]
	at java.base/java.util.stream.ReferencePipeline.collect(ReferencePipeline.java:723) ~[na:na]
	at com.tngtech.archunit.core.importer.DomainBuilders$BuilderWithBuildParameter$BuildFinisher.build(DomainBuilders.java:892) ~[archunit-1.3.0.jar:1.3.0]
	at com.tngtech.archunit.core.importer.DomainBuilders$BuilderWithBuildParameter$BuildFinisher.build(DomainBuilders.java:882) ~[archunit-1.3.0.jar:1.3.0]
	at com.tngtech.archunit.core.importer.ClassGraphCreator.createConstructors(ClassGraphCreator.java:334) ~[archunit-1.3.0.jar:1.3.0]
	at com.tngtech.archunit.core.domain.JavaClassMembers.create(JavaClassMembers.java:353) ~[archunit-1.3.0.jar:1.3.0]
	at com.tngtech.archunit.core.domain.JavaClass.completeMembers(JavaClass.java:1477) ~[archunit-1.3.0.jar:1.3.0]
	at com.tngtech.archunit.core.domain.DomainObjectCreationContext.completeMembers(DomainObjectCreationContext.java:96) ~[archunit-1.3.0.jar:1.3.0]
	at com.tngtech.archunit.core.importer.ClassGraphCreator.completeClasses(ClassGraphCreator.java:120) ~[archunit-1.3.0.jar:1.3.0]
	at com.tngtech.archunit.core.importer.ClassGraphCreator.complete(ClassGraphCreator.java:108) ~[archunit-1.3.0.jar:1.3.0]
	at com.tngtech.archunit.core.importer.ClassFileProcessor.process(ClassFileProcessor.java:75) ~[archunit-1.3.0.jar:1.3.0]
	at com.tngtech.archunit.core.importer.ClassFileImporter.importLocations(ClassFileImporter.java:325) ~[archunit-1.3.0.jar:1.3.0]
	at com.tngtech.archunit.junit.internal.ClassCache$CacheClassFileImporter.importClasses(ClassCache.java:126) ~[archunit-junit5-engine-1.3.0.jar:1.3.0]
	at com.tngtech.archunit.junit.internal.ClassCache$LazyJavaClasses.initialize(ClassCache.java:118) ~[archunit-junit5-engine-1.3.0.jar:1.3.0]
	at com.tngtech.archunit.junit.internal.ClassCache$LazyJavaClasses.get(ClassCache.java:107) ~[archunit-junit5-engine-1.3.0.jar:1.3.0]
	at com.tngtech.archunit.junit.internal.ClassCache.getClassesToAnalyzeFor(ClassCache.java:84) ~[archunit-junit5-engine-1.3.0.jar:1.3.0]
	at com.tngtech.archunit.junit.internal.ArchUnitTestDescriptor.lambda$createChildren$1(ArchUnitTestDescriptor.java:90) ~[archunit-junit5-engine-1.3.0.jar:1.3.0]
	at com.tngtech.archunit.junit.internal.ArchUnitTestDescriptor$ArchUnitRuleDescriptor.execute(ArchUnitTestDescriptor.java:167) ~[archunit-junit5-engine-1.3.0.jar:1.3.0]
	at com.tngtech.archunit.junit.internal.ArchUnitTestDescriptor$ArchUnitRuleDescriptor.execute(ArchUnitTestDescriptor.java:150) ~[archunit-junit5-engine-1.3.0.jar:1.3.0]
	at org.junit.platform.engine.support.hierarchical.NodeTestTask.lambda$executeRecursively$6(NodeTestTask.java:151) ~[junit-platform-engine-1.10.1.jar:1.10.1]
	at org.junit.platform.engine.support.hierarchical.ThrowableCollector.execute(ThrowableCollector.java:73) ~[junit-platform-engine-1.10.1.jar:1.10.1]
	at org.junit.platform.engine.support.hierarchical.NodeTestTask.lambda$executeRecursively$8(NodeTestTask.java:141) ~[junit-platform-engine-1.10.1.jar:1.10.1]
	at org.junit.platform.engine.support.hierarchical.Node.around(Node.java:137) ~[junit-platform-engine-1.10.1.jar:1.10.1]
	at org.junit.platform.engine.support.hierarchical.NodeTestTask.lambda$executeRecursively$9(NodeTestTask.java:139) ~[junit-platform-engine-1.10.1.jar:1.10.1]
	at org.junit.platform.engine.support.hierarchical.ThrowableCollector.execute(ThrowableCollector.java:73) ~[junit-platform-engine-1.10.1.jar:1.10.1]
	at org.junit.platform.engine.support.hierarchical.NodeTestTask.executeRecursively(NodeTestTask.java:138) ~[junit-platform-engine-1.10.1.jar:1.10.1]
	at org.junit.platform.engine.support.hierarchical.NodeTestTask.execute(NodeTestTask.java:95) ~[junit-platform-engine-1.10.1.jar:1.10.1]
	at java.base/java.util.ArrayList.forEach(ArrayList.java:1604) ~[na:na]
	at org.junit.platform.engine.support.hierarchical.SameThreadHierarchicalTestExecutorService.invokeAll(SameThreadHierarchicalTestExecutorService.java:41) ~[junit-platform-engine-1.10.1.jar:1.10.1]
	at org.junit.platform.engine.support.hierarchical.NodeTestTask.lambda$executeRecursively$6(NodeTestTask.java:155) ~[junit-platform-engine-1.10.1.jar:1.10.1]
	at org.junit.platform.engine.support.hierarchical.ThrowableCollector.execute(ThrowableCollector.java:73) ~[junit-platform-engine-1.10.1.jar:1.10.1]
	at org.junit.platform.engine.support.hierarchical.NodeTestTask.lambda$executeRecursively$8(NodeTestTask.java:141) ~[junit-platform-engine-1.10.1.jar:1.10.1]
	at org.junit.platform.engine.support.hierarchical.Node.around(Node.java:137) ~[junit-platform-engine-1.10.1.jar:1.10.1]
	at org.junit.platform.engine.support.hierarchical.NodeTestTask.lambda$executeRecursively$9(NodeTestTask.java:139) ~[junit-platform-engine-1.10.1.jar:1.10.1]
	at org.junit.platform.engine.support.hierarchical.ThrowableCollector.execute(ThrowableCollector.java:73) ~[junit-platform-engine-1.10.1.jar:1.10.1]
	at org.junit.platform.engine.support.hierarchical.NodeTestTask.executeRecursively(NodeTestTask.java:138) ~[junit-platform-engine-1.10.1.jar:1.10.1]
	at org.junit.platform.engine.support.hierarchical.NodeTestTask.execute(NodeTestTask.java:95) ~[junit-platform-engine-1.10.1.jar:1.10.1]
	at java.base/java.util.ArrayList.forEach(ArrayList.java:1604) ~[na:na]
	at org.junit.platform.engine.support.hierarchical.SameThreadHierarchicalTestExecutorService.invokeAll(SameThreadHierarchicalTestExecutorService.java:41) ~[junit-platform-engine-1.10.1.jar:1.10.1]
	at org.junit.platform.engine.support.hierarchical.NodeTestTask.lambda$executeRecursively$6(NodeTestTask.java:155) ~[junit-platform-engine-1.10.1.jar:1.10.1]
	at org.junit.platform.engine.support.hierarchical.ThrowableCollector.execute(ThrowableCollector.java:73) ~[junit-platform-engine-1.10.1.jar:1.10.1]
	at org.junit.platform.engine.support.hierarchical.NodeTestTask.lambda$executeRecursively$8(NodeTestTask.java:141) ~[junit-platform-engine-1.10.1.jar:1.10.1]
	at org.junit.platform.engine.support.hierarchical.Node.around(Node.java:137) ~[junit-platform-engine-1.10.1.jar:1.10.1]
	at org.junit.platform.engine.support.hierarchical.NodeTestTask.lambda$executeRecursively$9(NodeTestTask.java:139) ~[junit-platform-engine-1.10.1.jar:1.10.1]
	at org.junit.platform.engine.support.hierarchical.ThrowableCollector.execute(ThrowableCollector.java:73) ~[junit-platform-engine-1.10.1.jar:1.10.1]
	at org.junit.platform.engine.support.hierarchical.NodeTestTask.executeRecursively(NodeTestTask.java:138) ~[junit-platform-engine-1.10.1.jar:1.10.1]
	at org.junit.platform.engine.support.hierarchical.NodeTestTask.execute(NodeTestTask.java:95) ~[junit-platform-engine-1.10.1.jar:1.10.1]
	at org.junit.platform.engine.support.hierarchical.SameThreadHierarchicalTestExecutorService.submit(SameThreadHierarchicalTestExecutorService.java:35) ~[junit-platform-engine-1.10.1.jar:1.10.1]
	at org.junit.platform.engine.support.hierarchical.HierarchicalTestExecutor.execute(HierarchicalTestExecutor.java:57) ~[junit-platform-engine-1.10.1.jar:1.10.1]
	at org.junit.platform.engine.support.hierarchical.HierarchicalTestEngine.execute(HierarchicalTestEngine.java:54) ~[junit-platform-engine-1.10.1.jar:1.10.1]
	at org.junit.platform.launcher.core.EngineExecutionOrchestrator.execute(EngineExecutionOrchestrator.java:198) ~[junit-platform-launcher-1.10.1.jar:1.10.1]
	at org.junit.platform.launcher.core.EngineExecutionOrchestrator.execute(EngineExecutionOrchestrator.java:169) ~[junit-platform-launcher-1.10.1.jar:1.10.1]
	at org.junit.platform.launcher.core.EngineExecutionOrchestrator.execute(EngineExecutionOrchestrator.java:93) ~[junit-platform-launcher-1.10.1.jar:1.10.1]
	at org.junit.platform.launcher.core.EngineExecutionOrchestrator.lambda$execute$0(EngineExecutionOrchestrator.java:58) ~[junit-platform-launcher-1.10.1.jar:1.10.1]
	at org.junit.platform.launcher.core.EngineExecutionOrchestrator.withInterceptedStreams(EngineExecutionOrchestrator.java:141) ~[junit-platform-launcher-1.10.1.jar:1.10.1]
	at org.junit.platform.launcher.core.EngineExecutionOrchestrator.execute(EngineExecutionOrchestrator.java:57) ~[junit-platform-launcher-1.10.1.jar:1.10.1]
	at org.junit.platform.launcher.core.DefaultLauncher.execute(DefaultLauncher.java:103) ~[junit-platform-launcher-1.10.1.jar:1.10.1]
	at org.junit.platform.launcher.core.DefaultLauncher.execute(DefaultLauncher.java:85) ~[junit-platform-launcher-1.10.1.jar:1.10.1]
	at org.junit.platform.launcher.core.DelegatingLauncher.execute(DelegatingLauncher.java:47) ~[junit-platform-launcher-1.10.1.jar:1.10.1]
	at org.apache.maven.surefire.junitplatform.LazyLauncher.execute(LazyLauncher.java:56) ~[surefire-junit-platform-3.1.2.jar:3.1.2]
	at org.apache.maven.surefire.junitplatform.JUnitPlatformProvider.execute(JUnitPlatformProvider.java:184) ~[surefire-junit-platform-3.1.2.jar:3.1.2]
	at org.apache.maven.surefire.junitplatform.JUnitPlatformProvider.invokeAllTests(JUnitPlatformProvider.java:148) ~[surefire-junit-platform-3.1.2.jar:3.1.2]
	at org.apache.maven.surefire.junitplatform.JUnitPlatformProvider.invoke(JUnitPlatformProvider.java:122) ~[surefire-junit-platform-3.1.2.jar:3.1.2]
	at org.apache.maven.surefire.booter.ForkedBooter.runSuitesInProcess(ForkedBooter.java:385) ~[surefire-booter-3.1.2.jar:3.1.2]
	at org.apache.maven.surefire.booter.ForkedBooter.execute(ForkedBooter.java:162) ~[surefire-booter-3.1.2.jar:3.1.2]
	at org.apache.maven.surefire.booter.ForkedBooter.run(ForkedBooter.java:507) ~[surefire-booter-3.1.2.jar:3.1.2]
	at org.apache.maven.surefire.booter.ForkedBooter.main(ForkedBooter.java:495) ~[surefire-booter-3.1.2.jar:3.1.2]

2025-10-13T13:36:42.671+02:00  WARN 80616 --- [hexagonal-app] [           main] c.t.a.core.importer.ClassFileProcessor   : Error during import from jrt:/java.base/java/security/Principal.class, falling back to simple import

java.lang.IllegalArgumentException: Unsupported class file major version 69
	at com.tngtech.archunit.thirdparty.org.objectweb.asm.ClassReader.<init>(ClassReader.java:200) ~[archunit-1.3.0.jar:1.3.0]
	at com.tngtech.archunit.thirdparty.org.objectweb.asm.ClassReader.<init>(ClassReader.java:180) ~[archunit-1.3.0.jar:1.3.0]
	at com.tngtech.archunit.thirdparty.org.objectweb.asm.ClassReader.<init>(ClassReader.java:166) ~[archunit-1.3.0.jar:1.3.0]
	at com.tngtech.archunit.thirdparty.org.objectweb.asm.ClassReader.<init>(ClassReader.java:288) ~[archunit-1.3.0.jar:1.3.0]
	at com.tngtech.archunit.core.importer.ClassFileProcessor$UriImporterOfProcessor.tryImport(ClassFileProcessor.java:350) ~[archunit-1.3.0.jar:1.3.0]
	at com.tngtech.archunit.core.importer.resolvers.ClassResolverFromClasspath.tryResolve(ClassResolverFromClasspath.java:51) ~[archunit-1.3.0.jar:1.3.0]
	at com.tngtech.archunit.core.importer.ImportedClasses.resolve(ImportedClasses.java:80) ~[archunit-1.3.0.jar:1.3.0]
	at com.tngtech.archunit.core.importer.ImportedClasses.getOrResolve(ImportedClasses.java:67) ~[archunit-1.3.0.jar:1.3.0]
	at com.tngtech.archunit.core.importer.DomainBuilders$JavaFieldBuilder.getType(DomainBuilders.java:227) ~[archunit-1.3.0.jar:1.3.0]
	at com.tngtech.archunit.core.domain.JavaField.<init>(JavaField.java:40) ~[archunit-1.3.0.jar:1.3.0]
	at com.tngtech.archunit.core.domain.DomainObjectCreationContext.createJavaField(DomainObjectCreationContext.java:108) ~[archunit-1.3.0.jar:1.3.0]
	at com.tngtech.archunit.core.importer.DomainBuilders$JavaFieldBuilder.construct(DomainBuilders.java:236) ~[archunit-1.3.0.jar:1.3.0]
	at com.tngtech.archunit.core.importer.DomainBuilders$JavaFieldBuilder.construct(DomainBuilders.java:210) ~[archunit-1.3.0.jar:1.3.0]
	at com.tngtech.archunit.core.importer.DomainBuilders$JavaMemberBuilder.build(DomainBuilders.java:206) ~[archunit-1.3.0.jar:1.3.0]
	at com.tngtech.archunit.core.importer.DomainBuilders$JavaMemberBuilder.build(DomainBuilders.java:138) ~[archunit-1.3.0.jar:1.3.0]
	at com.tngtech.archunit.core.importer.DomainBuilders$BuilderWithBuildParameter$BuildFinisher.lambda$build$0(DomainBuilders.java:892) ~[archunit-1.3.0.jar:1.3.0]
	at java.base/java.util.stream.ReferencePipeline$3$1.accept(ReferencePipeline.java:214) ~[na:na]
	at java.base/java.util.HashMap$KeySpliterator.forEachRemaining(HashMap.java:1716) ~[na:na]
	at java.base/java.util.stream.AbstractPipeline.copyInto(AbstractPipeline.java:570) ~[na:na]
	at java.base/java.util.stream.AbstractPipeline.wrapAndCopyInto(AbstractPipeline.java:560) ~[na:na]
	at java.base/java.util.stream.ReduceOps$ReduceOp.evaluateSequential(ReduceOps.java:921) ~[na:na]
	at java.base/java.util.stream.AbstractPipeline.evaluate(AbstractPipeline.java:265) ~[na:na]
	at java.base/java.util.stream.ReferencePipeline.collect(ReferencePipeline.java:723) ~[na:na]
	at com.tngtech.archunit.core.importer.DomainBuilders$BuilderWithBuildParameter$BuildFinisher.build(DomainBuilders.java:892) ~[archunit-1.3.0.jar:1.3.0]
	at com.tngtech.archunit.core.importer.DomainBuilders$BuilderWithBuildParameter$BuildFinisher.build(DomainBuilders.java:882) ~[archunit-1.3.0.jar:1.3.0]
	at com.tngtech.archunit.core.importer.ClassGraphCreator.createFields(ClassGraphCreator.java:309) ~[archunit-1.3.0.jar:1.3.0]
	at com.tngtech.archunit.core.domain.JavaClassMembers.create(JavaClassMembers.java:351) ~[archunit-1.3.0.jar:1.3.0]
	at com.tngtech.archunit.core.domain.JavaClass.completeMembers(JavaClass.java:1477) ~[archunit-1.3.0.jar:1.3.0]
	at com.tngtech.archunit.core.domain.DomainObjectCreationContext.completeMembers(DomainObjectCreationContext.java:96) ~[archunit-1.3.0.jar:1.3.0]
	at com.tngtech.archunit.core.importer.ClassGraphCreator.completeClasses(ClassGraphCreator.java:120) ~[archunit-1.3.0.jar:1.3.0]
	at com.tngtech.archunit.core.importer.ClassGraphCreator.complete(ClassGraphCreator.java:108) ~[archunit-1.3.0.jar:1.3.0]
	at com.tngtech.archunit.core.importer.ClassFileProcessor.process(ClassFileProcessor.java:75) ~[archunit-1.3.0.jar:1.3.0]
	at com.tngtech.archunit.core.importer.ClassFileImporter.importLocations(ClassFileImporter.java:325) ~[archunit-1.3.0.jar:1.3.0]
	at com.tngtech.archunit.junit.internal.ClassCache$CacheClassFileImporter.importClasses(ClassCache.java:126) ~[archunit-junit5-engine-1.3.0.jar:1.3.0]
	at com.tngtech.archunit.junit.internal.ClassCache$LazyJavaClasses.initialize(ClassCache.java:118) ~[archunit-junit5-engine-1.3.0.jar:1.3.0]
	at com.tngtech.archunit.junit.internal.ClassCache$LazyJavaClasses.get(ClassCache.java:107) ~[archunit-junit5-engine-1.3.0.jar:1.3.0]
	at com.tngtech.archunit.junit.internal.ClassCache.getClassesToAnalyzeFor(ClassCache.java:84) ~[archunit-junit5-engine-1.3.0.jar:1.3.0]
	at com.tngtech.archunit.junit.internal.ArchUnitTestDescriptor.lambda$createChildren$1(ArchUnitTestDescriptor.java:90) ~[archunit-junit5-engine-1.3.0.jar:1.3.0]
	at com.tngtech.archunit.junit.internal.ArchUnitTestDescriptor$ArchUnitRuleDescriptor.execute(ArchUnitTestDescriptor.java:167) ~[archunit-junit5-engine-1.3.0.jar:1.3.0]
	at com.tngtech.archunit.junit.internal.ArchUnitTestDescriptor$ArchUnitRuleDescriptor.execute(ArchUnitTestDescriptor.java:150) ~[archunit-junit5-engine-1.3.0.jar:1.3.0]
	at org.junit.platform.engine.support.hierarchical.NodeTestTask.lambda$executeRecursively$6(NodeTestTask.java:151) ~[junit-platform-engine-1.10.1.jar:1.10.1]
	at org.junit.platform.engine.support.hierarchical.ThrowableCollector.execute(ThrowableCollector.java:73) ~[junit-platform-engine-1.10.1.jar:1.10.1]
	at org.junit.platform.engine.support.hierarchical.NodeTestTask.lambda$executeRecursively$8(NodeTestTask.java:141) ~[junit-platform-engine-1.10.1.jar:1.10.1]
	at org.junit.platform.engine.support.hierarchical.Node.around(Node.java:137) ~[junit-platform-engine-1.10.1.jar:1.10.1]
	at org.junit.platform.engine.support.hierarchical.NodeTestTask.lambda$executeRecursively$9(NodeTestTask.java:139) ~[junit-platform-engine-1.10.1.jar:1.10.1]
	at org.junit.platform.engine.support.hierarchical.ThrowableCollector.execute(ThrowableCollector.java:73) ~[junit-platform-engine-1.10.1.jar:1.10.1]
	at org.junit.platform.engine.support.hierarchical.NodeTestTask.executeRecursively(NodeTestTask.java:138) ~[junit-platform-engine-1.10.1.jar:1.10.1]
	at org.junit.platform.engine.support.hierarchical.NodeTestTask.execute(NodeTestTask.java:95) ~[junit-platform-engine-1.10.1.jar:1.10.1]
	at java.base/java.util.ArrayList.forEach(ArrayList.java:1604) ~[na:na]
	at org.junit.platform.engine.support.hierarchical.SameThreadHierarchicalTestExecutorService.invokeAll(SameThreadHierarchicalTestExecutorService.java:41) ~[junit-platform-engine-1.10.1.jar:1.10.1]
	at org.junit.platform.engine.support.hierarchical.NodeTestTask.lambda$executeRecursively$6(NodeTestTask.java:155) ~[junit-platform-engine-1.10.1.jar:1.10.1]
	at org.junit.platform.engine.support.hierarchical.ThrowableCollector.execute(ThrowableCollector.java:73) ~[junit-platform-engine-1.10.1.jar:1.10.1]
	at org.junit.platform.engine.support.hierarchical.NodeTestTask.lambda$executeRecursively$8(NodeTestTask.java:141) ~[junit-platform-engine-1.10.1.jar:1.10.1]
	at org.junit.platform.engine.support.hierarchical.Node.around(Node.java:137) ~[junit-platform-engine-1.10.1.jar:1.10.1]
	at org.junit.platform.engine.support.hierarchical.NodeTestTask.lambda$executeRecursively$9(NodeTestTask.java:139) ~[junit-platform-engine-1.10.1.jar:1.10.1]
	at org.junit.platform.engine.support.hierarchical.ThrowableCollector.execute(ThrowableCollector.java:73) ~[junit-platform-engine-1.10.1.jar:1.10.1]
	at org.junit.platform.engine.support.hierarchical.NodeTestTask.executeRecursively(NodeTestTask.java:138) ~[junit-platform-engine-1.10.1.jar:1.10.1]
	at org.junit.platform.engine.support.hierarchical.NodeTestTask.execute(NodeTestTask.java:95) ~[junit-platform-engine-1.10.1.jar:1.10.1]
	at java.base/java.util.ArrayList.forEach(ArrayList.java:1604) ~[na:na]
	at org.junit.platform.engine.support.hierarchical.SameThreadHierarchicalTestExecutorService.invokeAll(SameThreadHierarchicalTestExecutorService.java:41) ~[junit-platform-engine-1.10.1.jar:1.10.1]
	at org.junit.platform.engine.support.hierarchical.NodeTestTask.lambda$executeRecursively$6(NodeTestTask.java:155) ~[junit-platform-engine-1.10.1.jar:1.10.1]
	at org.junit.platform.engine.support.hierarchical.ThrowableCollector.execute(ThrowableCollector.java:73) ~[junit-platform-engine-1.10.1.jar:1.10.1]
	at org.junit.platform.engine.support.hierarchical.NodeTestTask.lambda$executeRecursively$8(NodeTestTask.java:141) ~[junit-platform-engine-1.10.1.jar:1.10.1]
	at org.junit.platform.engine.support.hierarchical.Node.around(Node.java:137) ~[junit-platform-engine-1.10.1.jar:1.10.1]
	at org.junit.platform.engine.support.hierarchical.NodeTestTask.lambda$executeRecursively$9(NodeTestTask.java:139) ~[junit-platform-engine-1.10.1.jar:1.10.1]
	at org.junit.platform.engine.support.hierarchical.ThrowableCollector.execute(ThrowableCollector.java:73) ~[junit-platform-engine-1.10.1.jar:1.10.1]
	at org.junit.platform.engine.support.hierarchical.NodeTestTask.executeRecursively(NodeTestTask.java:138) ~[junit-platform-engine-1.10.1.jar:1.10.1]
	at org.junit.platform.engine.support.hierarchical.NodeTestTask.execute(NodeTestTask.java:95) ~[junit-platform-engine-1.10.1.jar:1.10.1]
	at org.junit.platform.engine.support.hierarchical.SameThreadHierarchicalTestExecutorService.submit(SameThreadHierarchicalTestExecutorService.java:35) ~[junit-platform-engine-1.10.1.jar:1.10.1]
	at org.junit.platform.engine.support.hierarchical.HierarchicalTestExecutor.execute(HierarchicalTestExecutor.java:57) ~[junit-platform-engine-1.10.1.jar:1.10.1]
	at org.junit.platform.engine.support.hierarchical.HierarchicalTestEngine.execute(HierarchicalTestEngine.java:54) ~[junit-platform-engine-1.10.1.jar:1.10.1]
	at org.junit.platform.launcher.core.EngineExecutionOrchestrator.execute(EngineExecutionOrchestrator.java:198) ~[junit-platform-launcher-1.10.1.jar:1.10.1]
	at org.junit.platform.launcher.core.EngineExecutionOrchestrator.execute(EngineExecutionOrchestrator.java:169) ~[junit-platform-launcher-1.10.1.jar:1.10.1]
	at org.junit.platform.launcher.core.EngineExecutionOrchestrator.execute(EngineExecutionOrchestrator.java:93) ~[junit-platform-launcher-1.10.1.jar:1.10.1]
	at org.junit.platform.launcher.core.EngineExecutionOrchestrator.lambda$execute$0(EngineExecutionOrchestrator.java:58) ~[junit-platform-launcher-1.10.1.jar:1.10.1]
	at org.junit.platform.launcher.core.EngineExecutionOrchestrator.withInterceptedStreams(EngineExecutionOrchestrator.java:141) ~[junit-platform-launcher-1.10.1.jar:1.10.1]
	at org.junit.platform.launcher.core.EngineExecutionOrchestrator.execute(EngineExecutionOrchestrator.java:57) ~[junit-platform-launcher-1.10.1.jar:1.10.1]
	at org.junit.platform.launcher.core.DefaultLauncher.execute(DefaultLauncher.java:103) ~[junit-platform-launcher-1.10.1.jar:1.10.1]
	at org.junit.platform.launcher.core.DefaultLauncher.execute(DefaultLauncher.java:85) ~[junit-platform-launcher-1.10.1.jar:1.10.1]
	at org.junit.platform.launcher.core.DelegatingLauncher.execute(DelegatingLauncher.java:47) ~[junit-platform-launcher-1.10.1.jar:1.10.1]
	at org.apache.maven.surefire.junitplatform.LazyLauncher.execute(LazyLauncher.java:56) ~[surefire-junit-platform-3.1.2.jar:3.1.2]
	at org.apache.maven.surefire.junitplatform.JUnitPlatformProvider.execute(JUnitPlatformProvider.java:184) ~[surefire-junit-platform-3.1.2.jar:3.1.2]
	at org.apache.maven.surefire.junitplatform.JUnitPlatformProvider.invokeAllTests(JUnitPlatformProvider.java:148) ~[surefire-junit-platform-3.1.2.jar:3.1.2]
	at org.apache.maven.surefire.junitplatform.JUnitPlatformProvider.invoke(JUnitPlatformProvider.java:122) ~[surefire-junit-platform-3.1.2.jar:3.1.2]
	at org.apache.maven.surefire.booter.ForkedBooter.runSuitesInProcess(ForkedBooter.java:385) ~[surefire-booter-3.1.2.jar:3.1.2]
	at org.apache.maven.surefire.booter.ForkedBooter.execute(ForkedBooter.java:162) ~[surefire-booter-3.1.2.jar:3.1.2]
	at org.apache.maven.surefire.booter.ForkedBooter.run(ForkedBooter.java:507) ~[surefire-booter-3.1.2.jar:3.1.2]
	at org.apache.maven.surefire.booter.ForkedBooter.main(ForkedBooter.java:495) ~[surefire-booter-3.1.2.jar:3.1.2]

2025-10-13T13:36:42.673+02:00  WARN 80616 --- [hexagonal-app] [           main] c.t.a.core.importer.ClassFileProcessor   : Error during import from jrt:/java.base/java/io/UnsupportedEncodingException.class, falling back to simple import

java.lang.IllegalArgumentException: Unsupported class file major version 69
	at com.tngtech.archunit.thirdparty.org.objectweb.asm.ClassReader.<init>(ClassReader.java:200) ~[archunit-1.3.0.jar:1.3.0]
	at com.tngtech.archunit.thirdparty.org.objectweb.asm.ClassReader.<init>(ClassReader.java:180) ~[archunit-1.3.0.jar:1.3.0]
	at com.tngtech.archunit.thirdparty.org.objectweb.asm.ClassReader.<init>(ClassReader.java:166) ~[archunit-1.3.0.jar:1.3.0]
	at com.tngtech.archunit.thirdparty.org.objectweb.asm.ClassReader.<init>(ClassReader.java:288) ~[archunit-1.3.0.jar:1.3.0]
	at com.tngtech.archunit.core.importer.ClassFileProcessor$UriImporterOfProcessor.tryImport(ClassFileProcessor.java:350) ~[archunit-1.3.0.jar:1.3.0]
	at com.tngtech.archunit.core.importer.resolvers.ClassResolverFromClasspath.tryResolve(ClassResolverFromClasspath.java:51) ~[archunit-1.3.0.jar:1.3.0]
	at com.tngtech.archunit.core.importer.ImportedClasses.resolve(ImportedClasses.java:80) ~[archunit-1.3.0.jar:1.3.0]
	at com.tngtech.archunit.core.importer.ImportedClasses.getOrResolve(ImportedClasses.java:67) ~[archunit-1.3.0.jar:1.3.0]
	at com.tngtech.archunit.core.importer.DomainBuilders$JavaMemberBuilder.get(DomainBuilders.java:179) ~[archunit-1.3.0.jar:1.3.0]
	at com.tngtech.archunit.core.importer.DomainBuilders$JavaCodeUnitBuilder.asJavaClasses(DomainBuilders.java:329) ~[archunit-1.3.0.jar:1.3.0]
	at com.tngtech.archunit.core.importer.DomainBuilders$JavaCodeUnitBuilder.getThrowsClause(DomainBuilders.java:323) ~[archunit-1.3.0.jar:1.3.0]
	at com.tngtech.archunit.core.domain.JavaMethod.<init>(JavaMethod.java:45) ~[archunit-1.3.0.jar:1.3.0]
	at com.tngtech.archunit.core.domain.DomainObjectCreationContext.createJavaMethod(DomainObjectCreationContext.java:144) ~[archunit-1.3.0.jar:1.3.0]
	at com.tngtech.archunit.core.importer.DomainBuilders$JavaMethodBuilder.construct(DomainBuilders.java:373) ~[archunit-1.3.0.jar:1.3.0]
	at com.tngtech.archunit.core.importer.DomainBuilders$JavaMethodBuilder.construct(DomainBuilders.java:358) ~[archunit-1.3.0.jar:1.3.0]
	at com.tngtech.archunit.core.importer.DomainBuilders$JavaMemberBuilder.build(DomainBuilders.java:206) ~[archunit-1.3.0.jar:1.3.0]
	at com.tngtech.archunit.core.importer.DomainBuilders$JavaMemberBuilder.build(DomainBuilders.java:138) ~[archunit-1.3.0.jar:1.3.0]
	at com.tngtech.archunit.core.importer.DomainBuilders$BuilderWithBuildParameter$BuildFinisher.lambda$build$0(DomainBuilders.java:892) ~[archunit-1.3.0.jar:1.3.0]
	at java.base/java.util.stream.ReferencePipeline$3$1.accept(ReferencePipeline.java:214) ~[na:na]
	at java.base/java.util.stream.ReferencePipeline$2$1.accept(ReferencePipeline.java:197) ~[na:na]
	at java.base/java.util.HashMap$KeySpliterator.forEachRemaining(HashMap.java:1716) ~[na:na]
	at java.base/java.util.stream.AbstractPipeline.copyInto(AbstractPipeline.java:570) ~[na:na]
	at java.base/java.util.stream.AbstractPipeline.wrapAndCopyInto(AbstractPipeline.java:560) ~[na:na]
	at java.base/java.util.stream.ReduceOps$ReduceOp.evaluateSequential(ReduceOps.java:921) ~[na:na]
	at java.base/java.util.stream.AbstractPipeline.evaluate(AbstractPipeline.java:265) ~[na:na]
	at java.base/java.util.stream.ReferencePipeline.collect(ReferencePipeline.java:723) ~[na:na]
	at com.tngtech.archunit.core.importer.DomainBuilders$BuilderWithBuildParameter$BuildFinisher.build(DomainBuilders.java:892) ~[archunit-1.3.0.jar:1.3.0]
	at com.tngtech.archunit.core.importer.ClassGraphCreator.createMethods(ClassGraphCreator.java:322) ~[archunit-1.3.0.jar:1.3.0]
	at com.tngtech.archunit.core.domain.JavaClassMembers.create(JavaClassMembers.java:352) ~[archunit-1.3.0.jar:1.3.0]
	at com.tngtech.archunit.core.domain.JavaClass.completeMembers(JavaClass.java:1477) ~[archunit-1.3.0.jar:1.3.0]
	at com.tngtech.archunit.core.domain.DomainObjectCreationContext.completeMembers(DomainObjectCreationContext.java:96) ~[archunit-1.3.0.jar:1.3.0]
	at com.tngtech.archunit.core.importer.ClassGraphCreator.completeClasses(ClassGraphCreator.java:120) ~[archunit-1.3.0.jar:1.3.0]
	at com.tngtech.archunit.core.importer.ClassGraphCreator.complete(ClassGraphCreator.java:108) ~[archunit-1.3.0.jar:1.3.0]
	at com.tngtech.archunit.core.importer.ClassFileProcessor.process(ClassFileProcessor.java:75) ~[archunit-1.3.0.jar:1.3.0]
	at com.tngtech.archunit.core.importer.ClassFileImporter.importLocations(ClassFileImporter.java:325) ~[archunit-1.3.0.jar:1.3.0]
	at com.tngtech.archunit.junit.internal.ClassCache$CacheClassFileImporter.importClasses(ClassCache.java:126) ~[archunit-junit5-engine-1.3.0.jar:1.3.0]
	at com.tngtech.archunit.junit.internal.ClassCache$LazyJavaClasses.initialize(ClassCache.java:118) ~[archunit-junit5-engine-1.3.0.jar:1.3.0]
	at com.tngtech.archunit.junit.internal.ClassCache$LazyJavaClasses.get(ClassCache.java:107) ~[archunit-junit5-engine-1.3.0.jar:1.3.0]
	at com.tngtech.archunit.junit.internal.ClassCache.getClassesToAnalyzeFor(ClassCache.java:84) ~[archunit-junit5-engine-1.3.0.jar:1.3.0]
	at com.tngtech.archunit.junit.internal.ArchUnitTestDescriptor.lambda$createChildren$1(ArchUnitTestDescriptor.java:90) ~[archunit-junit5-engine-1.3.0.jar:1.3.0]
	at com.tngtech.archunit.junit.internal.ArchUnitTestDescriptor$ArchUnitRuleDescriptor.execute(ArchUnitTestDescriptor.java:167) ~[archunit-junit5-engine-1.3.0.jar:1.3.0]
	at com.tngtech.archunit.junit.internal.ArchUnitTestDescriptor$ArchUnitRuleDescriptor.execute(ArchUnitTestDescriptor.java:150) ~[archunit-junit5-engine-1.3.0.jar:1.3.0]
	at org.junit.platform.engine.support.hierarchical.NodeTestTask.lambda$executeRecursively$6(NodeTestTask.java:151) ~[junit-platform-engine-1.10.1.jar:1.10.1]
	at org.junit.platform.engine.support.hierarchical.ThrowableCollector.execute(ThrowableCollector.java:73) ~[junit-platform-engine-1.10.1.jar:1.10.1]
	at org.junit.platform.engine.support.hierarchical.NodeTestTask.lambda$executeRecursively$8(NodeTestTask.java:141) ~[junit-platform-engine-1.10.1.jar:1.10.1]
	at org.junit.platform.engine.support.hierarchical.Node.around(Node.java:137) ~[junit-platform-engine-1.10.1.jar:1.10.1]
	at org.junit.platform.engine.support.hierarchical.NodeTestTask.lambda$executeRecursively$9(NodeTestTask.java:139) ~[junit-platform-engine-1.10.1.jar:1.10.1]
	at org.junit.platform.engine.support.hierarchical.ThrowableCollector.execute(ThrowableCollector.java:73) ~[junit-platform-engine-1.10.1.jar:1.10.1]
	at org.junit.platform.engine.support.hierarchical.NodeTestTask.executeRecursively(NodeTestTask.java:138) ~[junit-platform-engine-1.10.1.jar:1.10.1]
	at org.junit.platform.engine.support.hierarchical.NodeTestTask.execute(NodeTestTask.java:95) ~[junit-platform-engine-1.10.1.jar:1.10.1]
	at java.base/java.util.ArrayList.forEach(ArrayList.java:1604) ~[na:na]
	at org.junit.platform.engine.support.hierarchical.SameThreadHierarchicalTestExecutorService.invokeAll(SameThreadHierarchicalTestExecutorService.java:41) ~[junit-platform-engine-1.10.1.jar:1.10.1]
	at org.junit.platform.engine.support.hierarchical.NodeTestTask.lambda$executeRecursively$6(NodeTestTask.java:155) ~[junit-platform-engine-1.10.1.jar:1.10.1]
	at org.junit.platform.engine.support.hierarchical.ThrowableCollector.execute(ThrowableCollector.java:73) ~[junit-platform-engine-1.10.1.jar:1.10.1]
	at org.junit.platform.engine.support.hierarchical.NodeTestTask.lambda$executeRecursively$8(NodeTestTask.java:141) ~[junit-platform-engine-1.10.1.jar:1.10.1]
	at org.junit.platform.engine.support.hierarchical.Node.around(Node.java:137) ~[junit-platform-engine-1.10.1.jar:1.10.1]
	at org.junit.platform.engine.support.hierarchical.NodeTestTask.lambda$executeRecursively$9(NodeTestTask.java:139) ~[junit-platform-engine-1.10.1.jar:1.10.1]
	at org.junit.platform.engine.support.hierarchical.ThrowableCollector.execute(ThrowableCollector.java:73) ~[junit-platform-engine-1.10.1.jar:1.10.1]
	at org.junit.platform.engine.support.hierarchical.NodeTestTask.executeRecursively(NodeTestTask.java:138) ~[junit-platform-engine-1.10.1.jar:1.10.1]
	at org.junit.platform.engine.support.hierarchical.NodeTestTask.execute(NodeTestTask.java:95) ~[junit-platform-engine-1.10.1.jar:1.10.1]
	at java.base/java.util.ArrayList.forEach(ArrayList.java:1604) ~[na:na]
	at org.junit.platform.engine.support.hierarchical.SameThreadHierarchicalTestExecutorService.invokeAll(SameThreadHierarchicalTestExecutorService.java:41) ~[junit-platform-engine-1.10.1.jar:1.10.1]
	at org.junit.platform.engine.support.hierarchical.NodeTestTask.lambda$executeRecursively$6(NodeTestTask.java:155) ~[junit-platform-engine-1.10.1.jar:1.10.1]
	at org.junit.platform.engine.support.hierarchical.ThrowableCollector.execute(ThrowableCollector.java:73) ~[junit-platform-engine-1.10.1.jar:1.10.1]
	at org.junit.platform.engine.support.hierarchical.NodeTestTask.lambda$executeRecursively$8(NodeTestTask.java:141) ~[junit-platform-engine-1.10.1.jar:1.10.1]
	at org.junit.platform.engine.support.hierarchical.Node.around(Node.java:137) ~[junit-platform-engine-1.10.1.jar:1.10.1]
	at org.junit.platform.engine.support.hierarchical.NodeTestTask.lambda$executeRecursively$9(NodeTestTask.java:139) ~[junit-platform-engine-1.10.1.jar:1.10.1]
	at org.junit.platform.engine.support.hierarchical.ThrowableCollector.execute(ThrowableCollector.java:73) ~[junit-platform-engine-1.10.1.jar:1.10.1]
	at org.junit.platform.engine.support.hierarchical.NodeTestTask.executeRecursively(NodeTestTask.java:138) ~[junit-platform-engine-1.10.1.jar:1.10.1]
	at org.junit.platform.engine.support.hierarchical.NodeTestTask.execute(NodeTestTask.java:95) ~[junit-platform-engine-1.10.1.jar:1.10.1]
	at org.junit.platform.engine.support.hierarchical.SameThreadHierarchicalTestExecutorService.submit(SameThreadHierarchicalTestExecutorService.java:35) ~[junit-platform-engine-1.10.1.jar:1.10.1]
	at org.junit.platform.engine.support.hierarchical.HierarchicalTestExecutor.execute(HierarchicalTestExecutor.java:57) ~[junit-platform-engine-1.10.1.jar:1.10.1]
	at org.junit.platform.engine.support.hierarchical.HierarchicalTestEngine.execute(HierarchicalTestEngine.java:54) ~[junit-platform-engine-1.10.1.jar:1.10.1]
	at org.junit.platform.launcher.core.EngineExecutionOrchestrator.execute(EngineExecutionOrchestrator.java:198) ~[junit-platform-launcher-1.10.1.jar:1.10.1]
	at org.junit.platform.launcher.core.EngineExecutionOrchestrator.execute(EngineExecutionOrchestrator.java:169) ~[junit-platform-launcher-1.10.1.jar:1.10.1]
	at org.junit.platform.launcher.core.EngineExecutionOrchestrator.execute(EngineExecutionOrchestrator.java:93) ~[junit-platform-launcher-1.10.1.jar:1.10.1]
	at org.junit.platform.launcher.core.EngineExecutionOrchestrator.lambda$execute$0(EngineExecutionOrchestrator.java:58) ~[junit-platform-launcher-1.10.1.jar:1.10.1]
	at org.junit.platform.launcher.core.EngineExecutionOrchestrator.withInterceptedStreams(EngineExecutionOrchestrator.java:141) ~[junit-platform-launcher-1.10.1.jar:1.10.1]
	at org.junit.platform.launcher.core.EngineExecutionOrchestrator.execute(EngineExecutionOrchestrator.java:57) ~[junit-platform-launcher-1.10.1.jar:1.10.1]
	at org.junit.platform.launcher.core.DefaultLauncher.execute(DefaultLauncher.java:103) ~[junit-platform-launcher-1.10.1.jar:1.10.1]
	at org.junit.platform.launcher.core.DefaultLauncher.execute(DefaultLauncher.java:85) ~[junit-platform-launcher-1.10.1.jar:1.10.1]
	at org.junit.platform.launcher.core.DelegatingLauncher.execute(DelegatingLauncher.java:47) ~[junit-platform-launcher-1.10.1.jar:1.10.1]
	at org.apache.maven.surefire.junitplatform.LazyLauncher.execute(LazyLauncher.java:56) ~[surefire-junit-platform-3.1.2.jar:3.1.2]
	at org.apache.maven.surefire.junitplatform.JUnitPlatformProvider.execute(JUnitPlatformProvider.java:184) ~[surefire-junit-platform-3.1.2.jar:3.1.2]
	at org.apache.maven.surefire.junitplatform.JUnitPlatformProvider.invokeAllTests(JUnitPlatformProvider.java:148) ~[surefire-junit-platform-3.1.2.jar:3.1.2]
	at org.apache.maven.surefire.junitplatform.JUnitPlatformProvider.invoke(JUnitPlatformProvider.java:122) ~[surefire-junit-platform-3.1.2.jar:3.1.2]
	at org.apache.maven.surefire.booter.ForkedBooter.runSuitesInProcess(ForkedBooter.java:385) ~[surefire-booter-3.1.2.jar:3.1.2]
	at org.apache.maven.surefire.booter.ForkedBooter.execute(ForkedBooter.java:162) ~[surefire-booter-3.1.2.jar:3.1.2]
	at org.apache.maven.surefire.booter.ForkedBooter.run(ForkedBooter.java:507) ~[surefire-booter-3.1.2.jar:3.1.2]
	at org.apache.maven.surefire.booter.ForkedBooter.main(ForkedBooter.java:495) ~[surefire-booter-3.1.2.jar:3.1.2]

2025-10-13T13:36:42.674+02:00  WARN 80616 --- [hexagonal-app] [           main] c.t.a.core.importer.ClassFileProcessor   : Error during import from jrt:/java.xml/javax/xml/xpath/XPathExpressionException.class, falling back to simple import

java.lang.IllegalArgumentException: Unsupported class file major version 69
	at com.tngtech.archunit.thirdparty.org.objectweb.asm.ClassReader.<init>(ClassReader.java:200) ~[archunit-1.3.0.jar:1.3.0]
	at com.tngtech.archunit.thirdparty.org.objectweb.asm.ClassReader.<init>(ClassReader.java:180) ~[archunit-1.3.0.jar:1.3.0]
	at com.tngtech.archunit.thirdparty.org.objectweb.asm.ClassReader.<init>(ClassReader.java:166) ~[archunit-1.3.0.jar:1.3.0]
	at com.tngtech.archunit.thirdparty.org.objectweb.asm.ClassReader.<init>(ClassReader.java:288) ~[archunit-1.3.0.jar:1.3.0]
	at com.tngtech.archunit.core.importer.ClassFileProcessor$UriImporterOfProcessor.tryImport(ClassFileProcessor.java:350) ~[archunit-1.3.0.jar:1.3.0]
	at com.tngtech.archunit.core.importer.resolvers.ClassResolverFromClasspath.tryResolve(ClassResolverFromClasspath.java:51) ~[archunit-1.3.0.jar:1.3.0]
	at com.tngtech.archunit.core.importer.ImportedClasses.resolve(ImportedClasses.java:80) ~[archunit-1.3.0.jar:1.3.0]
	at com.tngtech.archunit.core.importer.ImportedClasses.getOrResolve(ImportedClasses.java:67) ~[archunit-1.3.0.jar:1.3.0]
	at com.tngtech.archunit.core.importer.DomainBuilders$JavaMemberBuilder.get(DomainBuilders.java:179) ~[archunit-1.3.0.jar:1.3.0]
	at com.tngtech.archunit.core.importer.DomainBuilders$JavaCodeUnitBuilder.asJavaClasses(DomainBuilders.java:329) ~[archunit-1.3.0.jar:1.3.0]
	at com.tngtech.archunit.core.importer.DomainBuilders$JavaCodeUnitBuilder.getThrowsClause(DomainBuilders.java:323) ~[archunit-1.3.0.jar:1.3.0]
	at com.tngtech.archunit.core.domain.JavaMethod.<init>(JavaMethod.java:45) ~[archunit-1.3.0.jar:1.3.0]
	at com.tngtech.archunit.core.domain.DomainObjectCreationContext.createJavaMethod(DomainObjectCreationContext.java:144) ~[archunit-1.3.0.jar:1.3.0]
	at com.tngtech.archunit.core.importer.DomainBuilders$JavaMethodBuilder.construct(DomainBuilders.java:373) ~[archunit-1.3.0.jar:1.3.0]
	at com.tngtech.archunit.core.importer.DomainBuilders$JavaMethodBuilder.construct(DomainBuilders.java:358) ~[archunit-1.3.0.jar:1.3.0]
	at com.tngtech.archunit.core.importer.DomainBuilders$JavaMemberBuilder.build(DomainBuilders.java:206) ~[archunit-1.3.0.jar:1.3.0]
	at com.tngtech.archunit.core.importer.DomainBuilders$JavaMemberBuilder.build(DomainBuilders.java:138) ~[archunit-1.3.0.jar:1.3.0]
	at com.tngtech.archunit.core.importer.DomainBuilders$BuilderWithBuildParameter$BuildFinisher.lambda$build$0(DomainBuilders.java:892) ~[archunit-1.3.0.jar:1.3.0]
	at java.base/java.util.stream.ReferencePipeline$3$1.accept(ReferencePipeline.java:214) ~[na:na]
	at java.base/java.util.stream.ReferencePipeline$2$1.accept(ReferencePipeline.java:197) ~[na:na]
	at java.base/java.util.HashMap$KeySpliterator.forEachRemaining(HashMap.java:1716) ~[na:na]
	at java.base/java.util.stream.AbstractPipeline.copyInto(AbstractPipeline.java:570) ~[na:na]
	at java.base/java.util.stream.AbstractPipeline.wrapAndCopyInto(AbstractPipeline.java:560) ~[na:na]
	at java.base/java.util.stream.ReduceOps$ReduceOp.evaluateSequential(ReduceOps.java:921) ~[na:na]
	at java.base/java.util.stream.AbstractPipeline.evaluate(AbstractPipeline.java:265) ~[na:na]
	at java.base/java.util.stream.ReferencePipeline.collect(ReferencePipeline.java:723) ~[na:na]
	at com.tngtech.archunit.core.importer.DomainBuilders$BuilderWithBuildParameter$BuildFinisher.build(DomainBuilders.java:892) ~[archunit-1.3.0.jar:1.3.0]
	at com.tngtech.archunit.core.importer.ClassGraphCreator.createMethods(ClassGraphCreator.java:322) ~[archunit-1.3.0.jar:1.3.0]
	at com.tngtech.archunit.core.domain.JavaClassMembers.create(JavaClassMembers.java:352) ~[archunit-1.3.0.jar:1.3.0]
	at com.tngtech.archunit.core.domain.JavaClass.completeMembers(JavaClass.java:1477) ~[archunit-1.3.0.jar:1.3.0]
	at com.tngtech.archunit.core.domain.DomainObjectCreationContext.completeMembers(DomainObjectCreationContext.java:96) ~[archunit-1.3.0.jar:1.3.0]
	at com.tngtech.archunit.core.importer.ClassGraphCreator.completeClasses(ClassGraphCreator.java:120) ~[archunit-1.3.0.jar:1.3.0]
	at com.tngtech.archunit.core.importer.ClassGraphCreator.complete(ClassGraphCreator.java:108) ~[archunit-1.3.0.jar:1.3.0]
	at com.tngtech.archunit.core.importer.ClassFileProcessor.process(ClassFileProcessor.java:75) ~[archunit-1.3.0.jar:1.3.0]
	at com.tngtech.archunit.core.importer.ClassFileImporter.importLocations(ClassFileImporter.java:325) ~[archunit-1.3.0.jar:1.3.0]
	at com.tngtech.archunit.junit.internal.ClassCache$CacheClassFileImporter.importClasses(ClassCache.java:126) ~[archunit-junit5-engine-1.3.0.jar:1.3.0]
	at com.tngtech.archunit.junit.internal.ClassCache$LazyJavaClasses.initialize(ClassCache.java:118) ~[archunit-junit5-engine-1.3.0.jar:1.3.0]
	at com.tngtech.archunit.junit.internal.ClassCache$LazyJavaClasses.get(ClassCache.java:107) ~[archunit-junit5-engine-1.3.0.jar:1.3.0]
	at com.tngtech.archunit.junit.internal.ClassCache.getClassesToAnalyzeFor(ClassCache.java:84) ~[archunit-junit5-engine-1.3.0.jar:1.3.0]
	at com.tngtech.archunit.junit.internal.ArchUnitTestDescriptor.lambda$createChildren$1(ArchUnitTestDescriptor.java:90) ~[archunit-junit5-engine-1.3.0.jar:1.3.0]
	at com.tngtech.archunit.junit.internal.ArchUnitTestDescriptor$ArchUnitRuleDescriptor.execute(ArchUnitTestDescriptor.java:167) ~[archunit-junit5-engine-1.3.0.jar:1.3.0]
	at com.tngtech.archunit.junit.internal.ArchUnitTestDescriptor$ArchUnitRuleDescriptor.execute(ArchUnitTestDescriptor.java:150) ~[archunit-junit5-engine-1.3.0.jar:1.3.0]
	at org.junit.platform.engine.support.hierarchical.NodeTestTask.lambda$executeRecursively$6(NodeTestTask.java:151) ~[junit-platform-engine-1.10.1.jar:1.10.1]
	at org.junit.platform.engine.support.hierarchical.ThrowableCollector.execute(ThrowableCollector.java:73) ~[junit-platform-engine-1.10.1.jar:1.10.1]
	at org.junit.platform.engine.support.hierarchical.NodeTestTask.lambda$executeRecursively$8(NodeTestTask.java:141) ~[junit-platform-engine-1.10.1.jar:1.10.1]
	at org.junit.platform.engine.support.hierarchical.Node.around(Node.java:137) ~[junit-platform-engine-1.10.1.jar:1.10.1]
	at org.junit.platform.engine.support.hierarchical.NodeTestTask.lambda$executeRecursively$9(NodeTestTask.java:139) ~[junit-platform-engine-1.10.1.jar:1.10.1]
	at org.junit.platform.engine.support.hierarchical.ThrowableCollector.execute(ThrowableCollector.java:73) ~[junit-platform-engine-1.10.1.jar:1.10.1]
	at org.junit.platform.engine.support.hierarchical.NodeTestTask.executeRecursively(NodeTestTask.java:138) ~[junit-platform-engine-1.10.1.jar:1.10.1]
	at org.junit.platform.engine.support.hierarchical.NodeTestTask.execute(NodeTestTask.java:95) ~[junit-platform-engine-1.10.1.jar:1.10.1]
	at java.base/java.util.ArrayList.forEach(ArrayList.java:1604) ~[na:na]
	at org.junit.platform.engine.support.hierarchical.SameThreadHierarchicalTestExecutorService.invokeAll(SameThreadHierarchicalTestExecutorService.java:41) ~[junit-platform-engine-1.10.1.jar:1.10.1]
	at org.junit.platform.engine.support.hierarchical.NodeTestTask.lambda$executeRecursively$6(NodeTestTask.java:155) ~[junit-platform-engine-1.10.1.jar:1.10.1]
	at org.junit.platform.engine.support.hierarchical.ThrowableCollector.execute(ThrowableCollector.java:73) ~[junit-platform-engine-1.10.1.jar:1.10.1]
	at org.junit.platform.engine.support.hierarchical.NodeTestTask.lambda$executeRecursively$8(NodeTestTask.java:141) ~[junit-platform-engine-1.10.1.jar:1.10.1]
	at org.junit.platform.engine.support.hierarchical.Node.around(Node.java:137) ~[junit-platform-engine-1.10.1.jar:1.10.1]
	at org.junit.platform.engine.support.hierarchical.NodeTestTask.lambda$executeRecursively$9(NodeTestTask.java:139) ~[junit-platform-engine-1.10.1.jar:1.10.1]
	at org.junit.platform.engine.support.hierarchical.ThrowableCollector.execute(ThrowableCollector.java:73) ~[junit-platform-engine-1.10.1.jar:1.10.1]
	at org.junit.platform.engine.support.hierarchical.NodeTestTask.executeRecursively(NodeTestTask.java:138) ~[junit-platform-engine-1.10.1.jar:1.10.1]
	at org.junit.platform.engine.support.hierarchical.NodeTestTask.execute(NodeTestTask.java:95) ~[junit-platform-engine-1.10.1.jar:1.10.1]
	at java.base/java.util.ArrayList.forEach(ArrayList.java:1604) ~[na:na]
	at org.junit.platform.engine.support.hierarchical.SameThreadHierarchicalTestExecutorService.invokeAll(SameThreadHierarchicalTestExecutorService.java:41) ~[junit-platform-engine-1.10.1.jar:1.10.1]
	at org.junit.platform.engine.support.hierarchical.NodeTestTask.lambda$executeRecursively$6(NodeTestTask.java:155) ~[junit-platform-engine-1.10.1.jar:1.10.1]
	at org.junit.platform.engine.support.hierarchical.ThrowableCollector.execute(ThrowableCollector.java:73) ~[junit-platform-engine-1.10.1.jar:1.10.1]
	at org.junit.platform.engine.support.hierarchical.NodeTestTask.lambda$executeRecursively$8(NodeTestTask.java:141) ~[junit-platform-engine-1.10.1.jar:1.10.1]
	at org.junit.platform.engine.support.hierarchical.Node.around(Node.java:137) ~[junit-platform-engine-1.10.1.jar:1.10.1]
	at org.junit.platform.engine.support.hierarchical.NodeTestTask.lambda$executeRecursively$9(NodeTestTask.java:139) ~[junit-platform-engine-1.10.1.jar:1.10.1]
	at org.junit.platform.engine.support.hierarchical.ThrowableCollector.execute(ThrowableCollector.java:73) ~[junit-platform-engine-1.10.1.jar:1.10.1]
	at org.junit.platform.engine.support.hierarchical.NodeTestTask.executeRecursively(NodeTestTask.java:138) ~[junit-platform-engine-1.10.1.jar:1.10.1]
	at org.junit.platform.engine.support.hierarchical.NodeTestTask.execute(NodeTestTask.java:95) ~[junit-platform-engine-1.10.1.jar:1.10.1]
	at org.junit.platform.engine.support.hierarchical.SameThreadHierarchicalTestExecutorService.submit(SameThreadHierarchicalTestExecutorService.java:35) ~[junit-platform-engine-1.10.1.jar:1.10.1]
	at org.junit.platform.engine.support.hierarchical.HierarchicalTestExecutor.execute(HierarchicalTestExecutor.java:57) ~[junit-platform-engine-1.10.1.jar:1.10.1]
	at org.junit.platform.engine.support.hierarchical.HierarchicalTestEngine.execute(HierarchicalTestEngine.java:54) ~[junit-platform-engine-1.10.1.jar:1.10.1]
	at org.junit.platform.launcher.core.EngineExecutionOrchestrator.execute(EngineExecutionOrchestrator.java:198) ~[junit-platform-launcher-1.10.1.jar:1.10.1]
	at org.junit.platform.launcher.core.EngineExecutionOrchestrator.execute(EngineExecutionOrchestrator.java:169) ~[junit-platform-launcher-1.10.1.jar:1.10.1]
	at org.junit.platform.launcher.core.EngineExecutionOrchestrator.execute(EngineExecutionOrchestrator.java:93) ~[junit-platform-launcher-1.10.1.jar:1.10.1]
	at org.junit.platform.launcher.core.EngineExecutionOrchestrator.lambda$execute$0(EngineExecutionOrchestrator.java:58) ~[junit-platform-launcher-1.10.1.jar:1.10.1]
	at org.junit.platform.launcher.core.EngineExecutionOrchestrator.withInterceptedStreams(EngineExecutionOrchestrator.java:141) ~[junit-platform-launcher-1.10.1.jar:1.10.1]
	at org.junit.platform.launcher.core.EngineExecutionOrchestrator.execute(EngineExecutionOrchestrator.java:57) ~[junit-platform-launcher-1.10.1.jar:1.10.1]
	at org.junit.platform.launcher.core.DefaultLauncher.execute(DefaultLauncher.java:103) ~[junit-platform-launcher-1.10.1.jar:1.10.1]
	at org.junit.platform.launcher.core.DefaultLauncher.execute(DefaultLauncher.java:85) ~[junit-platform-launcher-1.10.1.jar:1.10.1]
	at org.junit.platform.launcher.core.DelegatingLauncher.execute(DelegatingLauncher.java:47) ~[junit-platform-launcher-1.10.1.jar:1.10.1]
	at org.apache.maven.surefire.junitplatform.LazyLauncher.execute(LazyLauncher.java:56) ~[surefire-junit-platform-3.1.2.jar:3.1.2]
	at org.apache.maven.surefire.junitplatform.JUnitPlatformProvider.execute(JUnitPlatformProvider.java:184) ~[surefire-junit-platform-3.1.2.jar:3.1.2]
	at org.apache.maven.surefire.junitplatform.JUnitPlatformProvider.invokeAllTests(JUnitPlatformProvider.java:148) ~[surefire-junit-platform-3.1.2.jar:3.1.2]
	at org.apache.maven.surefire.junitplatform.JUnitPlatformProvider.invoke(JUnitPlatformProvider.java:122) ~[surefire-junit-platform-3.1.2.jar:3.1.2]
	at org.apache.maven.surefire.booter.ForkedBooter.runSuitesInProcess(ForkedBooter.java:385) ~[surefire-booter-3.1.2.jar:3.1.2]
	at org.apache.maven.surefire.booter.ForkedBooter.execute(ForkedBooter.java:162) ~[surefire-booter-3.1.2.jar:3.1.2]
	at org.apache.maven.surefire.booter.ForkedBooter.run(ForkedBooter.java:507) ~[surefire-booter-3.1.2.jar:3.1.2]
	at org.apache.maven.surefire.booter.ForkedBooter.main(ForkedBooter.java:495) ~[surefire-booter-3.1.2.jar:3.1.2]

2025-10-13T13:36:42.676+02:00  WARN 80616 --- [hexagonal-app] [           main] c.t.a.core.importer.ClassFileProcessor   : Error during import from jrt:/java.base/java/util/BitSet.class, falling back to simple import

java.lang.IllegalArgumentException: Unsupported class file major version 69
	at com.tngtech.archunit.thirdparty.org.objectweb.asm.ClassReader.<init>(ClassReader.java:200) ~[archunit-1.3.0.jar:1.3.0]
	at com.tngtech.archunit.thirdparty.org.objectweb.asm.ClassReader.<init>(ClassReader.java:180) ~[archunit-1.3.0.jar:1.3.0]
	at com.tngtech.archunit.thirdparty.org.objectweb.asm.ClassReader.<init>(ClassReader.java:166) ~[archunit-1.3.0.jar:1.3.0]
	at com.tngtech.archunit.thirdparty.org.objectweb.asm.ClassReader.<init>(ClassReader.java:288) ~[archunit-1.3.0.jar:1.3.0]
	at com.tngtech.archunit.core.importer.ClassFileProcessor$UriImporterOfProcessor.tryImport(ClassFileProcessor.java:350) ~[archunit-1.3.0.jar:1.3.0]
	at com.tngtech.archunit.core.importer.resolvers.ClassResolverFromClasspath.tryResolve(ClassResolverFromClasspath.java:51) ~[archunit-1.3.0.jar:1.3.0]
	at com.tngtech.archunit.core.importer.ImportedClasses.resolve(ImportedClasses.java:80) ~[archunit-1.3.0.jar:1.3.0]
	at com.tngtech.archunit.core.importer.ImportedClasses.getOrResolve(ImportedClasses.java:67) ~[archunit-1.3.0.jar:1.3.0]
	at com.tngtech.archunit.core.importer.DomainBuilders$JavaFieldBuilder.getType(DomainBuilders.java:227) ~[archunit-1.3.0.jar:1.3.0]
	at com.tngtech.archunit.core.domain.JavaField.<init>(JavaField.java:40) ~[archunit-1.3.0.jar:1.3.0]
	at com.tngtech.archunit.core.domain.DomainObjectCreationContext.createJavaField(DomainObjectCreationContext.java:108) ~[archunit-1.3.0.jar:1.3.0]
	at com.tngtech.archunit.core.importer.DomainBuilders$JavaFieldBuilder.construct(DomainBuilders.java:236) ~[archunit-1.3.0.jar:1.3.0]
	at com.tngtech.archunit.core.importer.DomainBuilders$JavaFieldBuilder.construct(DomainBuilders.java:210) ~[archunit-1.3.0.jar:1.3.0]
	at com.tngtech.archunit.core.importer.DomainBuilders$JavaMemberBuilder.build(DomainBuilders.java:206) ~[archunit-1.3.0.jar:1.3.0]
	at com.tngtech.archunit.core.importer.DomainBuilders$JavaMemberBuilder.build(DomainBuilders.java:138) ~[archunit-1.3.0.jar:1.3.0]
	at com.tngtech.archunit.core.importer.DomainBuilders$BuilderWithBuildParameter$BuildFinisher.lambda$build$0(DomainBuilders.java:892) ~[archunit-1.3.0.jar:1.3.0]
	at java.base/java.util.stream.ReferencePipeline$3$1.accept(ReferencePipeline.java:214) ~[na:na]
	at java.base/java.util.HashMap$KeySpliterator.forEachRemaining(HashMap.java:1716) ~[na:na]
	at java.base/java.util.stream.AbstractPipeline.copyInto(AbstractPipeline.java:570) ~[na:na]
	at java.base/java.util.stream.AbstractPipeline.wrapAndCopyInto(AbstractPipeline.java:560) ~[na:na]
	at java.base/java.util.stream.ReduceOps$ReduceOp.evaluateSequential(ReduceOps.java:921) ~[na:na]
	at java.base/java.util.stream.AbstractPipeline.evaluate(AbstractPipeline.java:265) ~[na:na]
	at java.base/java.util.stream.ReferencePipeline.collect(ReferencePipeline.java:723) ~[na:na]
	at com.tngtech.archunit.core.importer.DomainBuilders$BuilderWithBuildParameter$BuildFinisher.build(DomainBuilders.java:892) ~[archunit-1.3.0.jar:1.3.0]
	at com.tngtech.archunit.core.importer.DomainBuilders$BuilderWithBuildParameter$BuildFinisher.build(DomainBuilders.java:882) ~[archunit-1.3.0.jar:1.3.0]
	at com.tngtech.archunit.core.importer.ClassGraphCreator.createFields(ClassGraphCreator.java:309) ~[archunit-1.3.0.jar:1.3.0]
	at com.tngtech.archunit.core.domain.JavaClassMembers.create(JavaClassMembers.java:351) ~[archunit-1.3.0.jar:1.3.0]
	at com.tngtech.archunit.core.domain.JavaClass.completeMembers(JavaClass.java:1477) ~[archunit-1.3.0.jar:1.3.0]
	at com.tngtech.archunit.core.domain.DomainObjectCreationContext.completeMembers(DomainObjectCreationContext.java:96) ~[archunit-1.3.0.jar:1.3.0]
	at com.tngtech.archunit.core.importer.ClassGraphCreator.completeClasses(ClassGraphCreator.java:120) ~[archunit-1.3.0.jar:1.3.0]
	at com.tngtech.archunit.core.importer.ClassGraphCreator.complete(ClassGraphCreator.java:108) ~[archunit-1.3.0.jar:1.3.0]
	at com.tngtech.archunit.core.importer.ClassFileProcessor.process(ClassFileProcessor.java:75) ~[archunit-1.3.0.jar:1.3.0]
	at com.tngtech.archunit.core.importer.ClassFileImporter.importLocations(ClassFileImporter.java:325) ~[archunit-1.3.0.jar:1.3.0]
	at com.tngtech.archunit.junit.internal.ClassCache$CacheClassFileImporter.importClasses(ClassCache.java:126) ~[archunit-junit5-engine-1.3.0.jar:1.3.0]
	at com.tngtech.archunit.junit.internal.ClassCache$LazyJavaClasses.initialize(ClassCache.java:118) ~[archunit-junit5-engine-1.3.0.jar:1.3.0]
	at com.tngtech.archunit.junit.internal.ClassCache$LazyJavaClasses.get(ClassCache.java:107) ~[archunit-junit5-engine-1.3.0.jar:1.3.0]
	at com.tngtech.archunit.junit.internal.ClassCache.getClassesToAnalyzeFor(ClassCache.java:84) ~[archunit-junit5-engine-1.3.0.jar:1.3.0]
	at com.tngtech.archunit.junit.internal.ArchUnitTestDescriptor.lambda$createChildren$1(ArchUnitTestDescriptor.java:90) ~[archunit-junit5-engine-1.3.0.jar:1.3.0]
	at com.tngtech.archunit.junit.internal.ArchUnitTestDescriptor$ArchUnitRuleDescriptor.execute(ArchUnitTestDescriptor.java:167) ~[archunit-junit5-engine-1.3.0.jar:1.3.0]
	at com.tngtech.archunit.junit.internal.ArchUnitTestDescriptor$ArchUnitRuleDescriptor.execute(ArchUnitTestDescriptor.java:150) ~[archunit-junit5-engine-1.3.0.jar:1.3.0]
	at org.junit.platform.engine.support.hierarchical.NodeTestTask.lambda$executeRecursively$6(NodeTestTask.java:151) ~[junit-platform-engine-1.10.1.jar:1.10.1]
	at org.junit.platform.engine.support.hierarchical.ThrowableCollector.execute(ThrowableCollector.java:73) ~[junit-platform-engine-1.10.1.jar:1.10.1]
	at org.junit.platform.engine.support.hierarchical.NodeTestTask.lambda$executeRecursively$8(NodeTestTask.java:141) ~[junit-platform-engine-1.10.1.jar:1.10.1]
	at org.junit.platform.engine.support.hierarchical.Node.around(Node.java:137) ~[junit-platform-engine-1.10.1.jar:1.10.1]
	at org.junit.platform.engine.support.hierarchical.NodeTestTask.lambda$executeRecursively$9(NodeTestTask.java:139) ~[junit-platform-engine-1.10.1.jar:1.10.1]
	at org.junit.platform.engine.support.hierarchical.ThrowableCollector.execute(ThrowableCollector.java:73) ~[junit-platform-engine-1.10.1.jar:1.10.1]
	at org.junit.platform.engine.support.hierarchical.NodeTestTask.executeRecursively(NodeTestTask.java:138) ~[junit-platform-engine-1.10.1.jar:1.10.1]
	at org.junit.platform.engine.support.hierarchical.NodeTestTask.execute(NodeTestTask.java:95) ~[junit-platform-engine-1.10.1.jar:1.10.1]
	at java.base/java.util.ArrayList.forEach(ArrayList.java:1604) ~[na:na]
	at org.junit.platform.engine.support.hierarchical.SameThreadHierarchicalTestExecutorService.invokeAll(SameThreadHierarchicalTestExecutorService.java:41) ~[junit-platform-engine-1.10.1.jar:1.10.1]
	at org.junit.platform.engine.support.hierarchical.NodeTestTask.lambda$executeRecursively$6(NodeTestTask.java:155) ~[junit-platform-engine-1.10.1.jar:1.10.1]
	at org.junit.platform.engine.support.hierarchical.ThrowableCollector.execute(ThrowableCollector.java:73) ~[junit-platform-engine-1.10.1.jar:1.10.1]
	at org.junit.platform.engine.support.hierarchical.NodeTestTask.lambda$executeRecursively$8(NodeTestTask.java:141) ~[junit-platform-engine-1.10.1.jar:1.10.1]
	at org.junit.platform.engine.support.hierarchical.Node.around(Node.java:137) ~[junit-platform-engine-1.10.1.jar:1.10.1]
	at org.junit.platform.engine.support.hierarchical.NodeTestTask.lambda$executeRecursively$9(NodeTestTask.java:139) ~[junit-platform-engine-1.10.1.jar:1.10.1]
	at org.junit.platform.engine.support.hierarchical.ThrowableCollector.execute(ThrowableCollector.java:73) ~[junit-platform-engine-1.10.1.jar:1.10.1]
	at org.junit.platform.engine.support.hierarchical.NodeTestTask.executeRecursively(NodeTestTask.java:138) ~[junit-platform-engine-1.10.1.jar:1.10.1]
	at org.junit.platform.engine.support.hierarchical.NodeTestTask.execute(NodeTestTask.java:95) ~[junit-platform-engine-1.10.1.jar:1.10.1]
	at java.base/java.util.ArrayList.forEach(ArrayList.java:1604) ~[na:na]
	at org.junit.platform.engine.support.hierarchical.SameThreadHierarchicalTestExecutorService.invokeAll(SameThreadHierarchicalTestExecutorService.java:41) ~[junit-platform-engine-1.10.1.jar:1.10.1]
	at org.junit.platform.engine.support.hierarchical.NodeTestTask.lambda$executeRecursively$6(NodeTestTask.java:155) ~[junit-platform-engine-1.10.1.jar:1.10.1]
	at org.junit.platform.engine.support.hierarchical.ThrowableCollector.execute(ThrowableCollector.java:73) ~[junit-platform-engine-1.10.1.jar:1.10.1]
	at org.junit.platform.engine.support.hierarchical.NodeTestTask.lambda$executeRecursively$8(NodeTestTask.java:141) ~[junit-platform-engine-1.10.1.jar:1.10.1]
	at org.junit.platform.engine.support.hierarchical.Node.around(Node.java:137) ~[junit-platform-engine-1.10.1.jar:1.10.1]
	at org.junit.platform.engine.support.hierarchical.NodeTestTask.lambda$executeRecursively$9(NodeTestTask.java:139) ~[junit-platform-engine-1.10.1.jar:1.10.1]
	at org.junit.platform.engine.support.hierarchical.ThrowableCollector.execute(ThrowableCollector.java:73) ~[junit-platform-engine-1.10.1.jar:1.10.1]
	at org.junit.platform.engine.support.hierarchical.NodeTestTask.executeRecursively(NodeTestTask.java:138) ~[junit-platform-engine-1.10.1.jar:1.10.1]
	at org.junit.platform.engine.support.hierarchical.NodeTestTask.execute(NodeTestTask.java:95) ~[junit-platform-engine-1.10.1.jar:1.10.1]
	at org.junit.platform.engine.support.hierarchical.SameThreadHierarchicalTestExecutorService.submit(SameThreadHierarchicalTestExecutorService.java:35) ~[junit-platform-engine-1.10.1.jar:1.10.1]
	at org.junit.platform.engine.support.hierarchical.HierarchicalTestExecutor.execute(HierarchicalTestExecutor.java:57) ~[junit-platform-engine-1.10.1.jar:1.10.1]
	at org.junit.platform.engine.support.hierarchical.HierarchicalTestEngine.execute(HierarchicalTestEngine.java:54) ~[junit-platform-engine-1.10.1.jar:1.10.1]
	at org.junit.platform.launcher.core.EngineExecutionOrchestrator.execute(EngineExecutionOrchestrator.java:198) ~[junit-platform-launcher-1.10.1.jar:1.10.1]
	at org.junit.platform.launcher.core.EngineExecutionOrchestrator.execute(EngineExecutionOrchestrator.java:169) ~[junit-platform-launcher-1.10.1.jar:1.10.1]
	at org.junit.platform.launcher.core.EngineExecutionOrchestrator.execute(EngineExecutionOrchestrator.java:93) ~[junit-platform-launcher-1.10.1.jar:1.10.1]
	at org.junit.platform.launcher.core.EngineExecutionOrchestrator.lambda$execute$0(EngineExecutionOrchestrator.java:58) ~[junit-platform-launcher-1.10.1.jar:1.10.1]
	at org.junit.platform.launcher.core.EngineExecutionOrchestrator.withInterceptedStreams(EngineExecutionOrchestrator.java:141) ~[junit-platform-launcher-1.10.1.jar:1.10.1]
	at org.junit.platform.launcher.core.EngineExecutionOrchestrator.execute(EngineExecutionOrchestrator.java:57) ~[junit-platform-launcher-1.10.1.jar:1.10.1]
	at org.junit.platform.launcher.core.DefaultLauncher.execute(DefaultLauncher.java:103) ~[junit-platform-launcher-1.10.1.jar:1.10.1]
	at org.junit.platform.launcher.core.DefaultLauncher.execute(DefaultLauncher.java:85) ~[junit-platform-launcher-1.10.1.jar:1.10.1]
	at org.junit.platform.launcher.core.DelegatingLauncher.execute(DelegatingLauncher.java:47) ~[junit-platform-launcher-1.10.1.jar:1.10.1]
	at org.apache.maven.surefire.junitplatform.LazyLauncher.execute(LazyLauncher.java:56) ~[surefire-junit-platform-3.1.2.jar:3.1.2]
	at org.apache.maven.surefire.junitplatform.JUnitPlatformProvider.execute(JUnitPlatformProvider.java:184) ~[surefire-junit-platform-3.1.2.jar:3.1.2]
	at org.apache.maven.surefire.junitplatform.JUnitPlatformProvider.invokeAllTests(JUnitPlatformProvider.java:148) ~[surefire-junit-platform-3.1.2.jar:3.1.2]
	at org.apache.maven.surefire.junitplatform.JUnitPlatformProvider.invoke(JUnitPlatformProvider.java:122) ~[surefire-junit-platform-3.1.2.jar:3.1.2]
	at org.apache.maven.surefire.booter.ForkedBooter.runSuitesInProcess(ForkedBooter.java:385) ~[surefire-booter-3.1.2.jar:3.1.2]
	at org.apache.maven.surefire.booter.ForkedBooter.execute(ForkedBooter.java:162) ~[surefire-booter-3.1.2.jar:3.1.2]
	at org.apache.maven.surefire.booter.ForkedBooter.run(ForkedBooter.java:507) ~[surefire-booter-3.1.2.jar:3.1.2]
	at org.apache.maven.surefire.booter.ForkedBooter.main(ForkedBooter.java:495) ~[surefire-booter-3.1.2.jar:3.1.2]

2025-10-13T13:36:42.676+02:00  WARN 80616 --- [hexagonal-app] [           main] c.t.a.core.importer.ClassFileProcessor   : Error during import from jrt:/java.base/java/io/ObjectInputStream.class, falling back to simple import

java.lang.IllegalArgumentException: Unsupported class file major version 69
	at com.tngtech.archunit.thirdparty.org.objectweb.asm.ClassReader.<init>(ClassReader.java:200) ~[archunit-1.3.0.jar:1.3.0]
	at com.tngtech.archunit.thirdparty.org.objectweb.asm.ClassReader.<init>(ClassReader.java:180) ~[archunit-1.3.0.jar:1.3.0]
	at com.tngtech.archunit.thirdparty.org.objectweb.asm.ClassReader.<init>(ClassReader.java:166) ~[archunit-1.3.0.jar:1.3.0]
	at com.tngtech.archunit.thirdparty.org.objectweb.asm.ClassReader.<init>(ClassReader.java:288) ~[archunit-1.3.0.jar:1.3.0]
	at com.tngtech.archunit.core.importer.ClassFileProcessor$UriImporterOfProcessor.tryImport(ClassFileProcessor.java:350) ~[archunit-1.3.0.jar:1.3.0]
	at com.tngtech.archunit.core.importer.resolvers.ClassResolverFromClasspath.tryResolve(ClassResolverFromClasspath.java:51) ~[archunit-1.3.0.jar:1.3.0]
	at com.tngtech.archunit.core.importer.ImportedClasses.resolve(ImportedClasses.java:80) ~[archunit-1.3.0.jar:1.3.0]
	at com.tngtech.archunit.core.importer.ImportedClasses.getOrResolve(ImportedClasses.java:67) ~[archunit-1.3.0.jar:1.3.0]
	at com.tngtech.archunit.core.importer.DomainBuilders$JavaMemberBuilder.get(DomainBuilders.java:179) ~[archunit-1.3.0.jar:1.3.0]
	at com.tngtech.archunit.core.importer.DomainBuilders$JavaCodeUnitBuilder.asJavaClasses(DomainBuilders.java:329) ~[archunit-1.3.0.jar:1.3.0]
	at com.tngtech.archunit.core.importer.DomainBuilders$JavaCodeUnitBuilder.getRawParameterTypes(DomainBuilders.java:303) ~[archunit-1.3.0.jar:1.3.0]
	at com.tngtech.archunit.core.domain.JavaCodeUnit$Parameters.<init>(JavaCodeUnit.java:317) ~[archunit-1.3.0.jar:1.3.0]
	at com.tngtech.archunit.core.domain.JavaCodeUnit.<init>(JavaCodeUnit.java:82) ~[archunit-1.3.0.jar:1.3.0]
	at com.tngtech.archunit.core.domain.JavaMethod.<init>(JavaMethod.java:44) ~[archunit-1.3.0.jar:1.3.0]
	at com.tngtech.archunit.core.domain.DomainObjectCreationContext.createJavaMethod(DomainObjectCreationContext.java:144) ~[archunit-1.3.0.jar:1.3.0]
	at com.tngtech.archunit.core.importer.DomainBuilders$JavaMethodBuilder.construct(DomainBuilders.java:373) ~[archunit-1.3.0.jar:1.3.0]
	at com.tngtech.archunit.core.importer.DomainBuilders$JavaMethodBuilder.construct(DomainBuilders.java:358) ~[archunit-1.3.0.jar:1.3.0]
	at com.tngtech.archunit.core.importer.DomainBuilders$JavaMemberBuilder.build(DomainBuilders.java:206) ~[archunit-1.3.0.jar:1.3.0]
	at com.tngtech.archunit.core.importer.DomainBuilders$JavaMemberBuilder.build(DomainBuilders.java:138) ~[archunit-1.3.0.jar:1.3.0]
	at com.tngtech.archunit.core.importer.DomainBuilders$BuilderWithBuildParameter$BuildFinisher.lambda$build$0(DomainBuilders.java:892) ~[archunit-1.3.0.jar:1.3.0]
	at java.base/java.util.stream.ReferencePipeline$3$1.accept(ReferencePipeline.java:214) ~[na:na]
	at java.base/java.util.stream.ReferencePipeline$2$1.accept(ReferencePipeline.java:197) ~[na:na]
	at java.base/java.util.HashMap$KeySpliterator.forEachRemaining(HashMap.java:1716) ~[na:na]
	at java.base/java.util.stream.AbstractPipeline.copyInto(AbstractPipeline.java:570) ~[na:na]
	at java.base/java.util.stream.AbstractPipeline.wrapAndCopyInto(AbstractPipeline.java:560) ~[na:na]
	at java.base/java.util.stream.ReduceOps$ReduceOp.evaluateSequential(ReduceOps.java:921) ~[na:na]
	at java.base/java.util.stream.AbstractPipeline.evaluate(AbstractPipeline.java:265) ~[na:na]
	at java.base/java.util.stream.ReferencePipeline.collect(ReferencePipeline.java:723) ~[na:na]
	at com.tngtech.archunit.core.importer.DomainBuilders$BuilderWithBuildParameter$BuildFinisher.build(DomainBuilders.java:892) ~[archunit-1.3.0.jar:1.3.0]
	at com.tngtech.archunit.core.importer.ClassGraphCreator.createMethods(ClassGraphCreator.java:322) ~[archunit-1.3.0.jar:1.3.0]
	at com.tngtech.archunit.core.domain.JavaClassMembers.create(JavaClassMembers.java:352) ~[archunit-1.3.0.jar:1.3.0]
	at com.tngtech.archunit.core.domain.JavaClass.completeMembers(JavaClass.java:1477) ~[archunit-1.3.0.jar:1.3.0]
	at com.tngtech.archunit.core.domain.DomainObjectCreationContext.completeMembers(DomainObjectCreationContext.java:96) ~[archunit-1.3.0.jar:1.3.0]
	at com.tngtech.archunit.core.importer.ClassGraphCreator.completeClasses(ClassGraphCreator.java:120) ~[archunit-1.3.0.jar:1.3.0]
	at com.tngtech.archunit.core.importer.ClassGraphCreator.complete(ClassGraphCreator.java:108) ~[archunit-1.3.0.jar:1.3.0]
	at com.tngtech.archunit.core.importer.ClassFileProcessor.process(ClassFileProcessor.java:75) ~[archunit-1.3.0.jar:1.3.0]
	at com.tngtech.archunit.core.importer.ClassFileImporter.importLocations(ClassFileImporter.java:325) ~[archunit-1.3.0.jar:1.3.0]
	at com.tngtech.archunit.junit.internal.ClassCache$CacheClassFileImporter.importClasses(ClassCache.java:126) ~[archunit-junit5-engine-1.3.0.jar:1.3.0]
	at com.tngtech.archunit.junit.internal.ClassCache$LazyJavaClasses.initialize(ClassCache.java:118) ~[archunit-junit5-engine-1.3.0.jar:1.3.0]
	at com.tngtech.archunit.junit.internal.ClassCache$LazyJavaClasses.get(ClassCache.java:107) ~[archunit-junit5-engine-1.3.0.jar:1.3.0]
	at com.tngtech.archunit.junit.internal.ClassCache.getClassesToAnalyzeFor(ClassCache.java:84) ~[archunit-junit5-engine-1.3.0.jar:1.3.0]
	at com.tngtech.archunit.junit.internal.ArchUnitTestDescriptor.lambda$createChildren$1(ArchUnitTestDescriptor.java:90) ~[archunit-junit5-engine-1.3.0.jar:1.3.0]
	at com.tngtech.archunit.junit.internal.ArchUnitTestDescriptor$ArchUnitRuleDescriptor.execute(ArchUnitTestDescriptor.java:167) ~[archunit-junit5-engine-1.3.0.jar:1.3.0]
	at com.tngtech.archunit.junit.internal.ArchUnitTestDescriptor$ArchUnitRuleDescriptor.execute(ArchUnitTestDescriptor.java:150) ~[archunit-junit5-engine-1.3.0.jar:1.3.0]
	at org.junit.platform.engine.support.hierarchical.NodeTestTask.lambda$executeRecursively$6(NodeTestTask.java:151) ~[junit-platform-engine-1.10.1.jar:1.10.1]
	at org.junit.platform.engine.support.hierarchical.ThrowableCollector.execute(ThrowableCollector.java:73) ~[junit-platform-engine-1.10.1.jar:1.10.1]
	at org.junit.platform.engine.support.hierarchical.NodeTestTask.lambda$executeRecursively$8(NodeTestTask.java:141) ~[junit-platform-engine-1.10.1.jar:1.10.1]
	at org.junit.platform.engine.support.hierarchical.Node.around(Node.java:137) ~[junit-platform-engine-1.10.1.jar:1.10.1]
	at org.junit.platform.engine.support.hierarchical.NodeTestTask.lambda$executeRecursively$9(NodeTestTask.java:139) ~[junit-platform-engine-1.10.1.jar:1.10.1]
	at org.junit.platform.engine.support.hierarchical.ThrowableCollector.execute(ThrowableCollector.java:73) ~[junit-platform-engine-1.10.1.jar:1.10.1]
	at org.junit.platform.engine.support.hierarchical.NodeTestTask.executeRecursively(NodeTestTask.java:138) ~[junit-platform-engine-1.10.1.jar:1.10.1]
	at org.junit.platform.engine.support.hierarchical.NodeTestTask.execute(NodeTestTask.java:95) ~[junit-platform-engine-1.10.1.jar:1.10.1]
	at java.base/java.util.ArrayList.forEach(ArrayList.java:1604) ~[na:na]
	at org.junit.platform.engine.support.hierarchical.SameThreadHierarchicalTestExecutorService.invokeAll(SameThreadHierarchicalTestExecutorService.java:41) ~[junit-platform-engine-1.10.1.jar:1.10.1]
	at org.junit.platform.engine.support.hierarchical.NodeTestTask.lambda$executeRecursively$6(NodeTestTask.java:155) ~[junit-platform-engine-1.10.1.jar:1.10.1]
	at org.junit.platform.engine.support.hierarchical.ThrowableCollector.execute(ThrowableCollector.java:73) ~[junit-platform-engine-1.10.1.jar:1.10.1]
	at org.junit.platform.engine.support.hierarchical.NodeTestTask.lambda$executeRecursively$8(NodeTestTask.java:141) ~[junit-platform-engine-1.10.1.jar:1.10.1]
	at org.junit.platform.engine.support.hierarchical.Node.around(Node.java:137) ~[junit-platform-engine-1.10.1.jar:1.10.1]
	at org.junit.platform.engine.support.hierarchical.NodeTestTask.lambda$executeRecursively$9(NodeTestTask.java:139) ~[junit-platform-engine-1.10.1.jar:1.10.1]
	at org.junit.platform.engine.support.hierarchical.ThrowableCollector.execute(ThrowableCollector.java:73) ~[junit-platform-engine-1.10.1.jar:1.10.1]
	at org.junit.platform.engine.support.hierarchical.NodeTestTask.executeRecursively(NodeTestTask.java:138) ~[junit-platform-engine-1.10.1.jar:1.10.1]
	at org.junit.platform.engine.support.hierarchical.NodeTestTask.execute(NodeTestTask.java:95) ~[junit-platform-engine-1.10.1.jar:1.10.1]
	at java.base/java.util.ArrayList.forEach(ArrayList.java:1604) ~[na:na]
	at org.junit.platform.engine.support.hierarchical.SameThreadHierarchicalTestExecutorService.invokeAll(SameThreadHierarchicalTestExecutorService.java:41) ~[junit-platform-engine-1.10.1.jar:1.10.1]
	at org.junit.platform.engine.support.hierarchical.NodeTestTask.lambda$executeRecursively$6(NodeTestTask.java:155) ~[junit-platform-engine-1.10.1.jar:1.10.1]
	at org.junit.platform.engine.support.hierarchical.ThrowableCollector.execute(ThrowableCollector.java:73) ~[junit-platform-engine-1.10.1.jar:1.10.1]
	at org.junit.platform.engine.support.hierarchical.NodeTestTask.lambda$executeRecursively$8(NodeTestTask.java:141) ~[junit-platform-engine-1.10.1.jar:1.10.1]
	at org.junit.platform.engine.support.hierarchical.Node.around(Node.java:137) ~[junit-platform-engine-1.10.1.jar:1.10.1]
	at org.junit.platform.engine.support.hierarchical.NodeTestTask.lambda$executeRecursively$9(NodeTestTask.java:139) ~[junit-platform-engine-1.10.1.jar:1.10.1]
	at org.junit.platform.engine.support.hierarchical.ThrowableCollector.execute(ThrowableCollector.java:73) ~[junit-platform-engine-1.10.1.jar:1.10.1]
	at org.junit.platform.engine.support.hierarchical.NodeTestTask.executeRecursively(NodeTestTask.java:138) ~[junit-platform-engine-1.10.1.jar:1.10.1]
	at org.junit.platform.engine.support.hierarchical.NodeTestTask.execute(NodeTestTask.java:95) ~[junit-platform-engine-1.10.1.jar:1.10.1]
	at org.junit.platform.engine.support.hierarchical.SameThreadHierarchicalTestExecutorService.submit(SameThreadHierarchicalTestExecutorService.java:35) ~[junit-platform-engine-1.10.1.jar:1.10.1]
	at org.junit.platform.engine.support.hierarchical.HierarchicalTestExecutor.execute(HierarchicalTestExecutor.java:57) ~[junit-platform-engine-1.10.1.jar:1.10.1]
	at org.junit.platform.engine.support.hierarchical.HierarchicalTestEngine.execute(HierarchicalTestEngine.java:54) ~[junit-platform-engine-1.10.1.jar:1.10.1]
	at org.junit.platform.launcher.core.EngineExecutionOrchestrator.execute(EngineExecutionOrchestrator.java:198) ~[junit-platform-launcher-1.10.1.jar:1.10.1]
	at org.junit.platform.launcher.core.EngineExecutionOrchestrator.execute(EngineExecutionOrchestrator.java:169) ~[junit-platform-launcher-1.10.1.jar:1.10.1]
	at org.junit.platform.launcher.core.EngineExecutionOrchestrator.execute(EngineExecutionOrchestrator.java:93) ~[junit-platform-launcher-1.10.1.jar:1.10.1]
	at org.junit.platform.launcher.core.EngineExecutionOrchestrator.lambda$execute$0(EngineExecutionOrchestrator.java:58) ~[junit-platform-launcher-1.10.1.jar:1.10.1]
	at org.junit.platform.launcher.core.EngineExecutionOrchestrator.withInterceptedStreams(EngineExecutionOrchestrator.java:141) ~[junit-platform-launcher-1.10.1.jar:1.10.1]
	at org.junit.platform.launcher.core.EngineExecutionOrchestrator.execute(EngineExecutionOrchestrator.java:57) ~[junit-platform-launcher-1.10.1.jar:1.10.1]
	at org.junit.platform.launcher.core.DefaultLauncher.execute(DefaultLauncher.java:103) ~[junit-platform-launcher-1.10.1.jar:1.10.1]
	at org.junit.platform.launcher.core.DefaultLauncher.execute(DefaultLauncher.java:85) ~[junit-platform-launcher-1.10.1.jar:1.10.1]
	at org.junit.platform.launcher.core.DelegatingLauncher.execute(DelegatingLauncher.java:47) ~[junit-platform-launcher-1.10.1.jar:1.10.1]
	at org.apache.maven.surefire.junitplatform.LazyLauncher.execute(LazyLauncher.java:56) ~[surefire-junit-platform-3.1.2.jar:3.1.2]
	at org.apache.maven.surefire.junitplatform.JUnitPlatformProvider.execute(JUnitPlatformProvider.java:184) ~[surefire-junit-platform-3.1.2.jar:3.1.2]
	at org.apache.maven.surefire.junitplatform.JUnitPlatformProvider.invokeAllTests(JUnitPlatformProvider.java:148) ~[surefire-junit-platform-3.1.2.jar:3.1.2]
	at org.apache.maven.surefire.junitplatform.JUnitPlatformProvider.invoke(JUnitPlatformProvider.java:122) ~[surefire-junit-platform-3.1.2.jar:3.1.2]
	at org.apache.maven.surefire.booter.ForkedBooter.runSuitesInProcess(ForkedBooter.java:385) ~[surefire-booter-3.1.2.jar:3.1.2]
	at org.apache.maven.surefire.booter.ForkedBooter.execute(ForkedBooter.java:162) ~[surefire-booter-3.1.2.jar:3.1.2]
	at org.apache.maven.surefire.booter.ForkedBooter.run(ForkedBooter.java:507) ~[surefire-booter-3.1.2.jar:3.1.2]
	at org.apache.maven.surefire.booter.ForkedBooter.main(ForkedBooter.java:495) ~[surefire-booter-3.1.2.jar:3.1.2]

2025-10-13T13:36:42.677+02:00  WARN 80616 --- [hexagonal-app] [           main] c.t.a.core.importer.ClassFileProcessor   : Error during import from jrt:/java.base/java/lang/ClassNotFoundException.class, falling back to simple import

java.lang.IllegalArgumentException: Unsupported class file major version 69
	at com.tngtech.archunit.thirdparty.org.objectweb.asm.ClassReader.<init>(ClassReader.java:200) ~[archunit-1.3.0.jar:1.3.0]
	at com.tngtech.archunit.thirdparty.org.objectweb.asm.ClassReader.<init>(ClassReader.java:180) ~[archunit-1.3.0.jar:1.3.0]
	at com.tngtech.archunit.thirdparty.org.objectweb.asm.ClassReader.<init>(ClassReader.java:166) ~[archunit-1.3.0.jar:1.3.0]
	at com.tngtech.archunit.thirdparty.org.objectweb.asm.ClassReader.<init>(ClassReader.java:288) ~[archunit-1.3.0.jar:1.3.0]
	at com.tngtech.archunit.core.importer.ClassFileProcessor$UriImporterOfProcessor.tryImport(ClassFileProcessor.java:350) ~[archunit-1.3.0.jar:1.3.0]
	at com.tngtech.archunit.core.importer.resolvers.ClassResolverFromClasspath.tryResolve(ClassResolverFromClasspath.java:51) ~[archunit-1.3.0.jar:1.3.0]
	at com.tngtech.archunit.core.importer.ImportedClasses.resolve(ImportedClasses.java:80) ~[archunit-1.3.0.jar:1.3.0]
	at com.tngtech.archunit.core.importer.ImportedClasses.getOrResolve(ImportedClasses.java:67) ~[archunit-1.3.0.jar:1.3.0]
	at com.tngtech.archunit.core.importer.DomainBuilders$JavaMemberBuilder.get(DomainBuilders.java:179) ~[archunit-1.3.0.jar:1.3.0]
	at com.tngtech.archunit.core.importer.DomainBuilders$JavaCodeUnitBuilder.asJavaClasses(DomainBuilders.java:329) ~[archunit-1.3.0.jar:1.3.0]
	at com.tngtech.archunit.core.importer.DomainBuilders$JavaCodeUnitBuilder.getThrowsClause(DomainBuilders.java:323) ~[archunit-1.3.0.jar:1.3.0]
	at com.tngtech.archunit.core.domain.JavaMethod.<init>(JavaMethod.java:45) ~[archunit-1.3.0.jar:1.3.0]
	at com.tngtech.archunit.core.domain.DomainObjectCreationContext.createJavaMethod(DomainObjectCreationContext.java:144) ~[archunit-1.3.0.jar:1.3.0]
	at com.tngtech.archunit.core.importer.DomainBuilders$JavaMethodBuilder.construct(DomainBuilders.java:373) ~[archunit-1.3.0.jar:1.3.0]
	at com.tngtech.archunit.core.importer.DomainBuilders$JavaMethodBuilder.construct(DomainBuilders.java:358) ~[archunit-1.3.0.jar:1.3.0]
	at com.tngtech.archunit.core.importer.DomainBuilders$JavaMemberBuilder.build(DomainBuilders.java:206) ~[archunit-1.3.0.jar:1.3.0]
	at com.tngtech.archunit.core.importer.DomainBuilders$JavaMemberBuilder.build(DomainBuilders.java:138) ~[archunit-1.3.0.jar:1.3.0]
	at com.tngtech.archunit.core.importer.DomainBuilders$BuilderWithBuildParameter$BuildFinisher.lambda$build$0(DomainBuilders.java:892) ~[archunit-1.3.0.jar:1.3.0]
	at java.base/java.util.stream.ReferencePipeline$3$1.accept(ReferencePipeline.java:214) ~[na:na]
	at java.base/java.util.stream.ReferencePipeline$2$1.accept(ReferencePipeline.java:197) ~[na:na]
	at java.base/java.util.HashMap$KeySpliterator.forEachRemaining(HashMap.java:1716) ~[na:na]
	at java.base/java.util.stream.AbstractPipeline.copyInto(AbstractPipeline.java:570) ~[na:na]
	at java.base/java.util.stream.AbstractPipeline.wrapAndCopyInto(AbstractPipeline.java:560) ~[na:na]
	at java.base/java.util.stream.ReduceOps$ReduceOp.evaluateSequential(ReduceOps.java:921) ~[na:na]
	at java.base/java.util.stream.AbstractPipeline.evaluate(AbstractPipeline.java:265) ~[na:na]
	at java.base/java.util.stream.ReferencePipeline.collect(ReferencePipeline.java:723) ~[na:na]
	at com.tngtech.archunit.core.importer.DomainBuilders$BuilderWithBuildParameter$BuildFinisher.build(DomainBuilders.java:892) ~[archunit-1.3.0.jar:1.3.0]
	at com.tngtech.archunit.core.importer.ClassGraphCreator.createMethods(ClassGraphCreator.java:322) ~[archunit-1.3.0.jar:1.3.0]
	at com.tngtech.archunit.core.domain.JavaClassMembers.create(JavaClassMembers.java:352) ~[archunit-1.3.0.jar:1.3.0]
	at com.tngtech.archunit.core.domain.JavaClass.completeMembers(JavaClass.java:1477) ~[archunit-1.3.0.jar:1.3.0]
	at com.tngtech.archunit.core.domain.DomainObjectCreationContext.completeMembers(DomainObjectCreationContext.java:96) ~[archunit-1.3.0.jar:1.3.0]
	at com.tngtech.archunit.core.importer.ClassGraphCreator.completeClasses(ClassGraphCreator.java:120) ~[archunit-1.3.0.jar:1.3.0]
	at com.tngtech.archunit.core.importer.ClassGraphCreator.complete(ClassGraphCreator.java:108) ~[archunit-1.3.0.jar:1.3.0]
	at com.tngtech.archunit.core.importer.ClassFileProcessor.process(ClassFileProcessor.java:75) ~[archunit-1.3.0.jar:1.3.0]
	at com.tngtech.archunit.core.importer.ClassFileImporter.importLocations(ClassFileImporter.java:325) ~[archunit-1.3.0.jar:1.3.0]
	at com.tngtech.archunit.junit.internal.ClassCache$CacheClassFileImporter.importClasses(ClassCache.java:126) ~[archunit-junit5-engine-1.3.0.jar:1.3.0]
	at com.tngtech.archunit.junit.internal.ClassCache$LazyJavaClasses.initialize(ClassCache.java:118) ~[archunit-junit5-engine-1.3.0.jar:1.3.0]
	at com.tngtech.archunit.junit.internal.ClassCache$LazyJavaClasses.get(ClassCache.java:107) ~[archunit-junit5-engine-1.3.0.jar:1.3.0]
	at com.tngtech.archunit.junit.internal.ClassCache.getClassesToAnalyzeFor(ClassCache.java:84) ~[archunit-junit5-engine-1.3.0.jar:1.3.0]
	at com.tngtech.archunit.junit.internal.ArchUnitTestDescriptor.lambda$createChildren$1(ArchUnitTestDescriptor.java:90) ~[archunit-junit5-engine-1.3.0.jar:1.3.0]
	at com.tngtech.archunit.junit.internal.ArchUnitTestDescriptor$ArchUnitRuleDescriptor.execute(ArchUnitTestDescriptor.java:167) ~[archunit-junit5-engine-1.3.0.jar:1.3.0]
	at com.tngtech.archunit.junit.internal.ArchUnitTestDescriptor$ArchUnitRuleDescriptor.execute(ArchUnitTestDescriptor.java:150) ~[archunit-junit5-engine-1.3.0.jar:1.3.0]
	at org.junit.platform.engine.support.hierarchical.NodeTestTask.lambda$executeRecursively$6(NodeTestTask.java:151) ~[junit-platform-engine-1.10.1.jar:1.10.1]
	at org.junit.platform.engine.support.hierarchical.ThrowableCollector.execute(ThrowableCollector.java:73) ~[junit-platform-engine-1.10.1.jar:1.10.1]
	at org.junit.platform.engine.support.hierarchical.NodeTestTask.lambda$executeRecursively$8(NodeTestTask.java:141) ~[junit-platform-engine-1.10.1.jar:1.10.1]
	at org.junit.platform.engine.support.hierarchical.Node.around(Node.java:137) ~[junit-platform-engine-1.10.1.jar:1.10.1]
	at org.junit.platform.engine.support.hierarchical.NodeTestTask.lambda$executeRecursively$9(NodeTestTask.java:139) ~[junit-platform-engine-1.10.1.jar:1.10.1]
	at org.junit.platform.engine.support.hierarchical.ThrowableCollector.execute(ThrowableCollector.java:73) ~[junit-platform-engine-1.10.1.jar:1.10.1]
	at org.junit.platform.engine.support.hierarchical.NodeTestTask.executeRecursively(NodeTestTask.java:138) ~[junit-platform-engine-1.10.1.jar:1.10.1]
	at org.junit.platform.engine.support.hierarchical.NodeTestTask.execute(NodeTestTask.java:95) ~[junit-platform-engine-1.10.1.jar:1.10.1]
	at java.base/java.util.ArrayList.forEach(ArrayList.java:1604) ~[na:na]
	at org.junit.platform.engine.support.hierarchical.SameThreadHierarchicalTestExecutorService.invokeAll(SameThreadHierarchicalTestExecutorService.java:41) ~[junit-platform-engine-1.10.1.jar:1.10.1]
	at org.junit.platform.engine.support.hierarchical.NodeTestTask.lambda$executeRecursively$6(NodeTestTask.java:155) ~[junit-platform-engine-1.10.1.jar:1.10.1]
	at org.junit.platform.engine.support.hierarchical.ThrowableCollector.execute(ThrowableCollector.java:73) ~[junit-platform-engine-1.10.1.jar:1.10.1]
	at org.junit.platform.engine.support.hierarchical.NodeTestTask.lambda$executeRecursively$8(NodeTestTask.java:141) ~[junit-platform-engine-1.10.1.jar:1.10.1]
	at org.junit.platform.engine.support.hierarchical.Node.around(Node.java:137) ~[junit-platform-engine-1.10.1.jar:1.10.1]
	at org.junit.platform.engine.support.hierarchical.NodeTestTask.lambda$executeRecursively$9(NodeTestTask.java:139) ~[junit-platform-engine-1.10.1.jar:1.10.1]
	at org.junit.platform.engine.support.hierarchical.ThrowableCollector.execute(ThrowableCollector.java:73) ~[junit-platform-engine-1.10.1.jar:1.10.1]
	at org.junit.platform.engine.support.hierarchical.NodeTestTask.executeRecursively(NodeTestTask.java:138) ~[junit-platform-engine-1.10.1.jar:1.10.1]
	at org.junit.platform.engine.support.hierarchical.NodeTestTask.execute(NodeTestTask.java:95) ~[junit-platform-engine-1.10.1.jar:1.10.1]
	at java.base/java.util.ArrayList.forEach(ArrayList.java:1604) ~[na:na]
	at org.junit.platform.engine.support.hierarchical.SameThreadHierarchicalTestExecutorService.invokeAll(SameThreadHierarchicalTestExecutorService.java:41) ~[junit-platform-engine-1.10.1.jar:1.10.1]
	at org.junit.platform.engine.support.hierarchical.NodeTestTask.lambda$executeRecursively$6(NodeTestTask.java:155) ~[junit-platform-engine-1.10.1.jar:1.10.1]
	at org.junit.platform.engine.support.hierarchical.ThrowableCollector.execute(ThrowableCollector.java:73) ~[junit-platform-engine-1.10.1.jar:1.10.1]
	at org.junit.platform.engine.support.hierarchical.NodeTestTask.lambda$executeRecursively$8(NodeTestTask.java:141) ~[junit-platform-engine-1.10.1.jar:1.10.1]
	at org.junit.platform.engine.support.hierarchical.Node.around(Node.java:137) ~[junit-platform-engine-1.10.1.jar:1.10.1]
	at org.junit.platform.engine.support.hierarchical.NodeTestTask.lambda$executeRecursively$9(NodeTestTask.java:139) ~[junit-platform-engine-1.10.1.jar:1.10.1]
	at org.junit.platform.engine.support.hierarchical.ThrowableCollector.execute(ThrowableCollector.java:73) ~[junit-platform-engine-1.10.1.jar:1.10.1]
	at org.junit.platform.engine.support.hierarchical.NodeTestTask.executeRecursively(NodeTestTask.java:138) ~[junit-platform-engine-1.10.1.jar:1.10.1]
	at org.junit.platform.engine.support.hierarchical.NodeTestTask.execute(NodeTestTask.java:95) ~[junit-platform-engine-1.10.1.jar:1.10.1]
	at org.junit.platform.engine.support.hierarchical.SameThreadHierarchicalTestExecutorService.submit(SameThreadHierarchicalTestExecutorService.java:35) ~[junit-platform-engine-1.10.1.jar:1.10.1]
	at org.junit.platform.engine.support.hierarchical.HierarchicalTestExecutor.execute(HierarchicalTestExecutor.java:57) ~[junit-platform-engine-1.10.1.jar:1.10.1]
	at org.junit.platform.engine.support.hierarchical.HierarchicalTestEngine.execute(HierarchicalTestEngine.java:54) ~[junit-platform-engine-1.10.1.jar:1.10.1]
	at org.junit.platform.launcher.core.EngineExecutionOrchestrator.execute(EngineExecutionOrchestrator.java:198) ~[junit-platform-launcher-1.10.1.jar:1.10.1]
	at org.junit.platform.launcher.core.EngineExecutionOrchestrator.execute(EngineExecutionOrchestrator.java:169) ~[junit-platform-launcher-1.10.1.jar:1.10.1]
	at org.junit.platform.launcher.core.EngineExecutionOrchestrator.execute(EngineExecutionOrchestrator.java:93) ~[junit-platform-launcher-1.10.1.jar:1.10.1]
	at org.junit.platform.launcher.core.EngineExecutionOrchestrator.lambda$execute$0(EngineExecutionOrchestrator.java:58) ~[junit-platform-launcher-1.10.1.jar:1.10.1]
	at org.junit.platform.launcher.core.EngineExecutionOrchestrator.withInterceptedStreams(EngineExecutionOrchestrator.java:141) ~[junit-platform-launcher-1.10.1.jar:1.10.1]
	at org.junit.platform.launcher.core.EngineExecutionOrchestrator.execute(EngineExecutionOrchestrator.java:57) ~[junit-platform-launcher-1.10.1.jar:1.10.1]
	at org.junit.platform.launcher.core.DefaultLauncher.execute(DefaultLauncher.java:103) ~[junit-platform-launcher-1.10.1.jar:1.10.1]
	at org.junit.platform.launcher.core.DefaultLauncher.execute(DefaultLauncher.java:85) ~[junit-platform-launcher-1.10.1.jar:1.10.1]
	at org.junit.platform.launcher.core.DelegatingLauncher.execute(DelegatingLauncher.java:47) ~[junit-platform-launcher-1.10.1.jar:1.10.1]
	at org.apache.maven.surefire.junitplatform.LazyLauncher.execute(LazyLauncher.java:56) ~[surefire-junit-platform-3.1.2.jar:3.1.2]
	at org.apache.maven.surefire.junitplatform.JUnitPlatformProvider.execute(JUnitPlatformProvider.java:184) ~[surefire-junit-platform-3.1.2.jar:3.1.2]
	at org.apache.maven.surefire.junitplatform.JUnitPlatformProvider.invokeAllTests(JUnitPlatformProvider.java:148) ~[surefire-junit-platform-3.1.2.jar:3.1.2]
	at org.apache.maven.surefire.junitplatform.JUnitPlatformProvider.invoke(JUnitPlatformProvider.java:122) ~[surefire-junit-platform-3.1.2.jar:3.1.2]
	at org.apache.maven.surefire.booter.ForkedBooter.runSuitesInProcess(ForkedBooter.java:385) ~[surefire-booter-3.1.2.jar:3.1.2]
	at org.apache.maven.surefire.booter.ForkedBooter.execute(ForkedBooter.java:162) ~[surefire-booter-3.1.2.jar:3.1.2]
	at org.apache.maven.surefire.booter.ForkedBooter.run(ForkedBooter.java:507) ~[surefire-booter-3.1.2.jar:3.1.2]
	at org.apache.maven.surefire.booter.ForkedBooter.main(ForkedBooter.java:495) ~[surefire-booter-3.1.2.jar:3.1.2]

2025-10-13T13:36:42.690+02:00  WARN 80616 --- [hexagonal-app] [           main] c.t.a.core.importer.ClassFileProcessor   : Error during import from jrt:/java.base/java/lang/CharSequence.class, falling back to simple import

java.lang.IllegalArgumentException: Unsupported class file major version 69
	at com.tngtech.archunit.thirdparty.org.objectweb.asm.ClassReader.<init>(ClassReader.java:200) ~[archunit-1.3.0.jar:1.3.0]
	at com.tngtech.archunit.thirdparty.org.objectweb.asm.ClassReader.<init>(ClassReader.java:180) ~[archunit-1.3.0.jar:1.3.0]
	at com.tngtech.archunit.thirdparty.org.objectweb.asm.ClassReader.<init>(ClassReader.java:166) ~[archunit-1.3.0.jar:1.3.0]
	at com.tngtech.archunit.thirdparty.org.objectweb.asm.ClassReader.<init>(ClassReader.java:288) ~[archunit-1.3.0.jar:1.3.0]
	at com.tngtech.archunit.core.importer.ClassFileProcessor$UriImporterOfProcessor.tryImport(ClassFileProcessor.java:350) ~[archunit-1.3.0.jar:1.3.0]
	at com.tngtech.archunit.core.importer.resolvers.ClassResolverFromClasspath.tryResolve(ClassResolverFromClasspath.java:51) ~[archunit-1.3.0.jar:1.3.0]
	at com.tngtech.archunit.core.importer.ImportedClasses.resolve(ImportedClasses.java:80) ~[archunit-1.3.0.jar:1.3.0]
	at com.tngtech.archunit.core.importer.ImportedClasses.getOrResolve(ImportedClasses.java:67) ~[archunit-1.3.0.jar:1.3.0]
	at com.tngtech.archunit.core.importer.AccessRecord$Factory.getArgumentTypesFrom(AccessRecord.java:300) ~[archunit-1.3.0.jar:1.3.0]
	at com.tngtech.archunit.core.importer.AccessRecord$Factory.access$700(AccessRecord.java:67) ~[archunit-1.3.0.jar:1.3.0]
	at com.tngtech.archunit.core.importer.AccessRecord$Factory$MethodAccessTargetFactory.create(AccessRecord.java:182) ~[archunit-1.3.0.jar:1.3.0]
	at com.tngtech.archunit.core.importer.AccessRecord$Factory$MethodAccessTargetFactory.create(AccessRecord.java:172) ~[archunit-1.3.0.jar:1.3.0]
	at com.tngtech.archunit.core.importer.AccessRecord$Factory$RawAccessRecordProcessed.getTarget(AccessRecord.java:260) ~[archunit-1.3.0.jar:1.3.0]
	at com.tngtech.archunit.core.importer.ClassGraphCreator.accessBuilderFrom(ClassGraphCreator.java:251) ~[archunit-1.3.0.jar:1.3.0]
	at com.tngtech.archunit.core.importer.ClassGraphCreator.createMethodCallsFor(ClassGraphCreator.java:203) ~[archunit-1.3.0.jar:1.3.0]
	at com.tngtech.archunit.core.domain.JavaCodeUnit.completeFrom(JavaCodeUnit.java:293) ~[archunit-1.3.0.jar:1.3.0]
	at com.tngtech.archunit.core.domain.JavaClassMembers.completeFrom(JavaClassMembers.java:323) ~[archunit-1.3.0.jar:1.3.0]
	at com.tngtech.archunit.core.domain.JavaClass.completeFrom(JavaClass.java:1489) ~[archunit-1.3.0.jar:1.3.0]
	at com.tngtech.archunit.core.domain.JavaClasses.of(JavaClasses.java:203) ~[archunit-1.3.0.jar:1.3.0]
	at com.tngtech.archunit.core.domain.DomainObjectCreationContext.createJavaClasses(DomainObjectCreationContext.java:68) ~[archunit-1.3.0.jar:1.3.0]
	at com.tngtech.archunit.core.importer.ClassGraphCreator.complete(ClassGraphCreator.java:110) ~[archunit-1.3.0.jar:1.3.0]
	at com.tngtech.archunit.core.importer.ClassFileProcessor.process(ClassFileProcessor.java:75) ~[archunit-1.3.0.jar:1.3.0]
	at com.tngtech.archunit.core.importer.ClassFileImporter.importLocations(ClassFileImporter.java:325) ~[archunit-1.3.0.jar:1.3.0]
	at com.tngtech.archunit.junit.internal.ClassCache$CacheClassFileImporter.importClasses(ClassCache.java:126) ~[archunit-junit5-engine-1.3.0.jar:1.3.0]
	at com.tngtech.archunit.junit.internal.ClassCache$LazyJavaClasses.initialize(ClassCache.java:118) ~[archunit-junit5-engine-1.3.0.jar:1.3.0]
	at com.tngtech.archunit.junit.internal.ClassCache$LazyJavaClasses.get(ClassCache.java:107) ~[archunit-junit5-engine-1.3.0.jar:1.3.0]
	at com.tngtech.archunit.junit.internal.ClassCache.getClassesToAnalyzeFor(ClassCache.java:84) ~[archunit-junit5-engine-1.3.0.jar:1.3.0]
	at com.tngtech.archunit.junit.internal.ArchUnitTestDescriptor.lambda$createChildren$1(ArchUnitTestDescriptor.java:90) ~[archunit-junit5-engine-1.3.0.jar:1.3.0]
	at com.tngtech.archunit.junit.internal.ArchUnitTestDescriptor$ArchUnitRuleDescriptor.execute(ArchUnitTestDescriptor.java:167) ~[archunit-junit5-engine-1.3.0.jar:1.3.0]
	at com.tngtech.archunit.junit.internal.ArchUnitTestDescriptor$ArchUnitRuleDescriptor.execute(ArchUnitTestDescriptor.java:150) ~[archunit-junit5-engine-1.3.0.jar:1.3.0]
	at org.junit.platform.engine.support.hierarchical.NodeTestTask.lambda$executeRecursively$6(NodeTestTask.java:151) ~[junit-platform-engine-1.10.1.jar:1.10.1]
	at org.junit.platform.engine.support.hierarchical.ThrowableCollector.execute(ThrowableCollector.java:73) ~[junit-platform-engine-1.10.1.jar:1.10.1]
	at org.junit.platform.engine.support.hierarchical.NodeTestTask.lambda$executeRecursively$8(NodeTestTask.java:141) ~[junit-platform-engine-1.10.1.jar:1.10.1]
	at org.junit.platform.engine.support.hierarchical.Node.around(Node.java:137) ~[junit-platform-engine-1.10.1.jar:1.10.1]
	at org.junit.platform.engine.support.hierarchical.NodeTestTask.lambda$executeRecursively$9(NodeTestTask.java:139) ~[junit-platform-engine-1.10.1.jar:1.10.1]
	at org.junit.platform.engine.support.hierarchical.ThrowableCollector.execute(ThrowableCollector.java:73) ~[junit-platform-engine-1.10.1.jar:1.10.1]
	at org.junit.platform.engine.support.hierarchical.NodeTestTask.executeRecursively(NodeTestTask.java:138) ~[junit-platform-engine-1.10.1.jar:1.10.1]
	at org.junit.platform.engine.support.hierarchical.NodeTestTask.execute(NodeTestTask.java:95) ~[junit-platform-engine-1.10.1.jar:1.10.1]
	at java.base/java.util.ArrayList.forEach(ArrayList.java:1604) ~[na:na]
	at org.junit.platform.engine.support.hierarchical.SameThreadHierarchicalTestExecutorService.invokeAll(SameThreadHierarchicalTestExecutorService.java:41) ~[junit-platform-engine-1.10.1.jar:1.10.1]
	at org.junit.platform.engine.support.hierarchical.NodeTestTask.lambda$executeRecursively$6(NodeTestTask.java:155) ~[junit-platform-engine-1.10.1.jar:1.10.1]
	at org.junit.platform.engine.support.hierarchical.ThrowableCollector.execute(ThrowableCollector.java:73) ~[junit-platform-engine-1.10.1.jar:1.10.1]
	at org.junit.platform.engine.support.hierarchical.NodeTestTask.lambda$executeRecursively$8(NodeTestTask.java:141) ~[junit-platform-engine-1.10.1.jar:1.10.1]
	at org.junit.platform.engine.support.hierarchical.Node.around(Node.java:137) ~[junit-platform-engine-1.10.1.jar:1.10.1]
	at org.junit.platform.engine.support.hierarchical.NodeTestTask.lambda$executeRecursively$9(NodeTestTask.java:139) ~[junit-platform-engine-1.10.1.jar:1.10.1]
	at org.junit.platform.engine.support.hierarchical.ThrowableCollector.execute(ThrowableCollector.java:73) ~[junit-platform-engine-1.10.1.jar:1.10.1]
	at org.junit.platform.engine.support.hierarchical.NodeTestTask.executeRecursively(NodeTestTask.java:138) ~[junit-platform-engine-1.10.1.jar:1.10.1]
	at org.junit.platform.engine.support.hierarchical.NodeTestTask.execute(NodeTestTask.java:95) ~[junit-platform-engine-1.10.1.jar:1.10.1]
	at java.base/java.util.ArrayList.forEach(ArrayList.java:1604) ~[na:na]
	at org.junit.platform.engine.support.hierarchical.SameThreadHierarchicalTestExecutorService.invokeAll(SameThreadHierarchicalTestExecutorService.java:41) ~[junit-platform-engine-1.10.1.jar:1.10.1]
	at org.junit.platform.engine.support.hierarchical.NodeTestTask.lambda$executeRecursively$6(NodeTestTask.java:155) ~[junit-platform-engine-1.10.1.jar:1.10.1]
	at org.junit.platform.engine.support.hierarchical.ThrowableCollector.execute(ThrowableCollector.java:73) ~[junit-platform-engine-1.10.1.jar:1.10.1]
	at org.junit.platform.engine.support.hierarchical.NodeTestTask.lambda$executeRecursively$8(NodeTestTask.java:141) ~[junit-platform-engine-1.10.1.jar:1.10.1]
	at org.junit.platform.engine.support.hierarchical.Node.around(Node.java:137) ~[junit-platform-engine-1.10.1.jar:1.10.1]
	at org.junit.platform.engine.support.hierarchical.NodeTestTask.lambda$executeRecursively$9(NodeTestTask.java:139) ~[junit-platform-engine-1.10.1.jar:1.10.1]
	at org.junit.platform.engine.support.hierarchical.ThrowableCollector.execute(ThrowableCollector.java:73) ~[junit-platform-engine-1.10.1.jar:1.10.1]
	at org.junit.platform.engine.support.hierarchical.NodeTestTask.executeRecursively(NodeTestTask.java:138) ~[junit-platform-engine-1.10.1.jar:1.10.1]
	at org.junit.platform.engine.support.hierarchical.NodeTestTask.execute(NodeTestTask.java:95) ~[junit-platform-engine-1.10.1.jar:1.10.1]
	at org.junit.platform.engine.support.hierarchical.SameThreadHierarchicalTestExecutorService.submit(SameThreadHierarchicalTestExecutorService.java:35) ~[junit-platform-engine-1.10.1.jar:1.10.1]
	at org.junit.platform.engine.support.hierarchical.HierarchicalTestExecutor.execute(HierarchicalTestExecutor.java:57) ~[junit-platform-engine-1.10.1.jar:1.10.1]
	at org.junit.platform.engine.support.hierarchical.HierarchicalTestEngine.execute(HierarchicalTestEngine.java:54) ~[junit-platform-engine-1.10.1.jar:1.10.1]
	at org.junit.platform.launcher.core.EngineExecutionOrchestrator.execute(EngineExecutionOrchestrator.java:198) ~[junit-platform-launcher-1.10.1.jar:1.10.1]
	at org.junit.platform.launcher.core.EngineExecutionOrchestrator.execute(EngineExecutionOrchestrator.java:169) ~[junit-platform-launcher-1.10.1.jar:1.10.1]
	at org.junit.platform.launcher.core.EngineExecutionOrchestrator.execute(EngineExecutionOrchestrator.java:93) ~[junit-platform-launcher-1.10.1.jar:1.10.1]
	at org.junit.platform.launcher.core.EngineExecutionOrchestrator.lambda$execute$0(EngineExecutionOrchestrator.java:58) ~[junit-platform-launcher-1.10.1.jar:1.10.1]
	at org.junit.platform.launcher.core.EngineExecutionOrchestrator.withInterceptedStreams(EngineExecutionOrchestrator.java:141) ~[junit-platform-launcher-1.10.1.jar:1.10.1]
	at org.junit.platform.launcher.core.EngineExecutionOrchestrator.execute(EngineExecutionOrchestrator.java:57) ~[junit-platform-launcher-1.10.1.jar:1.10.1]
	at org.junit.platform.launcher.core.DefaultLauncher.execute(DefaultLauncher.java:103) ~[junit-platform-launcher-1.10.1.jar:1.10.1]
	at org.junit.platform.launcher.core.DefaultLauncher.execute(DefaultLauncher.java:85) ~[junit-platform-launcher-1.10.1.jar:1.10.1]
	at org.junit.platform.launcher.core.DelegatingLauncher.execute(DelegatingLauncher.java:47) ~[junit-platform-launcher-1.10.1.jar:1.10.1]
	at org.apache.maven.surefire.junitplatform.LazyLauncher.execute(LazyLauncher.java:56) ~[surefire-junit-platform-3.1.2.jar:3.1.2]
	at org.apache.maven.surefire.junitplatform.JUnitPlatformProvider.execute(JUnitPlatformProvider.java:184) ~[surefire-junit-platform-3.1.2.jar:3.1.2]
	at org.apache.maven.surefire.junitplatform.JUnitPlatformProvider.invokeAllTests(JUnitPlatformProvider.java:148) ~[surefire-junit-platform-3.1.2.jar:3.1.2]
	at org.apache.maven.surefire.junitplatform.JUnitPlatformProvider.invoke(JUnitPlatformProvider.java:122) ~[surefire-junit-platform-3.1.2.jar:3.1.2]
	at org.apache.maven.surefire.booter.ForkedBooter.runSuitesInProcess(ForkedBooter.java:385) ~[surefire-booter-3.1.2.jar:3.1.2]
	at org.apache.maven.surefire.booter.ForkedBooter.execute(ForkedBooter.java:162) ~[surefire-booter-3.1.2.jar:3.1.2]
	at org.apache.maven.surefire.booter.ForkedBooter.run(ForkedBooter.java:507) ~[surefire-booter-3.1.2.jar:3.1.2]
	at org.apache.maven.surefire.booter.ForkedBooter.main(ForkedBooter.java:495) ~[surefire-booter-3.1.2.jar:3.1.2]

]]></system-out>
  </testcase>
  <testcase name="application_should_not_depend_on_infrastructure" classname="HexagonalArchitectureTest" time="0.002"/>
  <testcase name="infrastructure_adapters_should_not_depend_on_input_adapters" classname="HexagonalArchitectureTest" time="0.001"/>
  <testcase name="domain_packages_should_follow_conventions" classname="HexagonalArchitectureTest" time="0.0"/>
  <testcase name="application_packages_should_follow_conventions" classname="HexagonalArchitectureTest" time="0.0"/>
  <testcase name="infrastructure_packages_should_follow_conventions" classname="HexagonalArchitectureTest" time="0.0"/>
  <testcase name="domain_should_not_use_spring_annotations" classname="HexagonalArchitectureTest" time="0.001"/>
  <testcase name="controllers_should_be_in_infrastructure_input" classname="HexagonalArchitectureTest" time="0.0"/>
  <testcase name="services_should_be_in_application_or_infrastructure" classname="HexagonalArchitectureTest" time="0.0"/>
  <testcase name="ports_should_be_interfaces_in_application" classname="HexagonalArchitectureTest" time="0.0"/>
  <testcase name="implementations_should_be_in_infrastructure" classname="HexagonalArchitectureTest" time="0.0"/>
</testsuite>